
There are 5 non-matching segments with total length of 61656
-- Found 5 segments that have changed...
-- Searching for matching segments...
-- Done searching...
------------------------------------------

-- Generating operations...
--- Found segment that must be added. Length: 12 , address: 0x4

--- OPTIMIZING...

--- Found word that must be inserted. Length: 4 , address: 0x2C

--- OPTIMIZING...

--- Found segment that must be added. Length: 108 , address: 0x38

--- OPTIMIZING...

--- Found segment that must be added. Length: 60 , address: 0xB4
--- Found a word to insert to address: 0xF0
--- Found segment that must be added. Length: 40 , address: 0xF4
--- Found a word to insert to address: 0x11C
--- Found segment that must be added. Length: 36 , address: 0x120
--- Found a word to insert to address: 0x144
--- Found segment that must be added. Length: 20 , address: 0x148
--- Found a word to insert to address: 0x15C
--- Found segment that must be added. Length: 4 , address: 0x160
--- Found a word to insert to address: 0x164
--- Found segment that must be added. Length: 4 , address: 0x168
--- Found a word to insert to address: 0x16C
--- Found segment that must be added. Length: 36 , address: 0x170
--- Found a word to insert to address: 0x194
--- Found segment that must be added. Length: 44 , address: 0x198
--- Found a word to insert to address: 0x1C4
--- Found segment that must be added. Length: 20 , address: 0x1C8
--- Found a word to insert to address: 0x1DC
--- Found segment that must be added. Length: 8 , address: 0x1E0
--- Found a word to insert to address: 0x1E8
--- Found segment that must be added. Length: 32 , address: 0x1EC
--- Found a word to insert to address: 0x20C
--- Found segment that must be added. Length: 28 , address: 0x210
--- Found a word to insert to address: 0x22C
--- Found segment that must be added. Length: 4 , address: 0x230
--- Found a word to insert to address: 0x234
--- Found segment that must be added. Length: 4 , address: 0x238
--- Found a word to insert to address: 0x23C
--- Found segment that must be added. Length: 4 , address: 0x240
--- Found a word to insert to address: 0x244
--- Found segment that must be added. Length: 4 , address: 0x248
--- Found a word to insert to address: 0x24C
--- Found segment that must be added. Length: 4 , address: 0x250
--- Found a word to insert to address: 0x254
--- Found segment that must be added. Length: 4 , address: 0x258
--- Found a word to insert to address: 0x25C
--- Found segment that must be added. Length: 16 , address: 0x260
--- Found a word to insert to address: 0x270
--- Found segment that must be added. Length: 8 , address: 0x274
--- Found a word to insert to address: 0x27C
--- Found segment that must be added. Length: 16 , address: 0x280
--- Found a word to insert to address: 0x290
--- Found segment that must be added. Length: 8 , address: 0x294
--- Found a word to insert to address: 0x29C
--- Found segment that must be added. Length: 4 , address: 0x2A0
--- Found a word to insert to address: 0x2A4
--- Found segment that must be added. Length: 4 , address: 0x2A8
--- Found a word to insert to address: 0x2AC
--- Found segment that must be added. Length: 4 , address: 0x2B0
--- Found a word to insert to address: 0x2B4
--- Found segment that must be added. Length: 4 , address: 0x2B8
--- Found segment that will be moved from address: 0x208 to address: 0x2BC of length 12
--- Found segment that must be added. Length: 4 , address: 0x2C8
--- Found segment that will be moved from address: 0x218 to address: 0x2CC of length 8
--- Found segment that must be added. Length: 4 , address: 0x2D4
--- Found a word to insert to address: 0x2D8
--- Found segment that must be added. Length: 4 , address: 0x2DC
--- Found segment that will be moved from address: 0x22C to address: 0x2E0 of length 8
--- Found segment that must be added. Length: 4 , address: 0x2E8
--- Found a word to insert to address: 0x2EC
--- Found segment that must be added. Length: 8 , address: 0x2F0
--- Found a word to insert to address: 0x2F8
--- Found segment that must be added. Length: 4 , address: 0x2FC
--- Found a word to insert to address: 0x300
--- Found segment that must be added. Length: 28 , address: 0x304
--- Found a word to insert to address: 0x320
--- Found segment that must be added. Length: 24 , address: 0x324
--- Found a word to insert to address: 0x33C
--- Found segment that must be added. Length: 8 , address: 0x340
--- Found a word to insert to address: 0x348
--- Found segment that must be added. Length: 20 , address: 0x34C
--- Found a word to insert to address: 0x360
--- Found segment that must be added. Length: 8 , address: 0x364
--- Found a word to insert to address: 0x36C
--- Found segment that must be added. Length: 20 , address: 0x370
--- Found a word to insert to address: 0x384
--- Found segment that must be added. Length: 24 , address: 0x388
--- Found a word to insert to address: 0x3A0
--- Found segment that must be added. Length: 24 , address: 0x3A4
--- Found a word to insert to address: 0x3BC
--- Found segment that must be added. Length: 4 , address: 0x3C0
--- Found segment that will be moved from address: 0x244 to address: 0x3C4 of length 8
--- Found segment that must be added. Length: 4 , address: 0x3CC
--- Found segment that will be moved from address: 0x250 to address: 0x3D0 of length 8
--- Found segment that must be added. Length: 4 , address: 0x3D8
--- Found a word to insert to address: 0x3DC
--- Found segment that must be added. Length: 4 , address: 0x3E0
--- Found a word to insert to address: 0x3E4
--- Found segment that must be added. Length: 4 , address: 0x3E8
--- Found a word to insert to address: 0x3EC
--- Found segment that must be added. Length: 4 , address: 0x3F0
--- Found a word to insert to address: 0x3F4
--- Found segment that must be added. Length: 48 , address: 0x3F8
--- Found a word to insert to address: 0x428
--- Found segment that must be added. Length: 8 , address: 0x42C
--- Found a word to insert to address: 0x434
--- Found segment that must be added. Length: 8 , address: 0x438
--- Found a word to insert to address: 0x440
--- Found segment that must be added. Length: 12 , address: 0x444
--- Found a word to insert to address: 0x450
--- Found segment that must be added. Length: 36 , address: 0x454
--- Found a word to insert to address: 0x478
--- Found segment that must be added. Length: 16 , address: 0x47C
--- Found a word to insert to address: 0x48C
--- Found segment that must be added. Length: 8 , address: 0x490
--- Found a word to insert to address: 0x498
--- Found segment that must be added. Length: 8 , address: 0x49C
--- Found segment that will be moved from address: 0x2EC to address: 0x4A4 of length 8
--- Found segment that must be added. Length: 8 , address: 0x4AC
--- Found a word to insert to address: 0x4B4
--- Found segment that must be added. Length: 16 , address: 0x4B8
--- Found a word to insert to address: 0x4C8
--- Found segment that must be added. Length: 8 , address: 0x4CC
--- Found a word to insert to address: 0x4D4
--- Found segment that must be added. Length: 4 , address: 0x4D8
--- Found a word to insert to address: 0x4DC
--- Found segment that must be added. Length: 4 , address: 0x4E0
--- Found a word to insert to address: 0x4E4
--- Found segment that must be added. Length: 12 , address: 0x4E8
--- Found a word to insert to address: 0x4F4
--- Found segment that must be added. Length: 52 , address: 0x4F8
--- Found segment that will be moved from address: 0x374 to address: 0x52C of length 8
--- Found segment that must be added. Length: 32 , address: 0x534
--- Found a word to insert to address: 0x554
--- Found segment that must be added. Length: 12 , address: 0x558
--- Found segment that will be moved from address: 0x38C to address: 0x564 of length 16
--- Found segment that must be added. Length: 12 , address: 0x574
--- Found a word to insert to address: 0x580
--- Found segment that must be added. Length: 12 , address: 0x584
--- Found a word to insert to address: 0x590
--- Found segment that must be added. Length: 32 , address: 0x594
--- Found segment that will be moved from address: 0x3DC to address: 0x5B4 of length 8
--- Found segment that must be added. Length: 4 , address: 0x5BC
--- Found segment that will be moved from address: 0x3E8 to address: 0x5C0 of length 12
--- Found segment that must be added. Length: 8 , address: 0x5CC
--- Found segment that will be moved from address: 0x3FC to address: 0x5D4 of length 84
--- Found segment that must be added. Length: 4 , address: 0x628
--- Found a word to insert to address: 0x62C
--- Found a word to insert to address: 0x630
--- Found segment that must be added. Length: 4 , address: 0x634
--- Found segment that will be moved from address: 0x460 to address: 0x638 of length 32
--- Found segment that must be added. Length: 20 , address: 0x658
--- Found segment that will be moved from address: 0x494 to address: 0x66C of length 228
--- Found segment that must be added. Length: 8 , address: 0x750
--- Found segment that will be moved from address: 0x580 to address: 0x758 of length 100
--- Found segment that must be added. Length: 8 , address: 0x7BC
--- Found segment that will be moved from address: 0x5EC to address: 0x7C4 of length 120
--- Found segment that must be added. Length: 4 , address: 0x83C
--- Found segment that will be moved from address: 0x668 to address: 0x840 of length 36
--- Found segment that must be added. Length: 12 , address: 0x864
--- Found segment that will be moved from address: 0x698 to address: 0x870 of length 36
--- Found segment that must be added. Length: 8 , address: 0x894
--- Found segment that will be moved from address: 0x6C4 to address: 0x89C of length 60
--- Found segment that must be added. Length: 4 , address: 0x8D8
--- Found segment that will be moved from address: 0x704 to address: 0x8DC of length 48
--- Found segment that must be added. Length: 4 , address: 0x90C
--- Found segment that will be moved from address: 0x738 to address: 0x910 of length 68
--- Found segment that must be added. Length: 12 , address: 0x954
--- Found segment that will be moved from address: 0x788 to address: 0x960 of length 76
--- Found segment that must be added. Length: 8 , address: 0x9AC
--- Found segment that will be moved from address: 0x7DC to address: 0x9B4 of length 56
--- Found segment that must be added. Length: 8 , address: 0x9EC
--- Found segment that will be moved from address: 0x81C to address: 0x9F4 of length 88
--- Found segment that must be added. Length: 4 , address: 0xA4C
--- Found a word to insert to address: 0xA50
--- Found segment that must be added. Length: 8 , address: 0xA54
--- Found segment that will be moved from address: 0x884 to address: 0xA5C of length 104
--- Found segment that must be added. Length: 4 , address: 0xAC4
--- Found segment that will be moved from address: 0x8F0 to address: 0xAC8 of length 12
--- Found segment that must be added. Length: 12 , address: 0xAD4
--- Found a word to insert to address: 0xAE0
--- Found segment that must be added. Length: 4 , address: 0xAE4
--- Found a word to insert to address: 0xAE8
--- Found segment that must be added. Length: 28 , address: 0xAEC
--- Found segment that will be moved from address: 0x930 to address: 0xB08 of length 72
--- Found segment that must be added. Length: 4 , address: 0xB50
--- Found segment that will be moved from address: 0x97C to address: 0xB54 of length 56
--- Found segment that must be added. Length: 8 , address: 0xB8C
--- Found segment that will be moved from address: 0x9BC to address: 0xB94 of length 32
--- Found segment that must be added. Length: 4 , address: 0xBB4
--- Found segment that will be moved from address: 0x9E0 to address: 0xBB8 of length 72
--- Found segment that must be added. Length: 20 , address: 0xC00
--- Found a word to insert to address: 0xC14
--- Found segment that must be added. Length: 4 , address: 0xC18
--- Found segment that will be moved from address: 0xA44 to address: 0xC1C of length 116
--- Found segment that must be added. Length: 8 , address: 0xC90
--- Found segment that will be moved from address: 0xAC0 to address: 0xC98 of length 48
--- Found segment that must be added. Length: 8 , address: 0xCC8
--- Found segment that will be moved from address: 0xAF8 to address: 0xCD0 of length 48
--- Found segment that must be added. Length: 20 , address: 0xD00
--- Found segment that will be moved from address: 0xB3C to address: 0xD14 of length 28
--- Found segment that must be added. Length: 4 , address: 0xD30
--- Found segment that will be moved from address: 0x6D0 to address: 0xD34 of length 8
--- Found a word to insert to address: 0xD3C
--- Found a word to insert to address: 0xD40
--- Found segment that must be added. Length: 12 , address: 0xD44
--- Found a word to insert to address: 0xD50
--- Found segment that will be moved from address: 0x7814 to address: 0xD54 of length 16
--- Found segment that must be added. Length: 4 , address: 0xD64
--- Found segment that will be moved from address: 0xAF8 to address: 0xD68 of length 8
--- Found a word to insert to address: 0xD70
--- Found segment that must be added. Length: 32 , address: 0xD74
--- Found a word to insert to address: 0xD94
--- Found segment that must be added. Length: 16 , address: 0xD98
--- Found a word to insert to address: 0xDA8
--- Found segment that must be added. Length: 4 , address: 0xDAC
--- Found segment that will be moved from address: 0xB5C to address: 0xDB0 of length 12
--- Found segment that must be added. Length: 4 , address: 0xDBC
--- Found segment that will be moved from address: 0xB6C to address: 0xDC0 of length 32
--- Found segment that must be added. Length: 4 , address: 0xDE0
--- Found segment that will be moved from address: 0xB90 to address: 0xDE4 of length 124
--- Found segment that must be added. Length: 4 , address: 0xE60
--- Found segment that will be moved from address: 0xC10 to address: 0xE64 of length 84
--- Found segment that must be added. Length: 4 , address: 0xEB8
--- Found segment that will be moved from address: 0xC68 to address: 0xEBC of length 16
--- Found segment that must be added. Length: 4 , address: 0xECC
--- Found a word to insert to address: 0xED0
--- Found segment that must be added. Length: 8 , address: 0xED4
--- Found segment that will be moved from address: 0xC88 to address: 0xEDC of length 16
--- Found a word to insert to address: 0xEEC
--- Found a word to insert to address: 0xEF0
--- Found segment that must be added. Length: 8 , address: 0xEF4
--- Found segment that will be moved from address: 0xCA8 to address: 0xEFC of length 108
--- Found segment that must be added. Length: 4 , address: 0xF68
--- Found segment that will be moved from address: 0xD18 to address: 0xF6C of length 36
--- Found segment that must be added. Length: 4 , address: 0xF90
--- Found segment that will be moved from address: 0xD40 to address: 0xF94 of length 168
--- Found segment that must be added. Length: 4 , address: 0x103C
--- Found segment that will be moved from address: 0xDEC to address: 0x1040 of length 84
--- Found segment that must be added. Length: 4 , address: 0x1094
--- Found segment that will be moved from address: 0xE44 to address: 0x1098 of length 72
--- Found segment that must be added. Length: 4 , address: 0x10E0
--- Found segment that will be moved from address: 0xE90 to address: 0x10E4 of length 120
--- Found segment that must be added. Length: 8 , address: 0x115C
--- Found segment that will be moved from address: 0xF10 to address: 0x1164 of length 8
--- Found segment that must be added. Length: 8 , address: 0x116C
--- Found segment that will be moved from address: 0xF20 to address: 0x1174 of length 44
--- Found segment that must be added. Length: 4 , address: 0x11A0
--- Found a word to insert to address: 0x11A4
--- Found a word to insert to address: 0x11A8
--- Found segment that will be moved from address: 0xF58 to address: 0x11AC of length 28
--- Found segment that must be added. Length: 16 , address: 0x11C8
--- Found segment that will be moved from address: 0xF84 to address: 0x11D8 of length 76
--- Found segment that must be added. Length: 4 , address: 0x1224
--- Found segment that will be moved from address: 0xFD4 to address: 0x1228 of length 88
--- Found segment that must be added. Length: 4 , address: 0x1280
--- Found segment that will be moved from address: 0x1030 to address: 0x1284 of length 104
--- Found segment that must be added. Length: 32 , address: 0x12EC
--- Found a word to insert to address: 0x130C
--- Found segment that must be added. Length: 24 , address: 0x1310
--- Found segment that will be moved from address: 0x10D4 to address: 0x1328 of length 20
--- Found segment that must be added. Length: 4 , address: 0x133C
--- Found segment that will be moved from address: 0x10EC to address: 0x1340 of length 432
--- Found segment that must be added. Length: 4 , address: 0x14F0
--- Found segment that will be moved from address: 0x12A0 to address: 0x14F4 of length 48
--- Found segment that must be added. Length: 4 , address: 0x1524
--- Found segment that will be moved from address: 0x12D4 to address: 0x1528 of length 180
--- Found segment that must be added. Length: 4 , address: 0x15DC
--- Found segment that will be moved from address: 0x138C to address: 0x15E0 of length 100
--- Found segment that must be added. Length: 4 , address: 0x1644
--- Found segment that will be moved from address: 0x13F4 to address: 0x1648 of length 60
--- Found segment that must be added. Length: 4 , address: 0x1684
--- Found segment that will be moved from address: 0x1434 to address: 0x1688 of length 340
--- Found segment that must be added. Length: 4 , address: 0x17DC
--- Found segment that will be moved from address: 0x158C to address: 0x17E0 of length 48
--- Found segment that must be added. Length: 8 , address: 0x1810
--- Found segment that will be moved from address: 0x15C4 to address: 0x1818 of length 92
--- Found segment that must be added. Length: 4 , address: 0x1874
--- Found segment that will be moved from address: 0x1624 to address: 0x1878 of length 40
--- Found segment that must be added. Length: 4 , address: 0x18A0
--- Found segment that will be moved from address: 0x1650 to address: 0x18A4 of length 180
--- Found segment that must be added. Length: 4 , address: 0x1958
--- Found segment that will be moved from address: 0x1708 to address: 0x195C of length 100
--- Found segment that must be added. Length: 4 , address: 0x19C0
--- Found segment that will be moved from address: 0x1770 to address: 0x19C4 of length 396
--- Found segment that must be added. Length: 4 , address: 0x1B50
--- Found segment that will be moved from address: 0x1900 to address: 0x1B54 of length 112
--- Found segment that must be added. Length: 4 , address: 0x1BC4
--- Found segment that will be moved from address: 0x1974 to address: 0x1BC8 of length 124
--- Found segment that must be added. Length: 4 , address: 0x1C44
--- Found segment that will be moved from address: 0x19F4 to address: 0x1C48 of length 56
--- Found segment that must be added. Length: 4 , address: 0x1C80
--- Found segment that will be moved from address: 0x1A30 to address: 0x1C84 of length 108
--- Found segment that must be added. Length: 4 , address: 0x1CF0
--- Found segment that will be moved from address: 0x1AA0 to address: 0x1CF4 of length 288
--- Found segment that must be added. Length: 8 , address: 0x1E14
--- Found segment that will be moved from address: 0x1BC8 to address: 0x1E1C of length 52
--- Found segment that must be added. Length: 4 , address: 0x1E50
--- Found segment that will be moved from address: 0x1C00 to address: 0x1E54 of length 20
--- Found segment that must be added. Length: 4 , address: 0x1E68
--- Found segment that will be moved from address: 0x1C18 to address: 0x1E6C of length 136
--- Found segment that must be added. Length: 4 , address: 0x1EF4
--- Found segment that will be moved from address: 0x1CA4 to address: 0x1EF8 of length 592
--- Found segment that must be added. Length: 4 , address: 0x2148
--- Found segment that will be moved from address: 0x1EF8 to address: 0x214C of length 20
--- Found segment that must be added. Length: 12 , address: 0x2160
--- Found segment that will be moved from address: 0x1F18 to address: 0x216C of length 168
--- Found segment that must be added. Length: 4 , address: 0x2214
--- Found segment that will be moved from address: 0x1FC4 to address: 0x2218 of length 108
--- Found segment that must be added. Length: 16 , address: 0x2284
--- Found segment that will be moved from address: 0x2040 to address: 0x2294 of length 156
--- Found segment that must be added. Length: 8 , address: 0x2330
--- Found segment that will be moved from address: 0x20E4 to address: 0x2338 of length 104
--- Found segment that must be added. Length: 4 , address: 0x23A0
--- Found segment that will be moved from address: 0x2150 to address: 0x23A4 of length 60
--- Found segment that must be added. Length: 4 , address: 0x23E0
--- Found segment that will be moved from address: 0x2190 to address: 0x23E4 of length 20
--- Found segment that must be added. Length: 4 , address: 0x23F8
--- Found segment that will be moved from address: 0x21A8 to address: 0x23FC of length 224
--- Found segment that must be added. Length: 8 , address: 0x24DC
--- Found segment that will be moved from address: 0x2290 to address: 0x24E4 of length 64
--- Found segment that must be added. Length: 4 , address: 0x2524
--- Found segment that will be moved from address: 0x22D4 to address: 0x2528 of length 220
--- Found segment that must be added. Length: 4 , address: 0x2604
--- Found segment that will be moved from address: 0x23B4 to address: 0x2608 of length 264
--- Found segment that must be added. Length: 4 , address: 0x2710
--- Found segment that will be moved from address: 0x24C0 to address: 0x2714 of length 356
--- Found segment that must be added. Length: 8 , address: 0x2878
--- Found segment that will be moved from address: 0x262C to address: 0x2880 of length 64
--- Found segment that must be added. Length: 4 , address: 0x28C0
--- Found segment that will be moved from address: 0x2670 to address: 0x28C4 of length 152
--- Found segment that must be added. Length: 12 , address: 0x295C
--- Found segment that will be moved from address: 0x2714 to address: 0x2968 of length 80
--- Found segment that must be added. Length: 4 , address: 0x29B8
--- Found segment that will be moved from address: 0x2768 to address: 0x29BC of length 172
--- Found segment that must be added. Length: 4 , address: 0x2A68
--- Found segment that will be moved from address: 0x2818 to address: 0x2A6C of length 112
--- Found segment that must be added. Length: 24 , address: 0x2ADC
--- Found segment that will be moved from address: 0x28A0 to address: 0x2AF4 of length 8
--- Found segment that must be added. Length: 4 , address: 0x2AFC
--- Found segment that will be moved from address: 0x28AC to address: 0x2B00 of length 48
--- Found segment that must be added. Length: 4 , address: 0x2B30
--- Found segment that will be moved from address: 0x28E0 to address: 0x2B34 of length 28
--- Found segment that must be added. Length: 4 , address: 0x2B50
--- Found segment that will be moved from address: 0x2900 to address: 0x2B54 of length 60
--- Found segment that must be added. Length: 4 , address: 0x2B90
--- Found segment that will be moved from address: 0x2940 to address: 0x2B94 of length 16
--- Found segment that must be added. Length: 4 , address: 0x2BA4
--- Found segment that will be moved from address: 0x2954 to address: 0x2BA8 of length 16
--- Found segment that must be added. Length: 8 , address: 0x2BB8
--- Found a word to insert to address: 0x2BC0
--- Found segment that must be added. Length: 4 , address: 0x2BC4
--- Found a word to insert to address: 0x2BC8
--- Found segment that must be added. Length: 4 , address: 0x2BCC
--- Found a word to insert to address: 0x2BD0
--- Found segment that must be added. Length: 4 , address: 0x2BD4
--- Found a word to insert to address: 0x2BD8
--- Found segment that must be added. Length: 4 , address: 0x2BDC
--- Found segment that will be moved from address: 0x298C to address: 0x2BE0 of length 92
--- Found segment that must be added. Length: 8 , address: 0x2C3C
--- Found segment that will be moved from address: 0x29F0 to address: 0x2C44 of length 40
--- Found segment that must be added. Length: 8 , address: 0x2C6C
--- Found segment that will be moved from address: 0x2A20 to address: 0x2C74 of length 20
--- Found segment that must be added. Length: 4 , address: 0x2C88
--- Found segment that will be moved from address: 0x2A38 to address: 0x2C8C of length 64
--- Found segment that must be added. Length: 12 , address: 0x2CCC
--- Found segment that will be moved from address: 0x2A84 to address: 0x2CD8 of length 80
--- Found segment that must be added. Length: 8 , address: 0x2D28
--- Found segment that will be moved from address: 0x2ADC to address: 0x2D30 of length 164
--- Found segment that must be added. Length: 8 , address: 0x2DD4
--- Found segment that will be moved from address: 0x2B88 to address: 0x2DDC of length 16
--- Found segment that must be added. Length: 4 , address: 0x2DEC
--- Found segment that will be moved from address: 0x2B9C to address: 0x2DF0 of length 224
--- Found segment that must be added. Length: 8 , address: 0x2ED0
--- Found segment that will be moved from address: 0x2C84 to address: 0x2ED8 of length 20
--- Found segment that must be added. Length: 4 , address: 0x2EEC
--- Found segment that will be moved from address: 0x2C9C to address: 0x2EF0 of length 40
--- Found segment that must be added. Length: 4 , address: 0x2F18
--- Found segment that will be moved from address: 0x2CC8 to address: 0x2F1C of length 88
--- Found segment that must be added. Length: 4 , address: 0x2F74
--- Found segment that will be moved from address: 0x2D24 to address: 0x2F78 of length 52
--- Found segment that must be added. Length: 4 , address: 0x2FAC
--- Found segment that will be moved from address: 0x2D5C to address: 0x2FB0 of length 44
--- Found segment that must be added. Length: 4 , address: 0x2FDC
--- Found segment that will be moved from address: 0x2D8C to address: 0x2FE0 of length 28
--- Found segment that must be added. Length: 4 , address: 0x2FFC
--- Found segment that will be moved from address: 0x2DAC to address: 0x3000 of length 44
--- Found segment that must be added. Length: 8 , address: 0x302C
--- Found segment that will be moved from address: 0x2DE0 to address: 0x3034 of length 88
--- Found segment that must be added. Length: 4 , address: 0x308C
--- Found segment that will be moved from address: 0x2E3C to address: 0x3090 of length 24
--- Found segment that must be added. Length: 4 , address: 0x30A8
--- Found segment that will be moved from address: 0x2E58 to address: 0x30AC of length 76
--- Found segment that must be added. Length: 8 , address: 0x30F8
--- Found segment that will be moved from address: 0x2EAC to address: 0x3100 of length 20
--- Found segment that must be added. Length: 4 , address: 0x3114
--- Found segment that will be moved from address: 0x2EC4 to address: 0x3118 of length 236
--- Found segment that must be added. Length: 12 , address: 0x3204
--- Found segment that will be moved from address: 0x2FBC to address: 0x3210 of length 60
--- Found segment that must be added. Length: 4 , address: 0x324C
--- Found segment that will be moved from address: 0x2FFC to address: 0x3250 of length 40
--- Found segment that must be added. Length: 8 , address: 0x3278
--- Found segment that will be moved from address: 0x302C to address: 0x3280 of length 20
--- Found segment that must be added. Length: 8 , address: 0x3294
--- Found segment that will be moved from address: 0x3048 to address: 0x329C of length 24
--- Found segment that must be added. Length: 4 , address: 0x32B4
--- Found segment that will be moved from address: 0x3064 to address: 0x32B8 of length 68
--- Found segment that must be added. Length: 4 , address: 0x32FC
--- Found segment that will be moved from address: 0x30AC to address: 0x3300 of length 20
--- Found segment that must be added. Length: 4 , address: 0x3314
--- Found segment that will be moved from address: 0x30C4 to address: 0x3318 of length 120
--- Found segment that must be added. Length: 12 , address: 0x3390
--- Found segment that will be moved from address: 0x3148 to address: 0x339C of length 64
--- Found segment that must be added. Length: 4 , address: 0x33DC
--- Found segment that will be moved from address: 0x318C to address: 0x33E0 of length 180
--- Found segment that must be added. Length: 16 , address: 0x3494
--- Found segment that will be moved from address: 0x3250 to address: 0x34A4 of length 48
--- Found segment that must be added. Length: 4 , address: 0x34D4
--- Found segment that will be moved from address: 0x3284 to address: 0x34D8 of length 20
--- Found segment that must be added. Length: 4 , address: 0x34EC
--- Found segment that will be moved from address: 0x329C to address: 0x34F0 of length 84
--- Found segment that must be added. Length: 4 , address: 0x3544
--- Found segment that will be moved from address: 0x32F4 to address: 0x3548 of length 316
--- Found segment that must be added. Length: 28 , address: 0x3684
--- Found segment that will be moved from address: 0x344C to address: 0x36A0 of length 56
--- Found segment that must be added. Length: 8 , address: 0x36D8
--- Found segment that will be moved from address: 0x348C to address: 0x36E0 of length 56
--- Found segment that must be added. Length: 4 , address: 0x3718
--- Found segment that will be moved from address: 0x34C8 to address: 0x371C of length 20
--- Found segment that must be added. Length: 4 , address: 0x3730
--- Found segment that will be moved from address: 0x34E0 to address: 0x3734 of length 380
--- Found segment that must be added. Length: 4 , address: 0x38B0
--- Found segment that will be moved from address: 0x3660 to address: 0x38B4 of length 168
--- Found segment that must be added. Length: 4 , address: 0x395C
--- Found segment that will be moved from address: 0x370C to address: 0x3960 of length 416
--- Found segment that must be added. Length: 4 , address: 0x3B00
--- Found segment that will be moved from address: 0x38B0 to address: 0x3B04 of length 704
--- Found segment that must be added. Length: 4 , address: 0x3DC4
--- Found segment that will be moved from address: 0x3B74 to address: 0x3DC8 of length 16
--- Found segment that must be added. Length: 4 , address: 0x3DD8
--- Found segment that will be moved from address: 0x3B88 to address: 0x3DDC of length 836
--- Found segment that must be added. Length: 8 , address: 0x4120
--- Found segment that will be moved from address: 0x3ED4 to address: 0x4128 of length 84
--- Found segment that must be added. Length: 4 , address: 0x417C
--- Found segment that will be moved from address: 0x3F2C to address: 0x4180 of length 432
--- Found segment that must be added. Length: 8 , address: 0x4330
--- Found segment that will be moved from address: 0x40E4 to address: 0x4338 of length 36
--- Found segment that must be added. Length: 4 , address: 0x435C
--- Found segment that will be moved from address: 0x410C to address: 0x4360 of length 180
--- Found segment that must be added. Length: 12 , address: 0x4414
--- Found segment that will be moved from address: 0x41CC to address: 0x4420 of length 16
--- Found segment that must be added. Length: 4 , address: 0x4430
--- Found segment that will be moved from address: 0x41E0 to address: 0x4434 of length 72
--- Found segment that must be added. Length: 4 , address: 0x447C
--- Found segment that will be moved from address: 0x422C to address: 0x4480 of length 308
--- Found segment that must be added. Length: 24 , address: 0x45B4
--- Found segment that will be moved from address: 0x4378 to address: 0x45CC of length 440
--- Found segment that must be added. Length: 4 , address: 0x4784
--- Found segment that will be moved from address: 0x4534 to address: 0x4788 of length 180
--- Found segment that must be added. Length: 12 , address: 0x483C
--- Found segment that will be moved from address: 0x45F4 to address: 0x4848 of length 140
--- Found segment that must be added. Length: 4 , address: 0x48D4
--- Found segment that will be moved from address: 0x4684 to address: 0x48D8 of length 164
--- Found segment that must be added. Length: 4 , address: 0x497C
--- Found segment that will be moved from address: 0x472C to address: 0x4980 of length 24
--- Found segment that must be added. Length: 4 , address: 0x4998
--- Found segment that will be moved from address: 0x4748 to address: 0x499C of length 168
--- Found segment that must be added. Length: 4 , address: 0x4A44
--- Found segment that will be moved from address: 0x47F4 to address: 0x4A48 of length 128
--- Found a word to insert to address: 0x4AC8
--- Found segment that must be added. Length: 4 , address: 0x4ACC
--- Found segment that will be moved from address: 0x487C to address: 0x4AD0 of length 8
--- Found segment that must be added. Length: 4 , address: 0x4AD8
--- Found segment that will be moved from address: 0x4868 to address: 0x4ADC of length 12
--- Found a word to insert to address: 0x4AE8
--- Found segment that must be added. Length: 4 , address: 0x4AEC
--- Found segment that will be moved from address: 0x489C to address: 0x4AF0 of length 8
--- Found segment that must be added. Length: 4 , address: 0x4AF8
--- Found segment that will be moved from address: 0x48A8 to address: 0x4AFC of length 28
--- Found segment that must be added. Length: 4 , address: 0x4B18
--- Found segment that will be moved from address: 0x48C8 to address: 0x4B1C of length 156
--- Found segment that must be added. Length: 8 , address: 0x4BB8
--- Found segment that will be moved from address: 0x496C to address: 0x4BC0 of length 36
--- Found segment that must be added. Length: 4 , address: 0x4BE4
--- Found segment that will be moved from address: 0x4994 to address: 0x4BE8 of length 196
--- Found segment that must be added. Length: 12 , address: 0x4CAC
--- Found segment that will be moved from address: 0x4A64 to address: 0x4CB8 of length 24
--- Found segment that must be added. Length: 4 , address: 0x4CD0
--- Found segment that will be moved from address: 0x4A80 to address: 0x4CD4 of length 132
--- Found segment that must be added. Length: 8 , address: 0x4D58
--- Found segment that will be moved from address: 0x4B0C to address: 0x4D60 of length 44
--- Found segment that must be added. Length: 4 , address: 0x4D8C
--- Found segment that will be moved from address: 0x4B3C to address: 0x4D90 of length 12
--- Found segment that must be added. Length: 4 , address: 0x4D9C
--- Found segment that will be moved from address: 0x4B4C to address: 0x4DA0 of length 8
--- Found segment that must be added. Length: 4 , address: 0x4DA8
--- Found segment that will be moved from address: 0x4B58 to address: 0x4DAC of length 12
--- Found segment that must be added. Length: 4 , address: 0x4DB8
--- Found segment that will be moved from address: 0x4B68 to address: 0x4DBC of length 172
--- Found segment that must be added. Length: 4 , address: 0x4E68
--- Found segment that will be moved from address: 0x4C18 to address: 0x4E6C of length 44
--- Found segment that must be added. Length: 4 , address: 0x4E98
--- Found segment that will be moved from address: 0x4C48 to address: 0x4E9C of length 140
--- Found segment that must be added. Length: 8 , address: 0x4F28
--- Found segment that will be moved from address: 0x4CDC to address: 0x4F30 of length 156
--- Found segment that must be added. Length: 4 , address: 0x4FCC
--- Found segment that will be moved from address: 0x4D68 to address: 0x4FD0 of length 16
--- Found segment that must be added. Length: 4 , address: 0x4FE0
--- Found segment that will be moved from address: 0x4D90 to address: 0x4FE4 of length 20
--- Found segment that must be added. Length: 4 , address: 0x4FF8
--- Found segment that will be moved from address: 0x4DA8 to address: 0x4FFC of length 24
--- Found segment that must be added. Length: 4 , address: 0x5014
--- Found segment that will be moved from address: 0x4D90 to address: 0x5018 of length 20
--- Found segment that must be added. Length: 4 , address: 0x502C
--- Found segment that will be moved from address: 0x4DDC to address: 0x5030 of length 24
--- Found segment that must be added. Length: 4 , address: 0x5048
--- Found segment that will be moved from address: 0x4DF8 to address: 0x504C of length 24
--- Found segment that must be added. Length: 4 , address: 0x5064
--- Found segment that will be moved from address: 0x4E14 to address: 0x5068 of length 484
--- Found segment that must be added. Length: 4 , address: 0x524C
--- Found segment that will be moved from address: 0x4FFC to address: 0x5250 of length 240
--- Found segment that must be added. Length: 4 , address: 0x5340
--- Found segment that will be moved from address: 0x50F0 to address: 0x5344 of length 332
--- Found segment that must be added. Length: 12 , address: 0x5490
--- Found segment that will be moved from address: 0x5248 to address: 0x549C of length 8
--- Found segment that must be added. Length: 4 , address: 0x54A4
--- Found segment that will be moved from address: 0x5254 to address: 0x54A8 of length 20
--- Found segment that must be added. Length: 4 , address: 0x54BC
--- Found segment that will be moved from address: 0x526C to address: 0x54C0 of length 180
--- Found segment that must be added. Length: 4 , address: 0x5574
--- Found segment that will be moved from address: 0x5324 to address: 0x5578 of length 20
--- Found segment that must be added. Length: 4 , address: 0x558C
--- Found segment that will be moved from address: 0x533C to address: 0x5590 of length 184
--- Found segment that must be added. Length: 4 , address: 0x5648
--- Found segment that will be moved from address: 0x53F8 to address: 0x564C of length 220
--- Found segment that must be added. Length: 4 , address: 0x5728
--- Found segment that will be moved from address: 0x54D8 to address: 0x572C of length 40
--- Found segment that must be added. Length: 4 , address: 0x5754
--- Found segment that will be moved from address: 0x5504 to address: 0x5758 of length 28
--- Found segment that must be added. Length: 16 , address: 0x5774
--- Found segment that will be moved from address: 0x5530 to address: 0x5784 of length 40
--- Found segment that must be added. Length: 4 , address: 0x57AC
--- Found segment that will be moved from address: 0x555C to address: 0x57B0 of length 112
--- Found segment that must be added. Length: 4 , address: 0x5820
--- Found segment that will be moved from address: 0x55D0 to address: 0x5824 of length 8
--- Found segment that must be added. Length: 4 , address: 0x582C
--- Found segment that will be moved from address: 0x55DC to address: 0x5830 of length 16
--- Found segment that must be added. Length: 4 , address: 0x5840
--- Found segment that will be moved from address: 0x55F0 to address: 0x5844 of length 40
--- Found segment that must be added. Length: 4 , address: 0x586C
--- Found a word to insert to address: 0x5870
--- Found segment that must be added. Length: 4 , address: 0x5874
--- Found segment that will be moved from address: 0x5624 to address: 0x5878 of length 224
--- Found segment that must be added. Length: 4 , address: 0x5958
--- Found a word to insert to address: 0x595C
--- Found segment that must be added. Length: 4 , address: 0x5960
--- Found segment that will be moved from address: 0x5710 to address: 0x5964 of length 8
--- Found segment that must be added. Length: 4 , address: 0x596C
--- Found segment that will be moved from address: 0x571C to address: 0x5970 of length 16
--- Found segment that must be added. Length: 4 , address: 0x5980
--- Found a word to insert to address: 0x5984
--- Found segment that must be added. Length: 12 , address: 0x5988
--- Found segment that will be moved from address: 0x5740 to address: 0x5994 of length 12
--- Found segment that must be added. Length: 4 , address: 0x59A0
--- Found a word to insert to address: 0x59A4
--- Found segment that must be added. Length: 4 , address: 0x59A8
--- Found segment that will be moved from address: 0x5758 to address: 0x59AC of length 12
--- Found segment that must be added. Length: 4 , address: 0x59B8
--- Found segment that will be moved from address: 0x5768 to address: 0x59BC of length 124
--- Found segment that must be added. Length: 4 , address: 0x5A38
--- Found segment that will be moved from address: 0x57E8 to address: 0x5A3C of length 16
--- Found a word to insert to address: 0x5A4C
--- Found segment that must be added. Length: 8 , address: 0x5A50
--- Found segment that will be moved from address: 0x5804 to address: 0x5A58 of length 104
--- Found segment that must be added. Length: 4 , address: 0x5AC0
--- Found segment that will be moved from address: 0x5870 to address: 0x5AC4 of length 16
--- Found segment that must be added. Length: 4 , address: 0x5AD4
--- Found a word to insert to address: 0x5AD8
--- Found segment that must be added. Length: 4 , address: 0x5ADC
--- Found segment that will be moved from address: 0x588C to address: 0x5AE0 of length 8
--- Found segment that must be added. Length: 4 , address: 0x5AE8
--- Found segment that will be moved from address: 0x5898 to address: 0x5AEC of length 8
--- Found segment that must be added. Length: 4 , address: 0x5AF4
--- Found segment that will be moved from address: 0x58A4 to address: 0x5AF8 of length 32
--- Found segment that must be added. Length: 4 , address: 0x5B18
--- Found segment that will be moved from address: 0x58C8 to address: 0x5B1C of length 8
--- Found segment that must be added. Length: 4 , address: 0x5B24
--- Found segment that will be moved from address: 0x58D4 to address: 0x5B28 of length 16
--- Found segment that must be added. Length: 4 , address: 0x5B38
--- Found segment that will be moved from address: 0x58E8 to address: 0x5B3C of length 24
--- Found segment that must be added. Length: 4 , address: 0x5B54
--- Found segment that will be moved from address: 0x5904 to address: 0x5B58 of length 56
--- Found segment that must be added. Length: 4 , address: 0x5B90
--- Found segment that will be moved from address: 0x5940 to address: 0x5B94 of length 96
--- Found segment that must be added. Length: 4 , address: 0x5BF4
--- Found segment that will be moved from address: 0x59A4 to address: 0x5BF8 of length 20
--- Found segment that must be added. Length: 4 , address: 0x5C0C
--- Found segment that will be moved from address: 0x59BC to address: 0x5C10 of length 12
--- Found segment that must be added. Length: 4 , address: 0x5C1C
--- Found segment that will be moved from address: 0x59CC to address: 0x5C20 of length 8
--- Found segment that must be added. Length: 4 , address: 0x5C28
--- Found segment that will be moved from address: 0x59D8 to address: 0x5C2C of length 16
--- Found segment that must be added. Length: 4 , address: 0x5C3C
--- Found segment that will be moved from address: 0x59EC to address: 0x5C40 of length 64
--- Found segment that must be added. Length: 4 , address: 0x5C80
--- Found segment that will be moved from address: 0x5A30 to address: 0x5C84 of length 56
--- Found segment that must be added. Length: 8 , address: 0x5CBC
--- Found a word to insert to address: 0x5CC4
--- Found segment that will be moved from address: 0x5A74 to address: 0x5CC8 of length 184
--- Found segment that must be added. Length: 4 , address: 0x5D80
--- Found segment that will be moved from address: 0x5B30 to address: 0x5D84 of length 12
--- Found segment that must be added. Length: 4 , address: 0x5D90
--- Found segment that will be moved from address: 0x5B40 to address: 0x5D94 of length 48
--- Found segment that must be added. Length: 4 , address: 0x5DC4
--- Found segment that will be moved from address: 0x5B74 to address: 0x5DC8 of length 12
--- Found segment that must be added. Length: 4 , address: 0x5DD4
--- Found segment that will be moved from address: 0x5B84 to address: 0x5DD8 of length 236
--- Found segment that must be added. Length: 4 , address: 0x5EC4
--- Found segment that will be moved from address: 0x1EF8 to address: 0x5EC8 of length 12
--- Found segment that must be added. Length: 4 , address: 0x5ED4
--- Found segment that will be moved from address: 0x5C84 to address: 0x5ED8 of length 116
--- Found segment that must be added. Length: 16 , address: 0x5F4C
--- Found segment that will be moved from address: 0x5D08 to address: 0x5F5C of length 888
--- Found segment that must be added. Length: 8 , address: 0x62D4
--- Found segment that will be moved from address: 0x6088 to address: 0x62DC of length 356
--- Found segment that must be added. Length: 4 , address: 0x6440
--- Found segment that will be moved from address: 0x61F0 to address: 0x6444 of length 372
--- Found segment that must be added. Length: 4 , address: 0x65B8
--- Found segment that will be moved from address: 0x6368 to address: 0x65BC of length 16
--- Found segment that must be added. Length: 4 , address: 0x65CC
--- Found segment that will be moved from address: 0x637C to address: 0x65D0 of length 32
--- Found segment that must be added. Length: 4 , address: 0x65F0
--- Found segment that will be moved from address: 0x63A0 to address: 0x65F4 of length 60
--- Found segment that must be added. Length: 12 , address: 0x6630
--- Found segment that will be moved from address: 0x63E8 to address: 0x663C of length 24
--- Found segment that must be added. Length: 12 , address: 0x6654
--- Found segment that will be moved from address: 0x640C to address: 0x6660 of length 32
--- Found segment that must be added. Length: 4 , address: 0x6680
--- Found segment that will be moved from address: 0x6430 to address: 0x6684 of length 44
--- Found segment that must be added. Length: 4 , address: 0x66B0
--- Found segment that will be moved from address: 0x6460 to address: 0x66B4 of length 16
--- Found segment that must be added. Length: 4 , address: 0x66C4
--- Found segment that will be moved from address: 0x6474 to address: 0x66C8 of length 140
--- Found segment that must be added. Length: 4 , address: 0x6754
--- Found segment that will be moved from address: 0x6504 to address: 0x6758 of length 568
--- Found segment that must be added. Length: 4 , address: 0x6990
--- Found segment that will be moved from address: 0x6740 to address: 0x6994 of length 60
--- Found segment that must be added. Length: 4 , address: 0x69D0
--- Found segment that will be moved from address: 0x6780 to address: 0x69D4 of length 12
--- Found segment that must be added. Length: 4 , address: 0x69E0
--- Found segment that will be moved from address: 0x6790 to address: 0x69E4 of length 36
--- Found segment that must be added. Length: 8 , address: 0x6A08
--- Found segment that will be moved from address: 0x67BC to address: 0x6A10 of length 56
--- Found a word to insert to address: 0x6A48
--- Found a word to insert to address: 0x6A4C
--- Found segment that must be added. Length: 4 , address: 0x6A50
--- Found segment that will be moved from address: 0x6800 to address: 0x6A54 of length 392
--- Found segment that must be added. Length: 4 , address: 0x6BDC
--- Found segment that will be moved from address: 0x698C to address: 0x6BE0 of length 100
--- Found segment that must be added. Length: 4 , address: 0x6C44
--- Found segment that will be moved from address: 0x69F4 to address: 0x6C48 of length 692
--- Found segment that must be added. Length: 4 , address: 0x6EFC
--- Found segment that will be moved from address: 0x6CAC to address: 0x6F00 of length 16
--- Found segment that must be added. Length: 4 , address: 0x6F10
--- Found segment that will be moved from address: 0x6CC0 to address: 0x6F14 of length 16
--- Found segment that must be added. Length: 8 , address: 0x6F24
--- Found segment that will be moved from address: 0x6CD8 to address: 0x6F2C of length 16
--- Found segment that must be added. Length: 4 , address: 0x6F3C
--- Found segment that will be moved from address: 0x6CEC to address: 0x6F40 of length 16
--- Found segment that must be added. Length: 8 , address: 0x6F50
--- Found segment that will be moved from address: 0x6D04 to address: 0x6F58 of length 20
--- Found segment that must be added. Length: 4 , address: 0x6F6C
--- Found segment that will be moved from address: 0x6D1C to address: 0x6F70 of length 204
--- Found segment that must be added. Length: 48 , address: 0x703C
--- Found segment that will be moved from address: 0x6E18 to address: 0x706C of length 32
--- Found segment that must be added. Length: 4 , address: 0x708C
--- Found a word to insert to address: 0x7090
--- Found segment that must be added. Length: 4 , address: 0x7094
--- Found segment that will be moved from address: 0x6E44 to address: 0x7098 of length 52
--- Found segment that must be added. Length: 4 , address: 0x70CC
--- Found segment that will be moved from address: 0x6E7C to address: 0x70D0 of length 16
--- Found segment that must be added. Length: 4 , address: 0x70E0
--- Found segment that will be moved from address: 0x6E90 to address: 0x70E4 of length 84
--- Found segment that must be added. Length: 4 , address: 0x7138
--- Found segment that will be moved from address: 0x6EE8 to address: 0x713C of length 72
--- Found segment that must be added. Length: 4 , address: 0x7184
--- Found segment that will be moved from address: 0x6F34 to address: 0x7188 of length 20
--- Found segment that must be added. Length: 4 , address: 0x719C
--- Found segment that will be moved from address: 0x6F4C to address: 0x71A0 of length 12
--- Found segment that must be added. Length: 8 , address: 0x71AC
--- Found segment that will be moved from address: 0x6F60 to address: 0x71B4 of length 16
--- Found segment that must be added. Length: 4 , address: 0x71C4
--- Found segment that will be moved from address: 0x6F74 to address: 0x71C8 of length 180
--- Found segment that must be added. Length: 4 , address: 0x727C
--- Found segment that will be moved from address: 0x702C to address: 0x7280 of length 8
--- Found segment that must be added. Length: 4 , address: 0x7288
--- Found a word to insert to address: 0x728C
--- Found segment that must be added. Length: 4 , address: 0x7290
--- Found segment that will be moved from address: 0x7040 to address: 0x7294 of length 28
--- Found segment that must be added. Length: 4 , address: 0x72B0
--- Found segment that will be moved from address: 0x7060 to address: 0x72B4 of length 88
--- Found segment that must be added. Length: 4 , address: 0x730C
--- Found segment that will be moved from address: 0x70BC to address: 0x7310 of length 332
--- Found segment that must be added. Length: 4 , address: 0x745C
--- Found segment that will be moved from address: 0x720C to address: 0x7460 of length 176
--- Found segment that must be added. Length: 4 , address: 0x7510
--- Found segment that will be moved from address: 0x72C0 to address: 0x7514 of length 8
--- Found segment that must be added. Length: 8 , address: 0x751C
--- Found segment that will be moved from address: 0x72D0 to address: 0x7524 of length 48
--- Found segment that must be added. Length: 4 , address: 0x7554
--- Found segment that will be moved from address: 0x7304 to address: 0x7558 of length 44
--- Found segment that must be added. Length: 4 , address: 0x7584
--- Found segment that will be moved from address: 0x7334 to address: 0x7588 of length 96
--- Found segment that must be added. Length: 4 , address: 0x75E8
--- Found a word to insert to address: 0x75EC
--- Found segment that must be added. Length: 8 , address: 0x75F0
--- Found segment that will be moved from address: 0x73A4 to address: 0x75F8 of length 12
--- Found segment that must be added. Length: 4 , address: 0x7604
--- Found segment that will be moved from address: 0x73B4 to address: 0x7608 of length 128
--- Found segment that must be added. Length: 12 , address: 0x7688
--- Found segment that will be moved from address: 0x7440 to address: 0x7694 of length 28
--- Found segment that must be added. Length: 4 , address: 0x76B0
--- Found segment that will be moved from address: 0x7460 to address: 0x76B4 of length 132
--- Found segment that must be added. Length: 8 , address: 0x7738
--- Found segment that will be moved from address: 0x74EC to address: 0x7740 of length 44
--- Found segment that must be added. Length: 4 , address: 0x776C
--- Found a word to insert to address: 0x7770
--- Found segment that must be added. Length: 8 , address: 0x7774
--- Found segment that will be moved from address: 0x7528 to address: 0x777C of length 24
--- Found segment that must be added. Length: 4 , address: 0x7794
--- Found segment that will be moved from address: 0x7544 to address: 0x7798 of length 76
--- Found segment that must be added. Length: 8 , address: 0x77E4
--- Found segment that will be moved from address: 0x7598 to address: 0x77EC of length 20
--- Found segment that must be added. Length: 4 , address: 0x7800
--- Found segment that will be moved from address: 0x75B0 to address: 0x7804 of length 48
--- Found segment that must be added. Length: 4 , address: 0x7834
--- Found segment that will be moved from address: 0x75E4 to address: 0x7838 of length 112
--- Found segment that must be added. Length: 12 , address: 0x78A8
--- Found segment that will be moved from address: 0x7660 to address: 0x78B4 of length 72
--- Found segment that must be added. Length: 8 , address: 0x78FC
--- Found segment that will be moved from address: 0x76B0 to address: 0x7904 of length 32
--- Found segment that must be added. Length: 4 , address: 0x7924
--- Found segment that will be moved from address: 0x76D4 to address: 0x7928 of length 24
--- Found segment that must be added. Length: 4 , address: 0x7940
--- Found segment that will be moved from address: 0x76F0 to address: 0x7944 of length 20
--- Found segment that must be added. Length: 4 , address: 0x7958
--- Found segment that will be moved from address: 0x7708 to address: 0x795C of length 40
--- Found segment that must be added. Length: 4 , address: 0x7984
--- Found segment that will be moved from address: 0x7734 to address: 0x7988 of length 184
--- Found segment that must be added. Length: 8 , address: 0x7A40
--- Found segment that will be moved from address: 0x77F4 to address: 0x7A48 of length 8
--- Found segment that must be added. Length: 4 , address: 0x7A50
--- Found segment that will be moved from address: 0x7800 to address: 0x7A54 of length 36
--- Found segment that must be added. Length: 4 , address: 0x7A78
--- Found segment that will be moved from address: 0x7828 to address: 0x7A7C of length 36
--- Found segment that must be added. Length: 4 , address: 0x7AA0
--- Found segment that will be moved from address: 0x7850 to address: 0x7AA4 of length 60
--- Found segment that must be added. Length: 12 , address: 0x7AE0
--- Found segment that will be moved from address: 0x7898 to address: 0x7AEC of length 76
--- Found segment that must be added. Length: 4 , address: 0x7B38
--- Found segment that will be moved from address: 0x78E8 to address: 0x7B3C of length 48
--- Found segment that must be added. Length: 4 , address: 0x7B6C
--- Found segment that will be moved from address: 0x7304 to address: 0x7B70 of length 44
--- Found segment that must be added. Length: 4 , address: 0x7B9C
--- Found segment that will be moved from address: 0x794C to address: 0x7BA0 of length 372
--- Found segment that must be added. Length: 4 , address: 0x7D14
--- Found segment that will be moved from address: 0x7AC4 to address: 0x7D18 of length 12
--- Found segment that must be added. Length: 4 , address: 0x7D24
--- Found segment that will be moved from address: 0x7AD4 to address: 0x7D28 of length 52
--- Found segment that must be added. Length: 4 , address: 0x7D5C
--- Found segment that will be moved from address: 0x7B0C to address: 0x7D60 of length 332
--- Found segment that must be added. Length: 8 , address: 0x7EAC
--- Found segment that will be moved from address: 0x7C60 to address: 0x7EB4 of length 16
--- Found segment that must be added. Length: 4 , address: 0x7EC4
--- Found segment that will be moved from address: 0x7C74 to address: 0x7EC8 of length 240
--- Found segment that must be added. Length: 4 , address: 0x7FB8
--- Found segment that will be moved from address: 0x7D68 to address: 0x7FBC of length 508
--- Found segment that must be added. Length: 4 , address: 0x81B8
--- Found a word to insert to address: 0x81BC
--- Found segment that must be added. Length: 28 , address: 0x81C0
--- Found segment that will be moved from address: 0x7F88 to address: 0x81DC of length 12
--- Found segment that must be added. Length: 24 , address: 0x81E8
--- Found segment that will be moved from address: 0x7FAC to address: 0x8200 of length 404
--- Found segment that must be added. Length: 4 , address: 0x8394
--- Found segment that will be moved from address: 0x8144 to address: 0x8398 of length 8
--- Found segment that must be added. Length: 4 , address: 0x83A0
--- Found segment that will be moved from address: 0x8150 to address: 0x83A4 of length 40
--- Found segment that must be added. Length: 12 , address: 0x83CC
--- Found a word to insert to address: 0x83D8
--- Found segment that must be added. Length: 24 , address: 0x83DC
--- Found segment that will be moved from address: 0x81A0 to address: 0x83F4 of length 48
--- Found segment that must be added. Length: 16 , address: 0x8424
--- Found segment that will be moved from address: 0x81E0 to address: 0x8434 of length 44
--- Found segment that must be added. Length: 16 , address: 0x8460
--- Found segment that will be moved from address: 0x821C to address: 0x8470 of length 44
--- Found segment that must be added. Length: 16 , address: 0x849C
--- Found segment that will be moved from address: 0x8258 to address: 0x84AC of length 756
--- Found segment that must be added. Length: 36 , address: 0x87A0
--- Found a word to insert to address: 0x87C4
--- Found segment that must be added. Length: 4 , address: 0x87C8
--- Found segment that will be moved from address: 0x8578 to address: 0x87CC of length 200
--- Found segment that must be added. Length: 12 , address: 0x8894
--- Found segment that will be moved from address: 0x864C to address: 0x88A0 of length 20
--- Found segment that must be added. Length: 8 , address: 0x88B4
--- Found segment that will be moved from address: 0x8668 to address: 0x88BC of length 136
--- Found segment that must be added. Length: 40 , address: 0x8944
--- Found a word to insert to address: 0x896C
--- Found segment that must be added. Length: 16 , address: 0x8970
--- Found segment that will be moved from address: 0x872C to address: 0x8980 of length 52
--- Found segment that must be added. Length: 20 , address: 0x89B4
--- Found segment that will be moved from address: 0x8774 to address: 0x89C8 of length 20
--- Found segment that must be added. Length: 4 , address: 0x89DC
--- Found segment that will be moved from address: 0x878C to address: 0x89E0 of length 44
--- Found segment that must be added. Length: 4 , address: 0x8A0C
--- Found segment that will be moved from address: 0x87BC to address: 0x8A10 of length 56
--- Found segment that must be added. Length: 12 , address: 0x8A48
--- Found segment that will be moved from address: 0x8800 to address: 0x8A54 of length 104
--- Found segment that must be added. Length: 24 , address: 0x8ABC
--- Found segment that will be moved from address: 0x8880 to address: 0x8AD4 of length 172
--- Found segment that must be added. Length: 32 , address: 0x8B80
--- Found segment that will be moved from address: 0x894C to address: 0x8BA0 of length 108
--- Found segment that must be added. Length: 8 , address: 0x8C0C
--- Found segment that will be moved from address: 0x89C0 to address: 0x8C14 of length 100
--- Found segment that must be added. Length: 20 , address: 0x8C78
--- Found segment that will be moved from address: 0x8A38 to address: 0x8C8C of length 112
--- Found segment that must be added. Length: 20 , address: 0x8CFC
--- Found segment that will be moved from address: 0x8ABC to address: 0x8D10 of length 580
--- Found segment that must be added. Length: 76 , address: 0x8F54
--- Found segment that will be moved from address: 0x8D4C to address: 0x8FA0 of length 804
--- Found segment that must be added. Length: 112 , address: 0x92C4
--- Found a word to insert to address: 0x9334
--- Found segment that must be added. Length: 36 , address: 0x9338
--- Found segment that will be moved from address: 0x9108 to address: 0x935C of length 856
--- Found segment that must be added. Length: 172 , address: 0x96B4
--- Found segment that will be moved from address: 0x950C to address: 0x9760 of length 744
--- Found segment that must be added. Length: 172 , address: 0x9A48
--- Found segment that will be moved from address: 0x98A0 to address: 0x9AF4 of length 272
--- Found segment that must be added. Length: 52 , address: 0x9C04
--- Found segment that will be moved from address: 0x99E4 to address: 0x9C38 of length 40
--- Found segment that must be added. Length: 24 , address: 0x9C60
--- Found segment that will be moved from address: 0x9A24 to address: 0x9C78 of length 28
--- Found segment that must be added. Length: 4 , address: 0x9C94
--- Found segment that will be moved from address: 0x9A44 to address: 0x9C98 of length 324
--- Found segment that must be added. Length: 64 , address: 0x9DDC
--- Found segment that will be moved from address: 0x9BC8 to address: 0x9E1C of length 56
--- Found segment that must be added. Length: 8 , address: 0x9E54
--- Found segment that will be moved from address: 0x9C08 to address: 0x9E5C of length 20
--- Found segment that must be added. Length: 4 , address: 0x9E70
--- Found segment that will be moved from address: 0x9C20 to address: 0x9E74 of length 24
--- Found segment that must be added. Length: 4 , address: 0x9E8C
--- Found segment that will be moved from address: 0x9C3C to address: 0x9E90 of length 28
--- Found segment that must be added. Length: 4 , address: 0x9EAC
--- Found segment that will be moved from address: 0x9C5C to address: 0x9EB0 of length 24
--- Found segment that must be added. Length: 4 , address: 0x9EC8
--- Found segment that will be moved from address: 0x9C78 to address: 0x9ECC of length 36
--- Found segment that must be added. Length: 4 , address: 0x9EF0
--- Found segment that will be moved from address: 0x9CA0 to address: 0x9EF4 of length 608
--- Found segment that must be added. Length: 24 , address: 0xA154
--- Found a word to insert to address: 0xA16C
--- Found segment that must be added. Length: 16 , address: 0xA170
--- Found segment that will be moved from address: 0x9F2C to address: 0xA180 of length 20
--- Found segment that must be added. Length: 8 , address: 0xA194
--- Found segment that will be moved from address: 0x9F48 to address: 0xA19C of length 16
--- Found segment that must be added. Length: 4 , address: 0xA1AC
--- Found segment that will be moved from address: 0x9F5C to address: 0xA1B0 of length 96
--- Found segment that must be added. Length: 16 , address: 0xA210
--- Found segment that will be moved from address: 0x9FCC to address: 0xA220 of length 576
--- Found segment that must be added. Length: 4 , address: 0xA460
--- Found segment that will be moved from address: 0xA210 to address: 0xA464 of length 60
--- Found segment that must be added. Length: 12 , address: 0xA4A0
--- Found segment that will be moved from address: 0xA258 to address: 0xA4AC of length 36
--- Found segment that must be added. Length: 4 , address: 0xA4D0
--- Found segment that will be moved from address: 0xA280 to address: 0xA4D4 of length 8
--- Found segment that must be added. Length: 4 , address: 0xA4DC
--- Found a word to insert to address: 0xA4E0
--- Found segment that must be added. Length: 4 , address: 0xA4E4
--- Found segment that will be moved from address: 0xA294 to address: 0xA4E8 of length 108
--- Found segment that must be added. Length: 4 , address: 0xA554
--- Found segment that will be moved from address: 0xA304 to address: 0xA558 of length 152
--- Found segment that must be added. Length: 20 , address: 0xA5F0
--- Found segment that will be moved from address: 0xA3B0 to address: 0xA604 of length 44
--- Found segment that must be added. Length: 8 , address: 0xA630
--- Found segment that will be moved from address: 0xA3E4 to address: 0xA638 of length 124
--- Found segment that must be added. Length: 8 , address: 0xA6B4
--- Found a word to insert to address: 0xA6BC
--- Found segment that must be added. Length: 4 , address: 0xA6C0
--- Found segment that will be moved from address: 0xA470 to address: 0xA6C4 of length 8
--- Found segment that must be added. Length: 4 , address: 0xA6CC
--- Found segment that will be moved from address: 0xA47C to address: 0xA6D0 of length 64
--- Found segment that must be added. Length: 4 , address: 0xA710
--- Found segment that will be moved from address: 0xA4C0 to address: 0xA714 of length 28
--- Found segment that must be added. Length: 4 , address: 0xA730
--- Found segment that will be moved from address: 0xA4E0 to address: 0xA734 of length 36
--- Found segment that must be added. Length: 4 , address: 0xA758
--- Found segment that will be moved from address: 0xA508 to address: 0xA75C of length 12
--- Found segment that must be added. Length: 12 , address: 0xA768
--- Found segment that will be moved from address: 0xA520 to address: 0xA774 of length 20
--- Found segment that must be added. Length: 4 , address: 0xA788
--- Found segment that will be moved from address: 0xA538 to address: 0xA78C of length 780
--- Found segment that must be added. Length: 4 , address: 0xAA98
--- Found segment that will be moved from address: 0xA848 to address: 0xAA9C of length 396
--- Found segment that must be added. Length: 12 , address: 0xAC28
--- Found segment that will be moved from address: 0xA9E0 to address: 0xAC34 of length 32
--- Found segment that must be added. Length: 12 , address: 0xAC54
--- Found segment that will be moved from address: 0xAA0C to address: 0xAC60 of length 56
--- Found segment that must be added. Length: 16 , address: 0xAC98
--- Found segment that will be moved from address: 0xAA54 to address: 0xACA8 of length 12
--- Found segment that must be added. Length: 4 , address: 0xACB4
--- Found segment that will be moved from address: 0xAA64 to address: 0xACB8 of length 56
--- Found segment that must be added. Length: 4 , address: 0xACF0
--- Found segment that will be moved from address: 0xAAA0 to address: 0xACF4 of length 12
--- Found segment that must be added. Length: 4 , address: 0xAD00
--- Found segment that will be moved from address: 0xAAB0 to address: 0xAD04 of length 12
--- Found segment that must be added. Length: 4 , address: 0xAD10
--- Found segment that will be moved from address: 0xAAC0 to address: 0xAD14 of length 12
--- Found segment that must be added. Length: 4 , address: 0xAD20
--- Found segment that will be moved from address: 0xAAD0 to address: 0xAD24 of length 104
--- Found segment that must be added. Length: 8 , address: 0xAD8C
--- Found segment that will be moved from address: 0xAB40 to address: 0xAD94 of length 136
--- Found segment that must be added. Length: 4 , address: 0xAE1C
--- Found segment that will be moved from address: 0xABCC to address: 0xAE20 of length 156
--- Found segment that must be added. Length: 4 , address: 0xAEBC
--- Found segment that will be moved from address: 0xAC6C to address: 0xAEC0 of length 120
--- Found segment that must be added. Length: 12 , address: 0xAF38
--- Found segment that will be moved from address: 0xACF0 to address: 0xAF44 of length 56
--- Found segment that must be added. Length: 16 , address: 0xAF7C
--- Found segment that will be moved from address: 0xAD38 to address: 0xAF8C of length 252
--- Found segment that must be added. Length: 4 , address: 0xB088
--- Found segment that will be moved from address: 0xAE38 to address: 0xB08C of length 180
--- Found segment that must be added. Length: 8 , address: 0xB140
--- Found segment that will be moved from address: 0xAEF4 to address: 0xB148 of length 48
--- Found segment that must be added. Length: 4 , address: 0xB178
--- Found segment that will be moved from address: 0xAF28 to address: 0xB17C of length 36
--- Found segment that must be added. Length: 4 , address: 0xB1A0
--- Found segment that will be moved from address: 0xAF50 to address: 0xB1A4 of length 136
--- Found segment that must be added. Length: 12 , address: 0xB22C
--- Found segment that will be moved from address: 0xAFE4 to address: 0xB238 of length 216
--- Found segment that must be added. Length: 12 , address: 0xB310
--- Found segment that will be moved from address: 0xB0C8 to address: 0xB31C of length 16
--- Found segment that must be added. Length: 4 , address: 0xB32C
--- Found segment that will be moved from address: 0xB0DC to address: 0xB330 of length 84
--- Found segment that must be added. Length: 12 , address: 0xB384
--- Found segment that will be moved from address: 0xB13C to address: 0xB390 of length 56
--- Found segment that must be added. Length: 4 , address: 0xB3C8
--- Found segment that will be moved from address: 0xB178 to address: 0xB3CC of length 548
--- Found segment that must be added. Length: 4 , address: 0xB5F0
--- Found segment that will be moved from address: 0xB3A0 to address: 0xB5F4 of length 24
--- Found segment that must be added. Length: 4 , address: 0xB60C
--- Found segment that will be moved from address: 0xB3BC to address: 0xB610 of length 272
--- Found segment that must be added. Length: 4 , address: 0xB720
--- Found segment that will be moved from address: 0xB4D0 to address: 0xB724 of length 20
--- Found segment that must be added. Length: 4 , address: 0xB738
--- Found segment that will be moved from address: 0xB4E8 to address: 0xB73C of length 160
--- Found segment that must be added. Length: 12 , address: 0xB7DC
--- Found segment that will be moved from address: 0xB594 to address: 0xB7E8 of length 224
--- Found segment that must be added. Length: 16 , address: 0xB8C8
--- Found segment that will be moved from address: 0xB684 to address: 0xB8D8 of length 212
--- Found segment that must be added. Length: 4 , address: 0xB9AC
--- Found segment that will be moved from address: 0xB75C to address: 0xB9B0 of length 12
--- Found segment that must be added. Length: 4 , address: 0xB9BC
--- Found segment that will be moved from address: 0xB76C to address: 0xB9C0 of length 12
--- Found segment that must be added. Length: 4 , address: 0xB9CC
--- Found segment that will be moved from address: 0xB77C to address: 0xB9D0 of length 784
--- Found segment that must be added. Length: 12 , address: 0xBCE0
--- Found a word to insert to address: 0xBCEC
--- Found segment that must be added. Length: 4 , address: 0xBCF0
--- Found segment that will be moved from address: 0xBAA0 to address: 0xBCF4 of length 764
--- Found segment that must be added. Length: 8 , address: 0xBFF0
--- Found segment that will be moved from address: 0xBDA4 to address: 0xBFF8 of length 676
--- Found segment that must be added. Length: 24 , address: 0xC29C
--- Found a word to insert to address: 0xC2B4
--- Found segment that must be added. Length: 4 , address: 0xC2B8
--- Found segment that will be moved from address: 0xC068 to address: 0xC2BC of length 292
--- Found segment that must be added. Length: 20 , address: 0xC3E0
--- Found segment that will be moved from address: 0xC1A0 to address: 0xC3F4 of length 60
--- Found segment that will be moved from address: 0xC1F0 to address: 0xC430 of length 12
--- Found segment that will be moved from address: 0xC1DC to address: 0xC43C of length 20
--- Found segment that will be moved from address: 0xC1FC to address: 0xC450 of length 196
--- Found segment that must be added. Length: 72 , address: 0xC514
--- Found a word to insert to address: 0xC55C
--- Found segment that will be moved from address: 0xE940 to address: 0xC560 of length 8
--- Found segment that must be added. Length: 12 , address: 0xC568
--- Found a word to insert to address: 0xC574
--- Found segment that must be added. Length: 12 , address: 0xC578
--- Found a word to insert to address: 0xC584
--- Found segment that must be added. Length: 32 , address: 0xC588
--- Found a word to insert to address: 0xC5A8
--- Found segment that must be added. Length: 12 , address: 0xC5AC
--- Found segment that will be moved from address: 0xC368 to address: 0xC5B8 of length 16
--- Found a word to insert to address: 0xC5C8
--- Found segment that must be added. Length: 8 , address: 0xC5CC
--- Found a word to insert to address: 0xC5D4
--- Found segment that will be moved from address: 0xC34C to address: 0xC5D8 of length 12
--- Found segment that must be added. Length: 28 , address: 0xC5E4
--- Found a word to insert to address: 0xC600
--- Found segment that must be added. Length: 8 , address: 0xC604
--- Found a word to insert to address: 0xC60C
--- Found segment that must be added. Length: 4 , address: 0xC610
--- Found segment that will be moved from address: 0xC350 to address: 0xC614 of length 8
--- Found segment that must be added. Length: 4 , address: 0xC61C
--- Found a word to insert to address: 0xC620
--- Found segment that must be added. Length: 16 , address: 0xC624
--- Found segment that will be moved from address: 0xE6E4 to address: 0xC634 of length 8
--- Found a word to insert to address: 0xC63C
--- Found segment that must be added. Length: 16 , address: 0xC640
--- Found a word to insert to address: 0xC650
--- Found segment that must be added. Length: 24 , address: 0xC654
--- Found a word to insert to address: 0xC66C
--- Found segment that must be added. Length: 16 , address: 0xC670
--- Found a word to insert to address: 0xC680
--- Found segment that must be added. Length: 56 , address: 0xC684
--- Found a word to insert to address: 0xC6BC
--- Found segment that must be added. Length: 24 , address: 0xC6C0
--- Found segment that will be moved from address: 0xC408 to address: 0xC6D8 of length 8
--- Found segment that must be added. Length: 32 , address: 0xC6E0
--- Found a word to insert to address: 0xC700
--- Found segment that will be moved from address: 0xC434 to address: 0xC704 of length 60
--- Found segment that must be added. Length: 132 , address: 0xC740
--- Found segment that will be moved from address: 0xC4DC to address: 0xC7C4 of length 264
--- Found segment that must be added. Length: 52 , address: 0xC8CC
--- Found segment that will be moved from address: 0xC618 to address: 0xC900 of length 648
--- Found segment that must be added. Length: 28 , address: 0xCB88
--- Found segment that will be moved from address: 0xC8BC to address: 0xCBA4 of length 240

--- OPTIMIZING...

---- Optimized 2 ADD/INSERT operations by merging...
---- Optimized 2 ADD/INSERT operations by merging...
---- Optimized 2 ADD/INSERT operations by merging...
---- Optimized 2 ADD/INSERT operations by merging...
---- Optimized 2 ADD/INSERT operations by merging...
---- Optimized 2 ADD/INSERT operations by merging...
---- Optimized 2 ADD/INSERT operations by merging...
---- Optimized 2 ADD/INSERT operations by merging...
---- Optimized 2 ADD/INSERT operations by merging...
---- Optimized 2 ADD/INSERT operations by merging...
---- Optimized 2 ADD/INSERT operations by merging...
---- Optimized 2 ADD/INSERT operations by merging...
---- Optimized 2 ADD/INSERT operations by merging...
---- Optimized 2 ADD/INSERT operations by merging...
---- Optimized 2 ADD/INSERT operations by merging...
---- Optimized 2 ADD/INSERT operations by merging...
---- Optimized 2 ADD/INSERT operations by merging...
---- Optimized 2 ADD/INSERT operations by merging...
---- Optimized 2 ADD/INSERT operations by merging...
---- Optimized 2 ADD/INSERT operations by merging...
---- Optimized 2 ADD/INSERT operations by merging...
---- Optimized 2 ADD/INSERT operations by merging...
---- Optimized 2 ADD/INSERT operations by merging...
---- Optimized 2 ADD/INSERT operations by merging...
---- Optimized 2 ADD/INSERT operations by merging...
---- Optimized 2 ADD/INSERT operations by merging...
---- Optimized 2 ADD/INSERT operations by merging...
---- Optimized 2 ADD/INSERT operations by merging...
---- Optimized 2 ADD/INSERT operations by merging...
---- Optimized 2 ADD/INSERT operations by merging...
---- Optimized 2 ADD/INSERT operations by merging...
---- Optimized 2 ADD/INSERT operations by merging...
---- Optimized 2 ADD/INSERT operations by merging...
---- Optimized 2 ADD/INSERT operations by merging...
---- Optimized 2 ADD/INSERT operations by merging...
---- Optimized 2 ADD/INSERT operations by merging...
---- Optimized 2 ADD/INSERT operations by merging...
---- Optimized 2 ADD/INSERT operations by merging...
---- Optimized 2 ADD/INSERT operations by merging...
---- Optimized 2 ADD/INSERT operations by merging...
---- Optimized 2 ADD/INSERT operations by merging...
---- Optimized 2 ADD/INSERT operations by merging...
---- Optimized 2 ADD/INSERT operations by merging...
---- Optimized 2 ADD/INSERT operations by merging...
---- Optimized 2 ADD/INSERT operations by merging...
---- Optimized 2 ADD/INSERT operations by merging...
---- Optimized 2 ADD/INSERT operations by merging...
---- Optimized 2 ADD/INSERT operations by merging...
---- Optimized 2 ADD/INSERT operations by merging...
---- Optimized 2 ADD/INSERT operations by merging...
---- Optimized COPY and ADD operations to preceding ADD...
---- Optimized COPY and ADD operations to preceding ADD...
---- Optimized 2 ADD/INSERT operations by merging...
---- Optimized 2 ADD/INSERT operations by merging...
---- Optimized COPY and ADD operations to preceding ADD...
---- Optimized 2 ADD/INSERT operations by merging...
---- Optimized 2 ADD/INSERT operations by merging...
---- Optimized 2 ADD/INSERT operations by merging...
---- Optimized 2 ADD/INSERT operations by merging...
---- Optimized 2 ADD/INSERT operations by merging...
---- Optimized 2 ADD/INSERT operations by merging...
---- Optimized 2 ADD/INSERT operations by merging...
---- Optimized 2 ADD/INSERT operations by merging...
---- Optimized 2 ADD/INSERT operations by merging...
---- Optimized 2 ADD/INSERT operations by merging...
---- Optimized 2 ADD/INSERT operations by merging...
---- Optimized 2 ADD/INSERT operations by merging...
---- Optimized 2 ADD/INSERT operations by merging...
---- Optimized 2 ADD/INSERT operations by merging...
---- Optimized 2 ADD/INSERT operations by merging...
---- Optimized 2 ADD/INSERT operations by merging...
---- Optimized 2 ADD/INSERT operations by merging...
---- Optimized 2 ADD/INSERT operations by merging...
---- Optimized 2 ADD/INSERT operations by merging...
---- Optimized 2 ADD/INSERT operations by merging...
---- Optimized 2 ADD/INSERT operations by merging...
---- Optimized 2 ADD/INSERT operations by merging...
---- Optimized COPY and ADD operations to preceding ADD...
---- Optimized COPY and ADD operations to preceding ADD...
---- Optimized 2 ADD/INSERT operations by merging...
---- Optimized 2 ADD/INSERT operations by merging...
---- Optimized 2 ADD/INSERT operations by merging...
---- Optimized 2 ADD/INSERT operations by merging...
---- Optimized 2 ADD/INSERT operations by merging...
---- Optimized 2 ADD/INSERT operations by merging...
---- Optimized 2 ADD/INSERT operations by merging...
---- Optimized 2 ADD/INSERT operations by merging...
---- Optimized 2 ADD/INSERT operations by merging...
---- Optimized 2 ADD/INSERT operations by merging...
---- Optimized 2 ADD/INSERT operations by merging...
---- Optimized 2 ADD/INSERT operations by merging...
---- Optimized 2 ADD/INSERT operations by merging...
---- Optimized 2 ADD/INSERT operations by merging...
---- Optimized 2 ADD/INSERT operations by merging...
---- Optimized 2 ADD/INSERT operations by merging...
---- Optimized 2 ADD/INSERT operations by merging...
---- Optimized 2 ADD/INSERT operations by merging...
---- Optimized 2 ADD/INSERT operations by merging...
---- Optimized 2 ADD/INSERT operations by merging...
---- Optimized 2 ADD/INSERT operations by merging...
---- Optimized 2 ADD/INSERT operations by merging...
---- Optimized COPY and ADD operations to preceding ADD...
---- Optimized 2 ADD/INSERT operations by merging...
---- Optimized 2 ADD/INSERT operations by merging...
---- Optimized 2 ADD/INSERT operations by merging...
---- Optimized 2 ADD/INSERT operations by merging...
---- Optimized 2 ADD/INSERT operations by merging...
---- Optimized 2 ADD/INSERT operations by merging...
---- Optimized 2 ADD/INSERT operations by merging...
---- Optimized 2 ADD/INSERT operations by merging...
---- Optimized 2 ADD/INSERT operations by merging...
---- Optimized 2 ADD/INSERT operations by merging...
---- Optimized 2 ADD/INSERT operations by merging...
---- Optimized 2 ADD/INSERT operations by merging...
---- Optimized COPY and ADD operations to preceding ADD...
---- Optimized 2 ADD/INSERT operations by merging...
---- Optimized 2 ADD/INSERT operations by merging...
---- Optimized 2 ADD/INSERT operations by merging...
---- Optimized 2 ADD/INSERT operations by merging...
---- Optimized 2 ADD/INSERT operations by merging...
---- Optimized 2 ADD/INSERT operations by merging...
---- Optimized COPY and ADD operations to preceding ADD...
---- Optimized COPY and ADD operations to preceding ADD...
---- Optimized 2 ADD/INSERT operations by merging...
---- Optimized 2 ADD/INSERT operations by merging...
---- Optimized 2 ADD/INSERT operations by merging...
---- Optimized 2 ADD/INSERT operations by merging...
---- Optimized 2 ADD/INSERT operations by merging...
---- Optimized COPY and ADD operations to preceding ADD...
---- Optimized 2 ADD/INSERT operations by merging...
---- Optimized 2 ADD/INSERT operations by merging...
---- Optimized 2 ADD/INSERT operations by merging...
---- Optimized 2 ADD/INSERT operations by merging...
---- Optimized 2 ADD/INSERT operations by merging...
---- Optimized 2 ADD/INSERT operations by merging...
---- Optimized COPY and ADD operations to preceding ADD...
---- Optimized 2 ADD/INSERT operations by merging...
---- Optimized 2 ADD/INSERT operations by merging...
---- Optimized 2 ADD/INSERT operations by merging...
---- Optimized COPY and ADD operations to preceding ADD...
---- Optimized 2 ADD/INSERT operations by merging...
---- Optimized 2 ADD/INSERT operations by merging...
---- Optimized 2 ADD/INSERT operations by merging...
---- Optimized 2 ADD/INSERT operations by merging...
---- Optimized 2 ADD/INSERT operations by merging...
---- Optimized COPY and ADD operations to preceding ADD...
---- Optimized 2 ADD/INSERT operations by merging...
---- Optimized 2 ADD/INSERT operations by merging...
---- Optimized 2 ADD/INSERT operations by merging...
---- Optimized 2 ADD/INSERT operations by merging...
---- Optimized COPY and ADD operations to preceding ADD...
---- Optimized 2 ADD/INSERT operations by merging...
---- Optimized 2 ADD/INSERT operations by merging...
---- Optimized 2 ADD/INSERT operations by merging...
---- Optimized 2 ADD/INSERT operations by merging...
---- Optimized COPY and ADD operations to preceding ADD...
---- Optimized 2 ADD/INSERT operations by merging...
---- Optimized 2 ADD/INSERT operations by merging...
---- Optimized 2 ADD/INSERT operations by merging...
---- Optimized 2 ADD/INSERT operations by merging...
---- Optimized 2 ADD/INSERT operations by merging...
---- Optimized 2 ADD/INSERT operations by merging...
---- Optimized 2 ADD/INSERT operations by merging...
---- Optimized 2 ADD/INSERT operations by merging...
---- Optimized 2 ADD/INSERT operations by merging...
---- Optimized COPY and ADD operations to preceding ADD...
---- Optimized COPY and ADD operations to preceding ADD...
---- Optimized 2 ADD/INSERT operations by merging...
---- Optimized COPY and ADD operations to preceding ADD...
---- Optimized COPY and ADD operations to preceding ADD...
---- Optimized COPY and ADD operations to preceding ADD...
---- Optimized COPY and ADD operations to preceding ADD...
---- Optimized COPY and ADD operations to preceding ADD...
---- Optimized COPY and ADD operations to preceding ADD...
---- Optimized 2 ADD/INSERT operations by merging...
---- Optimized 2 ADD/INSERT operations by merging...
---- Optimized 2 ADD/INSERT operations by merging...
---- Optimized 2 ADD/INSERT operations by merging...
---- Optimized COPY and ADD operations to preceding ADD...
---- Optimized 2 ADD/INSERT operations by merging...
---- Optimized 2 ADD/INSERT operations by merging...
---- Optimized COPY and ADD operations to preceding ADD...
---- Optimized 2 ADD/INSERT operations by merging...
---- Optimized 2 ADD/INSERT operations by merging...
---- Optimized COPY and ADD operations to preceding ADD...
---- Optimized 2 ADD/INSERT operations by merging...
---- Optimized 2 ADD/INSERT operations by merging...
---- Optimized 2 ADD/INSERT operations by merging...
---- Optimized COPY and ADD operations to preceding ADD...
---- Optimized COPY and ADD operations to preceding ADD...
---- Optimized COPY and ADD operations to preceding ADD...
---- Optimized COPY and ADD operations to preceding ADD...
---- Optimized COPY and ADD operations to preceding ADD...
---- Optimized 2 ADD/INSERT operations by merging...
---- Optimized COPY and ADD operations to preceding ADD...
---- Optimized COPY and ADD operations to preceding ADD...
---- Optimized COPY and ADD operations to preceding ADD...
---- Optimized COPY and ADD operations to preceding ADD...
---- Optimized 2 ADD/INSERT operations by merging...
---- Optimized 2 ADD/INSERT operations by merging...
---- Optimized 2 ADD/INSERT operations by merging...
---- Optimized 2 ADD/INSERT operations by merging...
---- Optimized COPY and ADD operations to preceding ADD...
---- Optimized COPY and ADD operations to preceding ADD...
---- Optimized 2 ADD/INSERT operations by merging...
---- Optimized 2 ADD/INSERT operations by merging...
---- Optimized COPY and ADD operations to preceding ADD...
---- Optimized 2 ADD/INSERT operations by merging...
---- Optimized 2 ADD/INSERT operations by merging...
---- Optimized COPY and ADD operations to preceding ADD...
---- Optimized 2 ADD/INSERT operations by merging...
---- Optimized 2 ADD/INSERT operations by merging...
---- Optimized COPY and ADD operations to preceding ADD...
---- Optimized COPY and ADD operations to preceding ADD...
---- Optimized 2 ADD/INSERT operations by merging...
---- Optimized 2 ADD/INSERT operations by merging...
---- Optimized COPY and ADD operations to preceding ADD...
---- Optimized COPY and ADD operations to preceding ADD...
---- Optimized 2 ADD/INSERT operations by merging...
---- Optimized 2 ADD/INSERT operations by merging...
---- Optimized 2 ADD/INSERT operations by merging...
---- Optimized 2 ADD/INSERT operations by merging...
---- Optimized 2 ADD/INSERT operations by merging...
---- Optimized 2 ADD/INSERT operations by merging...
---- Optimized 2 ADD/INSERT operations by merging...
---- Optimized 2 ADD/INSERT operations by merging...
---- Optimized 2 ADD/INSERT operations by merging...
---- Optimized 2 ADD/INSERT operations by merging...
---- Optimized COPY and ADD operations to preceding ADD...
---- Optimized 2 ADD/INSERT operations by merging...
---- Optimized 2 ADD/INSERT operations by merging...
---- Optimized 2 ADD/INSERT operations by merging...
---- Optimized 2 ADD/INSERT operations by merging...
---- Optimized COPY and ADD operations to preceding ADD...
---- Optimized COPY and ADD operations to preceding ADD...
---- Optimized COPY and ADD operations to preceding ADD...
---- Optimized COPY and ADD operations to preceding ADD...
---- Optimized COPY and ADD operations to preceding ADD...
---- Optimized COPY and ADD operations to preceding ADD...
---- Optimized COPY and ADD operations to preceding ADD...
---- Optimized COPY and ADD operations to preceding ADD...
---- Optimized 2 ADD/INSERT operations by merging...
---- Optimized 2 ADD/INSERT operations by merging...
---- Optimized 2 ADD/INSERT operations by merging...
---- Optimized 2 ADD/INSERT operations by merging...
---- Optimized 2 ADD/INSERT operations by merging...
---- Optimized COPY and ADD operations to preceding ADD...
---- Optimized 2 ADD/INSERT operations by merging...
---- Optimized 2 ADD/INSERT operations by merging...
---- Optimized 2 ADD/INSERT operations by merging...
---- Optimized 2 ADD/INSERT operations by merging...
---- Optimized 2 ADD/INSERT operations by merging...
---- Optimized 2 ADD/INSERT operations by merging...
---- Optimized 2 ADD/INSERT operations by merging...
---- Optimized 2 ADD/INSERT operations by merging...
---- Optimized COPY and ADD operations to preceding ADD...
---- Optimized 2 ADD/INSERT operations by merging...
---- Optimized 2 ADD/INSERT operations by merging...
---- Optimized 2 ADD/INSERT operations by merging...
---- Optimized 2 ADD/INSERT operations by merging...
---- Optimized COPY and ADD operations to preceding ADD...
---- Optimized 2 ADD/INSERT operations by merging...
---- Optimized 2 ADD/INSERT operations by merging...
---- Optimized COPY and ADD operations to preceding ADD...
---- Optimized 2 ADD/INSERT operations by merging...
---- Optimized 2 ADD/INSERT operations by merging...
---- Optimized 2 ADD/INSERT operations by merging...
---- Optimized 2 ADD/INSERT operations by merging...
---- Optimized 2 ADD/INSERT operations by merging...
---- Optimized 2 ADD/INSERT operations by merging...
---- Optimized 2 ADD/INSERT operations by merging...
---- Optimized 2 ADD/INSERT operations by merging...
---- Optimized 2 ADD/INSERT operations by merging...
---- Optimized COPY and ADD operations to preceding ADD...
---- Optimized 2 ADD/INSERT operations by merging...
--- Found segment that will be moved from address: 0xC9BC to address: 0xCCA4 of length 7260
--- Found segment that must be added. Length: 32 , address: 0xE900
--- Found a word to insert to address: 0xE920
--- Found segment that must be added. Length: 4 , address: 0xE924
--- Found a word to insert to address: 0xE928
--- Found segment that must be added. Length: 4 , address: 0xE92C
--- Found a word to insert to address: 0xE930
--- Found segment that must be added. Length: 4 , address: 0xE934
--- Found a word to insert to address: 0xE938
--- Found segment that must be added. Length: 4 , address: 0xE93C
--- Found a word to insert to address: 0xE940
--- Found segment that must be added. Length: 4 , address: 0xE944
--- Found a word to insert to address: 0xE948
--- Found segment that must be added. Length: 4 , address: 0xE94C
--- Found a word to insert to address: 0xE950
--- Found segment that must be added. Length: 4 , address: 0xE954
--- Found a word to insert to address: 0xE958
--- Found segment that must be added. Length: 4 , address: 0xE95C
--- Found a word to insert to address: 0xE960
--- Found segment that must be added. Length: 4 , address: 0xE964
--- Found a word to insert to address: 0xE968
--- Found segment that must be added. Length: 4 , address: 0xE96C
--- Found a word to insert to address: 0xE970
--- Found segment that must be added. Length: 4 , address: 0xE974
--- Found a word to insert to address: 0xE978
--- Found segment that must be added. Length: 4 , address: 0xE97C
--- Found a word to insert to address: 0xE980
--- Found segment that must be added. Length: 4 , address: 0xE984
--- Found a word to insert to address: 0xE988
--- Found segment that must be added. Length: 4 , address: 0xE98C
--- Found a word to insert to address: 0xE990
--- Found segment that must be added. Length: 4 , address: 0xE994
--- Found a word to insert to address: 0xE998
--- Found segment that must be added. Length: 4 , address: 0xE99C
--- Found a word to insert to address: 0xE9A0
--- Found segment that must be added. Length: 4 , address: 0xE9A4
--- Found a word to insert to address: 0xE9A8
--- Found segment that must be added. Length: 4 , address: 0xE9AC
--- Found a word to insert to address: 0xE9B0
--- Found segment that must be added. Length: 4 , address: 0xE9B4
--- Found segment that will be moved from address: 0xE6D0 to address: 0xE9B8 of length 1032
--- Found segment that must be added. Length: 120 , address: 0xEDC0
--- Found segment that will be moved from address: 0xEB50 to address: 0xEE38 of length 312
--- Found segment that must be added. Length: 4 , address: 0xEF70
--- Found segment that will be moved from address: 0xEC8C to address: 0xEF74 of length 276
--- Found segment that must be added. Length: 4 , address: 0xF088
--- Found a word to insert to address: 0xF08C
--- Found segment that must be added. Length: 16 , address: 0xF090
--- Found a word to insert to address: 0xF0A0
--- Found segment that must be added. Length: 4 , address: 0xF0A4
--- Found segment that will be moved from address: 0xEDB8 to address: 0xF0A8 of length 16
--- Found segment that must be added. Length: 4 , address: 0xF0B8
--- Found a word to insert to address: 0xF0BC
--- Found segment that must be added. Length: 12 , address: 0xF0C0
--- Found segment that will be moved from address: 0xEDDC to address: 0xF0CC of length 84

--- OPTIMIZING...

---- Optimized 2 ADD/INSERT operations by merging...
---- Optimized 2 ADD/INSERT operations by merging...
---- Optimized 2 ADD/INSERT operations by merging...
---- Optimized 2 ADD/INSERT operations by merging...
---- Optimized 2 ADD/INSERT operations by merging...
---- Optimized 2 ADD/INSERT operations by merging...
---- Optimized 2 ADD/INSERT operations by merging...
---- Optimized 2 ADD/INSERT operations by merging...
---- Optimized 2 ADD/INSERT operations by merging...
---- Optimized 2 ADD/INSERT operations by merging...
---- Optimized 2 ADD/INSERT operations by merging...
---- Optimized 2 ADD/INSERT operations by merging...
---- Optimized 2 ADD/INSERT operations by merging...
---- Optimized 2 ADD/INSERT operations by merging...
---- Optimized 2 ADD/INSERT operations by merging...
---- Optimized 2 ADD/INSERT operations by merging...
---- Optimized 2 ADD/INSERT operations by merging...
---- Optimized 2 ADD/INSERT operations by merging...
---- Optimized 2 ADD/INSERT operations by merging...
---- Optimized 2 ADD/INSERT operations by merging...
---- Optimized 2 ADD/INSERT operations by merging...
---- Optimized 2 ADD/INSERT operations by merging...
---- Optimized 2 ADD/INSERT operations by merging...
---- Optimized 2 ADD/INSERT operations by merging...
---- Optimized 2 ADD/INSERT operations by merging...
---- Optimized 2 ADD/INSERT operations by merging...
---- Optimized 2 ADD/INSERT operations by merging...
---- Optimized 2 ADD/INSERT operations by merging...
---- Optimized 2 ADD/INSERT operations by merging...
---- Optimized 2 ADD/INSERT operations by merging...
---- Optimized 2 ADD/INSERT operations by merging...
---- Optimized 2 ADD/INSERT operations by merging...
---- Optimized 2 ADD/INSERT operations by merging...
---- Optimized 2 ADD/INSERT operations by merging...
---- Optimized 2 ADD/INSERT operations by merging...
---- Optimized 2 ADD/INSERT operations by merging...
---- Optimized 2 ADD/INSERT operations by merging...
---- Optimized 2 ADD/INSERT operations by merging...
---- Optimized 2 ADD/INSERT operations by merging...
---- Optimized 2 ADD/INSERT operations by merging...
---- Optimized 2 ADD/INSERT operations by merging...
---- Optimized 2 ADD/INSERT operations by merging...
---- Optimized 2 ADD/INSERT operations by merging...
---- Optimized 2 ADD/INSERT operations by merging...
-- Done...
------------------------------------------

-- Generating file 'data_basis\riotboot\samd20-xpro\deltagen_rev_05_rev_06\deltagen_rev_05_slot1_rev_06_slot0'...
--- Data succesfully generated
--- Generating checksum CRC-16
--- Generated CRC-16
--- Finalizing delta file
--- Writing file 'data_basis\riotboot\samd20-xpro\deltagen_rev_05_rev_06\deltagen_rev_05_slot1_rev_06_slot0'

-- OPERATION SUCCESFULL ...
Elapsed time: 00:00:02.3397468
------------------------------------------

