
There are 5 non-matching segments with total length of 60884
-- Found 5 segments that have changed...
-- Searching for matching segments...
-- Done searching...
------------------------------------------

-- Generating operations...
--- Found segment that must be added. Length: 12 , address: 0x4

--- OPTIMIZING...

--- Found word that must be inserted. Length: 4 , address: 0x2C

--- OPTIMIZING...

--- Found segment that must be added. Length: 108 , address: 0x38

--- OPTIMIZING...

--- Found segment that must be added. Length: 60 , address: 0xB4
--- Found a word to insert to address: 0xF0
--- Found segment that must be added. Length: 24 , address: 0xF4
--- Found a word to insert to address: 0x10C
--- Found segment that must be added. Length: 12 , address: 0x110
--- Found a word to insert to address: 0x11C
--- Found segment that must be added. Length: 20 , address: 0x120
--- Found a word to insert to address: 0x134
--- Found segment that must be added. Length: 12 , address: 0x138
--- Found a word to insert to address: 0x144
--- Found segment that must be added. Length: 20 , address: 0x148
--- Found a word to insert to address: 0x15C
--- Found segment that must be added. Length: 4 , address: 0x160
--- Found a word to insert to address: 0x164
--- Found segment that must be added. Length: 4 , address: 0x168
--- Found a word to insert to address: 0x16C
--- Found segment that must be added. Length: 36 , address: 0x170
--- Found a word to insert to address: 0x194
--- Found segment that must be added. Length: 44 , address: 0x198
--- Found a word to insert to address: 0x1C4
--- Found segment that must be added. Length: 20 , address: 0x1C8
--- Found a word to insert to address: 0x1DC
--- Found segment that must be added. Length: 8 , address: 0x1E0
--- Found a word to insert to address: 0x1E8
--- Found segment that must be added. Length: 32 , address: 0x1EC
--- Found a word to insert to address: 0x20C
--- Found segment that must be added. Length: 28 , address: 0x210
--- Found a word to insert to address: 0x22C
--- Found segment that must be added. Length: 4 , address: 0x230
--- Found a word to insert to address: 0x234
--- Found segment that must be added. Length: 4 , address: 0x238
--- Found a word to insert to address: 0x23C
--- Found segment that must be added. Length: 4 , address: 0x240
--- Found a word to insert to address: 0x244
--- Found segment that must be added. Length: 4 , address: 0x248
--- Found a word to insert to address: 0x24C
--- Found segment that must be added. Length: 4 , address: 0x250
--- Found a word to insert to address: 0x254
--- Found segment that must be added. Length: 4 , address: 0x258
--- Found a word to insert to address: 0x25C
--- Found segment that must be added. Length: 16 , address: 0x260
--- Found a word to insert to address: 0x270
--- Found segment that must be added. Length: 8 , address: 0x274
--- Found a word to insert to address: 0x27C
--- Found segment that must be added. Length: 16 , address: 0x280
--- Found a word to insert to address: 0x290
--- Found segment that must be added. Length: 8 , address: 0x294
--- Found a word to insert to address: 0x29C
--- Found segment that must be added. Length: 4 , address: 0x2A0
--- Found a word to insert to address: 0x2A4
--- Found segment that must be added. Length: 4 , address: 0x2A8
--- Found a word to insert to address: 0x2AC
--- Found segment that must be added. Length: 4 , address: 0x2B0
--- Found a word to insert to address: 0x2B4
--- Found segment that must be added. Length: 4 , address: 0x2B8
--- Found segment that will be moved from address: 0x208 to address: 0x2BC of length 12
--- Found segment that must be added. Length: 4 , address: 0x2C8
--- Found segment that will be moved from address: 0x218 to address: 0x2CC of length 8
--- Found segment that must be added. Length: 4 , address: 0x2D4
--- Found a word to insert to address: 0x2D8
--- Found segment that must be added. Length: 4 , address: 0x2DC
--- Found segment that will be moved from address: 0x22C to address: 0x2E0 of length 8
--- Found segment that must be added. Length: 4 , address: 0x2E8
--- Found a word to insert to address: 0x2EC
--- Found segment that must be added. Length: 8 , address: 0x2F0
--- Found a word to insert to address: 0x2F8
--- Found segment that must be added. Length: 4 , address: 0x2FC
--- Found a word to insert to address: 0x300
--- Found segment that must be added. Length: 28 , address: 0x304
--- Found a word to insert to address: 0x320
--- Found segment that must be added. Length: 24 , address: 0x324
--- Found a word to insert to address: 0x33C
--- Found segment that must be added. Length: 8 , address: 0x340
--- Found a word to insert to address: 0x348
--- Found segment that must be added. Length: 20 , address: 0x34C
--- Found a word to insert to address: 0x360
--- Found segment that must be added. Length: 8 , address: 0x364
--- Found a word to insert to address: 0x36C
--- Found segment that must be added. Length: 20 , address: 0x370
--- Found a word to insert to address: 0x384
--- Found segment that must be added. Length: 24 , address: 0x388
--- Found a word to insert to address: 0x3A0
--- Found segment that must be added. Length: 24 , address: 0x3A4
--- Found a word to insert to address: 0x3BC
--- Found segment that must be added. Length: 4 , address: 0x3C0
--- Found segment that will be moved from address: 0x244 to address: 0x3C4 of length 8
--- Found segment that must be added. Length: 4 , address: 0x3CC
--- Found segment that will be moved from address: 0x250 to address: 0x3D0 of length 8
--- Found segment that must be added. Length: 4 , address: 0x3D8
--- Found a word to insert to address: 0x3DC
--- Found segment that must be added. Length: 4 , address: 0x3E0
--- Found a word to insert to address: 0x3E4
--- Found segment that must be added. Length: 4 , address: 0x3E8
--- Found a word to insert to address: 0x3EC
--- Found segment that must be added. Length: 4 , address: 0x3F0
--- Found a word to insert to address: 0x3F4
--- Found segment that must be added. Length: 48 , address: 0x3F8
--- Found a word to insert to address: 0x428
--- Found segment that must be added. Length: 8 , address: 0x42C
--- Found a word to insert to address: 0x434
--- Found segment that must be added. Length: 8 , address: 0x438
--- Found a word to insert to address: 0x440
--- Found segment that must be added. Length: 12 , address: 0x444
--- Found a word to insert to address: 0x450
--- Found segment that must be added. Length: 36 , address: 0x454
--- Found a word to insert to address: 0x478
--- Found segment that must be added. Length: 28 , address: 0x47C
--- Found a word to insert to address: 0x498
--- Found segment that must be added. Length: 8 , address: 0x49C
--- Found segment that will be moved from address: 0x2EC to address: 0x4A4 of length 8
--- Found segment that must be added. Length: 8 , address: 0x4AC
--- Found a word to insert to address: 0x4B4
--- Found segment that must be added. Length: 16 , address: 0x4B8
--- Found a word to insert to address: 0x4C8
--- Found segment that must be added. Length: 8 , address: 0x4CC
--- Found a word to insert to address: 0x4D4
--- Found segment that must be added. Length: 4 , address: 0x4D8
--- Found a word to insert to address: 0x4DC
--- Found segment that must be added. Length: 4 , address: 0x4E0
--- Found a word to insert to address: 0x4E4
--- Found segment that must be added. Length: 12 , address: 0x4E8
--- Found a word to insert to address: 0x4F4
--- Found segment that must be added. Length: 52 , address: 0x4F8
--- Found segment that will be moved from address: 0x374 to address: 0x52C of length 8
--- Found segment that must be added. Length: 32 , address: 0x534
--- Found a word to insert to address: 0x554
--- Found segment that must be added. Length: 12 , address: 0x558
--- Found segment that will be moved from address: 0x38C to address: 0x564 of length 16
--- Found segment that must be added. Length: 12 , address: 0x574
--- Found a word to insert to address: 0x580
--- Found a word to insert to address: 0x584
--- Found segment that must be added. Length: 8 , address: 0x588
--- Found a word to insert to address: 0x590
--- Found segment that must be added. Length: 28 , address: 0x594
--- Found segment that will be moved from address: 0x3D8 to address: 0x5B0 of length 8
--- Found segment that must be added. Length: 4 , address: 0x5B8
--- Found segment that will be moved from address: 0x3E4 to address: 0x5BC of length 12
--- Found segment that must be added. Length: 8 , address: 0x5C8
--- Found segment that will be moved from address: 0x3F8 to address: 0x5D0 of length 84
--- Found segment that must be added. Length: 4 , address: 0x624
--- Found a word to insert to address: 0x628
--- Found a word to insert to address: 0x62C
--- Found segment that must be added. Length: 4 , address: 0x630
--- Found segment that will be moved from address: 0x45C to address: 0x634 of length 32
--- Found segment that must be added. Length: 20 , address: 0x654
--- Found segment that will be moved from address: 0x490 to address: 0x668 of length 228
--- Found segment that must be added. Length: 8 , address: 0x74C
--- Found segment that will be moved from address: 0x57C to address: 0x754 of length 100
--- Found segment that must be added. Length: 8 , address: 0x7B8
--- Found segment that will be moved from address: 0x5E8 to address: 0x7C0 of length 120
--- Found segment that must be added. Length: 4 , address: 0x838
--- Found segment that will be moved from address: 0x664 to address: 0x83C of length 36
--- Found segment that must be added. Length: 12 , address: 0x860
--- Found segment that will be moved from address: 0x694 to address: 0x86C of length 36
--- Found segment that must be added. Length: 8 , address: 0x890
--- Found segment that will be moved from address: 0x6C0 to address: 0x898 of length 60
--- Found segment that must be added. Length: 4 , address: 0x8D4
--- Found segment that will be moved from address: 0x700 to address: 0x8D8 of length 48
--- Found segment that must be added. Length: 4 , address: 0x908
--- Found segment that will be moved from address: 0x734 to address: 0x90C of length 68
--- Found segment that must be added. Length: 12 , address: 0x950
--- Found segment that will be moved from address: 0x784 to address: 0x95C of length 76
--- Found segment that must be added. Length: 8 , address: 0x9A8
--- Found segment that will be moved from address: 0x7D8 to address: 0x9B0 of length 56
--- Found segment that must be added. Length: 8 , address: 0x9E8
--- Found segment that will be moved from address: 0x818 to address: 0x9F0 of length 88
--- Found segment that must be added. Length: 4 , address: 0xA48
--- Found a word to insert to address: 0xA4C
--- Found segment that must be added. Length: 8 , address: 0xA50
--- Found segment that will be moved from address: 0x880 to address: 0xA58 of length 104
--- Found segment that must be added. Length: 4 , address: 0xAC0
--- Found segment that will be moved from address: 0x8EC to address: 0xAC4 of length 12
--- Found segment that must be added. Length: 12 , address: 0xAD0
--- Found a word to insert to address: 0xADC
--- Found segment that must be added. Length: 4 , address: 0xAE0
--- Found a word to insert to address: 0xAE4
--- Found segment that must be added. Length: 28 , address: 0xAE8
--- Found segment that will be moved from address: 0x92C to address: 0xB04 of length 72
--- Found segment that must be added. Length: 4 , address: 0xB4C
--- Found segment that will be moved from address: 0x978 to address: 0xB50 of length 56
--- Found segment that must be added. Length: 8 , address: 0xB88
--- Found segment that will be moved from address: 0x9B8 to address: 0xB90 of length 32
--- Found segment that must be added. Length: 4 , address: 0xBB0
--- Found segment that will be moved from address: 0x9DC to address: 0xBB4 of length 72
--- Found segment that must be added. Length: 20 , address: 0xBFC
--- Found a word to insert to address: 0xC10
--- Found segment that must be added. Length: 4 , address: 0xC14
--- Found segment that will be moved from address: 0xA40 to address: 0xC18 of length 116
--- Found segment that must be added. Length: 8 , address: 0xC8C
--- Found segment that will be moved from address: 0xABC to address: 0xC94 of length 48
--- Found segment that must be added. Length: 8 , address: 0xCC4
--- Found segment that will be moved from address: 0xAF4 to address: 0xCCC of length 48
--- Found segment that must be added. Length: 20 , address: 0xCFC
--- Found segment that will be moved from address: 0xB38 to address: 0xD10 of length 28
--- Found segment that must be added. Length: 4 , address: 0xD2C
--- Found segment that will be moved from address: 0x6CC to address: 0xD30 of length 8
--- Found a word to insert to address: 0xD38
--- Found a word to insert to address: 0xD3C
--- Found segment that must be added. Length: 12 , address: 0xD40
--- Found a word to insert to address: 0xD4C
--- Found segment that will be moved from address: 0x75F4 to address: 0xD50 of length 16
--- Found segment that must be added. Length: 4 , address: 0xD60
--- Found segment that will be moved from address: 0xAF4 to address: 0xD64 of length 8
--- Found a word to insert to address: 0xD6C
--- Found segment that must be added. Length: 32 , address: 0xD70
--- Found a word to insert to address: 0xD90
--- Found segment that must be added. Length: 16 , address: 0xD94
--- Found a word to insert to address: 0xDA4
--- Found segment that must be added. Length: 4 , address: 0xDA8
--- Found segment that will be moved from address: 0xB58 to address: 0xDAC of length 12
--- Found segment that must be added. Length: 4 , address: 0xDB8
--- Found segment that will be moved from address: 0xB68 to address: 0xDBC of length 32
--- Found segment that must be added. Length: 4 , address: 0xDDC
--- Found segment that will be moved from address: 0xB8C to address: 0xDE0 of length 124
--- Found segment that must be added. Length: 4 , address: 0xE5C
--- Found segment that will be moved from address: 0xC0C to address: 0xE60 of length 84
--- Found segment that must be added. Length: 4 , address: 0xEB4
--- Found segment that will be moved from address: 0xC64 to address: 0xEB8 of length 16
--- Found segment that must be added. Length: 4 , address: 0xEC8
--- Found a word to insert to address: 0xECC
--- Found segment that must be added. Length: 8 , address: 0xED0
--- Found segment that will be moved from address: 0xC84 to address: 0xED8 of length 16
--- Found a word to insert to address: 0xEE8
--- Found a word to insert to address: 0xEEC
--- Found segment that must be added. Length: 8 , address: 0xEF0
--- Found segment that will be moved from address: 0xCA4 to address: 0xEF8 of length 148
--- Found segment that must be added. Length: 4 , address: 0xF8C
--- Found segment that will be moved from address: 0xD3C to address: 0xF90 of length 168
--- Found segment that must be added. Length: 4 , address: 0x1038
--- Found segment that will be moved from address: 0xDE8 to address: 0x103C of length 84
--- Found segment that must be added. Length: 4 , address: 0x1090
--- Found segment that will be moved from address: 0xE40 to address: 0x1094 of length 72
--- Found segment that must be added. Length: 4 , address: 0x10DC
--- Found segment that will be moved from address: 0xE8C to address: 0x10E0 of length 120
--- Found segment that must be added. Length: 8 , address: 0x1158
--- Found segment that will be moved from address: 0xF0C to address: 0x1160 of length 8
--- Found segment that must be added. Length: 8 , address: 0x1168
--- Found segment that will be moved from address: 0xF1C to address: 0x1170 of length 44
--- Found segment that must be added. Length: 4 , address: 0x119C
--- Found a word to insert to address: 0x11A0
--- Found a word to insert to address: 0x11A4
--- Found segment that will be moved from address: 0xF54 to address: 0x11A8 of length 28
--- Found segment that must be added. Length: 16 , address: 0x11C4
--- Found segment that will be moved from address: 0xF80 to address: 0x11D4 of length 76
--- Found segment that must be added. Length: 4 , address: 0x1220
--- Found segment that will be moved from address: 0xFD0 to address: 0x1224 of length 88
--- Found segment that must be added. Length: 4 , address: 0x127C
--- Found segment that will be moved from address: 0x102C to address: 0x1280 of length 104
--- Found segment that must be added. Length: 8 , address: 0x12E8
--- Found a word to insert to address: 0x12F0
--- Found segment that must be added. Length: 20 , address: 0x12F4
--- Found a word to insert to address: 0x1308
--- Found segment that must be added. Length: 24 , address: 0x130C
--- Found segment that will be moved from address: 0x10D0 to address: 0x1324 of length 20
--- Found segment that must be added. Length: 4 , address: 0x1338
--- Found segment that will be moved from address: 0x10E8 to address: 0x133C of length 432
--- Found segment that must be added. Length: 4 , address: 0x14EC
--- Found segment that will be moved from address: 0x129C to address: 0x14F0 of length 48
--- Found segment that must be added. Length: 4 , address: 0x1520
--- Found segment that will be moved from address: 0x12D0 to address: 0x1524 of length 180
--- Found segment that must be added. Length: 4 , address: 0x15D8
--- Found segment that will be moved from address: 0x1388 to address: 0x15DC of length 100
--- Found segment that must be added. Length: 4 , address: 0x1640
--- Found segment that will be moved from address: 0x13F0 to address: 0x1644 of length 60
--- Found segment that must be added. Length: 4 , address: 0x1680
--- Found segment that will be moved from address: 0x1430 to address: 0x1684 of length 340
--- Found segment that must be added. Length: 4 , address: 0x17D8
--- Found segment that will be moved from address: 0x1588 to address: 0x17DC of length 48
--- Found segment that must be added. Length: 8 , address: 0x180C
--- Found segment that will be moved from address: 0x15C0 to address: 0x1814 of length 92
--- Found segment that must be added. Length: 4 , address: 0x1870
--- Found segment that will be moved from address: 0x1620 to address: 0x1874 of length 40
--- Found segment that must be added. Length: 4 , address: 0x189C
--- Found segment that will be moved from address: 0x164C to address: 0x18A0 of length 180
--- Found segment that must be added. Length: 4 , address: 0x1954
--- Found segment that will be moved from address: 0x1704 to address: 0x1958 of length 100
--- Found segment that must be added. Length: 4 , address: 0x19BC
--- Found segment that will be moved from address: 0x176C to address: 0x19C0 of length 396
--- Found segment that must be added. Length: 4 , address: 0x1B4C
--- Found segment that will be moved from address: 0x18FC to address: 0x1B50 of length 112
--- Found segment that must be added. Length: 4 , address: 0x1BC0
--- Found segment that will be moved from address: 0x1970 to address: 0x1BC4 of length 124
--- Found segment that must be added. Length: 4 , address: 0x1C40
--- Found segment that will be moved from address: 0x19F0 to address: 0x1C44 of length 56
--- Found segment that must be added. Length: 4 , address: 0x1C7C
--- Found segment that will be moved from address: 0x1A2C to address: 0x1C80 of length 108
--- Found segment that must be added. Length: 4 , address: 0x1CEC
--- Found segment that will be moved from address: 0x1A9C to address: 0x1CF0 of length 288
--- Found segment that must be added. Length: 8 , address: 0x1E10
--- Found segment that will be moved from address: 0x1BC4 to address: 0x1E18 of length 52
--- Found segment that must be added. Length: 4 , address: 0x1E4C
--- Found segment that will be moved from address: 0x1BFC to address: 0x1E50 of length 20
--- Found segment that must be added. Length: 4 , address: 0x1E64
--- Found segment that will be moved from address: 0x1C14 to address: 0x1E68 of length 136
--- Found segment that must be added. Length: 4 , address: 0x1EF0
--- Found segment that will be moved from address: 0x1CA0 to address: 0x1EF4 of length 592
--- Found segment that must be added. Length: 4 , address: 0x2144
--- Found segment that will be moved from address: 0x1EF4 to address: 0x2148 of length 20
--- Found segment that must be added. Length: 12 , address: 0x215C
--- Found segment that will be moved from address: 0x1F14 to address: 0x2168 of length 168
--- Found segment that must be added. Length: 4 , address: 0x2210
--- Found segment that will be moved from address: 0x1FC0 to address: 0x2214 of length 108
--- Found segment that must be added. Length: 16 , address: 0x2280
--- Found segment that will be moved from address: 0x203C to address: 0x2290 of length 156
--- Found segment that must be added. Length: 8 , address: 0x232C
--- Found segment that will be moved from address: 0x20E0 to address: 0x2334 of length 104
--- Found segment that must be added. Length: 4 , address: 0x239C
--- Found segment that will be moved from address: 0x214C to address: 0x23A0 of length 60
--- Found segment that must be added. Length: 4 , address: 0x23DC
--- Found segment that will be moved from address: 0x218C to address: 0x23E0 of length 20
--- Found segment that must be added. Length: 4 , address: 0x23F4
--- Found segment that will be moved from address: 0x21A4 to address: 0x23F8 of length 224
--- Found segment that must be added. Length: 8 , address: 0x24D8
--- Found segment that will be moved from address: 0x228C to address: 0x24E0 of length 64
--- Found segment that must be added. Length: 4 , address: 0x2520
--- Found segment that will be moved from address: 0x22D0 to address: 0x2524 of length 220
--- Found segment that must be added. Length: 4 , address: 0x2600
--- Found segment that will be moved from address: 0x23B0 to address: 0x2604 of length 264
--- Found segment that must be added. Length: 4 , address: 0x270C
--- Found segment that will be moved from address: 0x24BC to address: 0x2710 of length 356
--- Found segment that must be added. Length: 8 , address: 0x2874
--- Found segment that will be moved from address: 0x2628 to address: 0x287C of length 64
--- Found segment that must be added. Length: 4 , address: 0x28BC
--- Found segment that will be moved from address: 0x266C to address: 0x28C0 of length 152
--- Found segment that must be added. Length: 12 , address: 0x2958
--- Found segment that will be moved from address: 0x2710 to address: 0x2964 of length 80
--- Found segment that must be added. Length: 4 , address: 0x29B4
--- Found segment that will be moved from address: 0x2764 to address: 0x29B8 of length 172
--- Found segment that must be added. Length: 4 , address: 0x2A64
--- Found segment that will be moved from address: 0x2814 to address: 0x2A68 of length 112
--- Found segment that must be added. Length: 24 , address: 0x2AD8
--- Found segment that will be moved from address: 0x289C to address: 0x2AF0 of length 8
--- Found segment that must be added. Length: 4 , address: 0x2AF8
--- Found segment that will be moved from address: 0x28A8 to address: 0x2AFC of length 48
--- Found segment that must be added. Length: 4 , address: 0x2B2C
--- Found segment that will be moved from address: 0x28DC to address: 0x2B30 of length 28
--- Found segment that must be added. Length: 4 , address: 0x2B4C
--- Found segment that will be moved from address: 0x28FC to address: 0x2B50 of length 60
--- Found segment that must be added. Length: 4 , address: 0x2B8C
--- Found segment that will be moved from address: 0x293C to address: 0x2B90 of length 16
--- Found segment that must be added. Length: 4 , address: 0x2BA0
--- Found segment that will be moved from address: 0x2950 to address: 0x2BA4 of length 16
--- Found segment that must be added. Length: 8 , address: 0x2BB4
--- Found a word to insert to address: 0x2BBC
--- Found segment that must be added. Length: 4 , address: 0x2BC0
--- Found a word to insert to address: 0x2BC4
--- Found segment that must be added. Length: 4 , address: 0x2BC8
--- Found a word to insert to address: 0x2BCC
--- Found segment that must be added. Length: 4 , address: 0x2BD0
--- Found a word to insert to address: 0x2BD4
--- Found segment that must be added. Length: 4 , address: 0x2BD8
--- Found segment that will be moved from address: 0x2988 to address: 0x2BDC of length 92
--- Found segment that must be added. Length: 8 , address: 0x2C38
--- Found segment that will be moved from address: 0x29EC to address: 0x2C40 of length 40
--- Found segment that must be added. Length: 8 , address: 0x2C68
--- Found segment that will be moved from address: 0x2A1C to address: 0x2C70 of length 20
--- Found segment that must be added. Length: 4 , address: 0x2C84
--- Found segment that will be moved from address: 0x2A34 to address: 0x2C88 of length 64
--- Found segment that must be added. Length: 12 , address: 0x2CC8
--- Found segment that will be moved from address: 0x2A80 to address: 0x2CD4 of length 80
--- Found segment that must be added. Length: 8 , address: 0x2D24
--- Found segment that will be moved from address: 0x2AD8 to address: 0x2D2C of length 164
--- Found segment that must be added. Length: 8 , address: 0x2DD0
--- Found segment that will be moved from address: 0x2B84 to address: 0x2DD8 of length 16
--- Found segment that must be added. Length: 4 , address: 0x2DE8
--- Found segment that will be moved from address: 0x2B98 to address: 0x2DEC of length 224
--- Found segment that must be added. Length: 8 , address: 0x2ECC
--- Found segment that will be moved from address: 0x2C80 to address: 0x2ED4 of length 20
--- Found segment that must be added. Length: 4 , address: 0x2EE8
--- Found segment that will be moved from address: 0x2C98 to address: 0x2EEC of length 40
--- Found segment that must be added. Length: 4 , address: 0x2F14
--- Found segment that will be moved from address: 0x2CC4 to address: 0x2F18 of length 88
--- Found segment that must be added. Length: 4 , address: 0x2F70
--- Found segment that will be moved from address: 0x2D20 to address: 0x2F74 of length 52
--- Found segment that must be added. Length: 4 , address: 0x2FA8
--- Found segment that will be moved from address: 0x2D58 to address: 0x2FAC of length 44
--- Found segment that must be added. Length: 4 , address: 0x2FD8
--- Found segment that will be moved from address: 0x2D88 to address: 0x2FDC of length 28
--- Found segment that must be added. Length: 4 , address: 0x2FF8
--- Found segment that will be moved from address: 0x2DA8 to address: 0x2FFC of length 44
--- Found segment that must be added. Length: 8 , address: 0x3028
--- Found segment that will be moved from address: 0x2DDC to address: 0x3030 of length 88
--- Found segment that must be added. Length: 4 , address: 0x3088
--- Found segment that will be moved from address: 0x2E38 to address: 0x308C of length 24
--- Found segment that must be added. Length: 4 , address: 0x30A4
--- Found segment that will be moved from address: 0x2E54 to address: 0x30A8 of length 76
--- Found segment that must be added. Length: 8 , address: 0x30F4
--- Found segment that will be moved from address: 0x2EA8 to address: 0x30FC of length 20
--- Found segment that must be added. Length: 4 , address: 0x3110
--- Found segment that will be moved from address: 0x2EC0 to address: 0x3114 of length 236
--- Found segment that must be added. Length: 12 , address: 0x3200
--- Found segment that will be moved from address: 0x2FB8 to address: 0x320C of length 60
--- Found segment that must be added. Length: 4 , address: 0x3248
--- Found segment that will be moved from address: 0x2FF8 to address: 0x324C of length 40
--- Found segment that must be added. Length: 8 , address: 0x3274
--- Found segment that will be moved from address: 0x3028 to address: 0x327C of length 20
--- Found segment that must be added. Length: 8 , address: 0x3290
--- Found segment that will be moved from address: 0x3044 to address: 0x3298 of length 24
--- Found segment that must be added. Length: 4 , address: 0x32B0
--- Found segment that will be moved from address: 0x3060 to address: 0x32B4 of length 68
--- Found segment that must be added. Length: 4 , address: 0x32F8
--- Found segment that will be moved from address: 0x30A8 to address: 0x32FC of length 20
--- Found segment that must be added. Length: 4 , address: 0x3310
--- Found segment that will be moved from address: 0x30C0 to address: 0x3314 of length 120
--- Found segment that must be added. Length: 12 , address: 0x338C
--- Found segment that will be moved from address: 0x3144 to address: 0x3398 of length 64
--- Found segment that must be added. Length: 4 , address: 0x33D8
--- Found segment that will be moved from address: 0x3188 to address: 0x33DC of length 180
--- Found segment that must be added. Length: 16 , address: 0x3490
--- Found segment that will be moved from address: 0x324C to address: 0x34A0 of length 48
--- Found segment that must be added. Length: 4 , address: 0x34D0
--- Found segment that will be moved from address: 0x3280 to address: 0x34D4 of length 20
--- Found segment that must be added. Length: 4 , address: 0x34E8
--- Found segment that will be moved from address: 0x3298 to address: 0x34EC of length 84
--- Found segment that must be added. Length: 4 , address: 0x3540
--- Found segment that will be moved from address: 0x32F0 to address: 0x3544 of length 316
--- Found segment that must be added. Length: 28 , address: 0x3680
--- Found segment that will be moved from address: 0x3448 to address: 0x369C of length 56
--- Found segment that must be added. Length: 8 , address: 0x36D4
--- Found segment that will be moved from address: 0x3488 to address: 0x36DC of length 56
--- Found segment that must be added. Length: 4 , address: 0x3714
--- Found segment that will be moved from address: 0x34C4 to address: 0x3718 of length 20
--- Found segment that must be added. Length: 4 , address: 0x372C
--- Found segment that will be moved from address: 0x34DC to address: 0x3730 of length 380
--- Found segment that must be added. Length: 4 , address: 0x38AC
--- Found segment that will be moved from address: 0x365C to address: 0x38B0 of length 168
--- Found segment that must be added. Length: 4 , address: 0x3958
--- Found segment that will be moved from address: 0x3708 to address: 0x395C of length 416
--- Found segment that must be added. Length: 4 , address: 0x3AFC
--- Found segment that will be moved from address: 0x38AC to address: 0x3B00 of length 704
--- Found segment that must be added. Length: 4 , address: 0x3DC0
--- Found segment that will be moved from address: 0x3B70 to address: 0x3DC4 of length 16
--- Found segment that must be added. Length: 4 , address: 0x3DD4
--- Found segment that will be moved from address: 0x3B84 to address: 0x3DD8 of length 836
--- Found segment that must be added. Length: 8 , address: 0x411C
--- Found segment that will be moved from address: 0x3ED0 to address: 0x4124 of length 84
--- Found segment that must be added. Length: 4 , address: 0x4178
--- Found segment that will be moved from address: 0x3F28 to address: 0x417C of length 432
--- Found segment that must be added. Length: 8 , address: 0x432C
--- Found segment that will be moved from address: 0x40E0 to address: 0x4334 of length 36
--- Found segment that must be added. Length: 4 , address: 0x4358
--- Found segment that will be moved from address: 0x4108 to address: 0x435C of length 180
--- Found segment that must be added. Length: 12 , address: 0x4410
--- Found segment that will be moved from address: 0x41C8 to address: 0x441C of length 16
--- Found segment that must be added. Length: 4 , address: 0x442C
--- Found segment that will be moved from address: 0x41DC to address: 0x4430 of length 72
--- Found segment that must be added. Length: 4 , address: 0x4478
--- Found segment that will be moved from address: 0x4228 to address: 0x447C of length 308
--- Found segment that must be added. Length: 24 , address: 0x45B0
--- Found segment that will be moved from address: 0x4374 to address: 0x45C8 of length 440
--- Found segment that must be added. Length: 4 , address: 0x4780
--- Found segment that will be moved from address: 0x4530 to address: 0x4784 of length 180
--- Found segment that must be added. Length: 12 , address: 0x4838
--- Found segment that will be moved from address: 0x45F0 to address: 0x4844 of length 140
--- Found segment that must be added. Length: 4 , address: 0x48D0
--- Found segment that will be moved from address: 0x4680 to address: 0x48D4 of length 164
--- Found segment that must be added. Length: 4 , address: 0x4978
--- Found segment that will be moved from address: 0x4728 to address: 0x497C of length 24
--- Found segment that must be added. Length: 4 , address: 0x4994
--- Found segment that will be moved from address: 0x4744 to address: 0x4998 of length 168
--- Found segment that must be added. Length: 4 , address: 0x4A40
--- Found segment that will be moved from address: 0x47F0 to address: 0x4A44 of length 128
--- Found a word to insert to address: 0x4AC4
--- Found segment that must be added. Length: 4 , address: 0x4AC8
--- Found segment that will be moved from address: 0x4878 to address: 0x4ACC of length 8
--- Found segment that must be added. Length: 4 , address: 0x4AD4
--- Found segment that will be moved from address: 0x4864 to address: 0x4AD8 of length 12
--- Found a word to insert to address: 0x4AE4
--- Found segment that must be added. Length: 4 , address: 0x4AE8
--- Found segment that will be moved from address: 0x4898 to address: 0x4AEC of length 8
--- Found segment that must be added. Length: 4 , address: 0x4AF4
--- Found segment that will be moved from address: 0x48A4 to address: 0x4AF8 of length 28
--- Found segment that must be added. Length: 4 , address: 0x4B14
--- Found segment that will be moved from address: 0x48C4 to address: 0x4B18 of length 156
--- Found segment that must be added. Length: 8 , address: 0x4BB4
--- Found segment that will be moved from address: 0x4968 to address: 0x4BBC of length 36
--- Found segment that must be added. Length: 4 , address: 0x4BE0
--- Found segment that will be moved from address: 0x4990 to address: 0x4BE4 of length 196
--- Found segment that must be added. Length: 12 , address: 0x4CA8
--- Found segment that will be moved from address: 0x4A60 to address: 0x4CB4 of length 24
--- Found segment that must be added. Length: 4 , address: 0x4CCC
--- Found segment that will be moved from address: 0x4A7C to address: 0x4CD0 of length 132
--- Found segment that must be added. Length: 8 , address: 0x4D54
--- Found segment that will be moved from address: 0x4B08 to address: 0x4D5C of length 44
--- Found segment that must be added. Length: 4 , address: 0x4D88
--- Found segment that will be moved from address: 0x4B38 to address: 0x4D8C of length 12
--- Found segment that must be added. Length: 4 , address: 0x4D98
--- Found segment that will be moved from address: 0x4B48 to address: 0x4D9C of length 8
--- Found segment that must be added. Length: 4 , address: 0x4DA4
--- Found segment that will be moved from address: 0x4B54 to address: 0x4DA8 of length 12
--- Found segment that must be added. Length: 4 , address: 0x4DB4
--- Found segment that will be moved from address: 0x4B64 to address: 0x4DB8 of length 172
--- Found segment that must be added. Length: 4 , address: 0x4E64
--- Found segment that will be moved from address: 0x4C14 to address: 0x4E68 of length 44
--- Found segment that must be added. Length: 4 , address: 0x4E94
--- Found segment that will be moved from address: 0x4C44 to address: 0x4E98 of length 140
--- Found segment that must be added. Length: 8 , address: 0x4F24
--- Found segment that will be moved from address: 0x4CD8 to address: 0x4F2C of length 156
--- Found segment that must be added. Length: 4 , address: 0x4FC8
--- Found segment that will be moved from address: 0x4D64 to address: 0x4FCC of length 16
--- Found segment that must be added. Length: 4 , address: 0x4FDC
--- Found segment that will be moved from address: 0x4D8C to address: 0x4FE0 of length 20
--- Found segment that must be added. Length: 4 , address: 0x4FF4
--- Found segment that will be moved from address: 0x4DA4 to address: 0x4FF8 of length 24
--- Found segment that must be added. Length: 4 , address: 0x5010
--- Found segment that will be moved from address: 0x4D8C to address: 0x5014 of length 20
--- Found segment that must be added. Length: 4 , address: 0x5028
--- Found segment that will be moved from address: 0x4DD8 to address: 0x502C of length 24
--- Found segment that must be added. Length: 4 , address: 0x5044
--- Found segment that will be moved from address: 0x4DF4 to address: 0x5048 of length 24
--- Found segment that must be added. Length: 4 , address: 0x5060
--- Found segment that will be moved from address: 0x4E10 to address: 0x5064 of length 484
--- Found segment that must be added. Length: 4 , address: 0x5248
--- Found segment that will be moved from address: 0x4FF8 to address: 0x524C of length 240
--- Found segment that must be added. Length: 4 , address: 0x533C
--- Found segment that will be moved from address: 0x50EC to address: 0x5340 of length 332
--- Found segment that must be added. Length: 12 , address: 0x548C
--- Found segment that will be moved from address: 0x5244 to address: 0x5498 of length 8
--- Found segment that must be added. Length: 4 , address: 0x54A0
--- Found segment that will be moved from address: 0x5250 to address: 0x54A4 of length 20
--- Found segment that must be added. Length: 4 , address: 0x54B8
--- Found segment that will be moved from address: 0x5268 to address: 0x54BC of length 180
--- Found segment that must be added. Length: 4 , address: 0x5570
--- Found segment that will be moved from address: 0x5320 to address: 0x5574 of length 20
--- Found segment that must be added. Length: 4 , address: 0x5588
--- Found segment that will be moved from address: 0x5338 to address: 0x558C of length 184
--- Found segment that must be added. Length: 4 , address: 0x5644
--- Found segment that will be moved from address: 0x53F4 to address: 0x5648 of length 220
--- Found segment that must be added. Length: 4 , address: 0x5724
--- Found segment that will be moved from address: 0x54D4 to address: 0x5728 of length 40
--- Found segment that must be added. Length: 4 , address: 0x5750
--- Found segment that will be moved from address: 0x5500 to address: 0x5754 of length 28
--- Found segment that must be added. Length: 16 , address: 0x5770
--- Found segment that will be moved from address: 0x552C to address: 0x5780 of length 40
--- Found segment that must be added. Length: 4 , address: 0x57A8
--- Found segment that will be moved from address: 0x5558 to address: 0x57AC of length 112
--- Found segment that must be added. Length: 4 , address: 0x581C
--- Found segment that will be moved from address: 0x55CC to address: 0x5820 of length 8
--- Found segment that must be added. Length: 4 , address: 0x5828
--- Found segment that will be moved from address: 0x55D8 to address: 0x582C of length 16
--- Found segment that must be added. Length: 4 , address: 0x583C
--- Found segment that will be moved from address: 0x55EC to address: 0x5840 of length 40
--- Found segment that must be added. Length: 4 , address: 0x5868
--- Found a word to insert to address: 0x586C
--- Found segment that must be added. Length: 4 , address: 0x5870
--- Found segment that will be moved from address: 0x5620 to address: 0x5874 of length 224
--- Found segment that must be added. Length: 4 , address: 0x5954
--- Found a word to insert to address: 0x5958
--- Found segment that must be added. Length: 4 , address: 0x595C
--- Found segment that will be moved from address: 0x570C to address: 0x5960 of length 8
--- Found segment that must be added. Length: 4 , address: 0x5968
--- Found segment that will be moved from address: 0x5718 to address: 0x596C of length 16
--- Found segment that must be added. Length: 4 , address: 0x597C
--- Found a word to insert to address: 0x5980
--- Found segment that must be added. Length: 12 , address: 0x5984
--- Found segment that will be moved from address: 0x573C to address: 0x5990 of length 12
--- Found segment that must be added. Length: 4 , address: 0x599C
--- Found a word to insert to address: 0x59A0
--- Found segment that must be added. Length: 4 , address: 0x59A4
--- Found segment that will be moved from address: 0x5754 to address: 0x59A8 of length 12
--- Found segment that must be added. Length: 4 , address: 0x59B4
--- Found segment that will be moved from address: 0x5764 to address: 0x59B8 of length 124
--- Found segment that must be added. Length: 4 , address: 0x5A34
--- Found segment that will be moved from address: 0x57E4 to address: 0x5A38 of length 16
--- Found a word to insert to address: 0x5A48
--- Found segment that must be added. Length: 8 , address: 0x5A4C
--- Found segment that will be moved from address: 0x5800 to address: 0x5A54 of length 104
--- Found segment that must be added. Length: 4 , address: 0x5ABC
--- Found segment that will be moved from address: 0x586C to address: 0x5AC0 of length 16
--- Found segment that must be added. Length: 4 , address: 0x5AD0
--- Found a word to insert to address: 0x5AD4
--- Found segment that must be added. Length: 4 , address: 0x5AD8
--- Found segment that will be moved from address: 0x5888 to address: 0x5ADC of length 8
--- Found segment that must be added. Length: 4 , address: 0x5AE4
--- Found segment that will be moved from address: 0x5894 to address: 0x5AE8 of length 8
--- Found segment that must be added. Length: 4 , address: 0x5AF0
--- Found segment that will be moved from address: 0x58A0 to address: 0x5AF4 of length 32
--- Found segment that must be added. Length: 4 , address: 0x5B14
--- Found segment that will be moved from address: 0x58C4 to address: 0x5B18 of length 8
--- Found segment that must be added. Length: 4 , address: 0x5B20
--- Found segment that will be moved from address: 0x58D0 to address: 0x5B24 of length 16
--- Found segment that must be added. Length: 4 , address: 0x5B34
--- Found segment that will be moved from address: 0x58E4 to address: 0x5B38 of length 24
--- Found segment that must be added. Length: 4 , address: 0x5B50
--- Found segment that will be moved from address: 0x5900 to address: 0x5B54 of length 56
--- Found segment that must be added. Length: 4 , address: 0x5B8C
--- Found segment that will be moved from address: 0x593C to address: 0x5B90 of length 96
--- Found segment that must be added. Length: 4 , address: 0x5BF0
--- Found segment that will be moved from address: 0x59A0 to address: 0x5BF4 of length 20
--- Found segment that must be added. Length: 4 , address: 0x5C08
--- Found segment that will be moved from address: 0x59B8 to address: 0x5C0C of length 12
--- Found segment that must be added. Length: 4 , address: 0x5C18
--- Found segment that will be moved from address: 0x59C8 to address: 0x5C1C of length 8
--- Found segment that must be added. Length: 4 , address: 0x5C24
--- Found segment that will be moved from address: 0x59D4 to address: 0x5C28 of length 16
--- Found segment that must be added. Length: 4 , address: 0x5C38
--- Found segment that will be moved from address: 0x59E8 to address: 0x5C3C of length 64
--- Found segment that must be added. Length: 4 , address: 0x5C7C
--- Found segment that will be moved from address: 0x5A2C to address: 0x5C80 of length 56
--- Found segment that must be added. Length: 8 , address: 0x5CB8
--- Found a word to insert to address: 0x5CC0
--- Found segment that will be moved from address: 0x5A70 to address: 0x5CC4 of length 184
--- Found segment that must be added. Length: 4 , address: 0x5D7C
--- Found segment that will be moved from address: 0x5B2C to address: 0x5D80 of length 12
--- Found segment that must be added. Length: 4 , address: 0x5D8C
--- Found segment that will be moved from address: 0x5B3C to address: 0x5D90 of length 48
--- Found segment that must be added. Length: 4 , address: 0x5DC0
--- Found segment that will be moved from address: 0x5B70 to address: 0x5DC4 of length 12
--- Found segment that must be added. Length: 4 , address: 0x5DD0
--- Found segment that will be moved from address: 0x5B80 to address: 0x5DD4 of length 236
--- Found segment that must be added. Length: 4 , address: 0x5EC0
--- Found segment that will be moved from address: 0x1EF4 to address: 0x5EC4 of length 12
--- Found segment that must be added. Length: 4 , address: 0x5ED0
--- Found segment that will be moved from address: 0x5C80 to address: 0x5ED4 of length 116
--- Found segment that must be added. Length: 16 , address: 0x5F48
--- Found segment that will be moved from address: 0x5D04 to address: 0x5F58 of length 348
--- Found segment that must be added. Length: 8 , address: 0x60B4
--- Found segment that will be moved from address: 0x5E68 to address: 0x60BC of length 356
--- Found segment that must be added. Length: 4 , address: 0x6220
--- Found segment that will be moved from address: 0x5FD0 to address: 0x6224 of length 372
--- Found segment that must be added. Length: 4 , address: 0x6398
--- Found segment that will be moved from address: 0x6148 to address: 0x639C of length 16
--- Found segment that must be added. Length: 4 , address: 0x63AC
--- Found segment that will be moved from address: 0x615C to address: 0x63B0 of length 32
--- Found segment that must be added. Length: 4 , address: 0x63D0
--- Found segment that will be moved from address: 0x6180 to address: 0x63D4 of length 60
--- Found segment that must be added. Length: 12 , address: 0x6410
--- Found segment that will be moved from address: 0x61C8 to address: 0x641C of length 24
--- Found segment that must be added. Length: 12 , address: 0x6434
--- Found segment that will be moved from address: 0x61EC to address: 0x6440 of length 32
--- Found segment that must be added. Length: 4 , address: 0x6460
--- Found segment that will be moved from address: 0x6210 to address: 0x6464 of length 44
--- Found segment that must be added. Length: 4 , address: 0x6490
--- Found segment that will be moved from address: 0x6240 to address: 0x6494 of length 16
--- Found segment that must be added. Length: 4 , address: 0x64A4
--- Found segment that will be moved from address: 0x6254 to address: 0x64A8 of length 140
--- Found segment that must be added. Length: 4 , address: 0x6534
--- Found segment that will be moved from address: 0x62E4 to address: 0x6538 of length 568
--- Found segment that must be added. Length: 4 , address: 0x6770
--- Found segment that will be moved from address: 0x6520 to address: 0x6774 of length 60
--- Found segment that must be added. Length: 4 , address: 0x67B0
--- Found segment that will be moved from address: 0x6560 to address: 0x67B4 of length 12
--- Found segment that must be added. Length: 4 , address: 0x67C0
--- Found segment that will be moved from address: 0x6570 to address: 0x67C4 of length 36
--- Found segment that must be added. Length: 8 , address: 0x67E8
--- Found segment that will be moved from address: 0x659C to address: 0x67F0 of length 56
--- Found a word to insert to address: 0x6828
--- Found a word to insert to address: 0x682C
--- Found segment that must be added. Length: 4 , address: 0x6830
--- Found segment that will be moved from address: 0x65E0 to address: 0x6834 of length 392
--- Found segment that must be added. Length: 4 , address: 0x69BC
--- Found segment that will be moved from address: 0x676C to address: 0x69C0 of length 100
--- Found segment that must be added. Length: 4 , address: 0x6A24
--- Found segment that will be moved from address: 0x67D4 to address: 0x6A28 of length 692
--- Found segment that must be added. Length: 4 , address: 0x6CDC
--- Found segment that will be moved from address: 0x6A8C to address: 0x6CE0 of length 16
--- Found segment that must be added. Length: 4 , address: 0x6CF0
--- Found segment that will be moved from address: 0x6AA0 to address: 0x6CF4 of length 16
--- Found segment that must be added. Length: 8 , address: 0x6D04
--- Found segment that will be moved from address: 0x6AB8 to address: 0x6D0C of length 16
--- Found segment that must be added. Length: 4 , address: 0x6D1C
--- Found segment that will be moved from address: 0x6ACC to address: 0x6D20 of length 16
--- Found segment that must be added. Length: 8 , address: 0x6D30
--- Found segment that will be moved from address: 0x6AE4 to address: 0x6D38 of length 20
--- Found segment that must be added. Length: 4 , address: 0x6D4C
--- Found segment that will be moved from address: 0x6AFC to address: 0x6D50 of length 204
--- Found segment that must be added. Length: 48 , address: 0x6E1C
--- Found segment that will be moved from address: 0x6BF8 to address: 0x6E4C of length 32
--- Found segment that must be added. Length: 4 , address: 0x6E6C
--- Found a word to insert to address: 0x6E70
--- Found segment that must be added. Length: 4 , address: 0x6E74
--- Found segment that will be moved from address: 0x6C24 to address: 0x6E78 of length 52
--- Found segment that must be added. Length: 4 , address: 0x6EAC
--- Found segment that will be moved from address: 0x6C5C to address: 0x6EB0 of length 16
--- Found segment that must be added. Length: 4 , address: 0x6EC0
--- Found segment that will be moved from address: 0x6C70 to address: 0x6EC4 of length 84
--- Found segment that must be added. Length: 4 , address: 0x6F18
--- Found segment that will be moved from address: 0x6CC8 to address: 0x6F1C of length 72
--- Found segment that must be added. Length: 4 , address: 0x6F64
--- Found segment that will be moved from address: 0x6D14 to address: 0x6F68 of length 20
--- Found segment that must be added. Length: 4 , address: 0x6F7C
--- Found segment that will be moved from address: 0x6D2C to address: 0x6F80 of length 12
--- Found segment that must be added. Length: 8 , address: 0x6F8C
--- Found segment that will be moved from address: 0x6D40 to address: 0x6F94 of length 16
--- Found segment that must be added. Length: 4 , address: 0x6FA4
--- Found segment that will be moved from address: 0x6D54 to address: 0x6FA8 of length 180
--- Found segment that must be added. Length: 4 , address: 0x705C
--- Found segment that will be moved from address: 0x6E0C to address: 0x7060 of length 8
--- Found segment that must be added. Length: 4 , address: 0x7068
--- Found a word to insert to address: 0x706C
--- Found segment that must be added. Length: 4 , address: 0x7070
--- Found segment that will be moved from address: 0x6E20 to address: 0x7074 of length 28
--- Found segment that must be added. Length: 4 , address: 0x7090
--- Found segment that will be moved from address: 0x6E40 to address: 0x7094 of length 88
--- Found segment that must be added. Length: 4 , address: 0x70EC
--- Found segment that will be moved from address: 0x6E9C to address: 0x70F0 of length 332
--- Found segment that must be added. Length: 4 , address: 0x723C
--- Found segment that will be moved from address: 0x6FEC to address: 0x7240 of length 176
--- Found segment that must be added. Length: 4 , address: 0x72F0
--- Found segment that will be moved from address: 0x70A0 to address: 0x72F4 of length 8
--- Found segment that must be added. Length: 8 , address: 0x72FC
--- Found segment that will be moved from address: 0x70B0 to address: 0x7304 of length 48
--- Found segment that must be added. Length: 4 , address: 0x7334
--- Found segment that will be moved from address: 0x70E4 to address: 0x7338 of length 44
--- Found segment that must be added. Length: 4 , address: 0x7364
--- Found segment that will be moved from address: 0x7114 to address: 0x7368 of length 96
--- Found segment that must be added. Length: 4 , address: 0x73C8
--- Found a word to insert to address: 0x73CC
--- Found segment that must be added. Length: 8 , address: 0x73D0
--- Found segment that will be moved from address: 0x7184 to address: 0x73D8 of length 12
--- Found segment that must be added. Length: 4 , address: 0x73E4
--- Found segment that will be moved from address: 0x7194 to address: 0x73E8 of length 128
--- Found segment that must be added. Length: 12 , address: 0x7468
--- Found segment that will be moved from address: 0x7220 to address: 0x7474 of length 28
--- Found segment that must be added. Length: 4 , address: 0x7490
--- Found segment that will be moved from address: 0x7240 to address: 0x7494 of length 132
--- Found segment that must be added. Length: 8 , address: 0x7518
--- Found segment that will be moved from address: 0x72CC to address: 0x7520 of length 44
--- Found segment that must be added. Length: 4 , address: 0x754C
--- Found a word to insert to address: 0x7550
--- Found segment that must be added. Length: 8 , address: 0x7554
--- Found segment that will be moved from address: 0x7308 to address: 0x755C of length 24
--- Found segment that must be added. Length: 4 , address: 0x7574
--- Found segment that will be moved from address: 0x7324 to address: 0x7578 of length 76
--- Found segment that must be added. Length: 8 , address: 0x75C4
--- Found segment that will be moved from address: 0x7378 to address: 0x75CC of length 20
--- Found segment that must be added. Length: 4 , address: 0x75E0
--- Found segment that will be moved from address: 0x7390 to address: 0x75E4 of length 48
--- Found segment that must be added. Length: 4 , address: 0x7614
--- Found segment that will be moved from address: 0x73C4 to address: 0x7618 of length 112
--- Found segment that must be added. Length: 12 , address: 0x7688
--- Found segment that will be moved from address: 0x7440 to address: 0x7694 of length 72
--- Found segment that must be added. Length: 8 , address: 0x76DC
--- Found segment that will be moved from address: 0x7490 to address: 0x76E4 of length 32
--- Found segment that must be added. Length: 4 , address: 0x7704
--- Found segment that will be moved from address: 0x74B4 to address: 0x7708 of length 24
--- Found segment that must be added. Length: 4 , address: 0x7720
--- Found segment that will be moved from address: 0x74D0 to address: 0x7724 of length 20
--- Found segment that must be added. Length: 4 , address: 0x7738
--- Found segment that will be moved from address: 0x74E8 to address: 0x773C of length 40
--- Found segment that must be added. Length: 4 , address: 0x7764
--- Found segment that will be moved from address: 0x7514 to address: 0x7768 of length 184
--- Found segment that must be added. Length: 8 , address: 0x7820
--- Found segment that will be moved from address: 0x75D4 to address: 0x7828 of length 8
--- Found segment that must be added. Length: 4 , address: 0x7830
--- Found segment that will be moved from address: 0x75E0 to address: 0x7834 of length 36
--- Found segment that must be added. Length: 4 , address: 0x7858
--- Found segment that will be moved from address: 0x7608 to address: 0x785C of length 36
--- Found segment that must be added. Length: 4 , address: 0x7880
--- Found segment that will be moved from address: 0x7630 to address: 0x7884 of length 60
--- Found segment that must be added. Length: 12 , address: 0x78C0
--- Found segment that will be moved from address: 0x7678 to address: 0x78CC of length 76
--- Found segment that must be added. Length: 4 , address: 0x7918
--- Found segment that will be moved from address: 0x70B0 to address: 0x791C of length 48
--- Found segment that must be added. Length: 4 , address: 0x794C
--- Found segment that will be moved from address: 0x70E4 to address: 0x7950 of length 44
--- Found segment that must be added. Length: 4 , address: 0x797C
--- Found segment that will be moved from address: 0x772C to address: 0x7980 of length 372
--- Found segment that must be added. Length: 4 , address: 0x7AF4
--- Found segment that will be moved from address: 0x78A4 to address: 0x7AF8 of length 12
--- Found segment that must be added. Length: 4 , address: 0x7B04
--- Found segment that will be moved from address: 0x78B4 to address: 0x7B08 of length 52
--- Found segment that must be added. Length: 4 , address: 0x7B3C
--- Found segment that will be moved from address: 0x78EC to address: 0x7B40 of length 332
--- Found segment that must be added. Length: 8 , address: 0x7C8C
--- Found segment that will be moved from address: 0x7A40 to address: 0x7C94 of length 16
--- Found segment that must be added. Length: 4 , address: 0x7CA4
--- Found segment that will be moved from address: 0x7A54 to address: 0x7CA8 of length 240
--- Found segment that must be added. Length: 4 , address: 0x7D98
--- Found segment that will be moved from address: 0x7B48 to address: 0x7D9C of length 508
--- Found segment that must be added. Length: 4 , address: 0x7F98
--- Found a word to insert to address: 0x7F9C
--- Found segment that must be added. Length: 28 , address: 0x7FA0
--- Found segment that will be moved from address: 0x7D68 to address: 0x7FBC of length 12
--- Found segment that must be added. Length: 24 , address: 0x7FC8
--- Found segment that will be moved from address: 0x7D8C to address: 0x7FE0 of length 404
--- Found segment that must be added. Length: 4 , address: 0x8174
--- Found segment that will be moved from address: 0x7F24 to address: 0x8178 of length 8
--- Found segment that must be added. Length: 4 , address: 0x8180
--- Found segment that will be moved from address: 0x7F30 to address: 0x8184 of length 40
--- Found segment that must be added. Length: 12 , address: 0x81AC
--- Found a word to insert to address: 0x81B8
--- Found segment that must be added. Length: 24 , address: 0x81BC
--- Found segment that will be moved from address: 0x7F80 to address: 0x81D4 of length 48
--- Found segment that must be added. Length: 16 , address: 0x8204
--- Found segment that will be moved from address: 0x7FC0 to address: 0x8214 of length 44
--- Found segment that must be added. Length: 16 , address: 0x8240
--- Found segment that will be moved from address: 0x7FFC to address: 0x8250 of length 44
--- Found segment that must be added. Length: 16 , address: 0x827C
--- Found segment that will be moved from address: 0x8038 to address: 0x828C of length 756
--- Found segment that must be added. Length: 36 , address: 0x8580
--- Found a word to insert to address: 0x85A4
--- Found segment that must be added. Length: 4 , address: 0x85A8
--- Found segment that will be moved from address: 0x8358 to address: 0x85AC of length 200
--- Found segment that must be added. Length: 12 , address: 0x8674
--- Found segment that will be moved from address: 0x842C to address: 0x8680 of length 20
--- Found segment that must be added. Length: 8 , address: 0x8694
--- Found segment that will be moved from address: 0x8448 to address: 0x869C of length 136
--- Found segment that must be added. Length: 60 , address: 0x8724
--- Found segment that will be moved from address: 0x850C to address: 0x8760 of length 52
--- Found segment that must be added. Length: 20 , address: 0x8794
--- Found segment that will be moved from address: 0x8554 to address: 0x87A8 of length 20
--- Found segment that must be added. Length: 4 , address: 0x87BC
--- Found segment that will be moved from address: 0x856C to address: 0x87C0 of length 44
--- Found segment that must be added. Length: 4 , address: 0x87EC
--- Found segment that will be moved from address: 0x859C to address: 0x87F0 of length 56
--- Found segment that must be added. Length: 4 , address: 0x8828
--- Found a word to insert to address: 0x882C
--- Found segment that must be added. Length: 4 , address: 0x8830
--- Found segment that will be moved from address: 0x85E0 to address: 0x8834 of length 104
--- Found segment that must be added. Length: 24 , address: 0x889C
--- Found segment that will be moved from address: 0x8660 to address: 0x88B4 of length 172
--- Found segment that must be added. Length: 32 , address: 0x8960
--- Found segment that will be moved from address: 0x872C to address: 0x8980 of length 108
--- Found segment that must be added. Length: 8 , address: 0x89EC
--- Found segment that will be moved from address: 0x87A0 to address: 0x89F4 of length 100
--- Found segment that must be added. Length: 20 , address: 0x8A58
--- Found segment that will be moved from address: 0x8818 to address: 0x8A6C of length 112
--- Found segment that must be added. Length: 20 , address: 0x8ADC
--- Found segment that will be moved from address: 0x889C to address: 0x8AF0 of length 580
--- Found segment that must be added. Length: 36 , address: 0x8D34
--- Found a word to insert to address: 0x8D58
--- Found segment that must be added. Length: 24 , address: 0x8D5C
--- Found a word to insert to address: 0x8D74
--- Found segment that must be added. Length: 8 , address: 0x8D78
--- Found segment that will be moved from address: 0x8B2C to address: 0x8D80 of length 804
--- Found segment that must be added. Length: 24 , address: 0x90A4
--- Found a word to insert to address: 0x90BC
--- Found segment that must be added. Length: 20 , address: 0x90C0
--- Found a word to insert to address: 0x90D4
--- Found segment that must be added. Length: 4 , address: 0x90D8
--- Found a word to insert to address: 0x90DC
--- Found a word to insert to address: 0x90E0
--- Found a word to insert to address: 0x90E4
--- Found segment that must be added. Length: 44 , address: 0x90E8
--- Found a word to insert to address: 0x9114
--- Found segment that must be added. Length: 36 , address: 0x9118
--- Found segment that will be moved from address: 0x8EE8 to address: 0x913C of length 856
--- Found segment that must be added. Length: 172 , address: 0x9494
--- Found segment that will be moved from address: 0x92EC to address: 0x9540 of length 744
--- Found segment that must be added. Length: 12 , address: 0x9828
--- Found a word to insert to address: 0x9834
--- Found segment that must be added. Length: 4 , address: 0x9838
--- Found a word to insert to address: 0x983C
--- Found segment that must be added. Length: 52 , address: 0x9840
--- Found a word to insert to address: 0x9874
--- Found a word to insert to address: 0x9878
--- Found segment that must be added. Length: 8 , address: 0x987C
--- Found a word to insert to address: 0x9884
--- Found segment that must be added. Length: 76 , address: 0x9888
--- Found segment that will be moved from address: 0x9680 to address: 0x98D4 of length 272
--- Found segment that must be added. Length: 52 , address: 0x99E4
--- Found segment that will be moved from address: 0x97C4 to address: 0x9A18 of length 40
--- Found segment that must be added. Length: 24 , address: 0x9A40
--- Found segment that will be moved from address: 0x9804 to address: 0x9A58 of length 28
--- Found segment that must be added. Length: 4 , address: 0x9A74
--- Found segment that will be moved from address: 0x9824 to address: 0x9A78 of length 324
--- Found segment that must be added. Length: 60 , address: 0x9BBC
--- Found a word to insert to address: 0x9BF8
--- Found segment that will be moved from address: 0x99A8 to address: 0x9BFC of length 56
--- Found segment that must be added. Length: 8 , address: 0x9C34
--- Found segment that will be moved from address: 0x99E8 to address: 0x9C3C of length 20
--- Found segment that must be added. Length: 4 , address: 0x9C50
--- Found segment that will be moved from address: 0x9A00 to address: 0x9C54 of length 24
--- Found segment that must be added. Length: 4 , address: 0x9C6C
--- Found segment that will be moved from address: 0x9A1C to address: 0x9C70 of length 28
--- Found segment that must be added. Length: 4 , address: 0x9C8C
--- Found segment that will be moved from address: 0x9A3C to address: 0x9C90 of length 24
--- Found segment that must be added. Length: 4 , address: 0x9CA8
--- Found segment that will be moved from address: 0x9A58 to address: 0x9CAC of length 36
--- Found segment that must be added. Length: 4 , address: 0x9CD0
--- Found segment that will be moved from address: 0x9A80 to address: 0x9CD4 of length 608
--- Found segment that must be added. Length: 44 , address: 0x9F34
--- Found segment that will be moved from address: 0x9D0C to address: 0x9F60 of length 20
--- Found segment that must be added. Length: 8 , address: 0x9F74
--- Found segment that will be moved from address: 0x9D28 to address: 0x9F7C of length 16
--- Found segment that must be added. Length: 4 , address: 0x9F8C
--- Found segment that will be moved from address: 0x9D3C to address: 0x9F90 of length 488
--- Found segment that must be added. Length: 4 , address: 0xA178
--- Found segment that will be moved from address: 0x9F28 to address: 0xA17C of length 60
--- Found segment that must be added. Length: 12 , address: 0xA1B8
--- Found segment that will be moved from address: 0x9F70 to address: 0xA1C4 of length 36
--- Found segment that must be added. Length: 4 , address: 0xA1E8
--- Found segment that will be moved from address: 0x9F98 to address: 0xA1EC of length 8
--- Found segment that must be added. Length: 4 , address: 0xA1F4
--- Found a word to insert to address: 0xA1F8
--- Found segment that must be added. Length: 4 , address: 0xA1FC
--- Found segment that will be moved from address: 0x9FAC to address: 0xA200 of length 108
--- Found segment that must be added. Length: 4 , address: 0xA26C
--- Found segment that will be moved from address: 0xA01C to address: 0xA270 of length 152
--- Found segment that must be added. Length: 20 , address: 0xA308
--- Found segment that will be moved from address: 0xA0C8 to address: 0xA31C of length 44
--- Found segment that must be added. Length: 8 , address: 0xA348
--- Found segment that will be moved from address: 0xA0FC to address: 0xA350 of length 124
--- Found segment that must be added. Length: 8 , address: 0xA3CC
--- Found a word to insert to address: 0xA3D4
--- Found segment that must be added. Length: 4 , address: 0xA3D8
--- Found segment that will be moved from address: 0xA188 to address: 0xA3DC of length 8
--- Found segment that must be added. Length: 4 , address: 0xA3E4
--- Found segment that will be moved from address: 0xA194 to address: 0xA3E8 of length 64
--- Found segment that must be added. Length: 4 , address: 0xA428
--- Found segment that will be moved from address: 0xA1D8 to address: 0xA42C of length 28
--- Found segment that must be added. Length: 4 , address: 0xA448
--- Found segment that will be moved from address: 0xA1F8 to address: 0xA44C of length 36
--- Found segment that must be added. Length: 4 , address: 0xA470
--- Found segment that will be moved from address: 0xA220 to address: 0xA474 of length 12
--- Found segment that must be added. Length: 12 , address: 0xA480
--- Found segment that will be moved from address: 0xA238 to address: 0xA48C of length 20
--- Found segment that must be added. Length: 4 , address: 0xA4A0
--- Found segment that will be moved from address: 0xA250 to address: 0xA4A4 of length 780
--- Found segment that must be added. Length: 4 , address: 0xA7B0
--- Found segment that will be moved from address: 0xA560 to address: 0xA7B4 of length 396
--- Found segment that must be added. Length: 12 , address: 0xA940
--- Found segment that will be moved from address: 0xA6F8 to address: 0xA94C of length 32
--- Found segment that must be added. Length: 12 , address: 0xA96C
--- Found segment that will be moved from address: 0xA724 to address: 0xA978 of length 56
--- Found segment that must be added. Length: 16 , address: 0xA9B0
--- Found segment that will be moved from address: 0xA76C to address: 0xA9C0 of length 12
--- Found segment that must be added. Length: 4 , address: 0xA9CC
--- Found segment that will be moved from address: 0xA77C to address: 0xA9D0 of length 56
--- Found segment that must be added. Length: 4 , address: 0xAA08
--- Found segment that will be moved from address: 0xA7B8 to address: 0xAA0C of length 12
--- Found segment that must be added. Length: 4 , address: 0xAA18
--- Found segment that will be moved from address: 0xA7C8 to address: 0xAA1C of length 12
--- Found segment that must be added. Length: 4 , address: 0xAA28
--- Found segment that will be moved from address: 0xA7D8 to address: 0xAA2C of length 12
--- Found segment that must be added. Length: 4 , address: 0xAA38
--- Found segment that will be moved from address: 0xA7E8 to address: 0xAA3C of length 104
--- Found segment that must be added. Length: 8 , address: 0xAAA4
--- Found segment that will be moved from address: 0xA858 to address: 0xAAAC of length 136
--- Found segment that must be added. Length: 4 , address: 0xAB34
--- Found segment that will be moved from address: 0xA8E4 to address: 0xAB38 of length 156
--- Found segment that must be added. Length: 4 , address: 0xABD4
--- Found segment that will be moved from address: 0xA984 to address: 0xABD8 of length 120
--- Found segment that must be added. Length: 12 , address: 0xAC50
--- Found segment that will be moved from address: 0xAA08 to address: 0xAC5C of length 56
--- Found segment that must be added. Length: 16 , address: 0xAC94
--- Found segment that will be moved from address: 0xAA50 to address: 0xACA4 of length 252
--- Found segment that must be added. Length: 4 , address: 0xADA0
--- Found segment that will be moved from address: 0xAB50 to address: 0xADA4 of length 180
--- Found segment that must be added. Length: 8 , address: 0xAE58
--- Found segment that will be moved from address: 0xAC0C to address: 0xAE60 of length 48
--- Found segment that must be added. Length: 4 , address: 0xAE90
--- Found segment that will be moved from address: 0xAC40 to address: 0xAE94 of length 36
--- Found segment that must be added. Length: 4 , address: 0xAEB8
--- Found segment that will be moved from address: 0xAC68 to address: 0xAEBC of length 136
--- Found segment that must be added. Length: 12 , address: 0xAF44
--- Found segment that will be moved from address: 0xACFC to address: 0xAF50 of length 216
--- Found segment that must be added. Length: 12 , address: 0xB028
--- Found segment that will be moved from address: 0xADE0 to address: 0xB034 of length 16
--- Found segment that must be added. Length: 4 , address: 0xB044
--- Found segment that will be moved from address: 0xADF4 to address: 0xB048 of length 84
--- Found segment that must be added. Length: 12 , address: 0xB09C
--- Found segment that will be moved from address: 0xAE54 to address: 0xB0A8 of length 56
--- Found segment that must be added. Length: 4 , address: 0xB0E0
--- Found segment that will be moved from address: 0xAE90 to address: 0xB0E4 of length 548
--- Found segment that must be added. Length: 4 , address: 0xB308
--- Found segment that will be moved from address: 0xB0B8 to address: 0xB30C of length 24
--- Found segment that must be added. Length: 4 , address: 0xB324
--- Found segment that will be moved from address: 0xB0D4 to address: 0xB328 of length 272
--- Found segment that must be added. Length: 4 , address: 0xB438
--- Found segment that will be moved from address: 0xB1E8 to address: 0xB43C of length 20
--- Found segment that must be added. Length: 4 , address: 0xB450
--- Found segment that will be moved from address: 0xB200 to address: 0xB454 of length 160
--- Found segment that must be added. Length: 12 , address: 0xB4F4
--- Found segment that will be moved from address: 0xB2AC to address: 0xB500 of length 224
--- Found segment that must be added. Length: 16 , address: 0xB5E0
--- Found segment that will be moved from address: 0xB39C to address: 0xB5F0 of length 212
--- Found segment that must be added. Length: 4 , address: 0xB6C4
--- Found segment that will be moved from address: 0xB474 to address: 0xB6C8 of length 12
--- Found segment that must be added. Length: 4 , address: 0xB6D4
--- Found segment that will be moved from address: 0xB484 to address: 0xB6D8 of length 12
--- Found segment that must be added. Length: 4 , address: 0xB6E4
--- Found segment that will be moved from address: 0xB494 to address: 0xB6E8 of length 784
--- Found segment that must be added. Length: 12 , address: 0xB9F8
--- Found a word to insert to address: 0xBA04
--- Found segment that must be added. Length: 4 , address: 0xBA08
--- Found segment that will be moved from address: 0xB7B8 to address: 0xBA0C of length 764
--- Found segment that must be added. Length: 8 , address: 0xBD08
--- Found segment that will be moved from address: 0xBABC to address: 0xBD10 of length 676
--- Found segment that must be added. Length: 24 , address: 0xBFB4
--- Found a word to insert to address: 0xBFCC
--- Found segment that must be added. Length: 4 , address: 0xBFD0
--- Found segment that will be moved from address: 0xBD80 to address: 0xBFD4 of length 292
--- Found segment that must be added. Length: 20 , address: 0xC0F8
--- Found segment that will be moved from address: 0xBEB8 to address: 0xC10C of length 60
--- Found segment that will be moved from address: 0xBF08 to address: 0xC148 of length 12
--- Found segment that will be moved from address: 0xBEF4 to address: 0xC154 of length 20
--- Found segment that will be moved from address: 0xBF14 to address: 0xC168 of length 196
--- Found segment that must be added. Length: 72 , address: 0xC22C
--- Found a word to insert to address: 0xC274
--- Found segment that will be moved from address: 0xE658 to address: 0xC278 of length 8
--- Found segment that must be added. Length: 12 , address: 0xC280
--- Found a word to insert to address: 0xC28C
--- Found segment that must be added. Length: 12 , address: 0xC290
--- Found a word to insert to address: 0xC29C
--- Found segment that must be added. Length: 32 , address: 0xC2A0
--- Found a word to insert to address: 0xC2C0
--- Found segment that must be added. Length: 12 , address: 0xC2C4
--- Found segment that will be moved from address: 0xC080 to address: 0xC2D0 of length 16
--- Found a word to insert to address: 0xC2E0
--- Found segment that must be added. Length: 8 , address: 0xC2E4
--- Found a word to insert to address: 0xC2EC
--- Found segment that will be moved from address: 0xC064 to address: 0xC2F0 of length 12
--- Found segment that must be added. Length: 28 , address: 0xC2FC
--- Found a word to insert to address: 0xC318
--- Found segment that must be added. Length: 8 , address: 0xC31C
--- Found a word to insert to address: 0xC324
--- Found segment that must be added. Length: 4 , address: 0xC328
--- Found segment that will be moved from address: 0xC068 to address: 0xC32C of length 8
--- Found segment that must be added. Length: 4 , address: 0xC334
--- Found a word to insert to address: 0xC338
--- Found segment that must be added. Length: 16 , address: 0xC33C
--- Found segment that will be moved from address: 0xE3FC to address: 0xC34C of length 8
--- Found a word to insert to address: 0xC354
--- Found segment that must be added. Length: 16 , address: 0xC358
--- Found a word to insert to address: 0xC368
--- Found segment that must be added. Length: 24 , address: 0xC36C
--- Found a word to insert to address: 0xC384
--- Found segment that must be added. Length: 16 , address: 0xC388
--- Found a word to insert to address: 0xC398
--- Found segment that must be added. Length: 56 , address: 0xC39C
--- Found a word to insert to address: 0xC3D4
--- Found segment that must be added. Length: 24 , address: 0xC3D8
--- Found segment that will be moved from address: 0xC120 to address: 0xC3F0 of length 8
--- Found segment that must be added. Length: 32 , address: 0xC3F8
--- Found a word to insert to address: 0xC418
--- Found segment that will be moved from address: 0xC14C to address: 0xC41C of length 60
--- Found segment that must be added. Length: 104 , address: 0xC458
--- Found a word to insert to address: 0xC4C0
--- Found segment that must be added. Length: 20 , address: 0xC4C4
--- Found segment that will be moved from address: 0xC1F0 to address: 0xC4D8 of length 268
--- Found segment that must be added. Length: 16 , address: 0xC5E4
--- Found a word to insert to address: 0xC5F4
--- Found segment that must be added. Length: 8 , address: 0xC5F8
--- Found a word to insert to address: 0xC600
--- Found a word to insert to address: 0xC604
--- Found segment that must be added. Length: 16 , address: 0xC608
--- Found segment that will be moved from address: 0xC330 to address: 0xC618 of length 648
--- Found segment that must be added. Length: 28 , address: 0xC8A0
--- Found segment that will be moved from address: 0xC5D4 to address: 0xC8BC of length 240

--- OPTIMIZING...

---- Optimized 2 ADD/INSERT operations by merging...
---- Optimized 2 ADD/INSERT operations by merging...
---- Optimized 2 ADD/INSERT operations by merging...
---- Optimized 2 ADD/INSERT operations by merging...
---- Optimized 2 ADD/INSERT operations by merging...
---- Optimized 2 ADD/INSERT operations by merging...
---- Optimized 2 ADD/INSERT operations by merging...
---- Optimized 2 ADD/INSERT operations by merging...
---- Optimized 2 ADD/INSERT operations by merging...
---- Optimized 2 ADD/INSERT operations by merging...
---- Optimized 2 ADD/INSERT operations by merging...
---- Optimized 2 ADD/INSERT operations by merging...
---- Optimized 2 ADD/INSERT operations by merging...
---- Optimized 2 ADD/INSERT operations by merging...
---- Optimized 2 ADD/INSERT operations by merging...
---- Optimized 2 ADD/INSERT operations by merging...
---- Optimized 2 ADD/INSERT operations by merging...
---- Optimized 2 ADD/INSERT operations by merging...
---- Optimized 2 ADD/INSERT operations by merging...
---- Optimized 2 ADD/INSERT operations by merging...
---- Optimized 2 ADD/INSERT operations by merging...
---- Optimized 2 ADD/INSERT operations by merging...
---- Optimized 2 ADD/INSERT operations by merging...
---- Optimized 2 ADD/INSERT operations by merging...
---- Optimized 2 ADD/INSERT operations by merging...
---- Optimized 2 ADD/INSERT operations by merging...
---- Optimized 2 ADD/INSERT operations by merging...
---- Optimized 2 ADD/INSERT operations by merging...
---- Optimized 2 ADD/INSERT operations by merging...
---- Optimized 2 ADD/INSERT operations by merging...
---- Optimized 2 ADD/INSERT operations by merging...
---- Optimized 2 ADD/INSERT operations by merging...
---- Optimized 2 ADD/INSERT operations by merging...
---- Optimized 2 ADD/INSERT operations by merging...
---- Optimized 2 ADD/INSERT operations by merging...
---- Optimized 2 ADD/INSERT operations by merging...
---- Optimized 2 ADD/INSERT operations by merging...
---- Optimized 2 ADD/INSERT operations by merging...
---- Optimized 2 ADD/INSERT operations by merging...
---- Optimized 2 ADD/INSERT operations by merging...
---- Optimized 2 ADD/INSERT operations by merging...
---- Optimized 2 ADD/INSERT operations by merging...
---- Optimized 2 ADD/INSERT operations by merging...
---- Optimized 2 ADD/INSERT operations by merging...
---- Optimized 2 ADD/INSERT operations by merging...
---- Optimized 2 ADD/INSERT operations by merging...
---- Optimized 2 ADD/INSERT operations by merging...
---- Optimized 2 ADD/INSERT operations by merging...
---- Optimized 2 ADD/INSERT operations by merging...
---- Optimized 2 ADD/INSERT operations by merging...
---- Optimized 2 ADD/INSERT operations by merging...
---- Optimized 2 ADD/INSERT operations by merging...
---- Optimized 2 ADD/INSERT operations by merging...
---- Optimized 2 ADD/INSERT operations by merging...
---- Optimized COPY and ADD operations to preceding ADD...
---- Optimized COPY and ADD operations to preceding ADD...
---- Optimized 2 ADD/INSERT operations by merging...
---- Optimized 2 ADD/INSERT operations by merging...
---- Optimized COPY and ADD operations to preceding ADD...
---- Optimized 2 ADD/INSERT operations by merging...
---- Optimized 2 ADD/INSERT operations by merging...
---- Optimized 2 ADD/INSERT operations by merging...
---- Optimized 2 ADD/INSERT operations by merging...
---- Optimized 2 ADD/INSERT operations by merging...
---- Optimized 2 ADD/INSERT operations by merging...
---- Optimized 2 ADD/INSERT operations by merging...
---- Optimized 2 ADD/INSERT operations by merging...
---- Optimized 2 ADD/INSERT operations by merging...
---- Optimized 2 ADD/INSERT operations by merging...
---- Optimized 2 ADD/INSERT operations by merging...
---- Optimized 2 ADD/INSERT operations by merging...
---- Optimized 2 ADD/INSERT operations by merging...
---- Optimized 2 ADD/INSERT operations by merging...
---- Optimized 2 ADD/INSERT operations by merging...
---- Optimized 2 ADD/INSERT operations by merging...
---- Optimized 2 ADD/INSERT operations by merging...
---- Optimized 2 ADD/INSERT operations by merging...
---- Optimized 2 ADD/INSERT operations by merging...
---- Optimized 2 ADD/INSERT operations by merging...
---- Optimized 2 ADD/INSERT operations by merging...
---- Optimized 2 ADD/INSERT operations by merging...
---- Optimized COPY and ADD operations to preceding ADD...
---- Optimized COPY and ADD operations to preceding ADD...
---- Optimized 2 ADD/INSERT operations by merging...
---- Optimized 2 ADD/INSERT operations by merging...
---- Optimized 2 ADD/INSERT operations by merging...
---- Optimized 2 ADD/INSERT operations by merging...
---- Optimized 2 ADD/INSERT operations by merging...
---- Optimized 2 ADD/INSERT operations by merging...
---- Optimized 2 ADD/INSERT operations by merging...
---- Optimized 2 ADD/INSERT operations by merging...
---- Optimized 2 ADD/INSERT operations by merging...
---- Optimized 2 ADD/INSERT operations by merging...
---- Optimized 2 ADD/INSERT operations by merging...
---- Optimized 2 ADD/INSERT operations by merging...
---- Optimized 2 ADD/INSERT operations by merging...
---- Optimized 2 ADD/INSERT operations by merging...
---- Optimized 2 ADD/INSERT operations by merging...
---- Optimized 2 ADD/INSERT operations by merging...
---- Optimized 2 ADD/INSERT operations by merging...
---- Optimized 2 ADD/INSERT operations by merging...
---- Optimized 2 ADD/INSERT operations by merging...
---- Optimized 2 ADD/INSERT operations by merging...
---- Optimized COPY and ADD operations to preceding ADD...
---- Optimized 2 ADD/INSERT operations by merging...
---- Optimized 2 ADD/INSERT operations by merging...
---- Optimized 2 ADD/INSERT operations by merging...
---- Optimized 2 ADD/INSERT operations by merging...
---- Optimized 2 ADD/INSERT operations by merging...
---- Optimized 2 ADD/INSERT operations by merging...
---- Optimized 2 ADD/INSERT operations by merging...
---- Optimized 2 ADD/INSERT operations by merging...
---- Optimized 2 ADD/INSERT operations by merging...
---- Optimized 2 ADD/INSERT operations by merging...
---- Optimized 2 ADD/INSERT operations by merging...
---- Optimized 2 ADD/INSERT operations by merging...
---- Optimized COPY and ADD operations to preceding ADD...
---- Optimized 2 ADD/INSERT operations by merging...
---- Optimized 2 ADD/INSERT operations by merging...
---- Optimized 2 ADD/INSERT operations by merging...
---- Optimized 2 ADD/INSERT operations by merging...
---- Optimized 2 ADD/INSERT operations by merging...
---- Optimized 2 ADD/INSERT operations by merging...
---- Optimized 2 ADD/INSERT operations by merging...
---- Optimized COPY and ADD operations to preceding ADD...
---- Optimized COPY and ADD operations to preceding ADD...
---- Optimized 2 ADD/INSERT operations by merging...
---- Optimized 2 ADD/INSERT operations by merging...
---- Optimized 2 ADD/INSERT operations by merging...
---- Optimized 2 ADD/INSERT operations by merging...
---- Optimized 2 ADD/INSERT operations by merging...
---- Optimized COPY and ADD operations to preceding ADD...
---- Optimized 2 ADD/INSERT operations by merging...
---- Optimized 2 ADD/INSERT operations by merging...
---- Optimized 2 ADD/INSERT operations by merging...
---- Optimized 2 ADD/INSERT operations by merging...
---- Optimized 2 ADD/INSERT operations by merging...
---- Optimized 2 ADD/INSERT operations by merging...
---- Optimized COPY and ADD operations to preceding ADD...
---- Optimized 2 ADD/INSERT operations by merging...
---- Optimized 2 ADD/INSERT operations by merging...
---- Optimized 2 ADD/INSERT operations by merging...
---- Optimized COPY and ADD operations to preceding ADD...
---- Optimized 2 ADD/INSERT operations by merging...
---- Optimized 2 ADD/INSERT operations by merging...
---- Optimized 2 ADD/INSERT operations by merging...
---- Optimized 2 ADD/INSERT operations by merging...
---- Optimized 2 ADD/INSERT operations by merging...
---- Optimized COPY and ADD operations to preceding ADD...
---- Optimized 2 ADD/INSERT operations by merging...
---- Optimized 2 ADD/INSERT operations by merging...
---- Optimized 2 ADD/INSERT operations by merging...
---- Optimized 2 ADD/INSERT operations by merging...
---- Optimized COPY and ADD operations to preceding ADD...
---- Optimized 2 ADD/INSERT operations by merging...
---- Optimized 2 ADD/INSERT operations by merging...
---- Optimized 2 ADD/INSERT operations by merging...
---- Optimized 2 ADD/INSERT operations by merging...
---- Optimized 2 ADD/INSERT operations by merging...
---- Optimized 2 ADD/INSERT operations by merging...
---- Optimized COPY and ADD operations to preceding ADD...
---- Optimized 2 ADD/INSERT operations by merging...
---- Optimized 2 ADD/INSERT operations by merging...
---- Optimized 2 ADD/INSERT operations by merging...
---- Optimized 2 ADD/INSERT operations by merging...
---- Optimized 2 ADD/INSERT operations by merging...
---- Optimized 2 ADD/INSERT operations by merging...
---- Optimized 2 ADD/INSERT operations by merging...
---- Optimized 2 ADD/INSERT operations by merging...
---- Optimized 2 ADD/INSERT operations by merging...
---- Optimized COPY and ADD operations to preceding ADD...
---- Optimized COPY and ADD operations to preceding ADD...
---- Optimized 2 ADD/INSERT operations by merging...
---- Optimized COPY and ADD operations to preceding ADD...
---- Optimized COPY and ADD operations to preceding ADD...
---- Optimized COPY and ADD operations to preceding ADD...
---- Optimized COPY and ADD operations to preceding ADD...
---- Optimized COPY and ADD operations to preceding ADD...
---- Optimized COPY and ADD operations to preceding ADD...
---- Optimized 2 ADD/INSERT operations by merging...
---- Optimized 2 ADD/INSERT operations by merging...
---- Optimized 2 ADD/INSERT operations by merging...
---- Optimized 2 ADD/INSERT operations by merging...
---- Optimized COPY and ADD operations to preceding ADD...
---- Optimized 2 ADD/INSERT operations by merging...
---- Optimized 2 ADD/INSERT operations by merging...
---- Optimized COPY and ADD operations to preceding ADD...
---- Optimized 2 ADD/INSERT operations by merging...
---- Optimized 2 ADD/INSERT operations by merging...
---- Optimized COPY and ADD operations to preceding ADD...
---- Optimized 2 ADD/INSERT operations by merging...
---- Optimized 2 ADD/INSERT operations by merging...
---- Optimized 2 ADD/INSERT operations by merging...
---- Optimized COPY and ADD operations to preceding ADD...
---- Optimized COPY and ADD operations to preceding ADD...
---- Optimized COPY and ADD operations to preceding ADD...
---- Optimized COPY and ADD operations to preceding ADD...
---- Optimized COPY and ADD operations to preceding ADD...
---- Optimized 2 ADD/INSERT operations by merging...
---- Optimized COPY and ADD operations to preceding ADD...
---- Optimized COPY and ADD operations to preceding ADD...
---- Optimized COPY and ADD operations to preceding ADD...
---- Optimized COPY and ADD operations to preceding ADD...
---- Optimized 2 ADD/INSERT operations by merging...
---- Optimized 2 ADD/INSERT operations by merging...
---- Optimized 2 ADD/INSERT operations by merging...
---- Optimized 2 ADD/INSERT operations by merging...
---- Optimized COPY and ADD operations to preceding ADD...
---- Optimized COPY and ADD operations to preceding ADD...
---- Optimized 2 ADD/INSERT operations by merging...
---- Optimized 2 ADD/INSERT operations by merging...
---- Optimized COPY and ADD operations to preceding ADD...
---- Optimized 2 ADD/INSERT operations by merging...
---- Optimized 2 ADD/INSERT operations by merging...
---- Optimized COPY and ADD operations to preceding ADD...
---- Optimized 2 ADD/INSERT operations by merging...
---- Optimized 2 ADD/INSERT operations by merging...
---- Optimized COPY and ADD operations to preceding ADD...
---- Optimized COPY and ADD operations to preceding ADD...
---- Optimized 2 ADD/INSERT operations by merging...
---- Optimized 2 ADD/INSERT operations by merging...
---- Optimized COPY and ADD operations to preceding ADD...
---- Optimized COPY and ADD operations to preceding ADD...
---- Optimized 2 ADD/INSERT operations by merging...
---- Optimized 2 ADD/INSERT operations by merging...
---- Optimized 2 ADD/INSERT operations by merging...
---- Optimized 2 ADD/INSERT operations by merging...
---- Optimized 2 ADD/INSERT operations by merging...
---- Optimized 2 ADD/INSERT operations by merging...
---- Optimized 2 ADD/INSERT operations by merging...
---- Optimized 2 ADD/INSERT operations by merging...
---- Optimized 2 ADD/INSERT operations by merging...
---- Optimized 2 ADD/INSERT operations by merging...
---- Optimized 2 ADD/INSERT operations by merging...
---- Optimized 2 ADD/INSERT operations by merging...
---- Optimized 2 ADD/INSERT operations by merging...
---- Optimized 2 ADD/INSERT operations by merging...
---- Optimized 2 ADD/INSERT operations by merging...
---- Optimized 2 ADD/INSERT operations by merging...
---- Optimized 2 ADD/INSERT operations by merging...
---- Optimized 2 ADD/INSERT operations by merging...
---- Optimized 2 ADD/INSERT operations by merging...
---- Optimized 2 ADD/INSERT operations by merging...
---- Optimized 2 ADD/INSERT operations by merging...
---- Optimized 2 ADD/INSERT operations by merging...
---- Optimized 2 ADD/INSERT operations by merging...
---- Optimized 2 ADD/INSERT operations by merging...
---- Optimized 2 ADD/INSERT operations by merging...
---- Optimized 2 ADD/INSERT operations by merging...
---- Optimized 2 ADD/INSERT operations by merging...
---- Optimized 2 ADD/INSERT operations by merging...
---- Optimized 2 ADD/INSERT operations by merging...
---- Optimized 2 ADD/INSERT operations by merging...
---- Optimized COPY and ADD operations to preceding ADD...
---- Optimized 2 ADD/INSERT operations by merging...
---- Optimized 2 ADD/INSERT operations by merging...
---- Optimized 2 ADD/INSERT operations by merging...
---- Optimized 2 ADD/INSERT operations by merging...
---- Optimized COPY and ADD operations to preceding ADD...
---- Optimized COPY and ADD operations to preceding ADD...
---- Optimized COPY and ADD operations to preceding ADD...
---- Optimized COPY and ADD operations to preceding ADD...
---- Optimized COPY and ADD operations to preceding ADD...
---- Optimized COPY and ADD operations to preceding ADD...
---- Optimized COPY and ADD operations to preceding ADD...
---- Optimized COPY and ADD operations to preceding ADD...
---- Optimized 2 ADD/INSERT operations by merging...
---- Optimized 2 ADD/INSERT operations by merging...
---- Optimized 2 ADD/INSERT operations by merging...
---- Optimized 2 ADD/INSERT operations by merging...
---- Optimized 2 ADD/INSERT operations by merging...
---- Optimized COPY and ADD operations to preceding ADD...
---- Optimized 2 ADD/INSERT operations by merging...
---- Optimized 2 ADD/INSERT operations by merging...
---- Optimized 2 ADD/INSERT operations by merging...
---- Optimized 2 ADD/INSERT operations by merging...
---- Optimized 2 ADD/INSERT operations by merging...
---- Optimized 2 ADD/INSERT operations by merging...
---- Optimized 2 ADD/INSERT operations by merging...
---- Optimized 2 ADD/INSERT operations by merging...
---- Optimized COPY and ADD operations to preceding ADD...
---- Optimized 2 ADD/INSERT operations by merging...
---- Optimized 2 ADD/INSERT operations by merging...
---- Optimized 2 ADD/INSERT operations by merging...
---- Optimized 2 ADD/INSERT operations by merging...
---- Optimized COPY and ADD operations to preceding ADD...
---- Optimized 2 ADD/INSERT operations by merging...
---- Optimized 2 ADD/INSERT operations by merging...
---- Optimized COPY and ADD operations to preceding ADD...
---- Optimized 2 ADD/INSERT operations by merging...
---- Optimized 2 ADD/INSERT operations by merging...
---- Optimized 2 ADD/INSERT operations by merging...
---- Optimized 2 ADD/INSERT operations by merging...
---- Optimized 2 ADD/INSERT operations by merging...
---- Optimized 2 ADD/INSERT operations by merging...
---- Optimized 2 ADD/INSERT operations by merging...
---- Optimized 2 ADD/INSERT operations by merging...
---- Optimized 2 ADD/INSERT operations by merging...
---- Optimized COPY and ADD operations to preceding ADD...
---- Optimized 2 ADD/INSERT operations by merging...
---- Optimized 2 ADD/INSERT operations by merging...
---- Optimized 2 ADD/INSERT operations by merging...
---- Optimized 2 ADD/INSERT operations by merging...
---- Optimized 2 ADD/INSERT operations by merging...
---- Optimized 2 ADD/INSERT operations by merging...
---- Optimized 2 ADD/INSERT operations by merging...
---- Optimized 2 ADD/INSERT operations by merging...
--- Found segment that will be moved from address: 0xC6D4 to address: 0xC9BC of length 7260
--- Found segment that must be added. Length: 32 , address: 0xE618
--- Found a word to insert to address: 0xE638
--- Found segment that must be added. Length: 4 , address: 0xE63C
--- Found a word to insert to address: 0xE640
--- Found segment that must be added. Length: 4 , address: 0xE644
--- Found a word to insert to address: 0xE648
--- Found segment that must be added. Length: 4 , address: 0xE64C
--- Found a word to insert to address: 0xE650
--- Found segment that must be added. Length: 4 , address: 0xE654
--- Found a word to insert to address: 0xE658
--- Found segment that must be added. Length: 4 , address: 0xE65C
--- Found a word to insert to address: 0xE660
--- Found segment that must be added. Length: 4 , address: 0xE664
--- Found a word to insert to address: 0xE668
--- Found segment that must be added. Length: 4 , address: 0xE66C
--- Found a word to insert to address: 0xE670
--- Found segment that must be added. Length: 4 , address: 0xE674
--- Found a word to insert to address: 0xE678
--- Found segment that must be added. Length: 4 , address: 0xE67C
--- Found a word to insert to address: 0xE680
--- Found segment that must be added. Length: 4 , address: 0xE684
--- Found a word to insert to address: 0xE688
--- Found segment that must be added. Length: 4 , address: 0xE68C
--- Found a word to insert to address: 0xE690
--- Found segment that must be added. Length: 4 , address: 0xE694
--- Found a word to insert to address: 0xE698
--- Found segment that must be added. Length: 4 , address: 0xE69C
--- Found a word to insert to address: 0xE6A0
--- Found segment that must be added. Length: 4 , address: 0xE6A4
--- Found a word to insert to address: 0xE6A8
--- Found a word to insert to address: 0xE6AC
--- Found a word to insert to address: 0xE6B0
--- Found segment that must be added. Length: 4 , address: 0xE6B4
--- Found a word to insert to address: 0xE6B8
--- Found segment that must be added. Length: 4 , address: 0xE6BC
--- Found a word to insert to address: 0xE6C0
--- Found segment that must be added. Length: 4 , address: 0xE6C4
--- Found a word to insert to address: 0xE6C8
--- Found segment that must be added. Length: 4 , address: 0xE6CC
--- Found segment that will be moved from address: 0xE3E8 to address: 0xE6D0 of length 1032
--- Found segment that must be added. Length: 120 , address: 0xEAD8
--- Found segment that will be moved from address: 0xE868 to address: 0xEB50 of length 284
--- Found segment that must be added. Length: 4 , address: 0xEC6C
--- Found segment that will be moved from address: 0xE988 to address: 0xEC70 of length 276
--- Found segment that must be added. Length: 4 , address: 0xED84
--- Found a word to insert to address: 0xED88
--- Found segment that must be added. Length: 16 , address: 0xED8C
--- Found a word to insert to address: 0xED9C
--- Found segment that must be added. Length: 4 , address: 0xEDA0
--- Found segment that will be moved from address: 0xEAB4 to address: 0xEDA4 of length 16
--- Found segment that must be added. Length: 4 , address: 0xEDB4
--- Found a word to insert to address: 0xEDB8
--- Found segment that must be added. Length: 12 , address: 0xEDBC
--- Found segment that will be moved from address: 0xEAD8 to address: 0xEDC8 of length 84

--- OPTIMIZING...

---- Optimized 2 ADD/INSERT operations by merging...
---- Optimized 2 ADD/INSERT operations by merging...
---- Optimized 2 ADD/INSERT operations by merging...
---- Optimized 2 ADD/INSERT operations by merging...
---- Optimized 2 ADD/INSERT operations by merging...
---- Optimized 2 ADD/INSERT operations by merging...
---- Optimized 2 ADD/INSERT operations by merging...
---- Optimized 2 ADD/INSERT operations by merging...
---- Optimized 2 ADD/INSERT operations by merging...
---- Optimized 2 ADD/INSERT operations by merging...
---- Optimized 2 ADD/INSERT operations by merging...
---- Optimized 2 ADD/INSERT operations by merging...
---- Optimized 2 ADD/INSERT operations by merging...
---- Optimized 2 ADD/INSERT operations by merging...
---- Optimized 2 ADD/INSERT operations by merging...
---- Optimized 2 ADD/INSERT operations by merging...
---- Optimized 2 ADD/INSERT operations by merging...
---- Optimized 2 ADD/INSERT operations by merging...
---- Optimized 2 ADD/INSERT operations by merging...
---- Optimized 2 ADD/INSERT operations by merging...
---- Optimized 2 ADD/INSERT operations by merging...
---- Optimized 2 ADD/INSERT operations by merging...
---- Optimized 2 ADD/INSERT operations by merging...
---- Optimized 2 ADD/INSERT operations by merging...
---- Optimized 2 ADD/INSERT operations by merging...
---- Optimized 2 ADD/INSERT operations by merging...
---- Optimized 2 ADD/INSERT operations by merging...
---- Optimized 2 ADD/INSERT operations by merging...
---- Optimized 2 ADD/INSERT operations by merging...
---- Optimized 2 ADD/INSERT operations by merging...
---- Optimized 2 ADD/INSERT operations by merging...
---- Optimized 2 ADD/INSERT operations by merging...
---- Optimized 2 ADD/INSERT operations by merging...
---- Optimized 2 ADD/INSERT operations by merging...
---- Optimized 2 ADD/INSERT operations by merging...
---- Optimized 2 ADD/INSERT operations by merging...
---- Optimized 2 ADD/INSERT operations by merging...
---- Optimized 2 ADD/INSERT operations by merging...
---- Optimized 2 ADD/INSERT operations by merging...
---- Optimized 2 ADD/INSERT operations by merging...
---- Optimized 2 ADD/INSERT operations by merging...
---- Optimized 2 ADD/INSERT operations by merging...
---- Optimized 2 ADD/INSERT operations by merging...
---- Optimized 2 ADD/INSERT operations by merging...
-- Done...
------------------------------------------

-- Generating file 'data_basis\samd20-xpro\deltagen_rev_05_rev_06\deltagen_rev_05_rev_06'...
--- Data succesfully generated
--- Generating checksum CRC-16
--- Generated CRC-16
--- Finalizing delta file
--- Writing file 'data_basis\samd20-xpro\deltagen_rev_05_rev_06\deltagen_rev_05_rev_06'

-- OPERATION SUCCESFULL ...
Elapsed time: 00:00:02.2880113
------------------------------------------

