
There are 5 non-matching segments with total length of 18964
-- Found 5 segments that have changed...
-- Searching for matching segments...
-- Done searching...
------------------------------------------

-- Generating operations...
--- Found segment that must be added. Length: 12 , address: 0x4

--- OPTIMIZING...

--- Found word that must be inserted. Length: 4 , address: 0x2C

--- OPTIMIZING...

--- Found segment that must be added. Length: 108 , address: 0x38

--- OPTIMIZING...

--- Found word that must be inserted. Length: 4 , address: 0xB8

--- OPTIMIZING...

--- Found segment that must be added. Length: 4 , address: 0xC0
--- Found segment that will be moved from address: 0xFC to address: 0xC4 of length 8
--- Found segment that must be added. Length: 4 , address: 0xCC
--- Found a word to insert to address: 0xD0
--- Found segment that must be added. Length: 4 , address: 0xD4
--- Found a word to insert to address: 0xD8
--- Found segment that must be added. Length: 8 , address: 0xDC
--- Found a word to insert to address: 0xE4
--- Found segment that must be added. Length: 4 , address: 0xE8
--- Found a word to insert to address: 0xEC
--- Found segment that must be added. Length: 4 , address: 0xF0
--- Found a word to insert to address: 0xF4
--- Found segment that must be added. Length: 8 , address: 0xF8
--- Found a word to insert to address: 0x100
--- Found segment that must be added. Length: 8 , address: 0x104
--- Found a word to insert to address: 0x10C
--- Found segment that must be added. Length: 8 , address: 0x110
--- Found a word to insert to address: 0x118
--- Found segment that must be added. Length: 4 , address: 0x11C
--- Found a word to insert to address: 0x120
--- Found segment that must be added. Length: 8 , address: 0x124
--- Found a word to insert to address: 0x12C
--- Found segment that must be added. Length: 28 , address: 0x130
--- Found segment that will be moved from address: 0x1F0 to address: 0x14C of length 16
--- Found segment that must be added. Length: 8 , address: 0x15C
--- Found a word to insert to address: 0x164
--- Found segment that must be added. Length: 8 , address: 0x168
--- Found segment that will be moved from address: 0x214 to address: 0x170 of length 8
--- Found segment that must be added. Length: 4 , address: 0x178
--- Found segment that will be moved from address: 0x220 to address: 0x17C of length 12
--- Found segment that must be added. Length: 4 , address: 0x188
--- Found segment that will be moved from address: 0x230 to address: 0x18C of length 24
--- Found segment that must be added. Length: 8 , address: 0x1A4
--- Found a word to insert to address: 0x1AC
--- Found segment that must be added. Length: 4 , address: 0x1B0
--- Found segment that will be moved from address: 0x258 to address: 0x1B4 of length 40
--- Found segment that must be added. Length: 8 , address: 0x1DC
--- Found a word to insert to address: 0x1E4
--- Found segment that will be moved from address: 0x28C to address: 0x1E8 of length 36
--- Found a word to insert to address: 0x20C
--- Found segment that must be added. Length: 4 , address: 0x210
--- Found segment that will be moved from address: 0x2B8 to address: 0x214 of length 96
--- Found a word to insert to address: 0x274
--- Found segment that must be added. Length: 4 , address: 0x278
--- Found segment that will be moved from address: 0x320 to address: 0x27C of length 104
--- Found segment that must be added. Length: 4 , address: 0x2E4
--- Found segment that will be moved from address: 0x38C to address: 0x2E8 of length 12
--- Found segment that must be added. Length: 12 , address: 0x2F4
--- Found a word to insert to address: 0x300
--- Found segment that must be added. Length: 4 , address: 0x304
--- Found segment that will be moved from address: 0x3AC to address: 0x308 of length 8
--- Found segment that must be added. Length: 24 , address: 0x310
--- Found segment that will be moved from address: 0x3CC to address: 0x328 of length 108
--- Found a word to insert to address: 0x394
--- Found segment that must be added. Length: 4 , address: 0x398
--- Found a word to insert to address: 0x39C
--- Found segment that must be added. Length: 4 , address: 0x3A0
--- Found a word to insert to address: 0x3A4
--- Found a word to insert to address: 0x3A8
--- Found a word to insert to address: 0x3AC
--- Found segment that will be moved from address: 0x454 to address: 0x3B0 of length 116
--- Found a word to insert to address: 0x424
--- Found segment that must be added. Length: 4 , address: 0x428
--- Found segment that will be moved from address: 0x4D0 to address: 0x42C of length 48
--- Found a word to insert to address: 0x45C
--- Found a word to insert to address: 0x460
--- Found segment that will be moved from address: 0x508 to address: 0x464 of length 52
--- Found a word to insert to address: 0x498
--- Found segment that must be added. Length: 4 , address: 0x49C
--- Found a word to insert to address: 0x4A0
--- Found a word to insert to address: 0x4A4
--- Found segment that will be moved from address: 0x54C to address: 0x4A8 of length 28
--- Found segment that must be added. Length: 4 , address: 0x4C4
--- Found segment that will be moved from address: 0x56C to address: 0x4C8 of length 48
--- Found segment that must be added. Length: 4 , address: 0x4F8
--- Found segment that will be moved from address: 0x5A0 to address: 0x4FC of length 240
--- Found segment that must be added. Length: 4 , address: 0x5EC
--- Found a word to insert to address: 0x5F0
--- Found segment that will be moved from address: 0x698 to address: 0x5F4 of length 24
--- Found segment that must be added. Length: 8 , address: 0x60C
--- Found segment that will be moved from address: 0x6B8 to address: 0x614 of length 140
--- Found segment that must be added. Length: 4 , address: 0x6A0
--- Found a word to insert to address: 0x6A4
--- Found segment that must be added. Length: 4 , address: 0x6A8
--- Found segment that will be moved from address: 0x750 to address: 0x6AC of length 168
--- Found segment that must be added. Length: 4 , address: 0x754
--- Found segment that will be moved from address: 0x7FC to address: 0x758 of length 160
--- Found a word to insert to address: 0x7F8
--- Found segment that will be moved from address: 0x8A0 to address: 0x7FC of length 20
--- Found segment that must be added. Length: 4 , address: 0x810
--- Found segment that will be moved from address: 0x8B8 to address: 0x814 of length 100
--- Found segment that must be added. Length: 4 , address: 0x878
--- Found segment that will be moved from address: 0x920 to address: 0x87C of length 12
--- Found segment that must be added. Length: 4 , address: 0x888
--- Found segment that will be moved from address: 0x930 to address: 0x88C of length 48
--- Found segment that must be added. Length: 4 , address: 0x8BC
--- Found segment that will be moved from address: 0x964 to address: 0x8C0 of length 32
--- Found segment that must be added. Length: 4 , address: 0x8E0
--- Found segment that will be moved from address: 0x988 to address: 0x8E4 of length 8
--- Found segment that must be added. Length: 4 , address: 0x8EC
--- Found segment that will be moved from address: 0x994 to address: 0x8F0 of length 24
--- Found segment that must be added. Length: 4 , address: 0x908
--- Found segment that will be moved from address: 0x9B0 to address: 0x90C of length 12
--- Found segment that must be added. Length: 4 , address: 0x918
--- Found a word to insert to address: 0x91C
--- Found segment that must be added. Length: 12 , address: 0x920
--- Found segment that will be moved from address: 0x9D0 to address: 0x92C of length 28
--- Found segment that must be added. Length: 20 , address: 0x948
--- Found segment that will be moved from address: 0xA00 to address: 0x95C of length 12
--- Found segment that must be added. Length: 8 , address: 0x968
--- Found segment that will be moved from address: 0xA14 to address: 0x970 of length 84
--- Found segment that must be added. Length: 8 , address: 0x9C4
--- Found segment that will be moved from address: 0xA70 to address: 0x9CC of length 8
--- Found segment that must be added. Length: 8 , address: 0x9D4
--- Found segment that will be moved from address: 0xA80 to address: 0x9DC of length 8
--- Found segment that must be added. Length: 8 , address: 0x9E4
--- Found segment that will be moved from address: 0xA90 to address: 0x9EC of length 8
--- Found segment that must be added. Length: 4 , address: 0x9F4
--- Found segment that will be moved from address: 0xA9C to address: 0x9F8 of length 12
--- Found segment that must be added. Length: 16 , address: 0xA04
--- Found a word to insert to address: 0xA14
--- Found segment that must be added. Length: 12 , address: 0xA18
--- Found a word to insert to address: 0xA24
--- Found segment that must be added. Length: 24 , address: 0xA28
--- Found segment that will be moved from address: 0xAE4 to address: 0xA40 of length 20
--- Found segment that must be added. Length: 4 , address: 0xA54
--- Found segment that will be moved from address: 0xAFC to address: 0xA58 of length 316
--- Found segment that must be added. Length: 8 , address: 0xB94
--- Found segment that will be moved from address: 0xC40 to address: 0xB9C of length 600
--- Found segment that must be added. Length: 4 , address: 0xDF4
--- Found a word to insert to address: 0xDF8
--- Found segment that must be added. Length: 4 , address: 0xDFC
--- Found segment that will be moved from address: 0xEA4 to address: 0xE00 of length 28
--- Found segment that must be added. Length: 4 , address: 0xE1C
--- Found segment that will be moved from address: 0xEC4 to address: 0xE20 of length 16
--- Found segment that will be moved from address: 0x117C to address: 0xE30 of length 12
--- Found segment that must be added. Length: 4 , address: 0xE3C
--- Found a word to insert to address: 0xE40
--- Found segment that must be added. Length: 4 , address: 0xE44
--- Found segment that will be moved from address: 0x1194 to address: 0xE48 of length 16
--- Found segment that must be added. Length: 4 , address: 0xE58
--- Found segment that will be moved from address: 0x11A8 to address: 0xE5C of length 36
--- Found segment that must be added. Length: 4 , address: 0xE80
--- Found segment that will be moved from address: 0x11D0 to address: 0xE84 of length 40
--- Found segment that must be added. Length: 4 , address: 0xEAC
--- Found segment that will be moved from address: 0x11FC to address: 0xEB0 of length 64
--- Found segment that must be added. Length: 4 , address: 0xEF0
--- Found a word to insert to address: 0xEF4
--- Found segment that must be added. Length: 8 , address: 0xEF8
--- Found a word to insert to address: 0xF00
--- Found segment that must be added. Length: 8 , address: 0xF04
--- Found segment that will be moved from address: 0x1258 to address: 0xF0C of length 44
--- Found a word to insert to address: 0xF38
--- Found segment that will be moved from address: 0x1344 to address: 0xF3C of length 8
--- Found segment that must be added. Length: 4 , address: 0xF44
--- Found segment that will be moved from address: 0x1350 to address: 0xF48 of length 8
--- Found segment that must be added. Length: 4 , address: 0xF50
--- Found a word to insert to address: 0xF54
--- Found segment that must be added. Length: 4 , address: 0xF58
--- Found segment that will be moved from address: 0x1364 to address: 0xF5C of length 32
--- Found segment that must be added. Length: 8 , address: 0xF7C
--- Found segment that will be moved from address: 0x138C to address: 0xF84 of length 116
--- Found segment that must be added. Length: 8 , address: 0xFF8
--- Found segment that will be moved from address: 0x1408 to address: 0x1000 of length 20
--- Found segment that must be added. Length: 4 , address: 0x1014
--- Found segment that will be moved from address: 0x1420 to address: 0x1018 of length 12
--- Found segment that must be added. Length: 8 , address: 0x1024
--- Found segment that will be moved from address: 0x1434 to address: 0x102C of length 20
--- Found segment that must be added. Length: 4 , address: 0x1040
--- Found segment that will be moved from address: 0x144C to address: 0x1044 of length 52
--- Found segment that must be added. Length: 12 , address: 0x1078
--- Found a word to insert to address: 0x1084
--- Found segment that must be added. Length: 4 , address: 0x1088
--- Found segment that will be moved from address: 0x1494 to address: 0x108C of length 16
--- Found segment that must be added. Length: 4 , address: 0x109C
--- Found segment that will be moved from address: 0x14A8 to address: 0x10A0 of length 20
--- Found segment that must be added. Length: 4 , address: 0x10B4
--- Found segment that will be moved from address: 0x14C0 to address: 0x10B8 of length 24
--- Found segment that must be added. Length: 4 , address: 0x10D0
--- Found segment that will be moved from address: 0x14DC to address: 0x10D4 of length 40
--- Found segment that must be added. Length: 4 , address: 0x10FC
--- Found segment that will be moved from address: 0x1508 to address: 0x1100 of length 32
--- Found segment that must be added. Length: 4 , address: 0x1120
--- Found a word to insert to address: 0x1124
--- Found segment that must be added. Length: 48 , address: 0x1128
--- Found segment that will be moved from address: 0x1560 to address: 0x1158 of length 8
--- Found segment that must be added. Length: 4 , address: 0x1160
--- Found segment that will be moved from address: 0x156C to address: 0x1164 of length 16
--- Found segment that must be added. Length: 4 , address: 0x1174
--- Found a word to insert to address: 0x1178
--- Found a word to insert to address: 0x117C
--- Found segment that will be moved from address: 0x1588 to address: 0x1180 of length 84
--- Found a word to insert to address: 0x11D4
--- Found segment that will be moved from address: 0x15E0 to address: 0x11D8 of length 72
--- Found segment that must be added. Length: 4 , address: 0x1220
--- Found segment that will be moved from address: 0x162C to address: 0x1224 of length 8
--- Found segment that must be added. Length: 4 , address: 0x122C
--- Found segment that will be moved from address: 0x1638 to address: 0x1230 of length 8
--- Found segment that must be added. Length: 4 , address: 0x1238
--- Found segment that will be moved from address: 0x1644 to address: 0x123C of length 12
--- Found segment that must be added. Length: 8 , address: 0x1248
--- Found segment that will be moved from address: 0x1658 to address: 0x1250 of length 16
--- Found segment that must be added. Length: 4 , address: 0x1260
--- Found segment that will be moved from address: 0x166C to address: 0x1264 of length 40
--- Found segment that must be added. Length: 4 , address: 0x128C
--- Found segment that will be moved from address: 0x1698 to address: 0x1290 of length 136
--- Found segment that must be added. Length: 4 , address: 0x1318
--- Found segment that will be moved from address: 0x1724 to address: 0x131C of length 8
--- Found segment that must be added. Length: 4 , address: 0x1324
--- Found a word to insert to address: 0x1328
--- Found segment that must be added. Length: 4 , address: 0x132C
--- Found segment that will be moved from address: 0x1738 to address: 0x1330 of length 28
--- Found segment that must be added. Length: 4 , address: 0x134C
--- Found segment that will be moved from address: 0x1758 to address: 0x1350 of length 32
--- Found segment that must be added. Length: 4 , address: 0x1370
--- Found segment that will be moved from address: 0x177C to address: 0x1374 of length 52
--- Found segment that must be added. Length: 4 , address: 0x13A8
--- Found segment that will be moved from address: 0x17B4 to address: 0x13AC of length 52
--- Found segment that must be added. Length: 4 , address: 0x13E0
--- Found segment that will be moved from address: 0x17F8 to address: 0x13E4 of length 76
--- Found segment that will be moved from address: 0x1854 to address: 0x1430 of length 16
--- Found segment that must be added. Length: 4 , address: 0x1440
--- Found segment that will be moved from address: 0x1868 to address: 0x1444 of length 20
--- Found segment that must be added. Length: 4 , address: 0x1458
--- Found a word to insert to address: 0x145C
--- Found a word to insert to address: 0x1460
--- Found segment that will be moved from address: 0x1888 to address: 0x1464 of length 96
--- Found segment that must be added. Length: 4 , address: 0x14C4
--- Found segment that will be moved from address: 0x18EC to address: 0x14C8 of length 80
--- Found segment that must be added. Length: 4 , address: 0x1518
--- Found segment that will be moved from address: 0x1940 to address: 0x151C of length 92
--- Found a word to insert to address: 0x1578
--- Found segment that will be moved from address: 0x19A0 to address: 0x157C of length 8
--- Found segment that must be added. Length: 8 , address: 0x1584
--- Found segment that will be moved from address: 0x1C78 to address: 0x158C of length 56
--- Found segment that must be added. Length: 8 , address: 0x15C4
--- Found a word to insert to address: 0x15CC
--- Found segment that will be moved from address: 0x1CBC to address: 0x15D0 of length 28
--- Found segment that must be added. Length: 4 , address: 0x15EC
--- Found a word to insert to address: 0x15F0
--- Found segment that must be added. Length: 4 , address: 0x15F4
--- Found segment that will be moved from address: 0x1CE4 to address: 0x15F8 of length 12
--- Found segment that must be added. Length: 4 , address: 0x1604
--- Found a word to insert to address: 0x1608
--- Found segment that must be added. Length: 4 , address: 0x160C
--- Found a word to insert to address: 0x1610
--- Found segment that must be added. Length: 4 , address: 0x1614
--- Found a word to insert to address: 0x1618
--- Found segment that must be added. Length: 4 , address: 0x161C
--- Found segment that will be moved from address: 0x19B0 to address: 0x1620 of length 48
--- Found segment that must be added. Length: 4 , address: 0x1650
--- Found segment that will be moved from address: 0x19E4 to address: 0x1654 of length 44
--- Found segment that must be added. Length: 4 , address: 0x1680
--- Found segment that will be moved from address: 0x1D70 to address: 0x1684 of length 88
--- Found segment that must be added. Length: 4 , address: 0x16DC
--- Found segment that will be moved from address: 0x1DCC to address: 0x16E0 of length 80
--- Found a word to insert to address: 0x1730
--- Found segment that must be added. Length: 4 , address: 0x1734
--- Found segment that will be moved from address: 0x1E24 to address: 0x1738 of length 192
--- Found segment that must be added. Length: 4 , address: 0x17F8
--- Found segment that will be moved from address: 0x1EE8 to address: 0x17FC of length 12
--- Found segment that must be added. Length: 4 , address: 0x1808
--- Found segment that will be moved from address: 0x1EF8 to address: 0x180C of length 52
--- Found segment that must be added. Length: 4 , address: 0x1840
--- Found segment that will be moved from address: 0x1F30 to address: 0x1844 of length 20
--- Found a word to insert to address: 0x1858
--- Found segment that must be added. Length: 4 , address: 0x185C
--- Found segment that will be moved from address: 0x1F4C to address: 0x1860 of length 40
--- Found segment that must be added. Length: 24 , address: 0x1888
--- Found segment that will be moved from address: 0x1F8C to address: 0x18A0 of length 28
--- Found segment that must be added. Length: 4 , address: 0x18BC
--- Found segment that will be moved from address: 0x1FAC to address: 0x18C0 of length 44
--- Found segment that must be added. Length: 4 , address: 0x18EC
--- Found segment that will be moved from address: 0x1FDC to address: 0x18F0 of length 88
--- Found segment that must be added. Length: 4 , address: 0x1948
--- Found segment that will be moved from address: 0x2038 to address: 0x194C of length 52
--- Found segment that must be added. Length: 4 , address: 0x1980
--- Found segment that will be moved from address: 0x2070 to address: 0x1984 of length 40
--- Found segment that must be added. Length: 4 , address: 0x19AC
--- Found segment that will be moved from address: 0x209C to address: 0x19B0 of length 56
--- Found segment that must be added. Length: 4 , address: 0x19E8
--- Found segment that will be moved from address: 0x20D8 to address: 0x19EC of length 20
--- Found segment that must be added. Length: 28 , address: 0x1A00
--- Found a word to insert to address: 0x1A1C
--- Found segment that must be added. Length: 36 , address: 0x1A20
--- Found a word to insert to address: 0x1A44
--- Found segment that must be added. Length: 4 , address: 0x1A48
--- Found segment that will be moved from address: 0x2138 to address: 0x1A4C of length 40
--- Found segment that must be added. Length: 4 , address: 0x1A74
--- Found a word to insert to address: 0x1A78
--- Found segment that must be added. Length: 8 , address: 0x1A7C
--- Found a word to insert to address: 0x1A84
--- Found segment that must be added. Length: 4 , address: 0x1A88
--- Found segment that will be moved from address: 0x2178 to address: 0x1A8C of length 12
--- Found segment that must be added. Length: 4 , address: 0x1A98
--- Found a word to insert to address: 0x1A9C
--- Found segment that must be added. Length: 4 , address: 0x1AA0
--- Found segment that will be moved from address: 0x2190 to address: 0x1AA4 of length 16
--- Found segment that must be added. Length: 4 , address: 0x1AB4
--- Found segment that will be moved from address: 0x21A4 to address: 0x1AB8 of length 56
--- Found segment that must be added. Length: 4 , address: 0x1AF0
--- Found segment that will be moved from address: 0x21E0 to address: 0x1AF4 of length 36
--- Found segment that must be added. Length: 4 , address: 0x1B18
--- Found segment that will be moved from address: 0x2208 to address: 0x1B1C of length 608
--- Found segment that must be added. Length: 16 , address: 0x1D7C
--- Found a word to insert to address: 0x1D8C
--- Found a word to insert to address: 0x1D90
--- Found segment that must be added. Length: 20 , address: 0x1D94
--- Found segment that will be moved from address: 0x2494 to address: 0x1DA8 of length 24
--- Found segment that must be added. Length: 4 , address: 0x1DC0
--- Found segment that will be moved from address: 0x24B0 to address: 0x1DC4 of length 8
--- Found a word to insert to address: 0x1DCC
--- Found segment that must be added. Length: 4 , address: 0x1DD0
--- Found segment that will be moved from address: 0x24C0 to address: 0x1DD4 of length 76
--- Found segment that must be added. Length: 4 , address: 0x1E20
--- Found segment that will be moved from address: 0x2510 to address: 0x1E24 of length 20
--- Found segment that must be added. Length: 16 , address: 0x1E38
--- Found segment that will be moved from address: 0x2534 to address: 0x1E48 of length 344
--- Found segment that must be added. Length: 4 , address: 0x1FA0
--- Found segment that will be moved from address: 0x2690 to address: 0x1FA4 of length 8
--- Found segment that must be added. Length: 4 , address: 0x1FAC
--- Found a word to insert to address: 0x1FB0
--- Found segment that must be added. Length: 4 , address: 0x1FB4
--- Found a word to insert to address: 0x1FB8
--- Found segment that must be added. Length: 4 , address: 0x1FBC
--- Found segment that will be moved from address: 0x26AC to address: 0x1FC0 of length 720
--- Found segment that must be added. Length: 12 , address: 0x2290
--- Found segment that will be moved from address: 0x2988 to address: 0x229C of length 32
--- Found segment that must be added. Length: 8 , address: 0x22BC
--- Found segment that will be moved from address: 0x29B0 to address: 0x22C4 of length 60
--- Found segment that must be added. Length: 16 , address: 0x2300
--- Found segment that will be moved from address: 0x29FC to address: 0x2310 of length 12
--- Found segment that must be added. Length: 4 , address: 0x231C
--- Found segment that will be moved from address: 0x2A0C to address: 0x2320 of length 56
--- Found segment that must be added. Length: 4 , address: 0x2358
--- Found segment that will be moved from address: 0x2A48 to address: 0x235C of length 12
--- Found segment that must be added. Length: 4 , address: 0x2368
--- Found segment that will be moved from address: 0x2A58 to address: 0x236C of length 12
--- Found segment that must be added. Length: 4 , address: 0x2378
--- Found segment that will be moved from address: 0x2A68 to address: 0x237C of length 12
--- Found segment that must be added. Length: 4 , address: 0x2388
--- Found segment that will be moved from address: 0x2A78 to address: 0x238C of length 104
--- Found segment that must be added. Length: 8 , address: 0x23F4
--- Found segment that will be moved from address: 0x2AE8 to address: 0x23FC of length 136
--- Found segment that must be added. Length: 4 , address: 0x2484
--- Found segment that will be moved from address: 0x2B74 to address: 0x2488 of length 280
--- Found segment that must be added. Length: 12 , address: 0x25A0
--- Found segment that will be moved from address: 0x2C98 to address: 0x25AC of length 20
--- Found segment that must be added. Length: 4 , address: 0x25C0
--- Found segment that will be moved from address: 0x2CB0 to address: 0x25C4 of length 32
--- Found segment that must be added. Length: 16 , address: 0x25E4
--- Found segment that will be moved from address: 0x2CE0 to address: 0x25F4 of length 184
--- Found segment that must be added. Length: 4 , address: 0x26AC
--- Found segment that will be moved from address: 0x2D9C to address: 0x26B0 of length 52
--- Found segment that must be added. Length: 4 , address: 0x26E4
--- Found a word to insert to address: 0x26E8
--- Found segment that must be added. Length: 4 , address: 0x26EC
--- Found segment that will be moved from address: 0x2DDC to address: 0x26F0 of length 108
--- Found segment that must be added. Length: 4 , address: 0x275C
--- Found a word to insert to address: 0x2760
--- Found segment that must be added. Length: 8 , address: 0x2764
--- Found segment that will be moved from address: 0x2E58 to address: 0x276C of length 228
--- Found segment that must be added. Length: 12 , address: 0x2850
--- Found segment that will be moved from address: 0x2F48 to address: 0x285C of length 216
--- Found segment that must be added. Length: 12 , address: 0x2934
--- Found segment that will be moved from address: 0x302C to address: 0x2940 of length 104
--- Found segment that must be added. Length: 12 , address: 0x29A8
--- Found segment that will be moved from address: 0x30A0 to address: 0x29B4 of length 8
--- Found segment that must be added. Length: 4 , address: 0x29BC
--- Found segment that will be moved from address: 0x30AC to address: 0x29C0 of length 52
--- Found segment that must be added. Length: 4 , address: 0x29F4
--- Found segment that will be moved from address: 0x30E4 to address: 0x29F8 of length 20
--- Found segment that must be added. Length: 4 , address: 0x2A0C
--- Found segment that will be moved from address: 0x30FC to address: 0x2A10 of length 12
--- Found segment that must be added. Length: 4 , address: 0x2A1C
--- Found segment that will be moved from address: 0x310C to address: 0x2A20 of length 40
--- Found segment that must be added. Length: 4 , address: 0x2A48
--- Found segment that will be moved from address: 0x3138 to address: 0x2A4C of length 312
--- Found segment that must be added. Length: 4 , address: 0x2B84
--- Found segment that will be moved from address: 0x3274 to address: 0x2B88 of length 188
--- Found segment that must be added. Length: 12 , address: 0x2C44
--- Found segment that will be moved from address: 0x333C to address: 0x2C50 of length 228
--- Found segment that must be added. Length: 12 , address: 0x2D34
--- Found segment that will be moved from address: 0x342C to address: 0x2D40 of length 36
--- Found segment that must be added. Length: 8 , address: 0x2D64
--- Found segment that will be moved from address: 0x3458 to address: 0x2D6C of length 136
--- Found segment that must be added. Length: 4 , address: 0x2DF4
--- Found segment that will be moved from address: 0x34E4 to address: 0x2DF8 of length 28
--- Found segment that must be added. Length: 4 , address: 0x2E14
--- Found segment that will be moved from address: 0x3504 to address: 0x2E18 of length 12
--- Found segment that must be added. Length: 4 , address: 0x2E24
--- Found segment that will be moved from address: 0x3514 to address: 0x2E28 of length 12
--- Found segment that must be added. Length: 4 , address: 0x2E34
--- Found segment that will be moved from address: 0x3524 to address: 0x2E38 of length 676
--- Found segment that must be added. Length: 24 , address: 0x30DC
--- Found a word to insert to address: 0x30F4
--- Found segment that must be added. Length: 4 , address: 0x30F8
--- Found segment that will be moved from address: 0x37E8 to address: 0x30FC of length 292
--- Found segment that must be added. Length: 20 , address: 0x3220
--- Found segment that will be moved from address: 0x3920 to address: 0x3234 of length 784
--- Found segment that must be added. Length: 8 , address: 0x3544
--- Found segment that will be moved from address: 0x3C38 to address: 0x354C of length 40
--- Found segment that must be added. Length: 52 , address: 0x3574
--- Found segment that will be moved from address: 0x46B0 to address: 0x35A8 of length 8
--- Found a word to insert to address: 0x35B0
--- Found segment that must be added. Length: 16 , address: 0x35B4
--- Found a word to insert to address: 0x35C4
--- Found segment that must be added. Length: 52 , address: 0x35C8
--- Found a word to insert to address: 0x35FC
--- Found a word to insert to address: 0x3600
--- Found segment that must be added. Length: 44 , address: 0x3604
--- Found a word to insert to address: 0x3630
--- Found segment that must be added. Length: 32 , address: 0x3634
--- Found a word to insert to address: 0x3654
--- Found segment that must be added. Length: 8 , address: 0x3658
--- Found segment that will be moved from address: 0x3E00 to address: 0x3660 of length 268
--- Found segment that must be added. Length: 52 , address: 0x376C
--- Found segment that will be moved from address: 0x3F40 to address: 0x37A0 of length 912
--- Found segment that will be moved from address: 0x4318 to address: 0x3B30 of length 1020
--- Found segment that must be added. Length: 72 , address: 0x3F2C
--- Found segment that will be moved from address: 0x475C to address: 0x3F74 of length 628
--- Found segment that must be added. Length: 4 , address: 0x41E8
--- Found a word to insert to address: 0x41EC
--- Found segment that must be added. Length: 4 , address: 0x41F0
--- Found segment that will be moved from address: 0x49DC to address: 0x41F4 of length 24
--- Found segment that must be added. Length: 12 , address: 0x420C
--- Found segment that will be moved from address: 0x4A00 to address: 0x4218 of length 84
--- Found a word to insert to address: 0x426C
--- Found a word to insert to address: 0x4270
--- Found a word to insert to address: 0x4274
--- Found a word to insert to address: 0x4278
--- Found a word to insert to address: 0x427C
--- Found a word to insert to address: 0x4280
--- Found a word to insert to address: 0x4284
--- Found a word to insert to address: 0x4288
--- Found a word to insert to address: 0x428C
--- Found a word to insert to address: 0x4290
--- Found a word to insert to address: 0x4294
--- Found a word to insert to address: 0x4298
--- Found a word to insert to address: 0x429C
--- Found a word to insert to address: 0x42A0
--- Found a word to insert to address: 0x42A4
--- Found a word to insert to address: 0x42A8
--- Found a word to insert to address: 0x42AC
--- Found a word to insert to address: 0x42B0
--- Found a word to insert to address: 0x42B4
--- Found a word to insert to address: 0x42B8
--- Found a word to insert to address: 0x42BC
--- Found a word to insert to address: 0x42C0
--- Found a word to insert to address: 0x42C4
--- Found a word to insert to address: 0x42C8
--- Found a word to insert to address: 0x42CC
--- Found a word to insert to address: 0x42D0
--- Found a word to insert to address: 0x42D4
--- Found a word to insert to address: 0x42D8
--- Found a word to insert to address: 0x42DC
--- Found a word to insert to address: 0x42E0
--- Found a word to insert to address: 0x42E4
--- Found a word to insert to address: 0x42E8
--- Found a word to insert to address: 0x42EC
--- Found a word to insert to address: 0x42F0
--- Found a word to insert to address: 0x42F4
--- Found a word to insert to address: 0x42F8
--- Found a word to insert to address: 0x42FC
--- Found a word to insert to address: 0x4300
--- Found a word to insert to address: 0x4304
--- Found a word to insert to address: 0x4308
--- Found a word to insert to address: 0x430C
--- Found a word to insert to address: 0x4310
--- Found a word to insert to address: 0x4314
--- Found a word to insert to address: 0x4318
--- Found a word to insert to address: 0x431C
--- Found a word to insert to address: 0x4320
--- Found a word to insert to address: 0x4324
--- Found a word to insert to address: 0x4328
--- Found a word to insert to address: 0x432C
--- Found a word to insert to address: 0x4330
--- Found a word to insert to address: 0x4334
--- Found a word to insert to address: 0x4338
--- Found a word to insert to address: 0x433C
--- Found a word to insert to address: 0x4340
--- Found a word to insert to address: 0x4344
--- Found a word to insert to address: 0x4348
--- Found a word to insert to address: 0x434C
--- Found a word to insert to address: 0x4350
--- Found a word to insert to address: 0x4354
--- Found a word to insert to address: 0x4358
--- Found a word to insert to address: 0x435C
--- Found a word to insert to address: 0x4360
--- Found a word to insert to address: 0x4364
--- Found a word to insert to address: 0x4368
--- Found a word to insert to address: 0x436C
--- Found a word to insert to address: 0x4370
--- Found a word to insert to address: 0x4374
--- Found a word to insert to address: 0x4378
--- Found a word to insert to address: 0x437C
--- Found a word to insert to address: 0x4380
--- Found a word to insert to address: 0x4384
--- Found a word to insert to address: 0x4388
--- Found a word to insert to address: 0x438C
--- Found a word to insert to address: 0x4390
--- Found a word to insert to address: 0x4394
--- Found a word to insert to address: 0x4398
--- Found a word to insert to address: 0x439C
--- Found a word to insert to address: 0x43A0
--- Found a word to insert to address: 0x43A4
--- Found a word to insert to address: 0x43A8
--- Found a word to insert to address: 0x43AC
--- Found a word to insert to address: 0x43B0
--- Found a word to insert to address: 0x43B4
--- Found a word to insert to address: 0x43B8
--- Found a word to insert to address: 0x43BC
--- Found a word to insert to address: 0x43C0
--- Found a word to insert to address: 0x43C4
--- Found a word to insert to address: 0x43C8
--- Found a word to insert to address: 0x43CC
--- Found a word to insert to address: 0x43D0
--- Found a word to insert to address: 0x43D4
--- Found a word to insert to address: 0x43D8
--- Found a word to insert to address: 0x43DC
--- Found a word to insert to address: 0x43E0
--- Found a word to insert to address: 0x43E4
--- Found a word to insert to address: 0x43E8
--- Found a word to insert to address: 0x43EC
--- Found a word to insert to address: 0x43F0
--- Found a word to insert to address: 0x43F4
--- Found a word to insert to address: 0x43F8
--- Found a word to insert to address: 0x43FC
--- Found a word to insert to address: 0x4400
--- Found a word to insert to address: 0x4404
--- Found a word to insert to address: 0x4408
--- Found a word to insert to address: 0x440C
--- Found a word to insert to address: 0x4410
--- Found a word to insert to address: 0x4414
--- Found a word to insert to address: 0x4418
--- Found a word to insert to address: 0x441C
--- Found a word to insert to address: 0x4420
--- Found a word to insert to address: 0x4424
--- Found a word to insert to address: 0x4428
--- Found a word to insert to address: 0x442C
--- Found a word to insert to address: 0x4430
--- Found a word to insert to address: 0x4434
--- Found a word to insert to address: 0x4438
--- Found a word to insert to address: 0x443C
--- Found a word to insert to address: 0x4440
--- Found a word to insert to address: 0x4444
--- Found a word to insert to address: 0x4448
--- Found a word to insert to address: 0x444C
--- Found a word to insert to address: 0x4450
--- Found a word to insert to address: 0x4454
--- Found a word to insert to address: 0x4458
--- Found a word to insert to address: 0x445C
--- Found a word to insert to address: 0x4460
--- Found a word to insert to address: 0x4464
--- Found a word to insert to address: 0x4468
--- Found a word to insert to address: 0x446C
--- Found a word to insert to address: 0x4470
--- Found a word to insert to address: 0x4474
--- Found a word to insert to address: 0x4478
--- Found a word to insert to address: 0x447C
--- Found a word to insert to address: 0x4480
--- Found a word to insert to address: 0x4484
--- Found a word to insert to address: 0x4488
--- Found a word to insert to address: 0x448C
--- Found a word to insert to address: 0x4490
--- Found a word to insert to address: 0x4494
--- Found a word to insert to address: 0x4498
--- Found a word to insert to address: 0x449C
--- Found a word to insert to address: 0x44A0
--- Found a word to insert to address: 0x44A4
--- Found a word to insert to address: 0x44A8
--- Found a word to insert to address: 0x44AC
--- Found a word to insert to address: 0x44B0
--- Found a word to insert to address: 0x44B4
--- Found a word to insert to address: 0x44B8
--- Found a word to insert to address: 0x44BC
--- Found a word to insert to address: 0x44C0
--- Found a word to insert to address: 0x44C4
--- Found a word to insert to address: 0x44C8
--- Found a word to insert to address: 0x44CC
--- Found a word to insert to address: 0x44D0
--- Found a word to insert to address: 0x44D4
--- Found a word to insert to address: 0x44D8
--- Found a word to insert to address: 0x44DC
--- Found a word to insert to address: 0x44E0
--- Found a word to insert to address: 0x44E4
--- Found a word to insert to address: 0x44E8
--- Found a word to insert to address: 0x44EC
--- Found a word to insert to address: 0x44F0
--- Found a word to insert to address: 0x44F4
--- Found a word to insert to address: 0x44F8
--- Found a word to insert to address: 0x44FC
--- Found a word to insert to address: 0x4500
--- Found a word to insert to address: 0x4504
--- Found a word to insert to address: 0x4508
--- Found a word to insert to address: 0x450C
--- Found a word to insert to address: 0x4510
--- Found a word to insert to address: 0x4514
--- Found a word to insert to address: 0x4518
--- Found a word to insert to address: 0x451C
--- Found a word to insert to address: 0x4520
--- Found a word to insert to address: 0x4524
--- Found a word to insert to address: 0x4528
--- Found a word to insert to address: 0x452C
--- Found a word to insert to address: 0x4530
--- Found a word to insert to address: 0x4534
--- Found a word to insert to address: 0x4538
--- Found a word to insert to address: 0x453C
--- Found a word to insert to address: 0x4540
--- Found a word to insert to address: 0x4544
--- Found a word to insert to address: 0x4548
--- Found a word to insert to address: 0x454C
--- Found a word to insert to address: 0x4550
--- Found a word to insert to address: 0x4554
--- Found a word to insert to address: 0x4558
--- Found a word to insert to address: 0x455C
--- Found a word to insert to address: 0x4560
--- Found a word to insert to address: 0x4564
--- Found a word to insert to address: 0x4568
--- Found a word to insert to address: 0x456C
--- Found a word to insert to address: 0x4570
--- Found a word to insert to address: 0x4574
--- Found a word to insert to address: 0x4578
--- Found a word to insert to address: 0x457C
--- Found a word to insert to address: 0x4580
--- Found a word to insert to address: 0x4584
--- Found a word to insert to address: 0x4588
--- Found a word to insert to address: 0x458C
--- Found a word to insert to address: 0x4590
--- Found a word to insert to address: 0x4594
--- Found a word to insert to address: 0x4598
--- Found a word to insert to address: 0x459C
--- Found a word to insert to address: 0x45A0
--- Found a word to insert to address: 0x45A4
--- Found a word to insert to address: 0x45A8
--- Found a word to insert to address: 0x45AC
--- Found a word to insert to address: 0x45B0
--- Found a word to insert to address: 0x45B4
--- Found a word to insert to address: 0x45B8
--- Found a word to insert to address: 0x45BC
--- Found a word to insert to address: 0x45C0
--- Found a word to insert to address: 0x45C4
--- Found a word to insert to address: 0x45C8
--- Found a word to insert to address: 0x45CC
--- Found a word to insert to address: 0x45D0
--- Found a word to insert to address: 0x45D4
--- Found a word to insert to address: 0x45D8
--- Found a word to insert to address: 0x45DC
--- Found a word to insert to address: 0x45E0
--- Found a word to insert to address: 0x45E4
--- Found a word to insert to address: 0x45E8
--- Found a word to insert to address: 0x45EC
--- Found a word to insert to address: 0x45F0
--- Found a word to insert to address: 0x45F4
--- Found a word to insert to address: 0x45F8
--- Found a word to insert to address: 0x45FC
--- Found a word to insert to address: 0x4600
--- Found a word to insert to address: 0x4604
--- Found a word to insert to address: 0x4608
--- Found a word to insert to address: 0x460C
--- Found a word to insert to address: 0x4610
--- Found a word to insert to address: 0x4614
--- Found a word to insert to address: 0x4618
--- Found a word to insert to address: 0x461C
--- Found a word to insert to address: 0x4620
--- Found a word to insert to address: 0x4624
--- Found a word to insert to address: 0x4628
--- Found a word to insert to address: 0x462C
--- Found a word to insert to address: 0x4630
--- Found a word to insert to address: 0x4634
--- Found a word to insert to address: 0x4638
--- Found a word to insert to address: 0x463C
--- Found a word to insert to address: 0x4640
--- Found a word to insert to address: 0x4644
--- Found a word to insert to address: 0x4648
--- Found a word to insert to address: 0x464C
--- Found a word to insert to address: 0x4650
--- Found a word to insert to address: 0x4654
--- Found a word to insert to address: 0x4658
--- Found a word to insert to address: 0x465C
--- Found a word to insert to address: 0x4660
--- Found a word to insert to address: 0x4664
--- Found a word to insert to address: 0x4668
--- Found a word to insert to address: 0x466C
--- Found a word to insert to address: 0x4670
--- Found a word to insert to address: 0x4674
--- Found a word to insert to address: 0x4678
--- Found a word to insert to address: 0x467C
--- Found a word to insert to address: 0x4680
--- Found a word to insert to address: 0x4684
--- Found a word to insert to address: 0x4688
--- Found a word to insert to address: 0x468C
--- Found a word to insert to address: 0x4690
--- Found a word to insert to address: 0x4694
--- Found a word to insert to address: 0x4698
--- Found a word to insert to address: 0x469C
--- Found a word to insert to address: 0x46A0
--- Found a word to insert to address: 0x46A4
--- Found a word to insert to address: 0x46A8
--- Found a word to insert to address: 0x46AC
--- Found a word to insert to address: 0x46B0
--- Found a word to insert to address: 0x46B4
--- Found a word to insert to address: 0x46B8
--- Found a word to insert to address: 0x46BC
--- Found a word to insert to address: 0x46C0
--- Found a word to insert to address: 0x46C4
--- Found a word to insert to address: 0x46C8
--- Found a word to insert to address: 0x46CC
--- Found a word to insert to address: 0x46D0
--- Found a word to insert to address: 0x46D4
--- Found a word to insert to address: 0x46D8
--- Found a word to insert to address: 0x46DC
--- Found a word to insert to address: 0x46E0
--- Found a word to insert to address: 0x46E4
--- Found a word to insert to address: 0x46E8
--- Found a word to insert to address: 0x46EC
--- Found a word to insert to address: 0x46F0
--- Found a word to insert to address: 0x46F4
--- Found a word to insert to address: 0x46F8
--- Found a word to insert to address: 0x46FC
--- Found a word to insert to address: 0x4700
--- Found a word to insert to address: 0x4704
--- Found a word to insert to address: 0x4708
--- Found a word to insert to address: 0x470C
--- Found a word to insert to address: 0x4710
--- Found a word to insert to address: 0x4714
--- Found a word to insert to address: 0x4718
--- Found a word to insert to address: 0x471C
--- Found a word to insert to address: 0x4720
--- Found a word to insert to address: 0x4724
--- Found a word to insert to address: 0x4728
--- Found a word to insert to address: 0x472C
--- Found a word to insert to address: 0x4730
--- Found a word to insert to address: 0x4734
--- Found a word to insert to address: 0x4738
--- Found a word to insert to address: 0x473C
--- Found a word to insert to address: 0x4740
--- Found a word to insert to address: 0x4744
--- Found a word to insert to address: 0x4748
--- Found a word to insert to address: 0x474C
--- Found a word to insert to address: 0x4750
--- Found a word to insert to address: 0x4754
--- Found a word to insert to address: 0x4758
--- Found a word to insert to address: 0x475C
--- Found a word to insert to address: 0x4760
--- Found a word to insert to address: 0x4764
--- Found a word to insert to address: 0x4768
--- Found a word to insert to address: 0x476C
--- Found a word to insert to address: 0x4770
--- Found a word to insert to address: 0x4774
--- Found a word to insert to address: 0x4778
--- Found a word to insert to address: 0x477C
--- Found a word to insert to address: 0x4780
--- Found a word to insert to address: 0x4784
--- Found a word to insert to address: 0x4788
--- Found a word to insert to address: 0x478C
--- Found a word to insert to address: 0x4790
--- Found a word to insert to address: 0x4794
--- Found a word to insert to address: 0x4798
--- Found a word to insert to address: 0x479C
--- Found a word to insert to address: 0x47A0
--- Found a word to insert to address: 0x47A4
--- Found a word to insert to address: 0x47A8
--- Found a word to insert to address: 0x47AC
--- Found a word to insert to address: 0x47B0
--- Found a word to insert to address: 0x47B4
--- Found a word to insert to address: 0x47B8
--- Found a word to insert to address: 0x47BC
--- Found a word to insert to address: 0x47C0
--- Found a word to insert to address: 0x47C4
--- Found a word to insert to address: 0x47C8
--- Found a word to insert to address: 0x47CC
--- Found a word to insert to address: 0x47D0
--- Found a word to insert to address: 0x47D4
--- Found a word to insert to address: 0x47D8
--- Found a word to insert to address: 0x47DC
--- Found a word to insert to address: 0x47E0
--- Found a word to insert to address: 0x47E4
--- Found a word to insert to address: 0x47E8
--- Found a word to insert to address: 0x47EC
--- Found a word to insert to address: 0x47F0
--- Found a word to insert to address: 0x47F4
--- Found a word to insert to address: 0x47F8
--- Found a word to insert to address: 0x47FC
--- Found a word to insert to address: 0x4800
--- Found a word to insert to address: 0x4804
--- Found a word to insert to address: 0x4808
--- Found a word to insert to address: 0x480C
--- Found a word to insert to address: 0x4810
--- Found a word to insert to address: 0x4814
--- Found a word to insert to address: 0x4818
--- Found a word to insert to address: 0x481C
--- Found a word to insert to address: 0x4820
--- Found a word to insert to address: 0x4824
--- Found a word to insert to address: 0x4828
--- Found a word to insert to address: 0x482C
--- Found a word to insert to address: 0x4830
--- Found a word to insert to address: 0x4834
--- Found a word to insert to address: 0x4838
--- Found a word to insert to address: 0x483C
--- Found a word to insert to address: 0x4840
--- Found a word to insert to address: 0x4844
--- Found a word to insert to address: 0x4848
--- Found a word to insert to address: 0x484C
--- Found a word to insert to address: 0x4850
--- Found a word to insert to address: 0x4854
--- Found a word to insert to address: 0x4858
--- Found a word to insert to address: 0x485C
--- Found a word to insert to address: 0x4860
--- Found a word to insert to address: 0x4864
--- Found a word to insert to address: 0x4868
--- Found a word to insert to address: 0x486C
--- Found a word to insert to address: 0x4870
--- Found a word to insert to address: 0x4874
--- Found a word to insert to address: 0x4878
--- Found a word to insert to address: 0x487C
--- Found a word to insert to address: 0x4880
--- Found a word to insert to address: 0x4884
--- Found a word to insert to address: 0x4888
--- Found a word to insert to address: 0x488C
--- Found a word to insert to address: 0x4890
--- Found a word to insert to address: 0x4894
--- Found a word to insert to address: 0x4898
--- Found a word to insert to address: 0x489C
--- Found a word to insert to address: 0x48A0
--- Found a word to insert to address: 0x48A4
--- Found a word to insert to address: 0x48A8
--- Found a word to insert to address: 0x48AC
--- Found a word to insert to address: 0x48B0
--- Found a word to insert to address: 0x48B4
--- Found a word to insert to address: 0x48B8
--- Found a word to insert to address: 0x48BC
--- Found a word to insert to address: 0x48C0
--- Found a word to insert to address: 0x48C4
--- Found a word to insert to address: 0x48C8
--- Found a word to insert to address: 0x48CC
--- Found a word to insert to address: 0x48D0
--- Found a word to insert to address: 0x48D4
--- Found a word to insert to address: 0x48D8
--- Found a word to insert to address: 0x48DC
--- Found a word to insert to address: 0x48E0
--- Found a word to insert to address: 0x48E4
--- Found a word to insert to address: 0x48E8
--- Found a word to insert to address: 0x48EC
--- Found a word to insert to address: 0x48F0
--- Found a word to insert to address: 0x48F4
--- Found a word to insert to address: 0x48F8
--- Found a word to insert to address: 0x48FC
--- Found a word to insert to address: 0x4900
--- Found a word to insert to address: 0x4904
--- Found a word to insert to address: 0x4908
--- Found a word to insert to address: 0x490C
--- Found a word to insert to address: 0x4910
--- Found a word to insert to address: 0x4914
--- Found a word to insert to address: 0x4918
--- Found a word to insert to address: 0x491C
--- Found a word to insert to address: 0x4920
--- Found a word to insert to address: 0x4924
--- Found a word to insert to address: 0x4928
--- Found a word to insert to address: 0x492C
--- Found a word to insert to address: 0x4930
--- Found a word to insert to address: 0x4934
--- Found a word to insert to address: 0x4938
--- Found a word to insert to address: 0x493C
--- Found a word to insert to address: 0x4940
--- Found a word to insert to address: 0x4944
--- Found a word to insert to address: 0x4948
--- Found a word to insert to address: 0x494C
--- Found a word to insert to address: 0x4950
--- Found a word to insert to address: 0x4954
--- Found a word to insert to address: 0x4958
--- Found a word to insert to address: 0x495C
--- Found a word to insert to address: 0x4960
--- Found a word to insert to address: 0x4964
--- Found a word to insert to address: 0x4968
--- Found a word to insert to address: 0x496C
--- Found a word to insert to address: 0x4970
--- Found a word to insert to address: 0x4974
--- Found a word to insert to address: 0x4978
--- Found a word to insert to address: 0x497C
--- Found a word to insert to address: 0x4980
--- Found a word to insert to address: 0x4984
--- Found a word to insert to address: 0x4988
--- Found a word to insert to address: 0x498C
--- Found a word to insert to address: 0x4990
--- Found a word to insert to address: 0x4994
--- Found a word to insert to address: 0x4998
--- Found a word to insert to address: 0x499C
--- Found a word to insert to address: 0x49A0
--- Found a word to insert to address: 0x49A4
--- Found a word to insert to address: 0x49A8
--- Found a word to insert to address: 0x49AC
--- Found a word to insert to address: 0x49B0
--- Found a word to insert to address: 0x49B4
--- Found a word to insert to address: 0x49B8
--- Found a word to insert to address: 0x49BC
--- Found a word to insert to address: 0x49C0
--- Found a word to insert to address: 0x49C4
--- Found a word to insert to address: 0x49C8
--- Found a word to insert to address: 0x49CC
--- Found a word to insert to address: 0x49D0
--- Found a word to insert to address: 0x49D4
--- Found a word to insert to address: 0x49D8
--- Found a word to insert to address: 0x49DC
--- Found a word to insert to address: 0x49E0
--- Found a word to insert to address: 0x49E4
--- Found a word to insert to address: 0x49E8
--- Found a word to insert to address: 0x49EC
--- Found a word to insert to address: 0x49F0
--- Found a word to insert to address: 0x49F4
--- Found a word to insert to address: 0x49F8
--- Found a word to insert to address: 0x49FC
--- Found a word to insert to address: 0x4A00
--- Found a word to insert to address: 0x4A04
--- Found a word to insert to address: 0x4A08
--- Found a word to insert to address: 0x4A0C
--- Found a word to insert to address: 0x4A10
--- Found a word to insert to address: 0x4A14
--- Found a word to insert to address: 0x4A18
--- Found a word to insert to address: 0x4A1C
--- Found a word to insert to address: 0x4A20
--- Found a word to insert to address: 0x4A24
--- Found a word to insert to address: 0x4A28
--- Found a word to insert to address: 0x4A2C
--- Found a word to insert to address: 0x4A30
--- Found a word to insert to address: 0x4A34
--- Found a word to insert to address: 0x4A38
--- Found a word to insert to address: 0x4A3C
--- Found a word to insert to address: 0x4A40
--- Found a word to insert to address: 0x4A44
--- Found a word to insert to address: 0x4A48
--- Found a word to insert to address: 0x4A4C
--- Found a word to insert to address: 0x4A50

--- OPTIMIZING...

---- Optimized COPY and ADD operations to preceding ADD...
---- Optimized 2 ADD/INSERT operations by merging...
---- Optimized 2 ADD/INSERT operations by merging...
---- Optimized 2 ADD/INSERT operations by merging...
---- Optimized 2 ADD/INSERT operations by merging...
---- Optimized 2 ADD/INSERT operations by merging...
---- Optimized 2 ADD/INSERT operations by merging...
---- Optimized 2 ADD/INSERT operations by merging...
---- Optimized 2 ADD/INSERT operations by merging...
---- Optimized 2 ADD/INSERT operations by merging...
---- Optimized 2 ADD/INSERT operations by merging...
---- Optimized 2 ADD/INSERT operations by merging...
---- Optimized 2 ADD/INSERT operations by merging...
---- Optimized 2 ADD/INSERT operations by merging...
---- Optimized 2 ADD/INSERT operations by merging...
---- Optimized 2 ADD/INSERT operations by merging...
---- Optimized 2 ADD/INSERT operations by merging...
---- Optimized 2 ADD/INSERT operations by merging...
---- Optimized 2 ADD/INSERT operations by merging...
---- Optimized 2 ADD/INSERT operations by merging...
---- Optimized 2 ADD/INSERT operations by merging...
---- Optimized 2 ADD/INSERT operations by merging...
---- Optimized 2 ADD/INSERT operations by merging...
---- Optimized COPY and ADD operations to preceding ADD...
---- Optimized COPY and ADD operations to preceding ADD...
---- Optimized 2 ADD/INSERT operations by merging...
---- Optimized 2 ADD/INSERT operations by merging...
---- Optimized 2 ADD/INSERT operations by merging...
---- Optimized 2 ADD/INSERT operations by merging...
---- Optimized 2 ADD/INSERT operations by merging...
---- Optimized COPY and ADD operations to preceding ADD...
---- Optimized 2 ADD/INSERT operations by merging...
---- Optimized 2 ADD/INSERT operations by merging...
---- Optimized COPY and ADD operations to preceding ADD...
---- Optimized 2 ADD/INSERT operations by merging...
---- Optimized 2 ADD/INSERT operations by merging...
---- Optimized 2 ADD/INSERT operations by merging...
---- Optimized 2 ADD/INSERT operations by merging...
---- Optimized 2 ADD/INSERT operations by merging...
---- Optimized 2 ADD/INSERT operations by merging...
---- Optimized 2 ADD/INSERT operations by merging...
---- Optimized 2 ADD/INSERT operations by merging...
---- Optimized 2 ADD/INSERT operations by merging...
---- Optimized 2 ADD/INSERT operations by merging...
---- Optimized 2 ADD/INSERT operations by merging...
---- Optimized 2 ADD/INSERT operations by merging...
---- Optimized 2 ADD/INSERT operations by merging...
---- Optimized 2 ADD/INSERT operations by merging...
---- Optimized COPY and ADD operations to preceding ADD...
---- Optimized COPY and ADD operations to preceding ADD...
---- Optimized COPY and ADD operations to preceding ADD...
---- Optimized 2 ADD/INSERT operations by merging...
---- Optimized 2 ADD/INSERT operations by merging...
---- Optimized COPY and ADD operations to preceding ADD...
---- Optimized COPY and ADD operations to preceding ADD...
---- Optimized COPY and ADD operations to preceding ADD...
---- Optimized COPY and ADD operations to preceding ADD...
---- Optimized COPY and ADD operations to preceding ADD...
---- Optimized 2 ADD/INSERT operations by merging...
---- Optimized 2 ADD/INSERT operations by merging...
---- Optimized 2 ADD/INSERT operations by merging...
---- Optimized 2 ADD/INSERT operations by merging...
---- Optimized 2 ADD/INSERT operations by merging...
---- Optimized 2 ADD/INSERT operations by merging...
---- Optimized 2 ADD/INSERT operations by merging...
---- Optimized 2 ADD/INSERT operations by merging...
---- Optimized 2 ADD/INSERT operations by merging...
---- Optimized 2 ADD/INSERT operations by merging...
---- Optimized 2 ADD/INSERT operations by merging...
---- Optimized 2 ADD/INSERT operations by merging...
---- Optimized COPY and ADD operations to preceding ADD...
---- Optimized COPY and ADD operations to preceding ADD...
---- Optimized 2 ADD/INSERT operations by merging...
---- Optimized 2 ADD/INSERT operations by merging...
---- Optimized COPY and ADD operations to preceding ADD...
---- Optimized 2 ADD/INSERT operations by merging...
---- Optimized 2 ADD/INSERT operations by merging...
---- Optimized 2 ADD/INSERT operations by merging...
---- Optimized 2 ADD/INSERT operations by merging...
---- Optimized COPY and ADD operations to preceding ADD...
---- Optimized 2 ADD/INSERT operations by merging...
---- Optimized 2 ADD/INSERT operations by merging...
---- Optimized COPY and ADD operations to preceding ADD...
---- Optimized COPY and ADD operations to preceding ADD...
---- Optimized COPY and ADD operations to preceding ADD...
---- Optimized COPY and ADD operations to preceding ADD...
---- Optimized 2 ADD/INSERT operations by merging...
---- Optimized 2 ADD/INSERT operations by merging...
---- Optimized 2 ADD/INSERT operations by merging...
---- Optimized 2 ADD/INSERT operations by merging...
---- Optimized COPY and ADD operations to preceding ADD...
---- Optimized 2 ADD/INSERT operations by merging...
---- Optimized 2 ADD/INSERT operations by merging...
---- Optimized 2 ADD/INSERT operations by merging...
---- Optimized COPY and ADD operations to preceding ADD...
---- Optimized 2 ADD/INSERT operations by merging...
---- Optimized 2 ADD/INSERT operations by merging...
---- Optimized 2 ADD/INSERT operations by merging...
---- Optimized 2 ADD/INSERT operations by merging...
---- Optimized 2 ADD/INSERT operations by merging...
---- Optimized 2 ADD/INSERT operations by merging...
---- Optimized 2 ADD/INSERT operations by merging...
---- Optimized COPY and ADD operations to preceding ADD...
---- Optimized 2 ADD/INSERT operations by merging...
---- Optimized 2 ADD/INSERT operations by merging...
---- Optimized 2 ADD/INSERT operations by merging...
---- Optimized 2 ADD/INSERT operations by merging...
---- Optimized 2 ADD/INSERT operations by merging...
---- Optimized 2 ADD/INSERT operations by merging...
---- Optimized 2 ADD/INSERT operations by merging...
---- Optimized 2 ADD/INSERT operations by merging...
---- Optimized 2 ADD/INSERT operations by merging...
---- Optimized COPY and ADD operations to preceding ADD...
---- Optimized 2 ADD/INSERT operations by merging...
---- Optimized 2 ADD/INSERT operations by merging...
---- Optimized 2 ADD/INSERT operations by merging...
---- Optimized 2 ADD/INSERT operations by merging...
---- Optimized 2 ADD/INSERT operations by merging...
---- Optimized COPY and ADD operations to preceding ADD...
---- Optimized 2 ADD/INSERT operations by merging...
---- Optimized COPY and ADD operations to preceding ADD...
---- Optimized 2 ADD/INSERT operations by merging...
---- Optimized 2 ADD/INSERT operations by merging...
---- Optimized 2 ADD/INSERT operations by merging...
---- Optimized 2 ADD/INSERT operations by merging...
---- Optimized COPY and ADD operations to preceding ADD...
---- Optimized COPY and ADD operations to preceding ADD...
---- Optimized COPY and ADD operations to preceding ADD...
---- Optimized COPY and ADD operations to preceding ADD...
---- Optimized 2 ADD/INSERT operations by merging...
---- Optimized 2 ADD/INSERT operations by merging...
---- Optimized 2 ADD/INSERT operations by merging...
---- Optimized 2 ADD/INSERT operations by merging...
---- Optimized COPY and ADD operations to preceding ADD...
---- Optimized COPY and ADD operations to preceding ADD...
---- Optimized COPY and ADD operations to preceding ADD...
---- Optimized COPY and ADD operations to preceding ADD...
---- Optimized 2 ADD/INSERT operations by merging...
---- Optimized 2 ADD/INSERT operations by merging...
---- Optimized COPY and ADD operations to preceding ADD...
---- Optimized 2 ADD/INSERT operations by merging...
---- Optimized 2 ADD/INSERT operations by merging...
---- Optimized 2 ADD/INSERT operations by merging...
---- Optimized 2 ADD/INSERT operations by merging...
---- Optimized 2 ADD/INSERT operations by merging...
---- Optimized 2 ADD/INSERT operations by merging...
---- Optimized 2 ADD/INSERT operations by merging...
---- Optimized 2 ADD/INSERT operations by merging...
---- Optimized 2 ADD/INSERT operations by merging...
---- Optimized 2 ADD/INSERT operations by merging...
---- Optimized 2 ADD/INSERT operations by merging...
---- Optimized 2 ADD/INSERT operations by merging...
---- Optimized 2 ADD/INSERT operations by merging...
---- Optimized 2 ADD/INSERT operations by merging...
---- Optimized 2 ADD/INSERT operations by merging...
---- Optimized 2 ADD/INSERT operations by merging...
---- Optimized 2 ADD/INSERT operations by merging...
---- Optimized 2 ADD/INSERT operations by merging...
---- Optimized 2 ADD/INSERT operations by merging...
---- Optimized 2 ADD/INSERT operations by merging...
---- Optimized 2 ADD/INSERT operations by merging...
---- Optimized 2 ADD/INSERT operations by merging...
---- Optimized 2 ADD/INSERT operations by merging...
---- Optimized 2 ADD/INSERT operations by merging...
---- Optimized 2 ADD/INSERT operations by merging...
---- Optimized 2 ADD/INSERT operations by merging...
---- Optimized 2 ADD/INSERT operations by merging...
---- Optimized 2 ADD/INSERT operations by merging...
---- Optimized 2 ADD/INSERT operations by merging...
---- Optimized 2 ADD/INSERT operations by merging...
---- Optimized 2 ADD/INSERT operations by merging...
---- Optimized 2 ADD/INSERT operations by merging...
---- Optimized 2 ADD/INSERT operations by merging...
---- Optimized 2 ADD/INSERT operations by merging...
---- Optimized 2 ADD/INSERT operations by merging...
---- Optimized 2 ADD/INSERT operations by merging...
---- Optimized 2 ADD/INSERT operations by merging...
---- Optimized 2 ADD/INSERT operations by merging...
---- Optimized 2 ADD/INSERT operations by merging...
---- Optimized 2 ADD/INSERT operations by merging...
---- Optimized 2 ADD/INSERT operations by merging...
---- Optimized 2 ADD/INSERT operations by merging...
---- Optimized 2 ADD/INSERT operations by merging...
---- Optimized 2 ADD/INSERT operations by merging...
---- Optimized 2 ADD/INSERT operations by merging...
---- Optimized 2 ADD/INSERT operations by merging...
---- Optimized 2 ADD/INSERT operations by merging...
---- Optimized 2 ADD/INSERT operations by merging...
---- Optimized 2 ADD/INSERT operations by merging...
---- Optimized 2 ADD/INSERT operations by merging...
---- Optimized 2 ADD/INSERT operations by merging...
---- Optimized 2 ADD/INSERT operations by merging...
---- Optimized 2 ADD/INSERT operations by merging...
---- Optimized 2 ADD/INSERT operations by merging...
---- Optimized 2 ADD/INSERT operations by merging...
---- Optimized 2 ADD/INSERT operations by merging...
---- Optimized 2 ADD/INSERT operations by merging...
---- Optimized 2 ADD/INSERT operations by merging...
---- Optimized 2 ADD/INSERT operations by merging...
---- Optimized 2 ADD/INSERT operations by merging...
---- Optimized 2 ADD/INSERT operations by merging...
---- Optimized 2 ADD/INSERT operations by merging...
---- Optimized 2 ADD/INSERT operations by merging...
---- Optimized 2 ADD/INSERT operations by merging...
---- Optimized 2 ADD/INSERT operations by merging...
---- Optimized 2 ADD/INSERT operations by merging...
---- Optimized 2 ADD/INSERT operations by merging...
---- Optimized 2 ADD/INSERT operations by merging...
---- Optimized 2 ADD/INSERT operations by merging...
---- Optimized 2 ADD/INSERT operations by merging...
---- Optimized 2 ADD/INSERT operations by merging...
---- Optimized 2 ADD/INSERT operations by merging...
---- Optimized 2 ADD/INSERT operations by merging...
---- Optimized 2 ADD/INSERT operations by merging...
---- Optimized 2 ADD/INSERT operations by merging...
---- Optimized 2 ADD/INSERT operations by merging...
---- Optimized 2 ADD/INSERT operations by merging...
---- Optimized 2 ADD/INSERT operations by merging...
---- Optimized 2 ADD/INSERT operations by merging...
---- Optimized 2 ADD/INSERT operations by merging...
---- Optimized 2 ADD/INSERT operations by merging...
---- Optimized 2 ADD/INSERT operations by merging...
---- Optimized 2 ADD/INSERT operations by merging...
---- Optimized 2 ADD/INSERT operations by merging...
---- Optimized 2 ADD/INSERT operations by merging...
---- Optimized 2 ADD/INSERT operations by merging...
---- Optimized 2 ADD/INSERT operations by merging...
---- Optimized 2 ADD/INSERT operations by merging...
---- Optimized 2 ADD/INSERT operations by merging...
---- Optimized 2 ADD/INSERT operations by merging...
---- Optimized 2 ADD/INSERT operations by merging...
---- Optimized 2 ADD/INSERT operations by merging...
---- Optimized 2 ADD/INSERT operations by merging...
---- Optimized 2 ADD/INSERT operations by merging...
---- Optimized 2 ADD/INSERT operations by merging...
---- Optimized 2 ADD/INSERT operations by merging...
---- Optimized 2 ADD/INSERT operations by merging...
---- Optimized 2 ADD/INSERT operations by merging...
---- Optimized 2 ADD/INSERT operations by merging...
---- Optimized 2 ADD/INSERT operations by merging...
---- Optimized 2 ADD/INSERT operations by merging...
---- Optimized 2 ADD/INSERT operations by merging...
---- Optimized 2 ADD/INSERT operations by merging...
---- Optimized 2 ADD/INSERT operations by merging...
---- Optimized 2 ADD/INSERT operations by merging...
---- Optimized 2 ADD/INSERT operations by merging...
---- Optimized 2 ADD/INSERT operations by merging...
---- Optimized 2 ADD/INSERT operations by merging...
---- Optimized 2 ADD/INSERT operations by merging...
---- Optimized 2 ADD/INSERT operations by merging...
---- Optimized 2 ADD/INSERT operations by merging...
---- Optimized 2 ADD/INSERT operations by merging...
---- Optimized 2 ADD/INSERT operations by merging...
---- Optimized 2 ADD/INSERT operations by merging...
---- Optimized 2 ADD/INSERT operations by merging...
---- Optimized 2 ADD/INSERT operations by merging...
---- Optimized 2 ADD/INSERT operations by merging...
---- Optimized 2 ADD/INSERT operations by merging...
---- Optimized 2 ADD/INSERT operations by merging...
---- Optimized 2 ADD/INSERT operations by merging...
---- Optimized 2 ADD/INSERT operations by merging...
---- Optimized 2 ADD/INSERT operations by merging...
---- Optimized 2 ADD/INSERT operations by merging...
---- Optimized 2 ADD/INSERT operations by merging...
---- Optimized 2 ADD/INSERT operations by merging...
---- Optimized 2 ADD/INSERT operations by merging...
---- Optimized 2 ADD/INSERT operations by merging...
---- Optimized 2 ADD/INSERT operations by merging...
---- Optimized 2 ADD/INSERT operations by merging...
---- Optimized 2 ADD/INSERT operations by merging...
---- Optimized 2 ADD/INSERT operations by merging...
---- Optimized 2 ADD/INSERT operations by merging...
---- Optimized 2 ADD/INSERT operations by merging...
---- Optimized 2 ADD/INSERT operations by merging...
---- Optimized 2 ADD/INSERT operations by merging...
---- Optimized 2 ADD/INSERT operations by merging...
---- Optimized 2 ADD/INSERT operations by merging...
---- Optimized 2 ADD/INSERT operations by merging...
---- Optimized 2 ADD/INSERT operations by merging...
---- Optimized 2 ADD/INSERT operations by merging...
---- Optimized 2 ADD/INSERT operations by merging...
---- Optimized 2 ADD/INSERT operations by merging...
---- Optimized 2 ADD/INSERT operations by merging...
---- Optimized 2 ADD/INSERT operations by merging...
---- Optimized 2 ADD/INSERT operations by merging...
---- Optimized 2 ADD/INSERT operations by merging...
---- Optimized 2 ADD/INSERT operations by merging...
---- Optimized 2 ADD/INSERT operations by merging...
---- Optimized 2 ADD/INSERT operations by merging...
---- Optimized 2 ADD/INSERT operations by merging...
---- Optimized 2 ADD/INSERT operations by merging...
---- Optimized 2 ADD/INSERT operations by merging...
---- Optimized 2 ADD/INSERT operations by merging...
---- Optimized 2 ADD/INSERT operations by merging...
---- Optimized 2 ADD/INSERT operations by merging...
---- Optimized 2 ADD/INSERT operations by merging...
---- Optimized 2 ADD/INSERT operations by merging...
---- Optimized 2 ADD/INSERT operations by merging...
---- Optimized 2 ADD/INSERT operations by merging...
---- Optimized 2 ADD/INSERT operations by merging...
---- Optimized 2 ADD/INSERT operations by merging...
---- Optimized 2 ADD/INSERT operations by merging...
---- Optimized 2 ADD/INSERT operations by merging...
---- Optimized 2 ADD/INSERT operations by merging...
---- Optimized 2 ADD/INSERT operations by merging...
---- Optimized 2 ADD/INSERT operations by merging...
---- Optimized 2 ADD/INSERT operations by merging...
---- Optimized 2 ADD/INSERT operations by merging...
---- Optimized 2 ADD/INSERT operations by merging...
---- Optimized 2 ADD/INSERT operations by merging...
---- Optimized 2 ADD/INSERT operations by merging...
---- Optimized 2 ADD/INSERT operations by merging...
---- Optimized 2 ADD/INSERT operations by merging...
---- Optimized 2 ADD/INSERT operations by merging...
---- Optimized 2 ADD/INSERT operations by merging...
---- Optimized 2 ADD/INSERT operations by merging...
---- Optimized 2 ADD/INSERT operations by merging...
---- Optimized 2 ADD/INSERT operations by merging...
---- Optimized 2 ADD/INSERT operations by merging...
---- Optimized 2 ADD/INSERT operations by merging...
---- Optimized 2 ADD/INSERT operations by merging...
---- Optimized 2 ADD/INSERT operations by merging...
---- Optimized 2 ADD/INSERT operations by merging...
---- Optimized 2 ADD/INSERT operations by merging...
---- Optimized 2 ADD/INSERT operations by merging...
---- Optimized 2 ADD/INSERT operations by merging...
---- Optimized 2 ADD/INSERT operations by merging...
---- Optimized 2 ADD/INSERT operations by merging...
---- Optimized 2 ADD/INSERT operations by merging...
---- Optimized 2 ADD/INSERT operations by merging...
---- Optimized 2 ADD/INSERT operations by merging...
---- Optimized 2 ADD/INSERT operations by merging...
---- Optimized 2 ADD/INSERT operations by merging...
---- Optimized 2 ADD/INSERT operations by merging...
---- Optimized 2 ADD/INSERT operations by merging...
---- Optimized 2 ADD/INSERT operations by merging...
---- Optimized 2 ADD/INSERT operations by merging...
---- Optimized 2 ADD/INSERT operations by merging...
---- Optimized 2 ADD/INSERT operations by merging...
---- Optimized 2 ADD/INSERT operations by merging...
---- Optimized 2 ADD/INSERT operations by merging...
---- Optimized 2 ADD/INSERT operations by merging...
---- Optimized 2 ADD/INSERT operations by merging...
---- Optimized 2 ADD/INSERT operations by merging...
---- Optimized 2 ADD/INSERT operations by merging...
---- Optimized 2 ADD/INSERT operations by merging...
---- Optimized 2 ADD/INSERT operations by merging...
---- Optimized 2 ADD/INSERT operations by merging...
---- Optimized 2 ADD/INSERT operations by merging...
---- Optimized 2 ADD/INSERT operations by merging...
---- Optimized 2 ADD/INSERT operations by merging...
---- Optimized 2 ADD/INSERT operations by merging...
---- Optimized 2 ADD/INSERT operations by merging...
---- Optimized 2 ADD/INSERT operations by merging...
---- Optimized 2 ADD/INSERT operations by merging...
---- Optimized 2 ADD/INSERT operations by merging...
---- Optimized 2 ADD/INSERT operations by merging...
---- Optimized 2 ADD/INSERT operations by merging...
---- Optimized 2 ADD/INSERT operations by merging...
---- Optimized 2 ADD/INSERT operations by merging...
---- Optimized 2 ADD/INSERT operations by merging...
---- Optimized 2 ADD/INSERT operations by merging...
---- Optimized 2 ADD/INSERT operations by merging...
---- Optimized 2 ADD/INSERT operations by merging...
---- Optimized 2 ADD/INSERT operations by merging...
---- Optimized 2 ADD/INSERT operations by merging...
---- Optimized 2 ADD/INSERT operations by merging...
---- Optimized 2 ADD/INSERT operations by merging...
---- Optimized 2 ADD/INSERT operations by merging...
---- Optimized 2 ADD/INSERT operations by merging...
---- Optimized 2 ADD/INSERT operations by merging...
---- Optimized 2 ADD/INSERT operations by merging...
---- Optimized 2 ADD/INSERT operations by merging...
---- Optimized 2 ADD/INSERT operations by merging...
---- Optimized 2 ADD/INSERT operations by merging...
---- Optimized 2 ADD/INSERT operations by merging...
---- Optimized 2 ADD/INSERT operations by merging...
---- Optimized 2 ADD/INSERT operations by merging...
---- Optimized 2 ADD/INSERT operations by merging...
---- Optimized 2 ADD/INSERT operations by merging...
---- Optimized 2 ADD/INSERT operations by merging...
---- Optimized 2 ADD/INSERT operations by merging...
---- Optimized 2 ADD/INSERT operations by merging...
---- Optimized 2 ADD/INSERT operations by merging...
---- Optimized 2 ADD/INSERT operations by merging...
---- Optimized 2 ADD/INSERT operations by merging...
---- Optimized 2 ADD/INSERT operations by merging...
---- Optimized 2 ADD/INSERT operations by merging...
---- Optimized 2 ADD/INSERT operations by merging...
---- Optimized 2 ADD/INSERT operations by merging...
---- Optimized 2 ADD/INSERT operations by merging...
---- Optimized 2 ADD/INSERT operations by merging...
---- Optimized 2 ADD/INSERT operations by merging...
---- Optimized 2 ADD/INSERT operations by merging...
---- Optimized 2 ADD/INSERT operations by merging...
---- Optimized 2 ADD/INSERT operations by merging...
---- Optimized 2 ADD/INSERT operations by merging...
---- Optimized 2 ADD/INSERT operations by merging...
---- Optimized 2 ADD/INSERT operations by merging...
---- Optimized 2 ADD/INSERT operations by merging...
---- Optimized 2 ADD/INSERT operations by merging...
---- Optimized 2 ADD/INSERT operations by merging...
---- Optimized 2 ADD/INSERT operations by merging...
---- Optimized 2 ADD/INSERT operations by merging...
---- Optimized 2 ADD/INSERT operations by merging...
---- Optimized 2 ADD/INSERT operations by merging...
---- Optimized 2 ADD/INSERT operations by merging...
---- Optimized 2 ADD/INSERT operations by merging...
---- Optimized 2 ADD/INSERT operations by merging...
---- Optimized 2 ADD/INSERT operations by merging...
---- Optimized 2 ADD/INSERT operations by merging...
---- Optimized 2 ADD/INSERT operations by merging...
---- Optimized 2 ADD/INSERT operations by merging...
---- Optimized 2 ADD/INSERT operations by merging...
---- Optimized 2 ADD/INSERT operations by merging...
---- Optimized 2 ADD/INSERT operations by merging...
---- Optimized 2 ADD/INSERT operations by merging...
---- Optimized 2 ADD/INSERT operations by merging...
---- Optimized 2 ADD/INSERT operations by merging...
---- Optimized 2 ADD/INSERT operations by merging...
---- Optimized 2 ADD/INSERT operations by merging...
---- Optimized 2 ADD/INSERT operations by merging...
---- Optimized 2 ADD/INSERT operations by merging...
---- Optimized 2 ADD/INSERT operations by merging...
---- Optimized 2 ADD/INSERT operations by merging...
---- Optimized 2 ADD/INSERT operations by merging...
---- Optimized 2 ADD/INSERT operations by merging...
---- Optimized 2 ADD/INSERT operations by merging...
---- Optimized 2 ADD/INSERT operations by merging...
---- Optimized 2 ADD/INSERT operations by merging...
---- Optimized 2 ADD/INSERT operations by merging...
---- Optimized 2 ADD/INSERT operations by merging...
---- Optimized 2 ADD/INSERT operations by merging...
---- Optimized 2 ADD/INSERT operations by merging...
---- Optimized 2 ADD/INSERT operations by merging...
---- Optimized 2 ADD/INSERT operations by merging...
---- Optimized 2 ADD/INSERT operations by merging...
---- Optimized 2 ADD/INSERT operations by merging...
---- Optimized 2 ADD/INSERT operations by merging...
---- Optimized 2 ADD/INSERT operations by merging...
---- Optimized 2 ADD/INSERT operations by merging...
---- Optimized 2 ADD/INSERT operations by merging...
---- Optimized 2 ADD/INSERT operations by merging...
---- Optimized 2 ADD/INSERT operations by merging...
---- Optimized 2 ADD/INSERT operations by merging...
---- Optimized 2 ADD/INSERT operations by merging...
---- Optimized 2 ADD/INSERT operations by merging...
---- Optimized 2 ADD/INSERT operations by merging...
---- Optimized 2 ADD/INSERT operations by merging...
---- Optimized 2 ADD/INSERT operations by merging...
---- Optimized 2 ADD/INSERT operations by merging...
---- Optimized 2 ADD/INSERT operations by merging...
---- Optimized 2 ADD/INSERT operations by merging...
---- Optimized 2 ADD/INSERT operations by merging...
---- Optimized 2 ADD/INSERT operations by merging...
---- Optimized 2 ADD/INSERT operations by merging...
---- Optimized 2 ADD/INSERT operations by merging...
---- Optimized 2 ADD/INSERT operations by merging...
---- Optimized 2 ADD/INSERT operations by merging...
---- Optimized 2 ADD/INSERT operations by merging...
---- Optimized 2 ADD/INSERT operations by merging...
---- Optimized 2 ADD/INSERT operations by merging...
---- Optimized 2 ADD/INSERT operations by merging...
---- Optimized 2 ADD/INSERT operations by merging...
---- Optimized 2 ADD/INSERT operations by merging...
---- Optimized 2 ADD/INSERT operations by merging...
---- Optimized 2 ADD/INSERT operations by merging...
---- Optimized 2 ADD/INSERT operations by merging...
---- Optimized 2 ADD/INSERT operations by merging...
---- Optimized 2 ADD/INSERT operations by merging...
---- Optimized 2 ADD/INSERT operations by merging...
---- Optimized 2 ADD/INSERT operations by merging...
---- Optimized 2 ADD/INSERT operations by merging...
---- Optimized 2 ADD/INSERT operations by merging...
---- Optimized 2 ADD/INSERT operations by merging...
---- Optimized 2 ADD/INSERT operations by merging...
---- Optimized 2 ADD/INSERT operations by merging...
---- Optimized 2 ADD/INSERT operations by merging...
---- Optimized 2 ADD/INSERT operations by merging...
---- Optimized 2 ADD/INSERT operations by merging...
---- Optimized 2 ADD/INSERT operations by merging...
---- Optimized 2 ADD/INSERT operations by merging...
---- Optimized 2 ADD/INSERT operations by merging...
---- Optimized 2 ADD/INSERT operations by merging...
---- Optimized 2 ADD/INSERT operations by merging...
---- Optimized 2 ADD/INSERT operations by merging...
---- Optimized 2 ADD/INSERT operations by merging...
---- Optimized 2 ADD/INSERT operations by merging...
---- Optimized 2 ADD/INSERT operations by merging...
---- Optimized 2 ADD/INSERT operations by merging...
---- Optimized 2 ADD/INSERT operations by merging...
---- Optimized 2 ADD/INSERT operations by merging...
---- Optimized 2 ADD/INSERT operations by merging...
---- Optimized 2 ADD/INSERT operations by merging...
---- Optimized 2 ADD/INSERT operations by merging...
---- Optimized 2 ADD/INSERT operations by merging...
---- Optimized 2 ADD/INSERT operations by merging...
---- Optimized 2 ADD/INSERT operations by merging...
---- Optimized 2 ADD/INSERT operations by merging...
---- Optimized 2 ADD/INSERT operations by merging...
---- Optimized 2 ADD/INSERT operations by merging...
---- Optimized 2 ADD/INSERT operations by merging...
---- Optimized 2 ADD/INSERT operations by merging...
---- Optimized 2 ADD/INSERT operations by merging...
---- Optimized 2 ADD/INSERT operations by merging...
---- Optimized 2 ADD/INSERT operations by merging...
---- Optimized 2 ADD/INSERT operations by merging...
---- Optimized 2 ADD/INSERT operations by merging...
---- Optimized 2 ADD/INSERT operations by merging...
---- Optimized 2 ADD/INSERT operations by merging...
---- Optimized 2 ADD/INSERT operations by merging...
---- Optimized 2 ADD/INSERT operations by merging...
---- Optimized 2 ADD/INSERT operations by merging...
---- Optimized 2 ADD/INSERT operations by merging...
---- Optimized 2 ADD/INSERT operations by merging...
---- Optimized 2 ADD/INSERT operations by merging...
---- Optimized 2 ADD/INSERT operations by merging...
---- Optimized 2 ADD/INSERT operations by merging...
---- Optimized 2 ADD/INSERT operations by merging...
---- Optimized 2 ADD/INSERT operations by merging...
---- Optimized 2 ADD/INSERT operations by merging...
---- Optimized 2 ADD/INSERT operations by merging...
---- Optimized 2 ADD/INSERT operations by merging...
---- Optimized 2 ADD/INSERT operations by merging...
---- Optimized 2 ADD/INSERT operations by merging...
---- Optimized 2 ADD/INSERT operations by merging...
---- Optimized 2 ADD/INSERT operations by merging...
---- Optimized 2 ADD/INSERT operations by merging...
---- Optimized 2 ADD/INSERT operations by merging...
---- Optimized 2 ADD/INSERT operations by merging...
---- Optimized 2 ADD/INSERT operations by merging...
---- Optimized 2 ADD/INSERT operations by merging...
---- Optimized 2 ADD/INSERT operations by merging...
---- Optimized 2 ADD/INSERT operations by merging...
---- Optimized 2 ADD/INSERT operations by merging...
---- Optimized 2 ADD/INSERT operations by merging...
---- Optimized 2 ADD/INSERT operations by merging...
---- Optimized 2 ADD/INSERT operations by merging...
---- Optimized 2 ADD/INSERT operations by merging...
---- Optimized 2 ADD/INSERT operations by merging...
---- Optimized 2 ADD/INSERT operations by merging...
---- Optimized 2 ADD/INSERT operations by merging...
---- Optimized 2 ADD/INSERT operations by merging...
---- Optimized 2 ADD/INSERT operations by merging...
---- Optimized 2 ADD/INSERT operations by merging...
---- Optimized 2 ADD/INSERT operations by merging...
---- Optimized 2 ADD/INSERT operations by merging...
---- Optimized 2 ADD/INSERT operations by merging...
---- Optimized 2 ADD/INSERT operations by merging...
---- Optimized 2 ADD/INSERT operations by merging...
---- Optimized 2 ADD/INSERT operations by merging...
---- Optimized 2 ADD/INSERT operations by merging...
---- Optimized 2 ADD/INSERT operations by merging...
---- Optimized 2 ADD/INSERT operations by merging...
---- Optimized 2 ADD/INSERT operations by merging...
---- Optimized 2 ADD/INSERT operations by merging...
---- Optimized 2 ADD/INSERT operations by merging...
---- Optimized 2 ADD/INSERT operations by merging...
---- Optimized 2 ADD/INSERT operations by merging...
---- Optimized 2 ADD/INSERT operations by merging...
---- Optimized 2 ADD/INSERT operations by merging...
---- Optimized 2 ADD/INSERT operations by merging...
---- Optimized 2 ADD/INSERT operations by merging...
---- Optimized 2 ADD/INSERT operations by merging...
---- Optimized 2 ADD/INSERT operations by merging...
---- Optimized 2 ADD/INSERT operations by merging...
---- Optimized 2 ADD/INSERT operations by merging...
---- Optimized 2 ADD/INSERT operations by merging...
---- Optimized 2 ADD/INSERT operations by merging...
---- Optimized 2 ADD/INSERT operations by merging...
---- Optimized 2 ADD/INSERT operations by merging...
---- Optimized 2 ADD/INSERT operations by merging...
---- Optimized 2 ADD/INSERT operations by merging...
---- Optimized 2 ADD/INSERT operations by merging...
---- Optimized 2 ADD/INSERT operations by merging...
---- Optimized 2 ADD/INSERT operations by merging...
---- Optimized 2 ADD/INSERT operations by merging...
---- Optimized 2 ADD/INSERT operations by merging...
---- Optimized 2 ADD/INSERT operations by merging...
---- Optimized 2 ADD/INSERT operations by merging...
---- Optimized 2 ADD/INSERT operations by merging...
---- Optimized 2 ADD/INSERT operations by merging...
---- Optimized 2 ADD/INSERT operations by merging...
---- Optimized 2 ADD/INSERT operations by merging...
---- Optimized 2 ADD/INSERT operations by merging...
---- Optimized 2 ADD/INSERT operations by merging...
---- Optimized 2 ADD/INSERT operations by merging...
---- Optimized 2 ADD/INSERT operations by merging...
---- Optimized 2 ADD/INSERT operations by merging...
---- Optimized 2 ADD/INSERT operations by merging...
---- Optimized 2 ADD/INSERT operations by merging...
---- Optimized 2 ADD/INSERT operations by merging...
---- Optimized 2 ADD/INSERT operations by merging...
---- Optimized 2 ADD/INSERT operations by merging...
---- Optimized 2 ADD/INSERT operations by merging...
---- Optimized 2 ADD/INSERT operations by merging...
---- Optimized 2 ADD/INSERT operations by merging...
---- Optimized 2 ADD/INSERT operations by merging...
---- Optimized 2 ADD/INSERT operations by merging...
---- Optimized 2 ADD/INSERT operations by merging...
---- Optimized 2 ADD/INSERT operations by merging...
---- Optimized 2 ADD/INSERT operations by merging...
---- Optimized 2 ADD/INSERT operations by merging...
---- Optimized 2 ADD/INSERT operations by merging...
---- Optimized 2 ADD/INSERT operations by merging...
---- Optimized 2 ADD/INSERT operations by merging...
---- Optimized 2 ADD/INSERT operations by merging...
---- Optimized 2 ADD/INSERT operations by merging...
---- Optimized 2 ADD/INSERT operations by merging...
---- Optimized 2 ADD/INSERT operations by merging...
---- Optimized 2 ADD/INSERT operations by merging...
---- Optimized 2 ADD/INSERT operations by merging...
---- Optimized 2 ADD/INSERT operations by merging...
---- Optimized 2 ADD/INSERT operations by merging...
---- Optimized 2 ADD/INSERT operations by merging...
---- Optimized 2 ADD/INSERT operations by merging...
---- Optimized 2 ADD/INSERT operations by merging...
---- Optimized 2 ADD/INSERT operations by merging...
---- Optimized 2 ADD/INSERT operations by merging...
---- Optimized 2 ADD/INSERT operations by merging...
---- Optimized 2 ADD/INSERT operations by merging...
---- Optimized 2 ADD/INSERT operations by merging...
---- Optimized 2 ADD/INSERT operations by merging...
---- Optimized 2 ADD/INSERT operations by merging...
---- Optimized 2 ADD/INSERT operations by merging...
---- Optimized 2 ADD/INSERT operations by merging...
---- Optimized 2 ADD/INSERT operations by merging...
---- Optimized 2 ADD/INSERT operations by merging...
---- Optimized 2 ADD/INSERT operations by merging...
---- Optimized 2 ADD/INSERT operations by merging...
---- Optimized 2 ADD/INSERT operations by merging...
---- Optimized 2 ADD/INSERT operations by merging...
---- Optimized 2 ADD/INSERT operations by merging...
---- Optimized 2 ADD/INSERT operations by merging...
---- Optimized 2 ADD/INSERT operations by merging...
---- Optimized 2 ADD/INSERT operations by merging...
---- Optimized 2 ADD/INSERT operations by merging...
---- Optimized 2 ADD/INSERT operations by merging...
---- Optimized 2 ADD/INSERT operations by merging...
---- Optimized 2 ADD/INSERT operations by merging...
---- Optimized 2 ADD/INSERT operations by merging...
---- Optimized 2 ADD/INSERT operations by merging...
---- Optimized 2 ADD/INSERT operations by merging...
---- Optimized 2 ADD/INSERT operations by merging...
---- Optimized 2 ADD/INSERT operations by merging...
---- Optimized 2 ADD/INSERT operations by merging...
---- Optimized 2 ADD/INSERT operations by merging...
---- Optimized 2 ADD/INSERT operations by merging...
---- Optimized 2 ADD/INSERT operations by merging...
---- Optimized 2 ADD/INSERT operations by merging...
---- Optimized 2 ADD/INSERT operations by merging...
---- Optimized 2 ADD/INSERT operations by merging...
---- Optimized 2 ADD/INSERT operations by merging...
---- Optimized 2 ADD/INSERT operations by merging...
---- Optimized 2 ADD/INSERT operations by merging...
---- Optimized 2 ADD/INSERT operations by merging...
---- Optimized 2 ADD/INSERT operations by merging...
-- Done...
------------------------------------------

-- Generating file 'data_basis\riotboot\samd20-xpro\deltagen_rev_01_rev_00\deltagen_rev_01_slot1_rev_00_slot1'...
--- Data succesfully generated
--- Generating checksum CRC-16
--- Generated CRC-16
--- Finalizing delta file
--- Writing file 'data_basis\riotboot\samd20-xpro\deltagen_rev_01_rev_00\deltagen_rev_01_slot1_rev_00_slot1'

-- OPERATION SUCCESFULL ...
Elapsed time: 00:00:00.4138170
------------------------------------------

