
There are 6 non-matching segments with total length of 17464
-- Found 6 segments that have changed...
-- Searching for matching segments...
-- Done searching...
------------------------------------------

-- Generating operations...
--- Found segment that must be added. Length: 12 , address: 0x4

--- OPTIMIZING...

--- Found word that must be inserted. Length: 4 , address: 0x2C

--- OPTIMIZING...

--- Found segment that must be added. Length: 120 , address: 0x38

--- OPTIMIZING...

--- Found word that must be inserted. Length: 4 , address: 0xC4

--- OPTIMIZING...

--- Found segment that must be added. Length: 52 , address: 0xCC
--- Found a word to insert to address: 0x100
--- Found segment that must be added. Length: 4 , address: 0x104
--- Found segment that will be moved from address: 0x100 to address: 0x108 of length 8
--- Found segment that must be added. Length: 4 , address: 0x110
--- Found a word to insert to address: 0x114
--- Found segment that must be added. Length: 4 , address: 0x118
--- Found a word to insert to address: 0x11C
--- Found segment that must be added. Length: 16 , address: 0x120
--- Found a word to insert to address: 0x130
--- Found segment that must be added. Length: 52 , address: 0x134
--- Found a word to insert to address: 0x168
--- Found segment that must be added. Length: 16 , address: 0x16C
--- Found a word to insert to address: 0x17C
--- Found segment that must be added. Length: 12 , address: 0x180
--- Found segment that will be moved from address: 0x160 to address: 0x18C of length 8
--- Found segment that must be added. Length: 4 , address: 0x194
--- Found a word to insert to address: 0x198
--- Found segment that must be added. Length: 4 , address: 0x19C
--- Found a word to insert to address: 0x1A0
--- Found segment that must be added. Length: 4 , address: 0x1A4
--- Found segment that will be moved from address: 0x17C to address: 0x1A8 of length 20
--- Found segment that must be added. Length: 16 , address: 0x1BC
--- Found segment that will be moved from address: 0x1A0 to address: 0x1CC of length 8
--- Found segment that must be added. Length: 8 , address: 0x1D4
--- Found segment that will be moved from address: 0x1B0 to address: 0x1DC of length 8
--- Found segment that must be added. Length: 24 , address: 0x1E4
--- Found segment that will be moved from address: 0x1D0 to address: 0x1FC of length 16
--- Found segment that must be added. Length: 8 , address: 0x20C
--- Found segment that will be moved from address: 0x1E8 to address: 0x214 of length 12
--- Found segment that must be added. Length: 4 , address: 0x220
--- Found segment that will be moved from address: 0x1F8 to address: 0x224 of length 12
--- Found segment that must be added. Length: 4 , address: 0x230
--- Found segment that will be moved from address: 0x208 to address: 0x234 of length 24
--- Found segment that must be added. Length: 4 , address: 0x24C
--- Found segment that will be moved from address: 0x224 to address: 0x250 of length 8
--- Found segment that must be added. Length: 4 , address: 0x258
--- Found segment that will be moved from address: 0x230 to address: 0x25C of length 40
--- Found segment that must be added. Length: 12 , address: 0x284
--- Found segment that will be moved from address: 0x264 to address: 0x290 of length 36
--- Found segment that must be added. Length: 8 , address: 0x2B4
--- Found segment that will be moved from address: 0x290 to address: 0x2BC of length 96
--- Found segment that must be added. Length: 8 , address: 0x31C
--- Found segment that will be moved from address: 0x2F8 to address: 0x324 of length 104
--- Found segment that must be added. Length: 4 , address: 0x38C
--- Found segment that will be moved from address: 0x364 to address: 0x390 of length 12
--- Found segment that must be added. Length: 12 , address: 0x39C
--- Found a word to insert to address: 0x3A8
--- Found segment that must be added. Length: 4 , address: 0x3AC
--- Found segment that will be moved from address: 0x384 to address: 0x3B0 of length 8
--- Found segment that must be added. Length: 24 , address: 0x3B8
--- Found segment that will be moved from address: 0x3A4 to address: 0x3D0 of length 108
--- Found segment that must be added. Length: 16 , address: 0x43C
--- Found a word to insert to address: 0x44C
--- Found a word to insert to address: 0x450
--- Found segment that must be added. Length: 4 , address: 0x454
--- Found segment that will be moved from address: 0x42C to address: 0x458 of length 116
--- Found a word to insert to address: 0x4CC
--- Found segment that must be added. Length: 4 , address: 0x4D0
--- Found segment that will be moved from address: 0x4A8 to address: 0x4D4 of length 48
--- Found segment that must be added. Length: 8 , address: 0x504
--- Found segment that will be moved from address: 0x4E0 to address: 0x50C of length 52
--- Found segment that must be added. Length: 12 , address: 0x540
--- Found a word to insert to address: 0x54C
--- Found segment that will be moved from address: 0x524 to address: 0x550 of length 28
--- Found segment that must be added. Length: 4 , address: 0x56C
--- Found segment that will be moved from address: 0x544 to address: 0x570 of length 48
--- Found segment that must be added. Length: 4 , address: 0x5A0
--- Found segment that will be moved from address: 0x578 to address: 0x5A4 of length 240
--- Found segment that must be added. Length: 4 , address: 0x694
--- Found a word to insert to address: 0x698
--- Found segment that will be moved from address: 0x670 to address: 0x69C of length 24
--- Found segment that must be added. Length: 8 , address: 0x6B4
--- Found segment that will be moved from address: 0x690 to address: 0x6BC of length 140
--- Found segment that must be added. Length: 4 , address: 0x748
--- Found a word to insert to address: 0x74C
--- Found segment that must be added. Length: 4 , address: 0x750
--- Found segment that will be moved from address: 0x728 to address: 0x754 of length 168
--- Found segment that must be added. Length: 4 , address: 0x7FC
--- Found segment that will be moved from address: 0x7D4 to address: 0x800 of length 160
--- Found segment that must be added. Length: 4 , address: 0x8A0
--- Found segment that will be moved from address: 0x878 to address: 0x8A4 of length 20
--- Found segment that must be added. Length: 4 , address: 0x8B8
--- Found segment that will be moved from address: 0x890 to address: 0x8BC of length 100
--- Found segment that must be added. Length: 4 , address: 0x920
--- Found segment that will be moved from address: 0x8F8 to address: 0x924 of length 12
--- Found segment that must be added. Length: 4 , address: 0x930
--- Found segment that will be moved from address: 0x908 to address: 0x934 of length 48
--- Found segment that must be added. Length: 4 , address: 0x964
--- Found segment that will be moved from address: 0x93C to address: 0x968 of length 32
--- Found segment that must be added. Length: 4 , address: 0x988
--- Found segment that will be moved from address: 0x960 to address: 0x98C of length 8
--- Found segment that must be added. Length: 4 , address: 0x994
--- Found segment that will be moved from address: 0x96C to address: 0x998 of length 24
--- Found segment that must be added. Length: 4 , address: 0x9B0
--- Found segment that will be moved from address: 0x988 to address: 0x9B4 of length 12
--- Found segment that must be added. Length: 4 , address: 0x9C0
--- Found a word to insert to address: 0x9C4
--- Found segment that must be added. Length: 4 , address: 0x9C8
--- Found a word to insert to address: 0x9CC
--- Found segment that must be added. Length: 4 , address: 0x9D0
--- Found segment that will be moved from address: 0x9A8 to address: 0x9D4 of length 28
--- Found segment that must be added. Length: 4 , address: 0x9F0
--- Found a word to insert to address: 0x9F4
--- Found segment that must be added. Length: 4 , address: 0x9F8
--- Found a word to insert to address: 0x9FC
--- Found segment that must be added. Length: 4 , address: 0xA00
--- Found segment that will be moved from address: 0x9D8 to address: 0xA04 of length 16
--- Found segment that must be added. Length: 4 , address: 0xA14
--- Found segment that will be moved from address: 0x9EC to address: 0xA18 of length 84
--- Found segment that must be added. Length: 8 , address: 0xA6C
--- Found segment that will be moved from address: 0xA48 to address: 0xA74 of length 12
--- Found segment that must be added. Length: 4 , address: 0xA80
--- Found segment that will be moved from address: 0xA58 to address: 0xA84 of length 12
--- Found segment that must be added. Length: 4 , address: 0xA90
--- Found segment that will be moved from address: 0xA68 to address: 0xA94 of length 8
--- Found segment that must be added. Length: 4 , address: 0xA9C
--- Found segment that will be moved from address: 0xA74 to address: 0xAA0 of length 12
--- Found segment that must be added. Length: 4 , address: 0xAAC
--- Found a word to insert to address: 0xAB0
--- Found segment that must be added. Length: 24 , address: 0xAB4
--- Found a word to insert to address: 0xACC
--- Found segment that must be added. Length: 24 , address: 0xAD0
--- Found segment that will be moved from address: 0xABC to address: 0xAE8 of length 20
--- Found segment that must be added. Length: 4 , address: 0xAFC
--- Found segment that will be moved from address: 0xAD4 to address: 0xB00 of length 220
--- Found segment that must be added. Length: 8 , address: 0xBDC
--- Found segment that will be moved from address: 0xBB8 to address: 0xBE4 of length 68
--- Found segment that must be added. Length: 4 , address: 0xC28
--- Found segment that will be moved from address: 0xC00 to address: 0xC2C of length 28
--- Found segment that must be added. Length: 4 , address: 0xC48
--- Found segment that will be moved from address: 0xC20 to address: 0xC4C of length 16
--- Found a word to insert to address: 0xC5C
--- Found segment that must be added. Length: 24 , address: 0xC60
--- Found a word to insert to address: 0xC78
--- Found a word to insert to address: 0xC7C
--- Found segment that must be added. Length: 16 , address: 0xC80
--- Found a word to insert to address: 0xC90
--- Found a word to insert to address: 0xC94
--- Found segment that must be added. Length: 12 , address: 0xC98
--- Found a word to insert to address: 0xCA4
--- Found segment that must be added. Length: 124 , address: 0xCA8
--- Found a word to insert to address: 0xD24
--- Found segment that must be added. Length: 44 , address: 0xD28
--- Found a word to insert to address: 0xD54
--- Found segment that must be added. Length: 16 , address: 0xD58
--- Found a word to insert to address: 0xD68
--- Found segment that must be added. Length: 4 , address: 0xD6C
--- Found a word to insert to address: 0xD70
--- Found segment that must be added. Length: 4 , address: 0xD74
--- Found a word to insert to address: 0xD78
--- Found segment that must be added. Length: 60 , address: 0xD7C
--- Found a word to insert to address: 0xDB8
--- Found segment that must be added. Length: 84 , address: 0xDBC
--- Found segment that will be moved from address: 0xD84 to address: 0xE10 of length 8
--- Found segment that must be added. Length: 84 , address: 0xE18
--- Found a word to insert to address: 0xE6C
--- Found segment that must be added. Length: 4 , address: 0xE70
--- Found a word to insert to address: 0xE74
--- Found segment that must be added. Length: 52 , address: 0xE78
--- Found a word to insert to address: 0xEAC
--- Found segment that must be added. Length: 8 , address: 0xEB0
--- Found a word to insert to address: 0xEB8
--- Found segment that must be added. Length: 64 , address: 0xEBC
--- Found a word to insert to address: 0xEFC
--- Found segment that must be added. Length: 4 , address: 0xF00
--- Found a word to insert to address: 0xF04
--- Found segment that will be moved from address: 0xDF0 to address: 0xF08 of length 60
--- Found segment that must be added. Length: 4 , address: 0xF44
--- Found segment that will be moved from address: 0xE30 to address: 0xF48 of length 288
--- Found segment that must be added. Length: 4 , address: 0x1068
--- Found segment that will be moved from address: 0xF54 to address: 0x106C of length 32
--- Found segment that must be added. Length: 4 , address: 0x108C
--- Found segment that will be moved from address: 0xF78 to address: 0x1090 of length 124
--- Found segment that must be added. Length: 4 , address: 0x110C
--- Found segment that will be moved from address: 0xFF8 to address: 0x1110 of length 20
--- Found segment that must be added. Length: 4 , address: 0x1124
--- Found segment that will be moved from address: 0x1010 to address: 0x1128 of length 16
--- Found segment that must be added. Length: 4 , address: 0x1138
--- Found segment that will be moved from address: 0x1024 to address: 0x113C of length 20
--- Found segment that must be added. Length: 4 , address: 0x1150
--- Found segment that will be moved from address: 0x103C to address: 0x1154 of length 56
--- Found segment that must be added. Length: 8 , address: 0x118C
--- Found a word to insert to address: 0x1194
--- Found segment that must be added. Length: 4 , address: 0x1198
--- Found segment that will be moved from address: 0x1084 to address: 0x119C of length 40
--- Found segment that must be added. Length: 4 , address: 0x11C4
--- Found segment that will be moved from address: 0x10B0 to address: 0x11C8 of length 24
--- Found segment that must be added. Length: 4 , address: 0x11E0
--- Found segment that will be moved from address: 0x10CC to address: 0x11E4 of length 84
--- Found segment that must be added. Length: 20 , address: 0x1238
--- Found a word to insert to address: 0x124C
--- Found segment that must be added. Length: 16 , address: 0x1250
--- Found a word to insert to address: 0x1260
--- Found segment that must be added. Length: 4 , address: 0x1264
--- Found segment that will be moved from address: 0x1150 to address: 0x1268 of length 72
--- Found segment that must be added. Length: 4 , address: 0x12B0
--- Found segment that will be moved from address: 0x119C to address: 0x12B4 of length 20
--- Found segment that must be added. Length: 4 , address: 0x12C8
--- Found segment that will be moved from address: 0x11B4 to address: 0x12CC of length 12
--- Found segment that must be added. Length: 8 , address: 0x12D8
--- Found segment that will be moved from address: 0x11C8 to address: 0x12E0 of length 12
--- Found segment that must be added. Length: 8 , address: 0x12EC
--- Found segment that will be moved from address: 0x11DC to address: 0x12F4 of length 40
--- Found segment that must be added. Length: 4 , address: 0x131C
--- Found segment that will be moved from address: 0x1208 to address: 0x1320 of length 132
--- Found segment that must be added. Length: 4 , address: 0x13A4
--- Found a word to insert to address: 0x13A8
--- Found segment that must be added. Length: 8 , address: 0x13AC
--- Found a word to insert to address: 0x13B4
--- Found segment that must be added. Length: 4 , address: 0x13B8
--- Found segment that will be moved from address: 0x12A4 to address: 0x13BC of length 28
--- Found segment that must be added. Length: 4 , address: 0x13D8
--- Found segment that will be moved from address: 0x12C4 to address: 0x13DC of length 32
--- Found segment that must be added. Length: 4 , address: 0x13FC
--- Found segment that will be moved from address: 0x12E8 to address: 0x1400 of length 308
--- Found segment that must be added. Length: 4 , address: 0x1534
--- Found segment that will be moved from address: 0x1420 to address: 0x1538 of length 176
--- Found segment that must be added. Length: 4 , address: 0x15E8
--- Found segment that will be moved from address: 0x14D4 to address: 0x15EC of length 8
--- Found segment that must be added. Length: 8 , address: 0x15F4
--- Found segment that will be moved from address: 0x14E4 to address: 0x15FC of length 48
--- Found segment that must be added. Length: 4 , address: 0x162C
--- Found segment that will be moved from address: 0x1518 to address: 0x1630 of length 44
--- Found segment that must be added. Length: 4 , address: 0x165C
--- Found segment that will be moved from address: 0x1548 to address: 0x1660 of length 96
--- Found segment that must be added. Length: 4 , address: 0x16C0
--- Found a word to insert to address: 0x16C4
--- Found segment that must be added. Length: 8 , address: 0x16C8
--- Found segment that will be moved from address: 0x15B8 to address: 0x16D0 of length 12
--- Found segment that must be added. Length: 4 , address: 0x16DC
--- Found segment that will be moved from address: 0x15C8 to address: 0x16E0 of length 76
--- Found segment that must be added. Length: 4 , address: 0x172C
--- Found segment that will be moved from address: 0x1618 to address: 0x1730 of length 48
--- Found segment that must be added. Length: 12 , address: 0x1760
--- Found segment that will be moved from address: 0x1654 to address: 0x176C of length 28
--- Found segment that must be added. Length: 4 , address: 0x1788
--- Found segment that will be moved from address: 0x1674 to address: 0x178C of length 24
--- Found segment that must be added. Length: 4 , address: 0x17A4
--- Found segment that will be moved from address: 0x1690 to address: 0x17A8 of length 104
--- Found segment that must be added. Length: 8 , address: 0x1810
--- Found segment that will be moved from address: 0x1700 to address: 0x1818 of length 44
--- Found segment that must be added. Length: 4 , address: 0x1844
--- Found a word to insert to address: 0x1848
--- Found segment that must be added. Length: 8 , address: 0x184C
--- Found segment that will be moved from address: 0x173C to address: 0x1854 of length 24
--- Found segment that must be added. Length: 4 , address: 0x186C
--- Found segment that will be moved from address: 0x1758 to address: 0x1870 of length 72
--- Found segment that must be added. Length: 8 , address: 0x18B8
--- Found segment that will be moved from address: 0x17A8 to address: 0x18C0 of length 112
--- Found segment that must be added. Length: 12 , address: 0x1930
--- Found segment that will be moved from address: 0x1824 to address: 0x193C of length 32
--- Found segment that must be added. Length: 4 , address: 0x195C
--- Found segment that will be moved from address: 0x1848 to address: 0x1960 of length 36
--- Found segment that must be added. Length: 4 , address: 0x1984
--- Found segment that will be moved from address: 0x1870 to address: 0x1988 of length 72
--- Found segment that must be added. Length: 4 , address: 0x19D0
--- Found a word to insert to address: 0x19D4
--- Found segment that must be added. Length: 4 , address: 0x19D8
--- Found segment that will be moved from address: 0x18C4 to address: 0x19DC of length 76
--- Found segment that must be added. Length: 4 , address: 0x1A28
--- Found segment that will be moved from address: 0x14E4 to address: 0x1A2C of length 48
--- Found segment that must be added. Length: 4 , address: 0x1A5C
--- Found segment that will be moved from address: 0x1518 to address: 0x1A60 of length 44
--- Found segment that must be added. Length: 4 , address: 0x1A8C
--- Found segment that will be moved from address: 0x1978 to address: 0x1A90 of length 84
--- Found segment that must be added. Length: 8 , address: 0x1AE4
--- Found segment that will be moved from address: 0x19D4 to address: 0x1AEC of length 84
--- Found segment that must be added. Length: 4 , address: 0x1B40
--- Found segment that will be moved from address: 0x1A2C to address: 0x1B44 of length 172
--- Found segment that must be added. Length: 4 , address: 0x1BF0
--- Found segment that will be moved from address: 0x1ADC to address: 0x1BF4 of length 12
--- Found a word to insert to address: 0x1C00
--- Found segment that will be moved from address: 0x1AEC to address: 0x1C04 of length 52
--- Found segment that must be added. Length: 4 , address: 0x1C38
--- Found segment that will be moved from address: 0x1B24 to address: 0x1C3C of length 32
--- Found segment that must be added. Length: 4 , address: 0x1C5C
--- Found segment that will be moved from address: 0x1B48 to address: 0x1C60 of length 44
--- Found segment that must be added. Length: 24 , address: 0x1C8C
--- Found segment that will be moved from address: 0x1B8C to address: 0x1CA4 of length 28
--- Found segment that must be added. Length: 4 , address: 0x1CC0
--- Found segment that will be moved from address: 0x1BAC to address: 0x1CC4 of length 324
--- Found segment that must be added. Length: 24 , address: 0x1E08
--- Found a word to insert to address: 0x1E20
--- Found a word to insert to address: 0x1E24
--- Found segment that must be added. Length: 32 , address: 0x1E28
--- Found segment that will be moved from address: 0x1D30 to address: 0x1E48 of length 12
--- Found segment that must be added. Length: 4 , address: 0x1E54
--- Found segment that will be moved from address: 0x1D40 to address: 0x1E58 of length 16
--- Found segment that must be added. Length: 4 , address: 0x1E68
--- Found segment that will be moved from address: 0x1D54 to address: 0x1E6C of length 56
--- Found segment that must be added. Length: 4 , address: 0x1EA4
--- Found segment that will be moved from address: 0x1D90 to address: 0x1EA8 of length 36
--- Found segment that must be added. Length: 4 , address: 0x1ECC
--- Found segment that will be moved from address: 0x1DB8 to address: 0x1ED0 of length 608
--- Found segment that must be added. Length: 16 , address: 0x2130
--- Found a word to insert to address: 0x2140
--- Found segment that must be added. Length: 24 , address: 0x2144
--- Found segment that will be moved from address: 0x2044 to address: 0x215C of length 24
--- Found segment that must be added. Length: 4 , address: 0x2174
--- Found segment that will be moved from address: 0x2060 to address: 0x2178 of length 12
--- Found segment that must be added. Length: 4 , address: 0x2184
--- Found segment that will be moved from address: 0x2070 to address: 0x2188 of length 768
--- Found segment that must be added. Length: 12 , address: 0x2488
--- Found segment that will be moved from address: 0x237C to address: 0x2494 of length 32
--- Found segment that must be added. Length: 8 , address: 0x24B4
--- Found segment that will be moved from address: 0x23A4 to address: 0x24BC of length 60
--- Found segment that must be added. Length: 16 , address: 0x24F8
--- Found segment that will be moved from address: 0x23F0 to address: 0x2508 of length 12
--- Found segment that must be added. Length: 4 , address: 0x2514
--- Found segment that will be moved from address: 0x2400 to address: 0x2518 of length 56
--- Found segment that must be added. Length: 4 , address: 0x2550
--- Found segment that will be moved from address: 0x243C to address: 0x2554 of length 12
--- Found segment that must be added. Length: 4 , address: 0x2560
--- Found segment that will be moved from address: 0x244C to address: 0x2564 of length 12
--- Found segment that must be added. Length: 4 , address: 0x2570
--- Found segment that will be moved from address: 0x245C to address: 0x2574 of length 12
--- Found segment that must be added. Length: 4 , address: 0x2580
--- Found segment that will be moved from address: 0x246C to address: 0x2584 of length 104
--- Found segment that must be added. Length: 8 , address: 0x25EC
--- Found segment that will be moved from address: 0x24DC to address: 0x25F4 of length 136
--- Found segment that must be added. Length: 4 , address: 0x267C
--- Found segment that will be moved from address: 0x2568 to address: 0x2680 of length 280
--- Found segment that must be added. Length: 12 , address: 0x2798
--- Found segment that will be moved from address: 0x268C to address: 0x27A4 of length 20
--- Found segment that must be added. Length: 4 , address: 0x27B8
--- Found segment that will be moved from address: 0x26A4 to address: 0x27BC of length 32
--- Found segment that must be added. Length: 16 , address: 0x27DC
--- Found segment that will be moved from address: 0x26D4 to address: 0x27EC of length 168
--- Found segment that must be added. Length: 4 , address: 0x2894
--- Found segment that will be moved from address: 0x2780 to address: 0x2898 of length 180
--- Found segment that must be added. Length: 8 , address: 0x294C
--- Found segment that will be moved from address: 0x283C to address: 0x2954 of length 228
--- Found segment that must be added. Length: 12 , address: 0x2A38
--- Found segment that will be moved from address: 0x292C to address: 0x2A44 of length 216
--- Found segment that must be added. Length: 12 , address: 0x2B1C
--- Found segment that will be moved from address: 0x2A10 to address: 0x2B28 of length 104
--- Found segment that must be added. Length: 12 , address: 0x2B90
--- Found segment that will be moved from address: 0x2A84 to address: 0x2B9C of length 464
--- Found segment that must be added. Length: 4 , address: 0x2D6C
--- Found segment that will be moved from address: 0x2C58 to address: 0x2D70 of length 188
--- Found segment that must be added. Length: 12 , address: 0x2E2C
--- Found segment that will be moved from address: 0x2D20 to address: 0x2E38 of length 228
--- Found segment that must be added. Length: 12 , address: 0x2F1C
--- Found segment that will be moved from address: 0x2E10 to address: 0x2F28 of length 212
--- Found segment that must be added. Length: 4 , address: 0x2FFC
--- Found segment that will be moved from address: 0x2EE8 to address: 0x3000 of length 12
--- Found segment that must be added. Length: 4 , address: 0x300C
--- Found segment that will be moved from address: 0x2EF8 to address: 0x3010 of length 12
--- Found segment that must be added. Length: 4 , address: 0x301C
--- Found segment that will be moved from address: 0x2F08 to address: 0x3020 of length 676
--- Found segment that must be added. Length: 24 , address: 0x32C4
--- Found a word to insert to address: 0x32DC
--- Found segment that must be added. Length: 4 , address: 0x32E0
--- Found segment that will be moved from address: 0x31CC to address: 0x32E4 of length 292
--- Found segment that must be added. Length: 20 , address: 0x3408
--- Found segment that will be moved from address: 0x3304 to address: 0x341C of length 784
--- Found segment that must be added. Length: 8 , address: 0x372C
--- Found segment that will be moved from address: 0x361C to address: 0x3734 of length 76
--- Found segment that must be added. Length: 24 , address: 0x3780
--- Found a word to insert to address: 0x3798
--- Found segment that must be added. Length: 8 , address: 0x379C
--- Found a word to insert to address: 0x37A4
--- Found segment that must be added. Length: 12 , address: 0x37A8
--- Found a word to insert to address: 0x37B4
--- Found segment that must be added. Length: 36 , address: 0x37B8
--- Found segment that will be moved from address: 0x3684 to address: 0x37DC of length 244
--- Found segment that must be added. Length: 20 , address: 0x38D0
--- Found a word to insert to address: 0x38E4
--- Found segment that must be added. Length: 20 , address: 0x38E8
--- Found segment that will be moved from address: 0x37B0 to address: 0x38FC of length 268
--- Found segment that must be added. Length: 52 , address: 0x3A08
--- Found segment that will be moved from address: 0x38F0 to address: 0x3A3C of length 1864
--- Found segment that must be added. Length: 48 , address: 0x4184
--- Found segment that will be moved from address: 0x4068 to address: 0x41B4 of length 192

--- OPTIMIZING...

---- Optimized 2 ADD/INSERT operations by merging...
---- Optimized 2 ADD/INSERT operations by merging...
---- Optimized COPY and ADD operations to preceding ADD...
---- Optimized 2 ADD/INSERT operations by merging...
---- Optimized 2 ADD/INSERT operations by merging...
---- Optimized 2 ADD/INSERT operations by merging...
---- Optimized 2 ADD/INSERT operations by merging...
---- Optimized 2 ADD/INSERT operations by merging...
---- Optimized 2 ADD/INSERT operations by merging...
---- Optimized 2 ADD/INSERT operations by merging...
---- Optimized 2 ADD/INSERT operations by merging...
---- Optimized 2 ADD/INSERT operations by merging...
---- Optimized 2 ADD/INSERT operations by merging...
---- Optimized COPY and ADD operations to preceding ADD...
---- Optimized 2 ADD/INSERT operations by merging...
---- Optimized 2 ADD/INSERT operations by merging...
---- Optimized 2 ADD/INSERT operations by merging...
---- Optimized 2 ADD/INSERT operations by merging...
---- Optimized COPY and ADD operations to preceding ADD...
---- Optimized COPY and ADD operations to preceding ADD...
---- Optimized COPY and ADD operations to preceding ADD...
---- Optimized COPY and ADD operations to preceding ADD...
---- Optimized COPY and ADD operations to preceding ADD...
---- Optimized COPY and ADD operations to preceding ADD...
---- Optimized 2 ADD/INSERT operations by merging...
---- Optimized 2 ADD/INSERT operations by merging...
---- Optimized COPY and ADD operations to preceding ADD...
---- Optimized 2 ADD/INSERT operations by merging...
---- Optimized 2 ADD/INSERT operations by merging...
---- Optimized 2 ADD/INSERT operations by merging...
---- Optimized 2 ADD/INSERT operations by merging...
---- Optimized 2 ADD/INSERT operations by merging...
---- Optimized 2 ADD/INSERT operations by merging...
---- Optimized 2 ADD/INSERT operations by merging...
---- Optimized 2 ADD/INSERT operations by merging...
---- Optimized COPY and ADD operations to preceding ADD...
---- Optimized COPY and ADD operations to preceding ADD...
---- Optimized COPY and ADD operations to preceding ADD...
---- Optimized 2 ADD/INSERT operations by merging...
---- Optimized 2 ADD/INSERT operations by merging...
---- Optimized 2 ADD/INSERT operations by merging...
---- Optimized 2 ADD/INSERT operations by merging...
---- Optimized 2 ADD/INSERT operations by merging...
---- Optimized 2 ADD/INSERT operations by merging...
---- Optimized 2 ADD/INSERT operations by merging...
---- Optimized 2 ADD/INSERT operations by merging...
---- Optimized COPY and ADD operations to preceding ADD...
---- Optimized COPY and ADD operations to preceding ADD...
---- Optimized COPY and ADD operations to preceding ADD...
---- Optimized COPY and ADD operations to preceding ADD...
---- Optimized 2 ADD/INSERT operations by merging...
---- Optimized 2 ADD/INSERT operations by merging...
---- Optimized 2 ADD/INSERT operations by merging...
---- Optimized 2 ADD/INSERT operations by merging...
---- Optimized 2 ADD/INSERT operations by merging...
---- Optimized 2 ADD/INSERT operations by merging...
---- Optimized 2 ADD/INSERT operations by merging...
---- Optimized 2 ADD/INSERT operations by merging...
---- Optimized 2 ADD/INSERT operations by merging...
---- Optimized 2 ADD/INSERT operations by merging...
---- Optimized 2 ADD/INSERT operations by merging...
---- Optimized 2 ADD/INSERT operations by merging...
---- Optimized 2 ADD/INSERT operations by merging...
---- Optimized 2 ADD/INSERT operations by merging...
---- Optimized 2 ADD/INSERT operations by merging...
---- Optimized 2 ADD/INSERT operations by merging...
---- Optimized 2 ADD/INSERT operations by merging...
---- Optimized 2 ADD/INSERT operations by merging...
---- Optimized 2 ADD/INSERT operations by merging...
---- Optimized 2 ADD/INSERT operations by merging...
---- Optimized 2 ADD/INSERT operations by merging...
---- Optimized 2 ADD/INSERT operations by merging...
---- Optimized 2 ADD/INSERT operations by merging...
---- Optimized 2 ADD/INSERT operations by merging...
---- Optimized 2 ADD/INSERT operations by merging...
---- Optimized COPY and ADD operations to preceding ADD...
---- Optimized 2 ADD/INSERT operations by merging...
---- Optimized 2 ADD/INSERT operations by merging...
---- Optimized 2 ADD/INSERT operations by merging...
---- Optimized 2 ADD/INSERT operations by merging...
---- Optimized 2 ADD/INSERT operations by merging...
---- Optimized 2 ADD/INSERT operations by merging...
---- Optimized 2 ADD/INSERT operations by merging...
---- Optimized 2 ADD/INSERT operations by merging...
---- Optimized 2 ADD/INSERT operations by merging...
---- Optimized 2 ADD/INSERT operations by merging...
---- Optimized 2 ADD/INSERT operations by merging...
---- Optimized 2 ADD/INSERT operations by merging...
---- Optimized 2 ADD/INSERT operations by merging...
---- Optimized 2 ADD/INSERT operations by merging...
---- Optimized 2 ADD/INSERT operations by merging...
---- Optimized 2 ADD/INSERT operations by merging...
---- Optimized 2 ADD/INSERT operations by merging...
---- Optimized COPY and ADD operations to preceding ADD...
---- Optimized COPY and ADD operations to preceding ADD...
---- Optimized 2 ADD/INSERT operations by merging...
---- Optimized 2 ADD/INSERT operations by merging...
---- Optimized 2 ADD/INSERT operations by merging...
---- Optimized 2 ADD/INSERT operations by merging...
---- Optimized COPY and ADD operations to preceding ADD...
---- Optimized 2 ADD/INSERT operations by merging...
---- Optimized 2 ADD/INSERT operations by merging...
---- Optimized COPY and ADD operations to preceding ADD...
---- Optimized 2 ADD/INSERT operations by merging...
---- Optimized 2 ADD/INSERT operations by merging...
---- Optimized 2 ADD/INSERT operations by merging...
---- Optimized 2 ADD/INSERT operations by merging...
---- Optimized COPY and ADD operations to preceding ADD...
---- Optimized 2 ADD/INSERT operations by merging...
---- Optimized 2 ADD/INSERT operations by merging...
---- Optimized 2 ADD/INSERT operations by merging...
---- Optimized COPY and ADD operations to preceding ADD...
---- Optimized 2 ADD/INSERT operations by merging...
---- Optimized 2 ADD/INSERT operations by merging...
---- Optimized COPY and ADD operations to preceding ADD...
---- Optimized COPY and ADD operations to preceding ADD...
---- Optimized COPY and ADD operations to preceding ADD...
---- Optimized COPY and ADD operations to preceding ADD...
---- Optimized COPY and ADD operations to preceding ADD...
---- Optimized COPY and ADD operations to preceding ADD...
---- Optimized COPY and ADD operations to preceding ADD...
---- Optimized 2 ADD/INSERT operations by merging...
---- Optimized 2 ADD/INSERT operations by merging...
---- Optimized 2 ADD/INSERT operations by merging...
---- Optimized 2 ADD/INSERT operations by merging...
---- Optimized 2 ADD/INSERT operations by merging...
---- Optimized 2 ADD/INSERT operations by merging...
---- Optimized 2 ADD/INSERT operations by merging...
---- Optimized 2 ADD/INSERT operations by merging...
---- Optimized 2 ADD/INSERT operations by merging...
---- Optimized 2 ADD/INSERT operations by merging...
--- Found segment that will be moved from address: 0x4140 to address: 0x428C of length 384
--- Found segment that must be added. Length: 4 , address: 0x440C
--- Found a word to insert to address: 0x4410
--- Found segment that must be added. Length: 4 , address: 0x4414
--- Found segment that will be moved from address: 0x42CC to address: 0x4418 of length 24
--- Found segment that must be added. Length: 12 , address: 0x4430
--- Found segment that will be moved from address: 0x42F0 to address: 0x443C of length 84

--- OPTIMIZING...

---- Optimized 2 ADD/INSERT operations by merging...
---- Optimized 2 ADD/INSERT operations by merging...
-- Done...
------------------------------------------

-- Generating file 'samd21-xpro\deltagen_rev_02_rev_01\deltagen_rev_02_rev_01'...
--- Data succesfully generated
--- Generating checksum CRC-16
--- Generated CRC-16
--- Finalizing delta file
--- Writing file 'samd21-xpro\deltagen_rev_02_rev_01\deltagen_rev_02_rev_01'

-- OPERATION SUCCESFULL ...
Elapsed time: 00:00:00.2992662
------------------------------------------

