
There are 5 non-matching segments with total length of 18836
-- Found 5 segments that have changed...
-- Searching for matching segments...
-- Done searching...
------------------------------------------

-- Generating operations...
--- Found segment that must be added. Length: 12 , address: 0x4

--- OPTIMIZING...

--- Found word that must be inserted. Length: 4 , address: 0x2C

--- OPTIMIZING...

--- Found segment that must be added. Length: 8 , address: 0x38
--- Found a word to insert to address: 0x40
--- Found a word to insert to address: 0x44
--- Found a word to insert to address: 0x48
--- Found a word to insert to address: 0x4C
--- Found segment that must be added. Length: 4 , address: 0x50
--- Found a word to insert to address: 0x54
--- Found a word to insert to address: 0x58
--- Found a word to insert to address: 0x5C
--- Found a word to insert to address: 0x60
--- Found a word to insert to address: 0x64
--- Found a word to insert to address: 0x68
--- Found a word to insert to address: 0x6C
--- Found segment that must be added. Length: 12 , address: 0x70
--- Found a word to insert to address: 0x7C
--- Found a word to insert to address: 0x80
--- Found a word to insert to address: 0x84
--- Found a word to insert to address: 0x88
--- Found a word to insert to address: 0x8C
--- Found a word to insert to address: 0x90
--- Found a word to insert to address: 0x94
--- Found a word to insert to address: 0x98
--- Found a word to insert to address: 0x9C
--- Found a word to insert to address: 0xA0
--- Found a word to insert to address: 0xA4
--- Found a word to insert to address: 0xA8
--- Found a word to insert to address: 0xAC

--- OPTIMIZING...

---- Optimized 2 ADD/INSERT operations by merging...
---- Optimized 2 ADD/INSERT operations by merging...
---- Optimized 2 ADD/INSERT operations by merging...
---- Optimized 2 ADD/INSERT operations by merging...
---- Optimized 2 ADD/INSERT operations by merging...
---- Optimized 2 ADD/INSERT operations by merging...
---- Optimized 2 ADD/INSERT operations by merging...
---- Optimized 2 ADD/INSERT operations by merging...
---- Optimized 2 ADD/INSERT operations by merging...
---- Optimized 2 ADD/INSERT operations by merging...
---- Optimized 2 ADD/INSERT operations by merging...
---- Optimized 2 ADD/INSERT operations by merging...
---- Optimized 2 ADD/INSERT operations by merging...
---- Optimized 2 ADD/INSERT operations by merging...
---- Optimized 2 ADD/INSERT operations by merging...
---- Optimized 2 ADD/INSERT operations by merging...
---- Optimized 2 ADD/INSERT operations by merging...
---- Optimized 2 ADD/INSERT operations by merging...
---- Optimized 2 ADD/INSERT operations by merging...
---- Optimized 2 ADD/INSERT operations by merging...
---- Optimized 2 ADD/INSERT operations by merging...
---- Optimized 2 ADD/INSERT operations by merging...
---- Optimized 2 ADD/INSERT operations by merging...
---- Optimized 2 ADD/INSERT operations by merging...
---- Optimized 2 ADD/INSERT operations by merging...
---- Optimized 2 ADD/INSERT operations by merging...
--- Found word that must be inserted. Length: 4 , address: 0xC4

--- OPTIMIZING...

--- Found segment that must be added. Length: 4 , address: 0xCC
--- Found segment that will be moved from address: 0x108 to address: 0xD0 of length 8
--- Found segment that must be added. Length: 4 , address: 0xD8
--- Found a word to insert to address: 0xDC
--- Found segment that must be added. Length: 4 , address: 0xE0
--- Found a word to insert to address: 0xE4
--- Found segment that must be added. Length: 8 , address: 0xE8
--- Found a word to insert to address: 0xF0
--- Found segment that must be added. Length: 4 , address: 0xF4
--- Found a word to insert to address: 0xF8
--- Found segment that must be added. Length: 4 , address: 0xFC
--- Found a word to insert to address: 0x100
--- Found segment that must be added. Length: 8 , address: 0x104
--- Found a word to insert to address: 0x10C
--- Found segment that must be added. Length: 8 , address: 0x110
--- Found a word to insert to address: 0x118
--- Found segment that must be added. Length: 8 , address: 0x11C
--- Found a word to insert to address: 0x124
--- Found segment that must be added. Length: 4 , address: 0x128
--- Found a word to insert to address: 0x12C
--- Found segment that must be added. Length: 8 , address: 0x130
--- Found segment that will be moved from address: 0x1DC to address: 0x138 of length 8
--- Found segment that must be added. Length: 24 , address: 0x140
--- Found segment that will be moved from address: 0x1FC to address: 0x158 of length 8
--- Found segment that must be added. Length: 4 , address: 0x160
--- Found a word to insert to address: 0x164
--- Found segment that must be added. Length: 8 , address: 0x168
--- Found a word to insert to address: 0x170
--- Found segment that must be added. Length: 8 , address: 0x174
--- Found segment that will be moved from address: 0x220 to address: 0x17C of length 8
--- Found segment that must be added. Length: 4 , address: 0x184
--- Found segment that will be moved from address: 0x22C to address: 0x188 of length 12
--- Found segment that must be added. Length: 4 , address: 0x194
--- Found segment that will be moved from address: 0x23C to address: 0x198 of length 24
--- Found segment that must be added. Length: 8 , address: 0x1B0
--- Found a word to insert to address: 0x1B8
--- Found segment that must be added. Length: 4 , address: 0x1BC
--- Found segment that will be moved from address: 0x264 to address: 0x1C0 of length 40
--- Found segment that must be added. Length: 8 , address: 0x1E8
--- Found a word to insert to address: 0x1F0
--- Found segment that will be moved from address: 0x298 to address: 0x1F4 of length 36
--- Found a word to insert to address: 0x218
--- Found segment that must be added. Length: 4 , address: 0x21C
--- Found segment that will be moved from address: 0x2C4 to address: 0x220 of length 96
--- Found a word to insert to address: 0x280
--- Found segment that must be added. Length: 4 , address: 0x284
--- Found segment that will be moved from address: 0x32C to address: 0x288 of length 104
--- Found segment that must be added. Length: 4 , address: 0x2F0
--- Found segment that will be moved from address: 0x398 to address: 0x2F4 of length 12
--- Found segment that must be added. Length: 12 , address: 0x300
--- Found a word to insert to address: 0x30C
--- Found segment that must be added. Length: 4 , address: 0x310
--- Found segment that will be moved from address: 0x3B8 to address: 0x314 of length 8
--- Found segment that must be added. Length: 24 , address: 0x31C
--- Found segment that will be moved from address: 0x3D8 to address: 0x334 of length 108
--- Found a word to insert to address: 0x3A0
--- Found segment that must be added. Length: 4 , address: 0x3A4
--- Found a word to insert to address: 0x3A8
--- Found segment that must be added. Length: 4 , address: 0x3AC
--- Found a word to insert to address: 0x3B0
--- Found a word to insert to address: 0x3B4
--- Found a word to insert to address: 0x3B8
--- Found segment that will be moved from address: 0x460 to address: 0x3BC of length 116
--- Found a word to insert to address: 0x430
--- Found segment that must be added. Length: 4 , address: 0x434
--- Found segment that will be moved from address: 0x4DC to address: 0x438 of length 48
--- Found a word to insert to address: 0x468
--- Found a word to insert to address: 0x46C
--- Found segment that will be moved from address: 0x514 to address: 0x470 of length 52
--- Found a word to insert to address: 0x4A4
--- Found segment that must be added. Length: 4 , address: 0x4A8
--- Found a word to insert to address: 0x4AC
--- Found a word to insert to address: 0x4B0
--- Found segment that will be moved from address: 0x558 to address: 0x4B4 of length 28
--- Found segment that must be added. Length: 4 , address: 0x4D0
--- Found segment that will be moved from address: 0x578 to address: 0x4D4 of length 48
--- Found segment that must be added. Length: 4 , address: 0x504
--- Found segment that will be moved from address: 0x5AC to address: 0x508 of length 240
--- Found segment that must be added. Length: 4 , address: 0x5F8
--- Found a word to insert to address: 0x5FC
--- Found segment that will be moved from address: 0x6A4 to address: 0x600 of length 24
--- Found segment that must be added. Length: 8 , address: 0x618
--- Found segment that will be moved from address: 0x6C4 to address: 0x620 of length 108
--- Found segment that must be added. Length: 4 , address: 0x68C
--- Found segment that will be moved from address: 0x734 to address: 0x690 of length 28
--- Found segment that must be added. Length: 4 , address: 0x6AC
--- Found a word to insert to address: 0x6B0
--- Found segment that must be added. Length: 4 , address: 0x6B4
--- Found segment that will be moved from address: 0x75C to address: 0x6B8 of length 168
--- Found segment that must be added. Length: 4 , address: 0x760
--- Found segment that will be moved from address: 0x808 to address: 0x764 of length 160
--- Found a word to insert to address: 0x804
--- Found segment that will be moved from address: 0x8AC to address: 0x808 of length 20
--- Found segment that must be added. Length: 4 , address: 0x81C
--- Found segment that will be moved from address: 0x8C4 to address: 0x820 of length 100
--- Found segment that must be added. Length: 4 , address: 0x884
--- Found segment that will be moved from address: 0x92C to address: 0x888 of length 12
--- Found segment that must be added. Length: 4 , address: 0x894
--- Found segment that will be moved from address: 0x93C to address: 0x898 of length 48
--- Found segment that must be added. Length: 4 , address: 0x8C8
--- Found segment that will be moved from address: 0x970 to address: 0x8CC of length 32
--- Found segment that must be added. Length: 4 , address: 0x8EC
--- Found segment that will be moved from address: 0x994 to address: 0x8F0 of length 8
--- Found segment that must be added. Length: 4 , address: 0x8F8
--- Found segment that will be moved from address: 0x9A0 to address: 0x8FC of length 24
--- Found segment that must be added. Length: 4 , address: 0x914
--- Found segment that will be moved from address: 0x9BC to address: 0x918 of length 8
--- Found segment that must be added. Length: 24 , address: 0x920
--- Found segment that will be moved from address: 0x9DC to address: 0x938 of length 28
--- Found segment that must be added. Length: 20 , address: 0x954
--- Found segment that will be moved from address: 0xA0C to address: 0x968 of length 12
--- Found segment that must be added. Length: 8 , address: 0x974
--- Found segment that will be moved from address: 0xA20 to address: 0x97C of length 84
--- Found segment that must be added. Length: 8 , address: 0x9D0
--- Found segment that will be moved from address: 0xA7C to address: 0x9D8 of length 8
--- Found segment that must be added. Length: 8 , address: 0x9E0
--- Found segment that will be moved from address: 0xA8C to address: 0x9E8 of length 8
--- Found segment that must be added. Length: 8 , address: 0x9F0
--- Found segment that will be moved from address: 0xA9C to address: 0x9F8 of length 8
--- Found segment that must be added. Length: 4 , address: 0xA00
--- Found segment that will be moved from address: 0xAA8 to address: 0xA04 of length 12
--- Found segment that must be added. Length: 16 , address: 0xA10
--- Found a word to insert to address: 0xA20
--- Found segment that must be added. Length: 12 , address: 0xA24
--- Found a word to insert to address: 0xA30
--- Found segment that must be added. Length: 24 , address: 0xA34
--- Found segment that will be moved from address: 0xAF0 to address: 0xA4C of length 20
--- Found segment that must be added. Length: 4 , address: 0xA60
--- Found segment that will be moved from address: 0xB08 to address: 0xA64 of length 220
--- Found segment that must be added. Length: 8 , address: 0xB40
--- Found segment that will be moved from address: 0xBEC to address: 0xB48 of length 600
--- Found segment that must be added. Length: 4 , address: 0xDA0
--- Found a word to insert to address: 0xDA4
--- Found segment that must be added. Length: 4 , address: 0xDA8
--- Found segment that will be moved from address: 0xE50 to address: 0xDAC of length 28
--- Found segment that must be added. Length: 4 , address: 0xDC8
--- Found segment that will be moved from address: 0xE70 to address: 0xDCC of length 16
--- Found segment that will be moved from address: 0x1128 to address: 0xDDC of length 12
--- Found segment that must be added. Length: 4 , address: 0xDE8
--- Found a word to insert to address: 0xDEC
--- Found segment that must be added. Length: 4 , address: 0xDF0
--- Found segment that will be moved from address: 0x1140 to address: 0xDF4 of length 16
--- Found segment that must be added. Length: 4 , address: 0xE04
--- Found segment that will be moved from address: 0x1154 to address: 0xE08 of length 36
--- Found segment that must be added. Length: 4 , address: 0xE2C
--- Found segment that will be moved from address: 0x117C to address: 0xE30 of length 40
--- Found segment that must be added. Length: 4 , address: 0xE58
--- Found segment that will be moved from address: 0x11A8 to address: 0xE5C of length 64
--- Found segment that must be added. Length: 4 , address: 0xE9C
--- Found a word to insert to address: 0xEA0
--- Found segment that must be added. Length: 8 , address: 0xEA4
--- Found a word to insert to address: 0xEAC
--- Found segment that must be added. Length: 8 , address: 0xEB0
--- Found segment that will be moved from address: 0x1204 to address: 0xEB8 of length 44
--- Found a word to insert to address: 0xEE4
--- Found segment that will be moved from address: 0x12F0 to address: 0xEE8 of length 8
--- Found segment that must be added. Length: 4 , address: 0xEF0
--- Found segment that will be moved from address: 0x12FC to address: 0xEF4 of length 8
--- Found segment that must be added. Length: 4 , address: 0xEFC
--- Found a word to insert to address: 0xF00
--- Found segment that must be added. Length: 4 , address: 0xF04
--- Found segment that will be moved from address: 0x1310 to address: 0xF08 of length 32
--- Found segment that must be added. Length: 8 , address: 0xF28
--- Found segment that will be moved from address: 0x1338 to address: 0xF30 of length 116
--- Found segment that must be added. Length: 8 , address: 0xFA4
--- Found segment that will be moved from address: 0x13B4 to address: 0xFAC of length 20
--- Found segment that must be added. Length: 4 , address: 0xFC0
--- Found segment that will be moved from address: 0x13CC to address: 0xFC4 of length 12
--- Found segment that must be added. Length: 8 , address: 0xFD0
--- Found segment that will be moved from address: 0x13E0 to address: 0xFD8 of length 20
--- Found segment that must be added. Length: 4 , address: 0xFEC
--- Found segment that will be moved from address: 0x13F8 to address: 0xFF0 of length 52
--- Found segment that must be added. Length: 12 , address: 0x1024
--- Found a word to insert to address: 0x1030
--- Found segment that must be added. Length: 4 , address: 0x1034
--- Found segment that will be moved from address: 0x1440 to address: 0x1038 of length 16
--- Found segment that must be added. Length: 4 , address: 0x1048
--- Found segment that will be moved from address: 0x1454 to address: 0x104C of length 20
--- Found segment that must be added. Length: 4 , address: 0x1060
--- Found segment that will be moved from address: 0x146C to address: 0x1064 of length 24
--- Found segment that must be added. Length: 4 , address: 0x107C
--- Found segment that will be moved from address: 0x1488 to address: 0x1080 of length 40
--- Found segment that must be added. Length: 4 , address: 0x10A8
--- Found segment that will be moved from address: 0x14B4 to address: 0x10AC of length 32
--- Found segment that must be added. Length: 4 , address: 0x10CC
--- Found a word to insert to address: 0x10D0
--- Found segment that must be added. Length: 48 , address: 0x10D4
--- Found segment that will be moved from address: 0x150C to address: 0x1104 of length 8
--- Found segment that must be added. Length: 4 , address: 0x110C
--- Found segment that will be moved from address: 0x1518 to address: 0x1110 of length 16
--- Found segment that must be added. Length: 4 , address: 0x1120
--- Found a word to insert to address: 0x1124
--- Found a word to insert to address: 0x1128
--- Found segment that will be moved from address: 0x1534 to address: 0x112C of length 84
--- Found a word to insert to address: 0x1180
--- Found segment that will be moved from address: 0x158C to address: 0x1184 of length 68
--- Found a word to insert to address: 0x11C8
--- Found segment that must be added. Length: 4 , address: 0x11CC
--- Found segment that will be moved from address: 0x15D8 to address: 0x11D0 of length 8
--- Found segment that must be added. Length: 4 , address: 0x11D8
--- Found segment that will be moved from address: 0x15E4 to address: 0x11DC of length 8
--- Found segment that must be added. Length: 4 , address: 0x11E4
--- Found segment that will be moved from address: 0x15F0 to address: 0x11E8 of length 12
--- Found segment that must be added. Length: 8 , address: 0x11F4
--- Found segment that will be moved from address: 0x1604 to address: 0x11FC of length 12
--- Found a word to insert to address: 0x1208
--- Found segment that must be added. Length: 4 , address: 0x120C
--- Found segment that will be moved from address: 0x1618 to address: 0x1210 of length 40
--- Found segment that must be added. Length: 4 , address: 0x1238
--- Found segment that will be moved from address: 0x1644 to address: 0x123C of length 132
--- Found segment that must be added. Length: 4 , address: 0x12C0
--- Found segment that will be moved from address: 0x16CC to address: 0x12C4 of length 8
--- Found segment that must be added. Length: 4 , address: 0x12CC
--- Found a word to insert to address: 0x12D0
--- Found segment that must be added. Length: 4 , address: 0x12D4
--- Found segment that will be moved from address: 0x16E0 to address: 0x12D8 of length 28
--- Found segment that must be added. Length: 4 , address: 0x12F4
--- Found segment that will be moved from address: 0x1700 to address: 0x12F8 of length 32
--- Found segment that must be added. Length: 4 , address: 0x1318
--- Found segment that will be moved from address: 0x1724 to address: 0x131C of length 52
--- Found segment that must be added. Length: 4 , address: 0x1350
--- Found segment that will be moved from address: 0x175C to address: 0x1354 of length 52
--- Found segment that must be added. Length: 4 , address: 0x1388
--- Found segment that will be moved from address: 0x17A0 to address: 0x138C of length 76
--- Found segment that will be moved from address: 0x17FC to address: 0x13D8 of length 16
--- Found segment that must be added. Length: 4 , address: 0x13E8
--- Found segment that will be moved from address: 0x1810 to address: 0x13EC of length 20
--- Found segment that must be added. Length: 4 , address: 0x1400
--- Found a word to insert to address: 0x1404
--- Found a word to insert to address: 0x1408
--- Found segment that will be moved from address: 0x1830 to address: 0x140C of length 96
--- Found segment that must be added. Length: 4 , address: 0x146C
--- Found segment that will be moved from address: 0x1894 to address: 0x1470 of length 80
--- Found segment that must be added. Length: 4 , address: 0x14C0
--- Found segment that will be moved from address: 0x18E8 to address: 0x14C4 of length 92
--- Found a word to insert to address: 0x1520
--- Found segment that will be moved from address: 0x1948 to address: 0x1524 of length 8
--- Found segment that must be added. Length: 8 , address: 0x152C
--- Found segment that will be moved from address: 0x1C1C to address: 0x1534 of length 68
--- Found segment that must be added. Length: 8 , address: 0x1578
--- Found a word to insert to address: 0x1580
--- Found segment that will be moved from address: 0x1C6C to address: 0x1584 of length 28
--- Found segment that must be added. Length: 4 , address: 0x15A0
--- Found a word to insert to address: 0x15A4
--- Found segment that must be added. Length: 4 , address: 0x15A8
--- Found segment that will be moved from address: 0x1C94 to address: 0x15AC of length 12
--- Found segment that must be added. Length: 4 , address: 0x15B8
--- Found a word to insert to address: 0x15BC
--- Found segment that must be added. Length: 4 , address: 0x15C0
--- Found a word to insert to address: 0x15C4
--- Found segment that must be added. Length: 4 , address: 0x15C8
--- Found a word to insert to address: 0x15CC
--- Found segment that must be added. Length: 4 , address: 0x15D0
--- Found segment that will be moved from address: 0x1958 to address: 0x15D4 of length 48
--- Found segment that must be added. Length: 4 , address: 0x1604
--- Found segment that will be moved from address: 0x198C to address: 0x1608 of length 44
--- Found segment that must be added. Length: 4 , address: 0x1634
--- Found segment that will be moved from address: 0x1D20 to address: 0x1638 of length 84
--- Found a word to insert to address: 0x168C
--- Found segment that must be added. Length: 4 , address: 0x1690
--- Found segment that will be moved from address: 0x1D7C to address: 0x1694 of length 84
--- Found segment that must be added. Length: 4 , address: 0x16E8
--- Found segment that will be moved from address: 0x1DD4 to address: 0x16EC of length 172
--- Found segment that must be added. Length: 4 , address: 0x1798
--- Found segment that will be moved from address: 0x1E84 to address: 0x179C of length 12
--- Found segment that must be added. Length: 4 , address: 0x17A8
--- Found segment that will be moved from address: 0x1E94 to address: 0x17AC of length 52
--- Found segment that must be added. Length: 4 , address: 0x17E0
--- Found segment that will be moved from address: 0x1ECC to address: 0x17E4 of length 32
--- Found segment that must be added. Length: 4 , address: 0x1804
--- Found segment that will be moved from address: 0x1EF0 to address: 0x1808 of length 44
--- Found segment that must be added. Length: 24 , address: 0x1834
--- Found segment that will be moved from address: 0x1F34 to address: 0x184C of length 28
--- Found segment that must be added. Length: 4 , address: 0x1868
--- Found segment that will be moved from address: 0x1F54 to address: 0x186C of length 44
--- Found segment that must be added. Length: 4 , address: 0x1898
--- Found segment that will be moved from address: 0x1F84 to address: 0x189C of length 88
--- Found segment that must be added. Length: 4 , address: 0x18F4
--- Found segment that will be moved from address: 0x1FE0 to address: 0x18F8 of length 52
--- Found segment that must be added. Length: 4 , address: 0x192C
--- Found segment that will be moved from address: 0x2018 to address: 0x1930 of length 40
--- Found segment that must be added. Length: 4 , address: 0x1958
--- Found segment that will be moved from address: 0x2044 to address: 0x195C of length 56
--- Found segment that must be added. Length: 4 , address: 0x1994
--- Found segment that will be moved from address: 0x2080 to address: 0x1998 of length 20
--- Found segment that must be added. Length: 28 , address: 0x19AC
--- Found a word to insert to address: 0x19C8
--- Found segment that must be added. Length: 36 , address: 0x19CC
--- Found a word to insert to address: 0x19F0
--- Found segment that must be added. Length: 4 , address: 0x19F4
--- Found segment that will be moved from address: 0x20E0 to address: 0x19F8 of length 40
--- Found segment that must be added. Length: 4 , address: 0x1A20
--- Found a word to insert to address: 0x1A24
--- Found segment that must be added. Length: 8 , address: 0x1A28
--- Found a word to insert to address: 0x1A30
--- Found segment that must be added. Length: 4 , address: 0x1A34
--- Found segment that will be moved from address: 0x2120 to address: 0x1A38 of length 12
--- Found segment that must be added. Length: 4 , address: 0x1A44
--- Found a word to insert to address: 0x1A48
--- Found segment that must be added. Length: 4 , address: 0x1A4C
--- Found segment that will be moved from address: 0x2138 to address: 0x1A50 of length 16
--- Found segment that must be added. Length: 4 , address: 0x1A60
--- Found segment that will be moved from address: 0x214C to address: 0x1A64 of length 56
--- Found segment that must be added. Length: 4 , address: 0x1A9C
--- Found segment that will be moved from address: 0x2188 to address: 0x1AA0 of length 36
--- Found segment that must be added. Length: 4 , address: 0x1AC4
--- Found segment that will be moved from address: 0x21B0 to address: 0x1AC8 of length 608
--- Found segment that must be added. Length: 16 , address: 0x1D28
--- Found a word to insert to address: 0x1D38
--- Found segment that must be added. Length: 24 , address: 0x1D3C
--- Found segment that will be moved from address: 0x243C to address: 0x1D54 of length 24
--- Found segment that must be added. Length: 4 , address: 0x1D6C
--- Found segment that will be moved from address: 0x2458 to address: 0x1D70 of length 8
--- Found a word to insert to address: 0x1D78
--- Found segment that must be added. Length: 4 , address: 0x1D7C
--- Found segment that will be moved from address: 0x2468 to address: 0x1D80 of length 76
--- Found segment that must be added. Length: 4 , address: 0x1DCC
--- Found segment that will be moved from address: 0x24B8 to address: 0x1DD0 of length 20
--- Found segment that must be added. Length: 16 , address: 0x1DE4
--- Found segment that will be moved from address: 0x24DC to address: 0x1DF4 of length 344
--- Found segment that must be added. Length: 4 , address: 0x1F4C
--- Found segment that will be moved from address: 0x2638 to address: 0x1F50 of length 8
--- Found segment that must be added. Length: 4 , address: 0x1F58
--- Found a word to insert to address: 0x1F5C
--- Found segment that must be added. Length: 4 , address: 0x1F60
--- Found a word to insert to address: 0x1F64
--- Found segment that must be added. Length: 4 , address: 0x1F68
--- Found segment that will be moved from address: 0x2654 to address: 0x1F6C of length 660
--- Found segment that must be added. Length: 12 , address: 0x2200
--- Found segment that will be moved from address: 0x28F4 to address: 0x220C of length 32
--- Found segment that must be added. Length: 8 , address: 0x222C
--- Found segment that will be moved from address: 0x291C to address: 0x2234 of length 60
--- Found segment that must be added. Length: 16 , address: 0x2270
--- Found segment that will be moved from address: 0x2968 to address: 0x2280 of length 12
--- Found segment that must be added. Length: 4 , address: 0x228C
--- Found segment that will be moved from address: 0x2978 to address: 0x2290 of length 56
--- Found segment that must be added. Length: 4 , address: 0x22C8
--- Found segment that will be moved from address: 0x29B4 to address: 0x22CC of length 12
--- Found segment that must be added. Length: 4 , address: 0x22D8
--- Found segment that will be moved from address: 0x29C4 to address: 0x22DC of length 12
--- Found segment that must be added. Length: 4 , address: 0x22E8
--- Found segment that will be moved from address: 0x29D4 to address: 0x22EC of length 12
--- Found segment that must be added. Length: 4 , address: 0x22F8
--- Found segment that will be moved from address: 0x29E4 to address: 0x22FC of length 104
--- Found segment that must be added. Length: 8 , address: 0x2364
--- Found segment that will be moved from address: 0x2A54 to address: 0x236C of length 136
--- Found segment that must be added. Length: 4 , address: 0x23F4
--- Found segment that will be moved from address: 0x2AE0 to address: 0x23F8 of length 280
--- Found segment that must be added. Length: 12 , address: 0x2510
--- Found segment that will be moved from address: 0x2C04 to address: 0x251C of length 20
--- Found segment that must be added. Length: 4 , address: 0x2530
--- Found segment that will be moved from address: 0x2C1C to address: 0x2534 of length 32
--- Found segment that must be added. Length: 16 , address: 0x2554
--- Found segment that will be moved from address: 0x2C4C to address: 0x2564 of length 184
--- Found segment that must be added. Length: 4 , address: 0x261C
--- Found segment that will be moved from address: 0x2D08 to address: 0x2620 of length 52
--- Found segment that must be added. Length: 4 , address: 0x2654
--- Found a word to insert to address: 0x2658
--- Found segment that must be added. Length: 4 , address: 0x265C
--- Found segment that will be moved from address: 0x2D48 to address: 0x2660 of length 108
--- Found segment that must be added. Length: 4 , address: 0x26CC
--- Found a word to insert to address: 0x26D0
--- Found segment that must be added. Length: 8 , address: 0x26D4
--- Found segment that will be moved from address: 0x2DC4 to address: 0x26DC of length 228
--- Found segment that must be added. Length: 12 , address: 0x27C0
--- Found segment that will be moved from address: 0x2EB4 to address: 0x27CC of length 216
--- Found segment that must be added. Length: 12 , address: 0x28A4
--- Found segment that will be moved from address: 0x2F98 to address: 0x28B0 of length 104
--- Found segment that must be added. Length: 12 , address: 0x2918
--- Found segment that will be moved from address: 0x300C to address: 0x2924 of length 8
--- Found segment that must be added. Length: 4 , address: 0x292C
--- Found segment that will be moved from address: 0x3018 to address: 0x2930 of length 52
--- Found segment that must be added. Length: 4 , address: 0x2964
--- Found segment that will be moved from address: 0x3050 to address: 0x2968 of length 20
--- Found segment that must be added. Length: 4 , address: 0x297C
--- Found segment that will be moved from address: 0x3068 to address: 0x2980 of length 12
--- Found segment that must be added. Length: 4 , address: 0x298C
--- Found segment that will be moved from address: 0x3078 to address: 0x2990 of length 40
--- Found segment that must be added. Length: 4 , address: 0x29B8
--- Found segment that will be moved from address: 0x30A4 to address: 0x29BC of length 312
--- Found segment that must be added. Length: 4 , address: 0x2AF4
--- Found segment that will be moved from address: 0x31E0 to address: 0x2AF8 of length 188
--- Found segment that must be added. Length: 12 , address: 0x2BB4
--- Found segment that will be moved from address: 0x32A8 to address: 0x2BC0 of length 228
--- Found segment that must be added. Length: 12 , address: 0x2CA4
--- Found segment that will be moved from address: 0x3398 to address: 0x2CB0 of length 36
--- Found segment that must be added. Length: 8 , address: 0x2CD4
--- Found segment that will be moved from address: 0x33C4 to address: 0x2CDC of length 136
--- Found segment that must be added. Length: 4 , address: 0x2D64
--- Found segment that will be moved from address: 0x3450 to address: 0x2D68 of length 28
--- Found segment that must be added. Length: 4 , address: 0x2D84
--- Found segment that will be moved from address: 0x3470 to address: 0x2D88 of length 12
--- Found segment that must be added. Length: 4 , address: 0x2D94
--- Found segment that will be moved from address: 0x3480 to address: 0x2D98 of length 12
--- Found segment that must be added. Length: 4 , address: 0x2DA4
--- Found segment that will be moved from address: 0x3490 to address: 0x2DA8 of length 676
--- Found segment that must be added. Length: 24 , address: 0x304C
--- Found a word to insert to address: 0x3064
--- Found segment that must be added. Length: 4 , address: 0x3068
--- Found segment that will be moved from address: 0x3754 to address: 0x306C of length 292
--- Found segment that must be added. Length: 20 , address: 0x3190
--- Found segment that will be moved from address: 0x388C to address: 0x31A4 of length 784
--- Found segment that must be added. Length: 8 , address: 0x34B4
--- Found segment that will be moved from address: 0x3BA4 to address: 0x34BC of length 40
--- Found segment that must be added. Length: 52 , address: 0x34E4
--- Found segment that will be moved from address: 0x4630 to address: 0x3518 of length 8
--- Found a word to insert to address: 0x3520
--- Found segment that must be added. Length: 16 , address: 0x3524
--- Found a word to insert to address: 0x3534
--- Found segment that must be added. Length: 52 , address: 0x3538
--- Found a word to insert to address: 0x356C
--- Found a word to insert to address: 0x3570
--- Found segment that must be added. Length: 44 , address: 0x3574
--- Found a word to insert to address: 0x35A0
--- Found segment that must be added. Length: 48 , address: 0x35A4
--- Found segment that will be moved from address: 0x3D70 to address: 0x35D4 of length 264
--- Found segment that must be added. Length: 52 , address: 0x36DC
--- Found segment that will be moved from address: 0x3EAC to address: 0x3710 of length 912
--- Found segment that will be moved from address: 0x4284 to address: 0x3AA0 of length 1040
--- Found segment that must be added. Length: 72 , address: 0x3EB0
--- Found segment that will be moved from address: 0x46DC to address: 0x3EF8 of length 628
--- Found segment that must be added. Length: 4 , address: 0x416C
--- Found a word to insert to address: 0x4170
--- Found segment that must be added. Length: 4 , address: 0x4174
--- Found segment that will be moved from address: 0x495C to address: 0x4178 of length 24
--- Found segment that must be added. Length: 12 , address: 0x4190
--- Found segment that will be moved from address: 0x4980 to address: 0x419C of length 84
--- Found a word to insert to address: 0x41F0
--- Found a word to insert to address: 0x41F4
--- Found a word to insert to address: 0x41F8
--- Found a word to insert to address: 0x41FC
--- Found a word to insert to address: 0x4200
--- Found a word to insert to address: 0x4204
--- Found a word to insert to address: 0x4208
--- Found a word to insert to address: 0x420C
--- Found a word to insert to address: 0x4210
--- Found a word to insert to address: 0x4214
--- Found a word to insert to address: 0x4218
--- Found a word to insert to address: 0x421C
--- Found a word to insert to address: 0x4220
--- Found a word to insert to address: 0x4224
--- Found a word to insert to address: 0x4228
--- Found a word to insert to address: 0x422C
--- Found a word to insert to address: 0x4230
--- Found a word to insert to address: 0x4234
--- Found a word to insert to address: 0x4238
--- Found a word to insert to address: 0x423C
--- Found a word to insert to address: 0x4240
--- Found a word to insert to address: 0x4244
--- Found a word to insert to address: 0x4248
--- Found a word to insert to address: 0x424C
--- Found a word to insert to address: 0x4250
--- Found a word to insert to address: 0x4254
--- Found a word to insert to address: 0x4258
--- Found a word to insert to address: 0x425C
--- Found a word to insert to address: 0x4260
--- Found a word to insert to address: 0x4264
--- Found a word to insert to address: 0x4268
--- Found a word to insert to address: 0x426C
--- Found a word to insert to address: 0x4270
--- Found a word to insert to address: 0x4274
--- Found a word to insert to address: 0x4278
--- Found a word to insert to address: 0x427C
--- Found a word to insert to address: 0x4280
--- Found a word to insert to address: 0x4284
--- Found a word to insert to address: 0x4288
--- Found a word to insert to address: 0x428C
--- Found a word to insert to address: 0x4290
--- Found a word to insert to address: 0x4294
--- Found a word to insert to address: 0x4298
--- Found a word to insert to address: 0x429C
--- Found a word to insert to address: 0x42A0
--- Found a word to insert to address: 0x42A4
--- Found a word to insert to address: 0x42A8
--- Found a word to insert to address: 0x42AC
--- Found a word to insert to address: 0x42B0
--- Found a word to insert to address: 0x42B4
--- Found a word to insert to address: 0x42B8
--- Found a word to insert to address: 0x42BC
--- Found a word to insert to address: 0x42C0
--- Found a word to insert to address: 0x42C4
--- Found a word to insert to address: 0x42C8
--- Found a word to insert to address: 0x42CC
--- Found a word to insert to address: 0x42D0
--- Found a word to insert to address: 0x42D4
--- Found a word to insert to address: 0x42D8
--- Found a word to insert to address: 0x42DC
--- Found a word to insert to address: 0x42E0
--- Found a word to insert to address: 0x42E4
--- Found a word to insert to address: 0x42E8
--- Found a word to insert to address: 0x42EC
--- Found a word to insert to address: 0x42F0
--- Found a word to insert to address: 0x42F4
--- Found a word to insert to address: 0x42F8
--- Found a word to insert to address: 0x42FC
--- Found a word to insert to address: 0x4300
--- Found a word to insert to address: 0x4304
--- Found a word to insert to address: 0x4308
--- Found a word to insert to address: 0x430C
--- Found a word to insert to address: 0x4310
--- Found a word to insert to address: 0x4314
--- Found a word to insert to address: 0x4318
--- Found a word to insert to address: 0x431C
--- Found a word to insert to address: 0x4320
--- Found a word to insert to address: 0x4324
--- Found a word to insert to address: 0x4328
--- Found a word to insert to address: 0x432C
--- Found a word to insert to address: 0x4330
--- Found a word to insert to address: 0x4334
--- Found a word to insert to address: 0x4338
--- Found a word to insert to address: 0x433C
--- Found a word to insert to address: 0x4340
--- Found a word to insert to address: 0x4344
--- Found a word to insert to address: 0x4348
--- Found a word to insert to address: 0x434C
--- Found a word to insert to address: 0x4350
--- Found a word to insert to address: 0x4354
--- Found a word to insert to address: 0x4358
--- Found a word to insert to address: 0x435C
--- Found a word to insert to address: 0x4360
--- Found a word to insert to address: 0x4364
--- Found a word to insert to address: 0x4368
--- Found a word to insert to address: 0x436C
--- Found a word to insert to address: 0x4370
--- Found a word to insert to address: 0x4374
--- Found a word to insert to address: 0x4378
--- Found a word to insert to address: 0x437C
--- Found a word to insert to address: 0x4380
--- Found a word to insert to address: 0x4384
--- Found a word to insert to address: 0x4388
--- Found a word to insert to address: 0x438C
--- Found a word to insert to address: 0x4390
--- Found a word to insert to address: 0x4394
--- Found a word to insert to address: 0x4398
--- Found a word to insert to address: 0x439C
--- Found a word to insert to address: 0x43A0
--- Found a word to insert to address: 0x43A4
--- Found a word to insert to address: 0x43A8
--- Found a word to insert to address: 0x43AC
--- Found a word to insert to address: 0x43B0
--- Found a word to insert to address: 0x43B4
--- Found a word to insert to address: 0x43B8
--- Found a word to insert to address: 0x43BC
--- Found a word to insert to address: 0x43C0
--- Found a word to insert to address: 0x43C4
--- Found a word to insert to address: 0x43C8
--- Found a word to insert to address: 0x43CC
--- Found a word to insert to address: 0x43D0
--- Found a word to insert to address: 0x43D4
--- Found a word to insert to address: 0x43D8
--- Found a word to insert to address: 0x43DC
--- Found a word to insert to address: 0x43E0
--- Found a word to insert to address: 0x43E4
--- Found a word to insert to address: 0x43E8
--- Found a word to insert to address: 0x43EC
--- Found a word to insert to address: 0x43F0
--- Found a word to insert to address: 0x43F4
--- Found a word to insert to address: 0x43F8
--- Found a word to insert to address: 0x43FC
--- Found a word to insert to address: 0x4400
--- Found a word to insert to address: 0x4404
--- Found a word to insert to address: 0x4408
--- Found a word to insert to address: 0x440C
--- Found a word to insert to address: 0x4410
--- Found a word to insert to address: 0x4414
--- Found a word to insert to address: 0x4418
--- Found a word to insert to address: 0x441C
--- Found a word to insert to address: 0x4420
--- Found a word to insert to address: 0x4424
--- Found a word to insert to address: 0x4428
--- Found a word to insert to address: 0x442C
--- Found a word to insert to address: 0x4430
--- Found a word to insert to address: 0x4434
--- Found a word to insert to address: 0x4438
--- Found a word to insert to address: 0x443C
--- Found a word to insert to address: 0x4440
--- Found a word to insert to address: 0x4444
--- Found a word to insert to address: 0x4448
--- Found a word to insert to address: 0x444C
--- Found a word to insert to address: 0x4450
--- Found a word to insert to address: 0x4454
--- Found a word to insert to address: 0x4458
--- Found a word to insert to address: 0x445C
--- Found a word to insert to address: 0x4460
--- Found a word to insert to address: 0x4464
--- Found a word to insert to address: 0x4468
--- Found a word to insert to address: 0x446C
--- Found a word to insert to address: 0x4470
--- Found a word to insert to address: 0x4474
--- Found a word to insert to address: 0x4478
--- Found a word to insert to address: 0x447C
--- Found a word to insert to address: 0x4480
--- Found a word to insert to address: 0x4484
--- Found a word to insert to address: 0x4488
--- Found a word to insert to address: 0x448C
--- Found a word to insert to address: 0x4490
--- Found a word to insert to address: 0x4494
--- Found a word to insert to address: 0x4498
--- Found a word to insert to address: 0x449C
--- Found a word to insert to address: 0x44A0
--- Found a word to insert to address: 0x44A4
--- Found a word to insert to address: 0x44A8
--- Found a word to insert to address: 0x44AC
--- Found a word to insert to address: 0x44B0
--- Found a word to insert to address: 0x44B4
--- Found a word to insert to address: 0x44B8
--- Found a word to insert to address: 0x44BC
--- Found a word to insert to address: 0x44C0
--- Found a word to insert to address: 0x44C4
--- Found a word to insert to address: 0x44C8
--- Found a word to insert to address: 0x44CC
--- Found a word to insert to address: 0x44D0
--- Found a word to insert to address: 0x44D4
--- Found a word to insert to address: 0x44D8
--- Found a word to insert to address: 0x44DC
--- Found a word to insert to address: 0x44E0
--- Found a word to insert to address: 0x44E4
--- Found a word to insert to address: 0x44E8
--- Found a word to insert to address: 0x44EC
--- Found a word to insert to address: 0x44F0
--- Found a word to insert to address: 0x44F4
--- Found a word to insert to address: 0x44F8
--- Found a word to insert to address: 0x44FC
--- Found a word to insert to address: 0x4500
--- Found a word to insert to address: 0x4504
--- Found a word to insert to address: 0x4508
--- Found a word to insert to address: 0x450C
--- Found a word to insert to address: 0x4510
--- Found a word to insert to address: 0x4514
--- Found a word to insert to address: 0x4518
--- Found a word to insert to address: 0x451C
--- Found a word to insert to address: 0x4520
--- Found a word to insert to address: 0x4524
--- Found a word to insert to address: 0x4528
--- Found a word to insert to address: 0x452C
--- Found a word to insert to address: 0x4530
--- Found a word to insert to address: 0x4534
--- Found a word to insert to address: 0x4538
--- Found a word to insert to address: 0x453C
--- Found a word to insert to address: 0x4540
--- Found a word to insert to address: 0x4544
--- Found a word to insert to address: 0x4548
--- Found a word to insert to address: 0x454C
--- Found a word to insert to address: 0x4550
--- Found a word to insert to address: 0x4554
--- Found a word to insert to address: 0x4558
--- Found a word to insert to address: 0x455C
--- Found a word to insert to address: 0x4560
--- Found a word to insert to address: 0x4564
--- Found a word to insert to address: 0x4568
--- Found a word to insert to address: 0x456C
--- Found a word to insert to address: 0x4570
--- Found a word to insert to address: 0x4574
--- Found a word to insert to address: 0x4578
--- Found a word to insert to address: 0x457C
--- Found a word to insert to address: 0x4580
--- Found a word to insert to address: 0x4584
--- Found a word to insert to address: 0x4588
--- Found a word to insert to address: 0x458C
--- Found a word to insert to address: 0x4590
--- Found a word to insert to address: 0x4594
--- Found a word to insert to address: 0x4598
--- Found a word to insert to address: 0x459C
--- Found a word to insert to address: 0x45A0
--- Found a word to insert to address: 0x45A4
--- Found a word to insert to address: 0x45A8
--- Found a word to insert to address: 0x45AC
--- Found a word to insert to address: 0x45B0
--- Found a word to insert to address: 0x45B4
--- Found a word to insert to address: 0x45B8
--- Found a word to insert to address: 0x45BC
--- Found a word to insert to address: 0x45C0
--- Found a word to insert to address: 0x45C4
--- Found a word to insert to address: 0x45C8
--- Found a word to insert to address: 0x45CC
--- Found a word to insert to address: 0x45D0
--- Found a word to insert to address: 0x45D4
--- Found a word to insert to address: 0x45D8
--- Found a word to insert to address: 0x45DC
--- Found a word to insert to address: 0x45E0
--- Found a word to insert to address: 0x45E4
--- Found a word to insert to address: 0x45E8
--- Found a word to insert to address: 0x45EC
--- Found a word to insert to address: 0x45F0
--- Found a word to insert to address: 0x45F4
--- Found a word to insert to address: 0x45F8
--- Found a word to insert to address: 0x45FC
--- Found a word to insert to address: 0x4600
--- Found a word to insert to address: 0x4604
--- Found a word to insert to address: 0x4608
--- Found a word to insert to address: 0x460C
--- Found a word to insert to address: 0x4610
--- Found a word to insert to address: 0x4614
--- Found a word to insert to address: 0x4618
--- Found a word to insert to address: 0x461C
--- Found a word to insert to address: 0x4620
--- Found a word to insert to address: 0x4624
--- Found a word to insert to address: 0x4628
--- Found a word to insert to address: 0x462C
--- Found a word to insert to address: 0x4630
--- Found a word to insert to address: 0x4634
--- Found a word to insert to address: 0x4638
--- Found a word to insert to address: 0x463C
--- Found a word to insert to address: 0x4640
--- Found a word to insert to address: 0x4644
--- Found a word to insert to address: 0x4648
--- Found a word to insert to address: 0x464C
--- Found a word to insert to address: 0x4650
--- Found a word to insert to address: 0x4654
--- Found a word to insert to address: 0x4658
--- Found a word to insert to address: 0x465C
--- Found a word to insert to address: 0x4660
--- Found a word to insert to address: 0x4664
--- Found a word to insert to address: 0x4668
--- Found a word to insert to address: 0x466C
--- Found a word to insert to address: 0x4670
--- Found a word to insert to address: 0x4674
--- Found a word to insert to address: 0x4678
--- Found a word to insert to address: 0x467C
--- Found a word to insert to address: 0x4680
--- Found a word to insert to address: 0x4684
--- Found a word to insert to address: 0x4688
--- Found a word to insert to address: 0x468C
--- Found a word to insert to address: 0x4690
--- Found a word to insert to address: 0x4694
--- Found a word to insert to address: 0x4698
--- Found a word to insert to address: 0x469C
--- Found a word to insert to address: 0x46A0
--- Found a word to insert to address: 0x46A4
--- Found a word to insert to address: 0x46A8
--- Found a word to insert to address: 0x46AC
--- Found a word to insert to address: 0x46B0
--- Found a word to insert to address: 0x46B4
--- Found a word to insert to address: 0x46B8
--- Found a word to insert to address: 0x46BC
--- Found a word to insert to address: 0x46C0
--- Found a word to insert to address: 0x46C4
--- Found a word to insert to address: 0x46C8
--- Found a word to insert to address: 0x46CC
--- Found a word to insert to address: 0x46D0
--- Found a word to insert to address: 0x46D4
--- Found a word to insert to address: 0x46D8
--- Found a word to insert to address: 0x46DC
--- Found a word to insert to address: 0x46E0
--- Found a word to insert to address: 0x46E4
--- Found a word to insert to address: 0x46E8
--- Found a word to insert to address: 0x46EC
--- Found a word to insert to address: 0x46F0
--- Found a word to insert to address: 0x46F4
--- Found a word to insert to address: 0x46F8
--- Found a word to insert to address: 0x46FC
--- Found a word to insert to address: 0x4700
--- Found a word to insert to address: 0x4704
--- Found a word to insert to address: 0x4708
--- Found a word to insert to address: 0x470C
--- Found a word to insert to address: 0x4710
--- Found a word to insert to address: 0x4714
--- Found a word to insert to address: 0x4718
--- Found a word to insert to address: 0x471C
--- Found a word to insert to address: 0x4720
--- Found a word to insert to address: 0x4724
--- Found a word to insert to address: 0x4728
--- Found a word to insert to address: 0x472C
--- Found a word to insert to address: 0x4730
--- Found a word to insert to address: 0x4734
--- Found a word to insert to address: 0x4738
--- Found a word to insert to address: 0x473C
--- Found a word to insert to address: 0x4740
--- Found a word to insert to address: 0x4744
--- Found a word to insert to address: 0x4748
--- Found a word to insert to address: 0x474C
--- Found a word to insert to address: 0x4750
--- Found a word to insert to address: 0x4754
--- Found a word to insert to address: 0x4758
--- Found a word to insert to address: 0x475C
--- Found a word to insert to address: 0x4760
--- Found a word to insert to address: 0x4764
--- Found a word to insert to address: 0x4768
--- Found a word to insert to address: 0x476C
--- Found a word to insert to address: 0x4770
--- Found a word to insert to address: 0x4774
--- Found a word to insert to address: 0x4778
--- Found a word to insert to address: 0x477C
--- Found a word to insert to address: 0x4780
--- Found a word to insert to address: 0x4784
--- Found a word to insert to address: 0x4788
--- Found a word to insert to address: 0x478C
--- Found a word to insert to address: 0x4790
--- Found a word to insert to address: 0x4794
--- Found a word to insert to address: 0x4798
--- Found a word to insert to address: 0x479C
--- Found a word to insert to address: 0x47A0
--- Found a word to insert to address: 0x47A4
--- Found a word to insert to address: 0x47A8
--- Found a word to insert to address: 0x47AC
--- Found a word to insert to address: 0x47B0
--- Found a word to insert to address: 0x47B4
--- Found a word to insert to address: 0x47B8
--- Found a word to insert to address: 0x47BC
--- Found a word to insert to address: 0x47C0
--- Found a word to insert to address: 0x47C4
--- Found a word to insert to address: 0x47C8
--- Found a word to insert to address: 0x47CC
--- Found a word to insert to address: 0x47D0
--- Found a word to insert to address: 0x47D4
--- Found a word to insert to address: 0x47D8
--- Found a word to insert to address: 0x47DC
--- Found a word to insert to address: 0x47E0
--- Found a word to insert to address: 0x47E4
--- Found a word to insert to address: 0x47E8
--- Found a word to insert to address: 0x47EC
--- Found a word to insert to address: 0x47F0
--- Found a word to insert to address: 0x47F4
--- Found a word to insert to address: 0x47F8
--- Found a word to insert to address: 0x47FC
--- Found a word to insert to address: 0x4800
--- Found a word to insert to address: 0x4804
--- Found a word to insert to address: 0x4808
--- Found a word to insert to address: 0x480C
--- Found a word to insert to address: 0x4810
--- Found a word to insert to address: 0x4814
--- Found a word to insert to address: 0x4818
--- Found a word to insert to address: 0x481C
--- Found a word to insert to address: 0x4820
--- Found a word to insert to address: 0x4824
--- Found a word to insert to address: 0x4828
--- Found a word to insert to address: 0x482C
--- Found a word to insert to address: 0x4830
--- Found a word to insert to address: 0x4834
--- Found a word to insert to address: 0x4838
--- Found a word to insert to address: 0x483C
--- Found a word to insert to address: 0x4840
--- Found a word to insert to address: 0x4844
--- Found a word to insert to address: 0x4848
--- Found a word to insert to address: 0x484C
--- Found a word to insert to address: 0x4850
--- Found a word to insert to address: 0x4854
--- Found a word to insert to address: 0x4858
--- Found a word to insert to address: 0x485C
--- Found a word to insert to address: 0x4860
--- Found a word to insert to address: 0x4864
--- Found a word to insert to address: 0x4868
--- Found a word to insert to address: 0x486C
--- Found a word to insert to address: 0x4870
--- Found a word to insert to address: 0x4874
--- Found a word to insert to address: 0x4878
--- Found a word to insert to address: 0x487C
--- Found a word to insert to address: 0x4880
--- Found a word to insert to address: 0x4884
--- Found a word to insert to address: 0x4888
--- Found a word to insert to address: 0x488C
--- Found a word to insert to address: 0x4890
--- Found a word to insert to address: 0x4894
--- Found a word to insert to address: 0x4898
--- Found a word to insert to address: 0x489C
--- Found a word to insert to address: 0x48A0
--- Found a word to insert to address: 0x48A4
--- Found a word to insert to address: 0x48A8
--- Found a word to insert to address: 0x48AC
--- Found a word to insert to address: 0x48B0
--- Found a word to insert to address: 0x48B4
--- Found a word to insert to address: 0x48B8
--- Found a word to insert to address: 0x48BC
--- Found a word to insert to address: 0x48C0
--- Found a word to insert to address: 0x48C4
--- Found a word to insert to address: 0x48C8
--- Found a word to insert to address: 0x48CC
--- Found a word to insert to address: 0x48D0
--- Found a word to insert to address: 0x48D4
--- Found a word to insert to address: 0x48D8
--- Found a word to insert to address: 0x48DC
--- Found a word to insert to address: 0x48E0
--- Found a word to insert to address: 0x48E4
--- Found a word to insert to address: 0x48E8
--- Found a word to insert to address: 0x48EC
--- Found a word to insert to address: 0x48F0
--- Found a word to insert to address: 0x48F4
--- Found a word to insert to address: 0x48F8
--- Found a word to insert to address: 0x48FC
--- Found a word to insert to address: 0x4900
--- Found a word to insert to address: 0x4904
--- Found a word to insert to address: 0x4908
--- Found a word to insert to address: 0x490C
--- Found a word to insert to address: 0x4910
--- Found a word to insert to address: 0x4914
--- Found a word to insert to address: 0x4918
--- Found a word to insert to address: 0x491C
--- Found a word to insert to address: 0x4920
--- Found a word to insert to address: 0x4924
--- Found a word to insert to address: 0x4928
--- Found a word to insert to address: 0x492C
--- Found a word to insert to address: 0x4930
--- Found a word to insert to address: 0x4934
--- Found a word to insert to address: 0x4938
--- Found a word to insert to address: 0x493C
--- Found a word to insert to address: 0x4940
--- Found a word to insert to address: 0x4944
--- Found a word to insert to address: 0x4948
--- Found a word to insert to address: 0x494C
--- Found a word to insert to address: 0x4950
--- Found a word to insert to address: 0x4954
--- Found a word to insert to address: 0x4958
--- Found a word to insert to address: 0x495C
--- Found a word to insert to address: 0x4960
--- Found a word to insert to address: 0x4964
--- Found a word to insert to address: 0x4968
--- Found a word to insert to address: 0x496C
--- Found a word to insert to address: 0x4970
--- Found a word to insert to address: 0x4974
--- Found a word to insert to address: 0x4978
--- Found a word to insert to address: 0x497C
--- Found a word to insert to address: 0x4980
--- Found a word to insert to address: 0x4984
--- Found a word to insert to address: 0x4988
--- Found a word to insert to address: 0x498C
--- Found a word to insert to address: 0x4990
--- Found a word to insert to address: 0x4994
--- Found a word to insert to address: 0x4998
--- Found a word to insert to address: 0x499C
--- Found a word to insert to address: 0x49A0
--- Found a word to insert to address: 0x49A4
--- Found a word to insert to address: 0x49A8
--- Found a word to insert to address: 0x49AC
--- Found a word to insert to address: 0x49B0
--- Found a word to insert to address: 0x49B4
--- Found a word to insert to address: 0x49B8
--- Found a word to insert to address: 0x49BC
--- Found a word to insert to address: 0x49C0
--- Found a word to insert to address: 0x49C4
--- Found a word to insert to address: 0x49C8
--- Found a word to insert to address: 0x49CC
--- Found a word to insert to address: 0x49D0

--- OPTIMIZING...

---- Optimized COPY and ADD operations to preceding ADD...
---- Optimized 2 ADD/INSERT operations by merging...
---- Optimized 2 ADD/INSERT operations by merging...
---- Optimized 2 ADD/INSERT operations by merging...
---- Optimized 2 ADD/INSERT operations by merging...
---- Optimized 2 ADD/INSERT operations by merging...
---- Optimized 2 ADD/INSERT operations by merging...
---- Optimized 2 ADD/INSERT operations by merging...
---- Optimized 2 ADD/INSERT operations by merging...
---- Optimized 2 ADD/INSERT operations by merging...
---- Optimized 2 ADD/INSERT operations by merging...
---- Optimized 2 ADD/INSERT operations by merging...
---- Optimized 2 ADD/INSERT operations by merging...
---- Optimized 2 ADD/INSERT operations by merging...
---- Optimized 2 ADD/INSERT operations by merging...
---- Optimized 2 ADD/INSERT operations by merging...
---- Optimized 2 ADD/INSERT operations by merging...
---- Optimized 2 ADD/INSERT operations by merging...
---- Optimized 2 ADD/INSERT operations by merging...
---- Optimized COPY and ADD operations to preceding ADD...
---- Optimized COPY and ADD operations to preceding ADD...
---- Optimized 2 ADD/INSERT operations by merging...
---- Optimized 2 ADD/INSERT operations by merging...
---- Optimized 2 ADD/INSERT operations by merging...
---- Optimized 2 ADD/INSERT operations by merging...
---- Optimized COPY and ADD operations to preceding ADD...
---- Optimized COPY and ADD operations to preceding ADD...
---- Optimized 2 ADD/INSERT operations by merging...
---- Optimized 2 ADD/INSERT operations by merging...
---- Optimized 2 ADD/INSERT operations by merging...
---- Optimized 2 ADD/INSERT operations by merging...
---- Optimized 2 ADD/INSERT operations by merging...
---- Optimized COPY and ADD operations to preceding ADD...
---- Optimized 2 ADD/INSERT operations by merging...
---- Optimized 2 ADD/INSERT operations by merging...
---- Optimized COPY and ADD operations to preceding ADD...
---- Optimized 2 ADD/INSERT operations by merging...
---- Optimized 2 ADD/INSERT operations by merging...
---- Optimized 2 ADD/INSERT operations by merging...
---- Optimized 2 ADD/INSERT operations by merging...
---- Optimized 2 ADD/INSERT operations by merging...
---- Optimized 2 ADD/INSERT operations by merging...
---- Optimized 2 ADD/INSERT operations by merging...
---- Optimized 2 ADD/INSERT operations by merging...
---- Optimized 2 ADD/INSERT operations by merging...
---- Optimized 2 ADD/INSERT operations by merging...
---- Optimized 2 ADD/INSERT operations by merging...
---- Optimized 2 ADD/INSERT operations by merging...
---- Optimized 2 ADD/INSERT operations by merging...
---- Optimized 2 ADD/INSERT operations by merging...
---- Optimized COPY and ADD operations to preceding ADD...
---- Optimized COPY and ADD operations to preceding ADD...
---- Optimized COPY and ADD operations to preceding ADD...
---- Optimized COPY and ADD operations to preceding ADD...
---- Optimized COPY and ADD operations to preceding ADD...
---- Optimized COPY and ADD operations to preceding ADD...
---- Optimized COPY and ADD operations to preceding ADD...
---- Optimized COPY and ADD operations to preceding ADD...
---- Optimized 2 ADD/INSERT operations by merging...
---- Optimized 2 ADD/INSERT operations by merging...
---- Optimized 2 ADD/INSERT operations by merging...
---- Optimized 2 ADD/INSERT operations by merging...
---- Optimized 2 ADD/INSERT operations by merging...
---- Optimized 2 ADD/INSERT operations by merging...
---- Optimized 2 ADD/INSERT operations by merging...
---- Optimized 2 ADD/INSERT operations by merging...
---- Optimized 2 ADD/INSERT operations by merging...
---- Optimized 2 ADD/INSERT operations by merging...
---- Optimized 2 ADD/INSERT operations by merging...
---- Optimized 2 ADD/INSERT operations by merging...
---- Optimized COPY and ADD operations to preceding ADD...
---- Optimized COPY and ADD operations to preceding ADD...
---- Optimized 2 ADD/INSERT operations by merging...
---- Optimized 2 ADD/INSERT operations by merging...
---- Optimized COPY and ADD operations to preceding ADD...
---- Optimized 2 ADD/INSERT operations by merging...
---- Optimized 2 ADD/INSERT operations by merging...
---- Optimized 2 ADD/INSERT operations by merging...
---- Optimized 2 ADD/INSERT operations by merging...
---- Optimized COPY and ADD operations to preceding ADD...
---- Optimized 2 ADD/INSERT operations by merging...
---- Optimized 2 ADD/INSERT operations by merging...
---- Optimized 2 ADD/INSERT operations by merging...
---- Optimized COPY and ADD operations to preceding ADD...
---- Optimized COPY and ADD operations to preceding ADD...
---- Optimized COPY and ADD operations to preceding ADD...
---- Optimized COPY and ADD operations to preceding ADD...
---- Optimized 2 ADD/INSERT operations by merging...
---- Optimized COPY and ADD operations to preceding ADD...
---- Optimized 2 ADD/INSERT operations by merging...
---- Optimized 2 ADD/INSERT operations by merging...
---- Optimized 2 ADD/INSERT operations by merging...
---- Optimized 2 ADD/INSERT operations by merging...
---- Optimized COPY and ADD operations to preceding ADD...
---- Optimized 2 ADD/INSERT operations by merging...
---- Optimized 2 ADD/INSERT operations by merging...
---- Optimized 2 ADD/INSERT operations by merging...
---- Optimized COPY and ADD operations to preceding ADD...
---- Optimized 2 ADD/INSERT operations by merging...
---- Optimized 2 ADD/INSERT operations by merging...
---- Optimized 2 ADD/INSERT operations by merging...
---- Optimized 2 ADD/INSERT operations by merging...
---- Optimized 2 ADD/INSERT operations by merging...
---- Optimized 2 ADD/INSERT operations by merging...
---- Optimized 2 ADD/INSERT operations by merging...
---- Optimized COPY and ADD operations to preceding ADD...
---- Optimized 2 ADD/INSERT operations by merging...
---- Optimized 2 ADD/INSERT operations by merging...
---- Optimized 2 ADD/INSERT operations by merging...
---- Optimized 2 ADD/INSERT operations by merging...
---- Optimized 2 ADD/INSERT operations by merging...
---- Optimized 2 ADD/INSERT operations by merging...
---- Optimized 2 ADD/INSERT operations by merging...
---- Optimized 2 ADD/INSERT operations by merging...
---- Optimized COPY and ADD operations to preceding ADD...
---- Optimized 2 ADD/INSERT operations by merging...
---- Optimized 2 ADD/INSERT operations by merging...
---- Optimized 2 ADD/INSERT operations by merging...
---- Optimized 2 ADD/INSERT operations by merging...
---- Optimized COPY and ADD operations to preceding ADD...
---- Optimized 2 ADD/INSERT operations by merging...
---- Optimized COPY and ADD operations to preceding ADD...
---- Optimized 2 ADD/INSERT operations by merging...
---- Optimized 2 ADD/INSERT operations by merging...
---- Optimized 2 ADD/INSERT operations by merging...
---- Optimized 2 ADD/INSERT operations by merging...
---- Optimized COPY and ADD operations to preceding ADD...
---- Optimized COPY and ADD operations to preceding ADD...
---- Optimized COPY and ADD operations to preceding ADD...
---- Optimized COPY and ADD operations to preceding ADD...
---- Optimized 2 ADD/INSERT operations by merging...
---- Optimized 2 ADD/INSERT operations by merging...
---- Optimized 2 ADD/INSERT operations by merging...
---- Optimized 2 ADD/INSERT operations by merging...
---- Optimized COPY and ADD operations to preceding ADD...
---- Optimized COPY and ADD operations to preceding ADD...
---- Optimized COPY and ADD operations to preceding ADD...
---- Optimized COPY and ADD operations to preceding ADD...
---- Optimized 2 ADD/INSERT operations by merging...
---- Optimized 2 ADD/INSERT operations by merging...
---- Optimized COPY and ADD operations to preceding ADD...
---- Optimized 2 ADD/INSERT operations by merging...
---- Optimized 2 ADD/INSERT operations by merging...
---- Optimized 2 ADD/INSERT operations by merging...
---- Optimized 2 ADD/INSERT operations by merging...
---- Optimized 2 ADD/INSERT operations by merging...
---- Optimized 2 ADD/INSERT operations by merging...
---- Optimized 2 ADD/INSERT operations by merging...
---- Optimized 2 ADD/INSERT operations by merging...
---- Optimized 2 ADD/INSERT operations by merging...
---- Optimized 2 ADD/INSERT operations by merging...
---- Optimized 2 ADD/INSERT operations by merging...
---- Optimized 2 ADD/INSERT operations by merging...
---- Optimized 2 ADD/INSERT operations by merging...
---- Optimized 2 ADD/INSERT operations by merging...
---- Optimized 2 ADD/INSERT operations by merging...
---- Optimized 2 ADD/INSERT operations by merging...
---- Optimized 2 ADD/INSERT operations by merging...
---- Optimized 2 ADD/INSERT operations by merging...
---- Optimized 2 ADD/INSERT operations by merging...
---- Optimized 2 ADD/INSERT operations by merging...
---- Optimized 2 ADD/INSERT operations by merging...
---- Optimized 2 ADD/INSERT operations by merging...
---- Optimized 2 ADD/INSERT operations by merging...
---- Optimized 2 ADD/INSERT operations by merging...
---- Optimized 2 ADD/INSERT operations by merging...
---- Optimized 2 ADD/INSERT operations by merging...
---- Optimized 2 ADD/INSERT operations by merging...
---- Optimized 2 ADD/INSERT operations by merging...
---- Optimized 2 ADD/INSERT operations by merging...
---- Optimized 2 ADD/INSERT operations by merging...
---- Optimized 2 ADD/INSERT operations by merging...
---- Optimized 2 ADD/INSERT operations by merging...
---- Optimized 2 ADD/INSERT operations by merging...
---- Optimized 2 ADD/INSERT operations by merging...
---- Optimized 2 ADD/INSERT operations by merging...
---- Optimized 2 ADD/INSERT operations by merging...
---- Optimized 2 ADD/INSERT operations by merging...
---- Optimized 2 ADD/INSERT operations by merging...
---- Optimized 2 ADD/INSERT operations by merging...
---- Optimized 2 ADD/INSERT operations by merging...
---- Optimized 2 ADD/INSERT operations by merging...
---- Optimized 2 ADD/INSERT operations by merging...
---- Optimized 2 ADD/INSERT operations by merging...
---- Optimized 2 ADD/INSERT operations by merging...
---- Optimized 2 ADD/INSERT operations by merging...
---- Optimized 2 ADD/INSERT operations by merging...
---- Optimized 2 ADD/INSERT operations by merging...
---- Optimized 2 ADD/INSERT operations by merging...
---- Optimized 2 ADD/INSERT operations by merging...
---- Optimized 2 ADD/INSERT operations by merging...
---- Optimized 2 ADD/INSERT operations by merging...
---- Optimized 2 ADD/INSERT operations by merging...
---- Optimized 2 ADD/INSERT operations by merging...
---- Optimized 2 ADD/INSERT operations by merging...
---- Optimized 2 ADD/INSERT operations by merging...
---- Optimized 2 ADD/INSERT operations by merging...
---- Optimized 2 ADD/INSERT operations by merging...
---- Optimized 2 ADD/INSERT operations by merging...
---- Optimized 2 ADD/INSERT operations by merging...
---- Optimized 2 ADD/INSERT operations by merging...
---- Optimized 2 ADD/INSERT operations by merging...
---- Optimized 2 ADD/INSERT operations by merging...
---- Optimized 2 ADD/INSERT operations by merging...
---- Optimized 2 ADD/INSERT operations by merging...
---- Optimized 2 ADD/INSERT operations by merging...
---- Optimized 2 ADD/INSERT operations by merging...
---- Optimized 2 ADD/INSERT operations by merging...
---- Optimized 2 ADD/INSERT operations by merging...
---- Optimized 2 ADD/INSERT operations by merging...
---- Optimized 2 ADD/INSERT operations by merging...
---- Optimized 2 ADD/INSERT operations by merging...
---- Optimized 2 ADD/INSERT operations by merging...
---- Optimized 2 ADD/INSERT operations by merging...
---- Optimized 2 ADD/INSERT operations by merging...
---- Optimized 2 ADD/INSERT operations by merging...
---- Optimized 2 ADD/INSERT operations by merging...
---- Optimized 2 ADD/INSERT operations by merging...
---- Optimized 2 ADD/INSERT operations by merging...
---- Optimized 2 ADD/INSERT operations by merging...
---- Optimized 2 ADD/INSERT operations by merging...
---- Optimized 2 ADD/INSERT operations by merging...
---- Optimized 2 ADD/INSERT operations by merging...
---- Optimized 2 ADD/INSERT operations by merging...
---- Optimized 2 ADD/INSERT operations by merging...
---- Optimized 2 ADD/INSERT operations by merging...
---- Optimized 2 ADD/INSERT operations by merging...
---- Optimized 2 ADD/INSERT operations by merging...
---- Optimized 2 ADD/INSERT operations by merging...
---- Optimized 2 ADD/INSERT operations by merging...
---- Optimized 2 ADD/INSERT operations by merging...
---- Optimized 2 ADD/INSERT operations by merging...
---- Optimized 2 ADD/INSERT operations by merging...
---- Optimized 2 ADD/INSERT operations by merging...
---- Optimized 2 ADD/INSERT operations by merging...
---- Optimized 2 ADD/INSERT operations by merging...
---- Optimized 2 ADD/INSERT operations by merging...
---- Optimized 2 ADD/INSERT operations by merging...
---- Optimized 2 ADD/INSERT operations by merging...
---- Optimized 2 ADD/INSERT operations by merging...
---- Optimized 2 ADD/INSERT operations by merging...
---- Optimized 2 ADD/INSERT operations by merging...
---- Optimized 2 ADD/INSERT operations by merging...
---- Optimized 2 ADD/INSERT operations by merging...
---- Optimized 2 ADD/INSERT operations by merging...
---- Optimized 2 ADD/INSERT operations by merging...
---- Optimized 2 ADD/INSERT operations by merging...
---- Optimized 2 ADD/INSERT operations by merging...
---- Optimized 2 ADD/INSERT operations by merging...
---- Optimized 2 ADD/INSERT operations by merging...
---- Optimized 2 ADD/INSERT operations by merging...
---- Optimized 2 ADD/INSERT operations by merging...
---- Optimized 2 ADD/INSERT operations by merging...
---- Optimized 2 ADD/INSERT operations by merging...
---- Optimized 2 ADD/INSERT operations by merging...
---- Optimized 2 ADD/INSERT operations by merging...
---- Optimized 2 ADD/INSERT operations by merging...
---- Optimized 2 ADD/INSERT operations by merging...
---- Optimized 2 ADD/INSERT operations by merging...
---- Optimized 2 ADD/INSERT operations by merging...
---- Optimized 2 ADD/INSERT operations by merging...
---- Optimized 2 ADD/INSERT operations by merging...
---- Optimized 2 ADD/INSERT operations by merging...
---- Optimized 2 ADD/INSERT operations by merging...
---- Optimized 2 ADD/INSERT operations by merging...
---- Optimized 2 ADD/INSERT operations by merging...
---- Optimized 2 ADD/INSERT operations by merging...
---- Optimized 2 ADD/INSERT operations by merging...
---- Optimized 2 ADD/INSERT operations by merging...
---- Optimized 2 ADD/INSERT operations by merging...
---- Optimized 2 ADD/INSERT operations by merging...
---- Optimized 2 ADD/INSERT operations by merging...
---- Optimized 2 ADD/INSERT operations by merging...
---- Optimized 2 ADD/INSERT operations by merging...
---- Optimized 2 ADD/INSERT operations by merging...
---- Optimized 2 ADD/INSERT operations by merging...
---- Optimized 2 ADD/INSERT operations by merging...
---- Optimized 2 ADD/INSERT operations by merging...
---- Optimized 2 ADD/INSERT operations by merging...
---- Optimized 2 ADD/INSERT operations by merging...
---- Optimized 2 ADD/INSERT operations by merging...
---- Optimized 2 ADD/INSERT operations by merging...
---- Optimized 2 ADD/INSERT operations by merging...
---- Optimized 2 ADD/INSERT operations by merging...
---- Optimized 2 ADD/INSERT operations by merging...
---- Optimized 2 ADD/INSERT operations by merging...
---- Optimized 2 ADD/INSERT operations by merging...
---- Optimized 2 ADD/INSERT operations by merging...
---- Optimized 2 ADD/INSERT operations by merging...
---- Optimized 2 ADD/INSERT operations by merging...
---- Optimized 2 ADD/INSERT operations by merging...
---- Optimized 2 ADD/INSERT operations by merging...
---- Optimized 2 ADD/INSERT operations by merging...
---- Optimized 2 ADD/INSERT operations by merging...
---- Optimized 2 ADD/INSERT operations by merging...
---- Optimized 2 ADD/INSERT operations by merging...
---- Optimized 2 ADD/INSERT operations by merging...
---- Optimized 2 ADD/INSERT operations by merging...
---- Optimized 2 ADD/INSERT operations by merging...
---- Optimized 2 ADD/INSERT operations by merging...
---- Optimized 2 ADD/INSERT operations by merging...
---- Optimized 2 ADD/INSERT operations by merging...
---- Optimized 2 ADD/INSERT operations by merging...
---- Optimized 2 ADD/INSERT operations by merging...
---- Optimized 2 ADD/INSERT operations by merging...
---- Optimized 2 ADD/INSERT operations by merging...
---- Optimized 2 ADD/INSERT operations by merging...
---- Optimized 2 ADD/INSERT operations by merging...
---- Optimized 2 ADD/INSERT operations by merging...
---- Optimized 2 ADD/INSERT operations by merging...
---- Optimized 2 ADD/INSERT operations by merging...
---- Optimized 2 ADD/INSERT operations by merging...
---- Optimized 2 ADD/INSERT operations by merging...
---- Optimized 2 ADD/INSERT operations by merging...
---- Optimized 2 ADD/INSERT operations by merging...
---- Optimized 2 ADD/INSERT operations by merging...
---- Optimized 2 ADD/INSERT operations by merging...
---- Optimized 2 ADD/INSERT operations by merging...
---- Optimized 2 ADD/INSERT operations by merging...
---- Optimized 2 ADD/INSERT operations by merging...
---- Optimized 2 ADD/INSERT operations by merging...
---- Optimized 2 ADD/INSERT operations by merging...
---- Optimized 2 ADD/INSERT operations by merging...
---- Optimized 2 ADD/INSERT operations by merging...
---- Optimized 2 ADD/INSERT operations by merging...
---- Optimized 2 ADD/INSERT operations by merging...
---- Optimized 2 ADD/INSERT operations by merging...
---- Optimized 2 ADD/INSERT operations by merging...
---- Optimized 2 ADD/INSERT operations by merging...
---- Optimized 2 ADD/INSERT operations by merging...
---- Optimized 2 ADD/INSERT operations by merging...
---- Optimized 2 ADD/INSERT operations by merging...
---- Optimized 2 ADD/INSERT operations by merging...
---- Optimized 2 ADD/INSERT operations by merging...
---- Optimized 2 ADD/INSERT operations by merging...
---- Optimized 2 ADD/INSERT operations by merging...
---- Optimized 2 ADD/INSERT operations by merging...
---- Optimized 2 ADD/INSERT operations by merging...
---- Optimized 2 ADD/INSERT operations by merging...
---- Optimized 2 ADD/INSERT operations by merging...
---- Optimized 2 ADD/INSERT operations by merging...
---- Optimized 2 ADD/INSERT operations by merging...
---- Optimized 2 ADD/INSERT operations by merging...
---- Optimized 2 ADD/INSERT operations by merging...
---- Optimized 2 ADD/INSERT operations by merging...
---- Optimized 2 ADD/INSERT operations by merging...
---- Optimized 2 ADD/INSERT operations by merging...
---- Optimized 2 ADD/INSERT operations by merging...
---- Optimized 2 ADD/INSERT operations by merging...
---- Optimized 2 ADD/INSERT operations by merging...
---- Optimized 2 ADD/INSERT operations by merging...
---- Optimized 2 ADD/INSERT operations by merging...
---- Optimized 2 ADD/INSERT operations by merging...
---- Optimized 2 ADD/INSERT operations by merging...
---- Optimized 2 ADD/INSERT operations by merging...
---- Optimized 2 ADD/INSERT operations by merging...
---- Optimized 2 ADD/INSERT operations by merging...
---- Optimized 2 ADD/INSERT operations by merging...
---- Optimized 2 ADD/INSERT operations by merging...
---- Optimized 2 ADD/INSERT operations by merging...
---- Optimized 2 ADD/INSERT operations by merging...
---- Optimized 2 ADD/INSERT operations by merging...
---- Optimized 2 ADD/INSERT operations by merging...
---- Optimized 2 ADD/INSERT operations by merging...
---- Optimized 2 ADD/INSERT operations by merging...
---- Optimized 2 ADD/INSERT operations by merging...
---- Optimized 2 ADD/INSERT operations by merging...
---- Optimized 2 ADD/INSERT operations by merging...
---- Optimized 2 ADD/INSERT operations by merging...
---- Optimized 2 ADD/INSERT operations by merging...
---- Optimized 2 ADD/INSERT operations by merging...
---- Optimized 2 ADD/INSERT operations by merging...
---- Optimized 2 ADD/INSERT operations by merging...
---- Optimized 2 ADD/INSERT operations by merging...
---- Optimized 2 ADD/INSERT operations by merging...
---- Optimized 2 ADD/INSERT operations by merging...
---- Optimized 2 ADD/INSERT operations by merging...
---- Optimized 2 ADD/INSERT operations by merging...
---- Optimized 2 ADD/INSERT operations by merging...
---- Optimized 2 ADD/INSERT operations by merging...
---- Optimized 2 ADD/INSERT operations by merging...
---- Optimized 2 ADD/INSERT operations by merging...
---- Optimized 2 ADD/INSERT operations by merging...
---- Optimized 2 ADD/INSERT operations by merging...
---- Optimized 2 ADD/INSERT operations by merging...
---- Optimized 2 ADD/INSERT operations by merging...
---- Optimized 2 ADD/INSERT operations by merging...
---- Optimized 2 ADD/INSERT operations by merging...
---- Optimized 2 ADD/INSERT operations by merging...
---- Optimized 2 ADD/INSERT operations by merging...
---- Optimized 2 ADD/INSERT operations by merging...
---- Optimized 2 ADD/INSERT operations by merging...
---- Optimized 2 ADD/INSERT operations by merging...
---- Optimized 2 ADD/INSERT operations by merging...
---- Optimized 2 ADD/INSERT operations by merging...
---- Optimized 2 ADD/INSERT operations by merging...
---- Optimized 2 ADD/INSERT operations by merging...
---- Optimized 2 ADD/INSERT operations by merging...
---- Optimized 2 ADD/INSERT operations by merging...
---- Optimized 2 ADD/INSERT operations by merging...
---- Optimized 2 ADD/INSERT operations by merging...
---- Optimized 2 ADD/INSERT operations by merging...
---- Optimized 2 ADD/INSERT operations by merging...
---- Optimized 2 ADD/INSERT operations by merging...
---- Optimized 2 ADD/INSERT operations by merging...
---- Optimized 2 ADD/INSERT operations by merging...
---- Optimized 2 ADD/INSERT operations by merging...
---- Optimized 2 ADD/INSERT operations by merging...
---- Optimized 2 ADD/INSERT operations by merging...
---- Optimized 2 ADD/INSERT operations by merging...
---- Optimized 2 ADD/INSERT operations by merging...
---- Optimized 2 ADD/INSERT operations by merging...
---- Optimized 2 ADD/INSERT operations by merging...
---- Optimized 2 ADD/INSERT operations by merging...
---- Optimized 2 ADD/INSERT operations by merging...
---- Optimized 2 ADD/INSERT operations by merging...
---- Optimized 2 ADD/INSERT operations by merging...
---- Optimized 2 ADD/INSERT operations by merging...
---- Optimized 2 ADD/INSERT operations by merging...
---- Optimized 2 ADD/INSERT operations by merging...
---- Optimized 2 ADD/INSERT operations by merging...
---- Optimized 2 ADD/INSERT operations by merging...
---- Optimized 2 ADD/INSERT operations by merging...
---- Optimized 2 ADD/INSERT operations by merging...
---- Optimized 2 ADD/INSERT operations by merging...
---- Optimized 2 ADD/INSERT operations by merging...
---- Optimized 2 ADD/INSERT operations by merging...
---- Optimized 2 ADD/INSERT operations by merging...
---- Optimized 2 ADD/INSERT operations by merging...
---- Optimized 2 ADD/INSERT operations by merging...
---- Optimized 2 ADD/INSERT operations by merging...
---- Optimized 2 ADD/INSERT operations by merging...
---- Optimized 2 ADD/INSERT operations by merging...
---- Optimized 2 ADD/INSERT operations by merging...
---- Optimized 2 ADD/INSERT operations by merging...
---- Optimized 2 ADD/INSERT operations by merging...
---- Optimized 2 ADD/INSERT operations by merging...
---- Optimized 2 ADD/INSERT operations by merging...
---- Optimized 2 ADD/INSERT operations by merging...
---- Optimized 2 ADD/INSERT operations by merging...
---- Optimized 2 ADD/INSERT operations by merging...
---- Optimized 2 ADD/INSERT operations by merging...
---- Optimized 2 ADD/INSERT operations by merging...
---- Optimized 2 ADD/INSERT operations by merging...
---- Optimized 2 ADD/INSERT operations by merging...
---- Optimized 2 ADD/INSERT operations by merging...
---- Optimized 2 ADD/INSERT operations by merging...
---- Optimized 2 ADD/INSERT operations by merging...
---- Optimized 2 ADD/INSERT operations by merging...
---- Optimized 2 ADD/INSERT operations by merging...
---- Optimized 2 ADD/INSERT operations by merging...
---- Optimized 2 ADD/INSERT operations by merging...
---- Optimized 2 ADD/INSERT operations by merging...
---- Optimized 2 ADD/INSERT operations by merging...
---- Optimized 2 ADD/INSERT operations by merging...
---- Optimized 2 ADD/INSERT operations by merging...
---- Optimized 2 ADD/INSERT operations by merging...
---- Optimized 2 ADD/INSERT operations by merging...
---- Optimized 2 ADD/INSERT operations by merging...
---- Optimized 2 ADD/INSERT operations by merging...
---- Optimized 2 ADD/INSERT operations by merging...
---- Optimized 2 ADD/INSERT operations by merging...
---- Optimized 2 ADD/INSERT operations by merging...
---- Optimized 2 ADD/INSERT operations by merging...
---- Optimized 2 ADD/INSERT operations by merging...
---- Optimized 2 ADD/INSERT operations by merging...
---- Optimized 2 ADD/INSERT operations by merging...
---- Optimized 2 ADD/INSERT operations by merging...
---- Optimized 2 ADD/INSERT operations by merging...
---- Optimized 2 ADD/INSERT operations by merging...
---- Optimized 2 ADD/INSERT operations by merging...
---- Optimized 2 ADD/INSERT operations by merging...
---- Optimized 2 ADD/INSERT operations by merging...
---- Optimized 2 ADD/INSERT operations by merging...
---- Optimized 2 ADD/INSERT operations by merging...
---- Optimized 2 ADD/INSERT operations by merging...
---- Optimized 2 ADD/INSERT operations by merging...
---- Optimized 2 ADD/INSERT operations by merging...
---- Optimized 2 ADD/INSERT operations by merging...
---- Optimized 2 ADD/INSERT operations by merging...
---- Optimized 2 ADD/INSERT operations by merging...
---- Optimized 2 ADD/INSERT operations by merging...
---- Optimized 2 ADD/INSERT operations by merging...
---- Optimized 2 ADD/INSERT operations by merging...
---- Optimized 2 ADD/INSERT operations by merging...
---- Optimized 2 ADD/INSERT operations by merging...
---- Optimized 2 ADD/INSERT operations by merging...
---- Optimized 2 ADD/INSERT operations by merging...
---- Optimized 2 ADD/INSERT operations by merging...
---- Optimized 2 ADD/INSERT operations by merging...
---- Optimized 2 ADD/INSERT operations by merging...
---- Optimized 2 ADD/INSERT operations by merging...
---- Optimized 2 ADD/INSERT operations by merging...
---- Optimized 2 ADD/INSERT operations by merging...
---- Optimized 2 ADD/INSERT operations by merging...
---- Optimized 2 ADD/INSERT operations by merging...
---- Optimized 2 ADD/INSERT operations by merging...
---- Optimized 2 ADD/INSERT operations by merging...
---- Optimized 2 ADD/INSERT operations by merging...
---- Optimized 2 ADD/INSERT operations by merging...
---- Optimized 2 ADD/INSERT operations by merging...
---- Optimized 2 ADD/INSERT operations by merging...
---- Optimized 2 ADD/INSERT operations by merging...
---- Optimized 2 ADD/INSERT operations by merging...
---- Optimized 2 ADD/INSERT operations by merging...
---- Optimized 2 ADD/INSERT operations by merging...
---- Optimized 2 ADD/INSERT operations by merging...
---- Optimized 2 ADD/INSERT operations by merging...
---- Optimized 2 ADD/INSERT operations by merging...
---- Optimized 2 ADD/INSERT operations by merging...
---- Optimized 2 ADD/INSERT operations by merging...
---- Optimized 2 ADD/INSERT operations by merging...
---- Optimized 2 ADD/INSERT operations by merging...
---- Optimized 2 ADD/INSERT operations by merging...
---- Optimized 2 ADD/INSERT operations by merging...
---- Optimized 2 ADD/INSERT operations by merging...
---- Optimized 2 ADD/INSERT operations by merging...
---- Optimized 2 ADD/INSERT operations by merging...
---- Optimized 2 ADD/INSERT operations by merging...
---- Optimized 2 ADD/INSERT operations by merging...
---- Optimized 2 ADD/INSERT operations by merging...
---- Optimized 2 ADD/INSERT operations by merging...
---- Optimized 2 ADD/INSERT operations by merging...
---- Optimized 2 ADD/INSERT operations by merging...
---- Optimized 2 ADD/INSERT operations by merging...
---- Optimized 2 ADD/INSERT operations by merging...
---- Optimized 2 ADD/INSERT operations by merging...
---- Optimized 2 ADD/INSERT operations by merging...
---- Optimized 2 ADD/INSERT operations by merging...
---- Optimized 2 ADD/INSERT operations by merging...
---- Optimized 2 ADD/INSERT operations by merging...
---- Optimized 2 ADD/INSERT operations by merging...
---- Optimized 2 ADD/INSERT operations by merging...
---- Optimized 2 ADD/INSERT operations by merging...
---- Optimized 2 ADD/INSERT operations by merging...
---- Optimized 2 ADD/INSERT operations by merging...
---- Optimized 2 ADD/INSERT operations by merging...
---- Optimized 2 ADD/INSERT operations by merging...
---- Optimized 2 ADD/INSERT operations by merging...
---- Optimized 2 ADD/INSERT operations by merging...
---- Optimized 2 ADD/INSERT operations by merging...
---- Optimized 2 ADD/INSERT operations by merging...
---- Optimized 2 ADD/INSERT operations by merging...
---- Optimized 2 ADD/INSERT operations by merging...
---- Optimized 2 ADD/INSERT operations by merging...
---- Optimized 2 ADD/INSERT operations by merging...
---- Optimized 2 ADD/INSERT operations by merging...
---- Optimized 2 ADD/INSERT operations by merging...
---- Optimized 2 ADD/INSERT operations by merging...
---- Optimized 2 ADD/INSERT operations by merging...
---- Optimized 2 ADD/INSERT operations by merging...
---- Optimized 2 ADD/INSERT operations by merging...
---- Optimized 2 ADD/INSERT operations by merging...
---- Optimized 2 ADD/INSERT operations by merging...
---- Optimized 2 ADD/INSERT operations by merging...
---- Optimized 2 ADD/INSERT operations by merging...
---- Optimized 2 ADD/INSERT operations by merging...
---- Optimized 2 ADD/INSERT operations by merging...
---- Optimized 2 ADD/INSERT operations by merging...
---- Optimized 2 ADD/INSERT operations by merging...
---- Optimized 2 ADD/INSERT operations by merging...
---- Optimized 2 ADD/INSERT operations by merging...
---- Optimized 2 ADD/INSERT operations by merging...
---- Optimized 2 ADD/INSERT operations by merging...
---- Optimized 2 ADD/INSERT operations by merging...
---- Optimized 2 ADD/INSERT operations by merging...
---- Optimized 2 ADD/INSERT operations by merging...
---- Optimized 2 ADD/INSERT operations by merging...
---- Optimized 2 ADD/INSERT operations by merging...
---- Optimized 2 ADD/INSERT operations by merging...
---- Optimized 2 ADD/INSERT operations by merging...
---- Optimized 2 ADD/INSERT operations by merging...
---- Optimized 2 ADD/INSERT operations by merging...
---- Optimized 2 ADD/INSERT operations by merging...
---- Optimized 2 ADD/INSERT operations by merging...
---- Optimized 2 ADD/INSERT operations by merging...
---- Optimized 2 ADD/INSERT operations by merging...
---- Optimized 2 ADD/INSERT operations by merging...
---- Optimized 2 ADD/INSERT operations by merging...
---- Optimized 2 ADD/INSERT operations by merging...
---- Optimized 2 ADD/INSERT operations by merging...
---- Optimized 2 ADD/INSERT operations by merging...
---- Optimized 2 ADD/INSERT operations by merging...
---- Optimized 2 ADD/INSERT operations by merging...
---- Optimized 2 ADD/INSERT operations by merging...
---- Optimized 2 ADD/INSERT operations by merging...
---- Optimized 2 ADD/INSERT operations by merging...
---- Optimized 2 ADD/INSERT operations by merging...
---- Optimized 2 ADD/INSERT operations by merging...
---- Optimized 2 ADD/INSERT operations by merging...
---- Optimized 2 ADD/INSERT operations by merging...
---- Optimized 2 ADD/INSERT operations by merging...
---- Optimized 2 ADD/INSERT operations by merging...
---- Optimized 2 ADD/INSERT operations by merging...
---- Optimized 2 ADD/INSERT operations by merging...
---- Optimized 2 ADD/INSERT operations by merging...
---- Optimized 2 ADD/INSERT operations by merging...
---- Optimized 2 ADD/INSERT operations by merging...
---- Optimized 2 ADD/INSERT operations by merging...
---- Optimized 2 ADD/INSERT operations by merging...
---- Optimized 2 ADD/INSERT operations by merging...
---- Optimized 2 ADD/INSERT operations by merging...
---- Optimized 2 ADD/INSERT operations by merging...
---- Optimized 2 ADD/INSERT operations by merging...
---- Optimized 2 ADD/INSERT operations by merging...
---- Optimized 2 ADD/INSERT operations by merging...
---- Optimized 2 ADD/INSERT operations by merging...
---- Optimized 2 ADD/INSERT operations by merging...
---- Optimized 2 ADD/INSERT operations by merging...
---- Optimized 2 ADD/INSERT operations by merging...
---- Optimized 2 ADD/INSERT operations by merging...
---- Optimized 2 ADD/INSERT operations by merging...
---- Optimized 2 ADD/INSERT operations by merging...
---- Optimized 2 ADD/INSERT operations by merging...
---- Optimized 2 ADD/INSERT operations by merging...
---- Optimized 2 ADD/INSERT operations by merging...
---- Optimized 2 ADD/INSERT operations by merging...
---- Optimized 2 ADD/INSERT operations by merging...
---- Optimized 2 ADD/INSERT operations by merging...
---- Optimized 2 ADD/INSERT operations by merging...
---- Optimized 2 ADD/INSERT operations by merging...
---- Optimized 2 ADD/INSERT operations by merging...
---- Optimized 2 ADD/INSERT operations by merging...
---- Optimized 2 ADD/INSERT operations by merging...
---- Optimized 2 ADD/INSERT operations by merging...
---- Optimized 2 ADD/INSERT operations by merging...
---- Optimized 2 ADD/INSERT operations by merging...
---- Optimized 2 ADD/INSERT operations by merging...
---- Optimized 2 ADD/INSERT operations by merging...
---- Optimized 2 ADD/INSERT operations by merging...
---- Optimized 2 ADD/INSERT operations by merging...
---- Optimized 2 ADD/INSERT operations by merging...
---- Optimized 2 ADD/INSERT operations by merging...
---- Optimized 2 ADD/INSERT operations by merging...
---- Optimized 2 ADD/INSERT operations by merging...
---- Optimized 2 ADD/INSERT operations by merging...
---- Optimized 2 ADD/INSERT operations by merging...
---- Optimized 2 ADD/INSERT operations by merging...
---- Optimized 2 ADD/INSERT operations by merging...
---- Optimized 2 ADD/INSERT operations by merging...
---- Optimized 2 ADD/INSERT operations by merging...
---- Optimized 2 ADD/INSERT operations by merging...
---- Optimized 2 ADD/INSERT operations by merging...
---- Optimized 2 ADD/INSERT operations by merging...
---- Optimized 2 ADD/INSERT operations by merging...
---- Optimized 2 ADD/INSERT operations by merging...
---- Optimized 2 ADD/INSERT operations by merging...
---- Optimized 2 ADD/INSERT operations by merging...
---- Optimized 2 ADD/INSERT operations by merging...
---- Optimized 2 ADD/INSERT operations by merging...
---- Optimized 2 ADD/INSERT operations by merging...
---- Optimized 2 ADD/INSERT operations by merging...
---- Optimized 2 ADD/INSERT operations by merging...
---- Optimized 2 ADD/INSERT operations by merging...
---- Optimized 2 ADD/INSERT operations by merging...
-- Done...
------------------------------------------

-- Generating file 'data_basis\riotboot\samd21-xpro\deltagen_rev_01_rev_00\deltagen_rev_01_slot0_rev_00_slot1'...
--- Data succesfully generated
--- Generating checksum CRC-16
--- Generated CRC-16
--- Finalizing delta file
--- Writing file 'data_basis\riotboot\samd21-xpro\deltagen_rev_01_rev_00\deltagen_rev_01_slot0_rev_00_slot1'

-- OPERATION SUCCESFULL ...
Elapsed time: 00:00:00.3765883
------------------------------------------

