
There are 5 non-matching segments with total length of 18964
-- Found 5 segments that have changed...
-- Searching for matching segments...
-- Done searching...
------------------------------------------

-- Generating operations...
--- Found segment that must be added. Length: 12 , address: 0x4

--- OPTIMIZING...

--- Found word that must be inserted. Length: 4 , address: 0x2C

--- OPTIMIZING...

--- Found segment that must be added. Length: 108 , address: 0x38

--- OPTIMIZING...

--- Found word that must be inserted. Length: 4 , address: 0xB8

--- OPTIMIZING...

--- Found segment that must be added. Length: 52 , address: 0xC0
--- Found a word to insert to address: 0xF4
--- Found segment that must be added. Length: 4 , address: 0xF8
--- Found segment that will be moved from address: 0xC4 to address: 0xFC of length 8
--- Found segment that must be added. Length: 4 , address: 0x104
--- Found a word to insert to address: 0x108
--- Found segment that must be added. Length: 4 , address: 0x10C
--- Found a word to insert to address: 0x110
--- Found segment that must be added. Length: 16 , address: 0x114
--- Found a word to insert to address: 0x124
--- Found segment that must be added. Length: 52 , address: 0x128
--- Found a word to insert to address: 0x15C
--- Found segment that must be added. Length: 16 , address: 0x160
--- Found a word to insert to address: 0x170
--- Found segment that must be added. Length: 16 , address: 0x174
--- Found a word to insert to address: 0x184
--- Found segment that must be added. Length: 24 , address: 0x188
--- Found a word to insert to address: 0x1A0
--- Found segment that must be added. Length: 8 , address: 0x1A4
--- Found a word to insert to address: 0x1AC
--- Found segment that must be added. Length: 8 , address: 0x1B0
--- Found a word to insert to address: 0x1B8
--- Found segment that must be added. Length: 4 , address: 0x1BC
--- Found a word to insert to address: 0x1C0
--- Found segment that must be added. Length: 12 , address: 0x1C4
--- Found a word to insert to address: 0x1D0
--- Found segment that must be added. Length: 28 , address: 0x1D4
--- Found segment that will be moved from address: 0x14C to address: 0x1F0 of length 16
--- Found segment that must be added. Length: 20 , address: 0x200
--- Found segment that will be moved from address: 0x170 to address: 0x214 of length 8
--- Found segment that must be added. Length: 4 , address: 0x21C
--- Found segment that will be moved from address: 0x17C to address: 0x220 of length 12
--- Found segment that must be added. Length: 4 , address: 0x22C
--- Found segment that will be moved from address: 0x18C to address: 0x230 of length 24
--- Found segment that must be added. Length: 8 , address: 0x248
--- Found a word to insert to address: 0x250
--- Found segment that must be added. Length: 4 , address: 0x254
--- Found segment that will be moved from address: 0x1B4 to address: 0x258 of length 40
--- Found segment that must be added. Length: 12 , address: 0x280
--- Found segment that will be moved from address: 0x1E8 to address: 0x28C of length 36
--- Found a word to insert to address: 0x2B0
--- Found segment that must be added. Length: 4 , address: 0x2B4
--- Found segment that will be moved from address: 0x214 to address: 0x2B8 of length 96
--- Found a word to insert to address: 0x318
--- Found segment that must be added. Length: 4 , address: 0x31C
--- Found segment that will be moved from address: 0x27C to address: 0x320 of length 104
--- Found segment that must be added. Length: 4 , address: 0x388
--- Found segment that will be moved from address: 0x2E8 to address: 0x38C of length 12
--- Found segment that must be added. Length: 12 , address: 0x398
--- Found a word to insert to address: 0x3A4
--- Found segment that must be added. Length: 4 , address: 0x3A8
--- Found segment that will be moved from address: 0x308 to address: 0x3AC of length 8
--- Found segment that must be added. Length: 4 , address: 0x3B4
--- Found a word to insert to address: 0x3B8
--- Found segment that must be added. Length: 16 , address: 0x3BC
--- Found segment that will be moved from address: 0x328 to address: 0x3CC of length 108
--- Found a word to insert to address: 0x438
--- Found a word to insert to address: 0x43C
--- Found a word to insert to address: 0x440
--- Found segment that must be added. Length: 8 , address: 0x444
--- Found a word to insert to address: 0x44C
--- Found a word to insert to address: 0x450
--- Found segment that will be moved from address: 0x3B0 to address: 0x454 of length 116
--- Found segment that must be added. Length: 4 , address: 0x4C8
--- Found a word to insert to address: 0x4CC
--- Found segment that will be moved from address: 0x42C to address: 0x4D0 of length 48
--- Found a word to insert to address: 0x500
--- Found a word to insert to address: 0x504
--- Found segment that will be moved from address: 0x464 to address: 0x508 of length 52
--- Found a word to insert to address: 0x53C
--- Found segment that must be added. Length: 4 , address: 0x540
--- Found a word to insert to address: 0x544
--- Found segment that must be added. Length: 4 , address: 0x548
--- Found segment that will be moved from address: 0x4A8 to address: 0x54C of length 28
--- Found segment that must be added. Length: 4 , address: 0x568
--- Found segment that will be moved from address: 0x4C8 to address: 0x56C of length 48
--- Found segment that must be added. Length: 4 , address: 0x59C
--- Found segment that will be moved from address: 0x4FC to address: 0x5A0 of length 240
--- Found segment that must be added. Length: 8 , address: 0x690
--- Found segment that will be moved from address: 0x5F4 to address: 0x698 of length 24
--- Found segment that must be added. Length: 8 , address: 0x6B0
--- Found segment that will be moved from address: 0x614 to address: 0x6B8 of length 140
--- Found segment that must be added. Length: 4 , address: 0x744
--- Found a word to insert to address: 0x748
--- Found segment that must be added. Length: 4 , address: 0x74C
--- Found segment that will be moved from address: 0x6AC to address: 0x750 of length 168
--- Found segment that must be added. Length: 4 , address: 0x7F8
--- Found segment that will be moved from address: 0x758 to address: 0x7FC of length 160
--- Found a word to insert to address: 0x89C
--- Found segment that will be moved from address: 0x7FC to address: 0x8A0 of length 20
--- Found segment that must be added. Length: 4 , address: 0x8B4
--- Found segment that will be moved from address: 0x814 to address: 0x8B8 of length 100
--- Found segment that must be added. Length: 4 , address: 0x91C
--- Found segment that will be moved from address: 0x87C to address: 0x920 of length 12
--- Found segment that must be added. Length: 4 , address: 0x92C
--- Found segment that will be moved from address: 0x88C to address: 0x930 of length 48
--- Found segment that must be added. Length: 4 , address: 0x960
--- Found segment that will be moved from address: 0x8C0 to address: 0x964 of length 32
--- Found segment that must be added. Length: 4 , address: 0x984
--- Found segment that will be moved from address: 0x8E4 to address: 0x988 of length 8
--- Found segment that must be added. Length: 4 , address: 0x990
--- Found segment that will be moved from address: 0x8F0 to address: 0x994 of length 24
--- Found segment that must be added. Length: 4 , address: 0x9AC
--- Found segment that will be moved from address: 0x90C to address: 0x9B0 of length 12
--- Found segment that must be added. Length: 4 , address: 0x9BC
--- Found a word to insert to address: 0x9C0
--- Found segment that must be added. Length: 12 , address: 0x9C4
--- Found segment that will be moved from address: 0x92C to address: 0x9D0 of length 28
--- Found segment that must be added. Length: 20 , address: 0x9EC
--- Found segment that will be moved from address: 0x95C to address: 0xA00 of length 12
--- Found segment that must be added. Length: 8 , address: 0xA0C
--- Found segment that will be moved from address: 0x970 to address: 0xA14 of length 84
--- Found segment that must be added. Length: 8 , address: 0xA68
--- Found segment that will be moved from address: 0x9CC to address: 0xA70 of length 8
--- Found segment that must be added. Length: 8 , address: 0xA78
--- Found segment that will be moved from address: 0x9DC to address: 0xA80 of length 8
--- Found a word to insert to address: 0xA88
--- Found segment that must be added. Length: 4 , address: 0xA8C
--- Found segment that will be moved from address: 0x9EC to address: 0xA90 of length 8
--- Found segment that must be added. Length: 4 , address: 0xA98
--- Found segment that will be moved from address: 0x9F8 to address: 0xA9C of length 12
--- Found segment that must be added. Length: 16 , address: 0xAA8
--- Found a word to insert to address: 0xAB8
--- Found segment that must be added. Length: 12 , address: 0xABC
--- Found a word to insert to address: 0xAC8
--- Found segment that must be added. Length: 8 , address: 0xACC
--- Found a word to insert to address: 0xAD4
--- Found segment that must be added. Length: 12 , address: 0xAD8
--- Found segment that will be moved from address: 0xA40 to address: 0xAE4 of length 20
--- Found segment that must be added. Length: 4 , address: 0xAF8
--- Found segment that will be moved from address: 0xA58 to address: 0xAFC of length 316
--- Found segment that must be added. Length: 8 , address: 0xC38
--- Found segment that will be moved from address: 0xB9C to address: 0xC40 of length 600
--- Found segment that must be added. Length: 4 , address: 0xE98
--- Found a word to insert to address: 0xE9C
--- Found segment that must be added. Length: 4 , address: 0xEA0
--- Found segment that will be moved from address: 0xE00 to address: 0xEA4 of length 28
--- Found segment that must be added. Length: 4 , address: 0xEC0
--- Found segment that will be moved from address: 0xE20 to address: 0xEC4 of length 16
--- Found a word to insert to address: 0xED4
--- Found segment that must be added. Length: 24 , address: 0xED8
--- Found a word to insert to address: 0xEF0
--- Found segment that must be added. Length: 20 , address: 0xEF4
--- Found a word to insert to address: 0xF08
--- Found segment that must be added. Length: 16 , address: 0xF0C
--- Found a word to insert to address: 0xF1C
--- Found segment that must be added. Length: 124 , address: 0xF20
--- Found a word to insert to address: 0xF9C
--- Found segment that must be added. Length: 64 , address: 0xFA0
--- Found a word to insert to address: 0xFE0
--- Found segment that must be added. Length: 4 , address: 0xFE4
--- Found a word to insert to address: 0xFE8
--- Found segment that must be added. Length: 4 , address: 0xFEC
--- Found a word to insert to address: 0xFF0
--- Found segment that must be added. Length: 20 , address: 0xFF4
--- Found a word to insert to address: 0x1008
--- Found segment that must be added. Length: 216 , address: 0x100C
--- Found a word to insert to address: 0x10E4
--- Found segment that must be added. Length: 4 , address: 0x10E8
--- Found a word to insert to address: 0x10EC
--- Found segment that must be added. Length: 52 , address: 0x10F0
--- Found a word to insert to address: 0x1124
--- Found segment that must be added. Length: 8 , address: 0x1128
--- Found a word to insert to address: 0x1130
--- Found segment that must be added. Length: 64 , address: 0x1134
--- Found a word to insert to address: 0x1174
--- Found segment that must be added. Length: 4 , address: 0x1178
--- Found segment that will be moved from address: 0xE30 to address: 0x117C of length 12
--- Found segment that must be added. Length: 4 , address: 0x1188
--- Found a word to insert to address: 0x118C
--- Found segment that must be added. Length: 4 , address: 0x1190
--- Found segment that will be moved from address: 0xE48 to address: 0x1194 of length 16
--- Found segment that must be added. Length: 4 , address: 0x11A4
--- Found segment that will be moved from address: 0xE5C to address: 0x11A8 of length 36
--- Found segment that must be added. Length: 4 , address: 0x11CC
--- Found segment that will be moved from address: 0xE84 to address: 0x11D0 of length 40
--- Found segment that must be added. Length: 4 , address: 0x11F8
--- Found segment that will be moved from address: 0xEB0 to address: 0x11FC of length 64
--- Found segment that must be added. Length: 4 , address: 0x123C
--- Found a word to insert to address: 0x1240
--- Found segment that must be added. Length: 8 , address: 0x1244
--- Found a word to insert to address: 0x124C
--- Found segment that must be added. Length: 8 , address: 0x1250
--- Found segment that will be moved from address: 0xF0C to address: 0x1258 of length 44
--- Found a word to insert to address: 0x1284
--- Found segment that must be added. Length: 16 , address: 0x1288
--- Found a word to insert to address: 0x1298
--- Found segment that must be added. Length: 12 , address: 0x129C
--- Found a word to insert to address: 0x12A8
--- Found segment that must be added. Length: 8 , address: 0x12AC
--- Found a word to insert to address: 0x12B4
--- Found segment that must be added. Length: 76 , address: 0x12B8
--- Found a word to insert to address: 0x1304
--- Found segment that must be added. Length: 60 , address: 0x1308
--- Found segment that will be moved from address: 0xF3C to address: 0x1344 of length 8
--- Found segment that must be added. Length: 4 , address: 0x134C
--- Found segment that will be moved from address: 0xF48 to address: 0x1350 of length 8
--- Found segment that must be added. Length: 4 , address: 0x1358
--- Found a word to insert to address: 0x135C
--- Found segment that must be added. Length: 4 , address: 0x1360
--- Found segment that will be moved from address: 0xF5C to address: 0x1364 of length 32
--- Found segment that must be added. Length: 8 , address: 0x1384
--- Found segment that will be moved from address: 0xF84 to address: 0x138C of length 116
--- Found segment that must be added. Length: 8 , address: 0x1400
--- Found segment that will be moved from address: 0x1000 to address: 0x1408 of length 20
--- Found segment that must be added. Length: 4 , address: 0x141C
--- Found segment that will be moved from address: 0x1018 to address: 0x1420 of length 12
--- Found segment that must be added. Length: 8 , address: 0x142C
--- Found segment that will be moved from address: 0x102C to address: 0x1434 of length 20
--- Found segment that must be added. Length: 4 , address: 0x1448
--- Found segment that will be moved from address: 0x1044 to address: 0x144C of length 52
--- Found segment that must be added. Length: 12 , address: 0x1480
--- Found a word to insert to address: 0x148C
--- Found segment that must be added. Length: 4 , address: 0x1490
--- Found segment that will be moved from address: 0x108C to address: 0x1494 of length 16
--- Found segment that must be added. Length: 4 , address: 0x14A4
--- Found segment that will be moved from address: 0x10A0 to address: 0x14A8 of length 20
--- Found segment that must be added. Length: 4 , address: 0x14BC
--- Found segment that will be moved from address: 0x10B8 to address: 0x14C0 of length 24
--- Found segment that must be added. Length: 4 , address: 0x14D8
--- Found segment that will be moved from address: 0x10D4 to address: 0x14DC of length 40
--- Found segment that must be added. Length: 4 , address: 0x1504
--- Found segment that will be moved from address: 0x1100 to address: 0x1508 of length 32
--- Found segment that must be added. Length: 4 , address: 0x1528
--- Found a word to insert to address: 0x152C
--- Found segment that must be added. Length: 32 , address: 0x1530
--- Found a word to insert to address: 0x1550
--- Found segment that must be added. Length: 12 , address: 0x1554
--- Found segment that will be moved from address: 0x1158 to address: 0x1560 of length 8
--- Found segment that must be added. Length: 4 , address: 0x1568
--- Found segment that will be moved from address: 0x1164 to address: 0x156C of length 16
--- Found segment that must be added. Length: 4 , address: 0x157C
--- Found a word to insert to address: 0x1580
--- Found segment that must be added. Length: 4 , address: 0x1584
--- Found segment that will be moved from address: 0x1180 to address: 0x1588 of length 84
--- Found segment that must be added. Length: 4 , address: 0x15DC
--- Found segment that will be moved from address: 0x11D8 to address: 0x15E0 of length 72
--- Found segment that must be added. Length: 4 , address: 0x1628
--- Found segment that will be moved from address: 0x1224 to address: 0x162C of length 8
--- Found segment that must be added. Length: 4 , address: 0x1634
--- Found segment that will be moved from address: 0x1230 to address: 0x1638 of length 8
--- Found segment that must be added. Length: 4 , address: 0x1640
--- Found segment that will be moved from address: 0x123C to address: 0x1644 of length 12
--- Found segment that must be added. Length: 8 , address: 0x1650
--- Found segment that will be moved from address: 0x1250 to address: 0x1658 of length 16
--- Found segment that must be added. Length: 4 , address: 0x1668
--- Found segment that will be moved from address: 0x1264 to address: 0x166C of length 40
--- Found segment that must be added. Length: 4 , address: 0x1694
--- Found segment that will be moved from address: 0x1290 to address: 0x1698 of length 136
--- Found segment that must be added. Length: 4 , address: 0x1720
--- Found segment that will be moved from address: 0x131C to address: 0x1724 of length 8
--- Found segment that must be added. Length: 4 , address: 0x172C
--- Found a word to insert to address: 0x1730
--- Found segment that must be added. Length: 4 , address: 0x1734
--- Found segment that will be moved from address: 0x1330 to address: 0x1738 of length 28
--- Found segment that must be added. Length: 4 , address: 0x1754
--- Found segment that will be moved from address: 0x1350 to address: 0x1758 of length 32
--- Found segment that must be added. Length: 4 , address: 0x1778
--- Found segment that will be moved from address: 0x1374 to address: 0x177C of length 52
--- Found segment that must be added. Length: 4 , address: 0x17B0
--- Found segment that will be moved from address: 0x13AC to address: 0x17B4 of length 52
--- Found segment that must be added. Length: 16 , address: 0x17E8
--- Found segment that will be moved from address: 0x13E4 to address: 0x17F8 of length 76
--- Found segment that must be added. Length: 4 , address: 0x1844
--- Found segment that will be moved from address: 0x13E4 to address: 0x1848 of length 8
--- Found segment that must be added. Length: 4 , address: 0x1850
--- Found segment that will be moved from address: 0x1430 to address: 0x1854 of length 16
--- Found segment that must be added. Length: 4 , address: 0x1864
--- Found segment that will be moved from address: 0x1444 to address: 0x1868 of length 20
--- Found segment that must be added. Length: 4 , address: 0x187C
--- Found a word to insert to address: 0x1880
--- Found segment that must be added. Length: 4 , address: 0x1884
--- Found segment that will be moved from address: 0x1464 to address: 0x1888 of length 96
--- Found segment that must be added. Length: 4 , address: 0x18E8
--- Found segment that will be moved from address: 0x14C8 to address: 0x18EC of length 80
--- Found segment that must be added. Length: 4 , address: 0x193C
--- Found segment that will be moved from address: 0x151C to address: 0x1940 of length 92
--- Found a word to insert to address: 0x199C
--- Found segment that will be moved from address: 0x157C to address: 0x19A0 of length 8
--- Found segment that must be added. Length: 8 , address: 0x19A8
--- Found segment that will be moved from address: 0x1620 to address: 0x19B0 of length 48
--- Found segment that must be added. Length: 4 , address: 0x19E0
--- Found segment that will be moved from address: 0x1654 to address: 0x19E4 of length 44
--- Found segment that must be added. Length: 4 , address: 0x1A10
--- Found a word to insert to address: 0x1A14
--- Found segment that must be added. Length: 16 , address: 0x1A18
--- Found a word to insert to address: 0x1A28
--- Found segment that must be added. Length: 20 , address: 0x1A2C
--- Found a word to insert to address: 0x1A40
--- Found segment that must be added. Length: 20 , address: 0x1A44
--- Found a word to insert to address: 0x1A58
--- Found segment that must be added. Length: 28 , address: 0x1A5C
--- Found a word to insert to address: 0x1A78
--- Found segment that must be added. Length: 8 , address: 0x1A7C
--- Found a word to insert to address: 0x1A84
--- Found segment that must be added. Length: 20 , address: 0x1A88
--- Found a word to insert to address: 0x1A9C
--- Found segment that must be added. Length: 8 , address: 0x1AA0
--- Found a word to insert to address: 0x1AA8
--- Found segment that must be added. Length: 40 , address: 0x1AAC
--- Found a word to insert to address: 0x1AD4
--- Found segment that must be added. Length: 36 , address: 0x1AD8
--- Found segment that will be moved from address: 0x16F8 to address: 0x1AFC of length 8
--- Found segment that must be added. Length: 12 , address: 0x1B04
--- Found a word to insert to address: 0x1B10
--- Found segment that must be added. Length: 12 , address: 0x1B14
--- Found segment that will be moved from address: 0x1334 to address: 0x1B20 of length 8
--- Found segment that must be added. Length: 28 , address: 0x1B28
--- Found a word to insert to address: 0x1B44
--- Found segment that must be added. Length: 12 , address: 0x1B48
--- Found a word to insert to address: 0x1B54
--- Found segment that must be added. Length: 68 , address: 0x1B58
--- Found a word to insert to address: 0x1B9C
--- Found segment that must be added. Length: 4 , address: 0x1BA0
--- Found segment that will be moved from address: 0x17E0 to address: 0x1BA4 of length 8
--- Found segment that must be added. Length: 32 , address: 0x1BAC
--- Found a word to insert to address: 0x1BCC
--- Found segment that must be added. Length: 44 , address: 0x1BD0
--- Found a word to insert to address: 0x1BFC
--- Found segment that must be added. Length: 8 , address: 0x1C00
--- Found a word to insert to address: 0x1C08
--- Found a word to insert to address: 0x1C0C
--- Found segment that must be added. Length: 8 , address: 0x1C10
--- Found a word to insert to address: 0x1C18
--- Found segment that must be added. Length: 40 , address: 0x1C1C
--- Found a word to insert to address: 0x1C44
--- Found segment that must be added. Length: 48 , address: 0x1C48
--- Found segment that will be moved from address: 0x158C to address: 0x1C78 of length 56
--- Found segment that must be added. Length: 8 , address: 0x1CB0
--- Found a word to insert to address: 0x1CB8
--- Found segment that will be moved from address: 0x15D0 to address: 0x1CBC of length 28
--- Found segment that must be added. Length: 4 , address: 0x1CD8
--- Found a word to insert to address: 0x1CDC
--- Found segment that must be added. Length: 4 , address: 0x1CE0
--- Found segment that will be moved from address: 0x15F8 to address: 0x1CE4 of length 12
--- Found segment that must be added. Length: 4 , address: 0x1CF0
--- Found a word to insert to address: 0x1CF4
--- Found segment that must be added. Length: 4 , address: 0x1CF8
--- Found a word to insert to address: 0x1CFC
--- Found segment that must be added. Length: 4 , address: 0x1D00
--- Found a word to insert to address: 0x1D04
--- Found segment that must be added. Length: 4 , address: 0x1D08
--- Found segment that will be moved from address: 0x1620 to address: 0x1D0C of length 48
--- Found segment that must be added. Length: 4 , address: 0x1D3C
--- Found segment that will be moved from address: 0x1654 to address: 0x1D40 of length 44
--- Found segment that must be added. Length: 4 , address: 0x1D6C
--- Found segment that will be moved from address: 0x1684 to address: 0x1D70 of length 88
--- Found segment that must be added. Length: 4 , address: 0x1DC8
--- Found segment that will be moved from address: 0x16E0 to address: 0x1DCC of length 80
--- Found a word to insert to address: 0x1E1C
--- Found segment that must be added. Length: 4 , address: 0x1E20
--- Found segment that will be moved from address: 0x1738 to address: 0x1E24 of length 192
--- Found segment that must be added. Length: 4 , address: 0x1EE4
--- Found segment that will be moved from address: 0x17FC to address: 0x1EE8 of length 12
--- Found segment that must be added. Length: 4 , address: 0x1EF4
--- Found segment that will be moved from address: 0x180C to address: 0x1EF8 of length 52
--- Found segment that must be added. Length: 4 , address: 0x1F2C
--- Found segment that will be moved from address: 0x1844 to address: 0x1F30 of length 20
--- Found a word to insert to address: 0x1F44
--- Found segment that must be added. Length: 4 , address: 0x1F48
--- Found segment that will be moved from address: 0x1860 to address: 0x1F4C of length 40
--- Found segment that must be added. Length: 24 , address: 0x1F74
--- Found segment that will be moved from address: 0x18A0 to address: 0x1F8C of length 28
--- Found segment that must be added. Length: 4 , address: 0x1FA8
--- Found segment that will be moved from address: 0x18C0 to address: 0x1FAC of length 44
--- Found segment that must be added. Length: 4 , address: 0x1FD8
--- Found segment that will be moved from address: 0x18F0 to address: 0x1FDC of length 88
--- Found segment that must be added. Length: 4 , address: 0x2034
--- Found segment that will be moved from address: 0x194C to address: 0x2038 of length 52
--- Found segment that must be added. Length: 4 , address: 0x206C
--- Found segment that will be moved from address: 0x1984 to address: 0x2070 of length 40
--- Found segment that must be added. Length: 4 , address: 0x2098
--- Found segment that will be moved from address: 0x19B0 to address: 0x209C of length 56
--- Found segment that must be added. Length: 4 , address: 0x20D4
--- Found segment that will be moved from address: 0x19EC to address: 0x20D8 of length 20
--- Found segment that must be added. Length: 28 , address: 0x20EC
--- Found a word to insert to address: 0x2108
--- Found segment that must be added. Length: 36 , address: 0x210C
--- Found a word to insert to address: 0x2130
--- Found segment that must be added. Length: 4 , address: 0x2134
--- Found segment that will be moved from address: 0x1A4C to address: 0x2138 of length 40
--- Found segment that must be added. Length: 4 , address: 0x2160
--- Found a word to insert to address: 0x2164
--- Found segment that must be added. Length: 8 , address: 0x2168
--- Found a word to insert to address: 0x2170
--- Found segment that must be added. Length: 4 , address: 0x2174
--- Found segment that will be moved from address: 0x1A8C to address: 0x2178 of length 12
--- Found segment that must be added. Length: 4 , address: 0x2184
--- Found a word to insert to address: 0x2188
--- Found segment that must be added. Length: 4 , address: 0x218C
--- Found segment that will be moved from address: 0x1AA4 to address: 0x2190 of length 16
--- Found segment that must be added. Length: 4 , address: 0x21A0
--- Found segment that will be moved from address: 0x1AB8 to address: 0x21A4 of length 56
--- Found segment that must be added. Length: 4 , address: 0x21DC
--- Found segment that will be moved from address: 0x1AF4 to address: 0x21E0 of length 36
--- Found segment that must be added. Length: 4 , address: 0x2204
--- Found segment that will be moved from address: 0x1B1C to address: 0x2208 of length 608
--- Found segment that must be added. Length: 16 , address: 0x2468
--- Found a word to insert to address: 0x2478
--- Found segment that must be added. Length: 24 , address: 0x247C
--- Found segment that will be moved from address: 0x1DA8 to address: 0x2494 of length 24
--- Found segment that must be added. Length: 4 , address: 0x24AC
--- Found segment that will be moved from address: 0x1DC4 to address: 0x24B0 of length 8
--- Found segment that must be added. Length: 8 , address: 0x24B8
--- Found segment that will be moved from address: 0x1DD4 to address: 0x24C0 of length 76
--- Found segment that must be added. Length: 4 , address: 0x250C
--- Found segment that will be moved from address: 0x1E24 to address: 0x2510 of length 20
--- Found segment that must be added. Length: 16 , address: 0x2524
--- Found segment that will be moved from address: 0x1E48 to address: 0x2534 of length 344
--- Found segment that must be added. Length: 4 , address: 0x268C
--- Found segment that will be moved from address: 0x1FA4 to address: 0x2690 of length 8
--- Found segment that must be added. Length: 4 , address: 0x2698
--- Found a word to insert to address: 0x269C
--- Found segment that must be added. Length: 4 , address: 0x26A0
--- Found a word to insert to address: 0x26A4
--- Found segment that must be added. Length: 4 , address: 0x26A8
--- Found segment that will be moved from address: 0x1FC0 to address: 0x26AC of length 720
--- Found segment that must be added. Length: 12 , address: 0x297C
--- Found segment that will be moved from address: 0x229C to address: 0x2988 of length 32
--- Found segment that must be added. Length: 8 , address: 0x29A8
--- Found segment that will be moved from address: 0x22C4 to address: 0x29B0 of length 60
--- Found segment that must be added. Length: 16 , address: 0x29EC
--- Found segment that will be moved from address: 0x2310 to address: 0x29FC of length 12
--- Found segment that must be added. Length: 4 , address: 0x2A08
--- Found segment that will be moved from address: 0x2320 to address: 0x2A0C of length 56
--- Found segment that must be added. Length: 4 , address: 0x2A44
--- Found segment that will be moved from address: 0x235C to address: 0x2A48 of length 12
--- Found segment that must be added. Length: 4 , address: 0x2A54
--- Found segment that will be moved from address: 0x236C to address: 0x2A58 of length 12
--- Found segment that must be added. Length: 4 , address: 0x2A64
--- Found segment that will be moved from address: 0x237C to address: 0x2A68 of length 12
--- Found segment that must be added. Length: 4 , address: 0x2A74
--- Found segment that will be moved from address: 0x238C to address: 0x2A78 of length 104
--- Found segment that must be added. Length: 8 , address: 0x2AE0
--- Found segment that will be moved from address: 0x23FC to address: 0x2AE8 of length 136
--- Found segment that must be added. Length: 4 , address: 0x2B70
--- Found segment that will be moved from address: 0x2488 to address: 0x2B74 of length 280
--- Found segment that must be added. Length: 12 , address: 0x2C8C
--- Found segment that will be moved from address: 0x25AC to address: 0x2C98 of length 20
--- Found segment that must be added. Length: 4 , address: 0x2CAC
--- Found segment that will be moved from address: 0x25C4 to address: 0x2CB0 of length 32
--- Found segment that must be added. Length: 16 , address: 0x2CD0
--- Found segment that will be moved from address: 0x25F4 to address: 0x2CE0 of length 184
--- Found segment that must be added. Length: 4 , address: 0x2D98
--- Found segment that will be moved from address: 0x26B0 to address: 0x2D9C of length 52
--- Found segment that must be added. Length: 4 , address: 0x2DD0
--- Found a word to insert to address: 0x2DD4
--- Found segment that must be added. Length: 4 , address: 0x2DD8
--- Found segment that will be moved from address: 0x26F0 to address: 0x2DDC of length 108
--- Found segment that must be added. Length: 4 , address: 0x2E48
--- Found a word to insert to address: 0x2E4C
--- Found segment that must be added. Length: 8 , address: 0x2E50
--- Found segment that will be moved from address: 0x276C to address: 0x2E58 of length 228
--- Found segment that must be added. Length: 12 , address: 0x2F3C
--- Found segment that will be moved from address: 0x285C to address: 0x2F48 of length 216
--- Found segment that must be added. Length: 12 , address: 0x3020
--- Found segment that will be moved from address: 0x2940 to address: 0x302C of length 104
--- Found segment that must be added. Length: 12 , address: 0x3094
--- Found segment that will be moved from address: 0x29B4 to address: 0x30A0 of length 8
--- Found segment that must be added. Length: 4 , address: 0x30A8
--- Found segment that will be moved from address: 0x29C0 to address: 0x30AC of length 52
--- Found segment that must be added. Length: 4 , address: 0x30E0
--- Found segment that will be moved from address: 0x29F8 to address: 0x30E4 of length 20
--- Found segment that must be added. Length: 4 , address: 0x30F8
--- Found segment that will be moved from address: 0x2A10 to address: 0x30FC of length 12
--- Found segment that must be added. Length: 4 , address: 0x3108
--- Found segment that will be moved from address: 0x2A20 to address: 0x310C of length 40
--- Found segment that must be added. Length: 4 , address: 0x3134
--- Found segment that will be moved from address: 0x2A4C to address: 0x3138 of length 312
--- Found segment that must be added. Length: 4 , address: 0x3270
--- Found segment that will be moved from address: 0x2B88 to address: 0x3274 of length 188
--- Found segment that must be added. Length: 12 , address: 0x3330
--- Found segment that will be moved from address: 0x2C50 to address: 0x333C of length 228
--- Found segment that must be added. Length: 12 , address: 0x3420
--- Found segment that will be moved from address: 0x2D40 to address: 0x342C of length 36
--- Found segment that must be added. Length: 8 , address: 0x3450
--- Found segment that will be moved from address: 0x2D6C to address: 0x3458 of length 136
--- Found segment that must be added. Length: 4 , address: 0x34E0
--- Found segment that will be moved from address: 0x2DF8 to address: 0x34E4 of length 28
--- Found segment that must be added. Length: 4 , address: 0x3500
--- Found segment that will be moved from address: 0x2E18 to address: 0x3504 of length 12
--- Found segment that must be added. Length: 4 , address: 0x3510
--- Found segment that will be moved from address: 0x2E28 to address: 0x3514 of length 12
--- Found segment that must be added. Length: 4 , address: 0x3520
--- Found segment that will be moved from address: 0x2E38 to address: 0x3524 of length 676
--- Found segment that must be added. Length: 24 , address: 0x37C8
--- Found a word to insert to address: 0x37E0
--- Found segment that must be added. Length: 4 , address: 0x37E4
--- Found segment that will be moved from address: 0x30FC to address: 0x37E8 of length 292
--- Found segment that must be added. Length: 20 , address: 0x390C
--- Found segment that will be moved from address: 0x3234 to address: 0x3920 of length 784
--- Found segment that must be added. Length: 8 , address: 0x3C30
--- Found segment that will be moved from address: 0x354C to address: 0x3C38 of length 40
--- Found segment that must be added. Length: 8 , address: 0x3C60
--- Found a word to insert to address: 0x3C68
--- Found segment that must be added. Length: 48 , address: 0x3C6C
--- Found a word to insert to address: 0x3C9C
--- Found segment that must be added. Length: 24 , address: 0x3CA0
--- Found a word to insert to address: 0x3CB8
--- Found segment that must be added. Length: 208 , address: 0x3CBC
--- Found a word to insert to address: 0x3D8C
--- Found a word to insert to address: 0x3D90
--- Found segment that must be added. Length: 20 , address: 0x3D94
--- Found a word to insert to address: 0x3DA8
--- Found segment that must be added. Length: 28 , address: 0x3DAC
--- Found a word to insert to address: 0x3DC8
--- Found segment that must be added. Length: 28 , address: 0x3DCC
--- Found a word to insert to address: 0x3DE8
--- Found segment that must be added. Length: 20 , address: 0x3DEC
--- Found segment that will be moved from address: 0x3660 to address: 0x3E00 of length 268
--- Found segment that must be added. Length: 52 , address: 0x3F0C
--- Found segment that will be moved from address: 0x37A0 to address: 0x3F40 of length 912
--- Found a word to insert to address: 0x42D0
--- Found segment that must be added. Length: 16 , address: 0x42D4
--- Found a word to insert to address: 0x42E4
--- Found a word to insert to address: 0x42E8
--- Found segment that must be added. Length: 16 , address: 0x42EC
--- Found a word to insert to address: 0x42FC
--- Found a word to insert to address: 0x4300
--- Found segment that must be added. Length: 16 , address: 0x4304
--- Found a word to insert to address: 0x4314
--- Found segment that will be moved from address: 0x3B30 to address: 0x4318 of length 1020
--- Found segment that must be added. Length: 72 , address: 0x4714
--- Found segment that will be moved from address: 0x3F74 to address: 0x475C of length 628
--- Found segment that must be added. Length: 4 , address: 0x49D0
--- Found a word to insert to address: 0x49D4
--- Found segment that must be added. Length: 4 , address: 0x49D8
--- Found segment that will be moved from address: 0x41F4 to address: 0x49DC of length 24
--- Found segment that must be added. Length: 12 , address: 0x49F4
--- Found segment that will be moved from address: 0x4218 to address: 0x4A00 of length 84

--- OPTIMIZING...

---- Optimized 2 ADD/INSERT operations by merging...
---- Optimized 2 ADD/INSERT operations by merging...
---- Optimized COPY and ADD operations to preceding ADD...
---- Optimized 2 ADD/INSERT operations by merging...
---- Optimized 2 ADD/INSERT operations by merging...
---- Optimized 2 ADD/INSERT operations by merging...
---- Optimized 2 ADD/INSERT operations by merging...
---- Optimized 2 ADD/INSERT operations by merging...
---- Optimized 2 ADD/INSERT operations by merging...
---- Optimized 2 ADD/INSERT operations by merging...
---- Optimized 2 ADD/INSERT operations by merging...
---- Optimized 2 ADD/INSERT operations by merging...
---- Optimized 2 ADD/INSERT operations by merging...
---- Optimized 2 ADD/INSERT operations by merging...
---- Optimized 2 ADD/INSERT operations by merging...
---- Optimized 2 ADD/INSERT operations by merging...
---- Optimized 2 ADD/INSERT operations by merging...
---- Optimized 2 ADD/INSERT operations by merging...
---- Optimized 2 ADD/INSERT operations by merging...
---- Optimized 2 ADD/INSERT operations by merging...
---- Optimized 2 ADD/INSERT operations by merging...
---- Optimized 2 ADD/INSERT operations by merging...
---- Optimized 2 ADD/INSERT operations by merging...
---- Optimized 2 ADD/INSERT operations by merging...
---- Optimized 2 ADD/INSERT operations by merging...
---- Optimized COPY and ADD operations to preceding ADD...
---- Optimized COPY and ADD operations to preceding ADD...
---- Optimized 2 ADD/INSERT operations by merging...
---- Optimized 2 ADD/INSERT operations by merging...
---- Optimized 2 ADD/INSERT operations by merging...
---- Optimized 2 ADD/INSERT operations by merging...
---- Optimized COPY and ADD operations to preceding ADD...
---- Optimized 2 ADD/INSERT operations by merging...
---- Optimized 2 ADD/INSERT operations by merging...
---- Optimized COPY and ADD operations to preceding ADD...
---- Optimized 2 ADD/INSERT operations by merging...
---- Optimized 2 ADD/INSERT operations by merging...
---- Optimized 2 ADD/INSERT operations by merging...
---- Optimized 2 ADD/INSERT operations by merging...
---- Optimized 2 ADD/INSERT operations by merging...
---- Optimized 2 ADD/INSERT operations by merging...
---- Optimized 2 ADD/INSERT operations by merging...
---- Optimized 2 ADD/INSERT operations by merging...
---- Optimized 2 ADD/INSERT operations by merging...
---- Optimized 2 ADD/INSERT operations by merging...
---- Optimized 2 ADD/INSERT operations by merging...
---- Optimized 2 ADD/INSERT operations by merging...
---- Optimized 2 ADD/INSERT operations by merging...
---- Optimized 2 ADD/INSERT operations by merging...
---- Optimized COPY and ADD operations to preceding ADD...
---- Optimized COPY and ADD operations to preceding ADD...
---- Optimized COPY and ADD operations to preceding ADD...
---- Optimized 2 ADD/INSERT operations by merging...
---- Optimized 2 ADD/INSERT operations by merging...
---- Optimized COPY and ADD operations to preceding ADD...
---- Optimized COPY and ADD operations to preceding ADD...
---- Optimized COPY and ADD operations to preceding ADD...
---- Optimized 2 ADD/INSERT operations by merging...
---- Optimized COPY and ADD operations to preceding ADD...
---- Optimized COPY and ADD operations to preceding ADD...
---- Optimized 2 ADD/INSERT operations by merging...
---- Optimized 2 ADD/INSERT operations by merging...
---- Optimized 2 ADD/INSERT operations by merging...
---- Optimized 2 ADD/INSERT operations by merging...
---- Optimized 2 ADD/INSERT operations by merging...
---- Optimized 2 ADD/INSERT operations by merging...
---- Optimized 2 ADD/INSERT operations by merging...
---- Optimized 2 ADD/INSERT operations by merging...
---- Optimized 2 ADD/INSERT operations by merging...
---- Optimized 2 ADD/INSERT operations by merging...
---- Optimized 2 ADD/INSERT operations by merging...
---- Optimized 2 ADD/INSERT operations by merging...
---- Optimized 2 ADD/INSERT operations by merging...
---- Optimized 2 ADD/INSERT operations by merging...
---- Optimized 2 ADD/INSERT operations by merging...
---- Optimized 2 ADD/INSERT operations by merging...
---- Optimized 2 ADD/INSERT operations by merging...
---- Optimized 2 ADD/INSERT operations by merging...
---- Optimized 2 ADD/INSERT operations by merging...
---- Optimized 2 ADD/INSERT operations by merging...
---- Optimized 2 ADD/INSERT operations by merging...
---- Optimized 2 ADD/INSERT operations by merging...
---- Optimized 2 ADD/INSERT operations by merging...
---- Optimized 2 ADD/INSERT operations by merging...
---- Optimized 2 ADD/INSERT operations by merging...
---- Optimized 2 ADD/INSERT operations by merging...
---- Optimized 2 ADD/INSERT operations by merging...
---- Optimized 2 ADD/INSERT operations by merging...
---- Optimized 2 ADD/INSERT operations by merging...
---- Optimized 2 ADD/INSERT operations by merging...
---- Optimized 2 ADD/INSERT operations by merging...
---- Optimized 2 ADD/INSERT operations by merging...
---- Optimized 2 ADD/INSERT operations by merging...
---- Optimized 2 ADD/INSERT operations by merging...
---- Optimized 2 ADD/INSERT operations by merging...
---- Optimized COPY and ADD operations to preceding ADD...
---- Optimized 2 ADD/INSERT operations by merging...
---- Optimized 2 ADD/INSERT operations by merging...
---- Optimized 2 ADD/INSERT operations by merging...
---- Optimized 2 ADD/INSERT operations by merging...
---- Optimized 2 ADD/INSERT operations by merging...
---- Optimized 2 ADD/INSERT operations by merging...
---- Optimized 2 ADD/INSERT operations by merging...
---- Optimized 2 ADD/INSERT operations by merging...
---- Optimized 2 ADD/INSERT operations by merging...
---- Optimized 2 ADD/INSERT operations by merging...
---- Optimized 2 ADD/INSERT operations by merging...
---- Optimized 2 ADD/INSERT operations by merging...
---- Optimized 2 ADD/INSERT operations by merging...
---- Optimized 2 ADD/INSERT operations by merging...
---- Optimized 2 ADD/INSERT operations by merging...
---- Optimized COPY and ADD operations to preceding ADD...
---- Optimized COPY and ADD operations to preceding ADD...
---- Optimized 2 ADD/INSERT operations by merging...
---- Optimized 2 ADD/INSERT operations by merging...
---- Optimized COPY and ADD operations to preceding ADD...
---- Optimized 2 ADD/INSERT operations by merging...
---- Optimized 2 ADD/INSERT operations by merging...
---- Optimized 2 ADD/INSERT operations by merging...
---- Optimized 2 ADD/INSERT operations by merging...
---- Optimized 2 ADD/INSERT operations by merging...
---- Optimized 2 ADD/INSERT operations by merging...
---- Optimized COPY and ADD operations to preceding ADD...
---- Optimized 2 ADD/INSERT operations by merging...
---- Optimized 2 ADD/INSERT operations by merging...
---- Optimized COPY and ADD operations to preceding ADD...
---- Optimized COPY and ADD operations to preceding ADD...
---- Optimized COPY and ADD operations to preceding ADD...
---- Optimized COPY and ADD operations to preceding ADD...
---- Optimized 2 ADD/INSERT operations by merging...
---- Optimized 2 ADD/INSERT operations by merging...
---- Optimized COPY and ADD operations to preceding ADD...
---- Optimized 2 ADD/INSERT operations by merging...
---- Optimized 2 ADD/INSERT operations by merging...
---- Optimized COPY and ADD operations to preceding ADD...
---- Optimized 2 ADD/INSERT operations by merging...
---- Optimized 2 ADD/INSERT operations by merging...
---- Optimized 2 ADD/INSERT operations by merging...
---- Optimized 2 ADD/INSERT operations by merging...
---- Optimized 2 ADD/INSERT operations by merging...
---- Optimized 2 ADD/INSERT operations by merging...
---- Optimized 2 ADD/INSERT operations by merging...
---- Optimized 2 ADD/INSERT operations by merging...
---- Optimized 2 ADD/INSERT operations by merging...
---- Optimized 2 ADD/INSERT operations by merging...
---- Optimized 2 ADD/INSERT operations by merging...
---- Optimized 2 ADD/INSERT operations by merging...
---- Optimized 2 ADD/INSERT operations by merging...
---- Optimized 2 ADD/INSERT operations by merging...
---- Optimized 2 ADD/INSERT operations by merging...
---- Optimized 2 ADD/INSERT operations by merging...
---- Optimized 2 ADD/INSERT operations by merging...
---- Optimized 2 ADD/INSERT operations by merging...
---- Optimized COPY and ADD operations to preceding ADD...
---- Optimized 2 ADD/INSERT operations by merging...
---- Optimized 2 ADD/INSERT operations by merging...
---- Optimized COPY and ADD operations to preceding ADD...
---- Optimized 2 ADD/INSERT operations by merging...
---- Optimized 2 ADD/INSERT operations by merging...
---- Optimized 2 ADD/INSERT operations by merging...
---- Optimized 2 ADD/INSERT operations by merging...
---- Optimized 2 ADD/INSERT operations by merging...
---- Optimized 2 ADD/INSERT operations by merging...
---- Optimized COPY and ADD operations to preceding ADD...
---- Optimized 2 ADD/INSERT operations by merging...
---- Optimized 2 ADD/INSERT operations by merging...
---- Optimized 2 ADD/INSERT operations by merging...
---- Optimized 2 ADD/INSERT operations by merging...
---- Optimized 2 ADD/INSERT operations by merging...
---- Optimized 2 ADD/INSERT operations by merging...
---- Optimized 2 ADD/INSERT operations by merging...
---- Optimized 2 ADD/INSERT operations by merging...
---- Optimized 2 ADD/INSERT operations by merging...
---- Optimized 2 ADD/INSERT operations by merging...
---- Optimized 2 ADD/INSERT operations by merging...
---- Optimized 2 ADD/INSERT operations by merging...
---- Optimized 2 ADD/INSERT operations by merging...
---- Optimized 2 ADD/INSERT operations by merging...
---- Optimized COPY and ADD operations to preceding ADD...
---- Optimized 2 ADD/INSERT operations by merging...
---- Optimized 2 ADD/INSERT operations by merging...
---- Optimized 2 ADD/INSERT operations by merging...
---- Optimized 2 ADD/INSERT operations by merging...
---- Optimized 2 ADD/INSERT operations by merging...
---- Optimized 2 ADD/INSERT operations by merging...
---- Optimized 2 ADD/INSERT operations by merging...
---- Optimized COPY and ADD operations to preceding ADD...
---- Optimized 2 ADD/INSERT operations by merging...
---- Optimized 2 ADD/INSERT operations by merging...
---- Optimized 2 ADD/INSERT operations by merging...
---- Optimized 2 ADD/INSERT operations by merging...
---- Optimized 2 ADD/INSERT operations by merging...
---- Optimized 2 ADD/INSERT operations by merging...
---- Optimized 2 ADD/INSERT operations by merging...
---- Optimized 2 ADD/INSERT operations by merging...
---- Optimized 2 ADD/INSERT operations by merging...
---- Optimized COPY and ADD operations to preceding ADD...
---- Optimized 2 ADD/INSERT operations by merging...
---- Optimized 2 ADD/INSERT operations by merging...
---- Optimized 2 ADD/INSERT operations by merging...
---- Optimized 2 ADD/INSERT operations by merging...
---- Optimized COPY and ADD operations to preceding ADD...
---- Optimized COPY and ADD operations to preceding ADD...
---- Optimized 2 ADD/INSERT operations by merging...
---- Optimized 2 ADD/INSERT operations by merging...
---- Optimized 2 ADD/INSERT operations by merging...
---- Optimized 2 ADD/INSERT operations by merging...
---- Optimized COPY and ADD operations to preceding ADD...
---- Optimized COPY and ADD operations to preceding ADD...
---- Optimized COPY and ADD operations to preceding ADD...
---- Optimized COPY and ADD operations to preceding ADD...
---- Optimized 2 ADD/INSERT operations by merging...
---- Optimized 2 ADD/INSERT operations by merging...
---- Optimized 2 ADD/INSERT operations by merging...
---- Optimized 2 ADD/INSERT operations by merging...
---- Optimized COPY and ADD operations to preceding ADD...
---- Optimized COPY and ADD operations to preceding ADD...
---- Optimized COPY and ADD operations to preceding ADD...
---- Optimized COPY and ADD operations to preceding ADD...
---- Optimized 2 ADD/INSERT operations by merging...
---- Optimized 2 ADD/INSERT operations by merging...
---- Optimized 2 ADD/INSERT operations by merging...
---- Optimized 2 ADD/INSERT operations by merging...
---- Optimized 2 ADD/INSERT operations by merging...
---- Optimized 2 ADD/INSERT operations by merging...
---- Optimized 2 ADD/INSERT operations by merging...
---- Optimized 2 ADD/INSERT operations by merging...
---- Optimized 2 ADD/INSERT operations by merging...
---- Optimized 2 ADD/INSERT operations by merging...
---- Optimized 2 ADD/INSERT operations by merging...
---- Optimized 2 ADD/INSERT operations by merging...
---- Optimized 2 ADD/INSERT operations by merging...
---- Optimized 2 ADD/INSERT operations by merging...
---- Optimized 2 ADD/INSERT operations by merging...
---- Optimized 2 ADD/INSERT operations by merging...
---- Optimized 2 ADD/INSERT operations by merging...
---- Optimized 2 ADD/INSERT operations by merging...
---- Optimized 2 ADD/INSERT operations by merging...
---- Optimized 2 ADD/INSERT operations by merging...
---- Optimized 2 ADD/INSERT operations by merging...
---- Optimized 2 ADD/INSERT operations by merging...
---- Optimized 2 ADD/INSERT operations by merging...
---- Optimized 2 ADD/INSERT operations by merging...
---- Optimized 2 ADD/INSERT operations by merging...
---- Optimized 2 ADD/INSERT operations by merging...
---- Optimized 2 ADD/INSERT operations by merging...
-- Done...
------------------------------------------

-- Generating file 'data_basis\riotboot\samd20-xpro\deltagen_rev_00_rev_01\deltagen_rev_00_slot0_rev_01_slot0'...
--- Data succesfully generated
--- Generating checksum CRC-16
--- Generated CRC-16
--- Finalizing delta file
--- Writing file 'data_basis\riotboot\samd20-xpro\deltagen_rev_00_rev_01\deltagen_rev_00_slot0_rev_01_slot0'

-- OPERATION SUCCESFULL ...
Elapsed time: 00:00:00.4091165
------------------------------------------

