
There are 6 non-matching segments with total length of 18812
-- Found 6 segments that have changed...
-- Searching for matching segments...
-- Done searching...
------------------------------------------

-- Generating operations...
--- Found segment that must be added. Length: 12 , address: 0x4

--- OPTIMIZING...

--- Found word that must be inserted. Length: 4 , address: 0x2C

--- OPTIMIZING...

--- Found segment that must be added. Length: 120 , address: 0x38

--- OPTIMIZING...

--- Found word that must be inserted. Length: 4 , address: 0xC4

--- OPTIMIZING...

--- Found segment that must be added. Length: 44 , address: 0xCC
--- Found a word to insert to address: 0xF8
--- Found segment that must be added. Length: 4 , address: 0xFC
--- Found segment that will be moved from address: 0x108 to address: 0x100 of length 8
--- Found segment that must be added. Length: 4 , address: 0x108
--- Found a word to insert to address: 0x10C
--- Found segment that must be added. Length: 4 , address: 0x110
--- Found a word to insert to address: 0x114
--- Found segment that must be added. Length: 20 , address: 0x118
--- Found a word to insert to address: 0x12C
--- Found segment that must be added. Length: 4 , address: 0x130
--- Found a word to insert to address: 0x134
--- Found segment that must be added. Length: 4 , address: 0x138
--- Found a word to insert to address: 0x13C
--- Found segment that must be added. Length: 4 , address: 0x140
--- Found a word to insert to address: 0x144
--- Found segment that must be added. Length: 8 , address: 0x148
--- Found a word to insert to address: 0x150
--- Found segment that must be added. Length: 12 , address: 0x154
--- Found segment that will be moved from address: 0x18C to address: 0x160 of length 8
--- Found segment that must be added. Length: 4 , address: 0x168
--- Found a word to insert to address: 0x16C
--- Found segment that must be added. Length: 4 , address: 0x170
--- Found a word to insert to address: 0x174
--- Found segment that must be added. Length: 4 , address: 0x178
--- Found segment that will be moved from address: 0x1A8 to address: 0x17C of length 20
--- Found segment that must be added. Length: 8 , address: 0x190
--- Found a word to insert to address: 0x198
--- Found segment that must be added. Length: 4 , address: 0x19C
--- Found segment that will be moved from address: 0x1CC to address: 0x1A0 of length 8
--- Found segment that must be added. Length: 8 , address: 0x1A8
--- Found segment that will be moved from address: 0x1DC to address: 0x1B0 of length 8
--- Found segment that must be added. Length: 24 , address: 0x1B8
--- Found segment that will be moved from address: 0x1FC to address: 0x1D0 of length 16
--- Found segment that must be added. Length: 8 , address: 0x1E0
--- Found a word to insert to address: 0x1E8
--- Found segment that must be added. Length: 8 , address: 0x1EC
--- Found segment that will be moved from address: 0x220 to address: 0x1F4 of length 8
--- Found segment that must be added. Length: 4 , address: 0x1FC
--- Found segment that will be moved from address: 0x22C to address: 0x200 of length 12
--- Found segment that must be added. Length: 4 , address: 0x20C
--- Found segment that will be moved from address: 0x23C to address: 0x210 of length 24
--- Found segment that must be added. Length: 4 , address: 0x228
--- Found segment that will be moved from address: 0x258 to address: 0x22C of length 8
--- Found segment that must be added. Length: 4 , address: 0x234
--- Found segment that will be moved from address: 0x264 to address: 0x238 of length 40
--- Found segment that must be added. Length: 12 , address: 0x260
--- Found segment that will be moved from address: 0x298 to address: 0x26C of length 36
--- Found segment that must be added. Length: 8 , address: 0x290
--- Found segment that will be moved from address: 0x2C4 to address: 0x298 of length 96
--- Found segment that must be added. Length: 8 , address: 0x2F8
--- Found segment that will be moved from address: 0x32C to address: 0x300 of length 104
--- Found segment that must be added. Length: 4 , address: 0x368
--- Found segment that will be moved from address: 0x398 to address: 0x36C of length 12
--- Found segment that must be added. Length: 12 , address: 0x378
--- Found a word to insert to address: 0x384
--- Found segment that must be added. Length: 4 , address: 0x388
--- Found segment that will be moved from address: 0x3B8 to address: 0x38C of length 8
--- Found segment that must be added. Length: 4 , address: 0x394
--- Found a word to insert to address: 0x398
--- Found segment that must be added. Length: 16 , address: 0x39C
--- Found segment that will be moved from address: 0x3D8 to address: 0x3AC of length 108
--- Found segment that must be added. Length: 4 , address: 0x418
--- Found a word to insert to address: 0x41C
--- Found segment that must be added. Length: 12 , address: 0x420
--- Found a word to insert to address: 0x42C
--- Found segment that must be added. Length: 4 , address: 0x430
--- Found segment that will be moved from address: 0x460 to address: 0x434 of length 116
--- Found segment that must be added. Length: 4 , address: 0x4A8
--- Found a word to insert to address: 0x4AC
--- Found segment that will be moved from address: 0x4DC to address: 0x4B0 of length 48
--- Found segment that must be added. Length: 8 , address: 0x4E0
--- Found segment that will be moved from address: 0x514 to address: 0x4E8 of length 52
--- Found segment that must be added. Length: 16 , address: 0x51C
--- Found segment that will be moved from address: 0x558 to address: 0x52C of length 28
--- Found segment that must be added. Length: 4 , address: 0x548
--- Found segment that will be moved from address: 0x578 to address: 0x54C of length 48
--- Found segment that must be added. Length: 4 , address: 0x57C
--- Found segment that will be moved from address: 0x5AC to address: 0x580 of length 240
--- Found segment that must be added. Length: 8 , address: 0x670
--- Found segment that will be moved from address: 0x6A4 to address: 0x678 of length 24
--- Found segment that must be added. Length: 8 , address: 0x690
--- Found segment that will be moved from address: 0x6C4 to address: 0x698 of length 140
--- Found segment that must be added. Length: 4 , address: 0x724
--- Found a word to insert to address: 0x728
--- Found segment that must be added. Length: 4 , address: 0x72C
--- Found segment that will be moved from address: 0x75C to address: 0x730 of length 168
--- Found segment that must be added. Length: 4 , address: 0x7D8
--- Found segment that will be moved from address: 0x808 to address: 0x7DC of length 160
--- Found segment that must be added. Length: 4 , address: 0x87C
--- Found segment that will be moved from address: 0x8AC to address: 0x880 of length 20
--- Found segment that must be added. Length: 4 , address: 0x894
--- Found segment that will be moved from address: 0x8C4 to address: 0x898 of length 100
--- Found segment that must be added. Length: 4 , address: 0x8FC
--- Found segment that will be moved from address: 0x92C to address: 0x900 of length 12
--- Found segment that must be added. Length: 4 , address: 0x90C
--- Found segment that will be moved from address: 0x93C to address: 0x910 of length 48
--- Found segment that must be added. Length: 4 , address: 0x940
--- Found segment that will be moved from address: 0x970 to address: 0x944 of length 32
--- Found segment that must be added. Length: 4 , address: 0x964
--- Found segment that will be moved from address: 0x994 to address: 0x968 of length 8
--- Found segment that must be added. Length: 4 , address: 0x970
--- Found segment that will be moved from address: 0x9A0 to address: 0x974 of length 24
--- Found segment that must be added. Length: 4 , address: 0x98C
--- Found segment that will be moved from address: 0x9BC to address: 0x990 of length 12
--- Found segment that must be added. Length: 4 , address: 0x99C
--- Found a word to insert to address: 0x9A0
--- Found segment that must be added. Length: 4 , address: 0x9A4
--- Found a word to insert to address: 0x9A8
--- Found segment that must be added. Length: 4 , address: 0x9AC
--- Found segment that will be moved from address: 0x9DC to address: 0x9B0 of length 28
--- Found segment that must be added. Length: 4 , address: 0x9CC
--- Found a word to insert to address: 0x9D0
--- Found segment that must be added. Length: 4 , address: 0x9D4
--- Found a word to insert to address: 0x9D8
--- Found segment that must be added. Length: 4 , address: 0x9DC
--- Found segment that will be moved from address: 0xA0C to address: 0x9E0 of length 16
--- Found segment that must be added. Length: 4 , address: 0x9F0
--- Found segment that will be moved from address: 0xA20 to address: 0x9F4 of length 88
--- Found segment that must be added. Length: 4 , address: 0xA4C
--- Found segment that will be moved from address: 0xA7C to address: 0xA50 of length 12
--- Found segment that must be added. Length: 4 , address: 0xA5C
--- Found segment that will be moved from address: 0xA8C to address: 0xA60 of length 12
--- Found segment that must be added. Length: 4 , address: 0xA6C
--- Found segment that will be moved from address: 0xA9C to address: 0xA70 of length 8
--- Found segment that must be added. Length: 4 , address: 0xA78
--- Found segment that will be moved from address: 0xAA8 to address: 0xA7C of length 12
--- Found segment that must be added. Length: 28 , address: 0xA88
--- Found a word to insert to address: 0xAA4
--- Found a word to insert to address: 0xAA8
--- Found segment that must be added. Length: 24 , address: 0xAAC
--- Found segment that will be moved from address: 0xAF0 to address: 0xAC4 of length 20
--- Found segment that must be added. Length: 4 , address: 0xAD8
--- Found segment that will be moved from address: 0xB08 to address: 0xADC of length 220
--- Found segment that must be added. Length: 8 , address: 0xBB8
--- Found segment that will be moved from address: 0xBEC to address: 0xBC0 of length 600
--- Found segment that must be added. Length: 4 , address: 0xE18
--- Found a word to insert to address: 0xE1C
--- Found segment that must be added. Length: 4 , address: 0xE20
--- Found segment that will be moved from address: 0xE50 to address: 0xE24 of length 28
--- Found segment that must be added. Length: 4 , address: 0xE40
--- Found segment that will be moved from address: 0xE70 to address: 0xE44 of length 16
--- Found segment that must be added. Length: 16 , address: 0xE54
--- Found a word to insert to address: 0xE64
--- Found segment that must be added. Length: 32 , address: 0xE68
--- Found a word to insert to address: 0xE88
--- Found segment that must be added. Length: 8 , address: 0xE8C
--- Found a word to insert to address: 0xE94
--- Found segment that must be added. Length: 20 , address: 0xE98
--- Found a word to insert to address: 0xEAC
--- Found segment that must be added. Length: 48 , address: 0xEB0
--- Found a word to insert to address: 0xEE0
--- Found segment that must be added. Length: 84 , address: 0xEE4
--- Found a word to insert to address: 0xF38
--- Found a word to insert to address: 0xF3C
--- Found segment that must be added. Length: 4 , address: 0xF40
--- Found a word to insert to address: 0xF44
--- Found segment that must be added. Length: 20 , address: 0xF48
--- Found a word to insert to address: 0xF5C
--- Found segment that must be added. Length: 72 , address: 0xF60
--- Found segment that will be moved from address: 0x1034 to address: 0xFA8 of length 8
--- Found segment that must be added. Length: 12 , address: 0xFB0
--- Found a word to insert to address: 0xFBC
--- Found segment that must be added. Length: 12 , address: 0xFC0
--- Found a word to insert to address: 0xFCC
--- Found segment that must be added. Length: 16 , address: 0xFD0
--- Found a word to insert to address: 0xFE0
--- Found segment that must be added. Length: 16 , address: 0xFE4
--- Found a word to insert to address: 0xFF4
--- Found segment that must be added. Length: 24 , address: 0xFF8
--- Found segment that will be moved from address: 0x1128 to address: 0x1010 of length 124
--- Found segment that must be added. Length: 4 , address: 0x108C
--- Found segment that will be moved from address: 0x11A8 to address: 0x1090 of length 64
--- Found segment that must be added. Length: 4 , address: 0x10D0
--- Found segment that will be moved from address: 0x11EC to address: 0x10D4 of length 288
--- Found segment that must be added. Length: 4 , address: 0x11F4
--- Found segment that will be moved from address: 0x1310 to address: 0x11F8 of length 32
--- Found segment that must be added. Length: 4 , address: 0x1218
--- Found segment that will be moved from address: 0x1334 to address: 0x121C of length 120
--- Found segment that must be added. Length: 8 , address: 0x1294
--- Found segment that will be moved from address: 0x13B4 to address: 0x129C of length 20
--- Found segment that must be added. Length: 4 , address: 0x12B0
--- Found segment that will be moved from address: 0x13CC to address: 0x12B4 of length 12
--- Found segment that must be added. Length: 8 , address: 0x12C0
--- Found segment that will be moved from address: 0x13E0 to address: 0x12C8 of length 20
--- Found segment that must be added. Length: 4 , address: 0x12DC
--- Found segment that will be moved from address: 0x13F8 to address: 0x12E0 of length 56
--- Found segment that must be added. Length: 8 , address: 0x1318
--- Found a word to insert to address: 0x1320
--- Found segment that must be added. Length: 4 , address: 0x1324
--- Found segment that will be moved from address: 0x1440 to address: 0x1328 of length 40
--- Found segment that must be added. Length: 4 , address: 0x1350
--- Found segment that will be moved from address: 0x146C to address: 0x1354 of length 24
--- Found segment that must be added. Length: 4 , address: 0x136C
--- Found segment that will be moved from address: 0x1488 to address: 0x1370 of length 84
--- Found segment that must be added. Length: 48 , address: 0x13C4
--- Found segment that will be moved from address: 0x150C to address: 0x13F4 of length 36
--- Found segment that must be added. Length: 4 , address: 0x1418
--- Found segment that will be moved from address: 0x1534 to address: 0x141C of length 84
--- Found segment that must be added. Length: 4 , address: 0x1470
--- Found segment that will be moved from address: 0x158C to address: 0x1474 of length 72
--- Found segment that must be added. Length: 4 , address: 0x14BC
--- Found segment that will be moved from address: 0x15D8 to address: 0x14C0 of length 20
--- Found segment that must be added. Length: 4 , address: 0x14D4
--- Found segment that will be moved from address: 0x15F0 to address: 0x14D8 of length 12
--- Found segment that must be added. Length: 8 , address: 0x14E4
--- Found segment that will be moved from address: 0x1604 to address: 0x14EC of length 16
--- Found segment that must be added. Length: 4 , address: 0x14FC
--- Found segment that will be moved from address: 0x1618 to address: 0x1500 of length 40
--- Found segment that must be added. Length: 4 , address: 0x1528
--- Found segment that will be moved from address: 0x1644 to address: 0x152C of length 132
--- Found segment that must be added. Length: 4 , address: 0x15B0
--- Found segment that will be moved from address: 0x16CC to address: 0x15B4 of length 8
--- Found segment that must be added. Length: 4 , address: 0x15BC
--- Found a word to insert to address: 0x15C0
--- Found segment that must be added. Length: 4 , address: 0x15C4
--- Found segment that will be moved from address: 0x16E0 to address: 0x15C8 of length 28
--- Found segment that must be added. Length: 4 , address: 0x15E4
--- Found segment that will be moved from address: 0x1700 to address: 0x15E8 of length 88
--- Found a word to insert to address: 0x1640
--- Found segment that will be moved from address: 0x175C to address: 0x1644 of length 308
--- Found segment that must be added. Length: 4 , address: 0x1778
--- Found segment that will be moved from address: 0x1894 to address: 0x177C of length 176
--- Found segment that must be added. Length: 4 , address: 0x182C
--- Found segment that will be moved from address: 0x1948 to address: 0x1830 of length 8
--- Found segment that must be added. Length: 8 , address: 0x1838
--- Found segment that will be moved from address: 0x1958 to address: 0x1840 of length 48
--- Found segment that must be added. Length: 4 , address: 0x1870
--- Found segment that will be moved from address: 0x198C to address: 0x1874 of length 44
--- Found segment that must be added. Length: 4 , address: 0x18A0
--- Found segment that will be moved from address: 0x19BC to address: 0x18A4 of length 96
--- Found segment that must be added. Length: 4 , address: 0x1904
--- Found a word to insert to address: 0x1908
--- Found segment that must be added. Length: 8 , address: 0x190C
--- Found segment that will be moved from address: 0x1A2C to address: 0x1914 of length 12
--- Found segment that must be added. Length: 4 , address: 0x1920
--- Found segment that will be moved from address: 0x1A3C to address: 0x1924 of length 76
--- Found segment that must be added. Length: 4 , address: 0x1970
--- Found segment that will be moved from address: 0x1A8C to address: 0x1974 of length 48
--- Found segment that must be added. Length: 12 , address: 0x19A4
--- Found segment that will be moved from address: 0x1AC8 to address: 0x19B0 of length 28
--- Found segment that must be added. Length: 4 , address: 0x19CC
--- Found segment that will be moved from address: 0x1AE8 to address: 0x19D0 of length 24
--- Found segment that must be added. Length: 4 , address: 0x19E8
--- Found segment that will be moved from address: 0x1B04 to address: 0x19EC of length 104
--- Found segment that must be added. Length: 8 , address: 0x1A54
--- Found segment that will be moved from address: 0x1B74 to address: 0x1A5C of length 44
--- Found segment that must be added. Length: 4 , address: 0x1A88
--- Found a word to insert to address: 0x1A8C
--- Found segment that must be added. Length: 8 , address: 0x1A90
--- Found segment that will be moved from address: 0x1BB0 to address: 0x1A98 of length 24
--- Found segment that must be added. Length: 4 , address: 0x1AB0
--- Found segment that will be moved from address: 0x1BCC to address: 0x1AB4 of length 72
--- Found segment that must be added. Length: 8 , address: 0x1AFC
--- Found segment that will be moved from address: 0x1C1C to address: 0x1B04 of length 68
--- Found segment that must be added. Length: 12 , address: 0x1B48
--- Found segment that will be moved from address: 0x1C6C to address: 0x1B54 of length 76
--- Found segment that must be added. Length: 4 , address: 0x1BA0
--- Found segment that will be moved from address: 0x1958 to address: 0x1BA4 of length 48
--- Found segment that must be added. Length: 4 , address: 0x1BD4
--- Found segment that will be moved from address: 0x198C to address: 0x1BD8 of length 44
--- Found segment that must be added. Length: 4 , address: 0x1C04
--- Found segment that will be moved from address: 0x1D20 to address: 0x1C08 of length 88
--- Found segment that must be added. Length: 4 , address: 0x1C60
--- Found segment that will be moved from address: 0x1D7C to address: 0x1C64 of length 84
--- Found segment that must be added. Length: 4 , address: 0x1CB8
--- Found segment that will be moved from address: 0x1DD4 to address: 0x1CBC of length 172
--- Found segment that must be added. Length: 4 , address: 0x1D68
--- Found segment that will be moved from address: 0x1E84 to address: 0x1D6C of length 12
--- Found segment that must be added. Length: 4 , address: 0x1D78
--- Found segment that will be moved from address: 0x1E94 to address: 0x1D7C of length 52
--- Found segment that must be added. Length: 4 , address: 0x1DB0
--- Found segment that will be moved from address: 0x1ECC to address: 0x1DB4 of length 32
--- Found segment that must be added. Length: 4 , address: 0x1DD4
--- Found segment that will be moved from address: 0x1EF0 to address: 0x1DD8 of length 44
--- Found segment that must be added. Length: 24 , address: 0x1E04
--- Found segment that will be moved from address: 0x1F34 to address: 0x1E1C of length 28
--- Found segment that must be added. Length: 4 , address: 0x1E38
--- Found segment that will be moved from address: 0x1F54 to address: 0x1E3C of length 324
--- Found segment that must be added. Length: 24 , address: 0x1F80
--- Found a word to insert to address: 0x1F98
--- Found segment that must be added. Length: 36 , address: 0x1F9C
--- Found segment that will be moved from address: 0x20D8 to address: 0x1FC0 of length 56
--- Found segment that must be added. Length: 8 , address: 0x1FF8
--- Found segment that will be moved from address: 0x2118 to address: 0x2000 of length 20
--- Found segment that must be added. Length: 4 , address: 0x2014
--- Found a word to insert to address: 0x2018
--- Found segment that must be added. Length: 4 , address: 0x201C
--- Found segment that will be moved from address: 0x2138 to address: 0x2020 of length 16
--- Found segment that must be added. Length: 4 , address: 0x2030
--- Found segment that will be moved from address: 0x214C to address: 0x2034 of length 56
--- Found segment that must be added. Length: 4 , address: 0x206C
--- Found segment that will be moved from address: 0x2188 to address: 0x2070 of length 36
--- Found segment that must be added. Length: 4 , address: 0x2094
--- Found segment that will be moved from address: 0x21B0 to address: 0x2098 of length 608
--- Found segment that must be added. Length: 12 , address: 0x22F8
--- Found a word to insert to address: 0x2304
--- Found a word to insert to address: 0x2308
--- Found a word to insert to address: 0x230C
--- Found segment that must be added. Length: 20 , address: 0x2310
--- Found segment that will be moved from address: 0x243C to address: 0x2324 of length 24
--- Found segment that must be added. Length: 4 , address: 0x233C
--- Found segment that will be moved from address: 0x2458 to address: 0x2340 of length 12
--- Found segment that must be added. Length: 4 , address: 0x234C
--- Found segment that will be moved from address: 0x2468 to address: 0x2350 of length 100
--- Found segment that must be added. Length: 16 , address: 0x23B4
--- Found segment that will be moved from address: 0x24DC to address: 0x23C4 of length 344
--- Found segment that must be added. Length: 4 , address: 0x251C
--- Found segment that will be moved from address: 0x2638 to address: 0x2520 of length 8
--- Found segment that must be added. Length: 4 , address: 0x2528
--- Found a word to insert to address: 0x252C
--- Found segment that must be added. Length: 4 , address: 0x2530
--- Found a word to insert to address: 0x2534
--- Found segment that must be added. Length: 4 , address: 0x2538
--- Found segment that will be moved from address: 0x2654 to address: 0x253C of length 660
--- Found segment that must be added. Length: 12 , address: 0x27D0
--- Found segment that will be moved from address: 0x28F4 to address: 0x27DC of length 32
--- Found segment that must be added. Length: 8 , address: 0x27FC
--- Found segment that will be moved from address: 0x291C to address: 0x2804 of length 60
--- Found segment that must be added. Length: 16 , address: 0x2840
--- Found segment that will be moved from address: 0x2968 to address: 0x2850 of length 12
--- Found segment that must be added. Length: 4 , address: 0x285C
--- Found segment that will be moved from address: 0x2978 to address: 0x2860 of length 56
--- Found segment that must be added. Length: 4 , address: 0x2898
--- Found segment that will be moved from address: 0x29B4 to address: 0x289C of length 12
--- Found segment that must be added. Length: 4 , address: 0x28A8
--- Found segment that will be moved from address: 0x29C4 to address: 0x28AC of length 12
--- Found segment that must be added. Length: 4 , address: 0x28B8
--- Found segment that will be moved from address: 0x29D4 to address: 0x28BC of length 12
--- Found segment that must be added. Length: 4 , address: 0x28C8
--- Found segment that will be moved from address: 0x29E4 to address: 0x28CC of length 104
--- Found segment that must be added. Length: 8 , address: 0x2934
--- Found segment that will be moved from address: 0x2A54 to address: 0x293C of length 136
--- Found segment that must be added. Length: 4 , address: 0x29C4
--- Found segment that will be moved from address: 0x2AE0 to address: 0x29C8 of length 280
--- Found segment that must be added. Length: 12 , address: 0x2AE0
--- Found segment that will be moved from address: 0x2C04 to address: 0x2AEC of length 56
--- Found segment that must be added. Length: 16 , address: 0x2B24
--- Found segment that will be moved from address: 0x2C4C to address: 0x2B34 of length 184
--- Found segment that must be added. Length: 4 , address: 0x2BEC
--- Found segment that will be moved from address: 0x2D08 to address: 0x2BF0 of length 180
--- Found segment that must be added. Length: 8 , address: 0x2CA4
--- Found segment that will be moved from address: 0x2DC4 to address: 0x2CAC of length 228
--- Found segment that must be added. Length: 12 , address: 0x2D90
--- Found segment that will be moved from address: 0x2EB4 to address: 0x2D9C of length 216
--- Found segment that must be added. Length: 12 , address: 0x2E74
--- Found segment that will be moved from address: 0x2F98 to address: 0x2E80 of length 104
--- Found segment that must be added. Length: 12 , address: 0x2EE8
--- Found segment that will be moved from address: 0x300C to address: 0x2EF4 of length 464
--- Found segment that must be added. Length: 4 , address: 0x30C4
--- Found segment that will be moved from address: 0x31E0 to address: 0x30C8 of length 188
--- Found segment that must be added. Length: 12 , address: 0x3184
--- Found segment that will be moved from address: 0x32A8 to address: 0x3190 of length 228
--- Found segment that must be added. Length: 12 , address: 0x3274
--- Found segment that will be moved from address: 0x3398 to address: 0x3280 of length 212
--- Found segment that must be added. Length: 4 , address: 0x3354
--- Found segment that will be moved from address: 0x3470 to address: 0x3358 of length 12
--- Found segment that must be added. Length: 4 , address: 0x3364
--- Found segment that will be moved from address: 0x3480 to address: 0x3368 of length 12
--- Found segment that must be added. Length: 4 , address: 0x3374
--- Found segment that will be moved from address: 0x3490 to address: 0x3378 of length 676
--- Found segment that must be added. Length: 24 , address: 0x361C
--- Found a word to insert to address: 0x3634
--- Found segment that must be added. Length: 4 , address: 0x3638
--- Found segment that will be moved from address: 0x3754 to address: 0x363C of length 292
--- Found segment that must be added. Length: 20 , address: 0x3760
--- Found segment that will be moved from address: 0x388C to address: 0x3774 of length 784
--- Found segment that must be added. Length: 8 , address: 0x3A84
--- Found segment that will be moved from address: 0x3BA4 to address: 0x3A8C of length 76
--- Found segment that must be added. Length: 12 , address: 0x3AD8
--- Found a word to insert to address: 0x3AE4
--- Found segment that must be added. Length: 12 , address: 0x3AE8
--- Found segment that will be moved from address: 0x3C4C to address: 0x3AF4 of length 244
--- Found a word to insert to address: 0x3BE8
--- Found a word to insert to address: 0x3BEC
--- Found segment that must be added. Length: 4 , address: 0x3BF0
--- Found segment that will be moved from address: 0x42B0 to address: 0x3BF4 of length 8
--- Found segment that must be added. Length: 12 , address: 0x3BFC
--- Found a word to insert to address: 0x3C08
--- Found segment that must be added. Length: 20 , address: 0x3C0C
--- Found segment that will be moved from address: 0x3D6C to address: 0x3C20 of length 268
--- Found segment that must be added. Length: 52 , address: 0x3D2C
--- Found segment that will be moved from address: 0x3EAC to address: 0x3D60 of length 2024
--- Found segment that must be added. Length: 72 , address: 0x4548
--- Found segment that will be moved from address: 0x46DC to address: 0x4590 of length 552

--- OPTIMIZING...

---- Optimized 2 ADD/INSERT operations by merging...
---- Optimized 2 ADD/INSERT operations by merging...
---- Optimized COPY and ADD operations to preceding ADD...
---- Optimized 2 ADD/INSERT operations by merging...
---- Optimized 2 ADD/INSERT operations by merging...
---- Optimized 2 ADD/INSERT operations by merging...
---- Optimized 2 ADD/INSERT operations by merging...
---- Optimized 2 ADD/INSERT operations by merging...
---- Optimized 2 ADD/INSERT operations by merging...
---- Optimized 2 ADD/INSERT operations by merging...
---- Optimized 2 ADD/INSERT operations by merging...
---- Optimized 2 ADD/INSERT operations by merging...
---- Optimized 2 ADD/INSERT operations by merging...
---- Optimized 2 ADD/INSERT operations by merging...
---- Optimized 2 ADD/INSERT operations by merging...
---- Optimized 2 ADD/INSERT operations by merging...
---- Optimized 2 ADD/INSERT operations by merging...
---- Optimized COPY and ADD operations to preceding ADD...
---- Optimized 2 ADD/INSERT operations by merging...
---- Optimized 2 ADD/INSERT operations by merging...
---- Optimized 2 ADD/INSERT operations by merging...
---- Optimized 2 ADD/INSERT operations by merging...
---- Optimized 2 ADD/INSERT operations by merging...
---- Optimized 2 ADD/INSERT operations by merging...
---- Optimized COPY and ADD operations to preceding ADD...
---- Optimized COPY and ADD operations to preceding ADD...
---- Optimized 2 ADD/INSERT operations by merging...
---- Optimized 2 ADD/INSERT operations by merging...
---- Optimized COPY and ADD operations to preceding ADD...
---- Optimized COPY and ADD operations to preceding ADD...
---- Optimized COPY and ADD operations to preceding ADD...
---- Optimized COPY and ADD operations to preceding ADD...
---- Optimized 2 ADD/INSERT operations by merging...
---- Optimized 2 ADD/INSERT operations by merging...
---- Optimized COPY and ADD operations to preceding ADD...
---- Optimized 2 ADD/INSERT operations by merging...
---- Optimized 2 ADD/INSERT operations by merging...
---- Optimized 2 ADD/INSERT operations by merging...
---- Optimized 2 ADD/INSERT operations by merging...
---- Optimized 2 ADD/INSERT operations by merging...
---- Optimized 2 ADD/INSERT operations by merging...
---- Optimized 2 ADD/INSERT operations by merging...
---- Optimized 2 ADD/INSERT operations by merging...
---- Optimized 2 ADD/INSERT operations by merging...
---- Optimized COPY and ADD operations to preceding ADD...
---- Optimized COPY and ADD operations to preceding ADD...
---- Optimized COPY and ADD operations to preceding ADD...
---- Optimized 2 ADD/INSERT operations by merging...
---- Optimized 2 ADD/INSERT operations by merging...
---- Optimized 2 ADD/INSERT operations by merging...
---- Optimized 2 ADD/INSERT operations by merging...
---- Optimized 2 ADD/INSERT operations by merging...
---- Optimized 2 ADD/INSERT operations by merging...
---- Optimized 2 ADD/INSERT operations by merging...
---- Optimized 2 ADD/INSERT operations by merging...
---- Optimized COPY and ADD operations to preceding ADD...
---- Optimized COPY and ADD operations to preceding ADD...
---- Optimized COPY and ADD operations to preceding ADD...
---- Optimized COPY and ADD operations to preceding ADD...
---- Optimized 2 ADD/INSERT operations by merging...
---- Optimized 2 ADD/INSERT operations by merging...
---- Optimized 2 ADD/INSERT operations by merging...
---- Optimized 2 ADD/INSERT operations by merging...
---- Optimized 2 ADD/INSERT operations by merging...
---- Optimized 2 ADD/INSERT operations by merging...
---- Optimized 2 ADD/INSERT operations by merging...
---- Optimized 2 ADD/INSERT operations by merging...
---- Optimized 2 ADD/INSERT operations by merging...
---- Optimized 2 ADD/INSERT operations by merging...
---- Optimized 2 ADD/INSERT operations by merging...
---- Optimized 2 ADD/INSERT operations by merging...
---- Optimized 2 ADD/INSERT operations by merging...
---- Optimized 2 ADD/INSERT operations by merging...
---- Optimized 2 ADD/INSERT operations by merging...
---- Optimized 2 ADD/INSERT operations by merging...
---- Optimized 2 ADD/INSERT operations by merging...
---- Optimized 2 ADD/INSERT operations by merging...
---- Optimized 2 ADD/INSERT operations by merging...
---- Optimized 2 ADD/INSERT operations by merging...
---- Optimized 2 ADD/INSERT operations by merging...
---- Optimized 2 ADD/INSERT operations by merging...
---- Optimized COPY and ADD operations to preceding ADD...
---- Optimized 2 ADD/INSERT operations by merging...
---- Optimized 2 ADD/INSERT operations by merging...
---- Optimized 2 ADD/INSERT operations by merging...
---- Optimized 2 ADD/INSERT operations by merging...
---- Optimized 2 ADD/INSERT operations by merging...
---- Optimized 2 ADD/INSERT operations by merging...
---- Optimized 2 ADD/INSERT operations by merging...
---- Optimized 2 ADD/INSERT operations by merging...
---- Optimized COPY and ADD operations to preceding ADD...
---- Optimized 2 ADD/INSERT operations by merging...
---- Optimized 2 ADD/INSERT operations by merging...
---- Optimized COPY and ADD operations to preceding ADD...
---- Optimized COPY and ADD operations to preceding ADD...
---- Optimized 2 ADD/INSERT operations by merging...
---- Optimized 2 ADD/INSERT operations by merging...
---- Optimized COPY and ADD operations to preceding ADD...
---- Optimized 2 ADD/INSERT operations by merging...
---- Optimized 2 ADD/INSERT operations by merging...
---- Optimized COPY and ADD operations to preceding ADD...
---- Optimized 2 ADD/INSERT operations by merging...
---- Optimized 2 ADD/INSERT operations by merging...
---- Optimized COPY and ADD operations to preceding ADD...
---- Optimized 2 ADD/INSERT operations by merging...
---- Optimized 2 ADD/INSERT operations by merging...
---- Optimized 2 ADD/INSERT operations by merging...
---- Optimized 2 ADD/INSERT operations by merging...
---- Optimized 2 ADD/INSERT operations by merging...
---- Optimized 2 ADD/INSERT operations by merging...
---- Optimized 2 ADD/INSERT operations by merging...
---- Optimized 2 ADD/INSERT operations by merging...
---- Optimized COPY and ADD operations to preceding ADD...
---- Optimized COPY and ADD operations to preceding ADD...
---- Optimized 2 ADD/INSERT operations by merging...
---- Optimized 2 ADD/INSERT operations by merging...
---- Optimized 2 ADD/INSERT operations by merging...
---- Optimized 2 ADD/INSERT operations by merging...
---- Optimized COPY and ADD operations to preceding ADD...
---- Optimized COPY and ADD operations to preceding ADD...
---- Optimized COPY and ADD operations to preceding ADD...
---- Optimized COPY and ADD operations to preceding ADD...
---- Optimized COPY and ADD operations to preceding ADD...
---- Optimized COPY and ADD operations to preceding ADD...
---- Optimized 2 ADD/INSERT operations by merging...
---- Optimized 2 ADD/INSERT operations by merging...
---- Optimized 2 ADD/INSERT operations by merging...
---- Optimized 2 ADD/INSERT operations by merging...
---- Optimized 2 ADD/INSERT operations by merging...
---- Optimized 2 ADD/INSERT operations by merging...
---- Optimized COPY and ADD operations to preceding ADD...
---- Optimized 2 ADD/INSERT operations by merging...
---- Optimized 2 ADD/INSERT operations by merging...
--- Found segment that will be moved from address: 0x491C to address: 0x47D0 of length 52
--- Found segment that must be added. Length: 4 , address: 0x4804
--- Found a word to insert to address: 0x4808
--- Found segment that must be added. Length: 4 , address: 0x480C
--- Found segment that will be moved from address: 0x495C to address: 0x4810 of length 24
--- Found segment that must be added. Length: 12 , address: 0x4828
--- Found segment that will be moved from address: 0x4980 to address: 0x4834 of length 84
--- Found a word to insert to address: 0x4888
--- Found a word to insert to address: 0x488C
--- Found a word to insert to address: 0x4890
--- Found a word to insert to address: 0x4894
--- Found a word to insert to address: 0x4898
--- Found a word to insert to address: 0x489C
--- Found a word to insert to address: 0x48A0
--- Found a word to insert to address: 0x48A4
--- Found a word to insert to address: 0x48A8
--- Found a word to insert to address: 0x48AC
--- Found a word to insert to address: 0x48B0
--- Found a word to insert to address: 0x48B4
--- Found a word to insert to address: 0x48B8
--- Found a word to insert to address: 0x48BC
--- Found a word to insert to address: 0x48C0
--- Found a word to insert to address: 0x48C4
--- Found a word to insert to address: 0x48C8
--- Found a word to insert to address: 0x48CC
--- Found a word to insert to address: 0x48D0
--- Found a word to insert to address: 0x48D4
--- Found a word to insert to address: 0x48D8
--- Found a word to insert to address: 0x48DC
--- Found a word to insert to address: 0x48E0
--- Found a word to insert to address: 0x48E4
--- Found a word to insert to address: 0x48E8
--- Found a word to insert to address: 0x48EC
--- Found a word to insert to address: 0x48F0
--- Found a word to insert to address: 0x48F4
--- Found a word to insert to address: 0x48F8
--- Found a word to insert to address: 0x48FC
--- Found a word to insert to address: 0x4900
--- Found a word to insert to address: 0x4904
--- Found a word to insert to address: 0x4908
--- Found a word to insert to address: 0x490C
--- Found a word to insert to address: 0x4910
--- Found a word to insert to address: 0x4914
--- Found a word to insert to address: 0x4918
--- Found a word to insert to address: 0x491C
--- Found a word to insert to address: 0x4920
--- Found a word to insert to address: 0x4924
--- Found a word to insert to address: 0x4928
--- Found a word to insert to address: 0x492C
--- Found a word to insert to address: 0x4930
--- Found a word to insert to address: 0x4934
--- Found a word to insert to address: 0x4938
--- Found a word to insert to address: 0x493C
--- Found a word to insert to address: 0x4940
--- Found a word to insert to address: 0x4944
--- Found a word to insert to address: 0x4948
--- Found a word to insert to address: 0x494C
--- Found a word to insert to address: 0x4950
--- Found a word to insert to address: 0x4954
--- Found a word to insert to address: 0x4958
--- Found a word to insert to address: 0x495C
--- Found a word to insert to address: 0x4960
--- Found a word to insert to address: 0x4964
--- Found a word to insert to address: 0x4968
--- Found a word to insert to address: 0x496C
--- Found a word to insert to address: 0x4970
--- Found a word to insert to address: 0x4974
--- Found a word to insert to address: 0x4978
--- Found a word to insert to address: 0x497C
--- Found a word to insert to address: 0x4980
--- Found a word to insert to address: 0x4984
--- Found a word to insert to address: 0x4988
--- Found a word to insert to address: 0x498C
--- Found a word to insert to address: 0x4990
--- Found a word to insert to address: 0x4994
--- Found a word to insert to address: 0x4998
--- Found a word to insert to address: 0x499C
--- Found a word to insert to address: 0x49A0
--- Found a word to insert to address: 0x49A4
--- Found a word to insert to address: 0x49A8
--- Found a word to insert to address: 0x49AC
--- Found a word to insert to address: 0x49B0
--- Found a word to insert to address: 0x49B4
--- Found a word to insert to address: 0x49B8
--- Found a word to insert to address: 0x49BC
--- Found a word to insert to address: 0x49C0
--- Found a word to insert to address: 0x49C4
--- Found a word to insert to address: 0x49C8
--- Found a word to insert to address: 0x49CC
--- Found a word to insert to address: 0x49D0

--- OPTIMIZING...

---- Optimized 2 ADD/INSERT operations by merging...
---- Optimized 2 ADD/INSERT operations by merging...
---- Optimized 2 ADD/INSERT operations by merging...
---- Optimized 2 ADD/INSERT operations by merging...
---- Optimized 2 ADD/INSERT operations by merging...
---- Optimized 2 ADD/INSERT operations by merging...
---- Optimized 2 ADD/INSERT operations by merging...
---- Optimized 2 ADD/INSERT operations by merging...
---- Optimized 2 ADD/INSERT operations by merging...
---- Optimized 2 ADD/INSERT operations by merging...
---- Optimized 2 ADD/INSERT operations by merging...
---- Optimized 2 ADD/INSERT operations by merging...
---- Optimized 2 ADD/INSERT operations by merging...
---- Optimized 2 ADD/INSERT operations by merging...
---- Optimized 2 ADD/INSERT operations by merging...
---- Optimized 2 ADD/INSERT operations by merging...
---- Optimized 2 ADD/INSERT operations by merging...
---- Optimized 2 ADD/INSERT operations by merging...
---- Optimized 2 ADD/INSERT operations by merging...
---- Optimized 2 ADD/INSERT operations by merging...
---- Optimized 2 ADD/INSERT operations by merging...
---- Optimized 2 ADD/INSERT operations by merging...
---- Optimized 2 ADD/INSERT operations by merging...
---- Optimized 2 ADD/INSERT operations by merging...
---- Optimized 2 ADD/INSERT operations by merging...
---- Optimized 2 ADD/INSERT operations by merging...
---- Optimized 2 ADD/INSERT operations by merging...
---- Optimized 2 ADD/INSERT operations by merging...
---- Optimized 2 ADD/INSERT operations by merging...
---- Optimized 2 ADD/INSERT operations by merging...
---- Optimized 2 ADD/INSERT operations by merging...
---- Optimized 2 ADD/INSERT operations by merging...
---- Optimized 2 ADD/INSERT operations by merging...
---- Optimized 2 ADD/INSERT operations by merging...
---- Optimized 2 ADD/INSERT operations by merging...
---- Optimized 2 ADD/INSERT operations by merging...
---- Optimized 2 ADD/INSERT operations by merging...
---- Optimized 2 ADD/INSERT operations by merging...
---- Optimized 2 ADD/INSERT operations by merging...
---- Optimized 2 ADD/INSERT operations by merging...
---- Optimized 2 ADD/INSERT operations by merging...
---- Optimized 2 ADD/INSERT operations by merging...
---- Optimized 2 ADD/INSERT operations by merging...
---- Optimized 2 ADD/INSERT operations by merging...
---- Optimized 2 ADD/INSERT operations by merging...
---- Optimized 2 ADD/INSERT operations by merging...
---- Optimized 2 ADD/INSERT operations by merging...
---- Optimized 2 ADD/INSERT operations by merging...
---- Optimized 2 ADD/INSERT operations by merging...
---- Optimized 2 ADD/INSERT operations by merging...
---- Optimized 2 ADD/INSERT operations by merging...
---- Optimized 2 ADD/INSERT operations by merging...
---- Optimized 2 ADD/INSERT operations by merging...
---- Optimized 2 ADD/INSERT operations by merging...
---- Optimized 2 ADD/INSERT operations by merging...
---- Optimized 2 ADD/INSERT operations by merging...
---- Optimized 2 ADD/INSERT operations by merging...
---- Optimized 2 ADD/INSERT operations by merging...
---- Optimized 2 ADD/INSERT operations by merging...
---- Optimized 2 ADD/INSERT operations by merging...
---- Optimized 2 ADD/INSERT operations by merging...
---- Optimized 2 ADD/INSERT operations by merging...
---- Optimized 2 ADD/INSERT operations by merging...
---- Optimized 2 ADD/INSERT operations by merging...
---- Optimized 2 ADD/INSERT operations by merging...
---- Optimized 2 ADD/INSERT operations by merging...
---- Optimized 2 ADD/INSERT operations by merging...
---- Optimized 2 ADD/INSERT operations by merging...
---- Optimized 2 ADD/INSERT operations by merging...
---- Optimized 2 ADD/INSERT operations by merging...
---- Optimized 2 ADD/INSERT operations by merging...
---- Optimized 2 ADD/INSERT operations by merging...
---- Optimized 2 ADD/INSERT operations by merging...
---- Optimized 2 ADD/INSERT operations by merging...
---- Optimized 2 ADD/INSERT operations by merging...
---- Optimized 2 ADD/INSERT operations by merging...
---- Optimized 2 ADD/INSERT operations by merging...
---- Optimized 2 ADD/INSERT operations by merging...
---- Optimized 2 ADD/INSERT operations by merging...
---- Optimized 2 ADD/INSERT operations by merging...
---- Optimized 2 ADD/INSERT operations by merging...
---- Optimized 2 ADD/INSERT operations by merging...
---- Optimized 2 ADD/INSERT operations by merging...
---- Optimized 2 ADD/INSERT operations by merging...
-- Done...
------------------------------------------

-- Generating file 'data_basis\riotboot\samd21-xpro\deltagen_rev_01_rev_02\deltagen_rev_01_slot0_rev_02_slot0'...
--- Data succesfully generated
--- Generating checksum CRC-16
--- Generated CRC-16
--- Finalizing delta file
--- Writing file 'data_basis\riotboot\samd21-xpro\deltagen_rev_01_rev_02\deltagen_rev_01_slot0_rev_02_slot0'

-- OPERATION SUCCESFULL ...
Elapsed time: 00:00:00.3474448
------------------------------------------

