
There are 82 non-matching segments with total length of 1048
-- Found 82 segments that have changed...
-- Searching for matching segments...
-- Done searching...
------------------------------------------

-- Generating operations...
--- Found segment that must be added. Length: 12 , address: 0x4

--- OPTIMIZING...

--- Found word that must be inserted. Length: 4 , address: 0x2C

--- OPTIMIZING...

--- Found segment that must be added. Length: 108 , address: 0x38

--- OPTIMIZING...

--- Found word that must be inserted. Length: 4 , address: 0xC0

--- OPTIMIZING...

--- Found word that must be inserted. Length: 4 , address: 0xF8

--- OPTIMIZING...

--- Found word that must be inserted. Length: 4 , address: 0x114

--- OPTIMIZING...

--- Found word that must be inserted. Length: 4 , address: 0x16C

--- OPTIMIZING...

--- Found segment that must be added. Length: 12 , address: 0x174

--- OPTIMIZING...

--- Found segment that must be added. Length: 20 , address: 0x1DC
--- Found segment that will be moved from address: 0x1F0 to address: 0x1F0 of length 8
--- Found segment that must be added. Length: 4 , address: 0x1F8
--- Found a word to insert to address: 0x1FC
--- Found segment that must be added. Length: 8 , address: 0x200

--- OPTIMIZING...

---- Optimized COPY and ADD operations to preceding ADD...
---- Optimized 2 ADD/INSERT operations by merging...
---- Optimized 2 ADD/INSERT operations by merging...
--- Found word that must be inserted. Length: 4 , address: 0x254

--- OPTIMIZING...

--- Found segment that must be added. Length: 8 , address: 0x280

--- OPTIMIZING...

--- Found word that must be inserted. Length: 4 , address: 0x2B4

--- OPTIMIZING...

--- Found word that must be inserted. Length: 4 , address: 0x31C

--- OPTIMIZING...

--- Found segment that must be added. Length: 16 , address: 0x3BC

--- OPTIMIZING...

--- Found word that must be inserted. Length: 4 , address: 0x444

--- OPTIMIZING...

--- Found word that must be inserted. Length: 4 , address: 0x59C

--- OPTIMIZING...

--- Found segment that must be added. Length: 8 , address: 0x6B0

--- OPTIMIZING...

--- Found word that must be inserted. Length: 4 , address: 0x724

--- OPTIMIZING...

--- Found word that must be inserted. Length: 4 , address: 0x74C

--- OPTIMIZING...

--- Found word that must be inserted. Length: 4 , address: 0x7F8

--- OPTIMIZING...

--- Found word that must be inserted. Length: 4 , address: 0x91C

--- OPTIMIZING...

--- Found word that must be inserted. Length: 4 , address: 0x92C

--- OPTIMIZING...

--- Found word that must be inserted. Length: 4 , address: 0x984

--- OPTIMIZING...

--- Found segment that must be added. Length: 16 , address: 0xAA8
--- Found a word to insert to address: 0xAB8
--- Found segment that must be added. Length: 12 , address: 0xABC
--- Found a word to insert to address: 0xAC8
--- Found segment that must be added. Length: 24 , address: 0xACC

--- OPTIMIZING...

---- Optimized 2 ADD/INSERT operations by merging...
---- Optimized 2 ADD/INSERT operations by merging...
---- Optimized 2 ADD/INSERT operations by merging...
---- Optimized 2 ADD/INSERT operations by merging...
--- Found word that must be inserted. Length: 4 , address: 0xAF8

--- OPTIMIZING...

--- Found word that must be inserted. Length: 4 , address: 0xF90

--- OPTIMIZING...

--- Found word that must be inserted. Length: 4 , address: 0xFE4

--- OPTIMIZING...

--- Found word that must be inserted. Length: 4 , address: 0x105C

--- OPTIMIZING...

--- Found word that must be inserted. Length: 4 , address: 0x10E0

--- OPTIMIZING...

--- Found word that must be inserted. Length: 4 , address: 0x1128

--- OPTIMIZING...

--- Found word that must be inserted. Length: 4 , address: 0x1178

--- OPTIMIZING...

--- Found word that must be inserted. Length: 4 , address: 0x141C

--- OPTIMIZING...

--- Found word that must be inserted. Length: 4 , address: 0x1448

--- OPTIMIZING...

--- Found segment that must be added. Length: 16 , address: 0x1530
--- Found a word to insert to address: 0x1540
--- Found segment that must be added. Length: 12 , address: 0x1544
--- Found a word to insert to address: 0x1550
--- Found segment that must be added. Length: 12 , address: 0x1554

--- OPTIMIZING...

---- Optimized 2 ADD/INSERT operations by merging...
---- Optimized 2 ADD/INSERT operations by merging...
---- Optimized 2 ADD/INSERT operations by merging...
---- Optimized 2 ADD/INSERT operations by merging...
--- Found word that must be inserted. Length: 4 , address: 0x1654

--- OPTIMIZING...

--- Found word that must be inserted. Length: 4 , address: 0x1754

--- OPTIMIZING...

--- Found word that must be inserted. Length: 4 , address: 0x17B0

--- OPTIMIZING...

--- Found word that must be inserted. Length: 4 , address: 0x19A8

--- OPTIMIZING...

--- Found word that must be inserted. Length: 4 , address: 0x1A10

--- OPTIMIZING...

--- Found word that must be inserted. Length: 4 , address: 0x1A7C

--- OPTIMIZING...

--- Found word that must be inserted. Length: 4 , address: 0x1B14

--- OPTIMIZING...

--- Found word that must be inserted. Length: 4 , address: 0x1B1C

--- OPTIMIZING...

--- Found word that must be inserted. Length: 4 , address: 0x1BC8

--- OPTIMIZING...

--- Found word that must be inserted. Length: 4 , address: 0x1C00

--- OPTIMIZING...

--- Found segment that must be added. Length: 8 , address: 0x1C70

--- OPTIMIZING...

--- Found word that must be inserted. Length: 4 , address: 0x1CB0

--- OPTIMIZING...

--- Found word that must be inserted. Length: 4 , address: 0x1D08

--- OPTIMIZING...

--- Found word that must be inserted. Length: 4 , address: 0x1D6C

--- OPTIMIZING...

--- Found word that must be inserted. Length: 4 , address: 0x1EE4

--- OPTIMIZING...

--- Found word that must be inserted. Length: 4 , address: 0x1F2C

--- OPTIMIZING...

--- Found segment that must be added. Length: 24 , address: 0x1F74

--- OPTIMIZING...

--- Found word that must be inserted. Length: 4 , address: 0x1FA8

--- OPTIMIZING...

--- Found segment that must be added. Length: 24 , address: 0x20F0
--- Found a word to insert to address: 0x2108
--- Found segment that must be added. Length: 36 , address: 0x210C

--- OPTIMIZING...

---- Optimized 2 ADD/INSERT operations by merging...
---- Optimized 2 ADD/INSERT operations by merging...
--- Found segment that must be added. Length: 8 , address: 0x2168

--- OPTIMIZING...

--- Found word that must be inserted. Length: 4 , address: 0x2184

--- OPTIMIZING...

--- Found word that must be inserted. Length: 4 , address: 0x21A0

--- OPTIMIZING...

--- Found word that must be inserted. Length: 4 , address: 0x21DC

--- OPTIMIZING...

--- Found segment that must be added. Length: 16 , address: 0x2468
--- Found a word to insert to address: 0x2478
--- Found segment that must be added. Length: 24 , address: 0x247C

--- OPTIMIZING...

---- Optimized 2 ADD/INSERT operations by merging...
---- Optimized 2 ADD/INSERT operations by merging...
--- Found word that must be inserted. Length: 4 , address: 0x24AC

--- OPTIMIZING...

--- Found word that must be inserted. Length: 4 , address: 0x2524

--- OPTIMIZING...

--- Found segment that must be added. Length: 8 , address: 0x252C

--- OPTIMIZING...

--- Found segment that must be added. Length: 12 , address: 0x297C

--- OPTIMIZING...

--- Found segment that must be added. Length: 8 , address: 0x29A8

--- OPTIMIZING...

--- Found segment that must be added. Length: 16 , address: 0x29EC
--- Found segment that will be moved from address: 0x29FC to address: 0x29FC of length 12
--- Found segment that must be added. Length: 4 , address: 0x2A08

--- OPTIMIZING...

---- Optimized COPY and ADD operations to preceding ADD...
--- Found segment that must be added. Length: 8 , address: 0x2AE0

--- OPTIMIZING...

--- Found word that must be inserted. Length: 4 , address: 0x2B70

--- OPTIMIZING...

--- Found segment that must be added. Length: 12 , address: 0x2C8C

--- OPTIMIZING...

--- Found segment that must be added. Length: 16 , address: 0x2CD0

--- OPTIMIZING...

--- Found segment that must be added. Length: 12 , address: 0x2F3C

--- OPTIMIZING...

--- Found segment that must be added. Length: 12 , address: 0x3020

--- OPTIMIZING...

--- Found segment that must be added. Length: 12 , address: 0x3094

--- OPTIMIZING...

--- Found word that must be inserted. Length: 4 , address: 0x3270

--- OPTIMIZING...

--- Found segment that must be added. Length: 12 , address: 0x3330

--- OPTIMIZING...

--- Found segment that must be added. Length: 12 , address: 0x3420

--- OPTIMIZING...

--- Found word that must be inserted. Length: 4 , address: 0x3500

--- OPTIMIZING...

--- Found segment that must be added. Length: 24 , address: 0x37C8
--- Found a word to insert to address: 0x37E0
--- Found segment that must be added. Length: 4 , address: 0x37E4

--- OPTIMIZING...

---- Optimized 2 ADD/INSERT operations by merging...
---- Optimized 2 ADD/INSERT operations by merging...
--- Found segment that must be added. Length: 20 , address: 0x390C

--- OPTIMIZING...

--- Found segment that must be added. Length: 8 , address: 0x3C30

--- OPTIMIZING...

--- Found segment that must be added. Length: 36 , address: 0x3DE0

--- OPTIMIZING...

--- Found segment that must be added. Length: 52 , address: 0x3F0C

--- OPTIMIZING...

--- Found segment that must be added. Length: 72 , address: 0x4714

--- OPTIMIZING...

--- Found segment that must be added. Length: 12 , address: 0x49F4

--- OPTIMIZING...

-- Done...
------------------------------------------

-- Generating file 'data_basis\riotboot\samd20-xpro\deltagen_rev_01_rev_01\deltagen_rev_01_slot1_rev_01_slot0'...
--- Data succesfully generated
--- Generating checksum CRC-16
--- Generated CRC-16
--- Finalizing delta file
--- Writing file 'data_basis\riotboot\samd20-xpro\deltagen_rev_01_rev_01\deltagen_rev_01_slot1_rev_01_slot0'

-- OPERATION SUCCESFULL ...
Elapsed time: 00:00:00.1785884
------------------------------------------

