
There are 6 non-matching segments with total length of 18940
-- Found 6 segments that have changed...
-- Searching for matching segments...
-- Done searching...
------------------------------------------

-- Generating operations...
--- Found segment that must be added. Length: 12 , address: 0x4

--- OPTIMIZING...

--- Found word that must be inserted. Length: 4 , address: 0x2C

--- OPTIMIZING...

--- Found segment that must be added. Length: 108 , address: 0x38

--- OPTIMIZING...

--- Found word that must be inserted. Length: 4 , address: 0xB8

--- OPTIMIZING...

--- Found segment that must be added. Length: 44 , address: 0xC0
--- Found a word to insert to address: 0xEC
--- Found segment that must be added. Length: 4 , address: 0xF0
--- Found segment that will be moved from address: 0xFC to address: 0xF4 of length 8
--- Found segment that must be added. Length: 4 , address: 0xFC
--- Found a word to insert to address: 0x100
--- Found segment that must be added. Length: 4 , address: 0x104
--- Found a word to insert to address: 0x108
--- Found segment that must be added. Length: 20 , address: 0x10C
--- Found a word to insert to address: 0x120
--- Found segment that must be added. Length: 4 , address: 0x124
--- Found a word to insert to address: 0x128
--- Found segment that must be added. Length: 4 , address: 0x12C
--- Found a word to insert to address: 0x130
--- Found segment that must be added. Length: 4 , address: 0x134
--- Found a word to insert to address: 0x138
--- Found segment that must be added. Length: 8 , address: 0x13C
--- Found a word to insert to address: 0x144
--- Found segment that must be added. Length: 12 , address: 0x148
--- Found segment that will be moved from address: 0x180 to address: 0x154 of length 8
--- Found segment that must be added. Length: 4 , address: 0x15C
--- Found a word to insert to address: 0x160
--- Found segment that must be added. Length: 4 , address: 0x164
--- Found a word to insert to address: 0x168
--- Found segment that must be added. Length: 4 , address: 0x16C
--- Found segment that will be moved from address: 0x19C to address: 0x170 of length 20
--- Found segment that must be added. Length: 8 , address: 0x184
--- Found a word to insert to address: 0x18C
--- Found segment that must be added. Length: 4 , address: 0x190
--- Found segment that will be moved from address: 0x1C0 to address: 0x194 of length 8
--- Found segment that must be added. Length: 8 , address: 0x19C
--- Found a word to insert to address: 0x1A4
--- Found segment that must be added. Length: 28 , address: 0x1A8
--- Found segment that will be moved from address: 0x1F0 to address: 0x1C4 of length 16
--- Found segment that must be added. Length: 8 , address: 0x1D4
--- Found a word to insert to address: 0x1DC
--- Found segment that must be added. Length: 8 , address: 0x1E0
--- Found segment that will be moved from address: 0x214 to address: 0x1E8 of length 8
--- Found segment that must be added. Length: 4 , address: 0x1F0
--- Found segment that will be moved from address: 0x220 to address: 0x1F4 of length 12
--- Found segment that must be added. Length: 4 , address: 0x200
--- Found segment that will be moved from address: 0x230 to address: 0x204 of length 24
--- Found segment that must be added. Length: 4 , address: 0x21C
--- Found segment that will be moved from address: 0x24C to address: 0x220 of length 8
--- Found segment that must be added. Length: 4 , address: 0x228
--- Found segment that will be moved from address: 0x258 to address: 0x22C of length 40
--- Found segment that must be added. Length: 12 , address: 0x254
--- Found segment that will be moved from address: 0x28C to address: 0x260 of length 36
--- Found segment that must be added. Length: 8 , address: 0x284
--- Found segment that will be moved from address: 0x2B8 to address: 0x28C of length 96
--- Found segment that must be added. Length: 8 , address: 0x2EC
--- Found segment that will be moved from address: 0x320 to address: 0x2F4 of length 104
--- Found segment that must be added. Length: 4 , address: 0x35C
--- Found segment that will be moved from address: 0x38C to address: 0x360 of length 12
--- Found segment that must be added. Length: 12 , address: 0x36C
--- Found a word to insert to address: 0x378
--- Found segment that must be added. Length: 4 , address: 0x37C
--- Found segment that will be moved from address: 0x3AC to address: 0x380 of length 8
--- Found segment that must be added. Length: 4 , address: 0x388
--- Found a word to insert to address: 0x38C
--- Found segment that must be added. Length: 16 , address: 0x390
--- Found segment that will be moved from address: 0x3CC to address: 0x3A0 of length 108
--- Found segment that must be added. Length: 4 , address: 0x40C
--- Found a word to insert to address: 0x410
--- Found segment that must be added. Length: 12 , address: 0x414
--- Found a word to insert to address: 0x420
--- Found segment that must be added. Length: 4 , address: 0x424
--- Found segment that will be moved from address: 0x454 to address: 0x428 of length 116
--- Found segment that must be added. Length: 4 , address: 0x49C
--- Found a word to insert to address: 0x4A0
--- Found segment that will be moved from address: 0x4D0 to address: 0x4A4 of length 48
--- Found segment that must be added. Length: 8 , address: 0x4D4
--- Found segment that will be moved from address: 0x508 to address: 0x4DC of length 52
--- Found segment that must be added. Length: 16 , address: 0x510
--- Found segment that will be moved from address: 0x54C to address: 0x520 of length 28
--- Found segment that must be added. Length: 4 , address: 0x53C
--- Found segment that will be moved from address: 0x56C to address: 0x540 of length 48
--- Found segment that must be added. Length: 4 , address: 0x570
--- Found segment that will be moved from address: 0x5A0 to address: 0x574 of length 240
--- Found segment that must be added. Length: 8 , address: 0x664
--- Found segment that will be moved from address: 0x698 to address: 0x66C of length 24
--- Found segment that must be added. Length: 8 , address: 0x684
--- Found segment that will be moved from address: 0x6B8 to address: 0x68C of length 140
--- Found segment that must be added. Length: 4 , address: 0x718
--- Found a word to insert to address: 0x71C
--- Found segment that must be added. Length: 4 , address: 0x720
--- Found segment that will be moved from address: 0x750 to address: 0x724 of length 168
--- Found segment that must be added. Length: 4 , address: 0x7CC
--- Found segment that will be moved from address: 0x7FC to address: 0x7D0 of length 160
--- Found segment that must be added. Length: 4 , address: 0x870
--- Found segment that will be moved from address: 0x8A0 to address: 0x874 of length 20
--- Found segment that must be added. Length: 4 , address: 0x888
--- Found segment that will be moved from address: 0x8B8 to address: 0x88C of length 100
--- Found segment that must be added. Length: 4 , address: 0x8F0
--- Found segment that will be moved from address: 0x920 to address: 0x8F4 of length 12
--- Found segment that must be added. Length: 4 , address: 0x900
--- Found segment that will be moved from address: 0x930 to address: 0x904 of length 48
--- Found segment that must be added. Length: 4 , address: 0x934
--- Found segment that will be moved from address: 0x964 to address: 0x938 of length 32
--- Found segment that must be added. Length: 4 , address: 0x958
--- Found segment that will be moved from address: 0x988 to address: 0x95C of length 8
--- Found segment that must be added. Length: 4 , address: 0x964
--- Found segment that will be moved from address: 0x994 to address: 0x968 of length 24
--- Found segment that must be added. Length: 4 , address: 0x980
--- Found segment that will be moved from address: 0x9B0 to address: 0x984 of length 12
--- Found segment that must be added. Length: 4 , address: 0x990
--- Found a word to insert to address: 0x994
--- Found segment that must be added. Length: 4 , address: 0x998
--- Found a word to insert to address: 0x99C
--- Found segment that must be added. Length: 4 , address: 0x9A0
--- Found segment that will be moved from address: 0x9D0 to address: 0x9A4 of length 28
--- Found segment that must be added. Length: 4 , address: 0x9C0
--- Found a word to insert to address: 0x9C4
--- Found segment that must be added. Length: 4 , address: 0x9C8
--- Found a word to insert to address: 0x9CC
--- Found segment that must be added. Length: 4 , address: 0x9D0
--- Found segment that will be moved from address: 0xA00 to address: 0x9D4 of length 16
--- Found segment that must be added. Length: 4 , address: 0x9E4
--- Found segment that will be moved from address: 0xA14 to address: 0x9E8 of length 88
--- Found segment that must be added. Length: 4 , address: 0xA40
--- Found segment that will be moved from address: 0xA70 to address: 0xA44 of length 12
--- Found segment that must be added. Length: 4 , address: 0xA50
--- Found segment that will be moved from address: 0xA80 to address: 0xA54 of length 12
--- Found segment that must be added. Length: 4 , address: 0xA60
--- Found segment that will be moved from address: 0xA90 to address: 0xA64 of length 8
--- Found segment that must be added. Length: 4 , address: 0xA6C
--- Found segment that will be moved from address: 0xA9C to address: 0xA70 of length 12
--- Found segment that must be added. Length: 28 , address: 0xA7C
--- Found a word to insert to address: 0xA98
--- Found a word to insert to address: 0xA9C
--- Found segment that must be added. Length: 24 , address: 0xAA0
--- Found segment that will be moved from address: 0xAE4 to address: 0xAB8 of length 20
--- Found segment that must be added. Length: 4 , address: 0xACC
--- Found segment that will be moved from address: 0xAFC to address: 0xAD0 of length 316
--- Found segment that must be added. Length: 8 , address: 0xC0C
--- Found segment that will be moved from address: 0xC40 to address: 0xC14 of length 600
--- Found segment that must be added. Length: 4 , address: 0xE6C
--- Found a word to insert to address: 0xE70
--- Found segment that must be added. Length: 4 , address: 0xE74
--- Found segment that will be moved from address: 0xEA4 to address: 0xE78 of length 28
--- Found segment that must be added. Length: 4 , address: 0xE94
--- Found segment that will be moved from address: 0xEC4 to address: 0xE98 of length 16
--- Found segment that must be added. Length: 16 , address: 0xEA8
--- Found a word to insert to address: 0xEB8
--- Found segment that must be added. Length: 32 , address: 0xEBC
--- Found a word to insert to address: 0xEDC
--- Found segment that must be added. Length: 8 , address: 0xEE0
--- Found a word to insert to address: 0xEE8
--- Found segment that must be added. Length: 20 , address: 0xEEC
--- Found a word to insert to address: 0xF00
--- Found segment that must be added. Length: 48 , address: 0xF04
--- Found a word to insert to address: 0xF34
--- Found segment that must be added. Length: 84 , address: 0xF38
--- Found a word to insert to address: 0xF8C
--- Found a word to insert to address: 0xF90
--- Found segment that must be added. Length: 4 , address: 0xF94
--- Found a word to insert to address: 0xF98
--- Found segment that must be added. Length: 20 , address: 0xF9C
--- Found a word to insert to address: 0xFB0
--- Found segment that must be added. Length: 72 , address: 0xFB4
--- Found segment that will be moved from address: 0x1088 to address: 0xFFC of length 8
--- Found segment that must be added. Length: 12 , address: 0x1004
--- Found a word to insert to address: 0x1010
--- Found segment that must be added. Length: 12 , address: 0x1014
--- Found a word to insert to address: 0x1020
--- Found segment that must be added. Length: 16 , address: 0x1024
--- Found a word to insert to address: 0x1034
--- Found segment that must be added. Length: 16 , address: 0x1038
--- Found a word to insert to address: 0x1048
--- Found segment that must be added. Length: 24 , address: 0x104C
--- Found segment that will be moved from address: 0x117C to address: 0x1064 of length 124
--- Found segment that must be added. Length: 4 , address: 0x10E0
--- Found segment that will be moved from address: 0x11FC to address: 0x10E4 of length 64
--- Found segment that must be added. Length: 4 , address: 0x1124
--- Found segment that will be moved from address: 0x1240 to address: 0x1128 of length 288
--- Found segment that must be added. Length: 4 , address: 0x1248
--- Found segment that will be moved from address: 0x1364 to address: 0x124C of length 32
--- Found segment that must be added. Length: 4 , address: 0x126C
--- Found segment that will be moved from address: 0x1388 to address: 0x1270 of length 120
--- Found segment that must be added. Length: 8 , address: 0x12E8
--- Found segment that will be moved from address: 0x1408 to address: 0x12F0 of length 20
--- Found segment that must be added. Length: 4 , address: 0x1304
--- Found segment that will be moved from address: 0x1420 to address: 0x1308 of length 12
--- Found segment that must be added. Length: 8 , address: 0x1314
--- Found segment that will be moved from address: 0x1434 to address: 0x131C of length 20
--- Found segment that must be added. Length: 4 , address: 0x1330
--- Found segment that will be moved from address: 0x144C to address: 0x1334 of length 56
--- Found segment that must be added. Length: 8 , address: 0x136C
--- Found a word to insert to address: 0x1374
--- Found segment that must be added. Length: 4 , address: 0x1378
--- Found segment that will be moved from address: 0x1494 to address: 0x137C of length 40
--- Found segment that must be added. Length: 4 , address: 0x13A4
--- Found segment that will be moved from address: 0x14C0 to address: 0x13A8 of length 24
--- Found segment that must be added. Length: 4 , address: 0x13C0
--- Found segment that will be moved from address: 0x14DC to address: 0x13C4 of length 84
--- Found segment that must be added. Length: 48 , address: 0x1418
--- Found segment that will be moved from address: 0x1560 to address: 0x1448 of length 36
--- Found segment that must be added. Length: 4 , address: 0x146C
--- Found segment that will be moved from address: 0x1588 to address: 0x1470 of length 84
--- Found segment that must be added. Length: 4 , address: 0x14C4
--- Found segment that will be moved from address: 0x15E0 to address: 0x14C8 of length 72
--- Found segment that must be added. Length: 4 , address: 0x1510
--- Found segment that will be moved from address: 0x162C to address: 0x1514 of length 20
--- Found segment that must be added. Length: 4 , address: 0x1528
--- Found segment that will be moved from address: 0x1644 to address: 0x152C of length 12
--- Found segment that must be added. Length: 8 , address: 0x1538
--- Found segment that will be moved from address: 0x1658 to address: 0x1540 of length 16
--- Found segment that must be added. Length: 4 , address: 0x1550
--- Found segment that will be moved from address: 0x166C to address: 0x1554 of length 40
--- Found segment that must be added. Length: 4 , address: 0x157C
--- Found segment that will be moved from address: 0x1698 to address: 0x1580 of length 136
--- Found segment that must be added. Length: 4 , address: 0x1608
--- Found segment that will be moved from address: 0x1724 to address: 0x160C of length 8
--- Found segment that must be added. Length: 4 , address: 0x1614
--- Found a word to insert to address: 0x1618
--- Found segment that must be added. Length: 4 , address: 0x161C
--- Found segment that will be moved from address: 0x1738 to address: 0x1620 of length 28
--- Found segment that must be added. Length: 4 , address: 0x163C
--- Found segment that will be moved from address: 0x1758 to address: 0x1640 of length 88
--- Found a word to insert to address: 0x1698
--- Found segment that will be moved from address: 0x17B4 to address: 0x169C of length 308
--- Found segment that must be added. Length: 4 , address: 0x17D0
--- Found segment that will be moved from address: 0x18EC to address: 0x17D4 of length 176
--- Found segment that must be added. Length: 4 , address: 0x1884
--- Found segment that will be moved from address: 0x19A0 to address: 0x1888 of length 8
--- Found segment that must be added. Length: 8 , address: 0x1890
--- Found segment that will be moved from address: 0x19B0 to address: 0x1898 of length 48
--- Found segment that must be added. Length: 4 , address: 0x18C8
--- Found segment that will be moved from address: 0x19E4 to address: 0x18CC of length 44
--- Found segment that must be added. Length: 4 , address: 0x18F8
--- Found segment that will be moved from address: 0x1A14 to address: 0x18FC of length 96
--- Found segment that must be added. Length: 4 , address: 0x195C
--- Found a word to insert to address: 0x1960
--- Found segment that must be added. Length: 8 , address: 0x1964
--- Found segment that will be moved from address: 0x1A84 to address: 0x196C of length 12
--- Found segment that must be added. Length: 4 , address: 0x1978
--- Found segment that will be moved from address: 0x1A94 to address: 0x197C of length 76
--- Found segment that must be added. Length: 4 , address: 0x19C8
--- Found segment that will be moved from address: 0x1AE4 to address: 0x19CC of length 48
--- Found segment that must be added. Length: 12 , address: 0x19FC
--- Found segment that will be moved from address: 0x1B20 to address: 0x1A08 of length 28
--- Found segment that must be added. Length: 4 , address: 0x1A24
--- Found segment that will be moved from address: 0x1B40 to address: 0x1A28 of length 24
--- Found segment that must be added. Length: 4 , address: 0x1A40
--- Found segment that will be moved from address: 0x1B5C to address: 0x1A44 of length 104
--- Found segment that must be added. Length: 8 , address: 0x1AAC
--- Found segment that will be moved from address: 0x1BCC to address: 0x1AB4 of length 44
--- Found segment that must be added. Length: 4 , address: 0x1AE0
--- Found a word to insert to address: 0x1AE4
--- Found segment that must be added. Length: 8 , address: 0x1AE8
--- Found segment that will be moved from address: 0x1C08 to address: 0x1AF0 of length 24
--- Found segment that must be added. Length: 4 , address: 0x1B08
--- Found segment that will be moved from address: 0x1C24 to address: 0x1B0C of length 76
--- Found segment that must be added. Length: 8 , address: 0x1B58
--- Found segment that will be moved from address: 0x1C78 to address: 0x1B60 of length 56
--- Found segment that must be added. Length: 12 , address: 0x1B98
--- Found segment that will be moved from address: 0x1CBC to address: 0x1BA4 of length 76
--- Found segment that must be added. Length: 4 , address: 0x1BF0
--- Found segment that will be moved from address: 0x19B0 to address: 0x1BF4 of length 48
--- Found segment that must be added. Length: 4 , address: 0x1C24
--- Found segment that will be moved from address: 0x19E4 to address: 0x1C28 of length 44
--- Found segment that must be added. Length: 4 , address: 0x1C54
--- Found segment that will be moved from address: 0x1D70 to address: 0x1C58 of length 88
--- Found segment that must be added. Length: 4 , address: 0x1CB0
--- Found segment that will be moved from address: 0x1DCC to address: 0x1CB4 of length 84
--- Found segment that must be added. Length: 4 , address: 0x1D08
--- Found segment that will be moved from address: 0x1E24 to address: 0x1D0C of length 192
--- Found segment that must be added. Length: 4 , address: 0x1DCC
--- Found segment that will be moved from address: 0x1EE8 to address: 0x1DD0 of length 12
--- Found segment that must be added. Length: 4 , address: 0x1DDC
--- Found segment that will be moved from address: 0x1EF8 to address: 0x1DE0 of length 52
--- Found segment that must be added. Length: 4 , address: 0x1E14
--- Found segment that will be moved from address: 0x1F30 to address: 0x1E18 of length 24
--- Found segment that must be added. Length: 4 , address: 0x1E30
--- Found segment that will be moved from address: 0x1F4C to address: 0x1E34 of length 40
--- Found segment that must be added. Length: 20 , address: 0x1E5C
--- Found a word to insert to address: 0x1E70
--- Found segment that will be moved from address: 0x1F8C to address: 0x1E74 of length 28
--- Found segment that must be added. Length: 4 , address: 0x1E90
--- Found segment that will be moved from address: 0x1FAC to address: 0x1E94 of length 324
--- Found segment that must be added. Length: 24 , address: 0x1FD8
--- Found a word to insert to address: 0x1FF0
--- Found segment that must be added. Length: 36 , address: 0x1FF4
--- Found segment that will be moved from address: 0x2130 to address: 0x2018 of length 56
--- Found segment that must be added. Length: 8 , address: 0x2050
--- Found segment that will be moved from address: 0x2170 to address: 0x2058 of length 20
--- Found segment that must be added. Length: 4 , address: 0x206C
--- Found a word to insert to address: 0x2070
--- Found segment that must be added. Length: 4 , address: 0x2074
--- Found segment that will be moved from address: 0x2190 to address: 0x2078 of length 16
--- Found segment that must be added. Length: 4 , address: 0x2088
--- Found segment that will be moved from address: 0x21A4 to address: 0x208C of length 56
--- Found segment that must be added. Length: 4 , address: 0x20C4
--- Found segment that will be moved from address: 0x21E0 to address: 0x20C8 of length 36
--- Found segment that must be added. Length: 4 , address: 0x20EC
--- Found segment that will be moved from address: 0x2208 to address: 0x20F0 of length 608
--- Found segment that must be added. Length: 12 , address: 0x2350
--- Found a word to insert to address: 0x235C
--- Found a word to insert to address: 0x2360
--- Found a word to insert to address: 0x2364
--- Found segment that must be added. Length: 20 , address: 0x2368
--- Found segment that will be moved from address: 0x2494 to address: 0x237C of length 24
--- Found segment that must be added. Length: 4 , address: 0x2394
--- Found segment that will be moved from address: 0x24B0 to address: 0x2398 of length 12
--- Found segment that must be added. Length: 4 , address: 0x23A4
--- Found segment that will be moved from address: 0x24C0 to address: 0x23A8 of length 100
--- Found segment that must be added. Length: 16 , address: 0x240C
--- Found segment that will be moved from address: 0x2534 to address: 0x241C of length 344
--- Found segment that must be added. Length: 4 , address: 0x2574
--- Found segment that will be moved from address: 0x2690 to address: 0x2578 of length 8
--- Found segment that must be added. Length: 4 , address: 0x2580
--- Found a word to insert to address: 0x2584
--- Found segment that must be added. Length: 4 , address: 0x2588
--- Found a word to insert to address: 0x258C
--- Found segment that must be added. Length: 4 , address: 0x2590
--- Found segment that will be moved from address: 0x26AC to address: 0x2594 of length 720
--- Found segment that must be added. Length: 12 , address: 0x2864
--- Found segment that will be moved from address: 0x2988 to address: 0x2870 of length 32
--- Found segment that must be added. Length: 8 , address: 0x2890
--- Found segment that will be moved from address: 0x29B0 to address: 0x2898 of length 60
--- Found segment that must be added. Length: 16 , address: 0x28D4
--- Found segment that will be moved from address: 0x29FC to address: 0x28E4 of length 12
--- Found segment that must be added. Length: 4 , address: 0x28F0
--- Found segment that will be moved from address: 0x2A0C to address: 0x28F4 of length 56
--- Found segment that must be added. Length: 4 , address: 0x292C
--- Found segment that will be moved from address: 0x2A48 to address: 0x2930 of length 12
--- Found segment that must be added. Length: 4 , address: 0x293C
--- Found segment that will be moved from address: 0x2A58 to address: 0x2940 of length 12
--- Found segment that must be added. Length: 4 , address: 0x294C
--- Found segment that will be moved from address: 0x2A68 to address: 0x2950 of length 12
--- Found segment that must be added. Length: 4 , address: 0x295C
--- Found segment that will be moved from address: 0x2A78 to address: 0x2960 of length 104
--- Found segment that must be added. Length: 8 , address: 0x29C8
--- Found segment that will be moved from address: 0x2AE8 to address: 0x29D0 of length 136
--- Found segment that must be added. Length: 4 , address: 0x2A58
--- Found segment that will be moved from address: 0x2B74 to address: 0x2A5C of length 280
--- Found segment that must be added. Length: 12 , address: 0x2B74
--- Found segment that will be moved from address: 0x2C98 to address: 0x2B80 of length 56
--- Found segment that must be added. Length: 16 , address: 0x2BB8
--- Found segment that will be moved from address: 0x2CE0 to address: 0x2BC8 of length 184
--- Found segment that must be added. Length: 4 , address: 0x2C80
--- Found segment that will be moved from address: 0x2D9C to address: 0x2C84 of length 180
--- Found segment that must be added. Length: 8 , address: 0x2D38
--- Found segment that will be moved from address: 0x2E58 to address: 0x2D40 of length 228
--- Found segment that must be added. Length: 12 , address: 0x2E24
--- Found segment that will be moved from address: 0x2F48 to address: 0x2E30 of length 216
--- Found segment that must be added. Length: 12 , address: 0x2F08
--- Found segment that will be moved from address: 0x302C to address: 0x2F14 of length 104
--- Found segment that must be added. Length: 12 , address: 0x2F7C
--- Found segment that will be moved from address: 0x30A0 to address: 0x2F88 of length 464
--- Found segment that must be added. Length: 4 , address: 0x3158
--- Found segment that will be moved from address: 0x3274 to address: 0x315C of length 188
--- Found segment that must be added. Length: 12 , address: 0x3218
--- Found segment that will be moved from address: 0x333C to address: 0x3224 of length 228
--- Found segment that must be added. Length: 12 , address: 0x3308
--- Found segment that will be moved from address: 0x342C to address: 0x3314 of length 212
--- Found segment that must be added. Length: 4 , address: 0x33E8
--- Found segment that will be moved from address: 0x3504 to address: 0x33EC of length 12
--- Found segment that must be added. Length: 4 , address: 0x33F8
--- Found segment that will be moved from address: 0x3514 to address: 0x33FC of length 12
--- Found segment that must be added. Length: 4 , address: 0x3408
--- Found segment that will be moved from address: 0x3524 to address: 0x340C of length 676
--- Found segment that must be added. Length: 24 , address: 0x36B0
--- Found a word to insert to address: 0x36C8
--- Found segment that must be added. Length: 4 , address: 0x36CC
--- Found segment that will be moved from address: 0x37E8 to address: 0x36D0 of length 292
--- Found segment that must be added. Length: 20 , address: 0x37F4
--- Found segment that will be moved from address: 0x3920 to address: 0x3808 of length 784
--- Found segment that must be added. Length: 8 , address: 0x3B18
--- Found segment that will be moved from address: 0x3C38 to address: 0x3B20 of length 76
--- Found segment that must be added. Length: 12 , address: 0x3B6C
--- Found a word to insert to address: 0x3B78
--- Found segment that must be added. Length: 12 , address: 0x3B7C
--- Found segment that will be moved from address: 0x3CE0 to address: 0x3B88 of length 244
--- Found a word to insert to address: 0x3C7C
--- Found a word to insert to address: 0x3C80
--- Found segment that must be added. Length: 24 , address: 0x3C84
--- Found a word to insert to address: 0x3C9C
--- Found segment that must be added. Length: 20 , address: 0x3CA0
--- Found segment that will be moved from address: 0x3E00 to address: 0x3CB4 of length 268
--- Found segment that must be added. Length: 52 , address: 0x3DC0
--- Found segment that will be moved from address: 0x3F40 to address: 0x3DF4 of length 2004
--- Found segment that must be added. Length: 72 , address: 0x45C8
--- Found segment that will be moved from address: 0x475C to address: 0x4610 of length 552

--- OPTIMIZING...

---- Optimized 2 ADD/INSERT operations by merging...
---- Optimized 2 ADD/INSERT operations by merging...
---- Optimized COPY and ADD operations to preceding ADD...
---- Optimized 2 ADD/INSERT operations by merging...
---- Optimized 2 ADD/INSERT operations by merging...
---- Optimized 2 ADD/INSERT operations by merging...
---- Optimized 2 ADD/INSERT operations by merging...
---- Optimized 2 ADD/INSERT operations by merging...
---- Optimized 2 ADD/INSERT operations by merging...
---- Optimized 2 ADD/INSERT operations by merging...
---- Optimized 2 ADD/INSERT operations by merging...
---- Optimized 2 ADD/INSERT operations by merging...
---- Optimized 2 ADD/INSERT operations by merging...
---- Optimized 2 ADD/INSERT operations by merging...
---- Optimized 2 ADD/INSERT operations by merging...
---- Optimized 2 ADD/INSERT operations by merging...
---- Optimized 2 ADD/INSERT operations by merging...
---- Optimized COPY and ADD operations to preceding ADD...
---- Optimized 2 ADD/INSERT operations by merging...
---- Optimized 2 ADD/INSERT operations by merging...
---- Optimized 2 ADD/INSERT operations by merging...
---- Optimized 2 ADD/INSERT operations by merging...
---- Optimized 2 ADD/INSERT operations by merging...
---- Optimized 2 ADD/INSERT operations by merging...
---- Optimized COPY and ADD operations to preceding ADD...
---- Optimized 2 ADD/INSERT operations by merging...
---- Optimized 2 ADD/INSERT operations by merging...
---- Optimized 2 ADD/INSERT operations by merging...
---- Optimized 2 ADD/INSERT operations by merging...
---- Optimized COPY and ADD operations to preceding ADD...
---- Optimized COPY and ADD operations to preceding ADD...
---- Optimized COPY and ADD operations to preceding ADD...
---- Optimized COPY and ADD operations to preceding ADD...
---- Optimized 2 ADD/INSERT operations by merging...
---- Optimized 2 ADD/INSERT operations by merging...
---- Optimized COPY and ADD operations to preceding ADD...
---- Optimized 2 ADD/INSERT operations by merging...
---- Optimized 2 ADD/INSERT operations by merging...
---- Optimized 2 ADD/INSERT operations by merging...
---- Optimized 2 ADD/INSERT operations by merging...
---- Optimized 2 ADD/INSERT operations by merging...
---- Optimized 2 ADD/INSERT operations by merging...
---- Optimized 2 ADD/INSERT operations by merging...
---- Optimized 2 ADD/INSERT operations by merging...
---- Optimized 2 ADD/INSERT operations by merging...
---- Optimized COPY and ADD operations to preceding ADD...
---- Optimized COPY and ADD operations to preceding ADD...
---- Optimized COPY and ADD operations to preceding ADD...
---- Optimized 2 ADD/INSERT operations by merging...
---- Optimized 2 ADD/INSERT operations by merging...
---- Optimized 2 ADD/INSERT operations by merging...
---- Optimized 2 ADD/INSERT operations by merging...
---- Optimized 2 ADD/INSERT operations by merging...
---- Optimized 2 ADD/INSERT operations by merging...
---- Optimized 2 ADD/INSERT operations by merging...
---- Optimized 2 ADD/INSERT operations by merging...
---- Optimized COPY and ADD operations to preceding ADD...
---- Optimized COPY and ADD operations to preceding ADD...
---- Optimized COPY and ADD operations to preceding ADD...
---- Optimized COPY and ADD operations to preceding ADD...
---- Optimized 2 ADD/INSERT operations by merging...
---- Optimized 2 ADD/INSERT operations by merging...
---- Optimized 2 ADD/INSERT operations by merging...
---- Optimized 2 ADD/INSERT operations by merging...
---- Optimized 2 ADD/INSERT operations by merging...
---- Optimized 2 ADD/INSERT operations by merging...
---- Optimized 2 ADD/INSERT operations by merging...
---- Optimized 2 ADD/INSERT operations by merging...
---- Optimized 2 ADD/INSERT operations by merging...
---- Optimized 2 ADD/INSERT operations by merging...
---- Optimized 2 ADD/INSERT operations by merging...
---- Optimized 2 ADD/INSERT operations by merging...
---- Optimized 2 ADD/INSERT operations by merging...
---- Optimized 2 ADD/INSERT operations by merging...
---- Optimized 2 ADD/INSERT operations by merging...
---- Optimized 2 ADD/INSERT operations by merging...
---- Optimized 2 ADD/INSERT operations by merging...
---- Optimized 2 ADD/INSERT operations by merging...
---- Optimized 2 ADD/INSERT operations by merging...
---- Optimized 2 ADD/INSERT operations by merging...
---- Optimized 2 ADD/INSERT operations by merging...
---- Optimized 2 ADD/INSERT operations by merging...
---- Optimized COPY and ADD operations to preceding ADD...
---- Optimized 2 ADD/INSERT operations by merging...
---- Optimized 2 ADD/INSERT operations by merging...
---- Optimized 2 ADD/INSERT operations by merging...
---- Optimized 2 ADD/INSERT operations by merging...
---- Optimized 2 ADD/INSERT operations by merging...
---- Optimized 2 ADD/INSERT operations by merging...
---- Optimized 2 ADD/INSERT operations by merging...
---- Optimized 2 ADD/INSERT operations by merging...
---- Optimized COPY and ADD operations to preceding ADD...
---- Optimized 2 ADD/INSERT operations by merging...
---- Optimized 2 ADD/INSERT operations by merging...
---- Optimized COPY and ADD operations to preceding ADD...
---- Optimized COPY and ADD operations to preceding ADD...
---- Optimized 2 ADD/INSERT operations by merging...
---- Optimized 2 ADD/INSERT operations by merging...
---- Optimized COPY and ADD operations to preceding ADD...
---- Optimized 2 ADD/INSERT operations by merging...
---- Optimized 2 ADD/INSERT operations by merging...
---- Optimized COPY and ADD operations to preceding ADD...
---- Optimized 2 ADD/INSERT operations by merging...
---- Optimized 2 ADD/INSERT operations by merging...
---- Optimized COPY and ADD operations to preceding ADD...
---- Optimized 2 ADD/INSERT operations by merging...
---- Optimized 2 ADD/INSERT operations by merging...
---- Optimized 2 ADD/INSERT operations by merging...
---- Optimized 2 ADD/INSERT operations by merging...
---- Optimized 2 ADD/INSERT operations by merging...
---- Optimized 2 ADD/INSERT operations by merging...
---- Optimized 2 ADD/INSERT operations by merging...
---- Optimized 2 ADD/INSERT operations by merging...
---- Optimized 2 ADD/INSERT operations by merging...
---- Optimized COPY and ADD operations to preceding ADD...
---- Optimized COPY and ADD operations to preceding ADD...
---- Optimized 2 ADD/INSERT operations by merging...
---- Optimized 2 ADD/INSERT operations by merging...
---- Optimized 2 ADD/INSERT operations by merging...
---- Optimized 2 ADD/INSERT operations by merging...
---- Optimized COPY and ADD operations to preceding ADD...
---- Optimized COPY and ADD operations to preceding ADD...
---- Optimized COPY and ADD operations to preceding ADD...
---- Optimized COPY and ADD operations to preceding ADD...
---- Optimized COPY and ADD operations to preceding ADD...
---- Optimized COPY and ADD operations to preceding ADD...
---- Optimized 2 ADD/INSERT operations by merging...
---- Optimized 2 ADD/INSERT operations by merging...
---- Optimized 2 ADD/INSERT operations by merging...
---- Optimized 2 ADD/INSERT operations by merging...
---- Optimized 2 ADD/INSERT operations by merging...
---- Optimized 2 ADD/INSERT operations by merging...
---- Optimized 2 ADD/INSERT operations by merging...
---- Optimized 2 ADD/INSERT operations by merging...
--- Found segment that will be moved from address: 0x499C to address: 0x4850 of length 52
--- Found segment that must be added. Length: 4 , address: 0x4884
--- Found a word to insert to address: 0x4888
--- Found segment that must be added. Length: 4 , address: 0x488C
--- Found segment that will be moved from address: 0x49DC to address: 0x4890 of length 24
--- Found segment that must be added. Length: 12 , address: 0x48A8
--- Found segment that will be moved from address: 0x4A00 to address: 0x48B4 of length 84
--- Found a word to insert to address: 0x4908
--- Found a word to insert to address: 0x490C
--- Found a word to insert to address: 0x4910
--- Found a word to insert to address: 0x4914
--- Found a word to insert to address: 0x4918
--- Found a word to insert to address: 0x491C
--- Found a word to insert to address: 0x4920
--- Found a word to insert to address: 0x4924
--- Found a word to insert to address: 0x4928
--- Found a word to insert to address: 0x492C
--- Found a word to insert to address: 0x4930
--- Found a word to insert to address: 0x4934
--- Found a word to insert to address: 0x4938
--- Found a word to insert to address: 0x493C
--- Found a word to insert to address: 0x4940
--- Found a word to insert to address: 0x4944
--- Found a word to insert to address: 0x4948
--- Found a word to insert to address: 0x494C
--- Found a word to insert to address: 0x4950
--- Found a word to insert to address: 0x4954
--- Found a word to insert to address: 0x4958
--- Found a word to insert to address: 0x495C
--- Found a word to insert to address: 0x4960
--- Found a word to insert to address: 0x4964
--- Found a word to insert to address: 0x4968
--- Found a word to insert to address: 0x496C
--- Found a word to insert to address: 0x4970
--- Found a word to insert to address: 0x4974
--- Found a word to insert to address: 0x4978
--- Found a word to insert to address: 0x497C
--- Found a word to insert to address: 0x4980
--- Found a word to insert to address: 0x4984
--- Found a word to insert to address: 0x4988
--- Found a word to insert to address: 0x498C
--- Found a word to insert to address: 0x4990
--- Found a word to insert to address: 0x4994
--- Found a word to insert to address: 0x4998
--- Found a word to insert to address: 0x499C
--- Found a word to insert to address: 0x49A0
--- Found a word to insert to address: 0x49A4
--- Found a word to insert to address: 0x49A8
--- Found a word to insert to address: 0x49AC
--- Found a word to insert to address: 0x49B0
--- Found a word to insert to address: 0x49B4
--- Found a word to insert to address: 0x49B8
--- Found a word to insert to address: 0x49BC
--- Found a word to insert to address: 0x49C0
--- Found a word to insert to address: 0x49C4
--- Found a word to insert to address: 0x49C8
--- Found a word to insert to address: 0x49CC
--- Found a word to insert to address: 0x49D0
--- Found a word to insert to address: 0x49D4
--- Found a word to insert to address: 0x49D8
--- Found a word to insert to address: 0x49DC
--- Found a word to insert to address: 0x49E0
--- Found a word to insert to address: 0x49E4
--- Found a word to insert to address: 0x49E8
--- Found a word to insert to address: 0x49EC
--- Found a word to insert to address: 0x49F0
--- Found a word to insert to address: 0x49F4
--- Found a word to insert to address: 0x49F8
--- Found a word to insert to address: 0x49FC
--- Found a word to insert to address: 0x4A00
--- Found a word to insert to address: 0x4A04
--- Found a word to insert to address: 0x4A08
--- Found a word to insert to address: 0x4A0C
--- Found a word to insert to address: 0x4A10
--- Found a word to insert to address: 0x4A14
--- Found a word to insert to address: 0x4A18
--- Found a word to insert to address: 0x4A1C
--- Found a word to insert to address: 0x4A20
--- Found a word to insert to address: 0x4A24
--- Found a word to insert to address: 0x4A28
--- Found a word to insert to address: 0x4A2C
--- Found a word to insert to address: 0x4A30
--- Found a word to insert to address: 0x4A34
--- Found a word to insert to address: 0x4A38
--- Found a word to insert to address: 0x4A3C
--- Found a word to insert to address: 0x4A40
--- Found a word to insert to address: 0x4A44
--- Found a word to insert to address: 0x4A48
--- Found a word to insert to address: 0x4A4C
--- Found a word to insert to address: 0x4A50

--- OPTIMIZING...

---- Optimized 2 ADD/INSERT operations by merging...
---- Optimized 2 ADD/INSERT operations by merging...
---- Optimized 2 ADD/INSERT operations by merging...
---- Optimized 2 ADD/INSERT operations by merging...
---- Optimized 2 ADD/INSERT operations by merging...
---- Optimized 2 ADD/INSERT operations by merging...
---- Optimized 2 ADD/INSERT operations by merging...
---- Optimized 2 ADD/INSERT operations by merging...
---- Optimized 2 ADD/INSERT operations by merging...
---- Optimized 2 ADD/INSERT operations by merging...
---- Optimized 2 ADD/INSERT operations by merging...
---- Optimized 2 ADD/INSERT operations by merging...
---- Optimized 2 ADD/INSERT operations by merging...
---- Optimized 2 ADD/INSERT operations by merging...
---- Optimized 2 ADD/INSERT operations by merging...
---- Optimized 2 ADD/INSERT operations by merging...
---- Optimized 2 ADD/INSERT operations by merging...
---- Optimized 2 ADD/INSERT operations by merging...
---- Optimized 2 ADD/INSERT operations by merging...
---- Optimized 2 ADD/INSERT operations by merging...
---- Optimized 2 ADD/INSERT operations by merging...
---- Optimized 2 ADD/INSERT operations by merging...
---- Optimized 2 ADD/INSERT operations by merging...
---- Optimized 2 ADD/INSERT operations by merging...
---- Optimized 2 ADD/INSERT operations by merging...
---- Optimized 2 ADD/INSERT operations by merging...
---- Optimized 2 ADD/INSERT operations by merging...
---- Optimized 2 ADD/INSERT operations by merging...
---- Optimized 2 ADD/INSERT operations by merging...
---- Optimized 2 ADD/INSERT operations by merging...
---- Optimized 2 ADD/INSERT operations by merging...
---- Optimized 2 ADD/INSERT operations by merging...
---- Optimized 2 ADD/INSERT operations by merging...
---- Optimized 2 ADD/INSERT operations by merging...
---- Optimized 2 ADD/INSERT operations by merging...
---- Optimized 2 ADD/INSERT operations by merging...
---- Optimized 2 ADD/INSERT operations by merging...
---- Optimized 2 ADD/INSERT operations by merging...
---- Optimized 2 ADD/INSERT operations by merging...
---- Optimized 2 ADD/INSERT operations by merging...
---- Optimized 2 ADD/INSERT operations by merging...
---- Optimized 2 ADD/INSERT operations by merging...
---- Optimized 2 ADD/INSERT operations by merging...
---- Optimized 2 ADD/INSERT operations by merging...
---- Optimized 2 ADD/INSERT operations by merging...
---- Optimized 2 ADD/INSERT operations by merging...
---- Optimized 2 ADD/INSERT operations by merging...
---- Optimized 2 ADD/INSERT operations by merging...
---- Optimized 2 ADD/INSERT operations by merging...
---- Optimized 2 ADD/INSERT operations by merging...
---- Optimized 2 ADD/INSERT operations by merging...
---- Optimized 2 ADD/INSERT operations by merging...
---- Optimized 2 ADD/INSERT operations by merging...
---- Optimized 2 ADD/INSERT operations by merging...
---- Optimized 2 ADD/INSERT operations by merging...
---- Optimized 2 ADD/INSERT operations by merging...
---- Optimized 2 ADD/INSERT operations by merging...
---- Optimized 2 ADD/INSERT operations by merging...
---- Optimized 2 ADD/INSERT operations by merging...
---- Optimized 2 ADD/INSERT operations by merging...
---- Optimized 2 ADD/INSERT operations by merging...
---- Optimized 2 ADD/INSERT operations by merging...
---- Optimized 2 ADD/INSERT operations by merging...
---- Optimized 2 ADD/INSERT operations by merging...
---- Optimized 2 ADD/INSERT operations by merging...
---- Optimized 2 ADD/INSERT operations by merging...
---- Optimized 2 ADD/INSERT operations by merging...
---- Optimized 2 ADD/INSERT operations by merging...
---- Optimized 2 ADD/INSERT operations by merging...
---- Optimized 2 ADD/INSERT operations by merging...
---- Optimized 2 ADD/INSERT operations by merging...
---- Optimized 2 ADD/INSERT operations by merging...
---- Optimized 2 ADD/INSERT operations by merging...
---- Optimized 2 ADD/INSERT operations by merging...
---- Optimized 2 ADD/INSERT operations by merging...
---- Optimized 2 ADD/INSERT operations by merging...
---- Optimized 2 ADD/INSERT operations by merging...
---- Optimized 2 ADD/INSERT operations by merging...
---- Optimized 2 ADD/INSERT operations by merging...
---- Optimized 2 ADD/INSERT operations by merging...
---- Optimized 2 ADD/INSERT operations by merging...
---- Optimized 2 ADD/INSERT operations by merging...
---- Optimized 2 ADD/INSERT operations by merging...
---- Optimized 2 ADD/INSERT operations by merging...
-- Done...
------------------------------------------

-- Generating file 'data_basis\riotboot\samd20-xpro\deltagen_rev_01_rev_02\deltagen_rev_01_slot0_rev_02_slot0'...
--- Data succesfully generated
--- Generating checksum CRC-16
--- Generated CRC-16
--- Finalizing delta file
--- Writing file 'data_basis\riotboot\samd20-xpro\deltagen_rev_01_rev_02\deltagen_rev_01_slot0_rev_02_slot0'

-- OPERATION SUCCESFULL ...
Elapsed time: 00:00:00.3546389
------------------------------------------

