
There are 5 non-matching segments with total length of 18632
-- Found 5 segments that have changed...
-- Searching for matching segments...
-- Done searching...
------------------------------------------

-- Generating operations...
--- Found segment that must be added. Length: 12 , address: 0x4

--- OPTIMIZING...

--- Found word that must be inserted. Length: 4 , address: 0x2C

--- OPTIMIZING...

--- Found segment that must be added. Length: 108 , address: 0x38

--- OPTIMIZING...

--- Found word that must be inserted. Length: 4 , address: 0xB8

--- OPTIMIZING...

--- Found segment that must be added. Length: 44 , address: 0xC0
--- Found a word to insert to address: 0xEC
--- Found segment that must be added. Length: 4 , address: 0xF0
--- Found segment that will be moved from address: 0xC4 to address: 0xF4 of length 8
--- Found segment that must be added. Length: 4 , address: 0xFC
--- Found a word to insert to address: 0x100
--- Found segment that must be added. Length: 4 , address: 0x104
--- Found a word to insert to address: 0x108
--- Found segment that must be added. Length: 20 , address: 0x10C
--- Found a word to insert to address: 0x120
--- Found segment that must be added. Length: 4 , address: 0x124
--- Found a word to insert to address: 0x128
--- Found segment that must be added. Length: 4 , address: 0x12C
--- Found a word to insert to address: 0x130
--- Found segment that must be added. Length: 4 , address: 0x134
--- Found a word to insert to address: 0x138
--- Found segment that must be added. Length: 8 , address: 0x13C
--- Found a word to insert to address: 0x144
--- Found segment that must be added. Length: 16 , address: 0x148
--- Found a word to insert to address: 0x158
--- Found segment that must be added. Length: 24 , address: 0x15C
--- Found a word to insert to address: 0x174
--- Found segment that must be added. Length: 8 , address: 0x178
--- Found a word to insert to address: 0x180
--- Found segment that must be added. Length: 8 , address: 0x184
--- Found a word to insert to address: 0x18C
--- Found segment that must be added. Length: 4 , address: 0x190
--- Found a word to insert to address: 0x194
--- Found segment that must be added. Length: 12 , address: 0x198
--- Found segment that will be moved from address: 0x12C to address: 0x1A4 of length 8
--- Found segment that must be added. Length: 24 , address: 0x1AC
--- Found segment that will be moved from address: 0x14C to address: 0x1C4 of length 8
--- Found segment that must be added. Length: 4 , address: 0x1CC
--- Found a word to insert to address: 0x1D0
--- Found segment that must be added. Length: 20 , address: 0x1D4
--- Found segment that will be moved from address: 0x170 to address: 0x1E8 of length 8
--- Found segment that must be added. Length: 4 , address: 0x1F0
--- Found segment that will be moved from address: 0x17C to address: 0x1F4 of length 12
--- Found segment that must be added. Length: 4 , address: 0x200
--- Found segment that will be moved from address: 0x18C to address: 0x204 of length 24
--- Found segment that must be added. Length: 8 , address: 0x21C
--- Found a word to insert to address: 0x224
--- Found segment that must be added. Length: 4 , address: 0x228
--- Found segment that will be moved from address: 0x1B4 to address: 0x22C of length 40
--- Found segment that must be added. Length: 12 , address: 0x254
--- Found segment that will be moved from address: 0x1E8 to address: 0x260 of length 36
--- Found segment that must be added. Length: 8 , address: 0x284
--- Found segment that will be moved from address: 0x214 to address: 0x28C of length 96
--- Found segment that must be added. Length: 8 , address: 0x2EC
--- Found segment that will be moved from address: 0x27C to address: 0x2F4 of length 104
--- Found segment that must be added. Length: 4 , address: 0x35C
--- Found segment that will be moved from address: 0x2E8 to address: 0x360 of length 12
--- Found segment that must be added. Length: 12 , address: 0x36C
--- Found a word to insert to address: 0x378
--- Found segment that must be added. Length: 4 , address: 0x37C
--- Found segment that will be moved from address: 0x308 to address: 0x380 of length 8
--- Found segment that must be added. Length: 24 , address: 0x388
--- Found segment that will be moved from address: 0x328 to address: 0x3A0 of length 108
--- Found segment that must be added. Length: 20 , address: 0x40C
--- Found a word to insert to address: 0x420
--- Found segment that must be added. Length: 4 , address: 0x424
--- Found segment that will be moved from address: 0x3B0 to address: 0x428 of length 116
--- Found segment that must be added. Length: 8 , address: 0x49C
--- Found segment that will be moved from address: 0x42C to address: 0x4A4 of length 48
--- Found segment that must be added. Length: 8 , address: 0x4D4
--- Found segment that will be moved from address: 0x464 to address: 0x4DC of length 52
--- Found segment that must be added. Length: 16 , address: 0x510
--- Found segment that will be moved from address: 0x4A8 to address: 0x520 of length 28
--- Found segment that must be added. Length: 4 , address: 0x53C
--- Found segment that will be moved from address: 0x4C8 to address: 0x540 of length 48
--- Found segment that must be added. Length: 4 , address: 0x570
--- Found segment that will be moved from address: 0x4FC to address: 0x574 of length 240
--- Found segment that must be added. Length: 8 , address: 0x664
--- Found segment that will be moved from address: 0x5F4 to address: 0x66C of length 24
--- Found segment that must be added. Length: 8 , address: 0x684
--- Found segment that will be moved from address: 0x614 to address: 0x68C of length 108
--- Found segment that must be added. Length: 4 , address: 0x6F8
--- Found segment that will be moved from address: 0x684 to address: 0x6FC of length 28
--- Found segment that must be added. Length: 4 , address: 0x718
--- Found a word to insert to address: 0x71C
--- Found segment that must be added. Length: 4 , address: 0x720
--- Found segment that will be moved from address: 0x6AC to address: 0x724 of length 168
--- Found segment that must be added. Length: 4 , address: 0x7CC
--- Found segment that will be moved from address: 0x758 to address: 0x7D0 of length 160
--- Found segment that must be added. Length: 4 , address: 0x870
--- Found segment that will be moved from address: 0x7FC to address: 0x874 of length 20
--- Found segment that must be added. Length: 4 , address: 0x888
--- Found segment that will be moved from address: 0x814 to address: 0x88C of length 100
--- Found segment that must be added. Length: 4 , address: 0x8F0
--- Found segment that will be moved from address: 0x87C to address: 0x8F4 of length 12
--- Found segment that must be added. Length: 4 , address: 0x900
--- Found segment that will be moved from address: 0x88C to address: 0x904 of length 48
--- Found segment that must be added. Length: 4 , address: 0x934
--- Found segment that will be moved from address: 0x8C0 to address: 0x938 of length 32
--- Found segment that must be added. Length: 4 , address: 0x958
--- Found segment that will be moved from address: 0x8E4 to address: 0x95C of length 8
--- Found segment that must be added. Length: 4 , address: 0x964
--- Found segment that will be moved from address: 0x8F0 to address: 0x968 of length 24
--- Found segment that must be added. Length: 4 , address: 0x980
--- Found segment that will be moved from address: 0x90C to address: 0x984 of length 12
--- Found segment that must be added. Length: 4 , address: 0x990
--- Found a word to insert to address: 0x994
--- Found segment that must be added. Length: 12 , address: 0x998
--- Found segment that will be moved from address: 0x92C to address: 0x9A4 of length 28
--- Found segment that must be added. Length: 20 , address: 0x9C0
--- Found segment that will be moved from address: 0x95C to address: 0x9D4 of length 12
--- Found segment that must be added. Length: 8 , address: 0x9E0
--- Found segment that will be moved from address: 0x970 to address: 0x9E8 of length 84
--- Found segment that must be added. Length: 8 , address: 0xA3C
--- Found segment that will be moved from address: 0x9CC to address: 0xA44 of length 8
--- Found segment that must be added. Length: 8 , address: 0xA4C
--- Found segment that will be moved from address: 0x9DC to address: 0xA54 of length 8
--- Found a word to insert to address: 0xA5C
--- Found segment that must be added. Length: 4 , address: 0xA60
--- Found segment that will be moved from address: 0x9EC to address: 0xA64 of length 8
--- Found segment that must be added. Length: 4 , address: 0xA6C
--- Found segment that will be moved from address: 0x9F8 to address: 0xA70 of length 12
--- Found segment that must be added. Length: 32 , address: 0xA7C
--- Found a word to insert to address: 0xA9C
--- Found segment that must be added. Length: 24 , address: 0xAA0
--- Found segment that will be moved from address: 0xA40 to address: 0xAB8 of length 20
--- Found segment that must be added. Length: 4 , address: 0xACC
--- Found segment that will be moved from address: 0xA58 to address: 0xAD0 of length 316
--- Found segment that must be added. Length: 8 , address: 0xC0C
--- Found segment that will be moved from address: 0xB9C to address: 0xC14 of length 600
--- Found segment that must be added. Length: 4 , address: 0xE6C
--- Found a word to insert to address: 0xE70
--- Found segment that must be added. Length: 4 , address: 0xE74
--- Found segment that will be moved from address: 0xE00 to address: 0xE78 of length 28
--- Found segment that must be added. Length: 4 , address: 0xE94
--- Found segment that will be moved from address: 0xE20 to address: 0xE98 of length 16
--- Found segment that must be added. Length: 52 , address: 0xEA8
--- Found a word to insert to address: 0xEDC
--- Found segment that must be added. Length: 32 , address: 0xEE0
--- Found a word to insert to address: 0xF00
--- Found segment that must be added. Length: 48 , address: 0xF04
--- Found a word to insert to address: 0xF34
--- Found segment that must be added. Length: 84 , address: 0xF38
--- Found a word to insert to address: 0xF8C
--- Found a word to insert to address: 0xF90
--- Found segment that must be added. Length: 28 , address: 0xF94
--- Found a word to insert to address: 0xFB0
--- Found segment that must be added. Length: 92 , address: 0xFB4
--- Found a word to insert to address: 0x1010
--- Found segment that must be added. Length: 12 , address: 0x1014
--- Found a word to insert to address: 0x1020
--- Found segment that must be added. Length: 16 , address: 0x1024
--- Found a word to insert to address: 0x1034
--- Found segment that must be added. Length: 16 , address: 0x1038
--- Found a word to insert to address: 0x1048
--- Found segment that must be added. Length: 24 , address: 0x104C
--- Found segment that will be moved from address: 0xE30 to address: 0x1064 of length 12
--- Found segment that must be added. Length: 4 , address: 0x1070
--- Found a word to insert to address: 0x1074
--- Found segment that must be added. Length: 4 , address: 0x1078
--- Found segment that will be moved from address: 0xE48 to address: 0x107C of length 16
--- Found segment that must be added. Length: 4 , address: 0x108C
--- Found segment that will be moved from address: 0xE5C to address: 0x1090 of length 36
--- Found segment that must be added. Length: 4 , address: 0x10B4
--- Found segment that will be moved from address: 0xE84 to address: 0x10B8 of length 40
--- Found segment that must be added. Length: 4 , address: 0x10E0
--- Found segment that will be moved from address: 0xEB0 to address: 0x10E4 of length 64
--- Found segment that must be added. Length: 4 , address: 0x1124
--- Found a word to insert to address: 0x1128
--- Found segment that must be added. Length: 8 , address: 0x112C
--- Found a word to insert to address: 0x1134
--- Found segment that must be added. Length: 8 , address: 0x1138
--- Found segment that will be moved from address: 0xF0C to address: 0x1140 of length 44
--- Found a word to insert to address: 0x116C
--- Found segment that must be added. Length: 16 , address: 0x1170
--- Found a word to insert to address: 0x1180
--- Found segment that must be added. Length: 12 , address: 0x1184
--- Found a word to insert to address: 0x1190
--- Found segment that must be added. Length: 8 , address: 0x1194
--- Found a word to insert to address: 0x119C
--- Found segment that must be added. Length: 76 , address: 0x11A0
--- Found a word to insert to address: 0x11EC
--- Found segment that must be added. Length: 60 , address: 0x11F0
--- Found segment that will be moved from address: 0xF3C to address: 0x122C of length 8
--- Found segment that must be added. Length: 4 , address: 0x1234
--- Found segment that will be moved from address: 0xF48 to address: 0x1238 of length 8
--- Found segment that must be added. Length: 4 , address: 0x1240
--- Found a word to insert to address: 0x1244
--- Found segment that must be added. Length: 4 , address: 0x1248
--- Found segment that will be moved from address: 0xF5C to address: 0x124C of length 32
--- Found segment that must be added. Length: 8 , address: 0x126C
--- Found segment that will be moved from address: 0xF84 to address: 0x1274 of length 120
--- Found segment that must be added. Length: 4 , address: 0x12EC
--- Found segment that will be moved from address: 0x1000 to address: 0x12F0 of length 20
--- Found segment that must be added. Length: 4 , address: 0x1304
--- Found segment that will be moved from address: 0x1018 to address: 0x1308 of length 16
--- Found segment that must be added. Length: 4 , address: 0x1318
--- Found segment that will be moved from address: 0x102C to address: 0x131C of length 20
--- Found segment that must be added. Length: 4 , address: 0x1330
--- Found segment that will be moved from address: 0x1044 to address: 0x1334 of length 52
--- Found segment that must be added. Length: 12 , address: 0x1368
--- Found a word to insert to address: 0x1374
--- Found segment that must be added. Length: 4 , address: 0x1378
--- Found segment that will be moved from address: 0x108C to address: 0x137C of length 16
--- Found segment that must be added. Length: 4 , address: 0x138C
--- Found segment that will be moved from address: 0x10A0 to address: 0x1390 of length 20
--- Found segment that must be added. Length: 4 , address: 0x13A4
--- Found segment that will be moved from address: 0x10B8 to address: 0x13A8 of length 24
--- Found segment that must be added. Length: 4 , address: 0x13C0
--- Found segment that will be moved from address: 0x10D4 to address: 0x13C4 of length 40
--- Found segment that must be added. Length: 4 , address: 0x13EC
--- Found segment that will be moved from address: 0x1100 to address: 0x13F0 of length 32
--- Found segment that must be added. Length: 4 , address: 0x1410
--- Found a word to insert to address: 0x1414
--- Found segment that must be added. Length: 48 , address: 0x1418
--- Found segment that will be moved from address: 0x1158 to address: 0x1448 of length 8
--- Found segment that must be added. Length: 4 , address: 0x1450
--- Found segment that will be moved from address: 0x1164 to address: 0x1454 of length 16
--- Found segment that must be added. Length: 4 , address: 0x1464
--- Found a word to insert to address: 0x1468
--- Found a word to insert to address: 0x146C
--- Found segment that will be moved from address: 0x1180 to address: 0x1470 of length 84
--- Found a word to insert to address: 0x14C4
--- Found segment that will be moved from address: 0x11D8 to address: 0x14C8 of length 72
--- Found segment that must be added. Length: 4 , address: 0x1510
--- Found segment that will be moved from address: 0x1224 to address: 0x1514 of length 8
--- Found segment that must be added. Length: 4 , address: 0x151C
--- Found segment that will be moved from address: 0x1230 to address: 0x1520 of length 8
--- Found segment that must be added. Length: 4 , address: 0x1528
--- Found segment that will be moved from address: 0x123C to address: 0x152C of length 12
--- Found segment that must be added. Length: 8 , address: 0x1538
--- Found segment that will be moved from address: 0x1250 to address: 0x1540 of length 16
--- Found segment that must be added. Length: 4 , address: 0x1550
--- Found segment that will be moved from address: 0x1264 to address: 0x1554 of length 40
--- Found segment that must be added. Length: 4 , address: 0x157C
--- Found segment that will be moved from address: 0x1290 to address: 0x1580 of length 136
--- Found segment that must be added. Length: 4 , address: 0x1608
--- Found segment that will be moved from address: 0x131C to address: 0x160C of length 8
--- Found segment that must be added. Length: 4 , address: 0x1614
--- Found a word to insert to address: 0x1618
--- Found segment that must be added. Length: 4 , address: 0x161C
--- Found segment that will be moved from address: 0x1330 to address: 0x1620 of length 28
--- Found segment that must be added. Length: 4 , address: 0x163C
--- Found segment that will be moved from address: 0x1350 to address: 0x1640 of length 32
--- Found segment that must be added. Length: 4 , address: 0x1660
--- Found segment that will be moved from address: 0x1374 to address: 0x1664 of length 52
--- Found segment that must be added. Length: 4 , address: 0x1698
--- Found segment that will be moved from address: 0x13AC to address: 0x169C of length 52
--- Found segment that must be added. Length: 16 , address: 0x16D0
--- Found segment that will be moved from address: 0x13E4 to address: 0x16E0 of length 76
--- Found segment that must be added. Length: 4 , address: 0x172C
--- Found segment that will be moved from address: 0x13E4 to address: 0x1730 of length 8
--- Found segment that must be added. Length: 4 , address: 0x1738
--- Found segment that will be moved from address: 0x1430 to address: 0x173C of length 16
--- Found segment that must be added. Length: 4 , address: 0x174C
--- Found segment that will be moved from address: 0x1444 to address: 0x1750 of length 20
--- Found segment that must be added. Length: 4 , address: 0x1764
--- Found a word to insert to address: 0x1768
--- Found segment that must be added. Length: 4 , address: 0x176C
--- Found segment that will be moved from address: 0x1464 to address: 0x1770 of length 96
--- Found segment that must be added. Length: 4 , address: 0x17D0
--- Found segment that will be moved from address: 0x14C8 to address: 0x17D4 of length 80
--- Found segment that must be added. Length: 4 , address: 0x1824
--- Found segment that will be moved from address: 0x151C to address: 0x1828 of length 92
--- Found segment that must be added. Length: 4 , address: 0x1884
--- Found segment that will be moved from address: 0x157C to address: 0x1888 of length 8
--- Found segment that must be added. Length: 8 , address: 0x1890
--- Found segment that will be moved from address: 0x1620 to address: 0x1898 of length 48
--- Found segment that must be added. Length: 4 , address: 0x18C8
--- Found segment that will be moved from address: 0x1654 to address: 0x18CC of length 44
--- Found segment that must be added. Length: 4 , address: 0x18F8
--- Found a word to insert to address: 0x18FC
--- Found segment that must be added. Length: 16 , address: 0x1900
--- Found a word to insert to address: 0x1910
--- Found segment that must be added. Length: 20 , address: 0x1914
--- Found a word to insert to address: 0x1928
--- Found segment that must be added. Length: 20 , address: 0x192C
--- Found a word to insert to address: 0x1940
--- Found segment that must be added. Length: 28 , address: 0x1944
--- Found a word to insert to address: 0x1960
--- Found segment that must be added. Length: 8 , address: 0x1964
--- Found a word to insert to address: 0x196C
--- Found segment that must be added. Length: 20 , address: 0x1970
--- Found a word to insert to address: 0x1984
--- Found segment that must be added. Length: 8 , address: 0x1988
--- Found a word to insert to address: 0x1990
--- Found segment that must be added. Length: 40 , address: 0x1994
--- Found a word to insert to address: 0x19BC
--- Found segment that must be added. Length: 36 , address: 0x19C0
--- Found segment that will be moved from address: 0x16F8 to address: 0x19E4 of length 8
--- Found segment that must be added. Length: 12 , address: 0x19EC
--- Found a word to insert to address: 0x19F8
--- Found segment that must be added. Length: 12 , address: 0x19FC
--- Found segment that will be moved from address: 0x1334 to address: 0x1A08 of length 8
--- Found segment that must be added. Length: 28 , address: 0x1A10
--- Found a word to insert to address: 0x1A2C
--- Found segment that must be added. Length: 12 , address: 0x1A30
--- Found a word to insert to address: 0x1A3C
--- Found segment that must be added. Length: 68 , address: 0x1A40
--- Found a word to insert to address: 0x1A84
--- Found segment that must be added. Length: 4 , address: 0x1A88
--- Found segment that will be moved from address: 0x17E0 to address: 0x1A8C of length 8
--- Found segment that must be added. Length: 32 , address: 0x1A94
--- Found a word to insert to address: 0x1AB4
--- Found segment that must be added. Length: 44 , address: 0x1AB8
--- Found a word to insert to address: 0x1AE4
--- Found segment that must be added. Length: 8 , address: 0x1AE8
--- Found a word to insert to address: 0x1AF0
--- Found a word to insert to address: 0x1AF4
--- Found segment that must be added. Length: 8 , address: 0x1AF8
--- Found a word to insert to address: 0x1B00
--- Found segment that must be added. Length: 40 , address: 0x1B04
--- Found a word to insert to address: 0x1B2C
--- Found segment that must be added. Length: 48 , address: 0x1B30
--- Found segment that will be moved from address: 0x158C to address: 0x1B60 of length 56
--- Found segment that must be added. Length: 12 , address: 0x1B98
--- Found segment that will be moved from address: 0x15D0 to address: 0x1BA4 of length 28
--- Found segment that must be added. Length: 4 , address: 0x1BC0
--- Found a word to insert to address: 0x1BC4
--- Found segment that must be added. Length: 4 , address: 0x1BC8
--- Found segment that will be moved from address: 0x15F8 to address: 0x1BCC of length 12
--- Found segment that must be added. Length: 4 , address: 0x1BD8
--- Found a word to insert to address: 0x1BDC
--- Found segment that must be added. Length: 4 , address: 0x1BE0
--- Found a word to insert to address: 0x1BE4
--- Found segment that must be added. Length: 4 , address: 0x1BE8
--- Found a word to insert to address: 0x1BEC
--- Found segment that must be added. Length: 4 , address: 0x1BF0
--- Found segment that will be moved from address: 0x1620 to address: 0x1BF4 of length 48
--- Found segment that must be added. Length: 4 , address: 0x1C24
--- Found segment that will be moved from address: 0x1654 to address: 0x1C28 of length 44
--- Found segment that must be added. Length: 4 , address: 0x1C54
--- Found segment that will be moved from address: 0x1684 to address: 0x1C58 of length 88
--- Found segment that must be added. Length: 4 , address: 0x1CB0
--- Found segment that will be moved from address: 0x16E0 to address: 0x1CB4 of length 80
--- Found a word to insert to address: 0x1D04
--- Found segment that must be added. Length: 4 , address: 0x1D08
--- Found segment that will be moved from address: 0x1738 to address: 0x1D0C of length 192
--- Found segment that must be added. Length: 4 , address: 0x1DCC
--- Found segment that will be moved from address: 0x17FC to address: 0x1DD0 of length 12
--- Found segment that must be added. Length: 4 , address: 0x1DDC
--- Found segment that will be moved from address: 0x180C to address: 0x1DE0 of length 52
--- Found segment that must be added. Length: 4 , address: 0x1E14
--- Found segment that will be moved from address: 0x1844 to address: 0x1E18 of length 20
--- Found a word to insert to address: 0x1E2C
--- Found segment that must be added. Length: 4 , address: 0x1E30
--- Found segment that will be moved from address: 0x1860 to address: 0x1E34 of length 40
--- Found segment that must be added. Length: 24 , address: 0x1E5C
--- Found segment that will be moved from address: 0x18A0 to address: 0x1E74 of length 28
--- Found segment that must be added. Length: 4 , address: 0x1E90
--- Found segment that will be moved from address: 0x18C0 to address: 0x1E94 of length 44
--- Found segment that must be added. Length: 4 , address: 0x1EC0
--- Found segment that will be moved from address: 0x18F0 to address: 0x1EC4 of length 88
--- Found segment that must be added. Length: 4 , address: 0x1F1C
--- Found segment that will be moved from address: 0x194C to address: 0x1F20 of length 52
--- Found segment that must be added. Length: 4 , address: 0x1F54
--- Found segment that will be moved from address: 0x1984 to address: 0x1F58 of length 40
--- Found segment that must be added. Length: 4 , address: 0x1F80
--- Found segment that will be moved from address: 0x19B0 to address: 0x1F84 of length 56
--- Found segment that must be added. Length: 4 , address: 0x1FBC
--- Found segment that will be moved from address: 0x19EC to address: 0x1FC0 of length 20
--- Found segment that must be added. Length: 28 , address: 0x1FD4
--- Found a word to insert to address: 0x1FF0
--- Found segment that must be added. Length: 36 , address: 0x1FF4
--- Found a word to insert to address: 0x2018
--- Found segment that must be added. Length: 4 , address: 0x201C
--- Found segment that will be moved from address: 0x1A4C to address: 0x2020 of length 40
--- Found segment that must be added. Length: 4 , address: 0x2048
--- Found a word to insert to address: 0x204C
--- Found segment that must be added. Length: 8 , address: 0x2050
--- Found a word to insert to address: 0x2058
--- Found segment that must be added. Length: 4 , address: 0x205C
--- Found segment that will be moved from address: 0x1A8C to address: 0x2060 of length 12
--- Found segment that must be added. Length: 4 , address: 0x206C
--- Found a word to insert to address: 0x2070
--- Found segment that must be added. Length: 4 , address: 0x2074
--- Found segment that will be moved from address: 0x1AA4 to address: 0x2078 of length 16
--- Found segment that must be added. Length: 4 , address: 0x2088
--- Found segment that will be moved from address: 0x1AB8 to address: 0x208C of length 56
--- Found segment that must be added. Length: 4 , address: 0x20C4
--- Found segment that will be moved from address: 0x1AF4 to address: 0x20C8 of length 36
--- Found segment that must be added. Length: 4 , address: 0x20EC
--- Found segment that will be moved from address: 0x1B1C to address: 0x20F0 of length 608
--- Found segment that must be added. Length: 16 , address: 0x2350
--- Found a word to insert to address: 0x2360
--- Found segment that must be added. Length: 24 , address: 0x2364
--- Found segment that will be moved from address: 0x1DA8 to address: 0x237C of length 24
--- Found segment that must be added. Length: 4 , address: 0x2394
--- Found segment that will be moved from address: 0x1DC4 to address: 0x2398 of length 8
--- Found segment that must be added. Length: 8 , address: 0x23A0
--- Found segment that will be moved from address: 0x1DD4 to address: 0x23A8 of length 76
--- Found segment that must be added. Length: 4 , address: 0x23F4
--- Found segment that will be moved from address: 0x1E24 to address: 0x23F8 of length 20
--- Found segment that must be added. Length: 16 , address: 0x240C
--- Found segment that will be moved from address: 0x1E48 to address: 0x241C of length 344
--- Found segment that must be added. Length: 4 , address: 0x2574
--- Found segment that will be moved from address: 0x1FA4 to address: 0x2578 of length 8
--- Found segment that must be added. Length: 4 , address: 0x2580
--- Found a word to insert to address: 0x2584
--- Found segment that must be added. Length: 4 , address: 0x2588
--- Found a word to insert to address: 0x258C
--- Found segment that must be added. Length: 4 , address: 0x2590
--- Found segment that will be moved from address: 0x1FC0 to address: 0x2594 of length 720
--- Found segment that must be added. Length: 12 , address: 0x2864
--- Found segment that will be moved from address: 0x229C to address: 0x2870 of length 32
--- Found segment that must be added. Length: 8 , address: 0x2890
--- Found segment that will be moved from address: 0x22C4 to address: 0x2898 of length 60
--- Found segment that must be added. Length: 16 , address: 0x28D4
--- Found segment that will be moved from address: 0x2310 to address: 0x28E4 of length 12
--- Found segment that must be added. Length: 4 , address: 0x28F0
--- Found segment that will be moved from address: 0x2320 to address: 0x28F4 of length 56
--- Found segment that must be added. Length: 4 , address: 0x292C
--- Found segment that will be moved from address: 0x235C to address: 0x2930 of length 12
--- Found segment that must be added. Length: 4 , address: 0x293C
--- Found segment that will be moved from address: 0x236C to address: 0x2940 of length 12
--- Found segment that must be added. Length: 4 , address: 0x294C
--- Found segment that will be moved from address: 0x237C to address: 0x2950 of length 12
--- Found segment that must be added. Length: 4 , address: 0x295C
--- Found segment that will be moved from address: 0x238C to address: 0x2960 of length 104
--- Found segment that must be added. Length: 8 , address: 0x29C8
--- Found segment that will be moved from address: 0x23FC to address: 0x29D0 of length 136
--- Found segment that must be added. Length: 4 , address: 0x2A58
--- Found segment that will be moved from address: 0x2488 to address: 0x2A5C of length 280
--- Found segment that must be added. Length: 12 , address: 0x2B74
--- Found segment that will be moved from address: 0x25AC to address: 0x2B80 of length 20
--- Found segment that must be added. Length: 4 , address: 0x2B94
--- Found segment that will be moved from address: 0x25C4 to address: 0x2B98 of length 32
--- Found segment that must be added. Length: 16 , address: 0x2BB8
--- Found segment that will be moved from address: 0x25F4 to address: 0x2BC8 of length 184
--- Found segment that must be added. Length: 4 , address: 0x2C80
--- Found segment that will be moved from address: 0x26B0 to address: 0x2C84 of length 52
--- Found segment that must be added. Length: 4 , address: 0x2CB8
--- Found a word to insert to address: 0x2CBC
--- Found segment that must be added. Length: 4 , address: 0x2CC0
--- Found segment that will be moved from address: 0x26F0 to address: 0x2CC4 of length 108
--- Found segment that must be added. Length: 4 , address: 0x2D30
--- Found a word to insert to address: 0x2D34
--- Found segment that must be added. Length: 8 , address: 0x2D38
--- Found segment that will be moved from address: 0x276C to address: 0x2D40 of length 228
--- Found segment that must be added. Length: 12 , address: 0x2E24
--- Found segment that will be moved from address: 0x285C to address: 0x2E30 of length 216
--- Found segment that must be added. Length: 12 , address: 0x2F08
--- Found segment that will be moved from address: 0x2940 to address: 0x2F14 of length 104
--- Found segment that must be added. Length: 12 , address: 0x2F7C
--- Found segment that will be moved from address: 0x29B4 to address: 0x2F88 of length 8
--- Found segment that must be added. Length: 4 , address: 0x2F90
--- Found segment that will be moved from address: 0x29C0 to address: 0x2F94 of length 52
--- Found segment that must be added. Length: 4 , address: 0x2FC8
--- Found segment that will be moved from address: 0x29F8 to address: 0x2FCC of length 20
--- Found segment that must be added. Length: 4 , address: 0x2FE0
--- Found segment that will be moved from address: 0x2A10 to address: 0x2FE4 of length 12
--- Found segment that must be added. Length: 4 , address: 0x2FF0
--- Found segment that will be moved from address: 0x2A20 to address: 0x2FF4 of length 40
--- Found segment that must be added. Length: 4 , address: 0x301C
--- Found segment that will be moved from address: 0x2A4C to address: 0x3020 of length 312
--- Found segment that must be added. Length: 4 , address: 0x3158
--- Found segment that will be moved from address: 0x2B88 to address: 0x315C of length 188
--- Found segment that must be added. Length: 12 , address: 0x3218
--- Found segment that will be moved from address: 0x2C50 to address: 0x3224 of length 228
--- Found segment that must be added. Length: 12 , address: 0x3308
--- Found segment that will be moved from address: 0x2D40 to address: 0x3314 of length 36
--- Found segment that must be added. Length: 8 , address: 0x3338
--- Found segment that will be moved from address: 0x2D6C to address: 0x3340 of length 136
--- Found segment that must be added. Length: 4 , address: 0x33C8
--- Found segment that will be moved from address: 0x2DF8 to address: 0x33CC of length 28
--- Found segment that must be added. Length: 4 , address: 0x33E8
--- Found segment that will be moved from address: 0x2E18 to address: 0x33EC of length 12
--- Found segment that must be added. Length: 4 , address: 0x33F8
--- Found segment that will be moved from address: 0x2E28 to address: 0x33FC of length 12
--- Found segment that must be added. Length: 4 , address: 0x3408
--- Found segment that will be moved from address: 0x2E38 to address: 0x340C of length 676
--- Found segment that must be added. Length: 24 , address: 0x36B0
--- Found a word to insert to address: 0x36C8
--- Found segment that must be added. Length: 4 , address: 0x36CC
--- Found segment that will be moved from address: 0x30FC to address: 0x36D0 of length 292
--- Found segment that must be added. Length: 20 , address: 0x37F4
--- Found segment that will be moved from address: 0x3234 to address: 0x3808 of length 784
--- Found segment that must be added. Length: 8 , address: 0x3B18
--- Found segment that will be moved from address: 0x354C to address: 0x3B20 of length 40
--- Found segment that must be added. Length: 8 , address: 0x3B48
--- Found a word to insert to address: 0x3B50
--- Found segment that must be added. Length: 36 , address: 0x3B54
--- Found a word to insert to address: 0x3B78
--- Found segment that must be added. Length: 184 , address: 0x3B7C
--- Found a word to insert to address: 0x3C34
--- Found a word to insert to address: 0x3C38
--- Found segment that must be added. Length: 20 , address: 0x3C3C
--- Found a word to insert to address: 0x3C50
--- Found segment that must be added. Length: 28 , address: 0x3C54
--- Found a word to insert to address: 0x3C70
--- Found segment that must be added. Length: 8 , address: 0x3C74
--- Found a word to insert to address: 0x3C7C
--- Found segment that must be added. Length: 56 , address: 0x3C80
--- Found segment that will be moved from address: 0x3664 to address: 0x3CB8 of length 264
--- Found segment that must be added. Length: 52 , address: 0x3DC0
--- Found segment that will be moved from address: 0x37A0 to address: 0x3DF4 of length 912
--- Found a word to insert to address: 0x4184
--- Found segment that must be added. Length: 16 , address: 0x4188
--- Found a word to insert to address: 0x4198
--- Found a word to insert to address: 0x419C
--- Found segment that must be added. Length: 16 , address: 0x41A0
--- Found a word to insert to address: 0x41B0
--- Found a word to insert to address: 0x41B4
--- Found segment that must be added. Length: 16 , address: 0x41B8
--- Found a word to insert to address: 0x41C8
--- Found segment that will be moved from address: 0x3B30 to address: 0x41CC of length 1020
--- Found segment that must be added. Length: 72 , address: 0x45C8
--- Found segment that will be moved from address: 0x3F74 to address: 0x4610 of length 628
--- Found segment that must be added. Length: 4 , address: 0x4884
--- Found a word to insert to address: 0x4888
--- Found segment that must be added. Length: 4 , address: 0x488C
--- Found segment that will be moved from address: 0x41F4 to address: 0x4890 of length 24
--- Found segment that must be added. Length: 12 , address: 0x48A8
--- Found segment that will be moved from address: 0x4218 to address: 0x48B4 of length 84

--- OPTIMIZING...

---- Optimized 2 ADD/INSERT operations by merging...
---- Optimized 2 ADD/INSERT operations by merging...
---- Optimized COPY and ADD operations to preceding ADD...
---- Optimized 2 ADD/INSERT operations by merging...
---- Optimized 2 ADD/INSERT operations by merging...
---- Optimized 2 ADD/INSERT operations by merging...
---- Optimized 2 ADD/INSERT operations by merging...
---- Optimized 2 ADD/INSERT operations by merging...
---- Optimized 2 ADD/INSERT operations by merging...
---- Optimized 2 ADD/INSERT operations by merging...
---- Optimized 2 ADD/INSERT operations by merging...
---- Optimized 2 ADD/INSERT operations by merging...
---- Optimized 2 ADD/INSERT operations by merging...
---- Optimized 2 ADD/INSERT operations by merging...
---- Optimized 2 ADD/INSERT operations by merging...
---- Optimized 2 ADD/INSERT operations by merging...
---- Optimized 2 ADD/INSERT operations by merging...
---- Optimized 2 ADD/INSERT operations by merging...
---- Optimized 2 ADD/INSERT operations by merging...
---- Optimized 2 ADD/INSERT operations by merging...
---- Optimized 2 ADD/INSERT operations by merging...
---- Optimized 2 ADD/INSERT operations by merging...
---- Optimized 2 ADD/INSERT operations by merging...
---- Optimized 2 ADD/INSERT operations by merging...
---- Optimized 2 ADD/INSERT operations by merging...
---- Optimized 2 ADD/INSERT operations by merging...
---- Optimized 2 ADD/INSERT operations by merging...
---- Optimized COPY and ADD operations to preceding ADD...
---- Optimized COPY and ADD operations to preceding ADD...
---- Optimized 2 ADD/INSERT operations by merging...
---- Optimized 2 ADD/INSERT operations by merging...
---- Optimized COPY and ADD operations to preceding ADD...
---- Optimized COPY and ADD operations to preceding ADD...
---- Optimized 2 ADD/INSERT operations by merging...
---- Optimized 2 ADD/INSERT operations by merging...
---- Optimized COPY and ADD operations to preceding ADD...
---- Optimized 2 ADD/INSERT operations by merging...
---- Optimized 2 ADD/INSERT operations by merging...
---- Optimized COPY and ADD operations to preceding ADD...
---- Optimized 2 ADD/INSERT operations by merging...
---- Optimized 2 ADD/INSERT operations by merging...
---- Optimized 2 ADD/INSERT operations by merging...
---- Optimized 2 ADD/INSERT operations by merging...
---- Optimized COPY and ADD operations to preceding ADD...
---- Optimized COPY and ADD operations to preceding ADD...
---- Optimized COPY and ADD operations to preceding ADD...
---- Optimized 2 ADD/INSERT operations by merging...
---- Optimized 2 ADD/INSERT operations by merging...
---- Optimized COPY and ADD operations to preceding ADD...
---- Optimized COPY and ADD operations to preceding ADD...
---- Optimized COPY and ADD operations to preceding ADD...
---- Optimized 2 ADD/INSERT operations by merging...
---- Optimized COPY and ADD operations to preceding ADD...
---- Optimized COPY and ADD operations to preceding ADD...
---- Optimized 2 ADD/INSERT operations by merging...
---- Optimized 2 ADD/INSERT operations by merging...
---- Optimized 2 ADD/INSERT operations by merging...
---- Optimized 2 ADD/INSERT operations by merging...
---- Optimized 2 ADD/INSERT operations by merging...
---- Optimized 2 ADD/INSERT operations by merging...
---- Optimized 2 ADD/INSERT operations by merging...
---- Optimized 2 ADD/INSERT operations by merging...
---- Optimized 2 ADD/INSERT operations by merging...
---- Optimized 2 ADD/INSERT operations by merging...
---- Optimized 2 ADD/INSERT operations by merging...
---- Optimized 2 ADD/INSERT operations by merging...
---- Optimized 2 ADD/INSERT operations by merging...
---- Optimized 2 ADD/INSERT operations by merging...
---- Optimized 2 ADD/INSERT operations by merging...
---- Optimized 2 ADD/INSERT operations by merging...
---- Optimized 2 ADD/INSERT operations by merging...
---- Optimized 2 ADD/INSERT operations by merging...
---- Optimized 2 ADD/INSERT operations by merging...
---- Optimized 2 ADD/INSERT operations by merging...
---- Optimized 2 ADD/INSERT operations by merging...
---- Optimized 2 ADD/INSERT operations by merging...
---- Optimized 2 ADD/INSERT operations by merging...
---- Optimized COPY and ADD operations to preceding ADD...
---- Optimized 2 ADD/INSERT operations by merging...
---- Optimized 2 ADD/INSERT operations by merging...
---- Optimized 2 ADD/INSERT operations by merging...
---- Optimized 2 ADD/INSERT operations by merging...
---- Optimized 2 ADD/INSERT operations by merging...
---- Optimized 2 ADD/INSERT operations by merging...
---- Optimized 2 ADD/INSERT operations by merging...
---- Optimized 2 ADD/INSERT operations by merging...
---- Optimized 2 ADD/INSERT operations by merging...
---- Optimized 2 ADD/INSERT operations by merging...
---- Optimized 2 ADD/INSERT operations by merging...
---- Optimized 2 ADD/INSERT operations by merging...
---- Optimized 2 ADD/INSERT operations by merging...
---- Optimized 2 ADD/INSERT operations by merging...
---- Optimized 2 ADD/INSERT operations by merging...
---- Optimized COPY and ADD operations to preceding ADD...
---- Optimized COPY and ADD operations to preceding ADD...
---- Optimized 2 ADD/INSERT operations by merging...
---- Optimized 2 ADD/INSERT operations by merging...
---- Optimized 2 ADD/INSERT operations by merging...
---- Optimized 2 ADD/INSERT operations by merging...
---- Optimized 2 ADD/INSERT operations by merging...
---- Optimized 2 ADD/INSERT operations by merging...
---- Optimized COPY and ADD operations to preceding ADD...
---- Optimized 2 ADD/INSERT operations by merging...
---- Optimized 2 ADD/INSERT operations by merging...
---- Optimized COPY and ADD operations to preceding ADD...
---- Optimized COPY and ADD operations to preceding ADD...
---- Optimized COPY and ADD operations to preceding ADD...
---- Optimized COPY and ADD operations to preceding ADD...
---- Optimized 2 ADD/INSERT operations by merging...
---- Optimized 2 ADD/INSERT operations by merging...
---- Optimized COPY and ADD operations to preceding ADD...
---- Optimized 2 ADD/INSERT operations by merging...
---- Optimized 2 ADD/INSERT operations by merging...
---- Optimized COPY and ADD operations to preceding ADD...
---- Optimized 2 ADD/INSERT operations by merging...
---- Optimized 2 ADD/INSERT operations by merging...
---- Optimized 2 ADD/INSERT operations by merging...
---- Optimized 2 ADD/INSERT operations by merging...
---- Optimized 2 ADD/INSERT operations by merging...
---- Optimized 2 ADD/INSERT operations by merging...
---- Optimized 2 ADD/INSERT operations by merging...
---- Optimized 2 ADD/INSERT operations by merging...
---- Optimized 2 ADD/INSERT operations by merging...
---- Optimized 2 ADD/INSERT operations by merging...
---- Optimized 2 ADD/INSERT operations by merging...
---- Optimized 2 ADD/INSERT operations by merging...
---- Optimized 2 ADD/INSERT operations by merging...
---- Optimized 2 ADD/INSERT operations by merging...
---- Optimized 2 ADD/INSERT operations by merging...
---- Optimized 2 ADD/INSERT operations by merging...
---- Optimized 2 ADD/INSERT operations by merging...
---- Optimized 2 ADD/INSERT operations by merging...
---- Optimized COPY and ADD operations to preceding ADD...
---- Optimized 2 ADD/INSERT operations by merging...
---- Optimized 2 ADD/INSERT operations by merging...
---- Optimized COPY and ADD operations to preceding ADD...
---- Optimized 2 ADD/INSERT operations by merging...
---- Optimized 2 ADD/INSERT operations by merging...
---- Optimized 2 ADD/INSERT operations by merging...
---- Optimized 2 ADD/INSERT operations by merging...
---- Optimized 2 ADD/INSERT operations by merging...
---- Optimized 2 ADD/INSERT operations by merging...
---- Optimized COPY and ADD operations to preceding ADD...
---- Optimized 2 ADD/INSERT operations by merging...
---- Optimized 2 ADD/INSERT operations by merging...
---- Optimized 2 ADD/INSERT operations by merging...
---- Optimized 2 ADD/INSERT operations by merging...
---- Optimized 2 ADD/INSERT operations by merging...
---- Optimized 2 ADD/INSERT operations by merging...
---- Optimized 2 ADD/INSERT operations by merging...
---- Optimized 2 ADD/INSERT operations by merging...
---- Optimized 2 ADD/INSERT operations by merging...
---- Optimized 2 ADD/INSERT operations by merging...
---- Optimized 2 ADD/INSERT operations by merging...
---- Optimized 2 ADD/INSERT operations by merging...
---- Optimized 2 ADD/INSERT operations by merging...
---- Optimized COPY and ADD operations to preceding ADD...
---- Optimized 2 ADD/INSERT operations by merging...
---- Optimized 2 ADD/INSERT operations by merging...
---- Optimized 2 ADD/INSERT operations by merging...
---- Optimized 2 ADD/INSERT operations by merging...
---- Optimized 2 ADD/INSERT operations by merging...
---- Optimized 2 ADD/INSERT operations by merging...
---- Optimized 2 ADD/INSERT operations by merging...
---- Optimized COPY and ADD operations to preceding ADD...
---- Optimized 2 ADD/INSERT operations by merging...
---- Optimized 2 ADD/INSERT operations by merging...
---- Optimized 2 ADD/INSERT operations by merging...
---- Optimized 2 ADD/INSERT operations by merging...
---- Optimized 2 ADD/INSERT operations by merging...
---- Optimized 2 ADD/INSERT operations by merging...
---- Optimized 2 ADD/INSERT operations by merging...
---- Optimized 2 ADD/INSERT operations by merging...
---- Optimized 2 ADD/INSERT operations by merging...
---- Optimized COPY and ADD operations to preceding ADD...
---- Optimized 2 ADD/INSERT operations by merging...
---- Optimized 2 ADD/INSERT operations by merging...
---- Optimized 2 ADD/INSERT operations by merging...
---- Optimized 2 ADD/INSERT operations by merging...
---- Optimized COPY and ADD operations to preceding ADD...
---- Optimized COPY and ADD operations to preceding ADD...
---- Optimized 2 ADD/INSERT operations by merging...
---- Optimized 2 ADD/INSERT operations by merging...
---- Optimized 2 ADD/INSERT operations by merging...
---- Optimized 2 ADD/INSERT operations by merging...
---- Optimized COPY and ADD operations to preceding ADD...
---- Optimized COPY and ADD operations to preceding ADD...
---- Optimized COPY and ADD operations to preceding ADD...
---- Optimized COPY and ADD operations to preceding ADD...
---- Optimized 2 ADD/INSERT operations by merging...
---- Optimized 2 ADD/INSERT operations by merging...
---- Optimized 2 ADD/INSERT operations by merging...
---- Optimized 2 ADD/INSERT operations by merging...
---- Optimized COPY and ADD operations to preceding ADD...
---- Optimized COPY and ADD operations to preceding ADD...
---- Optimized COPY and ADD operations to preceding ADD...
---- Optimized COPY and ADD operations to preceding ADD...
---- Optimized 2 ADD/INSERT operations by merging...
---- Optimized 2 ADD/INSERT operations by merging...
---- Optimized 2 ADD/INSERT operations by merging...
---- Optimized 2 ADD/INSERT operations by merging...
---- Optimized 2 ADD/INSERT operations by merging...
---- Optimized 2 ADD/INSERT operations by merging...
---- Optimized 2 ADD/INSERT operations by merging...
---- Optimized 2 ADD/INSERT operations by merging...
---- Optimized 2 ADD/INSERT operations by merging...
---- Optimized 2 ADD/INSERT operations by merging...
---- Optimized 2 ADD/INSERT operations by merging...
---- Optimized 2 ADD/INSERT operations by merging...
---- Optimized 2 ADD/INSERT operations by merging...
---- Optimized 2 ADD/INSERT operations by merging...
---- Optimized 2 ADD/INSERT operations by merging...
---- Optimized 2 ADD/INSERT operations by merging...
---- Optimized 2 ADD/INSERT operations by merging...
---- Optimized 2 ADD/INSERT operations by merging...
---- Optimized 2 ADD/INSERT operations by merging...
---- Optimized 2 ADD/INSERT operations by merging...
---- Optimized 2 ADD/INSERT operations by merging...
---- Optimized 2 ADD/INSERT operations by merging...
---- Optimized 2 ADD/INSERT operations by merging...
---- Optimized 2 ADD/INSERT operations by merging...
---- Optimized 2 ADD/INSERT operations by merging...
-- Done...
------------------------------------------

-- Generating file 'data_basis\riotboot\samd20-xpro\deltagen_rev_00_rev_02\deltagen_rev_00_slot1_rev_02_slot0'...
--- Data succesfully generated
--- Generating checksum CRC-16
--- Generated CRC-16
--- Finalizing delta file
--- Writing file 'data_basis\riotboot\samd20-xpro\deltagen_rev_00_rev_02\deltagen_rev_00_slot1_rev_02_slot0'

-- OPERATION SUCCESFULL ...
Elapsed time: 00:00:00.4142899
------------------------------------------

