
There are 6 non-matching segments with total length of 17464
-- Found 6 segments that have changed...
-- Searching for matching segments...
-- Done searching...
------------------------------------------

-- Generating operations...
--- Found segment that must be added. Length: 12 , address: 0x4

--- OPTIMIZING...

--- Found word that must be inserted. Length: 4 , address: 0x2C

--- OPTIMIZING...

--- Found segment that must be added. Length: 120 , address: 0x38

--- OPTIMIZING...

--- Found word that must be inserted. Length: 4 , address: 0xC4

--- OPTIMIZING...

--- Found segment that must be added. Length: 44 , address: 0xCC
--- Found a word to insert to address: 0xF8
--- Found segment that must be added. Length: 4 , address: 0xFC
--- Found segment that will be moved from address: 0x108 to address: 0x100 of length 8
--- Found segment that must be added. Length: 4 , address: 0x108
--- Found a word to insert to address: 0x10C
--- Found segment that must be added. Length: 4 , address: 0x110
--- Found a word to insert to address: 0x114
--- Found segment that must be added. Length: 20 , address: 0x118
--- Found a word to insert to address: 0x12C
--- Found segment that must be added. Length: 4 , address: 0x130
--- Found a word to insert to address: 0x134
--- Found segment that must be added. Length: 4 , address: 0x138
--- Found a word to insert to address: 0x13C
--- Found segment that must be added. Length: 4 , address: 0x140
--- Found a word to insert to address: 0x144
--- Found segment that must be added. Length: 8 , address: 0x148
--- Found a word to insert to address: 0x150
--- Found segment that must be added. Length: 12 , address: 0x154
--- Found segment that will be moved from address: 0x18C to address: 0x160 of length 8
--- Found segment that must be added. Length: 4 , address: 0x168
--- Found a word to insert to address: 0x16C
--- Found segment that must be added. Length: 4 , address: 0x170
--- Found a word to insert to address: 0x174
--- Found segment that must be added. Length: 4 , address: 0x178
--- Found segment that will be moved from address: 0x1A8 to address: 0x17C of length 20
--- Found segment that must be added. Length: 8 , address: 0x190
--- Found a word to insert to address: 0x198
--- Found segment that must be added. Length: 4 , address: 0x19C
--- Found segment that will be moved from address: 0x1CC to address: 0x1A0 of length 8
--- Found segment that must be added. Length: 8 , address: 0x1A8
--- Found segment that will be moved from address: 0x1DC to address: 0x1B0 of length 8
--- Found segment that must be added. Length: 24 , address: 0x1B8
--- Found segment that will be moved from address: 0x1FC to address: 0x1D0 of length 16
--- Found segment that must be added. Length: 8 , address: 0x1E0
--- Found segment that will be moved from address: 0x214 to address: 0x1E8 of length 12
--- Found segment that must be added. Length: 4 , address: 0x1F4
--- Found segment that will be moved from address: 0x224 to address: 0x1F8 of length 12
--- Found segment that must be added. Length: 4 , address: 0x204
--- Found segment that will be moved from address: 0x234 to address: 0x208 of length 24
--- Found segment that must be added. Length: 4 , address: 0x220
--- Found segment that will be moved from address: 0x250 to address: 0x224 of length 8
--- Found segment that must be added. Length: 4 , address: 0x22C
--- Found segment that will be moved from address: 0x25C to address: 0x230 of length 40
--- Found segment that must be added. Length: 12 , address: 0x258
--- Found segment that will be moved from address: 0x290 to address: 0x264 of length 36
--- Found segment that must be added. Length: 8 , address: 0x288
--- Found segment that will be moved from address: 0x2BC to address: 0x290 of length 96
--- Found segment that must be added. Length: 8 , address: 0x2F0
--- Found segment that will be moved from address: 0x324 to address: 0x2F8 of length 104
--- Found segment that must be added. Length: 4 , address: 0x360
--- Found segment that will be moved from address: 0x390 to address: 0x364 of length 12
--- Found segment that must be added. Length: 12 , address: 0x370
--- Found a word to insert to address: 0x37C
--- Found segment that must be added. Length: 4 , address: 0x380
--- Found segment that will be moved from address: 0x3B0 to address: 0x384 of length 8
--- Found a word to insert to address: 0x38C
--- Found a word to insert to address: 0x390
--- Found segment that must be added. Length: 16 , address: 0x394
--- Found segment that will be moved from address: 0x3D0 to address: 0x3A4 of length 108
--- Found segment that must be added. Length: 4 , address: 0x410
--- Found a word to insert to address: 0x414
--- Found segment that must be added. Length: 12 , address: 0x418
--- Found a word to insert to address: 0x424
--- Found segment that must be added. Length: 4 , address: 0x428
--- Found segment that will be moved from address: 0x458 to address: 0x42C of length 116
--- Found segment that must be added. Length: 4 , address: 0x4A0
--- Found a word to insert to address: 0x4A4
--- Found segment that will be moved from address: 0x4D4 to address: 0x4A8 of length 48
--- Found segment that must be added. Length: 8 , address: 0x4D8
--- Found segment that will be moved from address: 0x50C to address: 0x4E0 of length 52
--- Found segment that must be added. Length: 16 , address: 0x514
--- Found segment that will be moved from address: 0x550 to address: 0x524 of length 28
--- Found segment that must be added. Length: 4 , address: 0x540
--- Found segment that will be moved from address: 0x570 to address: 0x544 of length 48
--- Found segment that must be added. Length: 4 , address: 0x574
--- Found segment that will be moved from address: 0x5A4 to address: 0x578 of length 240
--- Found segment that must be added. Length: 8 , address: 0x668
--- Found segment that will be moved from address: 0x69C to address: 0x670 of length 24
--- Found segment that must be added. Length: 8 , address: 0x688
--- Found segment that will be moved from address: 0x6BC to address: 0x690 of length 140
--- Found segment that must be added. Length: 4 , address: 0x71C
--- Found a word to insert to address: 0x720
--- Found segment that must be added. Length: 4 , address: 0x724
--- Found segment that will be moved from address: 0x754 to address: 0x728 of length 168
--- Found segment that must be added. Length: 4 , address: 0x7D0
--- Found segment that will be moved from address: 0x800 to address: 0x7D4 of length 160
--- Found segment that must be added. Length: 4 , address: 0x874
--- Found segment that will be moved from address: 0x8A4 to address: 0x878 of length 20
--- Found segment that must be added. Length: 4 , address: 0x88C
--- Found segment that will be moved from address: 0x8BC to address: 0x890 of length 100
--- Found segment that must be added. Length: 4 , address: 0x8F4
--- Found segment that will be moved from address: 0x924 to address: 0x8F8 of length 12
--- Found segment that must be added. Length: 4 , address: 0x904
--- Found segment that will be moved from address: 0x934 to address: 0x908 of length 48
--- Found segment that must be added. Length: 4 , address: 0x938
--- Found segment that will be moved from address: 0x968 to address: 0x93C of length 32
--- Found segment that must be added. Length: 4 , address: 0x95C
--- Found segment that will be moved from address: 0x98C to address: 0x960 of length 8
--- Found segment that must be added. Length: 4 , address: 0x968
--- Found segment that will be moved from address: 0x998 to address: 0x96C of length 24
--- Found segment that must be added. Length: 4 , address: 0x984
--- Found segment that will be moved from address: 0x9B4 to address: 0x988 of length 12
--- Found segment that must be added. Length: 4 , address: 0x994
--- Found a word to insert to address: 0x998
--- Found segment that must be added. Length: 4 , address: 0x99C
--- Found a word to insert to address: 0x9A0
--- Found segment that must be added. Length: 4 , address: 0x9A4
--- Found segment that will be moved from address: 0x9D4 to address: 0x9A8 of length 28
--- Found segment that must be added. Length: 4 , address: 0x9C4
--- Found a word to insert to address: 0x9C8
--- Found segment that must be added. Length: 4 , address: 0x9CC
--- Found a word to insert to address: 0x9D0
--- Found segment that must be added. Length: 4 , address: 0x9D4
--- Found segment that will be moved from address: 0xA04 to address: 0x9D8 of length 16
--- Found segment that must be added. Length: 4 , address: 0x9E8
--- Found segment that will be moved from address: 0xA18 to address: 0x9EC of length 84
--- Found segment that must be added. Length: 8 , address: 0xA40
--- Found segment that will be moved from address: 0xA74 to address: 0xA48 of length 12
--- Found segment that must be added. Length: 4 , address: 0xA54
--- Found segment that will be moved from address: 0xA84 to address: 0xA58 of length 12
--- Found segment that must be added. Length: 4 , address: 0xA64
--- Found segment that will be moved from address: 0xA94 to address: 0xA68 of length 8
--- Found segment that must be added. Length: 4 , address: 0xA70
--- Found segment that will be moved from address: 0xAA0 to address: 0xA74 of length 12
--- Found segment that must be added. Length: 28 , address: 0xA80
--- Found a word to insert to address: 0xA9C
--- Found a word to insert to address: 0xAA0
--- Found segment that must be added. Length: 24 , address: 0xAA4
--- Found segment that will be moved from address: 0xAE8 to address: 0xABC of length 20
--- Found segment that must be added. Length: 4 , address: 0xAD0
--- Found segment that will be moved from address: 0xB00 to address: 0xAD4 of length 220
--- Found segment that must be added. Length: 4 , address: 0xBB0
--- Found a word to insert to address: 0xBB4
--- Found segment that will be moved from address: 0xBE4 to address: 0xBB8 of length 68
--- Found segment that must be added. Length: 4 , address: 0xBFC
--- Found segment that will be moved from address: 0xC2C to address: 0xC00 of length 28
--- Found segment that must be added. Length: 4 , address: 0xC1C
--- Found segment that will be moved from address: 0xC4C to address: 0xC20 of length 16
--- Found segment that must be added. Length: 16 , address: 0xC30
--- Found a word to insert to address: 0xC40
--- Found segment that must be added. Length: 32 , address: 0xC44
--- Found a word to insert to address: 0xC64
--- Found segment that must be added. Length: 8 , address: 0xC68
--- Found a word to insert to address: 0xC70
--- Found segment that must be added. Length: 20 , address: 0xC74
--- Found a word to insert to address: 0xC88
--- Found segment that must be added. Length: 48 , address: 0xC8C
--- Found a word to insert to address: 0xCBC
--- Found segment that must be added. Length: 84 , address: 0xCC0
--- Found a word to insert to address: 0xD14
--- Found a word to insert to address: 0xD18
--- Found segment that must be added. Length: 4 , address: 0xD1C
--- Found a word to insert to address: 0xD20
--- Found segment that must be added. Length: 20 , address: 0xD24
--- Found a word to insert to address: 0xD38
--- Found segment that must be added. Length: 72 , address: 0xD3C
--- Found segment that will be moved from address: 0xE10 to address: 0xD84 of length 8
--- Found segment that must be added. Length: 12 , address: 0xD8C
--- Found a word to insert to address: 0xD98
--- Found segment that must be added. Length: 12 , address: 0xD9C
--- Found a word to insert to address: 0xDA8
--- Found segment that must be added. Length: 16 , address: 0xDAC
--- Found a word to insert to address: 0xDBC
--- Found segment that must be added. Length: 16 , address: 0xDC0
--- Found a word to insert to address: 0xDD0
--- Found segment that must be added. Length: 24 , address: 0xDD4
--- Found a word to insert to address: 0xDEC
--- Found segment that will be moved from address: 0xF08 to address: 0xDF0 of length 60
--- Found segment that must be added. Length: 4 , address: 0xE2C
--- Found segment that will be moved from address: 0xF48 to address: 0xE30 of length 288
--- Found segment that must be added. Length: 4 , address: 0xF50
--- Found segment that will be moved from address: 0x106C to address: 0xF54 of length 32
--- Found segment that must be added. Length: 4 , address: 0xF74
--- Found segment that will be moved from address: 0x1090 to address: 0xF78 of length 124
--- Found segment that must be added. Length: 4 , address: 0xFF4
--- Found segment that will be moved from address: 0x1110 to address: 0xFF8 of length 20
--- Found segment that must be added. Length: 4 , address: 0x100C
--- Found segment that will be moved from address: 0x1128 to address: 0x1010 of length 16
--- Found segment that must be added. Length: 4 , address: 0x1020
--- Found segment that will be moved from address: 0x113C to address: 0x1024 of length 20
--- Found segment that must be added. Length: 4 , address: 0x1038
--- Found segment that will be moved from address: 0x1154 to address: 0x103C of length 56
--- Found segment that must be added. Length: 8 , address: 0x1074
--- Found a word to insert to address: 0x107C
--- Found segment that must be added. Length: 4 , address: 0x1080
--- Found segment that will be moved from address: 0x119C to address: 0x1084 of length 40
--- Found segment that must be added. Length: 4 , address: 0x10AC
--- Found segment that will be moved from address: 0x11C8 to address: 0x10B0 of length 24
--- Found segment that must be added. Length: 4 , address: 0x10C8
--- Found segment that will be moved from address: 0x11E4 to address: 0x10CC of length 84
--- Found segment that must be added. Length: 48 , address: 0x1120
--- Found segment that will be moved from address: 0x1268 to address: 0x1150 of length 72
--- Found segment that must be added. Length: 4 , address: 0x1198
--- Found segment that will be moved from address: 0x12B4 to address: 0x119C of length 20
--- Found segment that must be added. Length: 4 , address: 0x11B0
--- Found segment that will be moved from address: 0x12CC to address: 0x11B4 of length 12
--- Found segment that must be added. Length: 8 , address: 0x11C0
--- Found segment that will be moved from address: 0x12E0 to address: 0x11C8 of length 12
--- Found a word to insert to address: 0x11D4
--- Found segment that must be added. Length: 4 , address: 0x11D8
--- Found segment that will be moved from address: 0x12F4 to address: 0x11DC of length 40
--- Found a word to insert to address: 0x1204
--- Found segment that will be moved from address: 0x1320 to address: 0x1208 of length 132
--- Found segment that must be added. Length: 4 , address: 0x128C
--- Found a word to insert to address: 0x1290
--- Found a word to insert to address: 0x1294
--- Found segment that must be added. Length: 4 , address: 0x1298
--- Found a word to insert to address: 0x129C
--- Found segment that must be added. Length: 4 , address: 0x12A0
--- Found segment that will be moved from address: 0x13BC to address: 0x12A4 of length 28
--- Found segment that must be added. Length: 4 , address: 0x12C0
--- Found segment that will be moved from address: 0x13DC to address: 0x12C4 of length 32
--- Found a word to insert to address: 0x12E4
--- Found segment that will be moved from address: 0x1400 to address: 0x12E8 of length 308
--- Found segment that must be added. Length: 4 , address: 0x141C
--- Found segment that will be moved from address: 0x1538 to address: 0x1420 of length 176
--- Found segment that must be added. Length: 4 , address: 0x14D0
--- Found segment that will be moved from address: 0x15EC to address: 0x14D4 of length 8
--- Found segment that must be added. Length: 8 , address: 0x14DC
--- Found segment that will be moved from address: 0x15FC to address: 0x14E4 of length 48
--- Found segment that must be added. Length: 4 , address: 0x1514
--- Found segment that will be moved from address: 0x1630 to address: 0x1518 of length 44
--- Found segment that must be added. Length: 4 , address: 0x1544
--- Found segment that will be moved from address: 0x1660 to address: 0x1548 of length 96
--- Found segment that must be added. Length: 4 , address: 0x15A8
--- Found a word to insert to address: 0x15AC
--- Found segment that must be added. Length: 8 , address: 0x15B0
--- Found segment that will be moved from address: 0x16D0 to address: 0x15B8 of length 12
--- Found segment that must be added. Length: 4 , address: 0x15C4
--- Found segment that will be moved from address: 0x16E0 to address: 0x15C8 of length 76
--- Found segment that must be added. Length: 4 , address: 0x1614
--- Found segment that will be moved from address: 0x1730 to address: 0x1618 of length 48
--- Found segment that must be added. Length: 12 , address: 0x1648
--- Found segment that will be moved from address: 0x176C to address: 0x1654 of length 28
--- Found segment that must be added. Length: 4 , address: 0x1670
--- Found segment that will be moved from address: 0x178C to address: 0x1674 of length 24
--- Found segment that must be added. Length: 4 , address: 0x168C
--- Found segment that will be moved from address: 0x17A8 to address: 0x1690 of length 104
--- Found segment that must be added. Length: 8 , address: 0x16F8
--- Found segment that will be moved from address: 0x1818 to address: 0x1700 of length 44
--- Found segment that must be added. Length: 4 , address: 0x172C
--- Found a word to insert to address: 0x1730
--- Found segment that must be added. Length: 8 , address: 0x1734
--- Found segment that will be moved from address: 0x1854 to address: 0x173C of length 24
--- Found segment that must be added. Length: 4 , address: 0x1754
--- Found segment that will be moved from address: 0x1870 to address: 0x1758 of length 72
--- Found segment that must be added. Length: 8 , address: 0x17A0
--- Found segment that will be moved from address: 0x18C0 to address: 0x17A8 of length 112
--- Found segment that must be added. Length: 4 , address: 0x1818
--- Found a word to insert to address: 0x181C
--- Found segment that must be added. Length: 4 , address: 0x1820
--- Found segment that will be moved from address: 0x193C to address: 0x1824 of length 32
--- Found segment that must be added. Length: 4 , address: 0x1844
--- Found segment that will be moved from address: 0x1960 to address: 0x1848 of length 36
--- Found segment that must be added. Length: 4 , address: 0x186C
--- Found segment that will be moved from address: 0x1988 to address: 0x1870 of length 72
--- Found segment that must be added. Length: 12 , address: 0x18B8
--- Found segment that will be moved from address: 0x19DC to address: 0x18C4 of length 76
--- Found segment that must be added. Length: 4 , address: 0x1910
--- Found segment that will be moved from address: 0x15FC to address: 0x1914 of length 48
--- Found segment that must be added. Length: 4 , address: 0x1944
--- Found segment that will be moved from address: 0x1630 to address: 0x1948 of length 44
--- Found segment that must be added. Length: 4 , address: 0x1974
--- Found segment that will be moved from address: 0x1A90 to address: 0x1978 of length 84
--- Found a word to insert to address: 0x19CC
--- Found segment that must be added. Length: 4 , address: 0x19D0
--- Found segment that will be moved from address: 0x1AEC to address: 0x19D4 of length 84
--- Found segment that must be added. Length: 4 , address: 0x1A28
--- Found segment that will be moved from address: 0x1B44 to address: 0x1A2C of length 172
--- Found segment that must be added. Length: 4 , address: 0x1AD8
--- Found segment that will be moved from address: 0x1BF4 to address: 0x1ADC of length 12
--- Found segment that must be added. Length: 4 , address: 0x1AE8
--- Found segment that will be moved from address: 0x1C04 to address: 0x1AEC of length 52
--- Found segment that must be added. Length: 4 , address: 0x1B20
--- Found segment that will be moved from address: 0x1C3C to address: 0x1B24 of length 32
--- Found segment that must be added. Length: 4 , address: 0x1B44
--- Found segment that will be moved from address: 0x1C60 to address: 0x1B48 of length 44
--- Found segment that must be added. Length: 4 , address: 0x1B74
--- Found a word to insert to address: 0x1B78
--- Found segment that must be added. Length: 16 , address: 0x1B7C
--- Found segment that will be moved from address: 0x1CA4 to address: 0x1B8C of length 28
--- Found segment that must be added. Length: 4 , address: 0x1BA8
--- Found segment that will be moved from address: 0x1CC4 to address: 0x1BAC of length 324
--- Found segment that must be added. Length: 24 , address: 0x1CF0
--- Found a word to insert to address: 0x1D08
--- Found segment that must be added. Length: 36 , address: 0x1D0C
--- Found segment that will be moved from address: 0x1E48 to address: 0x1D30 of length 12
--- Found segment that must be added. Length: 4 , address: 0x1D3C
--- Found segment that will be moved from address: 0x1E58 to address: 0x1D40 of length 16
--- Found segment that must be added. Length: 4 , address: 0x1D50
--- Found segment that will be moved from address: 0x1E6C to address: 0x1D54 of length 56
--- Found segment that must be added. Length: 4 , address: 0x1D8C
--- Found segment that will be moved from address: 0x1EA8 to address: 0x1D90 of length 36
--- Found segment that must be added. Length: 4 , address: 0x1DB4
--- Found segment that will be moved from address: 0x1ED0 to address: 0x1DB8 of length 608
--- Found segment that must be added. Length: 16 , address: 0x2018
--- Found a word to insert to address: 0x2028
--- Found segment that must be added. Length: 24 , address: 0x202C
--- Found segment that will be moved from address: 0x215C to address: 0x2044 of length 24
--- Found segment that must be added. Length: 4 , address: 0x205C
--- Found segment that will be moved from address: 0x2178 to address: 0x2060 of length 12
--- Found segment that must be added. Length: 4 , address: 0x206C
--- Found segment that will be moved from address: 0x2188 to address: 0x2070 of length 768
--- Found segment that must be added. Length: 12 , address: 0x2370
--- Found segment that will be moved from address: 0x2494 to address: 0x237C of length 32
--- Found segment that must be added. Length: 8 , address: 0x239C
--- Found segment that will be moved from address: 0x24BC to address: 0x23A4 of length 60
--- Found segment that must be added. Length: 16 , address: 0x23E0
--- Found segment that will be moved from address: 0x2508 to address: 0x23F0 of length 12
--- Found segment that must be added. Length: 4 , address: 0x23FC
--- Found segment that will be moved from address: 0x2518 to address: 0x2400 of length 56
--- Found segment that must be added. Length: 4 , address: 0x2438
--- Found segment that will be moved from address: 0x2554 to address: 0x243C of length 12
--- Found segment that must be added. Length: 4 , address: 0x2448
--- Found segment that will be moved from address: 0x2564 to address: 0x244C of length 12
--- Found segment that must be added. Length: 4 , address: 0x2458
--- Found segment that will be moved from address: 0x2574 to address: 0x245C of length 12
--- Found segment that must be added. Length: 4 , address: 0x2468
--- Found segment that will be moved from address: 0x2584 to address: 0x246C of length 104
--- Found segment that must be added. Length: 8 , address: 0x24D4
--- Found segment that will be moved from address: 0x25F4 to address: 0x24DC of length 136
--- Found segment that must be added. Length: 4 , address: 0x2564
--- Found segment that will be moved from address: 0x2680 to address: 0x2568 of length 280
--- Found segment that must be added. Length: 12 , address: 0x2680
--- Found segment that will be moved from address: 0x27A4 to address: 0x268C of length 20
--- Found segment that must be added. Length: 4 , address: 0x26A0
--- Found segment that will be moved from address: 0x27BC to address: 0x26A4 of length 32
--- Found segment that must be added. Length: 16 , address: 0x26C4
--- Found segment that will be moved from address: 0x27EC to address: 0x26D4 of length 168
--- Found segment that must be added. Length: 4 , address: 0x277C
--- Found segment that will be moved from address: 0x2898 to address: 0x2780 of length 180
--- Found segment that must be added. Length: 8 , address: 0x2834
--- Found segment that will be moved from address: 0x2954 to address: 0x283C of length 228
--- Found segment that must be added. Length: 12 , address: 0x2920
--- Found segment that will be moved from address: 0x2A44 to address: 0x292C of length 216
--- Found segment that must be added. Length: 12 , address: 0x2A04
--- Found segment that will be moved from address: 0x2B28 to address: 0x2A10 of length 104
--- Found segment that must be added. Length: 12 , address: 0x2A78
--- Found segment that will be moved from address: 0x2B9C to address: 0x2A84 of length 464
--- Found segment that must be added. Length: 4 , address: 0x2C54
--- Found segment that will be moved from address: 0x2D70 to address: 0x2C58 of length 188
--- Found segment that must be added. Length: 12 , address: 0x2D14
--- Found segment that will be moved from address: 0x2E38 to address: 0x2D20 of length 228
--- Found segment that must be added. Length: 12 , address: 0x2E04
--- Found segment that will be moved from address: 0x2F28 to address: 0x2E10 of length 212
--- Found segment that must be added. Length: 4 , address: 0x2EE4
--- Found segment that will be moved from address: 0x3000 to address: 0x2EE8 of length 12
--- Found segment that must be added. Length: 4 , address: 0x2EF4
--- Found segment that will be moved from address: 0x3010 to address: 0x2EF8 of length 12
--- Found segment that must be added. Length: 4 , address: 0x2F04
--- Found segment that will be moved from address: 0x3020 to address: 0x2F08 of length 676
--- Found segment that must be added. Length: 24 , address: 0x31AC
--- Found a word to insert to address: 0x31C4
--- Found segment that must be added. Length: 4 , address: 0x31C8
--- Found segment that will be moved from address: 0x32E4 to address: 0x31CC of length 292
--- Found segment that must be added. Length: 20 , address: 0x32F0
--- Found segment that will be moved from address: 0x341C to address: 0x3304 of length 784
--- Found segment that must be added. Length: 8 , address: 0x3614
--- Found segment that will be moved from address: 0x3734 to address: 0x361C of length 76
--- Found segment that must be added. Length: 28 , address: 0x3668
--- Found segment that will be moved from address: 0x37DC to address: 0x3684 of length 244
--- Found a word to insert to address: 0x3778
--- Found a word to insert to address: 0x377C
--- Found segment that must be added. Length: 4 , address: 0x3780
--- Found segment that will be moved from address: 0x3E68 to address: 0x3784 of length 8
--- Found segment that must be added. Length: 12 , address: 0x378C
--- Found a word to insert to address: 0x3798
--- Found segment that must be added. Length: 20 , address: 0x379C
--- Found segment that will be moved from address: 0x38FC to address: 0x37B0 of length 268
--- Found segment that must be added. Length: 52 , address: 0x38BC
--- Found segment that will be moved from address: 0x3A3C to address: 0x38F0 of length 1864
--- Found segment that must be added. Length: 48 , address: 0x4038
--- Found segment that will be moved from address: 0x41B4 to address: 0x4068 of length 524

--- OPTIMIZING...

---- Optimized 2 ADD/INSERT operations by merging...
---- Optimized 2 ADD/INSERT operations by merging...
---- Optimized COPY and ADD operations to preceding ADD...
---- Optimized 2 ADD/INSERT operations by merging...
---- Optimized 2 ADD/INSERT operations by merging...
---- Optimized 2 ADD/INSERT operations by merging...
---- Optimized 2 ADD/INSERT operations by merging...
---- Optimized 2 ADD/INSERT operations by merging...
---- Optimized 2 ADD/INSERT operations by merging...
---- Optimized 2 ADD/INSERT operations by merging...
---- Optimized 2 ADD/INSERT operations by merging...
---- Optimized 2 ADD/INSERT operations by merging...
---- Optimized 2 ADD/INSERT operations by merging...
---- Optimized 2 ADD/INSERT operations by merging...
---- Optimized 2 ADD/INSERT operations by merging...
---- Optimized 2 ADD/INSERT operations by merging...
---- Optimized 2 ADD/INSERT operations by merging...
---- Optimized COPY and ADD operations to preceding ADD...
---- Optimized 2 ADD/INSERT operations by merging...
---- Optimized 2 ADD/INSERT operations by merging...
---- Optimized 2 ADD/INSERT operations by merging...
---- Optimized 2 ADD/INSERT operations by merging...
---- Optimized 2 ADD/INSERT operations by merging...
---- Optimized 2 ADD/INSERT operations by merging...
---- Optimized COPY and ADD operations to preceding ADD...
---- Optimized COPY and ADD operations to preceding ADD...
---- Optimized COPY and ADD operations to preceding ADD...
---- Optimized COPY and ADD operations to preceding ADD...
---- Optimized COPY and ADD operations to preceding ADD...
---- Optimized COPY and ADD operations to preceding ADD...
---- Optimized 2 ADD/INSERT operations by merging...
---- Optimized 2 ADD/INSERT operations by merging...
---- Optimized COPY and ADD operations to preceding ADD...
---- Optimized 2 ADD/INSERT operations by merging...
---- Optimized 2 ADD/INSERT operations by merging...
---- Optimized 2 ADD/INSERT operations by merging...
---- Optimized 2 ADD/INSERT operations by merging...
---- Optimized 2 ADD/INSERT operations by merging...
---- Optimized 2 ADD/INSERT operations by merging...
---- Optimized 2 ADD/INSERT operations by merging...
---- Optimized 2 ADD/INSERT operations by merging...
---- Optimized 2 ADD/INSERT operations by merging...
---- Optimized COPY and ADD operations to preceding ADD...
---- Optimized COPY and ADD operations to preceding ADD...
---- Optimized COPY and ADD operations to preceding ADD...
---- Optimized 2 ADD/INSERT operations by merging...
---- Optimized 2 ADD/INSERT operations by merging...
---- Optimized 2 ADD/INSERT operations by merging...
---- Optimized 2 ADD/INSERT operations by merging...
---- Optimized 2 ADD/INSERT operations by merging...
---- Optimized 2 ADD/INSERT operations by merging...
---- Optimized 2 ADD/INSERT operations by merging...
---- Optimized 2 ADD/INSERT operations by merging...
---- Optimized COPY and ADD operations to preceding ADD...
---- Optimized COPY and ADD operations to preceding ADD...
---- Optimized COPY and ADD operations to preceding ADD...
---- Optimized COPY and ADD operations to preceding ADD...
---- Optimized 2 ADD/INSERT operations by merging...
---- Optimized 2 ADD/INSERT operations by merging...
---- Optimized 2 ADD/INSERT operations by merging...
---- Optimized 2 ADD/INSERT operations by merging...
---- Optimized 2 ADD/INSERT operations by merging...
---- Optimized 2 ADD/INSERT operations by merging...
---- Optimized 2 ADD/INSERT operations by merging...
---- Optimized 2 ADD/INSERT operations by merging...
---- Optimized 2 ADD/INSERT operations by merging...
---- Optimized 2 ADD/INSERT operations by merging...
---- Optimized 2 ADD/INSERT operations by merging...
---- Optimized 2 ADD/INSERT operations by merging...
---- Optimized 2 ADD/INSERT operations by merging...
---- Optimized 2 ADD/INSERT operations by merging...
---- Optimized 2 ADD/INSERT operations by merging...
---- Optimized 2 ADD/INSERT operations by merging...
---- Optimized 2 ADD/INSERT operations by merging...
---- Optimized 2 ADD/INSERT operations by merging...
---- Optimized 2 ADD/INSERT operations by merging...
---- Optimized 2 ADD/INSERT operations by merging...
---- Optimized 2 ADD/INSERT operations by merging...
---- Optimized COPY and ADD operations to preceding ADD...
---- Optimized 2 ADD/INSERT operations by merging...
---- Optimized 2 ADD/INSERT operations by merging...
---- Optimized 2 ADD/INSERT operations by merging...
---- Optimized 2 ADD/INSERT operations by merging...
---- Optimized 2 ADD/INSERT operations by merging...
---- Optimized 2 ADD/INSERT operations by merging...
---- Optimized 2 ADD/INSERT operations by merging...
---- Optimized 2 ADD/INSERT operations by merging...
---- Optimized 2 ADD/INSERT operations by merging...
---- Optimized 2 ADD/INSERT operations by merging...
---- Optimized 2 ADD/INSERT operations by merging...
---- Optimized COPY and ADD operations to preceding ADD...
---- Optimized COPY and ADD operations to preceding ADD...
---- Optimized 2 ADD/INSERT operations by merging...
---- Optimized 2 ADD/INSERT operations by merging...
---- Optimized 2 ADD/INSERT operations by merging...
---- Optimized 2 ADD/INSERT operations by merging...
---- Optimized 2 ADD/INSERT operations by merging...
---- Optimized 2 ADD/INSERT operations by merging...
---- Optimized COPY and ADD operations to preceding ADD...
---- Optimized 2 ADD/INSERT operations by merging...
---- Optimized 2 ADD/INSERT operations by merging...
---- Optimized COPY and ADD operations to preceding ADD...
---- Optimized 2 ADD/INSERT operations by merging...
---- Optimized 2 ADD/INSERT operations by merging...
---- Optimized 2 ADD/INSERT operations by merging...
---- Optimized 2 ADD/INSERT operations by merging...
---- Optimized 2 ADD/INSERT operations by merging...
---- Optimized COPY and ADD operations to preceding ADD...
---- Optimized 2 ADD/INSERT operations by merging...
---- Optimized 2 ADD/INSERT operations by merging...
---- Optimized 2 ADD/INSERT operations by merging...
---- Optimized 2 ADD/INSERT operations by merging...
---- Optimized COPY and ADD operations to preceding ADD...
---- Optimized 2 ADD/INSERT operations by merging...
---- Optimized 2 ADD/INSERT operations by merging...
---- Optimized COPY and ADD operations to preceding ADD...
---- Optimized COPY and ADD operations to preceding ADD...
---- Optimized COPY and ADD operations to preceding ADD...
---- Optimized COPY and ADD operations to preceding ADD...
---- Optimized COPY and ADD operations to preceding ADD...
---- Optimized COPY and ADD operations to preceding ADD...
---- Optimized COPY and ADD operations to preceding ADD...
---- Optimized 2 ADD/INSERT operations by merging...
---- Optimized 2 ADD/INSERT operations by merging...
---- Optimized 2 ADD/INSERT operations by merging...
---- Optimized 2 ADD/INSERT operations by merging...
---- Optimized COPY and ADD operations to preceding ADD...
---- Optimized 2 ADD/INSERT operations by merging...
---- Optimized 2 ADD/INSERT operations by merging...
--- Found segment that will be moved from address: 0x43D8 to address: 0x428C of length 52
--- Found segment that must be added. Length: 4 , address: 0x42C0
--- Found a word to insert to address: 0x42C4
--- Found segment that must be added. Length: 4 , address: 0x42C8
--- Found segment that will be moved from address: 0x4418 to address: 0x42CC of length 24
--- Found segment that must be added. Length: 12 , address: 0x42E4
--- Found segment that will be moved from address: 0x443C to address: 0x42F0 of length 84
--- Found a word to insert to address: 0x4344
--- Found a word to insert to address: 0x4348
--- Found a word to insert to address: 0x434C
--- Found a word to insert to address: 0x4350
--- Found a word to insert to address: 0x4354
--- Found a word to insert to address: 0x4358
--- Found a word to insert to address: 0x435C
--- Found a word to insert to address: 0x4360
--- Found a word to insert to address: 0x4364
--- Found a word to insert to address: 0x4368
--- Found a word to insert to address: 0x436C
--- Found a word to insert to address: 0x4370
--- Found a word to insert to address: 0x4374
--- Found a word to insert to address: 0x4378
--- Found a word to insert to address: 0x437C
--- Found a word to insert to address: 0x4380
--- Found a word to insert to address: 0x4384
--- Found a word to insert to address: 0x4388
--- Found a word to insert to address: 0x438C
--- Found a word to insert to address: 0x4390
--- Found a word to insert to address: 0x4394
--- Found a word to insert to address: 0x4398
--- Found a word to insert to address: 0x439C
--- Found a word to insert to address: 0x43A0
--- Found a word to insert to address: 0x43A4
--- Found a word to insert to address: 0x43A8
--- Found a word to insert to address: 0x43AC
--- Found a word to insert to address: 0x43B0
--- Found a word to insert to address: 0x43B4
--- Found a word to insert to address: 0x43B8
--- Found a word to insert to address: 0x43BC
--- Found a word to insert to address: 0x43C0
--- Found a word to insert to address: 0x43C4
--- Found a word to insert to address: 0x43C8
--- Found a word to insert to address: 0x43CC
--- Found a word to insert to address: 0x43D0
--- Found a word to insert to address: 0x43D4
--- Found a word to insert to address: 0x43D8
--- Found a word to insert to address: 0x43DC
--- Found a word to insert to address: 0x43E0
--- Found a word to insert to address: 0x43E4
--- Found a word to insert to address: 0x43E8
--- Found a word to insert to address: 0x43EC
--- Found a word to insert to address: 0x43F0
--- Found a word to insert to address: 0x43F4
--- Found a word to insert to address: 0x43F8
--- Found a word to insert to address: 0x43FC
--- Found a word to insert to address: 0x4400
--- Found a word to insert to address: 0x4404
--- Found a word to insert to address: 0x4408
--- Found a word to insert to address: 0x440C
--- Found a word to insert to address: 0x4410
--- Found a word to insert to address: 0x4414
--- Found a word to insert to address: 0x4418
--- Found a word to insert to address: 0x441C
--- Found a word to insert to address: 0x4420
--- Found a word to insert to address: 0x4424
--- Found a word to insert to address: 0x4428
--- Found a word to insert to address: 0x442C
--- Found a word to insert to address: 0x4430
--- Found a word to insert to address: 0x4434
--- Found a word to insert to address: 0x4438
--- Found a word to insert to address: 0x443C
--- Found a word to insert to address: 0x4440
--- Found a word to insert to address: 0x4444
--- Found a word to insert to address: 0x4448
--- Found a word to insert to address: 0x444C
--- Found a word to insert to address: 0x4450
--- Found a word to insert to address: 0x4454
--- Found a word to insert to address: 0x4458
--- Found a word to insert to address: 0x445C
--- Found a word to insert to address: 0x4460
--- Found a word to insert to address: 0x4464
--- Found a word to insert to address: 0x4468
--- Found a word to insert to address: 0x446C
--- Found a word to insert to address: 0x4470
--- Found a word to insert to address: 0x4474
--- Found a word to insert to address: 0x4478
--- Found a word to insert to address: 0x447C
--- Found a word to insert to address: 0x4480
--- Found a word to insert to address: 0x4484
--- Found a word to insert to address: 0x4488
--- Found a word to insert to address: 0x448C

--- OPTIMIZING...

---- Optimized 2 ADD/INSERT operations by merging...
---- Optimized 2 ADD/INSERT operations by merging...
---- Optimized 2 ADD/INSERT operations by merging...
---- Optimized 2 ADD/INSERT operations by merging...
---- Optimized 2 ADD/INSERT operations by merging...
---- Optimized 2 ADD/INSERT operations by merging...
---- Optimized 2 ADD/INSERT operations by merging...
---- Optimized 2 ADD/INSERT operations by merging...
---- Optimized 2 ADD/INSERT operations by merging...
---- Optimized 2 ADD/INSERT operations by merging...
---- Optimized 2 ADD/INSERT operations by merging...
---- Optimized 2 ADD/INSERT operations by merging...
---- Optimized 2 ADD/INSERT operations by merging...
---- Optimized 2 ADD/INSERT operations by merging...
---- Optimized 2 ADD/INSERT operations by merging...
---- Optimized 2 ADD/INSERT operations by merging...
---- Optimized 2 ADD/INSERT operations by merging...
---- Optimized 2 ADD/INSERT operations by merging...
---- Optimized 2 ADD/INSERT operations by merging...
---- Optimized 2 ADD/INSERT operations by merging...
---- Optimized 2 ADD/INSERT operations by merging...
---- Optimized 2 ADD/INSERT operations by merging...
---- Optimized 2 ADD/INSERT operations by merging...
---- Optimized 2 ADD/INSERT operations by merging...
---- Optimized 2 ADD/INSERT operations by merging...
---- Optimized 2 ADD/INSERT operations by merging...
---- Optimized 2 ADD/INSERT operations by merging...
---- Optimized 2 ADD/INSERT operations by merging...
---- Optimized 2 ADD/INSERT operations by merging...
---- Optimized 2 ADD/INSERT operations by merging...
---- Optimized 2 ADD/INSERT operations by merging...
---- Optimized 2 ADD/INSERT operations by merging...
---- Optimized 2 ADD/INSERT operations by merging...
---- Optimized 2 ADD/INSERT operations by merging...
---- Optimized 2 ADD/INSERT operations by merging...
---- Optimized 2 ADD/INSERT operations by merging...
---- Optimized 2 ADD/INSERT operations by merging...
---- Optimized 2 ADD/INSERT operations by merging...
---- Optimized 2 ADD/INSERT operations by merging...
---- Optimized 2 ADD/INSERT operations by merging...
---- Optimized 2 ADD/INSERT operations by merging...
---- Optimized 2 ADD/INSERT operations by merging...
---- Optimized 2 ADD/INSERT operations by merging...
---- Optimized 2 ADD/INSERT operations by merging...
---- Optimized 2 ADD/INSERT operations by merging...
---- Optimized 2 ADD/INSERT operations by merging...
---- Optimized 2 ADD/INSERT operations by merging...
---- Optimized 2 ADD/INSERT operations by merging...
---- Optimized 2 ADD/INSERT operations by merging...
---- Optimized 2 ADD/INSERT operations by merging...
---- Optimized 2 ADD/INSERT operations by merging...
---- Optimized 2 ADD/INSERT operations by merging...
---- Optimized 2 ADD/INSERT operations by merging...
---- Optimized 2 ADD/INSERT operations by merging...
---- Optimized 2 ADD/INSERT operations by merging...
---- Optimized 2 ADD/INSERT operations by merging...
---- Optimized 2 ADD/INSERT operations by merging...
---- Optimized 2 ADD/INSERT operations by merging...
---- Optimized 2 ADD/INSERT operations by merging...
---- Optimized 2 ADD/INSERT operations by merging...
---- Optimized 2 ADD/INSERT operations by merging...
---- Optimized 2 ADD/INSERT operations by merging...
---- Optimized 2 ADD/INSERT operations by merging...
---- Optimized 2 ADD/INSERT operations by merging...
---- Optimized 2 ADD/INSERT operations by merging...
---- Optimized 2 ADD/INSERT operations by merging...
---- Optimized 2 ADD/INSERT operations by merging...
---- Optimized 2 ADD/INSERT operations by merging...
---- Optimized 2 ADD/INSERT operations by merging...
---- Optimized 2 ADD/INSERT operations by merging...
---- Optimized 2 ADD/INSERT operations by merging...
---- Optimized 2 ADD/INSERT operations by merging...
---- Optimized 2 ADD/INSERT operations by merging...
---- Optimized 2 ADD/INSERT operations by merging...
---- Optimized 2 ADD/INSERT operations by merging...
---- Optimized 2 ADD/INSERT operations by merging...
---- Optimized 2 ADD/INSERT operations by merging...
---- Optimized 2 ADD/INSERT operations by merging...
---- Optimized 2 ADD/INSERT operations by merging...
---- Optimized 2 ADD/INSERT operations by merging...
---- Optimized 2 ADD/INSERT operations by merging...
---- Optimized 2 ADD/INSERT operations by merging...
---- Optimized 2 ADD/INSERT operations by merging...
---- Optimized 2 ADD/INSERT operations by merging...
-- Done...
------------------------------------------

-- Generating file 'samd21-xpro\deltagen_rev_01_rev_02\deltagen_rev_01_rev_02'...
--- Data succesfully generated
--- Generating checksum CRC-16
--- Generated CRC-16
--- Finalizing delta file
--- Writing file 'samd21-xpro\deltagen_rev_01_rev_02\deltagen_rev_01_rev_02'

-- OPERATION SUCCESFULL ...
Elapsed time: 00:00:00.3002639
------------------------------------------

