
There are 5 non-matching segments with total length of 17488
-- Found 5 segments that have changed...
-- Searching for matching segments...
-- Done searching...
------------------------------------------

-- Generating operations...
--- Found segment that must be added. Length: 12 , address: 0x4

--- OPTIMIZING...

--- Found word that must be inserted. Length: 4 , address: 0x2C

--- OPTIMIZING...

--- Found segment that must be added. Length: 120 , address: 0x38

--- OPTIMIZING...

--- Found word that must be inserted. Length: 4 , address: 0xC4

--- OPTIMIZING...

--- Found segment that must be added. Length: 52 , address: 0xCC
--- Found a word to insert to address: 0x100
--- Found segment that must be added. Length: 4 , address: 0x104
--- Found a word to insert to address: 0x108
--- Found segment that must be added. Length: 8 , address: 0x10C
--- Found a word to insert to address: 0x114
--- Found segment that must be added. Length: 4 , address: 0x118
--- Found a word to insert to address: 0x11C
--- Found segment that must be added. Length: 16 , address: 0x120
--- Found a word to insert to address: 0x130
--- Found segment that must be added. Length: 52 , address: 0x134
--- Found a word to insert to address: 0x168
--- Found segment that must be added. Length: 16 , address: 0x16C
--- Found a word to insert to address: 0x17C
--- Found segment that must be added. Length: 16 , address: 0x180
--- Found a word to insert to address: 0x190
--- Found segment that must be added. Length: 24 , address: 0x194
--- Found a word to insert to address: 0x1AC
--- Found segment that must be added. Length: 28 , address: 0x1B0
--- Found a word to insert to address: 0x1CC
--- Found segment that must be added. Length: 12 , address: 0x1D0
--- Found segment that will be moved from address: 0x138 to address: 0x1DC of length 8
--- Found segment that must be added. Length: 24 , address: 0x1E4
--- Found segment that will be moved from address: 0x158 to address: 0x1FC of length 16
--- Found segment that must be added. Length: 8 , address: 0x20C
--- Found segment that will be moved from address: 0x170 to address: 0x214 of length 8
--- Found segment that must be added. Length: 8 , address: 0x21C
--- Found segment that will be moved from address: 0x180 to address: 0x224 of length 8
--- Found segment that must be added. Length: 8 , address: 0x22C
--- Found segment that will be moved from address: 0x190 to address: 0x234 of length 24
--- Found segment that must be added. Length: 8 , address: 0x24C
--- Found a word to insert to address: 0x254
--- Found segment that must be added. Length: 4 , address: 0x258
--- Found segment that will be moved from address: 0x1B8 to address: 0x25C of length 40
--- Found segment that must be added. Length: 12 , address: 0x284
--- Found segment that will be moved from address: 0x1EC to address: 0x290 of length 36
--- Found a word to insert to address: 0x2B4
--- Found segment that must be added. Length: 4 , address: 0x2B8
--- Found segment that will be moved from address: 0x218 to address: 0x2BC of length 96
--- Found a word to insert to address: 0x31C
--- Found segment that must be added. Length: 4 , address: 0x320
--- Found segment that will be moved from address: 0x280 to address: 0x324 of length 100
--- Found segment that must be added. Length: 8 , address: 0x388
--- Found segment that will be moved from address: 0x2EC to address: 0x390 of length 8
--- Found segment that must be added. Length: 24 , address: 0x398
--- Found segment that will be moved from address: 0x30C to address: 0x3B0 of length 8
--- Found segment that must be added. Length: 4 , address: 0x3B8
--- Found a word to insert to address: 0x3BC
--- Found segment that must be added. Length: 16 , address: 0x3C0
--- Found segment that will be moved from address: 0x32C to address: 0x3D0 of length 108
--- Found a word to insert to address: 0x43C
--- Found a word to insert to address: 0x440
--- Found a word to insert to address: 0x444
--- Found segment that must be added. Length: 8 , address: 0x448
--- Found a word to insert to address: 0x450
--- Found a word to insert to address: 0x454
--- Found segment that will be moved from address: 0x3B4 to address: 0x458 of length 116
--- Found segment that must be added. Length: 4 , address: 0x4CC
--- Found a word to insert to address: 0x4D0
--- Found segment that will be moved from address: 0x430 to address: 0x4D4 of length 48
--- Found a word to insert to address: 0x504
--- Found a word to insert to address: 0x508
--- Found segment that will be moved from address: 0x468 to address: 0x50C of length 52
--- Found a word to insert to address: 0x540
--- Found segment that must be added. Length: 4 , address: 0x544
--- Found a word to insert to address: 0x548
--- Found segment that must be added. Length: 4 , address: 0x54C
--- Found segment that will be moved from address: 0x4AC to address: 0x550 of length 28
--- Found segment that must be added. Length: 4 , address: 0x56C
--- Found segment that will be moved from address: 0x4CC to address: 0x570 of length 48
--- Found segment that must be added. Length: 4 , address: 0x5A0
--- Found segment that will be moved from address: 0x500 to address: 0x5A4 of length 240
--- Found segment that must be added. Length: 8 , address: 0x694
--- Found segment that will be moved from address: 0x5F8 to address: 0x69C of length 24
--- Found segment that must be added. Length: 8 , address: 0x6B4
--- Found segment that will be moved from address: 0x618 to address: 0x6BC of length 136
--- Found segment that must be added. Length: 8 , address: 0x744
--- Found a word to insert to address: 0x74C
--- Found segment that must be added. Length: 4 , address: 0x750
--- Found segment that will be moved from address: 0x6B0 to address: 0x754 of length 168
--- Found segment that must be added. Length: 4 , address: 0x7FC
--- Found segment that will be moved from address: 0x75C to address: 0x800 of length 160
--- Found a word to insert to address: 0x8A0
--- Found segment that will be moved from address: 0x800 to address: 0x8A4 of length 20
--- Found segment that must be added. Length: 4 , address: 0x8B8
--- Found segment that will be moved from address: 0x818 to address: 0x8BC of length 100
--- Found segment that must be added. Length: 4 , address: 0x920
--- Found segment that will be moved from address: 0x880 to address: 0x924 of length 12
--- Found segment that must be added. Length: 4 , address: 0x930
--- Found segment that will be moved from address: 0x890 to address: 0x934 of length 48
--- Found segment that must be added. Length: 4 , address: 0x964
--- Found segment that will be moved from address: 0x8C4 to address: 0x968 of length 32
--- Found segment that must be added. Length: 4 , address: 0x988
--- Found segment that will be moved from address: 0x8E8 to address: 0x98C of length 8
--- Found segment that must be added. Length: 4 , address: 0x994
--- Found segment that will be moved from address: 0x8F4 to address: 0x998 of length 24
--- Found segment that must be added. Length: 4 , address: 0x9B0
--- Found segment that will be moved from address: 0x910 to address: 0x9B4 of length 8
--- Found segment that must be added. Length: 16 , address: 0x9BC
--- Found a word to insert to address: 0x9CC
--- Found segment that must be added. Length: 4 , address: 0x9D0
--- Found segment that will be moved from address: 0x930 to address: 0x9D4 of length 28
--- Found segment that must be added. Length: 12 , address: 0x9F0
--- Found a word to insert to address: 0x9FC
--- Found segment that must be added. Length: 4 , address: 0xA00
--- Found segment that will be moved from address: 0x960 to address: 0xA04 of length 16
--- Found segment that must be added. Length: 4 , address: 0xA14
--- Found segment that will be moved from address: 0x974 to address: 0xA18 of length 84
--- Found segment that must be added. Length: 8 , address: 0xA6C
--- Found segment that will be moved from address: 0x9D0 to address: 0xA74 of length 12
--- Found segment that must be added. Length: 4 , address: 0xA80
--- Found segment that will be moved from address: 0x9E0 to address: 0xA84 of length 12
--- Found segment that must be added. Length: 4 , address: 0xA90
--- Found segment that will be moved from address: 0x9F0 to address: 0xA94 of length 8
--- Found segment that must be added. Length: 4 , address: 0xA9C
--- Found segment that will be moved from address: 0x9FC to address: 0xAA0 of length 12
--- Found segment that must be added. Length: 16 , address: 0xAAC
--- Found a word to insert to address: 0xABC
--- Found segment that must be added. Length: 12 , address: 0xAC0
--- Found a word to insert to address: 0xACC
--- Found segment that must be added. Length: 24 , address: 0xAD0
--- Found segment that will be moved from address: 0xA44 to address: 0xAE8 of length 20
--- Found segment that must be added. Length: 4 , address: 0xAFC
--- Found segment that will be moved from address: 0xA5C to address: 0xB00 of length 220
--- Found segment that must be added. Length: 8 , address: 0xBDC
--- Found segment that will be moved from address: 0xB40 to address: 0xBE4 of length 68
--- Found segment that must be added. Length: 4 , address: 0xC28
--- Found segment that will be moved from address: 0xB88 to address: 0xC2C of length 28
--- Found segment that must be added. Length: 4 , address: 0xC48
--- Found segment that will be moved from address: 0xBA8 to address: 0xC4C of length 16
--- Found a word to insert to address: 0xC5C
--- Found segment that must be added. Length: 24 , address: 0xC60
--- Found a word to insert to address: 0xC78
--- Found segment that must be added. Length: 20 , address: 0xC7C
--- Found a word to insert to address: 0xC90
--- Found segment that must be added. Length: 16 , address: 0xC94
--- Found a word to insert to address: 0xCA4
--- Found segment that must be added. Length: 124 , address: 0xCA8
--- Found a word to insert to address: 0xD24
--- Found segment that must be added. Length: 64 , address: 0xD28
--- Found a word to insert to address: 0xD68
--- Found segment that must be added. Length: 4 , address: 0xD6C
--- Found a word to insert to address: 0xD70
--- Found segment that must be added. Length: 4 , address: 0xD74
--- Found a word to insert to address: 0xD78
--- Found segment that must be added. Length: 240 , address: 0xD7C
--- Found a word to insert to address: 0xE6C
--- Found segment that must be added. Length: 4 , address: 0xE70
--- Found a word to insert to address: 0xE74
--- Found segment that must be added. Length: 52 , address: 0xE78
--- Found a word to insert to address: 0xEAC
--- Found segment that must be added. Length: 8 , address: 0xEB0
--- Found a word to insert to address: 0xEB8
--- Found segment that must be added. Length: 64 , address: 0xEBC
--- Found a word to insert to address: 0xEFC
--- Found segment that must be added. Length: 4 , address: 0xF00
--- Found segment that will be moved from address: 0xBB8 to address: 0xF04 of length 64
--- Found segment that must be added. Length: 4 , address: 0xF44
--- Found a word to insert to address: 0xF48
--- Found segment that must be added. Length: 8 , address: 0xF4C
--- Found a word to insert to address: 0xF54
--- Found segment that must be added. Length: 8 , address: 0xF58
--- Found segment that will be moved from address: 0xC14 to address: 0xF60 of length 44
--- Found a word to insert to address: 0xF8C
--- Found segment that must be added. Length: 16 , address: 0xF90
--- Found a word to insert to address: 0xFA0
--- Found segment that must be added. Length: 12 , address: 0xFA4
--- Found a word to insert to address: 0xFB0
--- Found segment that must be added. Length: 8 , address: 0xFB4
--- Found a word to insert to address: 0xFBC
--- Found segment that must be added. Length: 76 , address: 0xFC0
--- Found a word to insert to address: 0x100C
--- Found segment that must be added. Length: 60 , address: 0x1010
--- Found segment that will be moved from address: 0xC44 to address: 0x104C of length 8
--- Found segment that must be added. Length: 4 , address: 0x1054
--- Found segment that will be moved from address: 0xC50 to address: 0x1058 of length 8
--- Found segment that must be added. Length: 4 , address: 0x1060
--- Found a word to insert to address: 0x1064
--- Found segment that must be added. Length: 4 , address: 0x1068
--- Found segment that will be moved from address: 0xC64 to address: 0x106C of length 32
--- Found segment that must be added. Length: 8 , address: 0x108C
--- Found segment that will be moved from address: 0xC8C to address: 0x1094 of length 120
--- Found segment that must be added. Length: 4 , address: 0x110C
--- Found segment that will be moved from address: 0xD08 to address: 0x1110 of length 20
--- Found segment that must be added. Length: 4 , address: 0x1124
--- Found segment that will be moved from address: 0xD20 to address: 0x1128 of length 16
--- Found segment that must be added. Length: 4 , address: 0x1138
--- Found segment that will be moved from address: 0xD34 to address: 0x113C of length 20
--- Found segment that must be added. Length: 4 , address: 0x1150
--- Found segment that will be moved from address: 0xD4C to address: 0x1154 of length 52
--- Found segment that must be added. Length: 12 , address: 0x1188
--- Found a word to insert to address: 0x1194
--- Found segment that must be added. Length: 4 , address: 0x1198
--- Found segment that will be moved from address: 0xD94 to address: 0x119C of length 16
--- Found segment that must be added. Length: 4 , address: 0x11AC
--- Found segment that will be moved from address: 0xDA8 to address: 0x11B0 of length 20
--- Found segment that must be added. Length: 4 , address: 0x11C4
--- Found segment that will be moved from address: 0xDC0 to address: 0x11C8 of length 24
--- Found a word to insert to address: 0x11E0
--- Found segment that will be moved from address: 0xDDC to address: 0x11E4 of length 40
--- Found segment that must be added. Length: 4 , address: 0x120C
--- Found segment that will be moved from address: 0xE08 to address: 0x1210 of length 32
--- Found segment that must be added. Length: 4 , address: 0x1230
--- Found a word to insert to address: 0x1234
--- Found segment that must be added. Length: 32 , address: 0x1238
--- Found a word to insert to address: 0x1258
--- Found segment that must be added. Length: 12 , address: 0x125C
--- Found segment that will be moved from address: 0xE60 to address: 0x1268 of length 72
--- Found segment that must be added. Length: 4 , address: 0x12B0
--- Found segment that will be moved from address: 0xEAC to address: 0x12B4 of length 8
--- Found segment that must be added. Length: 4 , address: 0x12BC
--- Found segment that will be moved from address: 0xEB8 to address: 0x12C0 of length 8
--- Found segment that must be added. Length: 4 , address: 0x12C8
--- Found segment that will be moved from address: 0xEC4 to address: 0x12CC of length 12
--- Found segment that must be added. Length: 8 , address: 0x12D8
--- Found segment that will be moved from address: 0xED8 to address: 0x12E0 of length 12
--- Found segment that must be added. Length: 8 , address: 0x12EC
--- Found segment that will be moved from address: 0xEEC to address: 0x12F4 of length 40
--- Found segment that must be added. Length: 4 , address: 0x131C
--- Found segment that will be moved from address: 0xF18 to address: 0x1320 of length 132
--- Found segment that must be added. Length: 4 , address: 0x13A4
--- Found a word to insert to address: 0x13A8
--- Found segment that must be added. Length: 8 , address: 0x13AC
--- Found a word to insert to address: 0x13B4
--- Found segment that must be added. Length: 4 , address: 0x13B8
--- Found segment that will be moved from address: 0xFB4 to address: 0x13BC of length 28
--- Found segment that must be added. Length: 4 , address: 0x13D8
--- Found segment that will be moved from address: 0xFD4 to address: 0x13DC of length 32
--- Found segment that must be added. Length: 4 , address: 0x13FC
--- Found segment that will be moved from address: 0xFF8 to address: 0x1400 of length 52
--- Found segment that must be added. Length: 16 , address: 0x1434
--- Found segment that will be moved from address: 0x1030 to address: 0x1444 of length 76
--- Found segment that must be added. Length: 4 , address: 0x1490
--- Found segment that will be moved from address: 0x1030 to address: 0x1494 of length 8
--- Found segment that must be added. Length: 4 , address: 0x149C
--- Found segment that will be moved from address: 0x107C to address: 0x14A0 of length 16
--- Found segment that must be added. Length: 4 , address: 0x14B0
--- Found segment that will be moved from address: 0x1090 to address: 0x14B4 of length 20
--- Found segment that must be added. Length: 4 , address: 0x14C8
--- Found a word to insert to address: 0x14CC
--- Found segment that must be added. Length: 4 , address: 0x14D0
--- Found segment that will be moved from address: 0x10B0 to address: 0x14D4 of length 96
--- Found segment that must be added. Length: 4 , address: 0x1534
--- Found segment that will be moved from address: 0x1114 to address: 0x1538 of length 80
--- Found segment that must be added. Length: 4 , address: 0x1588
--- Found segment that will be moved from address: 0x1168 to address: 0x158C of length 92
--- Found a word to insert to address: 0x15E8
--- Found segment that will be moved from address: 0x11C8 to address: 0x15EC of length 8
--- Found segment that must be added. Length: 8 , address: 0x15F4
--- Found segment that will be moved from address: 0x1344 to address: 0x15FC of length 48
--- Found segment that must be added. Length: 4 , address: 0x162C
--- Found segment that will be moved from address: 0x1378 to address: 0x1630 of length 44
--- Found segment that must be added. Length: 4 , address: 0x165C
--- Found a word to insert to address: 0x1660
--- Found segment that must be added. Length: 16 , address: 0x1664
--- Found a word to insert to address: 0x1674
--- Found segment that must be added. Length: 20 , address: 0x1678
--- Found a word to insert to address: 0x168C
--- Found segment that must be added. Length: 20 , address: 0x1690
--- Found a word to insert to address: 0x16A4
--- Found segment that must be added. Length: 28 , address: 0x16A8
--- Found a word to insert to address: 0x16C4
--- Found segment that must be added. Length: 8 , address: 0x16C8
--- Found a word to insert to address: 0x16D0
--- Found segment that must be added. Length: 20 , address: 0x16D4
--- Found a word to insert to address: 0x16E8
--- Found segment that must be added. Length: 8 , address: 0x16EC
--- Found a word to insert to address: 0x16F4
--- Found segment that must be added. Length: 8 , address: 0x16F8
--- Found a word to insert to address: 0x1700
--- Found segment that must be added. Length: 88 , address: 0x1704
--- Found a word to insert to address: 0x175C
--- Found segment that must be added. Length: 12 , address: 0x1760
--- Found segment that will be moved from address: 0xFB8 to address: 0x176C of length 8
--- Found segment that must be added. Length: 28 , address: 0x1774
--- Found a word to insert to address: 0x1790
--- Found segment that must be added. Length: 12 , address: 0x1794
--- Found a word to insert to address: 0x17A0
--- Found segment that must be added. Length: 116 , address: 0x17A4
--- Found a word to insert to address: 0x1818
--- Found segment that must be added. Length: 44 , address: 0x181C
--- Found a word to insert to address: 0x1848
--- Found segment that must be added. Length: 8 , address: 0x184C
--- Found a word to insert to address: 0x1854
--- Found a word to insert to address: 0x1858
--- Found segment that must be added. Length: 8 , address: 0x185C
--- Found a word to insert to address: 0x1864
--- Found segment that must be added. Length: 40 , address: 0x1868
--- Found a word to insert to address: 0x1890
--- Found segment that must be added. Length: 44 , address: 0x1894
--- Found segment that will be moved from address: 0x11D8 to address: 0x18C0 of length 112
--- Found segment that must be added. Length: 4 , address: 0x1930
--- Found a word to insert to address: 0x1934
--- Found segment that must be added. Length: 4 , address: 0x1938
--- Found segment that will be moved from address: 0x1254 to address: 0x193C of length 32
--- Found a word to insert to address: 0x195C
--- Found segment that will be moved from address: 0x1278 to address: 0x1960 of length 36
--- Found a word to insert to address: 0x1984
--- Found segment that will be moved from address: 0x12A0 to address: 0x1988 of length 72
--- Found segment that must be added. Length: 8 , address: 0x19D0
--- Found a word to insert to address: 0x19D8
--- Found segment that will be moved from address: 0x12F4 to address: 0x19DC of length 28
--- Found segment that must be added. Length: 4 , address: 0x19F8
--- Found a word to insert to address: 0x19FC
--- Found segment that must be added. Length: 4 , address: 0x1A00
--- Found segment that will be moved from address: 0x131C to address: 0x1A04 of length 12
--- Found segment that must be added. Length: 4 , address: 0x1A10
--- Found a word to insert to address: 0x1A14
--- Found segment that must be added. Length: 4 , address: 0x1A18
--- Found a word to insert to address: 0x1A1C
--- Found segment that must be added. Length: 4 , address: 0x1A20
--- Found a word to insert to address: 0x1A24
--- Found segment that must be added. Length: 4 , address: 0x1A28
--- Found segment that will be moved from address: 0x1344 to address: 0x1A2C of length 48
--- Found segment that must be added. Length: 4 , address: 0x1A5C
--- Found segment that will be moved from address: 0x1378 to address: 0x1A60 of length 44
--- Found segment that must be added. Length: 4 , address: 0x1A8C
--- Found segment that will be moved from address: 0x13A8 to address: 0x1A90 of length 84
--- Found segment that must be added. Length: 8 , address: 0x1AE4
--- Found segment that will be moved from address: 0x1404 to address: 0x1AEC of length 84
--- Found segment that must be added. Length: 4 , address: 0x1B40
--- Found segment that will be moved from address: 0x145C to address: 0x1B44 of length 172
--- Found segment that must be added. Length: 4 , address: 0x1BF0
--- Found segment that will be moved from address: 0x150C to address: 0x1BF4 of length 12
--- Found segment that must be added. Length: 4 , address: 0x1C00
--- Found segment that will be moved from address: 0x151C to address: 0x1C04 of length 52
--- Found segment that must be added. Length: 4 , address: 0x1C38
--- Found segment that will be moved from address: 0x1554 to address: 0x1C3C of length 32
--- Found segment that must be added. Length: 4 , address: 0x1C5C
--- Found segment that will be moved from address: 0x1578 to address: 0x1C60 of length 44
--- Found segment that must be added. Length: 24 , address: 0x1C8C
--- Found segment that will be moved from address: 0x15BC to address: 0x1CA4 of length 28
--- Found segment that must be added. Length: 4 , address: 0x1CC0
--- Found segment that will be moved from address: 0x15DC to address: 0x1CC4 of length 44
--- Found segment that must be added. Length: 4 , address: 0x1CF0
--- Found segment that will be moved from address: 0x160C to address: 0x1CF4 of length 88
--- Found segment that must be added. Length: 4 , address: 0x1D4C
--- Found segment that will be moved from address: 0x1668 to address: 0x1D50 of length 52
--- Found segment that must be added. Length: 4 , address: 0x1D84
--- Found segment that will be moved from address: 0x16A0 to address: 0x1D88 of length 40
--- Found segment that must be added. Length: 4 , address: 0x1DB0
--- Found segment that will be moved from address: 0x16CC to address: 0x1DB4 of length 56
--- Found segment that must be added. Length: 4 , address: 0x1DEC
--- Found segment that will be moved from address: 0x1708 to address: 0x1DF0 of length 20
--- Found segment that must be added. Length: 28 , address: 0x1E04
--- Found a word to insert to address: 0x1E20
--- Found a word to insert to address: 0x1E24
--- Found segment that must be added. Length: 32 , address: 0x1E28
--- Found a word to insert to address: 0x1E48
--- Found segment that must be added. Length: 4 , address: 0x1E4C
--- Found a word to insert to address: 0x1E50
--- Found segment that must be added. Length: 4 , address: 0x1E54
--- Found segment that will be moved from address: 0x1770 to address: 0x1E58 of length 16
--- Found segment that must be added. Length: 4 , address: 0x1E68
--- Found segment that will be moved from address: 0x1784 to address: 0x1E6C of length 56
--- Found segment that must be added. Length: 4 , address: 0x1EA4
--- Found segment that will be moved from address: 0x17C0 to address: 0x1EA8 of length 36
--- Found segment that must be added. Length: 4 , address: 0x1ECC
--- Found segment that will be moved from address: 0x17E8 to address: 0x1ED0 of length 608
--- Found segment that must be added. Length: 16 , address: 0x2130
--- Found a word to insert to address: 0x2140
--- Found segment that must be added. Length: 24 , address: 0x2144
--- Found segment that will be moved from address: 0x1A74 to address: 0x215C of length 24
--- Found segment that must be added. Length: 4 , address: 0x2174
--- Found segment that will be moved from address: 0x1A90 to address: 0x2178 of length 8
--- Found segment that must be added. Length: 8 , address: 0x2180
--- Found segment that will be moved from address: 0x1AA0 to address: 0x2188 of length 768
--- Found segment that must be added. Length: 12 , address: 0x2488
--- Found segment that will be moved from address: 0x1DAC to address: 0x2494 of length 32
--- Found segment that must be added. Length: 8 , address: 0x24B4
--- Found segment that will be moved from address: 0x1DD4 to address: 0x24BC of length 60
--- Found segment that must be added. Length: 8 , address: 0x24F8
--- Found a word to insert to address: 0x2500
--- Found segment that must be added. Length: 4 , address: 0x2504
--- Found segment that will be moved from address: 0x1E20 to address: 0x2508 of length 12
--- Found segment that must be added. Length: 4 , address: 0x2514
--- Found segment that will be moved from address: 0x1E30 to address: 0x2518 of length 56
--- Found segment that must be added. Length: 4 , address: 0x2550
--- Found segment that will be moved from address: 0x1E6C to address: 0x2554 of length 12
--- Found segment that must be added. Length: 4 , address: 0x2560
--- Found segment that will be moved from address: 0x1E7C to address: 0x2564 of length 12
--- Found segment that must be added. Length: 4 , address: 0x2570
--- Found segment that will be moved from address: 0x1E8C to address: 0x2574 of length 12
--- Found segment that must be added. Length: 4 , address: 0x2580
--- Found segment that will be moved from address: 0x1E9C to address: 0x2584 of length 104
--- Found segment that must be added. Length: 8 , address: 0x25EC
--- Found segment that will be moved from address: 0x1F0C to address: 0x25F4 of length 136
--- Found segment that must be added. Length: 4 , address: 0x267C
--- Found segment that will be moved from address: 0x1F98 to address: 0x2680 of length 280
--- Found segment that must be added. Length: 12 , address: 0x2798
--- Found segment that will be moved from address: 0x20BC to address: 0x27A4 of length 20
--- Found segment that must be added. Length: 4 , address: 0x27B8
--- Found segment that will be moved from address: 0x20D4 to address: 0x27BC of length 32
--- Found segment that must be added. Length: 16 , address: 0x27DC
--- Found segment that will be moved from address: 0x2104 to address: 0x27EC of length 168
--- Found segment that must be added. Length: 4 , address: 0x2894
--- Found segment that will be moved from address: 0x21B0 to address: 0x2898 of length 52
--- Found segment that must be added. Length: 4 , address: 0x28CC
--- Found a word to insert to address: 0x28D0
--- Found segment that must be added. Length: 4 , address: 0x28D4
--- Found segment that will be moved from address: 0x21F0 to address: 0x28D8 of length 108
--- Found segment that must be added. Length: 4 , address: 0x2944
--- Found a word to insert to address: 0x2948
--- Found segment that must be added. Length: 8 , address: 0x294C
--- Found segment that will be moved from address: 0x226C to address: 0x2954 of length 228
--- Found segment that must be added. Length: 12 , address: 0x2A38
--- Found segment that will be moved from address: 0x235C to address: 0x2A44 of length 216
--- Found segment that must be added. Length: 12 , address: 0x2B1C
--- Found segment that will be moved from address: 0x2440 to address: 0x2B28 of length 104
--- Found segment that must be added. Length: 12 , address: 0x2B90
--- Found segment that will be moved from address: 0x24B4 to address: 0x2B9C of length 8
--- Found segment that must be added. Length: 4 , address: 0x2BA4
--- Found segment that will be moved from address: 0x24C0 to address: 0x2BA8 of length 52
--- Found segment that must be added. Length: 4 , address: 0x2BDC
--- Found segment that will be moved from address: 0x24F8 to address: 0x2BE0 of length 20
--- Found segment that must be added. Length: 4 , address: 0x2BF4
--- Found segment that will be moved from address: 0x2510 to address: 0x2BF8 of length 12
--- Found segment that must be added. Length: 4 , address: 0x2C04
--- Found segment that will be moved from address: 0x2520 to address: 0x2C08 of length 40
--- Found segment that must be added. Length: 4 , address: 0x2C30
--- Found segment that will be moved from address: 0x254C to address: 0x2C34 of length 312
--- Found segment that must be added. Length: 4 , address: 0x2D6C
--- Found segment that will be moved from address: 0x2688 to address: 0x2D70 of length 188
--- Found segment that must be added. Length: 12 , address: 0x2E2C
--- Found segment that will be moved from address: 0x2750 to address: 0x2E38 of length 228
--- Found segment that must be added. Length: 12 , address: 0x2F1C
--- Found segment that will be moved from address: 0x2840 to address: 0x2F28 of length 40
--- Found segment that must be added. Length: 4 , address: 0x2F50
--- Found segment that will be moved from address: 0x286C to address: 0x2F54 of length 136
--- Found segment that must be added. Length: 4 , address: 0x2FDC
--- Found segment that will be moved from address: 0x28F8 to address: 0x2FE0 of length 28
--- Found segment that must be added. Length: 4 , address: 0x2FFC
--- Found segment that will be moved from address: 0x2918 to address: 0x3000 of length 12
--- Found segment that must be added. Length: 4 , address: 0x300C
--- Found segment that will be moved from address: 0x2928 to address: 0x3010 of length 12
--- Found segment that must be added. Length: 4 , address: 0x301C
--- Found segment that will be moved from address: 0x2938 to address: 0x3020 of length 676
--- Found segment that must be added. Length: 24 , address: 0x32C4
--- Found a word to insert to address: 0x32DC
--- Found segment that must be added. Length: 4 , address: 0x32E0
--- Found segment that will be moved from address: 0x2BFC to address: 0x32E4 of length 292
--- Found segment that must be added. Length: 20 , address: 0x3408
--- Found segment that will be moved from address: 0x2D34 to address: 0x341C of length 784
--- Found segment that must be added. Length: 8 , address: 0x372C
--- Found segment that will be moved from address: 0x304C to address: 0x3734 of length 40
--- Found segment that must be added. Length: 60 , address: 0x375C
--- Found a word to insert to address: 0x3798
--- Found segment that must be added. Length: 24 , address: 0x379C
--- Found a word to insert to address: 0x37B4
--- Found segment that must be added. Length: 208 , address: 0x37B8
--- Found a word to insert to address: 0x3888
--- Found a word to insert to address: 0x388C
--- Found segment that must be added. Length: 20 , address: 0x3890
--- Found a word to insert to address: 0x38A4
--- Found segment that must be added. Length: 28 , address: 0x38A8
--- Found a word to insert to address: 0x38C4
--- Found segment that must be added. Length: 24 , address: 0x38C8
--- Found a word to insert to address: 0x38E0
--- Found a word to insert to address: 0x38E4
--- Found a word to insert to address: 0x38E8
--- Found segment that must be added. Length: 16 , address: 0x38EC
--- Found segment that will be moved from address: 0x3160 to address: 0x38FC of length 268
--- Found segment that must be added. Length: 32 , address: 0x3A08
--- Found a word to insert to address: 0x3A28
--- Found segment that must be added. Length: 16 , address: 0x3A2C
--- Found segment that will be moved from address: 0x32A0 to address: 0x3A3C of length 912
--- Found a word to insert to address: 0x3DCC
--- Found segment that must be added. Length: 16 , address: 0x3DD0
--- Found a word to insert to address: 0x3DE0
--- Found a word to insert to address: 0x3DE4
--- Found segment that must be added. Length: 16 , address: 0x3DE8
--- Found a word to insert to address: 0x3DF8
--- Found a word to insert to address: 0x3DFC
--- Found segment that must be added. Length: 16 , address: 0x3E00
--- Found a word to insert to address: 0x3E10
--- Found segment that will be moved from address: 0x3630 to address: 0x3E14 of length 880
--- Found segment that must be added. Length: 48 , address: 0x4184
--- Found segment that will be moved from address: 0x39D0 to address: 0x41B4 of length 600
--- Found segment that must be added. Length: 4 , address: 0x440C
--- Found a word to insert to address: 0x4410
--- Found segment that must be added. Length: 4 , address: 0x4414
--- Found segment that will be moved from address: 0x3C34 to address: 0x4418 of length 24
--- Found segment that must be added. Length: 12 , address: 0x4430
--- Found segment that will be moved from address: 0x3C58 to address: 0x443C of length 84

--- OPTIMIZING...

---- Optimized 2 ADD/INSERT operations by merging...
---- Optimized 2 ADD/INSERT operations by merging...
---- Optimized 2 ADD/INSERT operations by merging...
---- Optimized 2 ADD/INSERT operations by merging...
---- Optimized 2 ADD/INSERT operations by merging...
---- Optimized 2 ADD/INSERT operations by merging...
---- Optimized 2 ADD/INSERT operations by merging...
---- Optimized 2 ADD/INSERT operations by merging...
---- Optimized 2 ADD/INSERT operations by merging...
---- Optimized 2 ADD/INSERT operations by merging...
---- Optimized 2 ADD/INSERT operations by merging...
---- Optimized 2 ADD/INSERT operations by merging...
---- Optimized 2 ADD/INSERT operations by merging...
---- Optimized 2 ADD/INSERT operations by merging...
---- Optimized 2 ADD/INSERT operations by merging...
---- Optimized 2 ADD/INSERT operations by merging...
---- Optimized 2 ADD/INSERT operations by merging...
---- Optimized 2 ADD/INSERT operations by merging...
---- Optimized 2 ADD/INSERT operations by merging...
---- Optimized 2 ADD/INSERT operations by merging...
---- Optimized COPY and ADD operations to preceding ADD...
---- Optimized COPY and ADD operations to preceding ADD...
---- Optimized COPY and ADD operations to preceding ADD...
---- Optimized 2 ADD/INSERT operations by merging...
---- Optimized 2 ADD/INSERT operations by merging...
---- Optimized 2 ADD/INSERT operations by merging...
---- Optimized 2 ADD/INSERT operations by merging...
---- Optimized COPY and ADD operations to preceding ADD...
---- Optimized COPY and ADD operations to preceding ADD...
---- Optimized 2 ADD/INSERT operations by merging...
---- Optimized 2 ADD/INSERT operations by merging...
---- Optimized 2 ADD/INSERT operations by merging...
---- Optimized 2 ADD/INSERT operations by merging...
---- Optimized 2 ADD/INSERT operations by merging...
---- Optimized 2 ADD/INSERT operations by merging...
---- Optimized 2 ADD/INSERT operations by merging...
---- Optimized 2 ADD/INSERT operations by merging...
---- Optimized 2 ADD/INSERT operations by merging...
---- Optimized 2 ADD/INSERT operations by merging...
---- Optimized 2 ADD/INSERT operations by merging...
---- Optimized 2 ADD/INSERT operations by merging...
---- Optimized 2 ADD/INSERT operations by merging...
---- Optimized 2 ADD/INSERT operations by merging...
---- Optimized COPY and ADD operations to preceding ADD...
---- Optimized COPY and ADD operations to preceding ADD...
---- Optimized COPY and ADD operations to preceding ADD...
---- Optimized 2 ADD/INSERT operations by merging...
---- Optimized 2 ADD/INSERT operations by merging...
---- Optimized 2 ADD/INSERT operations by merging...
---- Optimized 2 ADD/INSERT operations by merging...
---- Optimized COPY and ADD operations to preceding ADD...
---- Optimized COPY and ADD operations to preceding ADD...
---- Optimized COPY and ADD operations to preceding ADD...
---- Optimized COPY and ADD operations to preceding ADD...
---- Optimized 2 ADD/INSERT operations by merging...
---- Optimized 2 ADD/INSERT operations by merging...
---- Optimized 2 ADD/INSERT operations by merging...
---- Optimized 2 ADD/INSERT operations by merging...
---- Optimized 2 ADD/INSERT operations by merging...
---- Optimized 2 ADD/INSERT operations by merging...
---- Optimized 2 ADD/INSERT operations by merging...
---- Optimized 2 ADD/INSERT operations by merging...
---- Optimized 2 ADD/INSERT operations by merging...
---- Optimized 2 ADD/INSERT operations by merging...
---- Optimized 2 ADD/INSERT operations by merging...
---- Optimized 2 ADD/INSERT operations by merging...
---- Optimized 2 ADD/INSERT operations by merging...
---- Optimized 2 ADD/INSERT operations by merging...
---- Optimized 2 ADD/INSERT operations by merging...
---- Optimized 2 ADD/INSERT operations by merging...
---- Optimized 2 ADD/INSERT operations by merging...
---- Optimized 2 ADD/INSERT operations by merging...
---- Optimized 2 ADD/INSERT operations by merging...
---- Optimized 2 ADD/INSERT operations by merging...
---- Optimized 2 ADD/INSERT operations by merging...
---- Optimized 2 ADD/INSERT operations by merging...
---- Optimized 2 ADD/INSERT operations by merging...
---- Optimized 2 ADD/INSERT operations by merging...
---- Optimized 2 ADD/INSERT operations by merging...
---- Optimized 2 ADD/INSERT operations by merging...
---- Optimized 2 ADD/INSERT operations by merging...
---- Optimized 2 ADD/INSERT operations by merging...
---- Optimized 2 ADD/INSERT operations by merging...
---- Optimized 2 ADD/INSERT operations by merging...
---- Optimized 2 ADD/INSERT operations by merging...
---- Optimized 2 ADD/INSERT operations by merging...
---- Optimized 2 ADD/INSERT operations by merging...
---- Optimized 2 ADD/INSERT operations by merging...
---- Optimized 2 ADD/INSERT operations by merging...
---- Optimized 2 ADD/INSERT operations by merging...
---- Optimized 2 ADD/INSERT operations by merging...
---- Optimized 2 ADD/INSERT operations by merging...
---- Optimized 2 ADD/INSERT operations by merging...
---- Optimized 2 ADD/INSERT operations by merging...
---- Optimized 2 ADD/INSERT operations by merging...
---- Optimized 2 ADD/INSERT operations by merging...
---- Optimized COPY and ADD operations to preceding ADD...
---- Optimized COPY and ADD operations to preceding ADD...
---- Optimized 2 ADD/INSERT operations by merging...
---- Optimized 2 ADD/INSERT operations by merging...
---- Optimized 2 ADD/INSERT operations by merging...
---- Optimized 2 ADD/INSERT operations by merging...
---- Optimized 2 ADD/INSERT operations by merging...
---- Optimized 2 ADD/INSERT operations by merging...
---- Optimized 2 ADD/INSERT operations by merging...
---- Optimized 2 ADD/INSERT operations by merging...
---- Optimized COPY and ADD operations to preceding ADD...
---- Optimized COPY and ADD operations to preceding ADD...
---- Optimized COPY and ADD operations to preceding ADD...
---- Optimized COPY and ADD operations to preceding ADD...
---- Optimized 2 ADD/INSERT operations by merging...
---- Optimized 2 ADD/INSERT operations by merging...
---- Optimized 2 ADD/INSERT operations by merging...
---- Optimized 2 ADD/INSERT operations by merging...
---- Optimized COPY and ADD operations to preceding ADD...
---- Optimized 2 ADD/INSERT operations by merging...
---- Optimized 2 ADD/INSERT operations by merging...
---- Optimized COPY and ADD operations to preceding ADD...
---- Optimized 2 ADD/INSERT operations by merging...
---- Optimized 2 ADD/INSERT operations by merging...
---- Optimized 2 ADD/INSERT operations by merging...
---- Optimized 2 ADD/INSERT operations by merging...
---- Optimized 2 ADD/INSERT operations by merging...
---- Optimized 2 ADD/INSERT operations by merging...
---- Optimized 2 ADD/INSERT operations by merging...
---- Optimized 2 ADD/INSERT operations by merging...
---- Optimized 2 ADD/INSERT operations by merging...
---- Optimized 2 ADD/INSERT operations by merging...
---- Optimized 2 ADD/INSERT operations by merging...
---- Optimized 2 ADD/INSERT operations by merging...
---- Optimized 2 ADD/INSERT operations by merging...
---- Optimized 2 ADD/INSERT operations by merging...
---- Optimized 2 ADD/INSERT operations by merging...
---- Optimized 2 ADD/INSERT operations by merging...
---- Optimized 2 ADD/INSERT operations by merging...
---- Optimized 2 ADD/INSERT operations by merging...
---- Optimized 2 ADD/INSERT operations by merging...
---- Optimized 2 ADD/INSERT operations by merging...
---- Optimized COPY and ADD operations to preceding ADD...
---- Optimized 2 ADD/INSERT operations by merging...
---- Optimized 2 ADD/INSERT operations by merging...
---- Optimized 2 ADD/INSERT operations by merging...
---- Optimized 2 ADD/INSERT operations by merging...
---- Optimized 2 ADD/INSERT operations by merging...
---- Optimized 2 ADD/INSERT operations by merging...
---- Optimized 2 ADD/INSERT operations by merging...
---- Optimized 2 ADD/INSERT operations by merging...
---- Optimized 2 ADD/INSERT operations by merging...
---- Optimized 2 ADD/INSERT operations by merging...
---- Optimized 2 ADD/INSERT operations by merging...
---- Optimized 2 ADD/INSERT operations by merging...
---- Optimized 2 ADD/INSERT operations by merging...
---- Optimized 2 ADD/INSERT operations by merging...
---- Optimized 2 ADD/INSERT operations by merging...
---- Optimized 2 ADD/INSERT operations by merging...
---- Optimized 2 ADD/INSERT operations by merging...
---- Optimized 2 ADD/INSERT operations by merging...
---- Optimized 2 ADD/INSERT operations by merging...
---- Optimized 2 ADD/INSERT operations by merging...
---- Optimized COPY and ADD operations to preceding ADD...
---- Optimized 2 ADD/INSERT operations by merging...
---- Optimized 2 ADD/INSERT operations by merging...
---- Optimized 2 ADD/INSERT operations by merging...
---- Optimized 2 ADD/INSERT operations by merging...
---- Optimized 2 ADD/INSERT operations by merging...
---- Optimized 2 ADD/INSERT operations by merging...
---- Optimized COPY and ADD operations to preceding ADD...
---- Optimized 2 ADD/INSERT operations by merging...
---- Optimized 2 ADD/INSERT operations by merging...
---- Optimized 2 ADD/INSERT operations by merging...
---- Optimized 2 ADD/INSERT operations by merging...
---- Optimized 2 ADD/INSERT operations by merging...
---- Optimized 2 ADD/INSERT operations by merging...
---- Optimized 2 ADD/INSERT operations by merging...
---- Optimized 2 ADD/INSERT operations by merging...
---- Optimized 2 ADD/INSERT operations by merging...
---- Optimized COPY and ADD operations to preceding ADD...
---- Optimized 2 ADD/INSERT operations by merging...
---- Optimized 2 ADD/INSERT operations by merging...
---- Optimized COPY and ADD operations to preceding ADD...
---- Optimized COPY and ADD operations to preceding ADD...
---- Optimized COPY and ADD operations to preceding ADD...
---- Optimized COPY and ADD operations to preceding ADD...
---- Optimized 2 ADD/INSERT operations by merging...
---- Optimized 2 ADD/INSERT operations by merging...
---- Optimized 2 ADD/INSERT operations by merging...
---- Optimized 2 ADD/INSERT operations by merging...
---- Optimized COPY and ADD operations to preceding ADD...
---- Optimized COPY and ADD operations to preceding ADD...
---- Optimized COPY and ADD operations to preceding ADD...
---- Optimized COPY and ADD operations to preceding ADD...
---- Optimized 2 ADD/INSERT operations by merging...
---- Optimized 2 ADD/INSERT operations by merging...
---- Optimized 2 ADD/INSERT operations by merging...
---- Optimized 2 ADD/INSERT operations by merging...
---- Optimized 2 ADD/INSERT operations by merging...
---- Optimized 2 ADD/INSERT operations by merging...
---- Optimized 2 ADD/INSERT operations by merging...
---- Optimized 2 ADD/INSERT operations by merging...
---- Optimized 2 ADD/INSERT operations by merging...
---- Optimized 2 ADD/INSERT operations by merging...
---- Optimized 2 ADD/INSERT operations by merging...
---- Optimized 2 ADD/INSERT operations by merging...
---- Optimized 2 ADD/INSERT operations by merging...
---- Optimized 2 ADD/INSERT operations by merging...
---- Optimized 2 ADD/INSERT operations by merging...
---- Optimized 2 ADD/INSERT operations by merging...
---- Optimized 2 ADD/INSERT operations by merging...
---- Optimized 2 ADD/INSERT operations by merging...
---- Optimized 2 ADD/INSERT operations by merging...
---- Optimized 2 ADD/INSERT operations by merging...
---- Optimized 2 ADD/INSERT operations by merging...
---- Optimized 2 ADD/INSERT operations by merging...
---- Optimized 2 ADD/INSERT operations by merging...
---- Optimized 2 ADD/INSERT operations by merging...
---- Optimized 2 ADD/INSERT operations by merging...
---- Optimized 2 ADD/INSERT operations by merging...
---- Optimized 2 ADD/INSERT operations by merging...
---- Optimized 2 ADD/INSERT operations by merging...
---- Optimized 2 ADD/INSERT operations by merging...
-- Done...
------------------------------------------

-- Generating file 'samd21-xpro\deltagen_rev_00_rev_01\deltagen_rev_00_rev_01'...
--- Data succesfully generated
--- Generating checksum CRC-16
--- Generated CRC-16
--- Finalizing delta file
--- Writing file 'samd21-xpro\deltagen_rev_00_rev_01\deltagen_rev_00_rev_01'

-- OPERATION SUCCESFULL ...
Elapsed time: 00:00:00.3499977
------------------------------------------

