
There are 196 non-matching segments with total length of 2880
-- Found 196 segments that have changed...
-- Searching for matching segments...
-- Done searching...
------------------------------------------

-- Generating operations...
--- Found segment that must be added. Length: 12 , address: 0x4

--- OPTIMIZING...

--- Found word that must be inserted. Length: 4 , address: 0x2C

--- OPTIMIZING...

--- Found segment that must be added. Length: 120 , address: 0x38

--- OPTIMIZING...

--- Found word that must be inserted. Length: 4 , address: 0xCC

--- OPTIMIZING...

--- Found word that must be inserted. Length: 4 , address: 0xFC

--- OPTIMIZING...

--- Found word that must be inserted. Length: 4 , address: 0x104

--- OPTIMIZING...

--- Found word that must be inserted. Length: 4 , address: 0x118

--- OPTIMIZING...

--- Found segment that must be added. Length: 20 , address: 0x154

--- OPTIMIZING...

--- Found segment that must be added. Length: 24 , address: 0x17C
--- Found a word to insert to address: 0x194
--- Found a word to insert to address: 0x198

--- OPTIMIZING...

---- Optimized 2 ADD/INSERT operations by merging...
---- Optimized 2 ADD/INSERT operations by merging...
--- Found segment that must be added. Length: 20 , address: 0x1BC
--- Found segment that will be moved from address: 0x230 to address: 0x1D0 of length 8
--- Found segment that must be added. Length: 4 , address: 0x1D8
--- Found a word to insert to address: 0x1DC
--- Found segment that must be added. Length: 8 , address: 0x1E0

--- OPTIMIZING...

---- Optimized COPY and ADD operations to preceding ADD...
---- Optimized 2 ADD/INSERT operations by merging...
---- Optimized 2 ADD/INSERT operations by merging...
--- Found word that must be inserted. Length: 4 , address: 0x28C

--- OPTIMIZING...

--- Found segment that must be added. Length: 8 , address: 0x2B8

--- OPTIMIZING...

--- Found word that must be inserted. Length: 4 , address: 0x3AC

--- OPTIMIZING...

--- Found word that must be inserted. Length: 4 , address: 0x5B0

--- OPTIMIZING...

--- Found word that must be inserted. Length: 4 , address: 0x608

--- OPTIMIZING...

--- Found word that must be inserted. Length: 4 , address: 0x648

--- OPTIMIZING...

--- Found word that must be inserted. Length: 4 , address: 0x6B0

--- OPTIMIZING...

--- Found segment that must be added. Length: 16 , address: 0x750

--- OPTIMIZING...

--- Found word that must be inserted. Length: 4 , address: 0x7E8

--- OPTIMIZING...

--- Found word that must be inserted. Length: 4 , address: 0x864

--- OPTIMIZING...

--- Found word that must be inserted. Length: 4 , address: 0x9BC

--- OPTIMIZING...

--- Found segment that must be added. Length: 8 , address: 0xAD0

--- OPTIMIZING...

--- Found word that must be inserted. Length: 4 , address: 0xB44

--- OPTIMIZING...

--- Found word that must be inserted. Length: 4 , address: 0xB6C

--- OPTIMIZING...

--- Found word that must be inserted. Length: 4 , address: 0xC18

--- OPTIMIZING...

--- Found word that must be inserted. Length: 4 , address: 0xD3C

--- OPTIMIZING...

--- Found word that must be inserted. Length: 4 , address: 0xD4C

--- OPTIMIZING...

--- Found word that must be inserted. Length: 4 , address: 0xDA4

--- OPTIMIZING...

--- Found segment that must be added. Length: 16 , address: 0xEC8
--- Found a word to insert to address: 0xED8
--- Found segment that must be added. Length: 12 , address: 0xEDC
--- Found a word to insert to address: 0xEE8
--- Found segment that must be added. Length: 24 , address: 0xEEC

--- OPTIMIZING...

---- Optimized 2 ADD/INSERT operations by merging...
---- Optimized 2 ADD/INSERT operations by merging...
---- Optimized 2 ADD/INSERT operations by merging...
---- Optimized 2 ADD/INSERT operations by merging...
--- Found word that must be inserted. Length: 4 , address: 0xF18

--- OPTIMIZING...

--- Found word that must be inserted. Length: 4 , address: 0x10A0

--- OPTIMIZING...

--- Found word that must be inserted. Length: 4 , address: 0x11C0

--- OPTIMIZING...

--- Found word that must be inserted. Length: 4 , address: 0x1200

--- OPTIMIZING...

--- Found segment that must be added. Length: 8 , address: 0x138C

--- OPTIMIZING...

--- Found word that must be inserted. Length: 4 , address: 0x141C

--- OPTIMIZING...

--- Found word that must be inserted. Length: 4 , address: 0x153C

--- OPTIMIZING...

--- Found word that must be inserted. Length: 4 , address: 0x1740

--- OPTIMIZING...

--- Found word that must be inserted. Length: 4 , address: 0x17C0

--- OPTIMIZING...

--- Found word that must be inserted. Length: 4 , address: 0x186C

--- OPTIMIZING...

--- Found segment that must be added. Length: 8 , address: 0x1990

--- OPTIMIZING...

--- Found segment that must be added. Length: 12 , address: 0x1CDC

--- OPTIMIZING...

--- Found segment that must be added. Length: 8 , address: 0x1E04

--- OPTIMIZING...

--- Found word that must be inserted. Length: 4 , address: 0x1F5C

--- OPTIMIZING...

--- Found word that must be inserted. Length: 4 , address: 0x2058

--- OPTIMIZING...

--- Found word that must be inserted. Length: 4 , address: 0x2180

--- OPTIMIZING...

--- Found word that must be inserted. Length: 4 , address: 0x23F4

--- OPTIMIZING...

--- Found word that must be inserted. Length: 4 , address: 0x243C

--- OPTIMIZING...

--- Found word that must be inserted. Length: 4 , address: 0x25E4

--- OPTIMIZING...

--- Found segment that must be added. Length: 24 , address: 0x2658

--- OPTIMIZING...

--- Found word that must be inserted. Length: 4 , address: 0x26AC

--- OPTIMIZING...

--- Found word that must be inserted. Length: 4 , address: 0x2720

--- OPTIMIZING...

--- Found word that must be inserted. Length: 4 , address: 0x2734

--- OPTIMIZING...

--- Found word that must be inserted. Length: 4 , address: 0x284C

--- OPTIMIZING...

--- Found word that must be inserted. Length: 4 , address: 0x2A4C

--- OPTIMIZING...

--- Found word that must be inserted. Length: 4 , address: 0x2A94

--- OPTIMIZING...

--- Found word that must be inserted. Length: 4 , address: 0x2BAC

--- OPTIMIZING...

--- Found word that must be inserted. Length: 4 , address: 0x2C74

--- OPTIMIZING...

--- Found segment that must be added. Length: 8 , address: 0x2D80

--- OPTIMIZING...

--- Found word that must be inserted. Length: 4 , address: 0x2E78

--- OPTIMIZING...

--- Found word that must be inserted. Length: 4 , address: 0x2F0C

--- OPTIMIZING...

--- Found word that must be inserted. Length: 4 , address: 0x3010

--- OPTIMIZING...

--- Found word that must be inserted. Length: 4 , address: 0x30C0

--- OPTIMIZING...

--- Found segment that must be added. Length: 28 , address: 0x3200

--- OPTIMIZING...

--- Found word that must be inserted. Length: 4 , address: 0x3294

--- OPTIMIZING...

--- Found word that must be inserted. Length: 4 , address: 0x32AC

--- OPTIMIZING...

--- Found word that must be inserted. Length: 4 , address: 0x3940

--- OPTIMIZING...

--- Found word that must be inserted. Length: 4 , address: 0x3C9C

--- OPTIMIZING...

--- Found word that must be inserted. Length: 4 , address: 0x3CF8

--- OPTIMIZING...

--- Found segment that must be added. Length: 12 , address: 0x3F90

--- OPTIMIZING...

--- Found word that must be inserted. Length: 4 , address: 0x3FF8

--- OPTIMIZING...

--- Found segment that must be added. Length: 20 , address: 0x4134

--- OPTIMIZING...

--- Found word that must be inserted. Length: 4 , address: 0x4300

--- OPTIMIZING...

--- Found word that must be inserted. Length: 4 , address: 0x43B8

--- OPTIMIZING...

--- Found word that must be inserted. Length: 4 , address: 0x44F8

--- OPTIMIZING...

--- Found word that must be inserted. Length: 4 , address: 0x45C0

--- OPTIMIZING...

--- Found word that must be inserted. Length: 4 , address: 0x4654

--- OPTIMIZING...

--- Found word that must be inserted. Length: 4 , address: 0x4674

--- OPTIMIZING...

--- Found segment that must be added. Length: 8 , address: 0x4734

--- OPTIMIZING...

--- Found segment that must be added. Length: 12 , address: 0x4828

--- OPTIMIZING...

--- Found segment that must be added. Length: 8 , address: 0x48D4

--- OPTIMIZING...

--- Found word that must be inserted. Length: 4 , address: 0x4924

--- OPTIMIZING...

--- Found word that must be inserted. Length: 4 , address: 0x49E4

--- OPTIMIZING...

--- Found word that must be inserted. Length: 4 , address: 0x4A14

--- OPTIMIZING...

--- Found word that must be inserted. Length: 4 , address: 0x4AA8

--- OPTIMIZING...

--- Found word that must be inserted. Length: 4 , address: 0x4B90

--- OPTIMIZING...

--- Found word that must be inserted. Length: 4 , address: 0x4BC4

--- OPTIMIZING...

--- Found word that must be inserted. Length: 4 , address: 0x4DC8

--- OPTIMIZING...

--- Found segment that must be added. Length: 8 , address: 0x5010

--- OPTIMIZING...

--- Found word that must be inserted. Length: 4 , address: 0x50F0

--- OPTIMIZING...

--- Found word that must be inserted. Length: 4 , address: 0x51C4

--- OPTIMIZING...

--- Found segment that must be added. Length: 8 , address: 0x52F4

--- OPTIMIZING...

--- Found word that must be inserted. Length: 4 , address: 0x53F0

--- OPTIMIZING...

--- Found word that must be inserted. Length: 4 , address: 0x55D0

--- OPTIMIZING...

--- Found word that must be inserted. Length: 4 , address: 0x583C

--- OPTIMIZING...

--- Found word that must be inserted. Length: 4 , address: 0x5A50

--- OPTIMIZING...

--- Found segment that must be added. Length: 8 , address: 0x5ACC

--- OPTIMIZING...

--- Found segment that must be added. Length: 8 , address: 0x5E50

--- OPTIMIZING...

--- Found word that must be inserted. Length: 4 , address: 0x5FBC

--- OPTIMIZING...

--- Found word that must be inserted. Length: 4 , address: 0x6134

--- OPTIMIZING...

--- Found segment that must be added. Length: 8 , address: 0x61B0

--- OPTIMIZING...

--- Found segment that must be added. Length: 8 , address: 0x61D4

--- OPTIMIZING...

--- Found word that must be inserted. Length: 4 , address: 0x622C

--- OPTIMIZING...

--- Found word that must be inserted. Length: 4 , address: 0x62D0

--- OPTIMIZING...

--- Found word that must be inserted. Length: 4 , address: 0x6584

--- OPTIMIZING...

--- Found word that must be inserted. Length: 4 , address: 0x67AC

--- OPTIMIZING...

--- Found word that must be inserted. Length: 4 , address: 0x67D8

--- OPTIMIZING...

--- Found segment that must be added. Length: 16 , address: 0x68C0
--- Found a word to insert to address: 0x68D0
--- Found segment that must be added. Length: 12 , address: 0x68D4
--- Found a word to insert to address: 0x68E0
--- Found segment that must be added. Length: 12 , address: 0x68E4

--- OPTIMIZING...

---- Optimized 2 ADD/INSERT operations by merging...
---- Optimized 2 ADD/INSERT operations by merging...
---- Optimized 2 ADD/INSERT operations by merging...
---- Optimized 2 ADD/INSERT operations by merging...
--- Found word that must be inserted. Length: 4 , address: 0x6950

--- OPTIMIZING...

--- Found word that must be inserted. Length: 4 , address: 0x6A34

--- OPTIMIZING...

--- Found word that must be inserted. Length: 4 , address: 0x6B30

--- OPTIMIZING...

--- Found word that must be inserted. Length: 4 , address: 0x6B8C

--- OPTIMIZING...

--- Found word that must be inserted. Length: 4 , address: 0x6D84

--- OPTIMIZING...

--- Found word that must be inserted. Length: 4 , address: 0x6DEC

--- OPTIMIZING...

--- Found word that must be inserted. Length: 4 , address: 0x6E58

--- OPTIMIZING...

--- Found word that must be inserted. Length: 4 , address: 0x6EF0

--- OPTIMIZING...

--- Found word that must be inserted. Length: 4 , address: 0x6EF8

--- OPTIMIZING...

--- Found word that must be inserted. Length: 4 , address: 0x6FA4

--- OPTIMIZING...

--- Found word that must be inserted. Length: 4 , address: 0x6FDC

--- OPTIMIZING...

--- Found segment that must be added. Length: 8 , address: 0x7048

--- OPTIMIZING...

--- Found word that must be inserted. Length: 4 , address: 0x7064

--- OPTIMIZING...

--- Found word that must be inserted. Length: 4 , address: 0x7098

--- OPTIMIZING...

--- Found word that must be inserted. Length: 4 , address: 0x710C

--- OPTIMIZING...

--- Found word that must be inserted. Length: 4 , address: 0x7160

--- OPTIMIZING...

--- Found word that must be inserted. Length: 4 , address: 0x7188

--- OPTIMIZING...

--- Found word that must be inserted. Length: 4 , address: 0x71A4

--- OPTIMIZING...

--- Found word that must be inserted. Length: 4 , address: 0x71BC

--- OPTIMIZING...

--- Found segment that must be added. Length: 8 , address: 0x72A4

--- OPTIMIZING...

--- Found word that must be inserted. Length: 4 , address: 0x7350

--- OPTIMIZING...

--- Found word that must be inserted. Length: 4 , address: 0x73A8

--- OPTIMIZING...

--- Found word that must be inserted. Length: 4 , address: 0x740C

--- OPTIMIZING...

--- Found word that must be inserted. Length: 4 , address: 0x7570

--- OPTIMIZING...

--- Found word that must be inserted. Length: 4 , address: 0x75B8

--- OPTIMIZING...

--- Found word that must be inserted. Length: 4 , address: 0x7718

--- OPTIMIZING...

--- Found word that must be inserted. Length: 4 , address: 0x772C

--- OPTIMIZING...

--- Found segment that must be added. Length: 28 , address: 0x7A28
--- Found segment that will be moved from address: 0x7A44 to address: 0x7A44 of length 12
--- Found segment that must be added. Length: 20 , address: 0x7A50

--- OPTIMIZING...

---- Optimized COPY and ADD operations to preceding ADD...
--- Found segment that must be added. Length: 8 , address: 0x7C38
--- Found a word to insert to address: 0x7C40
--- Found segment that must be added. Length: 20 , address: 0x7C44

--- OPTIMIZING...

---- Optimized 2 ADD/INSERT operations by merging...
---- Optimized 2 ADD/INSERT operations by merging...
--- Found segment that must be added. Length: 16 , address: 0x7C8C

--- OPTIMIZING...

--- Found segment that must be added. Length: 16 , address: 0x7CC8

--- OPTIMIZING...

--- Found segment that must be added. Length: 16 , address: 0x7D04

--- OPTIMIZING...

--- Found segment that must be added. Length: 36 , address: 0x8008
--- Found a word to insert to address: 0x802C
--- Found segment that must be added. Length: 4 , address: 0x8030

--- OPTIMIZING...

---- Optimized 2 ADD/INSERT operations by merging...
---- Optimized 2 ADD/INSERT operations by merging...
--- Found segment that must be added. Length: 12 , address: 0x80FC

--- OPTIMIZING...

--- Found segment that must be added. Length: 8 , address: 0x811C

--- OPTIMIZING...

--- Found segment that must be added. Length: 60 , address: 0x81AC

--- OPTIMIZING...

--- Found segment that must be added. Length: 20 , address: 0x821C

--- OPTIMIZING...

--- Found word that must be inserted. Length: 4 , address: 0x8244

--- OPTIMIZING...

--- Found word that must be inserted. Length: 4 , address: 0x8274

--- OPTIMIZING...

--- Found segment that must be added. Length: 12 , address: 0x82B0

--- OPTIMIZING...

--- Found segment that must be added. Length: 24 , address: 0x8324

--- OPTIMIZING...

--- Found segment that must be added. Length: 32 , address: 0x83E8

--- OPTIMIZING...

--- Found segment that must be added. Length: 8 , address: 0x8474

--- OPTIMIZING...

--- Found segment that must be added. Length: 20 , address: 0x84E0

--- OPTIMIZING...

--- Found segment that must be added. Length: 20 , address: 0x8564

--- OPTIMIZING...

--- Found segment that must be added. Length: 76 , address: 0x87BC

--- OPTIMIZING...

--- Found segment that must be added. Length: 112 , address: 0x8B2C
--- Found a word to insert to address: 0x8B9C
--- Found segment that must be added. Length: 36 , address: 0x8BA0

--- OPTIMIZING...

---- Optimized 2 ADD/INSERT operations by merging...
---- Optimized 2 ADD/INSERT operations by merging...
--- Found segment that must be added. Length: 172 , address: 0x8F1C

--- OPTIMIZING...

--- Found segment that must be added. Length: 172 , address: 0x92B0

--- OPTIMIZING...

--- Found segment that must be added. Length: 48 , address: 0x946C
--- Found a word to insert to address: 0x949C

--- OPTIMIZING...

---- Optimized 2 ADD/INSERT operations by merging...
--- Found segment that must be added. Length: 24 , address: 0x94C8

--- OPTIMIZING...

--- Found word that must be inserted. Length: 4 , address: 0x94FC

--- OPTIMIZING...

--- Found segment that must be added. Length: 24 , address: 0x9644
--- Found a word to insert to address: 0x965C
--- Found segment that must be added. Length: 36 , address: 0x9660

--- OPTIMIZING...

---- Optimized 2 ADD/INSERT operations by merging...
---- Optimized 2 ADD/INSERT operations by merging...
--- Found segment that must be added. Length: 8 , address: 0x96BC

--- OPTIMIZING...

--- Found word that must be inserted. Length: 4 , address: 0x96D8

--- OPTIMIZING...

--- Found word that must be inserted. Length: 4 , address: 0x96F4

--- OPTIMIZING...

--- Found word that must be inserted. Length: 4 , address: 0x9730

--- OPTIMIZING...

--- Found segment that must be added. Length: 16 , address: 0x99BC
--- Found a word to insert to address: 0x99CC
--- Found segment that must be added. Length: 24 , address: 0x99D0

--- OPTIMIZING...

---- Optimized 2 ADD/INSERT operations by merging...
---- Optimized 2 ADD/INSERT operations by merging...
--- Found word that must be inserted. Length: 4 , address: 0x9A00

--- OPTIMIZING...

--- Found word that must be inserted. Length: 4 , address: 0x9A78

--- OPTIMIZING...

--- Found segment that must be added. Length: 8 , address: 0x9A80

--- OPTIMIZING...

--- Found word that must be inserted. Length: 4 , address: 0x9D44

--- OPTIMIZING...

--- Found word that must be inserted. Length: 4 , address: 0x9D4C

--- OPTIMIZING...

--- Found word that must be inserted. Length: 4 , address: 0x9E68

--- OPTIMIZING...

--- Found word that must be inserted. Length: 4 , address: 0x9F88

--- OPTIMIZING...

--- Found segment that must be added. Length: 12 , address: 0xA428

--- OPTIMIZING...

--- Found segment that must be added. Length: 8 , address: 0xA454

--- OPTIMIZING...

--- Found segment that must be added. Length: 16 , address: 0xA498
--- Found segment that will be moved from address: 0xA4A8 to address: 0xA4A8 of length 12
--- Found segment that must be added. Length: 4 , address: 0xA4B4

--- OPTIMIZING...

---- Optimized COPY and ADD operations to preceding ADD...
--- Found segment that must be added. Length: 8 , address: 0xA58C

--- OPTIMIZING...

--- Found word that must be inserted. Length: 4 , address: 0xA61C

--- OPTIMIZING...

--- Found segment that must be added. Length: 12 , address: 0xA738

--- OPTIMIZING...

--- Found segment that must be added. Length: 16 , address: 0xA77C

--- OPTIMIZING...

--- Found segment that must be added. Length: 12 , address: 0xAA04

--- OPTIMIZING...

--- Found segment that must be added. Length: 12 , address: 0xAAE8

--- OPTIMIZING...

--- Found segment that must be added. Length: 12 , address: 0xAB5C

--- OPTIMIZING...

--- Found word that must be inserted. Length: 4 , address: 0xAD88

--- OPTIMIZING...

--- Found word that must be inserted. Length: 4 , address: 0xAEB8

--- OPTIMIZING...

--- Found segment that must be added. Length: 12 , address: 0xAF74

--- OPTIMIZING...

--- Found segment that must be added. Length: 12 , address: 0xB064

--- OPTIMIZING...

--- Found word that must be inserted. Length: 4 , address: 0xB144

--- OPTIMIZING...

--- Found segment that must be added. Length: 24 , address: 0xB40C
--- Found a word to insert to address: 0xB424
--- Found segment that must be added. Length: 4 , address: 0xB428

--- OPTIMIZING...

---- Optimized 2 ADD/INSERT operations by merging...
---- Optimized 2 ADD/INSERT operations by merging...
--- Found segment that must be added. Length: 20 , address: 0xB550

--- OPTIMIZING...

--- Found segment that must be added. Length: 8 , address: 0xB874

--- OPTIMIZING...

--- Found segment that must be added. Length: 36 , address: 0xB9F0

--- OPTIMIZING...

--- Found segment that must be added. Length: 52 , address: 0xBB1C

--- OPTIMIZING...

--- Found segment that must be added. Length: 28 , address: 0xBDD8

--- OPTIMIZING...

--- Found segment that must be added. Length: 32 , address: 0xD794
--- Found a word to insert to address: 0xD7B4
--- Found segment that must be added. Length: 4 , address: 0xD7B8
--- Found a word to insert to address: 0xD7BC
--- Found segment that must be added. Length: 4 , address: 0xD7C0
--- Found a word to insert to address: 0xD7C4
--- Found segment that must be added. Length: 4 , address: 0xD7C8
--- Found a word to insert to address: 0xD7CC
--- Found segment that must be added. Length: 4 , address: 0xD7D0
--- Found a word to insert to address: 0xD7D4
--- Found segment that must be added. Length: 4 , address: 0xD7D8
--- Found a word to insert to address: 0xD7DC
--- Found segment that must be added. Length: 4 , address: 0xD7E0
--- Found a word to insert to address: 0xD7E4
--- Found segment that must be added. Length: 4 , address: 0xD7E8
--- Found a word to insert to address: 0xD7EC
--- Found segment that must be added. Length: 4 , address: 0xD7F0
--- Found a word to insert to address: 0xD7F4
--- Found segment that must be added. Length: 4 , address: 0xD7F8
--- Found a word to insert to address: 0xD7FC
--- Found segment that must be added. Length: 4 , address: 0xD800
--- Found a word to insert to address: 0xD804
--- Found segment that must be added. Length: 4 , address: 0xD808
--- Found a word to insert to address: 0xD80C
--- Found segment that must be added. Length: 4 , address: 0xD810
--- Found a word to insert to address: 0xD814
--- Found segment that must be added. Length: 4 , address: 0xD818
--- Found a word to insert to address: 0xD81C
--- Found segment that must be added. Length: 4 , address: 0xD820
--- Found a word to insert to address: 0xD824
--- Found segment that must be added. Length: 4 , address: 0xD828
--- Found a word to insert to address: 0xD82C
--- Found segment that must be added. Length: 4 , address: 0xD830
--- Found a word to insert to address: 0xD834
--- Found segment that must be added. Length: 4 , address: 0xD838
--- Found a word to insert to address: 0xD83C
--- Found segment that must be added. Length: 4 , address: 0xD840
--- Found a word to insert to address: 0xD844
--- Found segment that must be added. Length: 4 , address: 0xD848

--- OPTIMIZING...

---- Optimized 2 ADD/INSERT operations by merging...
---- Optimized 2 ADD/INSERT operations by merging...
---- Optimized 2 ADD/INSERT operations by merging...
---- Optimized 2 ADD/INSERT operations by merging...
---- Optimized 2 ADD/INSERT operations by merging...
---- Optimized 2 ADD/INSERT operations by merging...
---- Optimized 2 ADD/INSERT operations by merging...
---- Optimized 2 ADD/INSERT operations by merging...
---- Optimized 2 ADD/INSERT operations by merging...
---- Optimized 2 ADD/INSERT operations by merging...
---- Optimized 2 ADD/INSERT operations by merging...
---- Optimized 2 ADD/INSERT operations by merging...
---- Optimized 2 ADD/INSERT operations by merging...
---- Optimized 2 ADD/INSERT operations by merging...
---- Optimized 2 ADD/INSERT operations by merging...
---- Optimized 2 ADD/INSERT operations by merging...
---- Optimized 2 ADD/INSERT operations by merging...
---- Optimized 2 ADD/INSERT operations by merging...
---- Optimized 2 ADD/INSERT operations by merging...
---- Optimized 2 ADD/INSERT operations by merging...
---- Optimized 2 ADD/INSERT operations by merging...
---- Optimized 2 ADD/INSERT operations by merging...
---- Optimized 2 ADD/INSERT operations by merging...
---- Optimized 2 ADD/INSERT operations by merging...
---- Optimized 2 ADD/INSERT operations by merging...
---- Optimized 2 ADD/INSERT operations by merging...
---- Optimized 2 ADD/INSERT operations by merging...
---- Optimized 2 ADD/INSERT operations by merging...
---- Optimized 2 ADD/INSERT operations by merging...
---- Optimized 2 ADD/INSERT operations by merging...
---- Optimized 2 ADD/INSERT operations by merging...
---- Optimized 2 ADD/INSERT operations by merging...
---- Optimized 2 ADD/INSERT operations by merging...
---- Optimized 2 ADD/INSERT operations by merging...
---- Optimized 2 ADD/INSERT operations by merging...
---- Optimized 2 ADD/INSERT operations by merging...
---- Optimized 2 ADD/INSERT operations by merging...
---- Optimized 2 ADD/INSERT operations by merging...
--- Found segment that must be added. Length: 120 , address: 0xDC54

--- OPTIMIZING...

--- Found segment that must be added. Length: 12 , address: 0xDF4C

--- OPTIMIZING...

-- Done...
------------------------------------------

-- Generating file 'data_basis\riotboot\samd21-xpro\deltagen_rev_04_rev_03\deltagen_rev_04_slot1_rev_03_slot0'...
--- Data succesfully generated
--- Generating checksum CRC-16
--- Generated CRC-16
--- Finalizing delta file
--- Writing file 'data_basis\riotboot\samd21-xpro\deltagen_rev_04_rev_03\deltagen_rev_04_slot1_rev_03_slot0'

-- OPERATION SUCCESFULL ...
Elapsed time: 00:00:00.2285505
------------------------------------------

