
There are 5 non-matching segments with total length of 18504
-- Found 5 segments that have changed...
-- Searching for matching segments...
-- Done searching...
------------------------------------------

-- Generating operations...
--- Found segment that must be added. Length: 12 , address: 0x4

--- OPTIMIZING...

--- Found word that must be inserted. Length: 4 , address: 0x2C

--- OPTIMIZING...

--- Found segment that must be added. Length: 120 , address: 0x38

--- OPTIMIZING...

--- Found word that must be inserted. Length: 4 , address: 0xC4

--- OPTIMIZING...

--- Found segment that must be added. Length: 44 , address: 0xCC
--- Found a word to insert to address: 0xF8
--- Found segment that must be added. Length: 4 , address: 0xFC
--- Found segment that will be moved from address: 0xD0 to address: 0x100 of length 8
--- Found segment that must be added. Length: 4 , address: 0x108
--- Found a word to insert to address: 0x10C
--- Found segment that must be added. Length: 4 , address: 0x110
--- Found a word to insert to address: 0x114
--- Found segment that must be added. Length: 20 , address: 0x118
--- Found a word to insert to address: 0x12C
--- Found segment that must be added. Length: 4 , address: 0x130
--- Found a word to insert to address: 0x134
--- Found segment that must be added. Length: 4 , address: 0x138
--- Found a word to insert to address: 0x13C
--- Found segment that must be added. Length: 4 , address: 0x140
--- Found a word to insert to address: 0x144
--- Found segment that must be added. Length: 8 , address: 0x148
--- Found a word to insert to address: 0x150
--- Found segment that must be added. Length: 16 , address: 0x154
--- Found a word to insert to address: 0x164
--- Found segment that must be added. Length: 24 , address: 0x168
--- Found a word to insert to address: 0x180
--- Found segment that must be added. Length: 8 , address: 0x184
--- Found a word to insert to address: 0x18C
--- Found segment that must be added. Length: 4 , address: 0x190
--- Found a word to insert to address: 0x194
--- Found a word to insert to address: 0x198
--- Found segment that must be added. Length: 4 , address: 0x19C
--- Found a word to insert to address: 0x1A0
--- Found segment that must be added. Length: 12 , address: 0x1A4
--- Found segment that will be moved from address: 0x138 to address: 0x1B0 of length 8
--- Found segment that must be added. Length: 24 , address: 0x1B8
--- Found segment that will be moved from address: 0x158 to address: 0x1D0 of length 8
--- Found segment that must be added. Length: 4 , address: 0x1D8
--- Found a word to insert to address: 0x1DC
--- Found segment that must be added. Length: 20 , address: 0x1E0
--- Found segment that will be moved from address: 0x17C to address: 0x1F4 of length 8
--- Found segment that must be added. Length: 4 , address: 0x1FC
--- Found segment that will be moved from address: 0x188 to address: 0x200 of length 12
--- Found segment that must be added. Length: 4 , address: 0x20C
--- Found segment that will be moved from address: 0x198 to address: 0x210 of length 24
--- Found segment that must be added. Length: 8 , address: 0x228
--- Found a word to insert to address: 0x230
--- Found segment that must be added. Length: 4 , address: 0x234
--- Found segment that will be moved from address: 0x1C0 to address: 0x238 of length 40
--- Found segment that must be added. Length: 12 , address: 0x260
--- Found segment that will be moved from address: 0x1F4 to address: 0x26C of length 36
--- Found segment that must be added. Length: 8 , address: 0x290
--- Found segment that will be moved from address: 0x220 to address: 0x298 of length 96
--- Found segment that must be added. Length: 8 , address: 0x2F8
--- Found segment that will be moved from address: 0x288 to address: 0x300 of length 104
--- Found segment that must be added. Length: 4 , address: 0x368
--- Found segment that will be moved from address: 0x2F4 to address: 0x36C of length 12
--- Found segment that must be added. Length: 12 , address: 0x378
--- Found a word to insert to address: 0x384
--- Found segment that must be added. Length: 4 , address: 0x388
--- Found segment that will be moved from address: 0x314 to address: 0x38C of length 8
--- Found segment that must be added. Length: 24 , address: 0x394
--- Found segment that will be moved from address: 0x334 to address: 0x3AC of length 108
--- Found segment that must be added. Length: 20 , address: 0x418
--- Found a word to insert to address: 0x42C
--- Found segment that must be added. Length: 4 , address: 0x430
--- Found segment that will be moved from address: 0x3BC to address: 0x434 of length 116
--- Found segment that must be added. Length: 8 , address: 0x4A8
--- Found segment that will be moved from address: 0x438 to address: 0x4B0 of length 48
--- Found segment that must be added. Length: 8 , address: 0x4E0
--- Found segment that will be moved from address: 0x470 to address: 0x4E8 of length 52
--- Found segment that must be added. Length: 16 , address: 0x51C
--- Found segment that will be moved from address: 0x4B4 to address: 0x52C of length 28
--- Found segment that must be added. Length: 4 , address: 0x548
--- Found segment that will be moved from address: 0x4D4 to address: 0x54C of length 48
--- Found segment that must be added. Length: 4 , address: 0x57C
--- Found segment that will be moved from address: 0x508 to address: 0x580 of length 240
--- Found segment that must be added. Length: 8 , address: 0x670
--- Found segment that will be moved from address: 0x600 to address: 0x678 of length 24
--- Found segment that must be added. Length: 8 , address: 0x690
--- Found segment that will be moved from address: 0x620 to address: 0x698 of length 108
--- Found segment that must be added. Length: 4 , address: 0x704
--- Found segment that will be moved from address: 0x690 to address: 0x708 of length 28
--- Found segment that must be added. Length: 4 , address: 0x724
--- Found a word to insert to address: 0x728
--- Found segment that must be added. Length: 4 , address: 0x72C
--- Found segment that will be moved from address: 0x6B8 to address: 0x730 of length 168
--- Found segment that must be added. Length: 4 , address: 0x7D8
--- Found segment that will be moved from address: 0x764 to address: 0x7DC of length 160
--- Found segment that must be added. Length: 4 , address: 0x87C
--- Found segment that will be moved from address: 0x808 to address: 0x880 of length 20
--- Found segment that must be added. Length: 4 , address: 0x894
--- Found segment that will be moved from address: 0x820 to address: 0x898 of length 100
--- Found segment that must be added. Length: 4 , address: 0x8FC
--- Found segment that will be moved from address: 0x888 to address: 0x900 of length 12
--- Found segment that must be added. Length: 4 , address: 0x90C
--- Found segment that will be moved from address: 0x898 to address: 0x910 of length 48
--- Found segment that must be added. Length: 4 , address: 0x940
--- Found segment that will be moved from address: 0x8CC to address: 0x944 of length 32
--- Found segment that must be added. Length: 4 , address: 0x964
--- Found segment that will be moved from address: 0x8F0 to address: 0x968 of length 8
--- Found segment that must be added. Length: 4 , address: 0x970
--- Found segment that will be moved from address: 0x8FC to address: 0x974 of length 24
--- Found segment that must be added. Length: 4 , address: 0x98C
--- Found segment that will be moved from address: 0x918 to address: 0x990 of length 8
--- Found segment that must be added. Length: 24 , address: 0x998
--- Found segment that will be moved from address: 0x938 to address: 0x9B0 of length 28
--- Found segment that must be added. Length: 20 , address: 0x9CC
--- Found segment that will be moved from address: 0x968 to address: 0x9E0 of length 12
--- Found segment that must be added. Length: 8 , address: 0x9EC
--- Found segment that will be moved from address: 0x97C to address: 0x9F4 of length 84
--- Found segment that must be added. Length: 8 , address: 0xA48
--- Found segment that will be moved from address: 0x9D8 to address: 0xA50 of length 8
--- Found segment that must be added. Length: 8 , address: 0xA58
--- Found segment that will be moved from address: 0x9E8 to address: 0xA60 of length 8
--- Found a word to insert to address: 0xA68
--- Found segment that must be added. Length: 4 , address: 0xA6C
--- Found segment that will be moved from address: 0x9F8 to address: 0xA70 of length 8
--- Found segment that must be added. Length: 4 , address: 0xA78
--- Found segment that will be moved from address: 0xA04 to address: 0xA7C of length 12
--- Found segment that must be added. Length: 32 , address: 0xA88
--- Found a word to insert to address: 0xAA8
--- Found segment that must be added. Length: 24 , address: 0xAAC
--- Found segment that will be moved from address: 0xA4C to address: 0xAC4 of length 20
--- Found segment that must be added. Length: 4 , address: 0xAD8
--- Found segment that will be moved from address: 0xA64 to address: 0xADC of length 220
--- Found segment that must be added. Length: 8 , address: 0xBB8
--- Found segment that will be moved from address: 0xB48 to address: 0xBC0 of length 600
--- Found segment that must be added. Length: 4 , address: 0xE18
--- Found a word to insert to address: 0xE1C
--- Found segment that must be added. Length: 4 , address: 0xE20
--- Found segment that will be moved from address: 0xDAC to address: 0xE24 of length 28
--- Found segment that must be added. Length: 4 , address: 0xE40
--- Found segment that will be moved from address: 0xDCC to address: 0xE44 of length 16
--- Found segment that must be added. Length: 52 , address: 0xE54
--- Found a word to insert to address: 0xE88
--- Found segment that must be added. Length: 32 , address: 0xE8C
--- Found a word to insert to address: 0xEAC
--- Found segment that must be added. Length: 48 , address: 0xEB0
--- Found a word to insert to address: 0xEE0
--- Found segment that must be added. Length: 84 , address: 0xEE4
--- Found a word to insert to address: 0xF38
--- Found a word to insert to address: 0xF3C
--- Found segment that must be added. Length: 28 , address: 0xF40
--- Found a word to insert to address: 0xF5C
--- Found segment that must be added. Length: 92 , address: 0xF60
--- Found a word to insert to address: 0xFBC
--- Found segment that must be added. Length: 12 , address: 0xFC0
--- Found a word to insert to address: 0xFCC
--- Found segment that must be added. Length: 16 , address: 0xFD0
--- Found a word to insert to address: 0xFE0
--- Found segment that must be added. Length: 16 , address: 0xFE4
--- Found a word to insert to address: 0xFF4
--- Found segment that must be added. Length: 24 , address: 0xFF8
--- Found segment that will be moved from address: 0xDDC to address: 0x1010 of length 12
--- Found segment that must be added. Length: 4 , address: 0x101C
--- Found a word to insert to address: 0x1020
--- Found segment that must be added. Length: 4 , address: 0x1024
--- Found segment that will be moved from address: 0xDF4 to address: 0x1028 of length 16
--- Found segment that must be added. Length: 4 , address: 0x1038
--- Found segment that will be moved from address: 0xE08 to address: 0x103C of length 36
--- Found segment that must be added. Length: 4 , address: 0x1060
--- Found segment that will be moved from address: 0xE30 to address: 0x1064 of length 40
--- Found segment that must be added. Length: 4 , address: 0x108C
--- Found segment that will be moved from address: 0xE5C to address: 0x1090 of length 64
--- Found segment that must be added. Length: 4 , address: 0x10D0
--- Found a word to insert to address: 0x10D4
--- Found segment that must be added. Length: 8 , address: 0x10D8
--- Found a word to insert to address: 0x10E0
--- Found segment that must be added. Length: 8 , address: 0x10E4
--- Found segment that will be moved from address: 0xEB8 to address: 0x10EC of length 44
--- Found a word to insert to address: 0x1118
--- Found segment that must be added. Length: 16 , address: 0x111C
--- Found a word to insert to address: 0x112C
--- Found segment that must be added. Length: 12 , address: 0x1130
--- Found a word to insert to address: 0x113C
--- Found segment that must be added. Length: 8 , address: 0x1140
--- Found a word to insert to address: 0x1148
--- Found segment that must be added. Length: 76 , address: 0x114C
--- Found a word to insert to address: 0x1198
--- Found segment that must be added. Length: 60 , address: 0x119C
--- Found segment that will be moved from address: 0xEE8 to address: 0x11D8 of length 8
--- Found segment that must be added. Length: 4 , address: 0x11E0
--- Found segment that will be moved from address: 0xEF4 to address: 0x11E4 of length 8
--- Found segment that must be added. Length: 4 , address: 0x11EC
--- Found a word to insert to address: 0x11F0
--- Found segment that must be added. Length: 4 , address: 0x11F4
--- Found segment that will be moved from address: 0xF08 to address: 0x11F8 of length 32
--- Found segment that must be added. Length: 8 , address: 0x1218
--- Found segment that will be moved from address: 0xF30 to address: 0x1220 of length 120
--- Found segment that must be added. Length: 4 , address: 0x1298
--- Found segment that will be moved from address: 0xFAC to address: 0x129C of length 20
--- Found segment that must be added. Length: 4 , address: 0x12B0
--- Found segment that will be moved from address: 0xFC4 to address: 0x12B4 of length 16
--- Found segment that must be added. Length: 4 , address: 0x12C4
--- Found segment that will be moved from address: 0xFD8 to address: 0x12C8 of length 20
--- Found segment that must be added. Length: 4 , address: 0x12DC
--- Found segment that will be moved from address: 0xFF0 to address: 0x12E0 of length 52
--- Found segment that must be added. Length: 12 , address: 0x1314
--- Found a word to insert to address: 0x1320
--- Found segment that must be added. Length: 4 , address: 0x1324
--- Found segment that will be moved from address: 0x1038 to address: 0x1328 of length 16
--- Found segment that must be added. Length: 4 , address: 0x1338
--- Found segment that will be moved from address: 0x104C to address: 0x133C of length 20
--- Found segment that must be added. Length: 4 , address: 0x1350
--- Found segment that will be moved from address: 0x1064 to address: 0x1354 of length 24
--- Found segment that must be added. Length: 4 , address: 0x136C
--- Found segment that will be moved from address: 0x1080 to address: 0x1370 of length 40
--- Found segment that must be added. Length: 4 , address: 0x1398
--- Found segment that will be moved from address: 0x10AC to address: 0x139C of length 32
--- Found segment that must be added. Length: 4 , address: 0x13BC
--- Found a word to insert to address: 0x13C0
--- Found segment that must be added. Length: 48 , address: 0x13C4
--- Found segment that will be moved from address: 0x1104 to address: 0x13F4 of length 8
--- Found segment that must be added. Length: 4 , address: 0x13FC
--- Found segment that will be moved from address: 0x1110 to address: 0x1400 of length 16
--- Found a word to insert to address: 0x1410
--- Found a word to insert to address: 0x1414
--- Found a word to insert to address: 0x1418
--- Found segment that will be moved from address: 0x112C to address: 0x141C of length 84
--- Found a word to insert to address: 0x1470
--- Found segment that will be moved from address: 0x1184 to address: 0x1474 of length 68
--- Found segment that must be added. Length: 8 , address: 0x14B8
--- Found segment that will be moved from address: 0x11D0 to address: 0x14C0 of length 8
--- Found segment that must be added. Length: 4 , address: 0x14C8
--- Found segment that will be moved from address: 0x11DC to address: 0x14CC of length 8
--- Found segment that must be added. Length: 4 , address: 0x14D4
--- Found segment that will be moved from address: 0x11E8 to address: 0x14D8 of length 12
--- Found segment that must be added. Length: 8 , address: 0x14E4
--- Found segment that will be moved from address: 0x11FC to address: 0x14EC of length 12
--- Found a word to insert to address: 0x14F8
--- Found segment that must be added. Length: 4 , address: 0x14FC
--- Found segment that will be moved from address: 0x1210 to address: 0x1500 of length 40
--- Found segment that must be added. Length: 4 , address: 0x1528
--- Found segment that will be moved from address: 0x123C to address: 0x152C of length 132
--- Found segment that must be added. Length: 4 , address: 0x15B0
--- Found segment that will be moved from address: 0x12C4 to address: 0x15B4 of length 8
--- Found segment that must be added. Length: 4 , address: 0x15BC
--- Found a word to insert to address: 0x15C0
--- Found segment that must be added. Length: 4 , address: 0x15C4
--- Found segment that will be moved from address: 0x12D8 to address: 0x15C8 of length 28
--- Found segment that must be added. Length: 4 , address: 0x15E4
--- Found segment that will be moved from address: 0x12F8 to address: 0x15E8 of length 32
--- Found segment that must be added. Length: 4 , address: 0x1608
--- Found segment that will be moved from address: 0x131C to address: 0x160C of length 52
--- Found segment that must be added. Length: 4 , address: 0x1640
--- Found segment that will be moved from address: 0x1354 to address: 0x1644 of length 52
--- Found segment that must be added. Length: 16 , address: 0x1678
--- Found segment that will be moved from address: 0x138C to address: 0x1688 of length 76
--- Found segment that must be added. Length: 4 , address: 0x16D4
--- Found segment that will be moved from address: 0x138C to address: 0x16D8 of length 8
--- Found segment that must be added. Length: 4 , address: 0x16E0
--- Found segment that will be moved from address: 0x13D8 to address: 0x16E4 of length 16
--- Found segment that must be added. Length: 4 , address: 0x16F4
--- Found segment that will be moved from address: 0x13EC to address: 0x16F8 of length 20
--- Found segment that must be added. Length: 4 , address: 0x170C
--- Found a word to insert to address: 0x1710
--- Found segment that must be added. Length: 4 , address: 0x1714
--- Found segment that will be moved from address: 0x140C to address: 0x1718 of length 96
--- Found segment that must be added. Length: 4 , address: 0x1778
--- Found segment that will be moved from address: 0x1470 to address: 0x177C of length 80
--- Found segment that must be added. Length: 4 , address: 0x17CC
--- Found segment that will be moved from address: 0x14C4 to address: 0x17D0 of length 92
--- Found segment that must be added. Length: 4 , address: 0x182C
--- Found segment that will be moved from address: 0x1524 to address: 0x1830 of length 8
--- Found segment that must be added. Length: 8 , address: 0x1838
--- Found segment that will be moved from address: 0x15D4 to address: 0x1840 of length 48
--- Found segment that must be added. Length: 4 , address: 0x1870
--- Found segment that will be moved from address: 0x1608 to address: 0x1874 of length 44
--- Found segment that must be added. Length: 4 , address: 0x18A0
--- Found a word to insert to address: 0x18A4
--- Found segment that must be added. Length: 16 , address: 0x18A8
--- Found a word to insert to address: 0x18B8
--- Found segment that must be added. Length: 20 , address: 0x18BC
--- Found a word to insert to address: 0x18D0
--- Found segment that must be added. Length: 20 , address: 0x18D4
--- Found a word to insert to address: 0x18E8
--- Found segment that must be added. Length: 28 , address: 0x18EC
--- Found a word to insert to address: 0x1908
--- Found segment that must be added. Length: 8 , address: 0x190C
--- Found a word to insert to address: 0x1914
--- Found segment that must be added. Length: 20 , address: 0x1918
--- Found a word to insert to address: 0x192C
--- Found segment that must be added. Length: 8 , address: 0x1930
--- Found a word to insert to address: 0x1938
--- Found segment that must be added. Length: 8 , address: 0x193C
--- Found a word to insert to address: 0x1944
--- Found segment that must be added. Length: 88 , address: 0x1948
--- Found a word to insert to address: 0x19A0
--- Found segment that must be added. Length: 12 , address: 0x19A4
--- Found segment that will be moved from address: 0x12DC to address: 0x19B0 of length 8
--- Found segment that must be added. Length: 28 , address: 0x19B8
--- Found a word to insert to address: 0x19D4
--- Found segment that must be added. Length: 12 , address: 0x19D8
--- Found a word to insert to address: 0x19E4
--- Found segment that must be added. Length: 116 , address: 0x19E8
--- Found a word to insert to address: 0x1A5C
--- Found segment that must be added. Length: 44 , address: 0x1A60
--- Found a word to insert to address: 0x1A8C
--- Found segment that must be added. Length: 8 , address: 0x1A90
--- Found a word to insert to address: 0x1A98
--- Found a word to insert to address: 0x1A9C
--- Found segment that must be added. Length: 8 , address: 0x1AA0
--- Found a word to insert to address: 0x1AA8
--- Found segment that must be added. Length: 40 , address: 0x1AAC
--- Found a word to insert to address: 0x1AD4
--- Found segment that must be added. Length: 44 , address: 0x1AD8
--- Found segment that will be moved from address: 0x1534 to address: 0x1B04 of length 68
--- Found segment that must be added. Length: 12 , address: 0x1B48
--- Found segment that will be moved from address: 0x1584 to address: 0x1B54 of length 28
--- Found segment that must be added. Length: 4 , address: 0x1B70
--- Found a word to insert to address: 0x1B74
--- Found segment that must be added. Length: 4 , address: 0x1B78
--- Found segment that will be moved from address: 0x15AC to address: 0x1B7C of length 12
--- Found segment that must be added. Length: 4 , address: 0x1B88
--- Found a word to insert to address: 0x1B8C
--- Found segment that must be added. Length: 4 , address: 0x1B90
--- Found a word to insert to address: 0x1B94
--- Found segment that must be added. Length: 4 , address: 0x1B98
--- Found a word to insert to address: 0x1B9C
--- Found segment that must be added. Length: 4 , address: 0x1BA0
--- Found segment that will be moved from address: 0x15D4 to address: 0x1BA4 of length 48
--- Found segment that must be added. Length: 4 , address: 0x1BD4
--- Found segment that will be moved from address: 0x1608 to address: 0x1BD8 of length 44
--- Found segment that must be added. Length: 4 , address: 0x1C04
--- Found segment that will be moved from address: 0x1638 to address: 0x1C08 of length 84
--- Found a word to insert to address: 0x1C5C
--- Found segment that must be added. Length: 4 , address: 0x1C60
--- Found segment that will be moved from address: 0x1694 to address: 0x1C64 of length 84
--- Found segment that must be added. Length: 4 , address: 0x1CB8
--- Found segment that will be moved from address: 0x16EC to address: 0x1CBC of length 172
--- Found segment that must be added. Length: 4 , address: 0x1D68
--- Found segment that will be moved from address: 0x179C to address: 0x1D6C of length 12
--- Found segment that must be added. Length: 4 , address: 0x1D78
--- Found segment that will be moved from address: 0x17AC to address: 0x1D7C of length 52
--- Found segment that must be added. Length: 4 , address: 0x1DB0
--- Found segment that will be moved from address: 0x17E4 to address: 0x1DB4 of length 32
--- Found segment that must be added. Length: 4 , address: 0x1DD4
--- Found segment that will be moved from address: 0x1808 to address: 0x1DD8 of length 44
--- Found segment that must be added. Length: 24 , address: 0x1E04
--- Found segment that will be moved from address: 0x184C to address: 0x1E1C of length 28
--- Found segment that must be added. Length: 4 , address: 0x1E38
--- Found segment that will be moved from address: 0x186C to address: 0x1E3C of length 44
--- Found segment that must be added. Length: 4 , address: 0x1E68
--- Found segment that will be moved from address: 0x189C to address: 0x1E6C of length 88
--- Found segment that must be added. Length: 4 , address: 0x1EC4
--- Found segment that will be moved from address: 0x18F8 to address: 0x1EC8 of length 52
--- Found segment that must be added. Length: 4 , address: 0x1EFC
--- Found segment that will be moved from address: 0x1930 to address: 0x1F00 of length 40
--- Found segment that must be added. Length: 4 , address: 0x1F28
--- Found segment that will be moved from address: 0x195C to address: 0x1F2C of length 56
--- Found segment that must be added. Length: 4 , address: 0x1F64
--- Found segment that will be moved from address: 0x1998 to address: 0x1F68 of length 20
--- Found segment that must be added. Length: 28 , address: 0x1F7C
--- Found a word to insert to address: 0x1F98
--- Found segment that must be added. Length: 36 , address: 0x1F9C
--- Found a word to insert to address: 0x1FC0
--- Found segment that must be added. Length: 4 , address: 0x1FC4
--- Found segment that will be moved from address: 0x19F8 to address: 0x1FC8 of length 40
--- Found a word to insert to address: 0x1FF0
--- Found a word to insert to address: 0x1FF4
--- Found segment that must be added. Length: 8 , address: 0x1FF8
--- Found a word to insert to address: 0x2000
--- Found segment that must be added. Length: 4 , address: 0x2004
--- Found segment that will be moved from address: 0x1A38 to address: 0x2008 of length 12
--- Found segment that must be added. Length: 4 , address: 0x2014
--- Found a word to insert to address: 0x2018
--- Found segment that must be added. Length: 4 , address: 0x201C
--- Found segment that will be moved from address: 0x1A50 to address: 0x2020 of length 16
--- Found segment that must be added. Length: 4 , address: 0x2030
--- Found segment that will be moved from address: 0x1A64 to address: 0x2034 of length 56
--- Found segment that must be added. Length: 4 , address: 0x206C
--- Found segment that will be moved from address: 0x1AA0 to address: 0x2070 of length 36
--- Found segment that must be added. Length: 4 , address: 0x2094
--- Found segment that will be moved from address: 0x1AC8 to address: 0x2098 of length 608
--- Found segment that must be added. Length: 16 , address: 0x22F8
--- Found a word to insert to address: 0x2308
--- Found segment that must be added. Length: 24 , address: 0x230C
--- Found segment that will be moved from address: 0x1D54 to address: 0x2324 of length 24
--- Found segment that must be added. Length: 4 , address: 0x233C
--- Found segment that will be moved from address: 0x1D70 to address: 0x2340 of length 8
--- Found segment that must be added. Length: 8 , address: 0x2348
--- Found segment that will be moved from address: 0x1D80 to address: 0x2350 of length 76
--- Found segment that must be added. Length: 4 , address: 0x239C
--- Found segment that will be moved from address: 0x1DD0 to address: 0x23A0 of length 20
--- Found segment that must be added. Length: 16 , address: 0x23B4
--- Found segment that will be moved from address: 0x1DF4 to address: 0x23C4 of length 344
--- Found segment that must be added. Length: 4 , address: 0x251C
--- Found segment that will be moved from address: 0x1F50 to address: 0x2520 of length 8
--- Found segment that must be added. Length: 4 , address: 0x2528
--- Found a word to insert to address: 0x252C
--- Found segment that must be added. Length: 4 , address: 0x2530
--- Found a word to insert to address: 0x2534
--- Found segment that must be added. Length: 4 , address: 0x2538
--- Found segment that will be moved from address: 0x1F6C to address: 0x253C of length 660
--- Found segment that must be added. Length: 12 , address: 0x27D0
--- Found segment that will be moved from address: 0x220C to address: 0x27DC of length 32
--- Found segment that must be added. Length: 8 , address: 0x27FC
--- Found segment that will be moved from address: 0x2234 to address: 0x2804 of length 60
--- Found segment that must be added. Length: 16 , address: 0x2840
--- Found segment that will be moved from address: 0x2280 to address: 0x2850 of length 12
--- Found segment that must be added. Length: 4 , address: 0x285C
--- Found segment that will be moved from address: 0x2290 to address: 0x2860 of length 56
--- Found segment that must be added. Length: 4 , address: 0x2898
--- Found segment that will be moved from address: 0x22CC to address: 0x289C of length 12
--- Found segment that must be added. Length: 4 , address: 0x28A8
--- Found segment that will be moved from address: 0x22DC to address: 0x28AC of length 12
--- Found segment that must be added. Length: 4 , address: 0x28B8
--- Found segment that will be moved from address: 0x22EC to address: 0x28BC of length 12
--- Found segment that must be added. Length: 4 , address: 0x28C8
--- Found segment that will be moved from address: 0x22FC to address: 0x28CC of length 104
--- Found segment that must be added. Length: 8 , address: 0x2934
--- Found segment that will be moved from address: 0x236C to address: 0x293C of length 136
--- Found segment that must be added. Length: 4 , address: 0x29C4
--- Found segment that will be moved from address: 0x23F8 to address: 0x29C8 of length 280
--- Found segment that must be added. Length: 12 , address: 0x2AE0
--- Found segment that will be moved from address: 0x251C to address: 0x2AEC of length 20
--- Found segment that must be added. Length: 4 , address: 0x2B00
--- Found segment that will be moved from address: 0x2534 to address: 0x2B04 of length 32
--- Found segment that must be added. Length: 16 , address: 0x2B24
--- Found segment that will be moved from address: 0x2564 to address: 0x2B34 of length 184
--- Found segment that must be added. Length: 4 , address: 0x2BEC
--- Found segment that will be moved from address: 0x2620 to address: 0x2BF0 of length 52
--- Found segment that must be added. Length: 4 , address: 0x2C24
--- Found a word to insert to address: 0x2C28
--- Found segment that must be added. Length: 4 , address: 0x2C2C
--- Found segment that will be moved from address: 0x2660 to address: 0x2C30 of length 108
--- Found segment that must be added. Length: 4 , address: 0x2C9C
--- Found a word to insert to address: 0x2CA0
--- Found segment that must be added. Length: 8 , address: 0x2CA4
--- Found segment that will be moved from address: 0x26DC to address: 0x2CAC of length 228
--- Found segment that must be added. Length: 12 , address: 0x2D90
--- Found segment that will be moved from address: 0x27CC to address: 0x2D9C of length 216
--- Found segment that must be added. Length: 12 , address: 0x2E74
--- Found segment that will be moved from address: 0x28B0 to address: 0x2E80 of length 104
--- Found segment that must be added. Length: 12 , address: 0x2EE8
--- Found segment that will be moved from address: 0x2924 to address: 0x2EF4 of length 8
--- Found segment that must be added. Length: 4 , address: 0x2EFC
--- Found segment that will be moved from address: 0x2930 to address: 0x2F00 of length 52
--- Found segment that must be added. Length: 4 , address: 0x2F34
--- Found segment that will be moved from address: 0x2968 to address: 0x2F38 of length 20
--- Found segment that must be added. Length: 4 , address: 0x2F4C
--- Found segment that will be moved from address: 0x2980 to address: 0x2F50 of length 12
--- Found segment that must be added. Length: 4 , address: 0x2F5C
--- Found segment that will be moved from address: 0x2990 to address: 0x2F60 of length 40
--- Found segment that must be added. Length: 4 , address: 0x2F88
--- Found segment that will be moved from address: 0x29BC to address: 0x2F8C of length 312
--- Found segment that must be added. Length: 4 , address: 0x30C4
--- Found segment that will be moved from address: 0x2AF8 to address: 0x30C8 of length 188
--- Found segment that must be added. Length: 12 , address: 0x3184
--- Found segment that will be moved from address: 0x2BC0 to address: 0x3190 of length 228
--- Found segment that must be added. Length: 12 , address: 0x3274
--- Found segment that will be moved from address: 0x2CB0 to address: 0x3280 of length 36
--- Found segment that must be added. Length: 8 , address: 0x32A4
--- Found segment that will be moved from address: 0x2CDC to address: 0x32AC of length 136
--- Found segment that must be added. Length: 4 , address: 0x3334
--- Found segment that will be moved from address: 0x2D68 to address: 0x3338 of length 28
--- Found segment that must be added. Length: 4 , address: 0x3354
--- Found segment that will be moved from address: 0x2D88 to address: 0x3358 of length 12
--- Found segment that must be added. Length: 4 , address: 0x3364
--- Found segment that will be moved from address: 0x2D98 to address: 0x3368 of length 12
--- Found segment that must be added. Length: 4 , address: 0x3374
--- Found segment that will be moved from address: 0x2DA8 to address: 0x3378 of length 676
--- Found segment that must be added. Length: 24 , address: 0x361C
--- Found a word to insert to address: 0x3634
--- Found segment that must be added. Length: 4 , address: 0x3638
--- Found segment that will be moved from address: 0x306C to address: 0x363C of length 292
--- Found segment that must be added. Length: 20 , address: 0x3760
--- Found segment that will be moved from address: 0x31A4 to address: 0x3774 of length 784
--- Found segment that must be added. Length: 8 , address: 0x3A84
--- Found segment that will be moved from address: 0x34BC to address: 0x3A8C of length 40
--- Found segment that must be added. Length: 8 , address: 0x3AB4
--- Found a word to insert to address: 0x3ABC
--- Found segment that must be added. Length: 36 , address: 0x3AC0
--- Found a word to insert to address: 0x3AE4
--- Found segment that must be added. Length: 184 , address: 0x3AE8
--- Found a word to insert to address: 0x3BA0
--- Found a word to insert to address: 0x3BA4
--- Found segment that must be added. Length: 20 , address: 0x3BA8
--- Found a word to insert to address: 0x3BBC
--- Found segment that must be added. Length: 28 , address: 0x3BC0
--- Found a word to insert to address: 0x3BDC
--- Found segment that must be added. Length: 8 , address: 0x3BE0
--- Found a word to insert to address: 0x3BE8
--- Found segment that must be added. Length: 8 , address: 0x3BEC
--- Found segment that will be moved from address: 0x3ACC to address: 0x3BF4 of length 8
--- Found segment that must be added. Length: 40 , address: 0x3BFC
--- Found segment that will be moved from address: 0x35D4 to address: 0x3C24 of length 264
--- Found segment that must be added. Length: 52 , address: 0x3D2C
--- Found segment that will be moved from address: 0x3710 to address: 0x3D60 of length 912
--- Found a word to insert to address: 0x40F0
--- Found segment that must be added. Length: 16 , address: 0x40F4
--- Found a word to insert to address: 0x4104
--- Found a word to insert to address: 0x4108
--- Found segment that must be added. Length: 16 , address: 0x410C
--- Found a word to insert to address: 0x411C
--- Found a word to insert to address: 0x4120
--- Found segment that must be added. Length: 16 , address: 0x4124
--- Found a word to insert to address: 0x4134
--- Found segment that will be moved from address: 0x3AA0 to address: 0x4138 of length 1040
--- Found segment that must be added. Length: 72 , address: 0x4548
--- Found segment that will be moved from address: 0x3EF8 to address: 0x4590 of length 628
--- Found segment that must be added. Length: 4 , address: 0x4804
--- Found a word to insert to address: 0x4808
--- Found segment that must be added. Length: 4 , address: 0x480C
--- Found segment that will be moved from address: 0x4178 to address: 0x4810 of length 24
--- Found segment that must be added. Length: 12 , address: 0x4828
--- Found segment that will be moved from address: 0x419C to address: 0x4834 of length 84

--- OPTIMIZING...

---- Optimized 2 ADD/INSERT operations by merging...
---- Optimized 2 ADD/INSERT operations by merging...
---- Optimized COPY and ADD operations to preceding ADD...
---- Optimized 2 ADD/INSERT operations by merging...
---- Optimized 2 ADD/INSERT operations by merging...
---- Optimized 2 ADD/INSERT operations by merging...
---- Optimized 2 ADD/INSERT operations by merging...
---- Optimized 2 ADD/INSERT operations by merging...
---- Optimized 2 ADD/INSERT operations by merging...
---- Optimized 2 ADD/INSERT operations by merging...
---- Optimized 2 ADD/INSERT operations by merging...
---- Optimized 2 ADD/INSERT operations by merging...
---- Optimized 2 ADD/INSERT operations by merging...
---- Optimized 2 ADD/INSERT operations by merging...
---- Optimized 2 ADD/INSERT operations by merging...
---- Optimized 2 ADD/INSERT operations by merging...
---- Optimized 2 ADD/INSERT operations by merging...
---- Optimized 2 ADD/INSERT operations by merging...
---- Optimized 2 ADD/INSERT operations by merging...
---- Optimized 2 ADD/INSERT operations by merging...
---- Optimized 2 ADD/INSERT operations by merging...
---- Optimized 2 ADD/INSERT operations by merging...
---- Optimized 2 ADD/INSERT operations by merging...
---- Optimized 2 ADD/INSERT operations by merging...
---- Optimized 2 ADD/INSERT operations by merging...
---- Optimized 2 ADD/INSERT operations by merging...
---- Optimized 2 ADD/INSERT operations by merging...
---- Optimized 2 ADD/INSERT operations by merging...
---- Optimized COPY and ADD operations to preceding ADD...
---- Optimized COPY and ADD operations to preceding ADD...
---- Optimized 2 ADD/INSERT operations by merging...
---- Optimized 2 ADD/INSERT operations by merging...
---- Optimized COPY and ADD operations to preceding ADD...
---- Optimized COPY and ADD operations to preceding ADD...
---- Optimized 2 ADD/INSERT operations by merging...
---- Optimized 2 ADD/INSERT operations by merging...
---- Optimized COPY and ADD operations to preceding ADD...
---- Optimized 2 ADD/INSERT operations by merging...
---- Optimized 2 ADD/INSERT operations by merging...
---- Optimized COPY and ADD operations to preceding ADD...
---- Optimized 2 ADD/INSERT operations by merging...
---- Optimized 2 ADD/INSERT operations by merging...
---- Optimized 2 ADD/INSERT operations by merging...
---- Optimized 2 ADD/INSERT operations by merging...
---- Optimized COPY and ADD operations to preceding ADD...
---- Optimized COPY and ADD operations to preceding ADD...
---- Optimized COPY and ADD operations to preceding ADD...
---- Optimized COPY and ADD operations to preceding ADD...
---- Optimized COPY and ADD operations to preceding ADD...
---- Optimized COPY and ADD operations to preceding ADD...
---- Optimized 2 ADD/INSERT operations by merging...
---- Optimized COPY and ADD operations to preceding ADD...
---- Optimized COPY and ADD operations to preceding ADD...
---- Optimized 2 ADD/INSERT operations by merging...
---- Optimized 2 ADD/INSERT operations by merging...
---- Optimized 2 ADD/INSERT operations by merging...
---- Optimized 2 ADD/INSERT operations by merging...
---- Optimized 2 ADD/INSERT operations by merging...
---- Optimized 2 ADD/INSERT operations by merging...
---- Optimized 2 ADD/INSERT operations by merging...
---- Optimized 2 ADD/INSERT operations by merging...
---- Optimized 2 ADD/INSERT operations by merging...
---- Optimized 2 ADD/INSERT operations by merging...
---- Optimized 2 ADD/INSERT operations by merging...
---- Optimized 2 ADD/INSERT operations by merging...
---- Optimized 2 ADD/INSERT operations by merging...
---- Optimized 2 ADD/INSERT operations by merging...
---- Optimized 2 ADD/INSERT operations by merging...
---- Optimized 2 ADD/INSERT operations by merging...
---- Optimized 2 ADD/INSERT operations by merging...
---- Optimized 2 ADD/INSERT operations by merging...
---- Optimized 2 ADD/INSERT operations by merging...
---- Optimized 2 ADD/INSERT operations by merging...
---- Optimized 2 ADD/INSERT operations by merging...
---- Optimized 2 ADD/INSERT operations by merging...
---- Optimized 2 ADD/INSERT operations by merging...
---- Optimized COPY and ADD operations to preceding ADD...
---- Optimized 2 ADD/INSERT operations by merging...
---- Optimized 2 ADD/INSERT operations by merging...
---- Optimized 2 ADD/INSERT operations by merging...
---- Optimized 2 ADD/INSERT operations by merging...
---- Optimized 2 ADD/INSERT operations by merging...
---- Optimized 2 ADD/INSERT operations by merging...
---- Optimized 2 ADD/INSERT operations by merging...
---- Optimized 2 ADD/INSERT operations by merging...
---- Optimized 2 ADD/INSERT operations by merging...
---- Optimized 2 ADD/INSERT operations by merging...
---- Optimized 2 ADD/INSERT operations by merging...
---- Optimized 2 ADD/INSERT operations by merging...
---- Optimized 2 ADD/INSERT operations by merging...
---- Optimized 2 ADD/INSERT operations by merging...
---- Optimized 2 ADD/INSERT operations by merging...
---- Optimized COPY and ADD operations to preceding ADD...
---- Optimized COPY and ADD operations to preceding ADD...
---- Optimized 2 ADD/INSERT operations by merging...
---- Optimized 2 ADD/INSERT operations by merging...
---- Optimized 2 ADD/INSERT operations by merging...
---- Optimized 2 ADD/INSERT operations by merging...
---- Optimized 2 ADD/INSERT operations by merging...
---- Optimized 2 ADD/INSERT operations by merging...
---- Optimized COPY and ADD operations to preceding ADD...
---- Optimized 2 ADD/INSERT operations by merging...
---- Optimized 2 ADD/INSERT operations by merging...
---- Optimized COPY and ADD operations to preceding ADD...
---- Optimized COPY and ADD operations to preceding ADD...
---- Optimized COPY and ADD operations to preceding ADD...
---- Optimized COPY and ADD operations to preceding ADD...
---- Optimized 2 ADD/INSERT operations by merging...
---- Optimized COPY and ADD operations to preceding ADD...
---- Optimized 2 ADD/INSERT operations by merging...
---- Optimized 2 ADD/INSERT operations by merging...
---- Optimized COPY and ADD operations to preceding ADD...
---- Optimized 2 ADD/INSERT operations by merging...
---- Optimized 2 ADD/INSERT operations by merging...
---- Optimized COPY and ADD operations to preceding ADD...
---- Optimized 2 ADD/INSERT operations by merging...
---- Optimized 2 ADD/INSERT operations by merging...
---- Optimized 2 ADD/INSERT operations by merging...
---- Optimized 2 ADD/INSERT operations by merging...
---- Optimized 2 ADD/INSERT operations by merging...
---- Optimized 2 ADD/INSERT operations by merging...
---- Optimized 2 ADD/INSERT operations by merging...
---- Optimized 2 ADD/INSERT operations by merging...
---- Optimized 2 ADD/INSERT operations by merging...
---- Optimized 2 ADD/INSERT operations by merging...
---- Optimized 2 ADD/INSERT operations by merging...
---- Optimized 2 ADD/INSERT operations by merging...
---- Optimized 2 ADD/INSERT operations by merging...
---- Optimized 2 ADD/INSERT operations by merging...
---- Optimized 2 ADD/INSERT operations by merging...
---- Optimized 2 ADD/INSERT operations by merging...
---- Optimized 2 ADD/INSERT operations by merging...
---- Optimized 2 ADD/INSERT operations by merging...
---- Optimized 2 ADD/INSERT operations by merging...
---- Optimized 2 ADD/INSERT operations by merging...
---- Optimized COPY and ADD operations to preceding ADD...
---- Optimized 2 ADD/INSERT operations by merging...
---- Optimized 2 ADD/INSERT operations by merging...
---- Optimized 2 ADD/INSERT operations by merging...
---- Optimized 2 ADD/INSERT operations by merging...
---- Optimized 2 ADD/INSERT operations by merging...
---- Optimized 2 ADD/INSERT operations by merging...
---- Optimized 2 ADD/INSERT operations by merging...
---- Optimized 2 ADD/INSERT operations by merging...
---- Optimized 2 ADD/INSERT operations by merging...
---- Optimized 2 ADD/INSERT operations by merging...
---- Optimized 2 ADD/INSERT operations by merging...
---- Optimized 2 ADD/INSERT operations by merging...
---- Optimized 2 ADD/INSERT operations by merging...
---- Optimized 2 ADD/INSERT operations by merging...
---- Optimized 2 ADD/INSERT operations by merging...
---- Optimized 2 ADD/INSERT operations by merging...
---- Optimized 2 ADD/INSERT operations by merging...
---- Optimized COPY and ADD operations to preceding ADD...
---- Optimized 2 ADD/INSERT operations by merging...
---- Optimized 2 ADD/INSERT operations by merging...
---- Optimized 2 ADD/INSERT operations by merging...
---- Optimized 2 ADD/INSERT operations by merging...
---- Optimized 2 ADD/INSERT operations by merging...
---- Optimized 2 ADD/INSERT operations by merging...
---- Optimized 2 ADD/INSERT operations by merging...
---- Optimized COPY and ADD operations to preceding ADD...
---- Optimized 2 ADD/INSERT operations by merging...
---- Optimized 2 ADD/INSERT operations by merging...
---- Optimized 2 ADD/INSERT operations by merging...
---- Optimized 2 ADD/INSERT operations by merging...
---- Optimized 2 ADD/INSERT operations by merging...
---- Optimized 2 ADD/INSERT operations by merging...
---- Optimized 2 ADD/INSERT operations by merging...
---- Optimized 2 ADD/INSERT operations by merging...
---- Optimized COPY and ADD operations to preceding ADD...
---- Optimized 2 ADD/INSERT operations by merging...
---- Optimized 2 ADD/INSERT operations by merging...
---- Optimized 2 ADD/INSERT operations by merging...
---- Optimized 2 ADD/INSERT operations by merging...
---- Optimized COPY and ADD operations to preceding ADD...
---- Optimized COPY and ADD operations to preceding ADD...
---- Optimized 2 ADD/INSERT operations by merging...
---- Optimized 2 ADD/INSERT operations by merging...
---- Optimized 2 ADD/INSERT operations by merging...
---- Optimized 2 ADD/INSERT operations by merging...
---- Optimized COPY and ADD operations to preceding ADD...
---- Optimized COPY and ADD operations to preceding ADD...
---- Optimized COPY and ADD operations to preceding ADD...
---- Optimized COPY and ADD operations to preceding ADD...
---- Optimized 2 ADD/INSERT operations by merging...
---- Optimized 2 ADD/INSERT operations by merging...
---- Optimized 2 ADD/INSERT operations by merging...
---- Optimized 2 ADD/INSERT operations by merging...
---- Optimized COPY and ADD operations to preceding ADD...
---- Optimized COPY and ADD operations to preceding ADD...
---- Optimized COPY and ADD operations to preceding ADD...
---- Optimized COPY and ADD operations to preceding ADD...
---- Optimized 2 ADD/INSERT operations by merging...
---- Optimized 2 ADD/INSERT operations by merging...
---- Optimized 2 ADD/INSERT operations by merging...
---- Optimized 2 ADD/INSERT operations by merging...
---- Optimized 2 ADD/INSERT operations by merging...
---- Optimized 2 ADD/INSERT operations by merging...
---- Optimized 2 ADD/INSERT operations by merging...
---- Optimized 2 ADD/INSERT operations by merging...
---- Optimized 2 ADD/INSERT operations by merging...
---- Optimized 2 ADD/INSERT operations by merging...
---- Optimized 2 ADD/INSERT operations by merging...
---- Optimized 2 ADD/INSERT operations by merging...
---- Optimized 2 ADD/INSERT operations by merging...
---- Optimized 2 ADD/INSERT operations by merging...
---- Optimized 2 ADD/INSERT operations by merging...
---- Optimized COPY and ADD operations to preceding ADD...
---- Optimized 2 ADD/INSERT operations by merging...
---- Optimized 2 ADD/INSERT operations by merging...
---- Optimized 2 ADD/INSERT operations by merging...
---- Optimized 2 ADD/INSERT operations by merging...
---- Optimized 2 ADD/INSERT operations by merging...
---- Optimized 2 ADD/INSERT operations by merging...
---- Optimized 2 ADD/INSERT operations by merging...
---- Optimized 2 ADD/INSERT operations by merging...
---- Optimized 2 ADD/INSERT operations by merging...
---- Optimized 2 ADD/INSERT operations by merging...
-- Done...
------------------------------------------

-- Generating file 'data_basis\riotboot\samd21-xpro\deltagen_rev_00_rev_02\deltagen_rev_00_slot1_rev_02_slot0'...
--- Data succesfully generated
--- Generating checksum CRC-16
--- Generated CRC-16
--- Finalizing delta file
--- Writing file 'data_basis\riotboot\samd21-xpro\deltagen_rev_00_rev_02\deltagen_rev_00_slot1_rev_02_slot0'

-- OPERATION SUCCESFULL ...
Elapsed time: 00:00:00.4263798
------------------------------------------

