
There are 4 non-matching segments with total length of 52
-- Found 4 segments that have changed...
-- Searching for matching segments...
-- Done searching...
------------------------------------------

-- Generating operations...
--- Found word that must be inserted. Length: 4 , address: 0xC8

--- OPTIMIZING...

--- Found segment that must be added. Length: 8 , address: 0xE0

--- OPTIMIZING...

--- Found segment that must be added. Length: 24 , address: 0xFC
--- Found a word to insert to address: 0x114
--- Found segment that must be added. Length: 4 , address: 0x118

--- OPTIMIZING...

---- Optimized 2 ADD/INSERT operations by merging...
---- Optimized 2 ADD/INSERT operations by merging...
--- Found a word to insert to address: 0x150
--- Found a word to insert to address: 0x154

--- OPTIMIZING...

---- Optimized 2 ADD/INSERT operations by merging...
-- Done...
------------------------------------------

-- Generating file 'samd20-xpro\ADC_LINE_1__MASTER.bin'...
--- Data succesfully generated
--- Generating checksum CRC-16
--- Generated CRC-16
--- Finalizing delta file
--- Writing file 'samd20-xpro\ADC_LINE_1__MASTER.bin'

-- OPERATION SUCCESFULL ...
Elapsed time: 00:00:00.1287980
------------------------------------------

