
There are 4 non-matching segments with total length of 52
-- Found 4 segments that have changed...
-- Searching for matching segments...
-- Done searching...
------------------------------------------

-- Generating operations...
--- Found word that must be inserted. Length: 4 , address: 0xF8

--- OPTIMIZING...

--- Found segment that must be added. Length: 8 , address: 0x154

--- OPTIMIZING...

--- Found segment that must be added. Length: 24 , address: 0x170
--- Found a word to insert to address: 0x188
--- Found a word to insert to address: 0x18C

--- OPTIMIZING...

---- Optimized 2 ADD/INSERT operations by merging...
---- Optimized 2 ADD/INSERT operations by merging...
--- Found a word to insert to address: 0x1C8
--- Found a word to insert to address: 0x1CC

--- OPTIMIZING...

---- Optimized 2 ADD/INSERT operations by merging...
-- Done...
------------------------------------------

-- Generating file 'samd20-xpro\deltagen_rev_04_rev_03\deltagen_rev_04_rev_03'...
--- Data succesfully generated
--- Generating checksum CRC-16
--- Generated CRC-16
--- Finalizing delta file
--- Writing file 'samd20-xpro\deltagen_rev_04_rev_03\deltagen_rev_04_rev_03'

-- OPERATION SUCCESFULL ...
Elapsed time: 00:00:00.1181656
------------------------------------------

