
There are 6 non-matching segments with total length of 17592
-- Found 6 segments that have changed...
-- Searching for matching segments...
-- Done searching...
------------------------------------------

-- Generating operations...
--- Found segment that must be added. Length: 12 , address: 0x4

--- OPTIMIZING...

--- Found word that must be inserted. Length: 4 , address: 0x2C

--- OPTIMIZING...

--- Found segment that must be added. Length: 108 , address: 0x38

--- OPTIMIZING...

--- Found word that must be inserted. Length: 4 , address: 0xB8

--- OPTIMIZING...

--- Found segment that must be added. Length: 52 , address: 0xC0
--- Found a word to insert to address: 0xF4
--- Found segment that must be added. Length: 4 , address: 0xF8
--- Found segment that will be moved from address: 0xF4 to address: 0xFC of length 8
--- Found segment that must be added. Length: 4 , address: 0x104
--- Found a word to insert to address: 0x108
--- Found segment that must be added. Length: 4 , address: 0x10C
--- Found a word to insert to address: 0x110
--- Found segment that must be added. Length: 16 , address: 0x114
--- Found a word to insert to address: 0x124
--- Found segment that must be added. Length: 16 , address: 0x128
--- Found a word to insert to address: 0x138
--- Found segment that must be added. Length: 32 , address: 0x13C
--- Found a word to insert to address: 0x15C
--- Found segment that must be added. Length: 16 , address: 0x160
--- Found a word to insert to address: 0x170
--- Found segment that must be added. Length: 12 , address: 0x174
--- Found segment that will be moved from address: 0x154 to address: 0x180 of length 8
--- Found segment that must be added. Length: 4 , address: 0x188
--- Found a word to insert to address: 0x18C
--- Found segment that must be added. Length: 4 , address: 0x190
--- Found a word to insert to address: 0x194
--- Found segment that must be added. Length: 4 , address: 0x198
--- Found segment that will be moved from address: 0x170 to address: 0x19C of length 20
--- Found segment that must be added. Length: 8 , address: 0x1B0
--- Found a word to insert to address: 0x1B8
--- Found segment that must be added. Length: 4 , address: 0x1BC
--- Found segment that will be moved from address: 0x194 to address: 0x1C0 of length 8
--- Found segment that must be added. Length: 8 , address: 0x1C8
--- Found segment that will be moved from address: 0x1A4 to address: 0x1D0 of length 8
--- Found segment that must be added. Length: 24 , address: 0x1D8
--- Found segment that will be moved from address: 0x1C4 to address: 0x1F0 of length 16
--- Found segment that must be added. Length: 8 , address: 0x200
--- Found segment that will be moved from address: 0x1DC to address: 0x208 of length 12
--- Found segment that must be added. Length: 4 , address: 0x214
--- Found segment that will be moved from address: 0x1EC to address: 0x218 of length 12
--- Found segment that must be added. Length: 4 , address: 0x224
--- Found segment that will be moved from address: 0x1FC to address: 0x228 of length 24
--- Found segment that must be added. Length: 4 , address: 0x240
--- Found segment that will be moved from address: 0x218 to address: 0x244 of length 8
--- Found segment that must be added. Length: 4 , address: 0x24C
--- Found segment that will be moved from address: 0x224 to address: 0x250 of length 40
--- Found segment that must be added. Length: 12 , address: 0x278
--- Found segment that will be moved from address: 0x258 to address: 0x284 of length 36
--- Found segment that must be added. Length: 8 , address: 0x2A8
--- Found segment that will be moved from address: 0x284 to address: 0x2B0 of length 96
--- Found segment that must be added. Length: 8 , address: 0x310
--- Found segment that will be moved from address: 0x2EC to address: 0x318 of length 104
--- Found segment that must be added. Length: 4 , address: 0x380
--- Found segment that will be moved from address: 0x358 to address: 0x384 of length 12
--- Found segment that must be added. Length: 12 , address: 0x390
--- Found a word to insert to address: 0x39C
--- Found segment that must be added. Length: 4 , address: 0x3A0
--- Found segment that will be moved from address: 0x378 to address: 0x3A4 of length 8
--- Found segment that must be added. Length: 24 , address: 0x3AC
--- Found segment that will be moved from address: 0x398 to address: 0x3C4 of length 108
--- Found segment that must be added. Length: 16 , address: 0x430
--- Found a word to insert to address: 0x440
--- Found a word to insert to address: 0x444
--- Found segment that must be added. Length: 4 , address: 0x448
--- Found segment that will be moved from address: 0x420 to address: 0x44C of length 116
--- Found a word to insert to address: 0x4C0
--- Found segment that must be added. Length: 4 , address: 0x4C4
--- Found segment that will be moved from address: 0x49C to address: 0x4C8 of length 48
--- Found segment that must be added. Length: 8 , address: 0x4F8
--- Found segment that will be moved from address: 0x4D4 to address: 0x500 of length 52
--- Found segment that must be added. Length: 12 , address: 0x534
--- Found a word to insert to address: 0x540
--- Found segment that will be moved from address: 0x518 to address: 0x544 of length 28
--- Found segment that must be added. Length: 4 , address: 0x560
--- Found segment that will be moved from address: 0x538 to address: 0x564 of length 48
--- Found segment that must be added. Length: 4 , address: 0x594
--- Found segment that will be moved from address: 0x56C to address: 0x598 of length 240
--- Found segment that must be added. Length: 4 , address: 0x688
--- Found a word to insert to address: 0x68C
--- Found segment that will be moved from address: 0x664 to address: 0x690 of length 24
--- Found segment that must be added. Length: 8 , address: 0x6A8
--- Found segment that will be moved from address: 0x684 to address: 0x6B0 of length 140
--- Found segment that must be added. Length: 4 , address: 0x73C
--- Found a word to insert to address: 0x740
--- Found segment that must be added. Length: 4 , address: 0x744
--- Found segment that will be moved from address: 0x71C to address: 0x748 of length 168
--- Found segment that must be added. Length: 4 , address: 0x7F0
--- Found segment that will be moved from address: 0x7C8 to address: 0x7F4 of length 160
--- Found segment that must be added. Length: 4 , address: 0x894
--- Found segment that will be moved from address: 0x86C to address: 0x898 of length 20
--- Found segment that must be added. Length: 4 , address: 0x8AC
--- Found segment that will be moved from address: 0x884 to address: 0x8B0 of length 100
--- Found segment that must be added. Length: 4 , address: 0x914
--- Found segment that will be moved from address: 0x8EC to address: 0x918 of length 12
--- Found segment that must be added. Length: 4 , address: 0x924
--- Found segment that will be moved from address: 0x8FC to address: 0x928 of length 48
--- Found segment that must be added. Length: 4 , address: 0x958
--- Found segment that will be moved from address: 0x930 to address: 0x95C of length 32
--- Found segment that must be added. Length: 4 , address: 0x97C
--- Found segment that will be moved from address: 0x954 to address: 0x980 of length 8
--- Found segment that must be added. Length: 4 , address: 0x988
--- Found segment that will be moved from address: 0x960 to address: 0x98C of length 24
--- Found segment that must be added. Length: 4 , address: 0x9A4
--- Found segment that will be moved from address: 0x97C to address: 0x9A8 of length 12
--- Found segment that must be added. Length: 4 , address: 0x9B4
--- Found a word to insert to address: 0x9B8
--- Found segment that must be added. Length: 12 , address: 0x9BC
--- Found segment that will be moved from address: 0x99C to address: 0x9C8 of length 28
--- Found segment that must be added. Length: 4 , address: 0x9E4
--- Found a word to insert to address: 0x9E8
--- Found segment that must be added. Length: 4 , address: 0x9EC
--- Found a word to insert to address: 0x9F0
--- Found segment that must be added. Length: 4 , address: 0x9F4
--- Found segment that will be moved from address: 0x9CC to address: 0x9F8 of length 16
--- Found segment that must be added. Length: 4 , address: 0xA08
--- Found segment that will be moved from address: 0x9E0 to address: 0xA0C of length 88
--- Found segment that must be added. Length: 4 , address: 0xA64
--- Found segment that will be moved from address: 0xA3C to address: 0xA68 of length 12
--- Found segment that must be added. Length: 4 , address: 0xA74
--- Found segment that will be moved from address: 0xA4C to address: 0xA78 of length 12
--- Found segment that must be added. Length: 4 , address: 0xA84
--- Found segment that will be moved from address: 0xA5C to address: 0xA88 of length 8
--- Found segment that must be added. Length: 4 , address: 0xA90
--- Found segment that will be moved from address: 0xA68 to address: 0xA94 of length 12
--- Found segment that must be added. Length: 4 , address: 0xAA0
--- Found a word to insert to address: 0xAA4
--- Found segment that must be added. Length: 24 , address: 0xAA8
--- Found a word to insert to address: 0xAC0
--- Found segment that must be added. Length: 24 , address: 0xAC4
--- Found segment that will be moved from address: 0xAB0 to address: 0xADC of length 20
--- Found segment that must be added. Length: 4 , address: 0xAF0
--- Found segment that will be moved from address: 0xAC8 to address: 0xAF4 of length 316
--- Found segment that must be added. Length: 8 , address: 0xC30
--- Found segment that will be moved from address: 0xC0C to address: 0xC38 of length 68
--- Found segment that must be added. Length: 4 , address: 0xC7C
--- Found segment that will be moved from address: 0xC54 to address: 0xC80 of length 28
--- Found segment that must be added. Length: 4 , address: 0xC9C
--- Found segment that will be moved from address: 0xC74 to address: 0xCA0 of length 16
--- Found a word to insert to address: 0xCB0
--- Found segment that must be added. Length: 24 , address: 0xCB4
--- Found a word to insert to address: 0xCCC
--- Found a word to insert to address: 0xCD0
--- Found segment that must be added. Length: 16 , address: 0xCD4
--- Found a word to insert to address: 0xCE4
--- Found a word to insert to address: 0xCE8
--- Found segment that must be added. Length: 12 , address: 0xCEC
--- Found a word to insert to address: 0xCF8
--- Found segment that must be added. Length: 124 , address: 0xCFC
--- Found a word to insert to address: 0xD78
--- Found segment that must be added. Length: 44 , address: 0xD7C
--- Found a word to insert to address: 0xDA8
--- Found segment that must be added. Length: 16 , address: 0xDAC
--- Found a word to insert to address: 0xDBC
--- Found segment that must be added. Length: 4 , address: 0xDC0
--- Found a word to insert to address: 0xDC4
--- Found segment that must be added. Length: 4 , address: 0xDC8
--- Found a word to insert to address: 0xDCC
--- Found segment that must be added. Length: 60 , address: 0xDD0
--- Found a word to insert to address: 0xE0C
--- Found segment that must be added. Length: 84 , address: 0xE10
--- Found segment that will be moved from address: 0xDD8 to address: 0xE64 of length 8
--- Found segment that must be added. Length: 84 , address: 0xE6C
--- Found a word to insert to address: 0xEC0
--- Found segment that must be added. Length: 4 , address: 0xEC4
--- Found a word to insert to address: 0xEC8
--- Found segment that must be added. Length: 52 , address: 0xECC
--- Found a word to insert to address: 0xF00
--- Found segment that must be added. Length: 8 , address: 0xF04
--- Found a word to insert to address: 0xF0C
--- Found segment that must be added. Length: 64 , address: 0xF10
--- Found a word to insert to address: 0xF50
--- Found segment that must be added. Length: 4 , address: 0xF54
--- Found a word to insert to address: 0xF58
--- Found segment that will be moved from address: 0xE44 to address: 0xF5C of length 60
--- Found segment that must be added. Length: 4 , address: 0xF98
--- Found segment that will be moved from address: 0xE84 to address: 0xF9C of length 288
--- Found segment that must be added. Length: 4 , address: 0x10BC
--- Found segment that will be moved from address: 0xFA8 to address: 0x10C0 of length 32
--- Found segment that must be added. Length: 4 , address: 0x10E0
--- Found segment that will be moved from address: 0xFCC to address: 0x10E4 of length 124
--- Found segment that must be added. Length: 4 , address: 0x1160
--- Found segment that will be moved from address: 0x104C to address: 0x1164 of length 20
--- Found segment that must be added. Length: 4 , address: 0x1178
--- Found segment that will be moved from address: 0x1064 to address: 0x117C of length 16
--- Found segment that must be added. Length: 4 , address: 0x118C
--- Found segment that will be moved from address: 0x1078 to address: 0x1190 of length 20
--- Found segment that must be added. Length: 4 , address: 0x11A4
--- Found segment that will be moved from address: 0x1090 to address: 0x11A8 of length 56
--- Found segment that must be added. Length: 8 , address: 0x11E0
--- Found a word to insert to address: 0x11E8
--- Found segment that must be added. Length: 4 , address: 0x11EC
--- Found segment that will be moved from address: 0x10D8 to address: 0x11F0 of length 40
--- Found segment that must be added. Length: 4 , address: 0x1218
--- Found segment that will be moved from address: 0x1104 to address: 0x121C of length 24
--- Found segment that must be added. Length: 4 , address: 0x1234
--- Found segment that will be moved from address: 0x1120 to address: 0x1238 of length 84
--- Found segment that must be added. Length: 20 , address: 0x128C
--- Found a word to insert to address: 0x12A0
--- Found segment that must be added. Length: 24 , address: 0x12A4
--- Found segment that will be moved from address: 0x11A4 to address: 0x12BC of length 68
--- Found segment that must be added. Length: 8 , address: 0x1300
--- Found segment that will be moved from address: 0x11F0 to address: 0x1308 of length 20
--- Found segment that must be added. Length: 4 , address: 0x131C
--- Found segment that will be moved from address: 0x1208 to address: 0x1320 of length 12
--- Found segment that must be added. Length: 8 , address: 0x132C
--- Found segment that will be moved from address: 0x121C to address: 0x1334 of length 12
--- Found a word to insert to address: 0x1340
--- Found segment that must be added. Length: 4 , address: 0x1344
--- Found segment that will be moved from address: 0x1230 to address: 0x1348 of length 40
--- Found segment that must be added. Length: 4 , address: 0x1370
--- Found segment that will be moved from address: 0x125C to address: 0x1374 of length 136
--- Found segment that must be added. Length: 4 , address: 0x13FC
--- Found segment that will be moved from address: 0x12E8 to address: 0x1400 of length 8
--- Found segment that must be added. Length: 4 , address: 0x1408
--- Found a word to insert to address: 0x140C
--- Found segment that must be added. Length: 4 , address: 0x1410
--- Found segment that will be moved from address: 0x12FC to address: 0x1414 of length 28
--- Found segment that must be added. Length: 4 , address: 0x1430
--- Found segment that will be moved from address: 0x131C to address: 0x1434 of length 32
--- Found segment that must be added. Length: 4 , address: 0x1454
--- Found segment that will be moved from address: 0x1340 to address: 0x1458 of length 308
--- Found segment that must be added. Length: 4 , address: 0x158C
--- Found segment that will be moved from address: 0x1478 to address: 0x1590 of length 176
--- Found segment that must be added. Length: 4 , address: 0x1640
--- Found segment that will be moved from address: 0x152C to address: 0x1644 of length 8
--- Found segment that must be added. Length: 8 , address: 0x164C
--- Found segment that will be moved from address: 0x153C to address: 0x1654 of length 48
--- Found segment that must be added. Length: 4 , address: 0x1684
--- Found segment that will be moved from address: 0x1570 to address: 0x1688 of length 44
--- Found segment that must be added. Length: 4 , address: 0x16B4
--- Found segment that will be moved from address: 0x15A0 to address: 0x16B8 of length 96
--- Found segment that must be added. Length: 4 , address: 0x1718
--- Found a word to insert to address: 0x171C
--- Found segment that must be added. Length: 8 , address: 0x1720
--- Found segment that will be moved from address: 0x1610 to address: 0x1728 of length 12
--- Found segment that must be added. Length: 4 , address: 0x1734
--- Found segment that will be moved from address: 0x1620 to address: 0x1738 of length 76
--- Found segment that must be added. Length: 4 , address: 0x1784
--- Found segment that will be moved from address: 0x1670 to address: 0x1788 of length 48
--- Found segment that must be added. Length: 12 , address: 0x17B8
--- Found segment that will be moved from address: 0x16AC to address: 0x17C4 of length 28
--- Found segment that must be added. Length: 4 , address: 0x17E0
--- Found segment that will be moved from address: 0x16CC to address: 0x17E4 of length 24
--- Found segment that must be added. Length: 4 , address: 0x17FC
--- Found segment that will be moved from address: 0x16E8 to address: 0x1800 of length 104
--- Found segment that must be added. Length: 8 , address: 0x1868
--- Found segment that will be moved from address: 0x1758 to address: 0x1870 of length 44
--- Found segment that must be added. Length: 4 , address: 0x189C
--- Found a word to insert to address: 0x18A0
--- Found segment that must be added. Length: 8 , address: 0x18A4
--- Found segment that will be moved from address: 0x1794 to address: 0x18AC of length 24
--- Found segment that must be added. Length: 4 , address: 0x18C4
--- Found segment that will be moved from address: 0x17B0 to address: 0x18C8 of length 76
--- Found segment that must be added. Length: 8 , address: 0x1914
--- Found segment that will be moved from address: 0x1804 to address: 0x191C of length 112
--- Found segment that must be added. Length: 12 , address: 0x198C
--- Found segment that will be moved from address: 0x1880 to address: 0x1998 of length 32
--- Found segment that must be added. Length: 4 , address: 0x19B8
--- Found segment that will be moved from address: 0x18A4 to address: 0x19BC of length 36
--- Found segment that must be added. Length: 4 , address: 0x19E0
--- Found segment that will be moved from address: 0x18CC to address: 0x19E4 of length 60
--- Found segment that must be added. Length: 4 , address: 0x1A20
--- Found a word to insert to address: 0x1A24
--- Found segment that must be added. Length: 4 , address: 0x1A28
--- Found segment that will be moved from address: 0x1914 to address: 0x1A2C of length 76
--- Found segment that must be added. Length: 4 , address: 0x1A78
--- Found segment that will be moved from address: 0x153C to address: 0x1A7C of length 48
--- Found segment that must be added. Length: 4 , address: 0x1AAC
--- Found segment that will be moved from address: 0x1570 to address: 0x1AB0 of length 44
--- Found segment that must be added. Length: 4 , address: 0x1ADC
--- Found segment that will be moved from address: 0x19C8 to address: 0x1AE0 of length 88
--- Found segment that must be added. Length: 4 , address: 0x1B38
--- Found segment that will be moved from address: 0x1A24 to address: 0x1B3C of length 80
--- Found a word to insert to address: 0x1B8C
--- Found segment that must be added. Length: 4 , address: 0x1B90
--- Found segment that will be moved from address: 0x1A7C to address: 0x1B94 of length 192
--- Found segment that must be added. Length: 4 , address: 0x1C54
--- Found segment that will be moved from address: 0x1B40 to address: 0x1C58 of length 12
--- Found a word to insert to address: 0x1C64
--- Found segment that will be moved from address: 0x1B50 to address: 0x1C68 of length 52
--- Found segment that must be added. Length: 4 , address: 0x1C9C
--- Found segment that will be moved from address: 0x1B88 to address: 0x1CA0 of length 24
--- Found segment that must be added. Length: 4 , address: 0x1CB8
--- Found segment that will be moved from address: 0x1BA4 to address: 0x1CBC of length 40
--- Found segment that must be added. Length: 24 , address: 0x1CE4
--- Found segment that will be moved from address: 0x1BE4 to address: 0x1CFC of length 28
--- Found segment that must be added. Length: 4 , address: 0x1D18
--- Found segment that will be moved from address: 0x1C04 to address: 0x1D1C of length 324
--- Found segment that must be added. Length: 24 , address: 0x1E60
--- Found a word to insert to address: 0x1E78
--- Found segment that must be added. Length: 36 , address: 0x1E7C
--- Found segment that will be moved from address: 0x1D88 to address: 0x1EA0 of length 12
--- Found segment that must be added. Length: 4 , address: 0x1EAC
--- Found segment that will be moved from address: 0x1D98 to address: 0x1EB0 of length 16
--- Found segment that must be added. Length: 4 , address: 0x1EC0
--- Found segment that will be moved from address: 0x1DAC to address: 0x1EC4 of length 56
--- Found segment that must be added. Length: 4 , address: 0x1EFC
--- Found segment that will be moved from address: 0x1DE8 to address: 0x1F00 of length 36
--- Found segment that must be added. Length: 4 , address: 0x1F24
--- Found segment that will be moved from address: 0x1E10 to address: 0x1F28 of length 608
--- Found segment that must be added. Length: 16 , address: 0x2188
--- Found a word to insert to address: 0x2198
--- Found segment that must be added. Length: 24 , address: 0x219C
--- Found segment that will be moved from address: 0x209C to address: 0x21B4 of length 24
--- Found segment that must be added. Length: 4 , address: 0x21CC
--- Found segment that will be moved from address: 0x20B8 to address: 0x21D0 of length 12
--- Found segment that must be added. Length: 4 , address: 0x21DC
--- Found segment that will be moved from address: 0x20C8 to address: 0x21E0 of length 828
--- Found segment that must be added. Length: 12 , address: 0x251C
--- Found segment that will be moved from address: 0x2410 to address: 0x2528 of length 32
--- Found segment that must be added. Length: 8 , address: 0x2548
--- Found segment that will be moved from address: 0x2438 to address: 0x2550 of length 60
--- Found segment that must be added. Length: 16 , address: 0x258C
--- Found segment that will be moved from address: 0x2484 to address: 0x259C of length 12
--- Found segment that must be added. Length: 4 , address: 0x25A8
--- Found segment that will be moved from address: 0x2494 to address: 0x25AC of length 56
--- Found segment that must be added. Length: 4 , address: 0x25E4
--- Found segment that will be moved from address: 0x24D0 to address: 0x25E8 of length 12
--- Found segment that must be added. Length: 4 , address: 0x25F4
--- Found segment that will be moved from address: 0x24E0 to address: 0x25F8 of length 12
--- Found segment that must be added. Length: 4 , address: 0x2604
--- Found segment that will be moved from address: 0x24F0 to address: 0x2608 of length 12
--- Found segment that must be added. Length: 4 , address: 0x2614
--- Found segment that will be moved from address: 0x2500 to address: 0x2618 of length 104
--- Found segment that must be added. Length: 8 , address: 0x2680
--- Found segment that will be moved from address: 0x2570 to address: 0x2688 of length 136
--- Found segment that must be added. Length: 4 , address: 0x2710
--- Found segment that will be moved from address: 0x25FC to address: 0x2714 of length 280
--- Found segment that must be added. Length: 12 , address: 0x282C
--- Found segment that will be moved from address: 0x2720 to address: 0x2838 of length 20
--- Found segment that must be added. Length: 4 , address: 0x284C
--- Found segment that will be moved from address: 0x2738 to address: 0x2850 of length 32
--- Found segment that must be added. Length: 16 , address: 0x2870
--- Found segment that will be moved from address: 0x2768 to address: 0x2880 of length 168
--- Found segment that must be added. Length: 4 , address: 0x2928
--- Found segment that will be moved from address: 0x2814 to address: 0x292C of length 180
--- Found segment that must be added. Length: 8 , address: 0x29E0
--- Found segment that will be moved from address: 0x28D0 to address: 0x29E8 of length 228
--- Found segment that must be added. Length: 12 , address: 0x2ACC
--- Found segment that will be moved from address: 0x29C0 to address: 0x2AD8 of length 216
--- Found segment that must be added. Length: 12 , address: 0x2BB0
--- Found segment that will be moved from address: 0x2AA4 to address: 0x2BBC of length 104
--- Found segment that must be added. Length: 12 , address: 0x2C24
--- Found segment that will be moved from address: 0x2B18 to address: 0x2C30 of length 464
--- Found segment that must be added. Length: 4 , address: 0x2E00
--- Found segment that will be moved from address: 0x2CEC to address: 0x2E04 of length 188
--- Found segment that must be added. Length: 12 , address: 0x2EC0
--- Found segment that will be moved from address: 0x2DB4 to address: 0x2ECC of length 228
--- Found segment that must be added. Length: 12 , address: 0x2FB0
--- Found segment that will be moved from address: 0x2EA4 to address: 0x2FBC of length 212
--- Found segment that must be added. Length: 4 , address: 0x3090
--- Found segment that will be moved from address: 0x2F7C to address: 0x3094 of length 12
--- Found segment that must be added. Length: 4 , address: 0x30A0
--- Found segment that will be moved from address: 0x2F8C to address: 0x30A4 of length 12
--- Found segment that must be added. Length: 4 , address: 0x30B0
--- Found segment that will be moved from address: 0x2F9C to address: 0x30B4 of length 676
--- Found segment that must be added. Length: 24 , address: 0x3358
--- Found a word to insert to address: 0x3370
--- Found segment that must be added. Length: 4 , address: 0x3374
--- Found segment that will be moved from address: 0x3260 to address: 0x3378 of length 292
--- Found segment that must be added. Length: 20 , address: 0x349C
--- Found segment that will be moved from address: 0x3398 to address: 0x34B0 of length 784
--- Found segment that must be added. Length: 8 , address: 0x37C0
--- Found segment that will be moved from address: 0x36B0 to address: 0x37C8 of length 76
--- Found segment that must be added. Length: 24 , address: 0x3814
--- Found a word to insert to address: 0x382C
--- Found segment that must be added. Length: 8 , address: 0x3830
--- Found a word to insert to address: 0x3838
--- Found segment that must be added. Length: 12 , address: 0x383C
--- Found a word to insert to address: 0x3848
--- Found segment that must be added. Length: 36 , address: 0x384C
--- Found segment that will be moved from address: 0x3718 to address: 0x3870 of length 244
--- Found segment that must be added. Length: 20 , address: 0x3964
--- Found a word to insert to address: 0x3978
--- Found segment that must be added. Length: 20 , address: 0x397C
--- Found segment that will be moved from address: 0x3844 to address: 0x3990 of length 268
--- Found segment that must be added. Length: 52 , address: 0x3A9C
--- Found segment that will be moved from address: 0x3984 to address: 0x3AD0 of length 1844
--- Found segment that must be added. Length: 48 , address: 0x4204
--- Found segment that will be moved from address: 0x40E8 to address: 0x4234 of length 192

--- OPTIMIZING...

---- Optimized 2 ADD/INSERT operations by merging...
---- Optimized 2 ADD/INSERT operations by merging...
---- Optimized COPY and ADD operations to preceding ADD...
---- Optimized 2 ADD/INSERT operations by merging...
---- Optimized 2 ADD/INSERT operations by merging...
---- Optimized 2 ADD/INSERT operations by merging...
---- Optimized 2 ADD/INSERT operations by merging...
---- Optimized 2 ADD/INSERT operations by merging...
---- Optimized 2 ADD/INSERT operations by merging...
---- Optimized 2 ADD/INSERT operations by merging...
---- Optimized 2 ADD/INSERT operations by merging...
---- Optimized 2 ADD/INSERT operations by merging...
---- Optimized 2 ADD/INSERT operations by merging...
---- Optimized 2 ADD/INSERT operations by merging...
---- Optimized 2 ADD/INSERT operations by merging...
---- Optimized COPY and ADD operations to preceding ADD...
---- Optimized 2 ADD/INSERT operations by merging...
---- Optimized 2 ADD/INSERT operations by merging...
---- Optimized 2 ADD/INSERT operations by merging...
---- Optimized 2 ADD/INSERT operations by merging...
---- Optimized 2 ADD/INSERT operations by merging...
---- Optimized 2 ADD/INSERT operations by merging...
---- Optimized COPY and ADD operations to preceding ADD...
---- Optimized COPY and ADD operations to preceding ADD...
---- Optimized COPY and ADD operations to preceding ADD...
---- Optimized COPY and ADD operations to preceding ADD...
---- Optimized COPY and ADD operations to preceding ADD...
---- Optimized COPY and ADD operations to preceding ADD...
---- Optimized 2 ADD/INSERT operations by merging...
---- Optimized 2 ADD/INSERT operations by merging...
---- Optimized COPY and ADD operations to preceding ADD...
---- Optimized 2 ADD/INSERT operations by merging...
---- Optimized 2 ADD/INSERT operations by merging...
---- Optimized 2 ADD/INSERT operations by merging...
---- Optimized 2 ADD/INSERT operations by merging...
---- Optimized 2 ADD/INSERT operations by merging...
---- Optimized 2 ADD/INSERT operations by merging...
---- Optimized 2 ADD/INSERT operations by merging...
---- Optimized 2 ADD/INSERT operations by merging...
---- Optimized COPY and ADD operations to preceding ADD...
---- Optimized COPY and ADD operations to preceding ADD...
---- Optimized COPY and ADD operations to preceding ADD...
---- Optimized 2 ADD/INSERT operations by merging...
---- Optimized 2 ADD/INSERT operations by merging...
---- Optimized 2 ADD/INSERT operations by merging...
---- Optimized 2 ADD/INSERT operations by merging...
---- Optimized 2 ADD/INSERT operations by merging...
---- Optimized 2 ADD/INSERT operations by merging...
---- Optimized COPY and ADD operations to preceding ADD...
---- Optimized COPY and ADD operations to preceding ADD...
---- Optimized COPY and ADD operations to preceding ADD...
---- Optimized COPY and ADD operations to preceding ADD...
---- Optimized 2 ADD/INSERT operations by merging...
---- Optimized 2 ADD/INSERT operations by merging...
---- Optimized 2 ADD/INSERT operations by merging...
---- Optimized 2 ADD/INSERT operations by merging...
---- Optimized 2 ADD/INSERT operations by merging...
---- Optimized 2 ADD/INSERT operations by merging...
---- Optimized 2 ADD/INSERT operations by merging...
---- Optimized 2 ADD/INSERT operations by merging...
---- Optimized 2 ADD/INSERT operations by merging...
---- Optimized 2 ADD/INSERT operations by merging...
---- Optimized 2 ADD/INSERT operations by merging...
---- Optimized 2 ADD/INSERT operations by merging...
---- Optimized 2 ADD/INSERT operations by merging...
---- Optimized 2 ADD/INSERT operations by merging...
---- Optimized 2 ADD/INSERT operations by merging...
---- Optimized 2 ADD/INSERT operations by merging...
---- Optimized 2 ADD/INSERT operations by merging...
---- Optimized 2 ADD/INSERT operations by merging...
---- Optimized 2 ADD/INSERT operations by merging...
---- Optimized 2 ADD/INSERT operations by merging...
---- Optimized 2 ADD/INSERT operations by merging...
---- Optimized 2 ADD/INSERT operations by merging...
---- Optimized 2 ADD/INSERT operations by merging...
---- Optimized 2 ADD/INSERT operations by merging...
---- Optimized 2 ADD/INSERT operations by merging...
---- Optimized COPY and ADD operations to preceding ADD...
---- Optimized 2 ADD/INSERT operations by merging...
---- Optimized 2 ADD/INSERT operations by merging...
---- Optimized 2 ADD/INSERT operations by merging...
---- Optimized 2 ADD/INSERT operations by merging...
---- Optimized 2 ADD/INSERT operations by merging...
---- Optimized 2 ADD/INSERT operations by merging...
---- Optimized 2 ADD/INSERT operations by merging...
---- Optimized 2 ADD/INSERT operations by merging...
---- Optimized 2 ADD/INSERT operations by merging...
---- Optimized 2 ADD/INSERT operations by merging...
---- Optimized 2 ADD/INSERT operations by merging...
---- Optimized 2 ADD/INSERT operations by merging...
---- Optimized 2 ADD/INSERT operations by merging...
---- Optimized 2 ADD/INSERT operations by merging...
---- Optimized 2 ADD/INSERT operations by merging...
---- Optimized COPY and ADD operations to preceding ADD...
---- Optimized COPY and ADD operations to preceding ADD...
---- Optimized 2 ADD/INSERT operations by merging...
---- Optimized COPY and ADD operations to preceding ADD...
---- Optimized 2 ADD/INSERT operations by merging...
---- Optimized 2 ADD/INSERT operations by merging...
---- Optimized COPY and ADD operations to preceding ADD...
---- Optimized 2 ADD/INSERT operations by merging...
---- Optimized 2 ADD/INSERT operations by merging...
---- Optimized COPY and ADD operations to preceding ADD...
---- Optimized 2 ADD/INSERT operations by merging...
---- Optimized 2 ADD/INSERT operations by merging...
---- Optimized 2 ADD/INSERT operations by merging...
---- Optimized 2 ADD/INSERT operations by merging...
---- Optimized 2 ADD/INSERT operations by merging...
---- Optimized COPY and ADD operations to preceding ADD...
---- Optimized 2 ADD/INSERT operations by merging...
---- Optimized 2 ADD/INSERT operations by merging...
---- Optimized COPY and ADD operations to preceding ADD...
---- Optimized 2 ADD/INSERT operations by merging...
---- Optimized 2 ADD/INSERT operations by merging...
---- Optimized COPY and ADD operations to preceding ADD...
---- Optimized COPY and ADD operations to preceding ADD...
---- Optimized COPY and ADD operations to preceding ADD...
---- Optimized COPY and ADD operations to preceding ADD...
---- Optimized COPY and ADD operations to preceding ADD...
---- Optimized COPY and ADD operations to preceding ADD...
---- Optimized COPY and ADD operations to preceding ADD...
---- Optimized 2 ADD/INSERT operations by merging...
---- Optimized 2 ADD/INSERT operations by merging...
---- Optimized 2 ADD/INSERT operations by merging...
---- Optimized 2 ADD/INSERT operations by merging...
---- Optimized 2 ADD/INSERT operations by merging...
---- Optimized 2 ADD/INSERT operations by merging...
---- Optimized 2 ADD/INSERT operations by merging...
---- Optimized 2 ADD/INSERT operations by merging...
---- Optimized 2 ADD/INSERT operations by merging...
---- Optimized 2 ADD/INSERT operations by merging...
--- Found segment that will be moved from address: 0x41C0 to address: 0x430C of length 384
--- Found segment that must be added. Length: 4 , address: 0x448C
--- Found a word to insert to address: 0x4490
--- Found segment that must be added. Length: 4 , address: 0x4494
--- Found segment that will be moved from address: 0x434C to address: 0x4498 of length 24
--- Found segment that must be added. Length: 12 , address: 0x44B0
--- Found segment that will be moved from address: 0x4370 to address: 0x44BC of length 84

--- OPTIMIZING...

---- Optimized 2 ADD/INSERT operations by merging...
---- Optimized 2 ADD/INSERT operations by merging...
-- Done...
------------------------------------------

-- Generating file 'samd20-xpro\deltagen_rev_02_rev_01\deltagen_rev_02_rev_01'...
--- Data succesfully generated
--- Generating checksum CRC-16
--- Generated CRC-16
--- Finalizing delta file
--- Writing file 'samd20-xpro\deltagen_rev_02_rev_01\deltagen_rev_02_rev_01'

-- OPERATION SUCCESFULL ...
Elapsed time: 00:00:00.3080308
------------------------------------------

