
There are 4 non-matching segments with total length of 52
-- Found 4 segments that have changed...
-- Searching for matching segments...
-- Done searching...
------------------------------------------

-- Generating operations...
--- Found word that must be inserted. Length: 4 , address: 0x104

--- OPTIMIZING...

--- Found segment that must be added. Length: 8 , address: 0x160

--- OPTIMIZING...

--- Found segment that must be added. Length: 24 , address: 0x17C
--- Found a word to insert to address: 0x194
--- Found a word to insert to address: 0x198

--- OPTIMIZING...

---- Optimized 2 ADD/INSERT operations by merging...
---- Optimized 2 ADD/INSERT operations by merging...
--- Found a word to insert to address: 0x1D4
--- Found a word to insert to address: 0x1D8

--- OPTIMIZING...

---- Optimized 2 ADD/INSERT operations by merging...
-- Done...
------------------------------------------

-- Generating file 'data_basis\samd21-xpro\deltagen_rev_04_rev_03\deltagen_rev_04_rev_03'...
--- Data succesfully generated
--- Generating checksum CRC-16
--- Generated CRC-16
--- Finalizing delta file
--- Writing file 'data_basis\samd21-xpro\deltagen_rev_04_rev_03\deltagen_rev_04_rev_03'

-- OPERATION SUCCESFULL ...
Elapsed time: 00:00:00.1664727
------------------------------------------

