
There are 5 non-matching segments with total length of 17156
-- Found 5 segments that have changed...
-- Searching for matching segments...
-- Done searching...
------------------------------------------

-- Generating operations...
--- Found segment that must be added. Length: 8 , address: 0x4
--- Found a word to insert to address: 0xC

--- OPTIMIZING...

---- Optimized 2 ADD/INSERT operations by merging...
--- Found word that must be inserted. Length: 4 , address: 0x2C

--- OPTIMIZING...

--- Found segment that must be added. Length: 120 , address: 0x38

--- OPTIMIZING...

--- Found word that must be inserted. Length: 4 , address: 0xC4

--- OPTIMIZING...

--- Found segment that must be added. Length: 4 , address: 0xCC
--- Found a word to insert to address: 0xD0
--- Found a word to insert to address: 0xD4
--- Found segment that must be added. Length: 4 , address: 0xD8
--- Found a word to insert to address: 0xDC
--- Found segment that must be added. Length: 4 , address: 0xE0
--- Found a word to insert to address: 0xE4
--- Found segment that must be added. Length: 8 , address: 0xE8
--- Found a word to insert to address: 0xF0
--- Found segment that must be added. Length: 24 , address: 0xF4
--- Found a word to insert to address: 0x10C
--- Found segment that must be added. Length: 20 , address: 0x110
--- Found a word to insert to address: 0x124
--- Found segment that must be added. Length: 4 , address: 0x128
--- Found a word to insert to address: 0x12C
--- Found segment that must be added. Length: 8 , address: 0x130
--- Found segment that will be moved from address: 0x1B0 to address: 0x138 of length 8
--- Found segment that must be added. Length: 24 , address: 0x140
--- Found segment that will be moved from address: 0x1D0 to address: 0x158 of length 16
--- Found segment that must be added. Length: 8 , address: 0x168
--- Found segment that will be moved from address: 0x1E8 to address: 0x170 of length 8
--- Found a word to insert to address: 0x178
--- Found segment that must be added. Length: 4 , address: 0x17C
--- Found segment that will be moved from address: 0x1F8 to address: 0x180 of length 8
--- Found a word to insert to address: 0x188
--- Found segment that must be added. Length: 4 , address: 0x18C
--- Found segment that will be moved from address: 0x208 to address: 0x190 of length 24
--- Found segment that must be added. Length: 8 , address: 0x1A8
--- Found a word to insert to address: 0x1B0
--- Found segment that must be added. Length: 4 , address: 0x1B4
--- Found segment that will be moved from address: 0x230 to address: 0x1B8 of length 40
--- Found segment that must be added. Length: 8 , address: 0x1E0
--- Found a word to insert to address: 0x1E8
--- Found segment that will be moved from address: 0x264 to address: 0x1EC of length 36
--- Found segment that must be added. Length: 8 , address: 0x210
--- Found segment that will be moved from address: 0x290 to address: 0x218 of length 96
--- Found segment that must be added. Length: 8 , address: 0x278
--- Found segment that will be moved from address: 0x2F8 to address: 0x280 of length 100
--- Found a word to insert to address: 0x2E4
--- Found segment that must be added. Length: 4 , address: 0x2E8
--- Found segment that will be moved from address: 0x364 to address: 0x2EC of length 8
--- Found segment that must be added. Length: 24 , address: 0x2F4
--- Found segment that will be moved from address: 0x384 to address: 0x30C of length 8
--- Found segment that must be added. Length: 24 , address: 0x314
--- Found segment that will be moved from address: 0x3A4 to address: 0x32C of length 108
--- Found segment that must be added. Length: 20 , address: 0x398
--- Found a word to insert to address: 0x3AC
--- Found segment that must be added. Length: 4 , address: 0x3B0
--- Found segment that will be moved from address: 0x42C to address: 0x3B4 of length 116
--- Found segment that must be added. Length: 8 , address: 0x428
--- Found segment that will be moved from address: 0x4A8 to address: 0x430 of length 48
--- Found segment that must be added. Length: 8 , address: 0x460
--- Found segment that will be moved from address: 0x4E0 to address: 0x468 of length 52
--- Found segment that must be added. Length: 16 , address: 0x49C
--- Found segment that will be moved from address: 0x524 to address: 0x4AC of length 28
--- Found segment that must be added. Length: 4 , address: 0x4C8
--- Found segment that will be moved from address: 0x544 to address: 0x4CC of length 48
--- Found segment that must be added. Length: 4 , address: 0x4FC
--- Found segment that will be moved from address: 0x578 to address: 0x500 of length 240
--- Found segment that must be added. Length: 8 , address: 0x5F0
--- Found segment that will be moved from address: 0x670 to address: 0x5F8 of length 24
--- Found segment that must be added. Length: 8 , address: 0x610
--- Found segment that will be moved from address: 0x690 to address: 0x618 of length 136
--- Found segment that must be added. Length: 8 , address: 0x6A0
--- Found a word to insert to address: 0x6A8
--- Found segment that must be added. Length: 4 , address: 0x6AC
--- Found segment that will be moved from address: 0x728 to address: 0x6B0 of length 168
--- Found segment that must be added. Length: 4 , address: 0x758
--- Found segment that will be moved from address: 0x7D4 to address: 0x75C of length 160
--- Found segment that must be added. Length: 4 , address: 0x7FC
--- Found segment that will be moved from address: 0x878 to address: 0x800 of length 20
--- Found segment that must be added. Length: 4 , address: 0x814
--- Found segment that will be moved from address: 0x890 to address: 0x818 of length 100
--- Found segment that must be added. Length: 4 , address: 0x87C
--- Found segment that will be moved from address: 0x8F8 to address: 0x880 of length 12
--- Found segment that must be added. Length: 4 , address: 0x88C
--- Found segment that will be moved from address: 0x908 to address: 0x890 of length 48
--- Found segment that must be added. Length: 4 , address: 0x8C0
--- Found segment that will be moved from address: 0x93C to address: 0x8C4 of length 32
--- Found segment that must be added. Length: 4 , address: 0x8E4
--- Found segment that will be moved from address: 0x960 to address: 0x8E8 of length 8
--- Found segment that must be added. Length: 4 , address: 0x8F0
--- Found segment that will be moved from address: 0x96C to address: 0x8F4 of length 24
--- Found segment that must be added. Length: 4 , address: 0x90C
--- Found segment that will be moved from address: 0x988 to address: 0x910 of length 8
--- Found segment that must be added. Length: 16 , address: 0x918
--- Found a word to insert to address: 0x928
--- Found segment that must be added. Length: 4 , address: 0x92C
--- Found segment that will be moved from address: 0x9A8 to address: 0x930 of length 28
--- Found segment that must be added. Length: 12 , address: 0x94C
--- Found a word to insert to address: 0x958
--- Found segment that must be added. Length: 4 , address: 0x95C
--- Found segment that will be moved from address: 0x9D8 to address: 0x960 of length 16
--- Found segment that must be added. Length: 4 , address: 0x970
--- Found segment that will be moved from address: 0x9EC to address: 0x974 of length 88
--- Found segment that must be added. Length: 4 , address: 0x9CC
--- Found segment that will be moved from address: 0xA48 to address: 0x9D0 of length 12
--- Found segment that must be added. Length: 4 , address: 0x9DC
--- Found segment that will be moved from address: 0xA58 to address: 0x9E0 of length 12
--- Found segment that must be added. Length: 4 , address: 0x9EC
--- Found segment that will be moved from address: 0xA68 to address: 0x9F0 of length 8
--- Found segment that must be added. Length: 4 , address: 0x9F8
--- Found segment that will be moved from address: 0xA74 to address: 0x9FC of length 12
--- Found segment that must be added. Length: 32 , address: 0xA08
--- Found a word to insert to address: 0xA28
--- Found segment that must be added. Length: 24 , address: 0xA2C
--- Found segment that will be moved from address: 0xABC to address: 0xA44 of length 20
--- Found segment that must be added. Length: 4 , address: 0xA58
--- Found segment that will be moved from address: 0xAD4 to address: 0xA5C of length 220
--- Found segment that must be added. Length: 8 , address: 0xB38
--- Found segment that will be moved from address: 0xBB8 to address: 0xB40 of length 68
--- Found segment that must be added. Length: 4 , address: 0xB84
--- Found segment that will be moved from address: 0xC00 to address: 0xB88 of length 28
--- Found segment that must be added. Length: 4 , address: 0xBA4
--- Found segment that will be moved from address: 0xC20 to address: 0xBA8 of length 16
--- Found a word to insert to address: 0xBB8
--- Found segment that will be moved from address: 0xDF0 to address: 0xBBC of length 60
--- Found segment that must be added. Length: 4 , address: 0xBF8
--- Found a word to insert to address: 0xBFC
--- Found segment that must be added. Length: 8 , address: 0xC00
--- Found a word to insert to address: 0xC08
--- Found segment that must be added. Length: 8 , address: 0xC0C
--- Found segment that will be moved from address: 0xE48 to address: 0xC14 of length 44
--- Found a word to insert to address: 0xC40
--- Found segment that will be moved from address: 0xF34 to address: 0xC44 of length 8
--- Found segment that must be added. Length: 4 , address: 0xC4C
--- Found segment that will be moved from address: 0xF40 to address: 0xC50 of length 8
--- Found segment that must be added. Length: 4 , address: 0xC58
--- Found a word to insert to address: 0xC5C
--- Found segment that must be added. Length: 4 , address: 0xC60
--- Found segment that will be moved from address: 0xF54 to address: 0xC64 of length 32
--- Found segment that must be added. Length: 8 , address: 0xC84
--- Found segment that will be moved from address: 0xF7C to address: 0xC8C of length 120
--- Found segment that must be added. Length: 4 , address: 0xD04
--- Found segment that will be moved from address: 0xFF8 to address: 0xD08 of length 20
--- Found segment that must be added. Length: 4 , address: 0xD1C
--- Found segment that will be moved from address: 0x1010 to address: 0xD20 of length 16
--- Found segment that must be added. Length: 4 , address: 0xD30
--- Found segment that will be moved from address: 0x1024 to address: 0xD34 of length 20
--- Found segment that must be added. Length: 4 , address: 0xD48
--- Found segment that will be moved from address: 0x103C to address: 0xD4C of length 52
--- Found segment that must be added. Length: 12 , address: 0xD80
--- Found a word to insert to address: 0xD8C
--- Found segment that must be added. Length: 4 , address: 0xD90
--- Found segment that will be moved from address: 0x1084 to address: 0xD94 of length 16
--- Found segment that must be added. Length: 4 , address: 0xDA4
--- Found segment that will be moved from address: 0x1098 to address: 0xDA8 of length 20
--- Found segment that must be added. Length: 4 , address: 0xDBC
--- Found segment that will be moved from address: 0x10B0 to address: 0xDC0 of length 24
--- Found segment that must be added. Length: 4 , address: 0xDD8
--- Found segment that will be moved from address: 0x10CC to address: 0xDDC of length 40
--- Found segment that must be added. Length: 4 , address: 0xE04
--- Found segment that will be moved from address: 0x10F8 to address: 0xE08 of length 32
--- Found segment that must be added. Length: 4 , address: 0xE28
--- Found a word to insert to address: 0xE2C
--- Found segment that must be added. Length: 48 , address: 0xE30
--- Found segment that will be moved from address: 0x1150 to address: 0xE60 of length 72
--- Found segment that must be added. Length: 4 , address: 0xEA8
--- Found segment that will be moved from address: 0x119C to address: 0xEAC of length 8
--- Found segment that must be added. Length: 4 , address: 0xEB4
--- Found segment that will be moved from address: 0x11A8 to address: 0xEB8 of length 8
--- Found segment that must be added. Length: 4 , address: 0xEC0
--- Found segment that will be moved from address: 0x11B4 to address: 0xEC4 of length 12
--- Found segment that must be added. Length: 8 , address: 0xED0
--- Found segment that will be moved from address: 0x11C8 to address: 0xED8 of length 16
--- Found segment that must be added. Length: 4 , address: 0xEE8
--- Found segment that will be moved from address: 0x11DC to address: 0xEEC of length 40
--- Found a word to insert to address: 0xF14
--- Found segment that will be moved from address: 0x1208 to address: 0xF18 of length 132
--- Found segment that must be added. Length: 4 , address: 0xF9C
--- Found segment that will be moved from address: 0x1290 to address: 0xFA0 of length 8
--- Found segment that must be added. Length: 4 , address: 0xFA8
--- Found a word to insert to address: 0xFAC
--- Found segment that must be added. Length: 4 , address: 0xFB0
--- Found segment that will be moved from address: 0x12A4 to address: 0xFB4 of length 28
--- Found segment that must be added. Length: 4 , address: 0xFD0
--- Found segment that will be moved from address: 0x12C4 to address: 0xFD4 of length 32
--- Found segment that must be added. Length: 4 , address: 0xFF4
--- Found segment that will be moved from address: 0x12E8 to address: 0xFF8 of length 52
--- Found segment that must be added. Length: 4 , address: 0x102C
--- Found segment that will be moved from address: 0x132C to address: 0x1030 of length 76
--- Found segment that will be moved from address: 0x1388 to address: 0x107C of length 16
--- Found segment that must be added. Length: 4 , address: 0x108C
--- Found segment that will be moved from address: 0x139C to address: 0x1090 of length 20
--- Found segment that must be added. Length: 4 , address: 0x10A4
--- Found a word to insert to address: 0x10A8
--- Found a word to insert to address: 0x10AC
--- Found segment that will be moved from address: 0x13BC to address: 0x10B0 of length 96
--- Found segment that must be added. Length: 4 , address: 0x1110
--- Found segment that will be moved from address: 0x1420 to address: 0x1114 of length 80
--- Found segment that must be added. Length: 4 , address: 0x1164
--- Found segment that will be moved from address: 0x1474 to address: 0x1168 of length 92
--- Found segment that must be added. Length: 4 , address: 0x11C4
--- Found segment that will be moved from address: 0x14D4 to address: 0x11C8 of length 8
--- Found segment that must be added. Length: 8 , address: 0x11D0
--- Found segment that will be moved from address: 0x17A8 to address: 0x11D8 of length 112
--- Found a word to insert to address: 0x1248
--- Found segment that must be added. Length: 8 , address: 0x124C
--- Found segment that will be moved from address: 0x1824 to address: 0x1254 of length 32
--- Found segment that must be added. Length: 4 , address: 0x1274
--- Found segment that will be moved from address: 0x1848 to address: 0x1278 of length 36
--- Found segment that must be added. Length: 4 , address: 0x129C
--- Found segment that will be moved from address: 0x1870 to address: 0x12A0 of length 72
--- Found segment that must be added. Length: 12 , address: 0x12E8
--- Found segment that will be moved from address: 0x18C4 to address: 0x12F4 of length 28
--- Found segment that must be added. Length: 4 , address: 0x1310
--- Found a word to insert to address: 0x1314
--- Found segment that must be added. Length: 4 , address: 0x1318
--- Found segment that will be moved from address: 0x18EC to address: 0x131C of length 12
--- Found segment that must be added. Length: 4 , address: 0x1328
--- Found a word to insert to address: 0x132C
--- Found segment that must be added. Length: 4 , address: 0x1330
--- Found a word to insert to address: 0x1334
--- Found segment that must be added. Length: 4 , address: 0x1338
--- Found a word to insert to address: 0x133C
--- Found segment that must be added. Length: 4 , address: 0x1340
--- Found segment that will be moved from address: 0x14E4 to address: 0x1344 of length 48
--- Found segment that must be added. Length: 4 , address: 0x1374
--- Found segment that will be moved from address: 0x1518 to address: 0x1378 of length 44
--- Found segment that must be added. Length: 4 , address: 0x13A4
--- Found segment that will be moved from address: 0x1978 to address: 0x13A8 of length 88
--- Found segment that must be added. Length: 4 , address: 0x1400
--- Found segment that will be moved from address: 0x19D4 to address: 0x1404 of length 84
--- Found segment that must be added. Length: 4 , address: 0x1458
--- Found segment that will be moved from address: 0x1A2C to address: 0x145C of length 172
--- Found segment that must be added. Length: 4 , address: 0x1508
--- Found segment that will be moved from address: 0x1ADC to address: 0x150C of length 12
--- Found segment that must be added. Length: 4 , address: 0x1518
--- Found segment that will be moved from address: 0x1AEC to address: 0x151C of length 52
--- Found segment that must be added. Length: 4 , address: 0x1550
--- Found segment that will be moved from address: 0x1B24 to address: 0x1554 of length 32
--- Found segment that must be added. Length: 4 , address: 0x1574
--- Found segment that will be moved from address: 0x1B48 to address: 0x1578 of length 44
--- Found segment that must be added. Length: 8 , address: 0x15A4
--- Found a word to insert to address: 0x15AC
--- Found segment that must be added. Length: 12 , address: 0x15B0
--- Found segment that will be moved from address: 0x1B8C to address: 0x15BC of length 28
--- Found segment that must be added. Length: 4 , address: 0x15D8
--- Found segment that will be moved from address: 0x1BAC to address: 0x15DC of length 44
--- Found segment that must be added. Length: 4 , address: 0x1608
--- Found segment that will be moved from address: 0x1BDC to address: 0x160C of length 88
--- Found segment that must be added. Length: 4 , address: 0x1664
--- Found segment that will be moved from address: 0x1C38 to address: 0x1668 of length 52
--- Found segment that must be added. Length: 4 , address: 0x169C
--- Found segment that will be moved from address: 0x1C70 to address: 0x16A0 of length 40
--- Found segment that must be added. Length: 4 , address: 0x16C8
--- Found segment that will be moved from address: 0x1C9C to address: 0x16CC of length 56
--- Found segment that must be added. Length: 4 , address: 0x1704
--- Found segment that will be moved from address: 0x1CD8 to address: 0x1708 of length 20
--- Found segment that must be added. Length: 20 , address: 0x171C
--- Found a word to insert to address: 0x1730
--- Found segment that must be added. Length: 4 , address: 0x1734
--- Found a word to insert to address: 0x1738
--- Found segment that must be added. Length: 36 , address: 0x173C
--- Found a word to insert to address: 0x1760
--- Found segment that must be added. Length: 4 , address: 0x1764
--- Found a word to insert to address: 0x1768
--- Found segment that must be added. Length: 4 , address: 0x176C
--- Found segment that will be moved from address: 0x1D40 to address: 0x1770 of length 16
--- Found segment that must be added. Length: 4 , address: 0x1780
--- Found segment that will be moved from address: 0x1D54 to address: 0x1784 of length 56
--- Found segment that must be added. Length: 4 , address: 0x17BC
--- Found segment that will be moved from address: 0x1D90 to address: 0x17C0 of length 36
--- Found segment that must be added. Length: 4 , address: 0x17E4
--- Found segment that will be moved from address: 0x1DB8 to address: 0x17E8 of length 608
--- Found segment that must be added. Length: 16 , address: 0x1A48
--- Found a word to insert to address: 0x1A58
--- Found segment that must be added. Length: 24 , address: 0x1A5C
--- Found segment that will be moved from address: 0x2044 to address: 0x1A74 of length 24
--- Found segment that must be added. Length: 4 , address: 0x1A8C
--- Found segment that will be moved from address: 0x2060 to address: 0x1A90 of length 8
--- Found a word to insert to address: 0x1A98
--- Found segment that must be added. Length: 4 , address: 0x1A9C
--- Found segment that will be moved from address: 0x2070 to address: 0x1AA0 of length 768
--- Found segment that must be added. Length: 4 , address: 0x1DA0
--- Found a word to insert to address: 0x1DA4
--- Found segment that must be added. Length: 4 , address: 0x1DA8
--- Found segment that will be moved from address: 0x237C to address: 0x1DAC of length 32
--- Found segment that must be added. Length: 8 , address: 0x1DCC
--- Found segment that will be moved from address: 0x23A4 to address: 0x1DD4 of length 60
--- Found segment that must be added. Length: 16 , address: 0x1E10
--- Found segment that will be moved from address: 0x23F0 to address: 0x1E20 of length 12
--- Found segment that must be added. Length: 4 , address: 0x1E2C
--- Found segment that will be moved from address: 0x2400 to address: 0x1E30 of length 56
--- Found segment that must be added. Length: 4 , address: 0x1E68
--- Found segment that will be moved from address: 0x243C to address: 0x1E6C of length 12
--- Found segment that must be added. Length: 4 , address: 0x1E78
--- Found segment that will be moved from address: 0x244C to address: 0x1E7C of length 12
--- Found segment that must be added. Length: 4 , address: 0x1E88
--- Found segment that will be moved from address: 0x245C to address: 0x1E8C of length 12
--- Found segment that must be added. Length: 4 , address: 0x1E98
--- Found segment that will be moved from address: 0x246C to address: 0x1E9C of length 104
--- Found segment that must be added. Length: 8 , address: 0x1F04
--- Found segment that will be moved from address: 0x24DC to address: 0x1F0C of length 136
--- Found segment that must be added. Length: 4 , address: 0x1F94
--- Found segment that will be moved from address: 0x2568 to address: 0x1F98 of length 280
--- Found segment that must be added. Length: 4 , address: 0x20B0
--- Found a word to insert to address: 0x20B4
--- Found segment that must be added. Length: 4 , address: 0x20B8
--- Found segment that will be moved from address: 0x268C to address: 0x20BC of length 20
--- Found segment that must be added. Length: 4 , address: 0x20D0
--- Found segment that will be moved from address: 0x26A4 to address: 0x20D4 of length 32
--- Found segment that must be added. Length: 16 , address: 0x20F4
--- Found segment that will be moved from address: 0x26D4 to address: 0x2104 of length 168
--- Found segment that must be added. Length: 4 , address: 0x21AC
--- Found segment that will be moved from address: 0x2780 to address: 0x21B0 of length 52
--- Found segment that must be added. Length: 4 , address: 0x21E4
--- Found a word to insert to address: 0x21E8
--- Found segment that must be added. Length: 4 , address: 0x21EC
--- Found segment that will be moved from address: 0x27C0 to address: 0x21F0 of length 108
--- Found segment that must be added. Length: 4 , address: 0x225C
--- Found a word to insert to address: 0x2260
--- Found segment that must be added. Length: 8 , address: 0x2264
--- Found segment that will be moved from address: 0x283C to address: 0x226C of length 228
--- Found segment that must be added. Length: 4 , address: 0x2350
--- Found a word to insert to address: 0x2354
--- Found segment that must be added. Length: 4 , address: 0x2358
--- Found segment that will be moved from address: 0x292C to address: 0x235C of length 216
--- Found segment that must be added. Length: 4 , address: 0x2434
--- Found a word to insert to address: 0x2438
--- Found segment that must be added. Length: 4 , address: 0x243C
--- Found segment that will be moved from address: 0x2A10 to address: 0x2440 of length 104
--- Found segment that must be added. Length: 4 , address: 0x24A8
--- Found a word to insert to address: 0x24AC
--- Found segment that must be added. Length: 4 , address: 0x24B0
--- Found segment that will be moved from address: 0x2A84 to address: 0x24B4 of length 8
--- Found segment that must be added. Length: 4 , address: 0x24BC
--- Found segment that will be moved from address: 0x2A90 to address: 0x24C0 of length 52
--- Found segment that must be added. Length: 4 , address: 0x24F4
--- Found segment that will be moved from address: 0x2AC8 to address: 0x24F8 of length 20
--- Found segment that must be added. Length: 4 , address: 0x250C
--- Found segment that will be moved from address: 0x2AE0 to address: 0x2510 of length 12
--- Found segment that must be added. Length: 4 , address: 0x251C
--- Found segment that will be moved from address: 0x2AF0 to address: 0x2520 of length 40
--- Found segment that must be added. Length: 4 , address: 0x2548
--- Found segment that will be moved from address: 0x2B1C to address: 0x254C of length 312
--- Found segment that must be added. Length: 4 , address: 0x2684
--- Found segment that will be moved from address: 0x2C58 to address: 0x2688 of length 188
--- Found segment that must be added. Length: 4 , address: 0x2744
--- Found a word to insert to address: 0x2748
--- Found segment that must be added. Length: 4 , address: 0x274C
--- Found segment that will be moved from address: 0x2D20 to address: 0x2750 of length 228
--- Found segment that must be added. Length: 4 , address: 0x2834
--- Found a word to insert to address: 0x2838
--- Found segment that must be added. Length: 4 , address: 0x283C
--- Found segment that will be moved from address: 0x2E10 to address: 0x2840 of length 40
--- Found segment that must be added. Length: 4 , address: 0x2868
--- Found segment that will be moved from address: 0x2E3C to address: 0x286C of length 136
--- Found segment that must be added. Length: 4 , address: 0x28F4
--- Found segment that will be moved from address: 0x2EC8 to address: 0x28F8 of length 28
--- Found segment that must be added. Length: 4 , address: 0x2914
--- Found segment that will be moved from address: 0x2EE8 to address: 0x2918 of length 12
--- Found segment that must be added. Length: 4 , address: 0x2924
--- Found segment that will be moved from address: 0x2EF8 to address: 0x2928 of length 12
--- Found segment that must be added. Length: 4 , address: 0x2934
--- Found segment that will be moved from address: 0x2F08 to address: 0x2938 of length 676
--- Found segment that must be added. Length: 4 , address: 0x2BDC
--- Found a word to insert to address: 0x2BE0
--- Found segment that must be added. Length: 16 , address: 0x2BE4
--- Found a word to insert to address: 0x2BF4
--- Found segment that must be added. Length: 4 , address: 0x2BF8
--- Found segment that will be moved from address: 0x31CC to address: 0x2BFC of length 292
--- Found segment that must be added. Length: 4 , address: 0x2D20
--- Found a word to insert to address: 0x2D24
--- Found segment that must be added. Length: 12 , address: 0x2D28
--- Found segment that will be moved from address: 0x3304 to address: 0x2D34 of length 784
--- Found segment that must be added. Length: 8 , address: 0x3044
--- Found segment that will be moved from address: 0x361C to address: 0x304C of length 40
--- Found segment that must be added. Length: 52 , address: 0x3074
--- Found segment that will be moved from address: 0x4024 to address: 0x30A8 of length 8
--- Found a word to insert to address: 0x30B0
--- Found segment that must be added. Length: 16 , address: 0x30B4
--- Found a word to insert to address: 0x30C4
--- Found segment that must be added. Length: 52 , address: 0x30C8
--- Found a word to insert to address: 0x30FC
--- Found a word to insert to address: 0x3100
--- Found segment that must be added. Length: 44 , address: 0x3104
--- Found a word to insert to address: 0x3130
--- Found segment that must be added. Length: 32 , address: 0x3134
--- Found a word to insert to address: 0x3154
--- Found segment that must be added. Length: 8 , address: 0x3158
--- Found segment that will be moved from address: 0x37B0 to address: 0x3160 of length 268
--- Found segment that must be added. Length: 52 , address: 0x326C
--- Found segment that will be moved from address: 0x38F0 to address: 0x32A0 of length 912
--- Found segment that will be moved from address: 0x3CC8 to address: 0x3630 of length 880
--- Found segment that must be added. Length: 48 , address: 0x39A0
--- Found segment that will be moved from address: 0x4068 to address: 0x39D0 of length 600
--- Found segment that must be added. Length: 4 , address: 0x3C28
--- Found a word to insert to address: 0x3C2C
--- Found a word to insert to address: 0x3C30
--- Found segment that will be moved from address: 0x42CC to address: 0x3C34 of length 24
--- Found segment that must be added. Length: 4 , address: 0x3C4C
--- Found a word to insert to address: 0x3C50
--- Found segment that must be added. Length: 4 , address: 0x3C54
--- Found segment that will be moved from address: 0x42F0 to address: 0x3C58 of length 84
--- Found a word to insert to address: 0x3CAC
--- Found a word to insert to address: 0x3CB0
--- Found a word to insert to address: 0x3CB4
--- Found a word to insert to address: 0x3CB8
--- Found a word to insert to address: 0x3CBC
--- Found a word to insert to address: 0x3CC0
--- Found a word to insert to address: 0x3CC4
--- Found a word to insert to address: 0x3CC8
--- Found a word to insert to address: 0x3CCC
--- Found a word to insert to address: 0x3CD0
--- Found a word to insert to address: 0x3CD4
--- Found a word to insert to address: 0x3CD8
--- Found a word to insert to address: 0x3CDC
--- Found a word to insert to address: 0x3CE0
--- Found a word to insert to address: 0x3CE4
--- Found a word to insert to address: 0x3CE8
--- Found a word to insert to address: 0x3CEC
--- Found a word to insert to address: 0x3CF0
--- Found a word to insert to address: 0x3CF4
--- Found a word to insert to address: 0x3CF8
--- Found a word to insert to address: 0x3CFC
--- Found a word to insert to address: 0x3D00
--- Found a word to insert to address: 0x3D04
--- Found a word to insert to address: 0x3D08
--- Found a word to insert to address: 0x3D0C
--- Found a word to insert to address: 0x3D10
--- Found a word to insert to address: 0x3D14
--- Found a word to insert to address: 0x3D18
--- Found a word to insert to address: 0x3D1C
--- Found a word to insert to address: 0x3D20
--- Found a word to insert to address: 0x3D24
--- Found a word to insert to address: 0x3D28
--- Found a word to insert to address: 0x3D2C
--- Found a word to insert to address: 0x3D30
--- Found a word to insert to address: 0x3D34
--- Found a word to insert to address: 0x3D38
--- Found a word to insert to address: 0x3D3C
--- Found a word to insert to address: 0x3D40
--- Found a word to insert to address: 0x3D44
--- Found a word to insert to address: 0x3D48
--- Found a word to insert to address: 0x3D4C
--- Found a word to insert to address: 0x3D50
--- Found a word to insert to address: 0x3D54
--- Found a word to insert to address: 0x3D58
--- Found a word to insert to address: 0x3D5C
--- Found a word to insert to address: 0x3D60
--- Found a word to insert to address: 0x3D64
--- Found a word to insert to address: 0x3D68
--- Found a word to insert to address: 0x3D6C
--- Found a word to insert to address: 0x3D70
--- Found a word to insert to address: 0x3D74
--- Found a word to insert to address: 0x3D78
--- Found a word to insert to address: 0x3D7C
--- Found a word to insert to address: 0x3D80
--- Found a word to insert to address: 0x3D84
--- Found a word to insert to address: 0x3D88
--- Found a word to insert to address: 0x3D8C
--- Found a word to insert to address: 0x3D90
--- Found a word to insert to address: 0x3D94
--- Found a word to insert to address: 0x3D98
--- Found a word to insert to address: 0x3D9C
--- Found a word to insert to address: 0x3DA0
--- Found a word to insert to address: 0x3DA4
--- Found a word to insert to address: 0x3DA8
--- Found a word to insert to address: 0x3DAC
--- Found a word to insert to address: 0x3DB0
--- Found a word to insert to address: 0x3DB4
--- Found a word to insert to address: 0x3DB8
--- Found a word to insert to address: 0x3DBC
--- Found a word to insert to address: 0x3DC0
--- Found a word to insert to address: 0x3DC4
--- Found a word to insert to address: 0x3DC8
--- Found a word to insert to address: 0x3DCC
--- Found a word to insert to address: 0x3DD0
--- Found a word to insert to address: 0x3DD4
--- Found a word to insert to address: 0x3DD8
--- Found a word to insert to address: 0x3DDC
--- Found a word to insert to address: 0x3DE0
--- Found a word to insert to address: 0x3DE4
--- Found a word to insert to address: 0x3DE8
--- Found a word to insert to address: 0x3DEC
--- Found a word to insert to address: 0x3DF0
--- Found a word to insert to address: 0x3DF4
--- Found a word to insert to address: 0x3DF8
--- Found a word to insert to address: 0x3DFC
--- Found a word to insert to address: 0x3E00
--- Found a word to insert to address: 0x3E04
--- Found a word to insert to address: 0x3E08
--- Found a word to insert to address: 0x3E0C
--- Found a word to insert to address: 0x3E10
--- Found a word to insert to address: 0x3E14
--- Found a word to insert to address: 0x3E18
--- Found a word to insert to address: 0x3E1C
--- Found a word to insert to address: 0x3E20
--- Found a word to insert to address: 0x3E24
--- Found a word to insert to address: 0x3E28
--- Found a word to insert to address: 0x3E2C
--- Found a word to insert to address: 0x3E30
--- Found a word to insert to address: 0x3E34
--- Found a word to insert to address: 0x3E38
--- Found a word to insert to address: 0x3E3C
--- Found a word to insert to address: 0x3E40
--- Found a word to insert to address: 0x3E44
--- Found a word to insert to address: 0x3E48
--- Found a word to insert to address: 0x3E4C
--- Found a word to insert to address: 0x3E50
--- Found a word to insert to address: 0x3E54
--- Found a word to insert to address: 0x3E58
--- Found a word to insert to address: 0x3E5C
--- Found a word to insert to address: 0x3E60
--- Found a word to insert to address: 0x3E64
--- Found a word to insert to address: 0x3E68
--- Found a word to insert to address: 0x3E6C
--- Found a word to insert to address: 0x3E70
--- Found a word to insert to address: 0x3E74
--- Found a word to insert to address: 0x3E78
--- Found a word to insert to address: 0x3E7C
--- Found a word to insert to address: 0x3E80
--- Found a word to insert to address: 0x3E84
--- Found a word to insert to address: 0x3E88
--- Found a word to insert to address: 0x3E8C
--- Found a word to insert to address: 0x3E90
--- Found a word to insert to address: 0x3E94
--- Found a word to insert to address: 0x3E98
--- Found a word to insert to address: 0x3E9C
--- Found a word to insert to address: 0x3EA0
--- Found a word to insert to address: 0x3EA4
--- Found a word to insert to address: 0x3EA8
--- Found a word to insert to address: 0x3EAC
--- Found a word to insert to address: 0x3EB0
--- Found a word to insert to address: 0x3EB4
--- Found a word to insert to address: 0x3EB8
--- Found a word to insert to address: 0x3EBC
--- Found a word to insert to address: 0x3EC0
--- Found a word to insert to address: 0x3EC4
--- Found a word to insert to address: 0x3EC8
--- Found a word to insert to address: 0x3ECC
--- Found a word to insert to address: 0x3ED0
--- Found a word to insert to address: 0x3ED4
--- Found a word to insert to address: 0x3ED8
--- Found a word to insert to address: 0x3EDC
--- Found a word to insert to address: 0x3EE0
--- Found a word to insert to address: 0x3EE4
--- Found a word to insert to address: 0x3EE8
--- Found a word to insert to address: 0x3EEC
--- Found a word to insert to address: 0x3EF0
--- Found a word to insert to address: 0x3EF4
--- Found a word to insert to address: 0x3EF8
--- Found a word to insert to address: 0x3EFC
--- Found a word to insert to address: 0x3F00
--- Found a word to insert to address: 0x3F04
--- Found a word to insert to address: 0x3F08
--- Found a word to insert to address: 0x3F0C
--- Found a word to insert to address: 0x3F10
--- Found a word to insert to address: 0x3F14
--- Found a word to insert to address: 0x3F18
--- Found a word to insert to address: 0x3F1C
--- Found a word to insert to address: 0x3F20
--- Found a word to insert to address: 0x3F24
--- Found a word to insert to address: 0x3F28
--- Found a word to insert to address: 0x3F2C
--- Found a word to insert to address: 0x3F30
--- Found a word to insert to address: 0x3F34
--- Found a word to insert to address: 0x3F38
--- Found a word to insert to address: 0x3F3C
--- Found a word to insert to address: 0x3F40
--- Found a word to insert to address: 0x3F44
--- Found a word to insert to address: 0x3F48
--- Found a word to insert to address: 0x3F4C
--- Found a word to insert to address: 0x3F50
--- Found a word to insert to address: 0x3F54
--- Found a word to insert to address: 0x3F58
--- Found a word to insert to address: 0x3F5C
--- Found a word to insert to address: 0x3F60
--- Found a word to insert to address: 0x3F64
--- Found a word to insert to address: 0x3F68
--- Found a word to insert to address: 0x3F6C
--- Found a word to insert to address: 0x3F70
--- Found a word to insert to address: 0x3F74
--- Found a word to insert to address: 0x3F78
--- Found a word to insert to address: 0x3F7C
--- Found a word to insert to address: 0x3F80
--- Found a word to insert to address: 0x3F84
--- Found a word to insert to address: 0x3F88
--- Found a word to insert to address: 0x3F8C
--- Found a word to insert to address: 0x3F90
--- Found a word to insert to address: 0x3F94
--- Found a word to insert to address: 0x3F98
--- Found a word to insert to address: 0x3F9C
--- Found a word to insert to address: 0x3FA0
--- Found a word to insert to address: 0x3FA4
--- Found a word to insert to address: 0x3FA8
--- Found a word to insert to address: 0x3FAC
--- Found a word to insert to address: 0x3FB0
--- Found a word to insert to address: 0x3FB4
--- Found a word to insert to address: 0x3FB8
--- Found a word to insert to address: 0x3FBC
--- Found a word to insert to address: 0x3FC0
--- Found a word to insert to address: 0x3FC4
--- Found a word to insert to address: 0x3FC8
--- Found a word to insert to address: 0x3FCC
--- Found a word to insert to address: 0x3FD0
--- Found a word to insert to address: 0x3FD4
--- Found a word to insert to address: 0x3FD8
--- Found a word to insert to address: 0x3FDC
--- Found a word to insert to address: 0x3FE0
--- Found a word to insert to address: 0x3FE4
--- Found a word to insert to address: 0x3FE8
--- Found a word to insert to address: 0x3FEC
--- Found a word to insert to address: 0x3FF0
--- Found a word to insert to address: 0x3FF4
--- Found a word to insert to address: 0x3FF8
--- Found a word to insert to address: 0x3FFC
--- Found a word to insert to address: 0x4000
--- Found a word to insert to address: 0x4004
--- Found a word to insert to address: 0x4008
--- Found a word to insert to address: 0x400C
--- Found a word to insert to address: 0x4010
--- Found a word to insert to address: 0x4014
--- Found a word to insert to address: 0x4018
--- Found a word to insert to address: 0x401C
--- Found a word to insert to address: 0x4020
--- Found a word to insert to address: 0x4024
--- Found a word to insert to address: 0x4028
--- Found a word to insert to address: 0x402C
--- Found a word to insert to address: 0x4030
--- Found a word to insert to address: 0x4034
--- Found a word to insert to address: 0x4038
--- Found a word to insert to address: 0x403C
--- Found a word to insert to address: 0x4040
--- Found a word to insert to address: 0x4044
--- Found a word to insert to address: 0x4048
--- Found a word to insert to address: 0x404C
--- Found a word to insert to address: 0x4050
--- Found a word to insert to address: 0x4054
--- Found a word to insert to address: 0x4058
--- Found a word to insert to address: 0x405C
--- Found a word to insert to address: 0x4060
--- Found a word to insert to address: 0x4064
--- Found a word to insert to address: 0x4068
--- Found a word to insert to address: 0x406C
--- Found a word to insert to address: 0x4070
--- Found a word to insert to address: 0x4074
--- Found a word to insert to address: 0x4078
--- Found a word to insert to address: 0x407C
--- Found a word to insert to address: 0x4080
--- Found a word to insert to address: 0x4084
--- Found a word to insert to address: 0x4088
--- Found a word to insert to address: 0x408C
--- Found a word to insert to address: 0x4090
--- Found a word to insert to address: 0x4094
--- Found a word to insert to address: 0x4098
--- Found a word to insert to address: 0x409C
--- Found a word to insert to address: 0x40A0
--- Found a word to insert to address: 0x40A4
--- Found a word to insert to address: 0x40A8
--- Found a word to insert to address: 0x40AC
--- Found a word to insert to address: 0x40B0
--- Found a word to insert to address: 0x40B4
--- Found a word to insert to address: 0x40B8
--- Found a word to insert to address: 0x40BC
--- Found a word to insert to address: 0x40C0
--- Found a word to insert to address: 0x40C4
--- Found a word to insert to address: 0x40C8
--- Found a word to insert to address: 0x40CC
--- Found a word to insert to address: 0x40D0
--- Found a word to insert to address: 0x40D4
--- Found a word to insert to address: 0x40D8
--- Found a word to insert to address: 0x40DC
--- Found a word to insert to address: 0x40E0
--- Found a word to insert to address: 0x40E4
--- Found a word to insert to address: 0x40E8
--- Found a word to insert to address: 0x40EC
--- Found a word to insert to address: 0x40F0
--- Found a word to insert to address: 0x40F4
--- Found a word to insert to address: 0x40F8
--- Found a word to insert to address: 0x40FC
--- Found a word to insert to address: 0x4100
--- Found a word to insert to address: 0x4104
--- Found a word to insert to address: 0x4108
--- Found a word to insert to address: 0x410C
--- Found a word to insert to address: 0x4110
--- Found a word to insert to address: 0x4114
--- Found a word to insert to address: 0x4118
--- Found a word to insert to address: 0x411C
--- Found a word to insert to address: 0x4120
--- Found a word to insert to address: 0x4124
--- Found a word to insert to address: 0x4128
--- Found a word to insert to address: 0x412C
--- Found a word to insert to address: 0x4130
--- Found a word to insert to address: 0x4134
--- Found a word to insert to address: 0x4138
--- Found a word to insert to address: 0x413C
--- Found a word to insert to address: 0x4140
--- Found a word to insert to address: 0x4144
--- Found a word to insert to address: 0x4148
--- Found a word to insert to address: 0x414C
--- Found a word to insert to address: 0x4150
--- Found a word to insert to address: 0x4154
--- Found a word to insert to address: 0x4158
--- Found a word to insert to address: 0x415C
--- Found a word to insert to address: 0x4160
--- Found a word to insert to address: 0x4164
--- Found a word to insert to address: 0x4168
--- Found a word to insert to address: 0x416C
--- Found a word to insert to address: 0x4170
--- Found a word to insert to address: 0x4174
--- Found a word to insert to address: 0x4178
--- Found a word to insert to address: 0x417C
--- Found a word to insert to address: 0x4180
--- Found a word to insert to address: 0x4184
--- Found a word to insert to address: 0x4188
--- Found a word to insert to address: 0x418C
--- Found a word to insert to address: 0x4190
--- Found a word to insert to address: 0x4194
--- Found a word to insert to address: 0x4198
--- Found a word to insert to address: 0x419C
--- Found a word to insert to address: 0x41A0
--- Found a word to insert to address: 0x41A4
--- Found a word to insert to address: 0x41A8
--- Found a word to insert to address: 0x41AC
--- Found a word to insert to address: 0x41B0
--- Found a word to insert to address: 0x41B4
--- Found a word to insert to address: 0x41B8
--- Found a word to insert to address: 0x41BC
--- Found a word to insert to address: 0x41C0
--- Found a word to insert to address: 0x41C4
--- Found a word to insert to address: 0x41C8
--- Found a word to insert to address: 0x41CC
--- Found a word to insert to address: 0x41D0
--- Found a word to insert to address: 0x41D4
--- Found a word to insert to address: 0x41D8
--- Found a word to insert to address: 0x41DC
--- Found a word to insert to address: 0x41E0
--- Found a word to insert to address: 0x41E4
--- Found a word to insert to address: 0x41E8
--- Found a word to insert to address: 0x41EC
--- Found a word to insert to address: 0x41F0
--- Found a word to insert to address: 0x41F4
--- Found a word to insert to address: 0x41F8
--- Found a word to insert to address: 0x41FC
--- Found a word to insert to address: 0x4200
--- Found a word to insert to address: 0x4204
--- Found a word to insert to address: 0x4208
--- Found a word to insert to address: 0x420C
--- Found a word to insert to address: 0x4210
--- Found a word to insert to address: 0x4214
--- Found a word to insert to address: 0x4218
--- Found a word to insert to address: 0x421C
--- Found a word to insert to address: 0x4220
--- Found a word to insert to address: 0x4224
--- Found a word to insert to address: 0x4228
--- Found a word to insert to address: 0x422C
--- Found a word to insert to address: 0x4230
--- Found a word to insert to address: 0x4234
--- Found a word to insert to address: 0x4238
--- Found a word to insert to address: 0x423C
--- Found a word to insert to address: 0x4240
--- Found a word to insert to address: 0x4244
--- Found a word to insert to address: 0x4248
--- Found a word to insert to address: 0x424C
--- Found a word to insert to address: 0x4250
--- Found a word to insert to address: 0x4254
--- Found a word to insert to address: 0x4258
--- Found a word to insert to address: 0x425C
--- Found a word to insert to address: 0x4260
--- Found a word to insert to address: 0x4264
--- Found a word to insert to address: 0x4268
--- Found a word to insert to address: 0x426C
--- Found a word to insert to address: 0x4270
--- Found a word to insert to address: 0x4274
--- Found a word to insert to address: 0x4278
--- Found a word to insert to address: 0x427C
--- Found a word to insert to address: 0x4280
--- Found a word to insert to address: 0x4284
--- Found a word to insert to address: 0x4288
--- Found a word to insert to address: 0x428C
--- Found a word to insert to address: 0x4290
--- Found a word to insert to address: 0x4294
--- Found a word to insert to address: 0x4298
--- Found a word to insert to address: 0x429C
--- Found a word to insert to address: 0x42A0
--- Found a word to insert to address: 0x42A4
--- Found a word to insert to address: 0x42A8
--- Found a word to insert to address: 0x42AC
--- Found a word to insert to address: 0x42B0
--- Found a word to insert to address: 0x42B4
--- Found a word to insert to address: 0x42B8
--- Found a word to insert to address: 0x42BC
--- Found a word to insert to address: 0x42C0
--- Found a word to insert to address: 0x42C4
--- Found a word to insert to address: 0x42C8
--- Found a word to insert to address: 0x42CC
--- Found a word to insert to address: 0x42D0
--- Found a word to insert to address: 0x42D4
--- Found a word to insert to address: 0x42D8
--- Found a word to insert to address: 0x42DC
--- Found a word to insert to address: 0x42E0
--- Found a word to insert to address: 0x42E4
--- Found a word to insert to address: 0x42E8
--- Found a word to insert to address: 0x42EC
--- Found a word to insert to address: 0x42F0
--- Found a word to insert to address: 0x42F4
--- Found a word to insert to address: 0x42F8
--- Found a word to insert to address: 0x42FC
--- Found a word to insert to address: 0x4300
--- Found a word to insert to address: 0x4304
--- Found a word to insert to address: 0x4308
--- Found a word to insert to address: 0x430C
--- Found a word to insert to address: 0x4310
--- Found a word to insert to address: 0x4314
--- Found a word to insert to address: 0x4318
--- Found a word to insert to address: 0x431C
--- Found a word to insert to address: 0x4320
--- Found a word to insert to address: 0x4324
--- Found a word to insert to address: 0x4328
--- Found a word to insert to address: 0x432C
--- Found a word to insert to address: 0x4330
--- Found a word to insert to address: 0x4334
--- Found a word to insert to address: 0x4338
--- Found a word to insert to address: 0x433C
--- Found a word to insert to address: 0x4340

--- OPTIMIZING...

---- Optimized 2 ADD/INSERT operations by merging...
---- Optimized 2 ADD/INSERT operations by merging...
---- Optimized 2 ADD/INSERT operations by merging...
---- Optimized 2 ADD/INSERT operations by merging...
---- Optimized 2 ADD/INSERT operations by merging...
---- Optimized 2 ADD/INSERT operations by merging...
---- Optimized 2 ADD/INSERT operations by merging...
---- Optimized 2 ADD/INSERT operations by merging...
---- Optimized 2 ADD/INSERT operations by merging...
---- Optimized 2 ADD/INSERT operations by merging...
---- Optimized 2 ADD/INSERT operations by merging...
---- Optimized 2 ADD/INSERT operations by merging...
---- Optimized 2 ADD/INSERT operations by merging...
---- Optimized 2 ADD/INSERT operations by merging...
---- Optimized 2 ADD/INSERT operations by merging...
---- Optimized COPY and ADD operations to preceding ADD...
---- Optimized COPY and ADD operations to preceding ADD...
---- Optimized 2 ADD/INSERT operations by merging...
---- Optimized COPY and ADD operations to preceding ADD...
---- Optimized 2 ADD/INSERT operations by merging...
---- Optimized 2 ADD/INSERT operations by merging...
---- Optimized 2 ADD/INSERT operations by merging...
---- Optimized 2 ADD/INSERT operations by merging...
---- Optimized 2 ADD/INSERT operations by merging...
---- Optimized COPY and ADD operations to preceding ADD...
---- Optimized COPY and ADD operations to preceding ADD...
---- Optimized 2 ADD/INSERT operations by merging...
---- Optimized 2 ADD/INSERT operations by merging...
---- Optimized 2 ADD/INSERT operations by merging...
---- Optimized 2 ADD/INSERT operations by merging...
---- Optimized COPY and ADD operations to preceding ADD...
---- Optimized COPY and ADD operations to preceding ADD...
---- Optimized COPY and ADD operations to preceding ADD...
---- Optimized 2 ADD/INSERT operations by merging...
---- Optimized 2 ADD/INSERT operations by merging...
---- Optimized 2 ADD/INSERT operations by merging...
---- Optimized 2 ADD/INSERT operations by merging...
---- Optimized COPY and ADD operations to preceding ADD...
---- Optimized COPY and ADD operations to preceding ADD...
---- Optimized COPY and ADD operations to preceding ADD...
---- Optimized COPY and ADD operations to preceding ADD...
---- Optimized 2 ADD/INSERT operations by merging...
---- Optimized 2 ADD/INSERT operations by merging...
---- Optimized 2 ADD/INSERT operations by merging...
---- Optimized 2 ADD/INSERT operations by merging...
---- Optimized 2 ADD/INSERT operations by merging...
---- Optimized 2 ADD/INSERT operations by merging...
---- Optimized COPY and ADD operations to preceding ADD...
---- Optimized COPY and ADD operations to preceding ADD...
---- Optimized 2 ADD/INSERT operations by merging...
---- Optimized 2 ADD/INSERT operations by merging...
---- Optimized 2 ADD/INSERT operations by merging...
---- Optimized 2 ADD/INSERT operations by merging...
---- Optimized 2 ADD/INSERT operations by merging...
---- Optimized 2 ADD/INSERT operations by merging...
---- Optimized COPY and ADD operations to preceding ADD...
---- Optimized COPY and ADD operations to preceding ADD...
---- Optimized COPY and ADD operations to preceding ADD...
---- Optimized COPY and ADD operations to preceding ADD...
---- Optimized 2 ADD/INSERT operations by merging...
---- Optimized 2 ADD/INSERT operations by merging...
---- Optimized 2 ADD/INSERT operations by merging...
---- Optimized 2 ADD/INSERT operations by merging...
---- Optimized COPY and ADD operations to preceding ADD...
---- Optimized 2 ADD/INSERT operations by merging...
---- Optimized 2 ADD/INSERT operations by merging...
---- Optimized 2 ADD/INSERT operations by merging...
---- Optimized COPY and ADD operations to preceding ADD...
---- Optimized 2 ADD/INSERT operations by merging...
---- Optimized 2 ADD/INSERT operations by merging...
---- Optimized 2 ADD/INSERT operations by merging...
---- Optimized 2 ADD/INSERT operations by merging...
---- Optimized 2 ADD/INSERT operations by merging...
---- Optimized 2 ADD/INSERT operations by merging...
---- Optimized COPY and ADD operations to preceding ADD...
---- Optimized 2 ADD/INSERT operations by merging...
---- Optimized 2 ADD/INSERT operations by merging...
---- Optimized 2 ADD/INSERT operations by merging...
---- Optimized 2 ADD/INSERT operations by merging...
---- Optimized 2 ADD/INSERT operations by merging...
---- Optimized 2 ADD/INSERT operations by merging...
---- Optimized 2 ADD/INSERT operations by merging...
---- Optimized 2 ADD/INSERT operations by merging...
---- Optimized 2 ADD/INSERT operations by merging...
---- Optimized 2 ADD/INSERT operations by merging...
---- Optimized 2 ADD/INSERT operations by merging...
---- Optimized 2 ADD/INSERT operations by merging...
---- Optimized COPY and ADD operations to preceding ADD...
---- Optimized 2 ADD/INSERT operations by merging...
---- Optimized 2 ADD/INSERT operations by merging...
---- Optimized 2 ADD/INSERT operations by merging...
---- Optimized COPY and ADD operations to preceding ADD...
---- Optimized COPY and ADD operations to preceding ADD...
---- Optimized COPY and ADD operations to preceding ADD...
---- Optimized COPY and ADD operations to preceding ADD...
---- Optimized 2 ADD/INSERT operations by merging...
---- Optimized 2 ADD/INSERT operations by merging...
---- Optimized 2 ADD/INSERT operations by merging...
---- Optimized 2 ADD/INSERT operations by merging...
---- Optimized 2 ADD/INSERT operations by merging...
---- Optimized 2 ADD/INSERT operations by merging...
---- Optimized 2 ADD/INSERT operations by merging...
---- Optimized 2 ADD/INSERT operations by merging...
---- Optimized 2 ADD/INSERT operations by merging...
---- Optimized 2 ADD/INSERT operations by merging...
---- Optimized 2 ADD/INSERT operations by merging...
---- Optimized 2 ADD/INSERT operations by merging...
---- Optimized COPY and ADD operations to preceding ADD...
---- Optimized COPY and ADD operations to preceding ADD...
---- Optimized 2 ADD/INSERT operations by merging...
---- Optimized 2 ADD/INSERT operations by merging...
---- Optimized 2 ADD/INSERT operations by merging...
---- Optimized 2 ADD/INSERT operations by merging...
---- Optimized COPY and ADD operations to preceding ADD...
---- Optimized COPY and ADD operations to preceding ADD...
---- Optimized 2 ADD/INSERT operations by merging...
---- Optimized 2 ADD/INSERT operations by merging...
---- Optimized 2 ADD/INSERT operations by merging...
---- Optimized 2 ADD/INSERT operations by merging...
---- Optimized 2 ADD/INSERT operations by merging...
---- Optimized 2 ADD/INSERT operations by merging...
---- Optimized COPY and ADD operations to preceding ADD...
---- Optimized 2 ADD/INSERT operations by merging...
---- Optimized 2 ADD/INSERT operations by merging...
---- Optimized 2 ADD/INSERT operations by merging...
---- Optimized 2 ADD/INSERT operations by merging...
---- Optimized 2 ADD/INSERT operations by merging...
---- Optimized 2 ADD/INSERT operations by merging...
---- Optimized 2 ADD/INSERT operations by merging...
---- Optimized 2 ADD/INSERT operations by merging...
---- Optimized 2 ADD/INSERT operations by merging...
---- Optimized 2 ADD/INSERT operations by merging...
---- Optimized 2 ADD/INSERT operations by merging...
---- Optimized 2 ADD/INSERT operations by merging...
---- Optimized 2 ADD/INSERT operations by merging...
---- Optimized 2 ADD/INSERT operations by merging...
---- Optimized 2 ADD/INSERT operations by merging...
---- Optimized 2 ADD/INSERT operations by merging...
---- Optimized 2 ADD/INSERT operations by merging...
---- Optimized 2 ADD/INSERT operations by merging...
---- Optimized 2 ADD/INSERT operations by merging...
---- Optimized 2 ADD/INSERT operations by merging...
---- Optimized 2 ADD/INSERT operations by merging...
---- Optimized 2 ADD/INSERT operations by merging...
---- Optimized 2 ADD/INSERT operations by merging...
---- Optimized 2 ADD/INSERT operations by merging...
---- Optimized 2 ADD/INSERT operations by merging...
---- Optimized 2 ADD/INSERT operations by merging...
---- Optimized 2 ADD/INSERT operations by merging...
---- Optimized 2 ADD/INSERT operations by merging...
---- Optimized 2 ADD/INSERT operations by merging...
---- Optimized 2 ADD/INSERT operations by merging...
---- Optimized 2 ADD/INSERT operations by merging...
---- Optimized 2 ADD/INSERT operations by merging...
---- Optimized 2 ADD/INSERT operations by merging...
---- Optimized 2 ADD/INSERT operations by merging...
---- Optimized 2 ADD/INSERT operations by merging...
---- Optimized 2 ADD/INSERT operations by merging...
---- Optimized 2 ADD/INSERT operations by merging...
---- Optimized 2 ADD/INSERT operations by merging...
---- Optimized 2 ADD/INSERT operations by merging...
---- Optimized 2 ADD/INSERT operations by merging...
---- Optimized 2 ADD/INSERT operations by merging...
---- Optimized 2 ADD/INSERT operations by merging...
---- Optimized 2 ADD/INSERT operations by merging...
---- Optimized 2 ADD/INSERT operations by merging...
---- Optimized 2 ADD/INSERT operations by merging...
---- Optimized 2 ADD/INSERT operations by merging...
---- Optimized 2 ADD/INSERT operations by merging...
---- Optimized 2 ADD/INSERT operations by merging...
---- Optimized 2 ADD/INSERT operations by merging...
---- Optimized 2 ADD/INSERT operations by merging...
---- Optimized 2 ADD/INSERT operations by merging...
---- Optimized 2 ADD/INSERT operations by merging...
---- Optimized 2 ADD/INSERT operations by merging...
---- Optimized 2 ADD/INSERT operations by merging...
---- Optimized 2 ADD/INSERT operations by merging...
---- Optimized 2 ADD/INSERT operations by merging...
---- Optimized 2 ADD/INSERT operations by merging...
---- Optimized 2 ADD/INSERT operations by merging...
---- Optimized 2 ADD/INSERT operations by merging...
---- Optimized 2 ADD/INSERT operations by merging...
---- Optimized 2 ADD/INSERT operations by merging...
---- Optimized 2 ADD/INSERT operations by merging...
---- Optimized 2 ADD/INSERT operations by merging...
---- Optimized 2 ADD/INSERT operations by merging...
---- Optimized 2 ADD/INSERT operations by merging...
---- Optimized 2 ADD/INSERT operations by merging...
---- Optimized 2 ADD/INSERT operations by merging...
---- Optimized 2 ADD/INSERT operations by merging...
---- Optimized 2 ADD/INSERT operations by merging...
---- Optimized 2 ADD/INSERT operations by merging...
---- Optimized 2 ADD/INSERT operations by merging...
---- Optimized 2 ADD/INSERT operations by merging...
---- Optimized 2 ADD/INSERT operations by merging...
---- Optimized 2 ADD/INSERT operations by merging...
---- Optimized 2 ADD/INSERT operations by merging...
---- Optimized 2 ADD/INSERT operations by merging...
---- Optimized 2 ADD/INSERT operations by merging...
---- Optimized 2 ADD/INSERT operations by merging...
---- Optimized 2 ADD/INSERT operations by merging...
---- Optimized 2 ADD/INSERT operations by merging...
---- Optimized 2 ADD/INSERT operations by merging...
---- Optimized 2 ADD/INSERT operations by merging...
---- Optimized 2 ADD/INSERT operations by merging...
---- Optimized 2 ADD/INSERT operations by merging...
---- Optimized 2 ADD/INSERT operations by merging...
---- Optimized 2 ADD/INSERT operations by merging...
---- Optimized 2 ADD/INSERT operations by merging...
---- Optimized 2 ADD/INSERT operations by merging...
---- Optimized 2 ADD/INSERT operations by merging...
---- Optimized 2 ADD/INSERT operations by merging...
---- Optimized 2 ADD/INSERT operations by merging...
---- Optimized 2 ADD/INSERT operations by merging...
---- Optimized 2 ADD/INSERT operations by merging...
---- Optimized 2 ADD/INSERT operations by merging...
---- Optimized 2 ADD/INSERT operations by merging...
---- Optimized 2 ADD/INSERT operations by merging...
---- Optimized 2 ADD/INSERT operations by merging...
---- Optimized 2 ADD/INSERT operations by merging...
---- Optimized 2 ADD/INSERT operations by merging...
---- Optimized 2 ADD/INSERT operations by merging...
---- Optimized 2 ADD/INSERT operations by merging...
---- Optimized 2 ADD/INSERT operations by merging...
---- Optimized 2 ADD/INSERT operations by merging...
---- Optimized 2 ADD/INSERT operations by merging...
---- Optimized 2 ADD/INSERT operations by merging...
---- Optimized 2 ADD/INSERT operations by merging...
---- Optimized 2 ADD/INSERT operations by merging...
---- Optimized 2 ADD/INSERT operations by merging...
---- Optimized 2 ADD/INSERT operations by merging...
---- Optimized 2 ADD/INSERT operations by merging...
---- Optimized 2 ADD/INSERT operations by merging...
---- Optimized 2 ADD/INSERT operations by merging...
---- Optimized 2 ADD/INSERT operations by merging...
---- Optimized 2 ADD/INSERT operations by merging...
---- Optimized 2 ADD/INSERT operations by merging...
---- Optimized 2 ADD/INSERT operations by merging...
---- Optimized 2 ADD/INSERT operations by merging...
---- Optimized 2 ADD/INSERT operations by merging...
---- Optimized 2 ADD/INSERT operations by merging...
---- Optimized 2 ADD/INSERT operations by merging...
---- Optimized 2 ADD/INSERT operations by merging...
---- Optimized 2 ADD/INSERT operations by merging...
---- Optimized 2 ADD/INSERT operations by merging...
---- Optimized 2 ADD/INSERT operations by merging...
---- Optimized 2 ADD/INSERT operations by merging...
---- Optimized 2 ADD/INSERT operations by merging...
---- Optimized 2 ADD/INSERT operations by merging...
---- Optimized 2 ADD/INSERT operations by merging...
---- Optimized 2 ADD/INSERT operations by merging...
---- Optimized 2 ADD/INSERT operations by merging...
---- Optimized 2 ADD/INSERT operations by merging...
---- Optimized 2 ADD/INSERT operations by merging...
---- Optimized 2 ADD/INSERT operations by merging...
---- Optimized 2 ADD/INSERT operations by merging...
---- Optimized 2 ADD/INSERT operations by merging...
---- Optimized 2 ADD/INSERT operations by merging...
---- Optimized 2 ADD/INSERT operations by merging...
---- Optimized 2 ADD/INSERT operations by merging...
---- Optimized 2 ADD/INSERT operations by merging...
---- Optimized 2 ADD/INSERT operations by merging...
---- Optimized 2 ADD/INSERT operations by merging...
---- Optimized 2 ADD/INSERT operations by merging...
---- Optimized 2 ADD/INSERT operations by merging...
---- Optimized 2 ADD/INSERT operations by merging...
---- Optimized 2 ADD/INSERT operations by merging...
---- Optimized 2 ADD/INSERT operations by merging...
---- Optimized 2 ADD/INSERT operations by merging...
---- Optimized 2 ADD/INSERT operations by merging...
---- Optimized 2 ADD/INSERT operations by merging...
---- Optimized 2 ADD/INSERT operations by merging...
---- Optimized 2 ADD/INSERT operations by merging...
---- Optimized 2 ADD/INSERT operations by merging...
---- Optimized 2 ADD/INSERT operations by merging...
---- Optimized 2 ADD/INSERT operations by merging...
---- Optimized 2 ADD/INSERT operations by merging...
---- Optimized 2 ADD/INSERT operations by merging...
---- Optimized 2 ADD/INSERT operations by merging...
---- Optimized 2 ADD/INSERT operations by merging...
---- Optimized 2 ADD/INSERT operations by merging...
---- Optimized 2 ADD/INSERT operations by merging...
---- Optimized 2 ADD/INSERT operations by merging...
---- Optimized 2 ADD/INSERT operations by merging...
---- Optimized 2 ADD/INSERT operations by merging...
---- Optimized 2 ADD/INSERT operations by merging...
---- Optimized 2 ADD/INSERT operations by merging...
---- Optimized 2 ADD/INSERT operations by merging...
---- Optimized 2 ADD/INSERT operations by merging...
---- Optimized 2 ADD/INSERT operations by merging...
---- Optimized 2 ADD/INSERT operations by merging...
---- Optimized 2 ADD/INSERT operations by merging...
---- Optimized 2 ADD/INSERT operations by merging...
---- Optimized 2 ADD/INSERT operations by merging...
---- Optimized 2 ADD/INSERT operations by merging...
---- Optimized 2 ADD/INSERT operations by merging...
---- Optimized 2 ADD/INSERT operations by merging...
---- Optimized 2 ADD/INSERT operations by merging...
---- Optimized 2 ADD/INSERT operations by merging...
---- Optimized 2 ADD/INSERT operations by merging...
---- Optimized 2 ADD/INSERT operations by merging...
---- Optimized 2 ADD/INSERT operations by merging...
---- Optimized 2 ADD/INSERT operations by merging...
---- Optimized 2 ADD/INSERT operations by merging...
---- Optimized 2 ADD/INSERT operations by merging...
---- Optimized 2 ADD/INSERT operations by merging...
---- Optimized 2 ADD/INSERT operations by merging...
---- Optimized 2 ADD/INSERT operations by merging...
---- Optimized 2 ADD/INSERT operations by merging...
---- Optimized 2 ADD/INSERT operations by merging...
---- Optimized 2 ADD/INSERT operations by merging...
---- Optimized 2 ADD/INSERT operations by merging...
---- Optimized 2 ADD/INSERT operations by merging...
---- Optimized 2 ADD/INSERT operations by merging...
---- Optimized 2 ADD/INSERT operations by merging...
---- Optimized 2 ADD/INSERT operations by merging...
---- Optimized 2 ADD/INSERT operations by merging...
---- Optimized 2 ADD/INSERT operations by merging...
---- Optimized 2 ADD/INSERT operations by merging...
---- Optimized 2 ADD/INSERT operations by merging...
---- Optimized 2 ADD/INSERT operations by merging...
---- Optimized 2 ADD/INSERT operations by merging...
---- Optimized 2 ADD/INSERT operations by merging...
---- Optimized 2 ADD/INSERT operations by merging...
---- Optimized 2 ADD/INSERT operations by merging...
---- Optimized 2 ADD/INSERT operations by merging...
---- Optimized 2 ADD/INSERT operations by merging...
---- Optimized 2 ADD/INSERT operations by merging...
---- Optimized 2 ADD/INSERT operations by merging...
---- Optimized 2 ADD/INSERT operations by merging...
---- Optimized 2 ADD/INSERT operations by merging...
---- Optimized 2 ADD/INSERT operations by merging...
---- Optimized 2 ADD/INSERT operations by merging...
---- Optimized 2 ADD/INSERT operations by merging...
---- Optimized 2 ADD/INSERT operations by merging...
---- Optimized 2 ADD/INSERT operations by merging...
---- Optimized 2 ADD/INSERT operations by merging...
---- Optimized 2 ADD/INSERT operations by merging...
---- Optimized 2 ADD/INSERT operations by merging...
---- Optimized 2 ADD/INSERT operations by merging...
---- Optimized 2 ADD/INSERT operations by merging...
---- Optimized 2 ADD/INSERT operations by merging...
---- Optimized 2 ADD/INSERT operations by merging...
---- Optimized 2 ADD/INSERT operations by merging...
---- Optimized 2 ADD/INSERT operations by merging...
---- Optimized 2 ADD/INSERT operations by merging...
---- Optimized 2 ADD/INSERT operations by merging...
---- Optimized 2 ADD/INSERT operations by merging...
---- Optimized 2 ADD/INSERT operations by merging...
---- Optimized 2 ADD/INSERT operations by merging...
---- Optimized 2 ADD/INSERT operations by merging...
---- Optimized 2 ADD/INSERT operations by merging...
---- Optimized 2 ADD/INSERT operations by merging...
---- Optimized 2 ADD/INSERT operations by merging...
---- Optimized 2 ADD/INSERT operations by merging...
---- Optimized 2 ADD/INSERT operations by merging...
---- Optimized 2 ADD/INSERT operations by merging...
---- Optimized 2 ADD/INSERT operations by merging...
---- Optimized 2 ADD/INSERT operations by merging...
---- Optimized 2 ADD/INSERT operations by merging...
---- Optimized 2 ADD/INSERT operations by merging...
---- Optimized 2 ADD/INSERT operations by merging...
---- Optimized 2 ADD/INSERT operations by merging...
---- Optimized 2 ADD/INSERT operations by merging...
---- Optimized 2 ADD/INSERT operations by merging...
---- Optimized 2 ADD/INSERT operations by merging...
---- Optimized 2 ADD/INSERT operations by merging...
---- Optimized 2 ADD/INSERT operations by merging...
---- Optimized 2 ADD/INSERT operations by merging...
---- Optimized 2 ADD/INSERT operations by merging...
---- Optimized 2 ADD/INSERT operations by merging...
---- Optimized 2 ADD/INSERT operations by merging...
---- Optimized 2 ADD/INSERT operations by merging...
---- Optimized 2 ADD/INSERT operations by merging...
---- Optimized 2 ADD/INSERT operations by merging...
---- Optimized 2 ADD/INSERT operations by merging...
---- Optimized 2 ADD/INSERT operations by merging...
---- Optimized 2 ADD/INSERT operations by merging...
---- Optimized 2 ADD/INSERT operations by merging...
---- Optimized 2 ADD/INSERT operations by merging...
---- Optimized 2 ADD/INSERT operations by merging...
---- Optimized 2 ADD/INSERT operations by merging...
---- Optimized 2 ADD/INSERT operations by merging...
---- Optimized 2 ADD/INSERT operations by merging...
---- Optimized 2 ADD/INSERT operations by merging...
---- Optimized 2 ADD/INSERT operations by merging...
---- Optimized 2 ADD/INSERT operations by merging...
---- Optimized 2 ADD/INSERT operations by merging...
---- Optimized 2 ADD/INSERT operations by merging...
---- Optimized 2 ADD/INSERT operations by merging...
---- Optimized 2 ADD/INSERT operations by merging...
---- Optimized 2 ADD/INSERT operations by merging...
---- Optimized 2 ADD/INSERT operations by merging...
---- Optimized 2 ADD/INSERT operations by merging...
---- Optimized 2 ADD/INSERT operations by merging...
---- Optimized 2 ADD/INSERT operations by merging...
---- Optimized 2 ADD/INSERT operations by merging...
---- Optimized 2 ADD/INSERT operations by merging...
---- Optimized 2 ADD/INSERT operations by merging...
---- Optimized 2 ADD/INSERT operations by merging...
---- Optimized 2 ADD/INSERT operations by merging...
---- Optimized 2 ADD/INSERT operations by merging...
---- Optimized 2 ADD/INSERT operations by merging...
---- Optimized 2 ADD/INSERT operations by merging...
---- Optimized 2 ADD/INSERT operations by merging...
---- Optimized 2 ADD/INSERT operations by merging...
---- Optimized 2 ADD/INSERT operations by merging...
---- Optimized 2 ADD/INSERT operations by merging...
---- Optimized 2 ADD/INSERT operations by merging...
---- Optimized 2 ADD/INSERT operations by merging...
---- Optimized 2 ADD/INSERT operations by merging...
---- Optimized 2 ADD/INSERT operations by merging...
---- Optimized 2 ADD/INSERT operations by merging...
---- Optimized 2 ADD/INSERT operations by merging...
---- Optimized 2 ADD/INSERT operations by merging...
---- Optimized 2 ADD/INSERT operations by merging...
---- Optimized 2 ADD/INSERT operations by merging...
---- Optimized 2 ADD/INSERT operations by merging...
---- Optimized 2 ADD/INSERT operations by merging...
---- Optimized 2 ADD/INSERT operations by merging...
---- Optimized 2 ADD/INSERT operations by merging...
---- Optimized 2 ADD/INSERT operations by merging...
---- Optimized 2 ADD/INSERT operations by merging...
---- Optimized 2 ADD/INSERT operations by merging...
---- Optimized 2 ADD/INSERT operations by merging...
---- Optimized 2 ADD/INSERT operations by merging...
---- Optimized 2 ADD/INSERT operations by merging...
---- Optimized 2 ADD/INSERT operations by merging...
---- Optimized 2 ADD/INSERT operations by merging...
---- Optimized 2 ADD/INSERT operations by merging...
---- Optimized 2 ADD/INSERT operations by merging...
---- Optimized 2 ADD/INSERT operations by merging...
---- Optimized 2 ADD/INSERT operations by merging...
---- Optimized 2 ADD/INSERT operations by merging...
---- Optimized 2 ADD/INSERT operations by merging...
---- Optimized 2 ADD/INSERT operations by merging...
---- Optimized 2 ADD/INSERT operations by merging...
---- Optimized 2 ADD/INSERT operations by merging...
---- Optimized 2 ADD/INSERT operations by merging...
---- Optimized 2 ADD/INSERT operations by merging...
---- Optimized 2 ADD/INSERT operations by merging...
---- Optimized 2 ADD/INSERT operations by merging...
---- Optimized 2 ADD/INSERT operations by merging...
---- Optimized 2 ADD/INSERT operations by merging...
---- Optimized 2 ADD/INSERT operations by merging...
---- Optimized 2 ADD/INSERT operations by merging...
---- Optimized 2 ADD/INSERT operations by merging...
---- Optimized 2 ADD/INSERT operations by merging...
---- Optimized 2 ADD/INSERT operations by merging...
---- Optimized 2 ADD/INSERT operations by merging...
---- Optimized 2 ADD/INSERT operations by merging...
---- Optimized 2 ADD/INSERT operations by merging...
---- Optimized 2 ADD/INSERT operations by merging...
---- Optimized 2 ADD/INSERT operations by merging...
---- Optimized 2 ADD/INSERT operations by merging...
---- Optimized 2 ADD/INSERT operations by merging...
---- Optimized 2 ADD/INSERT operations by merging...
---- Optimized 2 ADD/INSERT operations by merging...
---- Optimized 2 ADD/INSERT operations by merging...
---- Optimized 2 ADD/INSERT operations by merging...
---- Optimized 2 ADD/INSERT operations by merging...
---- Optimized 2 ADD/INSERT operations by merging...
---- Optimized 2 ADD/INSERT operations by merging...
---- Optimized 2 ADD/INSERT operations by merging...
---- Optimized 2 ADD/INSERT operations by merging...
---- Optimized 2 ADD/INSERT operations by merging...
---- Optimized 2 ADD/INSERT operations by merging...
---- Optimized 2 ADD/INSERT operations by merging...
---- Optimized 2 ADD/INSERT operations by merging...
---- Optimized 2 ADD/INSERT operations by merging...
---- Optimized 2 ADD/INSERT operations by merging...
---- Optimized 2 ADD/INSERT operations by merging...
---- Optimized 2 ADD/INSERT operations by merging...
---- Optimized 2 ADD/INSERT operations by merging...
---- Optimized 2 ADD/INSERT operations by merging...
---- Optimized 2 ADD/INSERT operations by merging...
---- Optimized 2 ADD/INSERT operations by merging...
---- Optimized 2 ADD/INSERT operations by merging...
---- Optimized 2 ADD/INSERT operations by merging...
---- Optimized 2 ADD/INSERT operations by merging...
---- Optimized 2 ADD/INSERT operations by merging...
---- Optimized 2 ADD/INSERT operations by merging...
---- Optimized 2 ADD/INSERT operations by merging...
---- Optimized 2 ADD/INSERT operations by merging...
---- Optimized 2 ADD/INSERT operations by merging...
---- Optimized 2 ADD/INSERT operations by merging...
---- Optimized 2 ADD/INSERT operations by merging...
---- Optimized 2 ADD/INSERT operations by merging...
---- Optimized 2 ADD/INSERT operations by merging...
---- Optimized 2 ADD/INSERT operations by merging...
---- Optimized 2 ADD/INSERT operations by merging...
---- Optimized 2 ADD/INSERT operations by merging...
---- Optimized 2 ADD/INSERT operations by merging...
---- Optimized 2 ADD/INSERT operations by merging...
---- Optimized 2 ADD/INSERT operations by merging...
---- Optimized 2 ADD/INSERT operations by merging...
---- Optimized 2 ADD/INSERT operations by merging...
---- Optimized 2 ADD/INSERT operations by merging...
---- Optimized 2 ADD/INSERT operations by merging...
---- Optimized 2 ADD/INSERT operations by merging...
---- Optimized 2 ADD/INSERT operations by merging...
---- Optimized 2 ADD/INSERT operations by merging...
---- Optimized 2 ADD/INSERT operations by merging...
---- Optimized 2 ADD/INSERT operations by merging...
---- Optimized 2 ADD/INSERT operations by merging...
---- Optimized 2 ADD/INSERT operations by merging...
---- Optimized 2 ADD/INSERT operations by merging...
---- Optimized 2 ADD/INSERT operations by merging...
---- Optimized 2 ADD/INSERT operations by merging...
---- Optimized 2 ADD/INSERT operations by merging...
---- Optimized 2 ADD/INSERT operations by merging...
---- Optimized 2 ADD/INSERT operations by merging...
---- Optimized 2 ADD/INSERT operations by merging...
---- Optimized 2 ADD/INSERT operations by merging...
---- Optimized 2 ADD/INSERT operations by merging...
---- Optimized 2 ADD/INSERT operations by merging...
---- Optimized 2 ADD/INSERT operations by merging...
---- Optimized 2 ADD/INSERT operations by merging...
---- Optimized 2 ADD/INSERT operations by merging...
---- Optimized 2 ADD/INSERT operations by merging...
---- Optimized 2 ADD/INSERT operations by merging...
---- Optimized 2 ADD/INSERT operations by merging...
---- Optimized 2 ADD/INSERT operations by merging...
---- Optimized 2 ADD/INSERT operations by merging...
---- Optimized 2 ADD/INSERT operations by merging...
---- Optimized 2 ADD/INSERT operations by merging...
---- Optimized 2 ADD/INSERT operations by merging...
---- Optimized 2 ADD/INSERT operations by merging...
---- Optimized 2 ADD/INSERT operations by merging...
---- Optimized 2 ADD/INSERT operations by merging...
---- Optimized 2 ADD/INSERT operations by merging...
---- Optimized 2 ADD/INSERT operations by merging...
---- Optimized 2 ADD/INSERT operations by merging...
---- Optimized 2 ADD/INSERT operations by merging...
---- Optimized 2 ADD/INSERT operations by merging...
---- Optimized 2 ADD/INSERT operations by merging...
---- Optimized 2 ADD/INSERT operations by merging...
---- Optimized 2 ADD/INSERT operations by merging...
---- Optimized 2 ADD/INSERT operations by merging...
---- Optimized 2 ADD/INSERT operations by merging...
---- Optimized 2 ADD/INSERT operations by merging...
---- Optimized 2 ADD/INSERT operations by merging...
---- Optimized 2 ADD/INSERT operations by merging...
---- Optimized 2 ADD/INSERT operations by merging...
---- Optimized 2 ADD/INSERT operations by merging...
---- Optimized 2 ADD/INSERT operations by merging...
---- Optimized 2 ADD/INSERT operations by merging...
---- Optimized 2 ADD/INSERT operations by merging...
---- Optimized 2 ADD/INSERT operations by merging...
---- Optimized 2 ADD/INSERT operations by merging...
---- Optimized 2 ADD/INSERT operations by merging...
---- Optimized 2 ADD/INSERT operations by merging...
---- Optimized 2 ADD/INSERT operations by merging...
---- Optimized 2 ADD/INSERT operations by merging...
---- Optimized 2 ADD/INSERT operations by merging...
---- Optimized 2 ADD/INSERT operations by merging...
---- Optimized 2 ADD/INSERT operations by merging...
-- Done...
------------------------------------------

-- Generating file 'data_basis\samd21-xpro\deltagen_rev_02_rev_00\deltagen_rev_02_rev_00'...
--- Data succesfully generated
--- Generating checksum CRC-16
--- Generated CRC-16
--- Finalizing delta file
--- Writing file 'data_basis\samd21-xpro\deltagen_rev_02_rev_00\deltagen_rev_02_rev_00'

-- OPERATION SUCCESFULL ...
Elapsed time: 00:00:00.4416045
------------------------------------------

