
There are 75 non-matching segments with total length of 1032
-- Found 75 segments that have changed...
-- Searching for matching segments...
-- Done searching...
------------------------------------------

-- Generating operations...
--- Found segment that must be added. Length: 12 , address: 0x4

--- OPTIMIZING...

--- Found word that must be inserted. Length: 4 , address: 0x2C

--- OPTIMIZING...

--- Found segment that must be added. Length: 120 , address: 0x38

--- OPTIMIZING...

--- Found word that must be inserted. Length: 4 , address: 0xCC

--- OPTIMIZING...

--- Found word that must be inserted. Length: 4 , address: 0xFC

--- OPTIMIZING...

--- Found word that must be inserted. Length: 4 , address: 0x118

--- OPTIMIZING...

--- Found segment that must be added. Length: 12 , address: 0x154

--- OPTIMIZING...

--- Found segment that must be added. Length: 20 , address: 0x1BC
--- Found segment that will be moved from address: 0x1D0 to address: 0x1D0 of length 8
--- Found segment that must be added. Length: 4 , address: 0x1D8
--- Found a word to insert to address: 0x1DC
--- Found segment that must be added. Length: 8 , address: 0x1E0

--- OPTIMIZING...

---- Optimized COPY and ADD operations to preceding ADD...
---- Optimized 2 ADD/INSERT operations by merging...
---- Optimized 2 ADD/INSERT operations by merging...
--- Found word that must be inserted. Length: 4 , address: 0x234

--- OPTIMIZING...

--- Found segment that must be added. Length: 8 , address: 0x260

--- OPTIMIZING...

--- Found word that must be inserted. Length: 4 , address: 0x294

--- OPTIMIZING...

--- Found word that must be inserted. Length: 4 , address: 0x2FC

--- OPTIMIZING...

--- Found segment that must be added. Length: 16 , address: 0x39C

--- OPTIMIZING...

--- Found word that must be inserted. Length: 4 , address: 0x424

--- OPTIMIZING...

--- Found word that must be inserted. Length: 4 , address: 0x57C

--- OPTIMIZING...

--- Found segment that must be added. Length: 8 , address: 0x690

--- OPTIMIZING...

--- Found word that must be inserted. Length: 4 , address: 0x704

--- OPTIMIZING...

--- Found word that must be inserted. Length: 4 , address: 0x72C

--- OPTIMIZING...

--- Found word that must be inserted. Length: 4 , address: 0x7D8

--- OPTIMIZING...

--- Found word that must be inserted. Length: 4 , address: 0x8FC

--- OPTIMIZING...

--- Found word that must be inserted. Length: 4 , address: 0x90C

--- OPTIMIZING...

--- Found word that must be inserted. Length: 4 , address: 0x964

--- OPTIMIZING...

--- Found segment that must be added. Length: 16 , address: 0xA88
--- Found a word to insert to address: 0xA98
--- Found segment that must be added. Length: 12 , address: 0xA9C
--- Found a word to insert to address: 0xAA8
--- Found segment that must be added. Length: 24 , address: 0xAAC

--- OPTIMIZING...

---- Optimized 2 ADD/INSERT operations by merging...
---- Optimized 2 ADD/INSERT operations by merging...
---- Optimized 2 ADD/INSERT operations by merging...
---- Optimized 2 ADD/INSERT operations by merging...
--- Found word that must be inserted. Length: 4 , address: 0xAD8

--- OPTIMIZING...

--- Found word that must be inserted. Length: 4 , address: 0x12B0

--- OPTIMIZING...

--- Found word that must be inserted. Length: 4 , address: 0x12DC

--- OPTIMIZING...

--- Found segment that must be added. Length: 16 , address: 0x13C4
--- Found a word to insert to address: 0x13D4
--- Found segment that must be added. Length: 12 , address: 0x13D8
--- Found a word to insert to address: 0x13E4
--- Found segment that must be added. Length: 12 , address: 0x13E8

--- OPTIMIZING...

---- Optimized 2 ADD/INSERT operations by merging...
---- Optimized 2 ADD/INSERT operations by merging...
---- Optimized 2 ADD/INSERT operations by merging...
---- Optimized 2 ADD/INSERT operations by merging...
--- Found word that must be inserted. Length: 4 , address: 0x14E8

--- OPTIMIZING...

--- Found word that must be inserted. Length: 4 , address: 0x15E4

--- OPTIMIZING...

--- Found word that must be inserted. Length: 4 , address: 0x1640

--- OPTIMIZING...

--- Found word that must be inserted. Length: 4 , address: 0x1838

--- OPTIMIZING...

--- Found word that must be inserted. Length: 4 , address: 0x18A0

--- OPTIMIZING...

--- Found word that must be inserted. Length: 4 , address: 0x190C

--- OPTIMIZING...

--- Found word that must be inserted. Length: 4 , address: 0x19A4

--- OPTIMIZING...

--- Found word that must be inserted. Length: 4 , address: 0x19AC

--- OPTIMIZING...

--- Found word that must be inserted. Length: 4 , address: 0x1A58

--- OPTIMIZING...

--- Found word that must be inserted. Length: 4 , address: 0x1A90

--- OPTIMIZING...

--- Found segment that must be added. Length: 8 , address: 0x1AFC

--- OPTIMIZING...

--- Found word that must be inserted. Length: 4 , address: 0x1B48

--- OPTIMIZING...

--- Found word that must be inserted. Length: 4 , address: 0x1BA0

--- OPTIMIZING...

--- Found word that must be inserted. Length: 4 , address: 0x1C04

--- OPTIMIZING...

--- Found word that must be inserted. Length: 4 , address: 0x1D68

--- OPTIMIZING...

--- Found word that must be inserted. Length: 4 , address: 0x1DB0

--- OPTIMIZING...

--- Found segment that must be added. Length: 24 , address: 0x1E04

--- OPTIMIZING...

--- Found word that must be inserted. Length: 4 , address: 0x1E38

--- OPTIMIZING...

--- Found segment that must be added. Length: 24 , address: 0x1F80
--- Found a word to insert to address: 0x1F98
--- Found segment that must be added. Length: 36 , address: 0x1F9C

--- OPTIMIZING...

---- Optimized 2 ADD/INSERT operations by merging...
---- Optimized 2 ADD/INSERT operations by merging...
--- Found segment that must be added. Length: 8 , address: 0x1FF8

--- OPTIMIZING...

--- Found word that must be inserted. Length: 4 , address: 0x2014

--- OPTIMIZING...

--- Found word that must be inserted. Length: 4 , address: 0x2030

--- OPTIMIZING...

--- Found word that must be inserted. Length: 4 , address: 0x206C

--- OPTIMIZING...

--- Found segment that must be added. Length: 16 , address: 0x22F8
--- Found a word to insert to address: 0x2308
--- Found segment that must be added. Length: 24 , address: 0x230C

--- OPTIMIZING...

---- Optimized 2 ADD/INSERT operations by merging...
---- Optimized 2 ADD/INSERT operations by merging...
--- Found word that must be inserted. Length: 4 , address: 0x233C

--- OPTIMIZING...

--- Found word that must be inserted. Length: 4 , address: 0x23B4

--- OPTIMIZING...

--- Found segment that must be added. Length: 8 , address: 0x23BC

--- OPTIMIZING...

--- Found segment that must be added. Length: 12 , address: 0x27D0

--- OPTIMIZING...

--- Found segment that must be added. Length: 8 , address: 0x27FC

--- OPTIMIZING...

--- Found segment that must be added. Length: 16 , address: 0x2840
--- Found segment that will be moved from address: 0x2850 to address: 0x2850 of length 12
--- Found segment that must be added. Length: 4 , address: 0x285C

--- OPTIMIZING...

---- Optimized COPY and ADD operations to preceding ADD...
--- Found segment that must be added. Length: 8 , address: 0x2934

--- OPTIMIZING...

--- Found word that must be inserted. Length: 4 , address: 0x29C4

--- OPTIMIZING...

--- Found segment that must be added. Length: 12 , address: 0x2AE0

--- OPTIMIZING...

--- Found segment that must be added. Length: 16 , address: 0x2B24

--- OPTIMIZING...

--- Found segment that must be added. Length: 12 , address: 0x2D90

--- OPTIMIZING...

--- Found segment that must be added. Length: 12 , address: 0x2E74

--- OPTIMIZING...

--- Found segment that must be added. Length: 12 , address: 0x2EE8

--- OPTIMIZING...

--- Found word that must be inserted. Length: 4 , address: 0x30C4

--- OPTIMIZING...

--- Found segment that must be added. Length: 12 , address: 0x3184

--- OPTIMIZING...

--- Found segment that must be added. Length: 12 , address: 0x3274

--- OPTIMIZING...

--- Found word that must be inserted. Length: 4 , address: 0x3354

--- OPTIMIZING...

--- Found segment that must be added. Length: 24 , address: 0x361C
--- Found a word to insert to address: 0x3634
--- Found segment that must be added. Length: 4 , address: 0x3638

--- OPTIMIZING...

---- Optimized 2 ADD/INSERT operations by merging...
---- Optimized 2 ADD/INSERT operations by merging...
--- Found segment that must be added. Length: 20 , address: 0x3760

--- OPTIMIZING...

--- Found segment that must be added. Length: 8 , address: 0x3A84

--- OPTIMIZING...

--- Found segment that must be added. Length: 36 , address: 0x3C00

--- OPTIMIZING...

--- Found segment that must be added. Length: 52 , address: 0x3D2C

--- OPTIMIZING...

--- Found segment that must be added. Length: 72 , address: 0x4548

--- OPTIMIZING...

--- Found segment that must be added. Length: 12 , address: 0x4828

--- OPTIMIZING...

-- Done...
------------------------------------------

-- Generating file 'data_basis\riotboot\samd21-xpro\deltagen_rev_02_rev_02\deltagen_rev_02_slot0_rev_02_slot1'...
--- Data succesfully generated
--- Generating checksum CRC-16
--- Generated CRC-16
--- Finalizing delta file
--- Writing file 'data_basis\riotboot\samd21-xpro\deltagen_rev_02_rev_02\deltagen_rev_02_slot0_rev_02_slot1'

-- OPERATION SUCCESFULL ...
Elapsed time: 00:00:00.1470317
------------------------------------------

