
There are 211 non-matching segments with total length of 3068
-- Found 211 segments that have changed...
-- Searching for matching segments...
-- Done searching...
------------------------------------------

-- Generating operations...
--- Found segment that must be added. Length: 12 , address: 0x4

--- OPTIMIZING...

--- Found word that must be inserted. Length: 4 , address: 0x2C

--- OPTIMIZING...

--- Found segment that must be added. Length: 108 , address: 0x38

--- OPTIMIZING...

--- Found word that must be inserted. Length: 4 , address: 0xF4

--- OPTIMIZING...

--- Found word that must be inserted. Length: 4 , address: 0x140

--- OPTIMIZING...

--- Found word that must be inserted. Length: 4 , address: 0x1E4

--- OPTIMIZING...

--- Found segment that must be added. Length: 8 , address: 0x1EC

--- OPTIMIZING...

--- Found word that must be inserted. Length: 4 , address: 0x2A8

--- OPTIMIZING...

--- Found word that must be inserted. Length: 4 , address: 0x338

--- OPTIMIZING...

--- Found segment that must be added. Length: 8 , address: 0x340

--- OPTIMIZING...

--- Found word that must be inserted. Length: 4 , address: 0x390

--- OPTIMIZING...

--- Found word that must be inserted. Length: 4 , address: 0x398

--- OPTIMIZING...

--- Found segment that must be added. Length: 12 , address: 0x3D8

--- OPTIMIZING...

--- Found segment that must be added. Length: 20 , address: 0x4F4
--- Found segment that will be moved from address: 0x508 to address: 0x508 of length 8
--- Found segment that must be added. Length: 12 , address: 0x510
--- Found segment that will be moved from address: 0x51C to address: 0x51C of length 12
--- Found segment that must be added. Length: 8 , address: 0x528
--- Found segment that will be moved from address: 0x530 to address: 0x530 of length 8
--- Found segment that must be added. Length: 4 , address: 0x538

--- OPTIMIZING...

---- Optimized COPY and ADD operations to preceding ADD...
---- Optimized COPY and ADD operations to preceding ADD...
---- Optimized COPY and ADD operations to preceding ADD...
--- Found segment that must be added. Length: 12 , address: 0x550
--- Found a word to insert to address: 0x55C
--- Found segment that must be added. Length: 12 , address: 0x560

--- OPTIMIZING...

---- Optimized 2 ADD/INSERT operations by merging...
---- Optimized 2 ADD/INSERT operations by merging...
--- Found word that must be inserted. Length: 4 , address: 0x610

--- OPTIMIZING...

--- Found segment that must be added. Length: 8 , address: 0x63C

--- OPTIMIZING...

--- Found word that must be inserted. Length: 4 , address: 0x730

--- OPTIMIZING...

--- Found word that must be inserted. Length: 4 , address: 0x934

--- OPTIMIZING...

--- Found word that must be inserted. Length: 4 , address: 0x98C

--- OPTIMIZING...

--- Found word that must be inserted. Length: 4 , address: 0x9CC

--- OPTIMIZING...

--- Found word that must be inserted. Length: 4 , address: 0xA34

--- OPTIMIZING...

--- Found segment that must be added. Length: 16 , address: 0xAD4

--- OPTIMIZING...

--- Found word that must be inserted. Length: 4 , address: 0xB6C

--- OPTIMIZING...

--- Found word that must be inserted. Length: 4 , address: 0xBE8

--- OPTIMIZING...

--- Found word that must be inserted. Length: 4 , address: 0xDBC

--- OPTIMIZING...

--- Found segment that must be added. Length: 8 , address: 0xED0

--- OPTIMIZING...

--- Found word that must be inserted. Length: 4 , address: 0xF44

--- OPTIMIZING...

--- Found word that must be inserted. Length: 4 , address: 0xF6C

--- OPTIMIZING...

--- Found word that must be inserted. Length: 4 , address: 0x1018

--- OPTIMIZING...

--- Found word that must be inserted. Length: 4 , address: 0x113C

--- OPTIMIZING...

--- Found word that must be inserted. Length: 4 , address: 0x114C

--- OPTIMIZING...

--- Found word that must be inserted. Length: 4 , address: 0x11A4

--- OPTIMIZING...

--- Found segment that must be added. Length: 16 , address: 0x12C8
--- Found a word to insert to address: 0x12D8
--- Found segment that must be added. Length: 12 , address: 0x12DC
--- Found a word to insert to address: 0x12E8
--- Found segment that must be added. Length: 24 , address: 0x12EC

--- OPTIMIZING...

---- Optimized 2 ADD/INSERT operations by merging...
---- Optimized 2 ADD/INSERT operations by merging...
---- Optimized 2 ADD/INSERT operations by merging...
---- Optimized 2 ADD/INSERT operations by merging...
--- Found word that must be inserted. Length: 4 , address: 0x1318

--- OPTIMIZING...

--- Found word that must be inserted. Length: 4 , address: 0x1500

--- OPTIMIZING...

--- Found word that must be inserted. Length: 4 , address: 0x1620

--- OPTIMIZING...

--- Found word that must be inserted. Length: 4 , address: 0x1660

--- OPTIMIZING...

--- Found segment that must be added. Length: 8 , address: 0x17EC

--- OPTIMIZING...

--- Found word that must be inserted. Length: 4 , address: 0x187C

--- OPTIMIZING...

--- Found word that must be inserted. Length: 4 , address: 0x199C

--- OPTIMIZING...

--- Found word that must be inserted. Length: 4 , address: 0x1BA0

--- OPTIMIZING...

--- Found word that must be inserted. Length: 4 , address: 0x1C20

--- OPTIMIZING...

--- Found word that must be inserted. Length: 4 , address: 0x1CCC

--- OPTIMIZING...

--- Found segment that must be added. Length: 8 , address: 0x1DF0

--- OPTIMIZING...

--- Found segment that must be added. Length: 12 , address: 0x213C

--- OPTIMIZING...

--- Found segment that must be added. Length: 8 , address: 0x2264

--- OPTIMIZING...

--- Found word that must be inserted. Length: 4 , address: 0x23BC

--- OPTIMIZING...

--- Found word that must be inserted. Length: 4 , address: 0x24B8

--- OPTIMIZING...

--- Found word that must be inserted. Length: 4 , address: 0x25E0

--- OPTIMIZING...

--- Found word that must be inserted. Length: 4 , address: 0x2854

--- OPTIMIZING...

--- Found word that must be inserted. Length: 4 , address: 0x289C

--- OPTIMIZING...

--- Found word that must be inserted. Length: 4 , address: 0x2A44

--- OPTIMIZING...

--- Found segment that must be added. Length: 24 , address: 0x2AB8

--- OPTIMIZING...

--- Found word that must be inserted. Length: 4 , address: 0x2B0C

--- OPTIMIZING...

--- Found word that must be inserted. Length: 4 , address: 0x2B80

--- OPTIMIZING...

--- Found word that must be inserted. Length: 4 , address: 0x2B94

--- OPTIMIZING...

--- Found word that must be inserted. Length: 4 , address: 0x2CAC

--- OPTIMIZING...

--- Found word that must be inserted. Length: 4 , address: 0x2EAC

--- OPTIMIZING...

--- Found word that must be inserted. Length: 4 , address: 0x2EF4

--- OPTIMIZING...

--- Found word that must be inserted. Length: 4 , address: 0x300C

--- OPTIMIZING...

--- Found word that must be inserted. Length: 4 , address: 0x30D4

--- OPTIMIZING...

--- Found segment that must be added. Length: 8 , address: 0x31E0

--- OPTIMIZING...

--- Found word that must be inserted. Length: 4 , address: 0x32D8

--- OPTIMIZING...

--- Found word that must be inserted. Length: 4 , address: 0x336C

--- OPTIMIZING...

--- Found word that must be inserted. Length: 4 , address: 0x3470

--- OPTIMIZING...

--- Found word that must be inserted. Length: 4 , address: 0x3520

--- OPTIMIZING...

--- Found segment that must be added. Length: 28 , address: 0x3660

--- OPTIMIZING...

--- Found word that must be inserted. Length: 4 , address: 0x36F4

--- OPTIMIZING...

--- Found word that must be inserted. Length: 4 , address: 0x370C

--- OPTIMIZING...

--- Found word that must be inserted. Length: 4 , address: 0x3DEC

--- OPTIMIZING...

--- Found word that must be inserted. Length: 4 , address: 0x4150

--- OPTIMIZING...

--- Found word that must be inserted. Length: 4 , address: 0x41AC

--- OPTIMIZING...

--- Found segment that must be added. Length: 12 , address: 0x4444

--- OPTIMIZING...

--- Found word that must be inserted. Length: 4 , address: 0x44AC

--- OPTIMIZING...

--- Found segment that must be added. Length: 20 , address: 0x45E8

--- OPTIMIZING...

--- Found word that must be inserted. Length: 4 , address: 0x47B4

--- OPTIMIZING...

--- Found word that must be inserted. Length: 4 , address: 0x486C

--- OPTIMIZING...

--- Found word that must be inserted. Length: 4 , address: 0x49AC

--- OPTIMIZING...

--- Found word that must be inserted. Length: 4 , address: 0x4A74

--- OPTIMIZING...

--- Found word that must be inserted. Length: 4 , address: 0x4B08

--- OPTIMIZING...

--- Found word that must be inserted. Length: 4 , address: 0x4B28

--- OPTIMIZING...

--- Found segment that must be added. Length: 8 , address: 0x4BE8

--- OPTIMIZING...

--- Found segment that must be added. Length: 12 , address: 0x4CEC

--- OPTIMIZING...

--- Found segment that must be added. Length: 8 , address: 0x4D98

--- OPTIMIZING...

--- Found word that must be inserted. Length: 4 , address: 0x4DE8

--- OPTIMIZING...

--- Found word that must be inserted. Length: 4 , address: 0x4EA8

--- OPTIMIZING...

--- Found word that must be inserted. Length: 4 , address: 0x4ED8

--- OPTIMIZING...

--- Found word that must be inserted. Length: 4 , address: 0x4F6C

--- OPTIMIZING...

--- Found word that must be inserted. Length: 4 , address: 0x5054

--- OPTIMIZING...

--- Found word that must be inserted. Length: 4 , address: 0x5088

--- OPTIMIZING...

--- Found word that must be inserted. Length: 4 , address: 0x528C

--- OPTIMIZING...

--- Found segment that must be added. Length: 8 , address: 0x54D4

--- OPTIMIZING...

--- Found word that must be inserted. Length: 4 , address: 0x55B4

--- OPTIMIZING...

--- Found word that must be inserted. Length: 4 , address: 0x5688

--- OPTIMIZING...

--- Found segment that must be added. Length: 8 , address: 0x57B8

--- OPTIMIZING...

--- Found word that must be inserted. Length: 4 , address: 0x58B4

--- OPTIMIZING...

--- Found word that must be inserted. Length: 4 , address: 0x5A94

--- OPTIMIZING...

--- Found word that must be inserted. Length: 4 , address: 0x5D00

--- OPTIMIZING...

--- Found word that must be inserted. Length: 4 , address: 0x5F14

--- OPTIMIZING...

--- Found segment that must be added. Length: 8 , address: 0x5F90

--- OPTIMIZING...

--- Found segment that must be added. Length: 8 , address: 0x6314

--- OPTIMIZING...

--- Found word that must be inserted. Length: 4 , address: 0x6480

--- OPTIMIZING...

--- Found word that must be inserted. Length: 4 , address: 0x65F8

--- OPTIMIZING...

--- Found segment that must be added. Length: 8 , address: 0x6674

--- OPTIMIZING...

--- Found segment that must be added. Length: 8 , address: 0x6698

--- OPTIMIZING...

--- Found word that must be inserted. Length: 4 , address: 0x66F0

--- OPTIMIZING...

--- Found word that must be inserted. Length: 4 , address: 0x6794

--- OPTIMIZING...

--- Found word that must be inserted. Length: 4 , address: 0x6860

--- OPTIMIZING...

--- Found word that must be inserted. Length: 4 , address: 0x688C

--- OPTIMIZING...

--- Found word that must be inserted. Length: 4 , address: 0x6904

--- OPTIMIZING...

--- Found word that must be inserted. Length: 4 , address: 0x694C

--- OPTIMIZING...

--- Found word that must be inserted. Length: 4 , address: 0x6998

--- OPTIMIZING...

--- Found word that must be inserted. Length: 4 , address: 0x6A40

--- OPTIMIZING...

--- Found word that must be inserted. Length: 4 , address: 0x6B38

--- OPTIMIZING...

--- Found word that must be inserted. Length: 4 , address: 0x6D0C

--- OPTIMIZING...

--- Found word that must be inserted. Length: 4 , address: 0x6D74

--- OPTIMIZING...

--- Found word that must be inserted. Length: 4 , address: 0x7098

--- OPTIMIZING...

--- Found word that must be inserted. Length: 4 , address: 0x70C4

--- OPTIMIZING...

--- Found segment that must be added. Length: 16 , address: 0x71AC
--- Found a word to insert to address: 0x71BC
--- Found segment that must be added. Length: 12 , address: 0x71C0
--- Found a word to insert to address: 0x71CC
--- Found segment that must be added. Length: 12 , address: 0x71D0

--- OPTIMIZING...

---- Optimized 2 ADD/INSERT operations by merging...
---- Optimized 2 ADD/INSERT operations by merging...
---- Optimized 2 ADD/INSERT operations by merging...
---- Optimized 2 ADD/INSERT operations by merging...
--- Found word that must be inserted. Length: 4 , address: 0x723C

--- OPTIMIZING...

--- Found word that must be inserted. Length: 4 , address: 0x7320

--- OPTIMIZING...

--- Found word that must be inserted. Length: 4 , address: 0x7420

--- OPTIMIZING...

--- Found word that must be inserted. Length: 4 , address: 0x747C

--- OPTIMIZING...

--- Found word that must be inserted. Length: 4 , address: 0x76A4

--- OPTIMIZING...

--- Found word that must be inserted. Length: 4 , address: 0x770C

--- OPTIMIZING...

--- Found word that must be inserted. Length: 4 , address: 0x7778

--- OPTIMIZING...

--- Found word that must be inserted. Length: 4 , address: 0x7810

--- OPTIMIZING...

--- Found word that must be inserted. Length: 4 , address: 0x7818

--- OPTIMIZING...

--- Found word that must be inserted. Length: 4 , address: 0x78C4

--- OPTIMIZING...

--- Found word that must be inserted. Length: 4 , address: 0x78FC

--- OPTIMIZING...

--- Found segment that must be added. Length: 8 , address: 0x796C

--- OPTIMIZING...

--- Found word that must be inserted. Length: 4 , address: 0x7988

--- OPTIMIZING...

--- Found word that must be inserted. Length: 4 , address: 0x79BC

--- OPTIMIZING...

--- Found word that must be inserted. Length: 4 , address: 0x7A30

--- OPTIMIZING...

--- Found word that must be inserted. Length: 4 , address: 0x7A84

--- OPTIMIZING...

--- Found word that must be inserted. Length: 4 , address: 0x7AAC

--- OPTIMIZING...

--- Found word that must be inserted. Length: 4 , address: 0x7AC8

--- OPTIMIZING...

--- Found word that must be inserted. Length: 4 , address: 0x7AE0

--- OPTIMIZING...

--- Found segment that must be added. Length: 8 , address: 0x7BC8

--- OPTIMIZING...

--- Found word that must be inserted. Length: 4 , address: 0x7C68

--- OPTIMIZING...

--- Found word that must be inserted. Length: 4 , address: 0x7CC0

--- OPTIMIZING...

--- Found word that must be inserted. Length: 4 , address: 0x7D24

--- OPTIMIZING...

--- Found word that must be inserted. Length: 4 , address: 0x7E9C

--- OPTIMIZING...

--- Found word that must be inserted. Length: 4 , address: 0x7EE4

--- OPTIMIZING...

--- Found word that must be inserted. Length: 4 , address: 0x8038

--- OPTIMIZING...

--- Found word that must be inserted. Length: 4 , address: 0x804C

--- OPTIMIZING...

--- Found segment that must be added. Length: 28 , address: 0x8348
--- Found segment that will be moved from address: 0x8364 to address: 0x8364 of length 12
--- Found segment that must be added. Length: 20 , address: 0x8370

--- OPTIMIZING...

---- Optimized COPY and ADD operations to preceding ADD...
--- Found segment that must be added. Length: 8 , address: 0x8558
--- Found a word to insert to address: 0x8560
--- Found segment that must be added. Length: 20 , address: 0x8564

--- OPTIMIZING...

---- Optimized 2 ADD/INSERT operations by merging...
---- Optimized 2 ADD/INSERT operations by merging...
--- Found segment that must be added. Length: 16 , address: 0x85AC

--- OPTIMIZING...

--- Found segment that must be added. Length: 16 , address: 0x85E8

--- OPTIMIZING...

--- Found segment that must be added. Length: 16 , address: 0x8624

--- OPTIMIZING...

--- Found segment that must be added. Length: 36 , address: 0x8928
--- Found a word to insert to address: 0x894C
--- Found segment that must be added. Length: 4 , address: 0x8950

--- OPTIMIZING...

---- Optimized 2 ADD/INSERT operations by merging...
---- Optimized 2 ADD/INSERT operations by merging...
--- Found segment that must be added. Length: 12 , address: 0x8A1C

--- OPTIMIZING...

--- Found segment that must be added. Length: 8 , address: 0x8A3C

--- OPTIMIZING...

--- Found segment that must be added. Length: 60 , address: 0x8ACC

--- OPTIMIZING...

--- Found segment that must be added. Length: 20 , address: 0x8B3C

--- OPTIMIZING...

--- Found word that must be inserted. Length: 4 , address: 0x8B64

--- OPTIMIZING...

--- Found word that must be inserted. Length: 4 , address: 0x8B94

--- OPTIMIZING...

--- Found segment that must be added. Length: 12 , address: 0x8BD0

--- OPTIMIZING...

--- Found segment that must be added. Length: 24 , address: 0x8C44

--- OPTIMIZING...

--- Found segment that must be added. Length: 32 , address: 0x8D08

--- OPTIMIZING...

--- Found segment that must be added. Length: 8 , address: 0x8D94

--- OPTIMIZING...

--- Found segment that must be added. Length: 20 , address: 0x8E00

--- OPTIMIZING...

--- Found segment that must be added. Length: 20 , address: 0x8E84

--- OPTIMIZING...

--- Found segment that must be added. Length: 76 , address: 0x90DC

--- OPTIMIZING...

--- Found segment that must be added. Length: 112 , address: 0x944C
--- Found a word to insert to address: 0x94BC
--- Found segment that must be added. Length: 36 , address: 0x94C0

--- OPTIMIZING...

---- Optimized 2 ADD/INSERT operations by merging...
---- Optimized 2 ADD/INSERT operations by merging...
--- Found segment that must be added. Length: 172 , address: 0x983C

--- OPTIMIZING...

--- Found segment that must be added. Length: 172 , address: 0x9BD0

--- OPTIMIZING...

--- Found segment that must be added. Length: 52 , address: 0x9D8C

--- OPTIMIZING...

--- Found segment that must be added. Length: 24 , address: 0x9DE8

--- OPTIMIZING...

--- Found word that must be inserted. Length: 4 , address: 0x9E1C

--- OPTIMIZING...

--- Found segment that must be added. Length: 24 , address: 0x9F64
--- Found a word to insert to address: 0x9F7C
--- Found segment that must be added. Length: 36 , address: 0x9F80

--- OPTIMIZING...

---- Optimized 2 ADD/INSERT operations by merging...
---- Optimized 2 ADD/INSERT operations by merging...
--- Found segment that must be added. Length: 8 , address: 0x9FDC

--- OPTIMIZING...

--- Found word that must be inserted. Length: 4 , address: 0x9FF8

--- OPTIMIZING...

--- Found word that must be inserted. Length: 4 , address: 0xA014

--- OPTIMIZING...

--- Found word that must be inserted. Length: 4 , address: 0xA050

--- OPTIMIZING...

--- Found segment that must be added. Length: 16 , address: 0xA2DC
--- Found a word to insert to address: 0xA2EC
--- Found segment that must be added. Length: 24 , address: 0xA2F0

--- OPTIMIZING...

---- Optimized 2 ADD/INSERT operations by merging...
---- Optimized 2 ADD/INSERT operations by merging...
--- Found word that must be inserted. Length: 4 , address: 0xA320

--- OPTIMIZING...

--- Found word that must be inserted. Length: 4 , address: 0xA398

--- OPTIMIZING...

--- Found segment that must be added. Length: 8 , address: 0xA3A0

--- OPTIMIZING...

--- Found word that must be inserted. Length: 4 , address: 0xA664

--- OPTIMIZING...

--- Found word that must be inserted. Length: 4 , address: 0xA66C

--- OPTIMIZING...

--- Found word that must be inserted. Length: 4 , address: 0xA788

--- OPTIMIZING...

--- Found segment that must be added. Length: 8 , address: 0xA8F4

--- OPTIMIZING...

--- Found word that must be inserted. Length: 4 , address: 0xA910

--- OPTIMIZING...

--- Found segment that must be added. Length: 12 , address: 0xADB0

--- OPTIMIZING...

--- Found segment that must be added. Length: 8 , address: 0xADDC

--- OPTIMIZING...

--- Found segment that must be added. Length: 16 , address: 0xAE20
--- Found segment that will be moved from address: 0xAE30 to address: 0xAE30 of length 12
--- Found segment that must be added. Length: 4 , address: 0xAE3C

--- OPTIMIZING...

---- Optimized COPY and ADD operations to preceding ADD...
--- Found segment that must be added. Length: 8 , address: 0xAF14

--- OPTIMIZING...

--- Found word that must be inserted. Length: 4 , address: 0xAFA4

--- OPTIMIZING...

--- Found segment that must be added. Length: 12 , address: 0xB0C0

--- OPTIMIZING...

--- Found segment that must be added. Length: 16 , address: 0xB104

--- OPTIMIZING...

--- Found segment that must be added. Length: 12 , address: 0xB3B4

--- OPTIMIZING...

--- Found segment that must be added. Length: 12 , address: 0xB498

--- OPTIMIZING...

--- Found segment that must be added. Length: 12 , address: 0xB50C

--- OPTIMIZING...

--- Found word that must be inserted. Length: 4 , address: 0xB778

--- OPTIMIZING...

--- Found word that must be inserted. Length: 4 , address: 0xB8A8

--- OPTIMIZING...

--- Found segment that must be added. Length: 12 , address: 0xB964

--- OPTIMIZING...

--- Found segment that must be added. Length: 12 , address: 0xBA54

--- OPTIMIZING...

--- Found word that must be inserted. Length: 4 , address: 0xBB34

--- OPTIMIZING...

--- Found segment that must be added. Length: 12 , address: 0xBE68
--- Found a word to insert to address: 0xBE74
--- Found segment that must be added. Length: 4 , address: 0xBE78

--- OPTIMIZING...

---- Optimized 2 ADD/INSERT operations by merging...
---- Optimized 2 ADD/INSERT operations by merging...
--- Found segment that must be added. Length: 8 , address: 0xC178

--- OPTIMIZING...

--- Found segment that must be added. Length: 24 , address: 0xC424
--- Found a word to insert to address: 0xC43C
--- Found segment that must be added. Length: 4 , address: 0xC440

--- OPTIMIZING...

---- Optimized 2 ADD/INSERT operations by merging...
---- Optimized 2 ADD/INSERT operations by merging...
--- Found segment that must be added. Length: 20 , address: 0xC568

--- OPTIMIZING...

--- Found segment that must be added. Length: 132 , address: 0xC8CC

--- OPTIMIZING...

--- Found segment that must be added. Length: 52 , address: 0xCA58

--- OPTIMIZING...

--- Found segment that must be added. Length: 28 , address: 0xCD14

--- OPTIMIZING...

--- Found segment that must be added. Length: 32 , address: 0xEA8C
--- Found a word to insert to address: 0xEAAC
--- Found segment that must be added. Length: 4 , address: 0xEAB0
--- Found a word to insert to address: 0xEAB4
--- Found segment that must be added. Length: 4 , address: 0xEAB8
--- Found a word to insert to address: 0xEABC
--- Found segment that must be added. Length: 4 , address: 0xEAC0
--- Found a word to insert to address: 0xEAC4
--- Found segment that must be added. Length: 4 , address: 0xEAC8
--- Found a word to insert to address: 0xEACC
--- Found segment that must be added. Length: 4 , address: 0xEAD0
--- Found a word to insert to address: 0xEAD4
--- Found segment that must be added. Length: 4 , address: 0xEAD8
--- Found a word to insert to address: 0xEADC
--- Found segment that must be added. Length: 4 , address: 0xEAE0
--- Found a word to insert to address: 0xEAE4
--- Found segment that must be added. Length: 4 , address: 0xEAE8
--- Found a word to insert to address: 0xEAEC
--- Found segment that must be added. Length: 4 , address: 0xEAF0
--- Found a word to insert to address: 0xEAF4
--- Found segment that must be added. Length: 4 , address: 0xEAF8
--- Found a word to insert to address: 0xEAFC
--- Found segment that must be added. Length: 4 , address: 0xEB00
--- Found a word to insert to address: 0xEB04
--- Found segment that must be added. Length: 4 , address: 0xEB08
--- Found a word to insert to address: 0xEB0C
--- Found segment that must be added. Length: 4 , address: 0xEB10
--- Found a word to insert to address: 0xEB14
--- Found segment that must be added. Length: 4 , address: 0xEB18
--- Found a word to insert to address: 0xEB1C
--- Found segment that must be added. Length: 4 , address: 0xEB20
--- Found a word to insert to address: 0xEB24
--- Found segment that must be added. Length: 4 , address: 0xEB28
--- Found a word to insert to address: 0xEB2C
--- Found segment that must be added. Length: 4 , address: 0xEB30
--- Found a word to insert to address: 0xEB34
--- Found segment that must be added. Length: 4 , address: 0xEB38
--- Found a word to insert to address: 0xEB3C
--- Found segment that must be added. Length: 4 , address: 0xEB40

--- OPTIMIZING...

---- Optimized 2 ADD/INSERT operations by merging...
---- Optimized 2 ADD/INSERT operations by merging...
---- Optimized 2 ADD/INSERT operations by merging...
---- Optimized 2 ADD/INSERT operations by merging...
---- Optimized 2 ADD/INSERT operations by merging...
---- Optimized 2 ADD/INSERT operations by merging...
---- Optimized 2 ADD/INSERT operations by merging...
---- Optimized 2 ADD/INSERT operations by merging...
---- Optimized 2 ADD/INSERT operations by merging...
---- Optimized 2 ADD/INSERT operations by merging...
---- Optimized 2 ADD/INSERT operations by merging...
---- Optimized 2 ADD/INSERT operations by merging...
---- Optimized 2 ADD/INSERT operations by merging...
---- Optimized 2 ADD/INSERT operations by merging...
---- Optimized 2 ADD/INSERT operations by merging...
---- Optimized 2 ADD/INSERT operations by merging...
---- Optimized 2 ADD/INSERT operations by merging...
---- Optimized 2 ADD/INSERT operations by merging...
---- Optimized 2 ADD/INSERT operations by merging...
---- Optimized 2 ADD/INSERT operations by merging...
---- Optimized 2 ADD/INSERT operations by merging...
---- Optimized 2 ADD/INSERT operations by merging...
---- Optimized 2 ADD/INSERT operations by merging...
---- Optimized 2 ADD/INSERT operations by merging...
---- Optimized 2 ADD/INSERT operations by merging...
---- Optimized 2 ADD/INSERT operations by merging...
---- Optimized 2 ADD/INSERT operations by merging...
---- Optimized 2 ADD/INSERT operations by merging...
---- Optimized 2 ADD/INSERT operations by merging...
---- Optimized 2 ADD/INSERT operations by merging...
---- Optimized 2 ADD/INSERT operations by merging...
---- Optimized 2 ADD/INSERT operations by merging...
---- Optimized 2 ADD/INSERT operations by merging...
---- Optimized 2 ADD/INSERT operations by merging...
---- Optimized 2 ADD/INSERT operations by merging...
---- Optimized 2 ADD/INSERT operations by merging...
---- Optimized 2 ADD/INSERT operations by merging...
---- Optimized 2 ADD/INSERT operations by merging...
--- Found segment that must be added. Length: 120 , address: 0xEF4C

--- OPTIMIZING...

--- Found segment that must be added. Length: 12 , address: 0xF24C

--- OPTIMIZING...

-- Done...
------------------------------------------

-- Generating file 'data_basis\riotboot\samd20-xpro\deltagen_rev_10_rev_10\deltagen_rev_10_slot1_rev_10_slot0'...
--- Data succesfully generated
--- Generating checksum CRC-16
--- Generated CRC-16
--- Finalizing delta file
--- Writing file 'data_basis\riotboot\samd20-xpro\deltagen_rev_10_rev_10\deltagen_rev_10_slot1_rev_10_slot0'

-- OPERATION SUCCESFULL ...
Elapsed time: 00:00:00.2499045
------------------------------------------

