
There are 5 non-matching segments with total length of 60816
-- Found 5 segments that have changed...
-- Searching for matching segments...
-- Done searching...
------------------------------------------

-- Generating operations...
--- Found segment that must be added. Length: 12 , address: 0x4

--- OPTIMIZING...

--- Found word that must be inserted. Length: 4 , address: 0x2C

--- OPTIMIZING...

--- Found segment that must be added. Length: 120 , address: 0x38

--- OPTIMIZING...

--- Found segment that must be added. Length: 60 , address: 0xC0
--- Found a word to insert to address: 0xFC
--- Found segment that must be added. Length: 24 , address: 0x100
--- Found a word to insert to address: 0x118
--- Found segment that must be added. Length: 12 , address: 0x11C
--- Found a word to insert to address: 0x128
--- Found segment that must be added. Length: 36 , address: 0x12C
--- Found a word to insert to address: 0x150
--- Found segment that must be added. Length: 20 , address: 0x154
--- Found a word to insert to address: 0x168
--- Found segment that must be added. Length: 4 , address: 0x16C
--- Found a word to insert to address: 0x170
--- Found segment that must be added. Length: 4 , address: 0x174
--- Found a word to insert to address: 0x178
--- Found segment that must be added. Length: 36 , address: 0x17C
--- Found a word to insert to address: 0x1A0
--- Found segment that must be added. Length: 44 , address: 0x1A4
--- Found a word to insert to address: 0x1D0
--- Found segment that must be added. Length: 20 , address: 0x1D4
--- Found a word to insert to address: 0x1E8
--- Found segment that must be added. Length: 8 , address: 0x1EC
--- Found a word to insert to address: 0x1F4
--- Found segment that must be added. Length: 32 , address: 0x1F8
--- Found a word to insert to address: 0x218
--- Found segment that must be added. Length: 28 , address: 0x21C
--- Found a word to insert to address: 0x238
--- Found segment that must be added. Length: 4 , address: 0x23C
--- Found a word to insert to address: 0x240
--- Found segment that must be added. Length: 4 , address: 0x244
--- Found a word to insert to address: 0x248
--- Found segment that must be added. Length: 4 , address: 0x24C
--- Found a word to insert to address: 0x250
--- Found segment that must be added. Length: 4 , address: 0x254
--- Found a word to insert to address: 0x258
--- Found segment that must be added. Length: 4 , address: 0x25C
--- Found a word to insert to address: 0x260
--- Found segment that must be added. Length: 4 , address: 0x264
--- Found a word to insert to address: 0x268
--- Found segment that must be added. Length: 16 , address: 0x26C
--- Found a word to insert to address: 0x27C
--- Found segment that must be added. Length: 8 , address: 0x280
--- Found a word to insert to address: 0x288
--- Found segment that must be added. Length: 16 , address: 0x28C
--- Found a word to insert to address: 0x29C
--- Found segment that must be added. Length: 8 , address: 0x2A0
--- Found a word to insert to address: 0x2A8
--- Found segment that must be added. Length: 4 , address: 0x2AC
--- Found a word to insert to address: 0x2B0
--- Found segment that must be added. Length: 4 , address: 0x2B4
--- Found a word to insert to address: 0x2B8
--- Found segment that must be added. Length: 4 , address: 0x2BC
--- Found a word to insert to address: 0x2C0
--- Found segment that must be added. Length: 4 , address: 0x2C4
--- Found segment that will be moved from address: 0x214 to address: 0x2C8 of length 12
--- Found segment that must be added. Length: 4 , address: 0x2D4
--- Found segment that will be moved from address: 0x224 to address: 0x2D8 of length 8
--- Found segment that must be added. Length: 4 , address: 0x2E0
--- Found a word to insert to address: 0x2E4
--- Found segment that must be added. Length: 4 , address: 0x2E8
--- Found segment that will be moved from address: 0x238 to address: 0x2EC of length 8
--- Found segment that must be added. Length: 4 , address: 0x2F4
--- Found a word to insert to address: 0x2F8
--- Found segment that must be added. Length: 8 , address: 0x2FC
--- Found a word to insert to address: 0x304
--- Found segment that must be added. Length: 4 , address: 0x308
--- Found a word to insert to address: 0x30C
--- Found segment that must be added. Length: 28 , address: 0x310
--- Found a word to insert to address: 0x32C
--- Found segment that must be added. Length: 24 , address: 0x330
--- Found a word to insert to address: 0x348
--- Found segment that must be added. Length: 8 , address: 0x34C
--- Found a word to insert to address: 0x354
--- Found segment that must be added. Length: 20 , address: 0x358
--- Found a word to insert to address: 0x36C
--- Found segment that must be added. Length: 8 , address: 0x370
--- Found a word to insert to address: 0x378
--- Found segment that must be added. Length: 20 , address: 0x37C
--- Found a word to insert to address: 0x390
--- Found segment that must be added. Length: 24 , address: 0x394
--- Found a word to insert to address: 0x3AC
--- Found segment that must be added. Length: 24 , address: 0x3B0
--- Found a word to insert to address: 0x3C8
--- Found segment that must be added. Length: 4 , address: 0x3CC
--- Found segment that will be moved from address: 0x250 to address: 0x3D0 of length 8
--- Found segment that must be added. Length: 4 , address: 0x3D8
--- Found segment that will be moved from address: 0x25C to address: 0x3DC of length 8
--- Found segment that must be added. Length: 4 , address: 0x3E4
--- Found a word to insert to address: 0x3E8
--- Found segment that must be added. Length: 4 , address: 0x3EC
--- Found a word to insert to address: 0x3F0
--- Found segment that must be added. Length: 4 , address: 0x3F4
--- Found a word to insert to address: 0x3F8
--- Found segment that must be added. Length: 4 , address: 0x3FC
--- Found a word to insert to address: 0x400
--- Found segment that must be added. Length: 48 , address: 0x404
--- Found a word to insert to address: 0x434
--- Found segment that must be added. Length: 8 , address: 0x438
--- Found a word to insert to address: 0x440
--- Found segment that must be added. Length: 8 , address: 0x444
--- Found a word to insert to address: 0x44C
--- Found segment that must be added. Length: 12 , address: 0x450
--- Found a word to insert to address: 0x45C
--- Found segment that must be added. Length: 36 , address: 0x460
--- Found a word to insert to address: 0x484
--- Found segment that must be added. Length: 28 , address: 0x488
--- Found a word to insert to address: 0x4A4
--- Found segment that must be added. Length: 8 , address: 0x4A8
--- Found segment that will be moved from address: 0x2F8 to address: 0x4B0 of length 8
--- Found segment that must be added. Length: 8 , address: 0x4B8
--- Found a word to insert to address: 0x4C0
--- Found segment that must be added. Length: 16 , address: 0x4C4
--- Found a word to insert to address: 0x4D4
--- Found segment that must be added. Length: 8 , address: 0x4D8
--- Found a word to insert to address: 0x4E0
--- Found segment that must be added. Length: 4 , address: 0x4E4
--- Found a word to insert to address: 0x4E8
--- Found segment that must be added. Length: 4 , address: 0x4EC
--- Found a word to insert to address: 0x4F0
--- Found segment that must be added. Length: 12 , address: 0x4F4
--- Found a word to insert to address: 0x500
--- Found segment that must be added. Length: 52 , address: 0x504
--- Found segment that will be moved from address: 0x380 to address: 0x538 of length 8
--- Found segment that must be added. Length: 28 , address: 0x540
--- Found a word to insert to address: 0x55C
--- Found a word to insert to address: 0x560
--- Found segment that must be added. Length: 12 , address: 0x564
--- Found segment that will be moved from address: 0x398 to address: 0x570 of length 16
--- Found segment that must be added. Length: 12 , address: 0x580
--- Found a word to insert to address: 0x58C
--- Found a word to insert to address: 0x590
--- Found segment that must be added. Length: 8 , address: 0x594
--- Found a word to insert to address: 0x59C
--- Found segment that must be added. Length: 4 , address: 0x5A0
--- Found a word to insert to address: 0x5A4
--- Found segment that must be added. Length: 20 , address: 0x5A8
--- Found segment that will be moved from address: 0x3E4 to address: 0x5BC of length 8
--- Found segment that must be added. Length: 4 , address: 0x5C4
--- Found segment that will be moved from address: 0x3F0 to address: 0x5C8 of length 12
--- Found segment that must be added. Length: 8 , address: 0x5D4
--- Found segment that will be moved from address: 0x404 to address: 0x5DC of length 84
--- Found segment that must be added. Length: 4 , address: 0x630
--- Found a word to insert to address: 0x634
--- Found a word to insert to address: 0x638
--- Found segment that must be added. Length: 4 , address: 0x63C
--- Found segment that will be moved from address: 0x468 to address: 0x640 of length 32
--- Found segment that must be added. Length: 20 , address: 0x660
--- Found segment that will be moved from address: 0x49C to address: 0x674 of length 228
--- Found segment that must be added. Length: 8 , address: 0x758
--- Found segment that will be moved from address: 0x588 to address: 0x760 of length 100
--- Found segment that must be added. Length: 8 , address: 0x7C4
--- Found segment that will be moved from address: 0x5F4 to address: 0x7CC of length 120
--- Found segment that must be added. Length: 4 , address: 0x844
--- Found segment that will be moved from address: 0x670 to address: 0x848 of length 36
--- Found segment that must be added. Length: 12 , address: 0x86C
--- Found segment that will be moved from address: 0x6A0 to address: 0x878 of length 36
--- Found segment that must be added. Length: 8 , address: 0x89C
--- Found segment that will be moved from address: 0x6CC to address: 0x8A4 of length 60
--- Found segment that must be added. Length: 4 , address: 0x8E0
--- Found segment that will be moved from address: 0x70C to address: 0x8E4 of length 48
--- Found segment that must be added. Length: 4 , address: 0x914
--- Found segment that will be moved from address: 0x740 to address: 0x918 of length 68
--- Found segment that must be added. Length: 12 , address: 0x95C
--- Found segment that will be moved from address: 0x790 to address: 0x968 of length 76
--- Found segment that must be added. Length: 8 , address: 0x9B4
--- Found segment that will be moved from address: 0x7E4 to address: 0x9BC of length 56
--- Found segment that must be added. Length: 8 , address: 0x9F4
--- Found segment that will be moved from address: 0x824 to address: 0x9FC of length 88
--- Found segment that must be added. Length: 4 , address: 0xA54
--- Found a word to insert to address: 0xA58
--- Found segment that must be added. Length: 8 , address: 0xA5C
--- Found segment that will be moved from address: 0x88C to address: 0xA64 of length 104
--- Found segment that must be added. Length: 4 , address: 0xACC
--- Found segment that will be moved from address: 0x8F8 to address: 0xAD0 of length 12
--- Found segment that must be added. Length: 12 , address: 0xADC
--- Found a word to insert to address: 0xAE8
--- Found segment that must be added. Length: 4 , address: 0xAEC
--- Found a word to insert to address: 0xAF0
--- Found segment that must be added. Length: 28 , address: 0xAF4
--- Found segment that will be moved from address: 0x938 to address: 0xB10 of length 72
--- Found segment that must be added. Length: 4 , address: 0xB58
--- Found segment that will be moved from address: 0x984 to address: 0xB5C of length 56
--- Found segment that must be added. Length: 8 , address: 0xB94
--- Found segment that will be moved from address: 0x9C4 to address: 0xB9C of length 32
--- Found segment that must be added. Length: 4 , address: 0xBBC
--- Found segment that will be moved from address: 0x9E8 to address: 0xBC0 of length 72
--- Found segment that must be added. Length: 20 , address: 0xC08
--- Found a word to insert to address: 0xC1C
--- Found segment that must be added. Length: 4 , address: 0xC20
--- Found segment that will be moved from address: 0xA4C to address: 0xC24 of length 116
--- Found segment that must be added. Length: 8 , address: 0xC98
--- Found segment that will be moved from address: 0xAC8 to address: 0xCA0 of length 48
--- Found segment that must be added. Length: 8 , address: 0xCD0
--- Found segment that will be moved from address: 0xB00 to address: 0xCD8 of length 48
--- Found segment that must be added. Length: 20 , address: 0xD08
--- Found segment that will be moved from address: 0xB44 to address: 0xD1C of length 28
--- Found segment that must be added. Length: 4 , address: 0xD38
--- Found segment that will be moved from address: 0x6D8 to address: 0xD3C of length 8
--- Found a word to insert to address: 0xD44
--- Found a word to insert to address: 0xD48
--- Found segment that must be added. Length: 12 , address: 0xD4C
--- Found a word to insert to address: 0xD58
--- Found segment that will be moved from address: 0x7598 to address: 0xD5C of length 16
--- Found segment that must be added. Length: 4 , address: 0xD6C
--- Found segment that will be moved from address: 0xB00 to address: 0xD70 of length 8
--- Found a word to insert to address: 0xD78
--- Found segment that must be added. Length: 32 , address: 0xD7C
--- Found a word to insert to address: 0xD9C
--- Found segment that must be added. Length: 16 , address: 0xDA0
--- Found a word to insert to address: 0xDB0
--- Found segment that must be added. Length: 4 , address: 0xDB4
--- Found segment that will be moved from address: 0xB64 to address: 0xDB8 of length 12
--- Found segment that must be added. Length: 4 , address: 0xDC4
--- Found segment that will be moved from address: 0xB74 to address: 0xDC8 of length 32
--- Found segment that must be added. Length: 4 , address: 0xDE8
--- Found segment that will be moved from address: 0xB98 to address: 0xDEC of length 124
--- Found segment that must be added. Length: 4 , address: 0xE68
--- Found segment that will be moved from address: 0xC18 to address: 0xE6C of length 84
--- Found segment that must be added. Length: 4 , address: 0xEC0
--- Found segment that will be moved from address: 0xC70 to address: 0xEC4 of length 16
--- Found segment that must be added. Length: 4 , address: 0xED4
--- Found a word to insert to address: 0xED8
--- Found segment that must be added. Length: 8 , address: 0xEDC
--- Found segment that will be moved from address: 0xC90 to address: 0xEE4 of length 16
--- Found a word to insert to address: 0xEF4
--- Found a word to insert to address: 0xEF8
--- Found segment that must be added. Length: 8 , address: 0xEFC
--- Found segment that will be moved from address: 0xCB0 to address: 0xF04 of length 148
--- Found segment that must be added. Length: 4 , address: 0xF98
--- Found segment that will be moved from address: 0xD48 to address: 0xF9C of length 168
--- Found segment that must be added. Length: 4 , address: 0x1044
--- Found segment that will be moved from address: 0xDF4 to address: 0x1048 of length 84
--- Found segment that must be added. Length: 4 , address: 0x109C
--- Found segment that will be moved from address: 0xE4C to address: 0x10A0 of length 72
--- Found segment that must be added. Length: 4 , address: 0x10E8
--- Found segment that will be moved from address: 0xE98 to address: 0x10EC of length 120
--- Found segment that must be added. Length: 8 , address: 0x1164
--- Found segment that will be moved from address: 0xF18 to address: 0x116C of length 8
--- Found segment that must be added. Length: 8 , address: 0x1174
--- Found segment that will be moved from address: 0xF28 to address: 0x117C of length 44
--- Found segment that must be added. Length: 4 , address: 0x11A8
--- Found a word to insert to address: 0x11AC
--- Found a word to insert to address: 0x11B0
--- Found segment that will be moved from address: 0xF60 to address: 0x11B4 of length 28
--- Found segment that must be added. Length: 16 , address: 0x11D0
--- Found segment that will be moved from address: 0xF8C to address: 0x11E0 of length 76
--- Found segment that must be added. Length: 4 , address: 0x122C
--- Found segment that will be moved from address: 0xFDC to address: 0x1230 of length 88
--- Found segment that must be added. Length: 4 , address: 0x1288
--- Found segment that will be moved from address: 0x1038 to address: 0x128C of length 104
--- Found segment that must be added. Length: 8 , address: 0x12F4
--- Found a word to insert to address: 0x12FC
--- Found segment that must be added. Length: 20 , address: 0x1300
--- Found a word to insert to address: 0x1314
--- Found segment that must be added. Length: 24 , address: 0x1318
--- Found segment that will be moved from address: 0x10DC to address: 0x1330 of length 20
--- Found segment that must be added. Length: 4 , address: 0x1344
--- Found segment that will be moved from address: 0x10F4 to address: 0x1348 of length 336
--- Found segment that must be added. Length: 4 , address: 0x1498
--- Found segment that will be moved from address: 0x1248 to address: 0x149C of length 48
--- Found segment that must be added. Length: 4 , address: 0x14CC
--- Found segment that will be moved from address: 0x127C to address: 0x14D0 of length 180
--- Found segment that must be added. Length: 4 , address: 0x1584
--- Found segment that will be moved from address: 0x1334 to address: 0x1588 of length 100
--- Found segment that must be added. Length: 4 , address: 0x15EC
--- Found segment that will be moved from address: 0x139C to address: 0x15F0 of length 60
--- Found segment that must be added. Length: 4 , address: 0x162C
--- Found segment that will be moved from address: 0x13DC to address: 0x1630 of length 340
--- Found segment that must be added. Length: 4 , address: 0x1784
--- Found segment that will be moved from address: 0x1534 to address: 0x1788 of length 48
--- Found segment that must be added. Length: 8 , address: 0x17B8
--- Found segment that will be moved from address: 0x156C to address: 0x17C0 of length 92
--- Found segment that must be added. Length: 4 , address: 0x181C
--- Found segment that will be moved from address: 0x15CC to address: 0x1820 of length 40
--- Found segment that must be added. Length: 4 , address: 0x1848
--- Found segment that will be moved from address: 0x15F8 to address: 0x184C of length 180
--- Found segment that must be added. Length: 4 , address: 0x1900
--- Found segment that will be moved from address: 0x16B0 to address: 0x1904 of length 100
--- Found segment that must be added. Length: 4 , address: 0x1968
--- Found segment that will be moved from address: 0x1718 to address: 0x196C of length 392
--- Found segment that must be added. Length: 8 , address: 0x1AF4
--- Found segment that will be moved from address: 0x18A8 to address: 0x1AFC of length 112
--- Found segment that must be added. Length: 4 , address: 0x1B6C
--- Found segment that will be moved from address: 0x191C to address: 0x1B70 of length 124
--- Found segment that must be added. Length: 4 , address: 0x1BEC
--- Found segment that will be moved from address: 0x199C to address: 0x1BF0 of length 56
--- Found segment that must be added. Length: 4 , address: 0x1C28
--- Found segment that will be moved from address: 0x19D8 to address: 0x1C2C of length 108
--- Found segment that must be added. Length: 4 , address: 0x1C98
--- Found segment that will be moved from address: 0x1A48 to address: 0x1C9C of length 288
--- Found segment that must be added. Length: 8 , address: 0x1DBC
--- Found segment that will be moved from address: 0x1B70 to address: 0x1DC4 of length 52
--- Found segment that must be added. Length: 4 , address: 0x1DF8
--- Found segment that will be moved from address: 0x1BA8 to address: 0x1DFC of length 20
--- Found segment that must be added. Length: 4 , address: 0x1E10
--- Found segment that will be moved from address: 0x1BC0 to address: 0x1E14 of length 136
--- Found segment that must be added. Length: 4 , address: 0x1E9C
--- Found segment that will be moved from address: 0x1C4C to address: 0x1EA0 of length 592
--- Found segment that must be added. Length: 4 , address: 0x20F0
--- Found segment that will be moved from address: 0x1EA0 to address: 0x20F4 of length 20
--- Found segment that must be added. Length: 12 , address: 0x2108
--- Found segment that will be moved from address: 0x1EC0 to address: 0x2114 of length 168
--- Found segment that must be added. Length: 4 , address: 0x21BC
--- Found segment that will be moved from address: 0x1F6C to address: 0x21C0 of length 108
--- Found segment that must be added. Length: 16 , address: 0x222C
--- Found segment that will be moved from address: 0x1FE8 to address: 0x223C of length 156
--- Found segment that must be added. Length: 8 , address: 0x22D8
--- Found segment that will be moved from address: 0x208C to address: 0x22E0 of length 104
--- Found segment that must be added. Length: 4 , address: 0x2348
--- Found segment that will be moved from address: 0x20F8 to address: 0x234C of length 60
--- Found segment that must be added. Length: 4 , address: 0x2388
--- Found segment that will be moved from address: 0x2138 to address: 0x238C of length 20
--- Found segment that must be added. Length: 4 , address: 0x23A0
--- Found segment that will be moved from address: 0x2150 to address: 0x23A4 of length 224
--- Found segment that must be added. Length: 8 , address: 0x2484
--- Found segment that will be moved from address: 0x2238 to address: 0x248C of length 64
--- Found segment that must be added. Length: 4 , address: 0x24CC
--- Found segment that will be moved from address: 0x227C to address: 0x24D0 of length 220
--- Found segment that must be added. Length: 4 , address: 0x25AC
--- Found segment that will be moved from address: 0x235C to address: 0x25B0 of length 264
--- Found segment that must be added. Length: 4 , address: 0x26B8
--- Found segment that will be moved from address: 0x2468 to address: 0x26BC of length 356
--- Found segment that must be added. Length: 8 , address: 0x2820
--- Found segment that will be moved from address: 0x25D4 to address: 0x2828 of length 64
--- Found segment that must be added. Length: 4 , address: 0x2868
--- Found segment that will be moved from address: 0x2618 to address: 0x286C of length 152
--- Found segment that must be added. Length: 12 , address: 0x2904
--- Found segment that will be moved from address: 0x26BC to address: 0x2910 of length 80
--- Found segment that must be added. Length: 4 , address: 0x2960
--- Found segment that will be moved from address: 0x2710 to address: 0x2964 of length 172
--- Found segment that must be added. Length: 4 , address: 0x2A10
--- Found segment that will be moved from address: 0x27C0 to address: 0x2A14 of length 112
--- Found segment that must be added. Length: 24 , address: 0x2A84
--- Found segment that will be moved from address: 0x2848 to address: 0x2A9C of length 8
--- Found segment that must be added. Length: 4 , address: 0x2AA4
--- Found segment that will be moved from address: 0x2854 to address: 0x2AA8 of length 48
--- Found segment that must be added. Length: 4 , address: 0x2AD8
--- Found segment that will be moved from address: 0x2888 to address: 0x2ADC of length 28
--- Found segment that must be added. Length: 4 , address: 0x2AF8
--- Found segment that will be moved from address: 0x28A8 to address: 0x2AFC of length 60
--- Found segment that must be added. Length: 4 , address: 0x2B38
--- Found segment that will be moved from address: 0x28E8 to address: 0x2B3C of length 16
--- Found segment that must be added. Length: 4 , address: 0x2B4C
--- Found segment that will be moved from address: 0x28FC to address: 0x2B50 of length 16
--- Found segment that must be added. Length: 8 , address: 0x2B60
--- Found a word to insert to address: 0x2B68
--- Found segment that must be added. Length: 4 , address: 0x2B6C
--- Found a word to insert to address: 0x2B70
--- Found segment that must be added. Length: 4 , address: 0x2B74
--- Found a word to insert to address: 0x2B78
--- Found segment that must be added. Length: 4 , address: 0x2B7C
--- Found a word to insert to address: 0x2B80
--- Found segment that must be added. Length: 4 , address: 0x2B84
--- Found segment that will be moved from address: 0x2934 to address: 0x2B88 of length 92
--- Found segment that must be added. Length: 8 , address: 0x2BE4
--- Found segment that will be moved from address: 0x2998 to address: 0x2BEC of length 40
--- Found segment that must be added. Length: 8 , address: 0x2C14
--- Found segment that will be moved from address: 0x29C8 to address: 0x2C1C of length 20
--- Found segment that must be added. Length: 4 , address: 0x2C30
--- Found segment that will be moved from address: 0x29E0 to address: 0x2C34 of length 64
--- Found segment that must be added. Length: 12 , address: 0x2C74
--- Found segment that will be moved from address: 0x2A2C to address: 0x2C80 of length 80
--- Found segment that must be added. Length: 8 , address: 0x2CD0
--- Found segment that will be moved from address: 0x2A84 to address: 0x2CD8 of length 164
--- Found segment that must be added. Length: 8 , address: 0x2D7C
--- Found segment that will be moved from address: 0x2B30 to address: 0x2D84 of length 16
--- Found segment that must be added. Length: 4 , address: 0x2D94
--- Found segment that will be moved from address: 0x2B44 to address: 0x2D98 of length 224
--- Found segment that must be added. Length: 8 , address: 0x2E78
--- Found segment that will be moved from address: 0x2C2C to address: 0x2E80 of length 20
--- Found segment that must be added. Length: 4 , address: 0x2E94
--- Found segment that will be moved from address: 0x2C44 to address: 0x2E98 of length 40
--- Found segment that must be added. Length: 4 , address: 0x2EC0
--- Found segment that will be moved from address: 0x2C70 to address: 0x2EC4 of length 88
--- Found segment that must be added. Length: 4 , address: 0x2F1C
--- Found segment that will be moved from address: 0x2CCC to address: 0x2F20 of length 52
--- Found segment that must be added. Length: 4 , address: 0x2F54
--- Found segment that will be moved from address: 0x2D04 to address: 0x2F58 of length 44
--- Found segment that must be added. Length: 4 , address: 0x2F84
--- Found segment that will be moved from address: 0x2D34 to address: 0x2F88 of length 28
--- Found segment that must be added. Length: 4 , address: 0x2FA4
--- Found segment that will be moved from address: 0x2D54 to address: 0x2FA8 of length 44
--- Found segment that must be added. Length: 8 , address: 0x2FD4
--- Found segment that will be moved from address: 0x2D88 to address: 0x2FDC of length 88
--- Found segment that must be added. Length: 4 , address: 0x3034
--- Found segment that will be moved from address: 0x2DE4 to address: 0x3038 of length 24
--- Found segment that must be added. Length: 4 , address: 0x3050
--- Found segment that will be moved from address: 0x2E00 to address: 0x3054 of length 76
--- Found segment that must be added. Length: 8 , address: 0x30A0
--- Found segment that will be moved from address: 0x2E54 to address: 0x30A8 of length 20
--- Found segment that must be added. Length: 4 , address: 0x30BC
--- Found segment that will be moved from address: 0x2E6C to address: 0x30C0 of length 236
--- Found segment that must be added. Length: 12 , address: 0x31AC
--- Found segment that will be moved from address: 0x2F64 to address: 0x31B8 of length 60
--- Found segment that must be added. Length: 4 , address: 0x31F4
--- Found segment that will be moved from address: 0x2FA4 to address: 0x31F8 of length 40
--- Found segment that must be added. Length: 8 , address: 0x3220
--- Found segment that will be moved from address: 0x2FD4 to address: 0x3228 of length 20
--- Found segment that must be added. Length: 8 , address: 0x323C
--- Found segment that will be moved from address: 0x2FF0 to address: 0x3244 of length 24
--- Found segment that must be added. Length: 4 , address: 0x325C
--- Found segment that will be moved from address: 0x300C to address: 0x3260 of length 68
--- Found segment that must be added. Length: 4 , address: 0x32A4
--- Found segment that will be moved from address: 0x3054 to address: 0x32A8 of length 20
--- Found segment that must be added. Length: 4 , address: 0x32BC
--- Found segment that will be moved from address: 0x306C to address: 0x32C0 of length 120
--- Found segment that must be added. Length: 12 , address: 0x3338
--- Found segment that will be moved from address: 0x30F0 to address: 0x3344 of length 64
--- Found segment that must be added. Length: 4 , address: 0x3384
--- Found segment that will be moved from address: 0x3134 to address: 0x3388 of length 180
--- Found segment that must be added. Length: 16 , address: 0x343C
--- Found segment that will be moved from address: 0x31F8 to address: 0x344C of length 48
--- Found segment that must be added. Length: 4 , address: 0x347C
--- Found segment that will be moved from address: 0x322C to address: 0x3480 of length 20
--- Found segment that must be added. Length: 4 , address: 0x3494
--- Found segment that will be moved from address: 0x3244 to address: 0x3498 of length 84
--- Found segment that must be added. Length: 4 , address: 0x34EC
--- Found segment that will be moved from address: 0x329C to address: 0x34F0 of length 316
--- Found segment that must be added. Length: 28 , address: 0x362C
--- Found segment that will be moved from address: 0x33F4 to address: 0x3648 of length 56
--- Found segment that must be added. Length: 8 , address: 0x3680
--- Found segment that will be moved from address: 0x3434 to address: 0x3688 of length 56
--- Found segment that must be added. Length: 4 , address: 0x36C0
--- Found segment that will be moved from address: 0x3470 to address: 0x36C4 of length 20
--- Found segment that must be added. Length: 4 , address: 0x36D8
--- Found segment that will be moved from address: 0x3488 to address: 0x36DC of length 380
--- Found segment that must be added. Length: 4 , address: 0x3858
--- Found segment that will be moved from address: 0x3608 to address: 0x385C of length 168
--- Found segment that must be added. Length: 4 , address: 0x3904
--- Found segment that will be moved from address: 0x36B4 to address: 0x3908 of length 416
--- Found segment that must be added. Length: 4 , address: 0x3AA8
--- Found segment that will be moved from address: 0x3858 to address: 0x3AAC of length 704
--- Found segment that must be added. Length: 4 , address: 0x3D6C
--- Found segment that will be moved from address: 0x3B1C to address: 0x3D70 of length 16
--- Found segment that must be added. Length: 4 , address: 0x3D80
--- Found segment that will be moved from address: 0x3B30 to address: 0x3D84 of length 836
--- Found segment that must be added. Length: 8 , address: 0x40C8
--- Found segment that will be moved from address: 0x3E7C to address: 0x40D0 of length 84
--- Found segment that must be added. Length: 4 , address: 0x4124
--- Found segment that will be moved from address: 0x3ED4 to address: 0x4128 of length 432
--- Found segment that must be added. Length: 8 , address: 0x42D8
--- Found segment that will be moved from address: 0x408C to address: 0x42E0 of length 36
--- Found segment that must be added. Length: 4 , address: 0x4304
--- Found segment that will be moved from address: 0x40B4 to address: 0x4308 of length 180
--- Found segment that must be added. Length: 12 , address: 0x43BC
--- Found segment that will be moved from address: 0x4174 to address: 0x43C8 of length 16
--- Found segment that must be added. Length: 4 , address: 0x43D8
--- Found segment that will be moved from address: 0x4188 to address: 0x43DC of length 72
--- Found segment that must be added. Length: 4 , address: 0x4424
--- Found segment that will be moved from address: 0x41D4 to address: 0x4428 of length 308
--- Found segment that must be added. Length: 24 , address: 0x455C
--- Found segment that will be moved from address: 0x4320 to address: 0x4574 of length 440
--- Found segment that must be added. Length: 4 , address: 0x472C
--- Found segment that will be moved from address: 0x44DC to address: 0x4730 of length 180
--- Found segment that must be added. Length: 12 , address: 0x47E4
--- Found segment that will be moved from address: 0x459C to address: 0x47F0 of length 140
--- Found segment that must be added. Length: 4 , address: 0x487C
--- Found segment that will be moved from address: 0x462C to address: 0x4880 of length 164
--- Found segment that must be added. Length: 4 , address: 0x4924
--- Found segment that will be moved from address: 0x46D4 to address: 0x4928 of length 24
--- Found segment that must be added. Length: 4 , address: 0x4940
--- Found segment that will be moved from address: 0x46F0 to address: 0x4944 of length 168
--- Found segment that must be added. Length: 4 , address: 0x49EC
--- Found segment that will be moved from address: 0x479C to address: 0x49F0 of length 132
--- Found segment that must be added. Length: 4 , address: 0x4A74
--- Found segment that will be moved from address: 0x4824 to address: 0x4A78 of length 8
--- Found segment that must be added. Length: 4 , address: 0x4A80
--- Found segment that will be moved from address: 0x4810 to address: 0x4A84 of length 16
--- Found segment that must be added. Length: 4 , address: 0x4A94
--- Found segment that will be moved from address: 0x4844 to address: 0x4A98 of length 8
--- Found segment that must be added. Length: 4 , address: 0x4AA0
--- Found segment that will be moved from address: 0x4850 to address: 0x4AA4 of length 28
--- Found segment that must be added. Length: 4 , address: 0x4AC0
--- Found segment that will be moved from address: 0x4870 to address: 0x4AC4 of length 156
--- Found segment that must be added. Length: 8 , address: 0x4B60
--- Found segment that will be moved from address: 0x4914 to address: 0x4B68 of length 36
--- Found segment that must be added. Length: 4 , address: 0x4B8C
--- Found segment that will be moved from address: 0x493C to address: 0x4B90 of length 196
--- Found segment that must be added. Length: 12 , address: 0x4C54
--- Found segment that will be moved from address: 0x4A0C to address: 0x4C60 of length 24
--- Found segment that must be added. Length: 4 , address: 0x4C78
--- Found segment that will be moved from address: 0x4A28 to address: 0x4C7C of length 132
--- Found segment that must be added. Length: 8 , address: 0x4D00
--- Found segment that will be moved from address: 0x4AB4 to address: 0x4D08 of length 44
--- Found segment that must be added. Length: 4 , address: 0x4D34
--- Found segment that will be moved from address: 0x4AE4 to address: 0x4D38 of length 12
--- Found segment that must be added. Length: 4 , address: 0x4D44
--- Found segment that will be moved from address: 0x4AF4 to address: 0x4D48 of length 8
--- Found segment that must be added. Length: 4 , address: 0x4D50
--- Found segment that will be moved from address: 0x4B00 to address: 0x4D54 of length 12
--- Found segment that must be added. Length: 4 , address: 0x4D60
--- Found segment that will be moved from address: 0x4B10 to address: 0x4D64 of length 172
--- Found segment that must be added. Length: 4 , address: 0x4E10
--- Found segment that will be moved from address: 0x4BC0 to address: 0x4E14 of length 44
--- Found segment that must be added. Length: 4 , address: 0x4E40
--- Found segment that will be moved from address: 0x4BF0 to address: 0x4E44 of length 140
--- Found segment that must be added. Length: 8 , address: 0x4ED0
--- Found segment that will be moved from address: 0x4C84 to address: 0x4ED8 of length 156
--- Found a word to insert to address: 0x4F74
--- Found segment that will be moved from address: 0x4D10 to address: 0x4F78 of length 16
--- Found segment that must be added. Length: 4 , address: 0x4F88
--- Found segment that will be moved from address: 0x4D38 to address: 0x4F8C of length 20
--- Found segment that must be added. Length: 4 , address: 0x4FA0
--- Found segment that will be moved from address: 0x4D50 to address: 0x4FA4 of length 24
--- Found segment that must be added. Length: 4 , address: 0x4FBC
--- Found segment that will be moved from address: 0x4D38 to address: 0x4FC0 of length 20
--- Found segment that must be added. Length: 4 , address: 0x4FD4
--- Found segment that will be moved from address: 0x4D84 to address: 0x4FD8 of length 24
--- Found segment that must be added. Length: 4 , address: 0x4FF0
--- Found segment that will be moved from address: 0x4DA0 to address: 0x4FF4 of length 24
--- Found segment that must be added. Length: 4 , address: 0x500C
--- Found segment that will be moved from address: 0x4DBC to address: 0x5010 of length 484
--- Found segment that must be added. Length: 4 , address: 0x51F4
--- Found segment that will be moved from address: 0x4FA4 to address: 0x51F8 of length 240
--- Found segment that must be added. Length: 4 , address: 0x52E8
--- Found segment that will be moved from address: 0x5098 to address: 0x52EC of length 332
--- Found segment that must be added. Length: 12 , address: 0x5438
--- Found segment that will be moved from address: 0x51F0 to address: 0x5444 of length 8
--- Found segment that must be added. Length: 4 , address: 0x544C
--- Found segment that will be moved from address: 0x51FC to address: 0x5450 of length 20
--- Found segment that must be added. Length: 4 , address: 0x5464
--- Found segment that will be moved from address: 0x5214 to address: 0x5468 of length 180
--- Found segment that must be added. Length: 4 , address: 0x551C
--- Found segment that will be moved from address: 0x52CC to address: 0x5520 of length 20
--- Found segment that must be added. Length: 4 , address: 0x5534
--- Found segment that will be moved from address: 0x52E4 to address: 0x5538 of length 184
--- Found segment that must be added. Length: 4 , address: 0x55F0
--- Found segment that will be moved from address: 0x53A0 to address: 0x55F4 of length 220
--- Found segment that must be added. Length: 4 , address: 0x56D0
--- Found segment that will be moved from address: 0x5480 to address: 0x56D4 of length 40
--- Found segment that must be added. Length: 4 , address: 0x56FC
--- Found segment that will be moved from address: 0x54AC to address: 0x5700 of length 28
--- Found segment that must be added. Length: 16 , address: 0x571C
--- Found segment that will be moved from address: 0x54D8 to address: 0x572C of length 40
--- Found segment that must be added. Length: 4 , address: 0x5754
--- Found segment that will be moved from address: 0x5504 to address: 0x5758 of length 112
--- Found segment that must be added. Length: 4 , address: 0x57C8
--- Found segment that will be moved from address: 0x5578 to address: 0x57CC of length 8
--- Found segment that must be added. Length: 4 , address: 0x57D4
--- Found segment that will be moved from address: 0x5584 to address: 0x57D8 of length 16
--- Found segment that must be added. Length: 4 , address: 0x57E8
--- Found segment that will be moved from address: 0x5598 to address: 0x57EC of length 40
--- Found segment that must be added. Length: 4 , address: 0x5814
--- Found a word to insert to address: 0x5818
--- Found segment that must be added. Length: 4 , address: 0x581C
--- Found segment that will be moved from address: 0x55CC to address: 0x5820 of length 224
--- Found segment that must be added. Length: 4 , address: 0x5900
--- Found a word to insert to address: 0x5904
--- Found segment that must be added. Length: 4 , address: 0x5908
--- Found segment that will be moved from address: 0x56B8 to address: 0x590C of length 8
--- Found segment that must be added. Length: 4 , address: 0x5914
--- Found segment that will be moved from address: 0x56C4 to address: 0x5918 of length 16
--- Found segment that must be added. Length: 4 , address: 0x5928
--- Found a word to insert to address: 0x592C
--- Found segment that must be added. Length: 12 , address: 0x5930
--- Found segment that will be moved from address: 0x56E8 to address: 0x593C of length 12
--- Found segment that must be added. Length: 4 , address: 0x5948
--- Found a word to insert to address: 0x594C
--- Found segment that must be added. Length: 4 , address: 0x5950
--- Found segment that will be moved from address: 0x5700 to address: 0x5954 of length 12
--- Found segment that must be added. Length: 4 , address: 0x5960
--- Found segment that will be moved from address: 0x5710 to address: 0x5964 of length 124
--- Found segment that must be added. Length: 4 , address: 0x59E0
--- Found segment that will be moved from address: 0x5790 to address: 0x59E4 of length 16
--- Found a word to insert to address: 0x59F4
--- Found segment that must be added. Length: 8 , address: 0x59F8
--- Found segment that will be moved from address: 0x57AC to address: 0x5A00 of length 104
--- Found segment that must be added. Length: 4 , address: 0x5A68
--- Found segment that will be moved from address: 0x5818 to address: 0x5A6C of length 16
--- Found segment that must be added. Length: 4 , address: 0x5A7C
--- Found a word to insert to address: 0x5A80
--- Found segment that must be added. Length: 4 , address: 0x5A84
--- Found segment that will be moved from address: 0x5834 to address: 0x5A88 of length 8
--- Found segment that must be added. Length: 4 , address: 0x5A90
--- Found a word to insert to address: 0x5A94
--- Found segment that must be added. Length: 8 , address: 0x5A98
--- Found segment that will be moved from address: 0x584C to address: 0x5AA0 of length 32
--- Found segment that must be added. Length: 4 , address: 0x5AC0
--- Found segment that will be moved from address: 0x5870 to address: 0x5AC4 of length 8
--- Found segment that must be added. Length: 4 , address: 0x5ACC
--- Found segment that will be moved from address: 0x587C to address: 0x5AD0 of length 16
--- Found segment that must be added. Length: 4 , address: 0x5AE0
--- Found segment that will be moved from address: 0x5890 to address: 0x5AE4 of length 24
--- Found segment that must be added. Length: 4 , address: 0x5AFC
--- Found segment that will be moved from address: 0x58AC to address: 0x5B00 of length 56
--- Found segment that must be added. Length: 4 , address: 0x5B38
--- Found segment that will be moved from address: 0x58E8 to address: 0x5B3C of length 96
--- Found segment that must be added. Length: 4 , address: 0x5B9C
--- Found segment that will be moved from address: 0x594C to address: 0x5BA0 of length 20
--- Found segment that must be added. Length: 4 , address: 0x5BB4
--- Found segment that will be moved from address: 0x5964 to address: 0x5BB8 of length 12
--- Found segment that must be added. Length: 4 , address: 0x5BC4
--- Found segment that will be moved from address: 0x5974 to address: 0x5BC8 of length 8
--- Found segment that must be added. Length: 4 , address: 0x5BD0
--- Found segment that will be moved from address: 0x5980 to address: 0x5BD4 of length 16
--- Found segment that must be added. Length: 4 , address: 0x5BE4
--- Found segment that will be moved from address: 0x5994 to address: 0x5BE8 of length 64
--- Found segment that must be added. Length: 4 , address: 0x5C28
--- Found segment that will be moved from address: 0x59D8 to address: 0x5C2C of length 56
--- Found segment that must be added. Length: 8 , address: 0x5C64
--- Found a word to insert to address: 0x5C6C
--- Found segment that will be moved from address: 0x5A1C to address: 0x5C70 of length 184
--- Found segment that must be added. Length: 4 , address: 0x5D28
--- Found segment that will be moved from address: 0x5AD8 to address: 0x5D2C of length 12
--- Found segment that must be added. Length: 4 , address: 0x5D38
--- Found segment that will be moved from address: 0x5AE8 to address: 0x5D3C of length 48
--- Found segment that must be added. Length: 4 , address: 0x5D6C
--- Found segment that will be moved from address: 0x5B1C to address: 0x5D70 of length 12
--- Found segment that must be added. Length: 4 , address: 0x5D7C
--- Found segment that will be moved from address: 0x5B2C to address: 0x5D80 of length 236
--- Found segment that must be added. Length: 4 , address: 0x5E6C
--- Found segment that will be moved from address: 0x1EA0 to address: 0x5E70 of length 12
--- Found segment that must be added. Length: 4 , address: 0x5E7C
--- Found segment that will be moved from address: 0x5C2C to address: 0x5E80 of length 116
--- Found segment that must be added. Length: 16 , address: 0x5EF4
--- Found segment that will be moved from address: 0x5CB0 to address: 0x5F04 of length 348
--- Found segment that must be added. Length: 8 , address: 0x6060
--- Found segment that will be moved from address: 0x5E14 to address: 0x6068 of length 356
--- Found segment that must be added. Length: 4 , address: 0x61CC
--- Found segment that will be moved from address: 0x5F7C to address: 0x61D0 of length 372
--- Found segment that must be added. Length: 4 , address: 0x6344
--- Found segment that will be moved from address: 0x60F4 to address: 0x6348 of length 16
--- Found segment that must be added. Length: 4 , address: 0x6358
--- Found segment that will be moved from address: 0x6108 to address: 0x635C of length 32
--- Found segment that must be added. Length: 4 , address: 0x637C
--- Found segment that will be moved from address: 0x612C to address: 0x6380 of length 60
--- Found segment that must be added. Length: 12 , address: 0x63BC
--- Found segment that will be moved from address: 0x6174 to address: 0x63C8 of length 24
--- Found segment that must be added. Length: 12 , address: 0x63E0
--- Found segment that will be moved from address: 0x6198 to address: 0x63EC of length 32
--- Found segment that must be added. Length: 4 , address: 0x640C
--- Found segment that will be moved from address: 0x61BC to address: 0x6410 of length 44
--- Found segment that must be added. Length: 4 , address: 0x643C
--- Found segment that will be moved from address: 0x61EC to address: 0x6440 of length 16
--- Found segment that must be added. Length: 4 , address: 0x6450
--- Found segment that will be moved from address: 0x6200 to address: 0x6454 of length 140
--- Found segment that must be added. Length: 4 , address: 0x64E0
--- Found segment that will be moved from address: 0x6290 to address: 0x64E4 of length 568
--- Found segment that must be added. Length: 4 , address: 0x671C
--- Found segment that will be moved from address: 0x64CC to address: 0x6720 of length 60
--- Found segment that must be added. Length: 4 , address: 0x675C
--- Found segment that will be moved from address: 0x650C to address: 0x6760 of length 12
--- Found segment that must be added. Length: 4 , address: 0x676C
--- Found segment that will be moved from address: 0x651C to address: 0x6770 of length 36
--- Found segment that must be added. Length: 8 , address: 0x6794
--- Found segment that will be moved from address: 0x6548 to address: 0x679C of length 56
--- Found a word to insert to address: 0x67D4
--- Found a word to insert to address: 0x67D8
--- Found segment that must be added. Length: 4 , address: 0x67DC
--- Found segment that will be moved from address: 0x658C to address: 0x67E0 of length 392
--- Found segment that must be added. Length: 4 , address: 0x6968
--- Found segment that will be moved from address: 0x6718 to address: 0x696C of length 100
--- Found segment that must be added. Length: 4 , address: 0x69D0
--- Found segment that will be moved from address: 0x6780 to address: 0x69D4 of length 692
--- Found segment that must be added. Length: 4 , address: 0x6C88
--- Found segment that will be moved from address: 0x6A38 to address: 0x6C8C of length 16
--- Found segment that must be added. Length: 4 , address: 0x6C9C
--- Found segment that will be moved from address: 0x6A4C to address: 0x6CA0 of length 16
--- Found segment that must be added. Length: 8 , address: 0x6CB0
--- Found segment that will be moved from address: 0x6A64 to address: 0x6CB8 of length 16
--- Found segment that must be added. Length: 4 , address: 0x6CC8
--- Found segment that will be moved from address: 0x6A78 to address: 0x6CCC of length 16
--- Found segment that must be added. Length: 8 , address: 0x6CDC
--- Found segment that will be moved from address: 0x6A90 to address: 0x6CE4 of length 20
--- Found segment that must be added. Length: 4 , address: 0x6CF8
--- Found segment that will be moved from address: 0x6AA8 to address: 0x6CFC of length 204
--- Found segment that must be added. Length: 48 , address: 0x6DC8
--- Found segment that will be moved from address: 0x6BA4 to address: 0x6DF8 of length 32
--- Found segment that must be added. Length: 4 , address: 0x6E18
--- Found a word to insert to address: 0x6E1C
--- Found segment that must be added. Length: 4 , address: 0x6E20
--- Found segment that will be moved from address: 0x6BD0 to address: 0x6E24 of length 52
--- Found segment that must be added. Length: 4 , address: 0x6E58
--- Found segment that will be moved from address: 0x6C08 to address: 0x6E5C of length 16
--- Found segment that must be added. Length: 4 , address: 0x6E6C
--- Found segment that will be moved from address: 0x6C1C to address: 0x6E70 of length 84
--- Found segment that must be added. Length: 4 , address: 0x6EC4
--- Found segment that will be moved from address: 0x6C74 to address: 0x6EC8 of length 72
--- Found segment that must be added. Length: 4 , address: 0x6F10
--- Found segment that will be moved from address: 0x6CC0 to address: 0x6F14 of length 20
--- Found segment that must be added. Length: 4 , address: 0x6F28
--- Found segment that will be moved from address: 0x6CD8 to address: 0x6F2C of length 12
--- Found segment that must be added. Length: 8 , address: 0x6F38
--- Found segment that will be moved from address: 0x6CEC to address: 0x6F40 of length 16
--- Found segment that must be added. Length: 4 , address: 0x6F50
--- Found segment that will be moved from address: 0x6D00 to address: 0x6F54 of length 176
--- Found segment that must be added. Length: 4 , address: 0x7004
--- Found segment that will be moved from address: 0x6DB4 to address: 0x7008 of length 8
--- Found segment that must be added. Length: 4 , address: 0x7010
--- Found a word to insert to address: 0x7014
--- Found segment that must be added. Length: 4 , address: 0x7018
--- Found segment that will be moved from address: 0x6DC8 to address: 0x701C of length 28
--- Found segment that must be added. Length: 4 , address: 0x7038
--- Found segment that will be moved from address: 0x6DE8 to address: 0x703C of length 88
--- Found segment that must be added. Length: 4 , address: 0x7094
--- Found segment that will be moved from address: 0x6E44 to address: 0x7098 of length 332
--- Found segment that must be added. Length: 4 , address: 0x71E4
--- Found segment that will be moved from address: 0x6F94 to address: 0x71E8 of length 176
--- Found segment that must be added. Length: 4 , address: 0x7298
--- Found segment that will be moved from address: 0x7048 to address: 0x729C of length 8
--- Found segment that must be added. Length: 8 , address: 0x72A4
--- Found segment that will be moved from address: 0x7058 to address: 0x72AC of length 48
--- Found segment that must be added. Length: 4 , address: 0x72DC
--- Found segment that will be moved from address: 0x708C to address: 0x72E0 of length 44
--- Found segment that must be added. Length: 4 , address: 0x730C
--- Found segment that will be moved from address: 0x70BC to address: 0x7310 of length 96
--- Found segment that must be added. Length: 4 , address: 0x7370
--- Found a word to insert to address: 0x7374
--- Found segment that must be added. Length: 8 , address: 0x7378
--- Found segment that will be moved from address: 0x712C to address: 0x7380 of length 12
--- Found segment that must be added. Length: 4 , address: 0x738C
--- Found segment that will be moved from address: 0x713C to address: 0x7390 of length 128
--- Found segment that must be added. Length: 12 , address: 0x7410
--- Found segment that will be moved from address: 0x71C8 to address: 0x741C of length 28
--- Found segment that must be added. Length: 4 , address: 0x7438
--- Found segment that will be moved from address: 0x71E8 to address: 0x743C of length 132
--- Found segment that must be added. Length: 8 , address: 0x74C0
--- Found segment that will be moved from address: 0x7274 to address: 0x74C8 of length 44
--- Found segment that must be added. Length: 4 , address: 0x74F4
--- Found a word to insert to address: 0x74F8
--- Found segment that must be added. Length: 8 , address: 0x74FC
--- Found segment that will be moved from address: 0x72B0 to address: 0x7504 of length 24
--- Found segment that must be added. Length: 4 , address: 0x751C
--- Found segment that will be moved from address: 0x72CC to address: 0x7520 of length 72
--- Found segment that must be added. Length: 8 , address: 0x7568
--- Found segment that will be moved from address: 0x731C to address: 0x7570 of length 20
--- Found segment that must be added. Length: 4 , address: 0x7584
--- Found segment that will be moved from address: 0x7334 to address: 0x7588 of length 48
--- Found segment that must be added. Length: 4 , address: 0x75B8
--- Found segment that will be moved from address: 0x7368 to address: 0x75BC of length 112
--- Found segment that must be added. Length: 12 , address: 0x762C
--- Found segment that will be moved from address: 0x73E4 to address: 0x7638 of length 72
--- Found segment that must be added. Length: 8 , address: 0x7680
--- Found segment that will be moved from address: 0x7434 to address: 0x7688 of length 32
--- Found segment that must be added. Length: 4 , address: 0x76A8
--- Found segment that will be moved from address: 0x7458 to address: 0x76AC of length 24
--- Found segment that must be added. Length: 4 , address: 0x76C4
--- Found segment that will be moved from address: 0x7474 to address: 0x76C8 of length 20
--- Found segment that must be added. Length: 4 , address: 0x76DC
--- Found segment that will be moved from address: 0x748C to address: 0x76E0 of length 40
--- Found segment that must be added. Length: 4 , address: 0x7708
--- Found segment that will be moved from address: 0x74B8 to address: 0x770C of length 184
--- Found segment that must be added. Length: 8 , address: 0x77C4
--- Found segment that will be moved from address: 0x7578 to address: 0x77CC of length 8
--- Found segment that must be added. Length: 4 , address: 0x77D4
--- Found segment that will be moved from address: 0x7584 to address: 0x77D8 of length 36
--- Found segment that must be added. Length: 4 , address: 0x77FC
--- Found segment that will be moved from address: 0x75AC to address: 0x7800 of length 36
--- Found segment that must be added. Length: 4 , address: 0x7824
--- Found segment that will be moved from address: 0x75D4 to address: 0x7828 of length 72
--- Found segment that must be added. Length: 12 , address: 0x7870
--- Found segment that will be moved from address: 0x7628 to address: 0x787C of length 76
--- Found segment that must be added. Length: 4 , address: 0x78C8
--- Found segment that will be moved from address: 0x7058 to address: 0x78CC of length 48
--- Found segment that must be added. Length: 4 , address: 0x78FC
--- Found segment that will be moved from address: 0x708C to address: 0x7900 of length 44
--- Found segment that must be added. Length: 4 , address: 0x792C
--- Found segment that will be moved from address: 0x76DC to address: 0x7930 of length 352
--- Found segment that must be added. Length: 4 , address: 0x7A90
--- Found segment that will be moved from address: 0x7840 to address: 0x7A94 of length 12
--- Found segment that must be added. Length: 4 , address: 0x7AA0
--- Found segment that will be moved from address: 0x7850 to address: 0x7AA4 of length 52
--- Found segment that must be added. Length: 4 , address: 0x7AD8
--- Found segment that will be moved from address: 0x7888 to address: 0x7ADC of length 344
--- Found segment that must be added. Length: 8 , address: 0x7C34
--- Found segment that will be moved from address: 0x79E8 to address: 0x7C3C of length 16
--- Found segment that must be added. Length: 4 , address: 0x7C4C
--- Found segment that will be moved from address: 0x79FC to address: 0x7C50 of length 240
--- Found segment that must be added. Length: 4 , address: 0x7D40
--- Found segment that will be moved from address: 0x7AF0 to address: 0x7D44 of length 508
--- Found segment that must be added. Length: 4 , address: 0x7F40
--- Found a word to insert to address: 0x7F44
--- Found segment that must be added. Length: 28 , address: 0x7F48
--- Found segment that will be moved from address: 0x7D10 to address: 0x7F64 of length 12
--- Found segment that must be added. Length: 24 , address: 0x7F70
--- Found segment that will be moved from address: 0x7D34 to address: 0x7F88 of length 404
--- Found segment that must be added. Length: 4 , address: 0x811C
--- Found segment that will be moved from address: 0x7ECC to address: 0x8120 of length 8
--- Found segment that must be added. Length: 4 , address: 0x8128
--- Found segment that will be moved from address: 0x7ED8 to address: 0x812C of length 40
--- Found segment that must be added. Length: 12 , address: 0x8154
--- Found a word to insert to address: 0x8160
--- Found segment that must be added. Length: 24 , address: 0x8164
--- Found segment that will be moved from address: 0x7F28 to address: 0x817C of length 48
--- Found segment that must be added. Length: 16 , address: 0x81AC
--- Found segment that will be moved from address: 0x7F68 to address: 0x81BC of length 44
--- Found segment that must be added. Length: 16 , address: 0x81E8
--- Found segment that will be moved from address: 0x7FA4 to address: 0x81F8 of length 44
--- Found segment that must be added. Length: 16 , address: 0x8224
--- Found segment that will be moved from address: 0x7FE0 to address: 0x8234 of length 756
--- Found segment that must be added. Length: 36 , address: 0x8528
--- Found a word to insert to address: 0x854C
--- Found segment that must be added. Length: 4 , address: 0x8550
--- Found segment that will be moved from address: 0x8300 to address: 0x8554 of length 200
--- Found segment that must be added. Length: 12 , address: 0x861C
--- Found segment that will be moved from address: 0x83D4 to address: 0x8628 of length 20
--- Found segment that must be added. Length: 8 , address: 0x863C
--- Found segment that will be moved from address: 0x83F0 to address: 0x8644 of length 136
--- Found segment that must be added. Length: 60 , address: 0x86CC
--- Found segment that will be moved from address: 0x84B4 to address: 0x8708 of length 52
--- Found segment that must be added. Length: 20 , address: 0x873C
--- Found segment that will be moved from address: 0x84FC to address: 0x8750 of length 20
--- Found segment that must be added. Length: 4 , address: 0x8764
--- Found segment that will be moved from address: 0x8514 to address: 0x8768 of length 44
--- Found segment that must be added. Length: 4 , address: 0x8794
--- Found segment that will be moved from address: 0x8544 to address: 0x8798 of length 56
--- Found segment that must be added. Length: 4 , address: 0x87D0
--- Found a word to insert to address: 0x87D4
--- Found segment that must be added. Length: 4 , address: 0x87D8
--- Found segment that will be moved from address: 0x8588 to address: 0x87DC of length 104
--- Found segment that must be added. Length: 24 , address: 0x8844
--- Found segment that will be moved from address: 0x8608 to address: 0x885C of length 172
--- Found segment that must be added. Length: 32 , address: 0x8908
--- Found segment that will be moved from address: 0x86D4 to address: 0x8928 of length 108
--- Found segment that must be added. Length: 8 , address: 0x8994
--- Found segment that will be moved from address: 0x8748 to address: 0x899C of length 100
--- Found segment that must be added. Length: 20 , address: 0x8A00
--- Found segment that will be moved from address: 0x87C0 to address: 0x8A14 of length 112
--- Found segment that must be added. Length: 20 , address: 0x8A84
--- Found segment that will be moved from address: 0x8844 to address: 0x8A98 of length 580
--- Found segment that must be added. Length: 36 , address: 0x8CDC
--- Found a word to insert to address: 0x8D00
--- Found segment that must be added. Length: 24 , address: 0x8D04
--- Found a word to insert to address: 0x8D1C
--- Found segment that must be added. Length: 8 , address: 0x8D20
--- Found segment that will be moved from address: 0x8AD4 to address: 0x8D28 of length 804
--- Found segment that must be added. Length: 24 , address: 0x904C
--- Found a word to insert to address: 0x9064
--- Found segment that must be added. Length: 20 , address: 0x9068
--- Found a word to insert to address: 0x907C
--- Found segment that must be added. Length: 4 , address: 0x9080
--- Found a word to insert to address: 0x9084
--- Found a word to insert to address: 0x9088
--- Found a word to insert to address: 0x908C
--- Found segment that must be added. Length: 44 , address: 0x9090
--- Found a word to insert to address: 0x90BC
--- Found segment that must be added. Length: 36 , address: 0x90C0
--- Found segment that will be moved from address: 0x8E90 to address: 0x90E4 of length 856
--- Found segment that must be added. Length: 172 , address: 0x943C
--- Found segment that will be moved from address: 0x9294 to address: 0x94E8 of length 744
--- Found segment that must be added. Length: 12 , address: 0x97D0
--- Found a word to insert to address: 0x97DC
--- Found segment that must be added. Length: 4 , address: 0x97E0
--- Found a word to insert to address: 0x97E4
--- Found segment that must be added. Length: 52 , address: 0x97E8
--- Found a word to insert to address: 0x981C
--- Found a word to insert to address: 0x9820
--- Found segment that must be added. Length: 8 , address: 0x9824
--- Found a word to insert to address: 0x982C
--- Found segment that must be added. Length: 76 , address: 0x9830
--- Found segment that will be moved from address: 0x9628 to address: 0x987C of length 272
--- Found segment that must be added. Length: 52 , address: 0x998C
--- Found segment that will be moved from address: 0x976C to address: 0x99C0 of length 40
--- Found segment that must be added. Length: 24 , address: 0x99E8
--- Found segment that will be moved from address: 0x97AC to address: 0x9A00 of length 28
--- Found segment that must be added. Length: 4 , address: 0x9A1C
--- Found segment that will be moved from address: 0x97CC to address: 0x9A20 of length 324
--- Found segment that must be added. Length: 8 , address: 0x9B64
--- Found a word to insert to address: 0x9B6C
--- Found segment that must be added. Length: 48 , address: 0x9B70
--- Found a word to insert to address: 0x9BA0
--- Found segment that will be moved from address: 0x9950 to address: 0x9BA4 of length 56
--- Found segment that must be added. Length: 8 , address: 0x9BDC
--- Found segment that will be moved from address: 0x9990 to address: 0x9BE4 of length 20
--- Found segment that must be added. Length: 4 , address: 0x9BF8
--- Found segment that will be moved from address: 0x99A8 to address: 0x9BFC of length 24
--- Found segment that must be added. Length: 4 , address: 0x9C14
--- Found segment that will be moved from address: 0x99C4 to address: 0x9C18 of length 28
--- Found segment that must be added. Length: 4 , address: 0x9C34
--- Found segment that will be moved from address: 0x99E4 to address: 0x9C38 of length 24
--- Found segment that must be added. Length: 4 , address: 0x9C50
--- Found segment that will be moved from address: 0x9A00 to address: 0x9C54 of length 36
--- Found segment that must be added. Length: 4 , address: 0x9C78
--- Found segment that will be moved from address: 0x9A28 to address: 0x9C7C of length 608
--- Found segment that must be added. Length: 44 , address: 0x9EDC
--- Found segment that will be moved from address: 0x9CB4 to address: 0x9F08 of length 20
--- Found segment that must be added. Length: 8 , address: 0x9F1C
--- Found segment that will be moved from address: 0x9CD0 to address: 0x9F24 of length 16
--- Found segment that must be added. Length: 4 , address: 0x9F34
--- Found segment that will be moved from address: 0x9CE4 to address: 0x9F38 of length 488
--- Found segment that must be added. Length: 4 , address: 0xA120
--- Found segment that will be moved from address: 0x9ED0 to address: 0xA124 of length 60
--- Found segment that must be added. Length: 12 , address: 0xA160
--- Found segment that will be moved from address: 0x9F18 to address: 0xA16C of length 36
--- Found segment that must be added. Length: 4 , address: 0xA190
--- Found segment that will be moved from address: 0x9F40 to address: 0xA194 of length 8
--- Found segment that must be added. Length: 4 , address: 0xA19C
--- Found a word to insert to address: 0xA1A0
--- Found segment that must be added. Length: 4 , address: 0xA1A4
--- Found segment that will be moved from address: 0x9F54 to address: 0xA1A8 of length 108
--- Found segment that must be added. Length: 4 , address: 0xA214
--- Found segment that will be moved from address: 0x9FC4 to address: 0xA218 of length 152
--- Found segment that must be added. Length: 20 , address: 0xA2B0
--- Found segment that will be moved from address: 0xA070 to address: 0xA2C4 of length 44
--- Found segment that must be added. Length: 8 , address: 0xA2F0
--- Found segment that will be moved from address: 0xA0A4 to address: 0xA2F8 of length 124
--- Found segment that must be added. Length: 8 , address: 0xA374
--- Found a word to insert to address: 0xA37C
--- Found segment that must be added. Length: 4 , address: 0xA380
--- Found segment that will be moved from address: 0xA130 to address: 0xA384 of length 8
--- Found segment that must be added. Length: 4 , address: 0xA38C
--- Found segment that will be moved from address: 0xA13C to address: 0xA390 of length 64
--- Found segment that must be added. Length: 4 , address: 0xA3D0
--- Found segment that will be moved from address: 0xA180 to address: 0xA3D4 of length 28
--- Found segment that must be added. Length: 4 , address: 0xA3F0
--- Found segment that will be moved from address: 0xA1A0 to address: 0xA3F4 of length 36
--- Found segment that must be added. Length: 4 , address: 0xA418
--- Found segment that will be moved from address: 0xA1C8 to address: 0xA41C of length 12
--- Found segment that must be added. Length: 12 , address: 0xA428
--- Found segment that will be moved from address: 0xA1E0 to address: 0xA434 of length 20
--- Found segment that must be added. Length: 4 , address: 0xA448
--- Found segment that will be moved from address: 0xA1F8 to address: 0xA44C of length 780
--- Found segment that must be added. Length: 4 , address: 0xA758
--- Found segment that will be moved from address: 0xA508 to address: 0xA75C of length 396
--- Found segment that must be added. Length: 12 , address: 0xA8E8
--- Found segment that will be moved from address: 0xA6A0 to address: 0xA8F4 of length 32
--- Found segment that must be added. Length: 12 , address: 0xA914
--- Found segment that will be moved from address: 0xA6CC to address: 0xA920 of length 56
--- Found segment that must be added. Length: 16 , address: 0xA958
--- Found segment that will be moved from address: 0xA714 to address: 0xA968 of length 12
--- Found segment that must be added. Length: 4 , address: 0xA974
--- Found segment that will be moved from address: 0xA724 to address: 0xA978 of length 56
--- Found segment that must be added. Length: 4 , address: 0xA9B0
--- Found segment that will be moved from address: 0xA760 to address: 0xA9B4 of length 12
--- Found segment that must be added. Length: 4 , address: 0xA9C0
--- Found segment that will be moved from address: 0xA770 to address: 0xA9C4 of length 12
--- Found segment that must be added. Length: 4 , address: 0xA9D0
--- Found segment that will be moved from address: 0xA780 to address: 0xA9D4 of length 12
--- Found segment that must be added. Length: 4 , address: 0xA9E0
--- Found segment that will be moved from address: 0xA790 to address: 0xA9E4 of length 104
--- Found segment that must be added. Length: 8 , address: 0xAA4C
--- Found segment that will be moved from address: 0xA800 to address: 0xAA54 of length 136
--- Found segment that must be added. Length: 4 , address: 0xAADC
--- Found segment that will be moved from address: 0xA88C to address: 0xAAE0 of length 156
--- Found segment that must be added. Length: 4 , address: 0xAB7C
--- Found segment that will be moved from address: 0xA92C to address: 0xAB80 of length 120
--- Found segment that must be added. Length: 12 , address: 0xABF8
--- Found segment that will be moved from address: 0xA9B0 to address: 0xAC04 of length 56
--- Found segment that must be added. Length: 16 , address: 0xAC3C
--- Found segment that will be moved from address: 0xA9F8 to address: 0xAC4C of length 252
--- Found segment that must be added. Length: 4 , address: 0xAD48
--- Found segment that will be moved from address: 0xAAF8 to address: 0xAD4C of length 180
--- Found segment that must be added. Length: 8 , address: 0xAE00
--- Found segment that will be moved from address: 0xABB4 to address: 0xAE08 of length 48
--- Found segment that must be added. Length: 4 , address: 0xAE38
--- Found segment that will be moved from address: 0xABE8 to address: 0xAE3C of length 36
--- Found segment that must be added. Length: 4 , address: 0xAE60
--- Found segment that will be moved from address: 0xAC10 to address: 0xAE64 of length 136
--- Found segment that must be added. Length: 12 , address: 0xAEEC
--- Found segment that will be moved from address: 0xACA4 to address: 0xAEF8 of length 216
--- Found segment that must be added. Length: 12 , address: 0xAFD0
--- Found segment that will be moved from address: 0xAD88 to address: 0xAFDC of length 16
--- Found segment that must be added. Length: 4 , address: 0xAFEC
--- Found segment that will be moved from address: 0xAD9C to address: 0xAFF0 of length 84
--- Found segment that must be added. Length: 12 , address: 0xB044
--- Found segment that will be moved from address: 0xADFC to address: 0xB050 of length 56
--- Found segment that must be added. Length: 4 , address: 0xB088
--- Found segment that will be moved from address: 0xAE38 to address: 0xB08C of length 548
--- Found segment that must be added. Length: 4 , address: 0xB2B0
--- Found segment that will be moved from address: 0xB060 to address: 0xB2B4 of length 24
--- Found segment that must be added. Length: 4 , address: 0xB2CC
--- Found segment that will be moved from address: 0xB07C to address: 0xB2D0 of length 272
--- Found segment that must be added. Length: 4 , address: 0xB3E0
--- Found segment that will be moved from address: 0xB190 to address: 0xB3E4 of length 20
--- Found segment that must be added. Length: 4 , address: 0xB3F8
--- Found segment that will be moved from address: 0xB1A8 to address: 0xB3FC of length 160
--- Found segment that must be added. Length: 12 , address: 0xB49C
--- Found segment that will be moved from address: 0xB254 to address: 0xB4A8 of length 224
--- Found segment that must be added. Length: 16 , address: 0xB588
--- Found segment that will be moved from address: 0xB344 to address: 0xB598 of length 212
--- Found segment that must be added. Length: 4 , address: 0xB66C
--- Found segment that will be moved from address: 0xB41C to address: 0xB670 of length 12
--- Found segment that must be added. Length: 4 , address: 0xB67C
--- Found segment that will be moved from address: 0xB42C to address: 0xB680 of length 12
--- Found segment that must be added. Length: 4 , address: 0xB68C
--- Found segment that will be moved from address: 0xB43C to address: 0xB690 of length 784
--- Found segment that must be added. Length: 12 , address: 0xB9A0
--- Found a word to insert to address: 0xB9AC
--- Found segment that must be added. Length: 4 , address: 0xB9B0
--- Found segment that will be moved from address: 0xB760 to address: 0xB9B4 of length 764
--- Found segment that must be added. Length: 8 , address: 0xBCB0
--- Found segment that will be moved from address: 0xBA64 to address: 0xBCB8 of length 676
--- Found segment that must be added. Length: 24 , address: 0xBF5C
--- Found a word to insert to address: 0xBF74
--- Found segment that must be added. Length: 4 , address: 0xBF78
--- Found segment that will be moved from address: 0xBD28 to address: 0xBF7C of length 292
--- Found segment that must be added. Length: 20 , address: 0xC0A0
--- Found segment that will be moved from address: 0xBE60 to address: 0xC0B4 of length 60
--- Found segment that will be moved from address: 0xBEB0 to address: 0xC0F0 of length 12
--- Found segment that will be moved from address: 0xBE9C to address: 0xC0FC of length 20
--- Found segment that will be moved from address: 0xBEBC to address: 0xC110 of length 196
--- Found segment that must be added. Length: 72 , address: 0xC1D4
--- Found a word to insert to address: 0xC21C
--- Found segment that will be moved from address: 0xE614 to address: 0xC220 of length 8
--- Found segment that must be added. Length: 12 , address: 0xC228
--- Found a word to insert to address: 0xC234
--- Found segment that must be added. Length: 12 , address: 0xC238
--- Found a word to insert to address: 0xC244
--- Found segment that must be added. Length: 32 , address: 0xC248
--- Found a word to insert to address: 0xC268
--- Found segment that must be added. Length: 12 , address: 0xC26C
--- Found segment that will be moved from address: 0xC028 to address: 0xC278 of length 16
--- Found a word to insert to address: 0xC288
--- Found segment that must be added. Length: 8 , address: 0xC28C
--- Found a word to insert to address: 0xC294
--- Found segment that will be moved from address: 0xC00C to address: 0xC298 of length 12
--- Found segment that must be added. Length: 28 , address: 0xC2A4
--- Found a word to insert to address: 0xC2C0
--- Found segment that must be added. Length: 8 , address: 0xC2C4
--- Found a word to insert to address: 0xC2CC
--- Found segment that must be added. Length: 4 , address: 0xC2D0
--- Found segment that will be moved from address: 0xC010 to address: 0xC2D4 of length 8
--- Found segment that must be added. Length: 4 , address: 0xC2DC
--- Found a word to insert to address: 0xC2E0
--- Found segment that must be added. Length: 16 , address: 0xC2E4
--- Found segment that will be moved from address: 0xE3B8 to address: 0xC2F4 of length 8
--- Found a word to insert to address: 0xC2FC
--- Found segment that must be added. Length: 16 , address: 0xC300
--- Found a word to insert to address: 0xC310
--- Found segment that must be added. Length: 24 , address: 0xC314
--- Found a word to insert to address: 0xC32C
--- Found segment that must be added. Length: 16 , address: 0xC330
--- Found a word to insert to address: 0xC340
--- Found segment that must be added. Length: 56 , address: 0xC344
--- Found a word to insert to address: 0xC37C
--- Found segment that must be added. Length: 24 , address: 0xC380
--- Found segment that will be moved from address: 0xC0C8 to address: 0xC398 of length 8
--- Found segment that must be added. Length: 32 , address: 0xC3A0
--- Found a word to insert to address: 0xC3C0
--- Found segment that will be moved from address: 0xC0F4 to address: 0xC3C4 of length 60
--- Found segment that must be added. Length: 104 , address: 0xC400
--- Found a word to insert to address: 0xC468
--- Found segment that must be added. Length: 20 , address: 0xC46C
--- Found segment that will be moved from address: 0xC198 to address: 0xC480 of length 268
--- Found segment that must be added. Length: 16 , address: 0xC58C
--- Found a word to insert to address: 0xC59C
--- Found segment that must be added. Length: 8 , address: 0xC5A0
--- Found a word to insert to address: 0xC5A8
--- Found a word to insert to address: 0xC5AC
--- Found segment that must be added. Length: 16 , address: 0xC5B0
--- Found segment that will be moved from address: 0xC2D8 to address: 0xC5C0 of length 648
--- Found segment that must be added. Length: 28 , address: 0xC848
--- Found segment that will be moved from address: 0xC57C to address: 0xC864 of length 240

--- OPTIMIZING...

---- Optimized 2 ADD/INSERT operations by merging...
---- Optimized 2 ADD/INSERT operations by merging...
---- Optimized 2 ADD/INSERT operations by merging...
---- Optimized 2 ADD/INSERT operations by merging...
---- Optimized 2 ADD/INSERT operations by merging...
---- Optimized 2 ADD/INSERT operations by merging...
---- Optimized 2 ADD/INSERT operations by merging...
---- Optimized 2 ADD/INSERT operations by merging...
---- Optimized 2 ADD/INSERT operations by merging...
---- Optimized 2 ADD/INSERT operations by merging...
---- Optimized 2 ADD/INSERT operations by merging...
---- Optimized 2 ADD/INSERT operations by merging...
---- Optimized 2 ADD/INSERT operations by merging...
---- Optimized 2 ADD/INSERT operations by merging...
---- Optimized 2 ADD/INSERT operations by merging...
---- Optimized 2 ADD/INSERT operations by merging...
---- Optimized 2 ADD/INSERT operations by merging...
---- Optimized 2 ADD/INSERT operations by merging...
---- Optimized 2 ADD/INSERT operations by merging...
---- Optimized 2 ADD/INSERT operations by merging...
---- Optimized 2 ADD/INSERT operations by merging...
---- Optimized 2 ADD/INSERT operations by merging...
---- Optimized 2 ADD/INSERT operations by merging...
---- Optimized 2 ADD/INSERT operations by merging...
---- Optimized 2 ADD/INSERT operations by merging...
---- Optimized 2 ADD/INSERT operations by merging...
---- Optimized 2 ADD/INSERT operations by merging...
---- Optimized 2 ADD/INSERT operations by merging...
---- Optimized 2 ADD/INSERT operations by merging...
---- Optimized 2 ADD/INSERT operations by merging...
---- Optimized 2 ADD/INSERT operations by merging...
---- Optimized 2 ADD/INSERT operations by merging...
---- Optimized 2 ADD/INSERT operations by merging...
---- Optimized 2 ADD/INSERT operations by merging...
---- Optimized 2 ADD/INSERT operations by merging...
---- Optimized 2 ADD/INSERT operations by merging...
---- Optimized 2 ADD/INSERT operations by merging...
---- Optimized 2 ADD/INSERT operations by merging...
---- Optimized 2 ADD/INSERT operations by merging...
---- Optimized 2 ADD/INSERT operations by merging...
---- Optimized 2 ADD/INSERT operations by merging...
---- Optimized 2 ADD/INSERT operations by merging...
---- Optimized 2 ADD/INSERT operations by merging...
---- Optimized 2 ADD/INSERT operations by merging...
---- Optimized 2 ADD/INSERT operations by merging...
---- Optimized 2 ADD/INSERT operations by merging...
---- Optimized 2 ADD/INSERT operations by merging...
---- Optimized 2 ADD/INSERT operations by merging...
---- Optimized 2 ADD/INSERT operations by merging...
---- Optimized 2 ADD/INSERT operations by merging...
---- Optimized 2 ADD/INSERT operations by merging...
---- Optimized 2 ADD/INSERT operations by merging...
---- Optimized COPY and ADD operations to preceding ADD...
---- Optimized COPY and ADD operations to preceding ADD...
---- Optimized 2 ADD/INSERT operations by merging...
---- Optimized 2 ADD/INSERT operations by merging...
---- Optimized COPY and ADD operations to preceding ADD...
---- Optimized 2 ADD/INSERT operations by merging...
---- Optimized 2 ADD/INSERT operations by merging...
---- Optimized 2 ADD/INSERT operations by merging...
---- Optimized 2 ADD/INSERT operations by merging...
---- Optimized 2 ADD/INSERT operations by merging...
---- Optimized 2 ADD/INSERT operations by merging...
---- Optimized 2 ADD/INSERT operations by merging...
---- Optimized 2 ADD/INSERT operations by merging...
---- Optimized 2 ADD/INSERT operations by merging...
---- Optimized 2 ADD/INSERT operations by merging...
---- Optimized 2 ADD/INSERT operations by merging...
---- Optimized 2 ADD/INSERT operations by merging...
---- Optimized 2 ADD/INSERT operations by merging...
---- Optimized 2 ADD/INSERT operations by merging...
---- Optimized 2 ADD/INSERT operations by merging...
---- Optimized 2 ADD/INSERT operations by merging...
---- Optimized 2 ADD/INSERT operations by merging...
---- Optimized 2 ADD/INSERT operations by merging...
---- Optimized 2 ADD/INSERT operations by merging...
---- Optimized 2 ADD/INSERT operations by merging...
---- Optimized 2 ADD/INSERT operations by merging...
---- Optimized 2 ADD/INSERT operations by merging...
---- Optimized COPY and ADD operations to preceding ADD...
---- Optimized COPY and ADD operations to preceding ADD...
---- Optimized 2 ADD/INSERT operations by merging...
---- Optimized 2 ADD/INSERT operations by merging...
---- Optimized 2 ADD/INSERT operations by merging...
---- Optimized 2 ADD/INSERT operations by merging...
---- Optimized 2 ADD/INSERT operations by merging...
---- Optimized 2 ADD/INSERT operations by merging...
---- Optimized 2 ADD/INSERT operations by merging...
---- Optimized 2 ADD/INSERT operations by merging...
---- Optimized 2 ADD/INSERT operations by merging...
---- Optimized 2 ADD/INSERT operations by merging...
---- Optimized 2 ADD/INSERT operations by merging...
---- Optimized 2 ADD/INSERT operations by merging...
---- Optimized 2 ADD/INSERT operations by merging...
---- Optimized 2 ADD/INSERT operations by merging...
---- Optimized 2 ADD/INSERT operations by merging...
---- Optimized 2 ADD/INSERT operations by merging...
---- Optimized 2 ADD/INSERT operations by merging...
---- Optimized 2 ADD/INSERT operations by merging...
---- Optimized 2 ADD/INSERT operations by merging...
---- Optimized 2 ADD/INSERT operations by merging...
---- Optimized COPY and ADD operations to preceding ADD...
---- Optimized 2 ADD/INSERT operations by merging...
---- Optimized 2 ADD/INSERT operations by merging...
---- Optimized 2 ADD/INSERT operations by merging...
---- Optimized 2 ADD/INSERT operations by merging...
---- Optimized 2 ADD/INSERT operations by merging...
---- Optimized 2 ADD/INSERT operations by merging...
---- Optimized 2 ADD/INSERT operations by merging...
---- Optimized 2 ADD/INSERT operations by merging...
---- Optimized 2 ADD/INSERT operations by merging...
---- Optimized 2 ADD/INSERT operations by merging...
---- Optimized 2 ADD/INSERT operations by merging...
---- Optimized 2 ADD/INSERT operations by merging...
---- Optimized COPY and ADD operations to preceding ADD...
---- Optimized 2 ADD/INSERT operations by merging...
---- Optimized 2 ADD/INSERT operations by merging...
---- Optimized 2 ADD/INSERT operations by merging...
---- Optimized 2 ADD/INSERT operations by merging...
---- Optimized 2 ADD/INSERT operations by merging...
---- Optimized 2 ADD/INSERT operations by merging...
---- Optimized 2 ADD/INSERT operations by merging...
---- Optimized 2 ADD/INSERT operations by merging...
---- Optimized 2 ADD/INSERT operations by merging...
---- Optimized 2 ADD/INSERT operations by merging...
---- Optimized COPY and ADD operations to preceding ADD...
---- Optimized COPY and ADD operations to preceding ADD...
---- Optimized 2 ADD/INSERT operations by merging...
---- Optimized 2 ADD/INSERT operations by merging...
---- Optimized 2 ADD/INSERT operations by merging...
---- Optimized 2 ADD/INSERT operations by merging...
---- Optimized 2 ADD/INSERT operations by merging...
---- Optimized COPY and ADD operations to preceding ADD...
---- Optimized 2 ADD/INSERT operations by merging...
---- Optimized 2 ADD/INSERT operations by merging...
---- Optimized 2 ADD/INSERT operations by merging...
---- Optimized 2 ADD/INSERT operations by merging...
---- Optimized 2 ADD/INSERT operations by merging...
---- Optimized 2 ADD/INSERT operations by merging...
---- Optimized COPY and ADD operations to preceding ADD...
---- Optimized 2 ADD/INSERT operations by merging...
---- Optimized 2 ADD/INSERT operations by merging...
---- Optimized 2 ADD/INSERT operations by merging...
---- Optimized COPY and ADD operations to preceding ADD...
---- Optimized 2 ADD/INSERT operations by merging...
---- Optimized 2 ADD/INSERT operations by merging...
---- Optimized 2 ADD/INSERT operations by merging...
---- Optimized 2 ADD/INSERT operations by merging...
---- Optimized 2 ADD/INSERT operations by merging...
---- Optimized COPY and ADD operations to preceding ADD...
---- Optimized 2 ADD/INSERT operations by merging...
---- Optimized 2 ADD/INSERT operations by merging...
---- Optimized 2 ADD/INSERT operations by merging...
---- Optimized 2 ADD/INSERT operations by merging...
---- Optimized COPY and ADD operations to preceding ADD...
---- Optimized 2 ADD/INSERT operations by merging...
---- Optimized 2 ADD/INSERT operations by merging...
---- Optimized 2 ADD/INSERT operations by merging...
---- Optimized 2 ADD/INSERT operations by merging...
---- Optimized 2 ADD/INSERT operations by merging...
---- Optimized 2 ADD/INSERT operations by merging...
---- Optimized COPY and ADD operations to preceding ADD...
---- Optimized 2 ADD/INSERT operations by merging...
---- Optimized 2 ADD/INSERT operations by merging...
---- Optimized 2 ADD/INSERT operations by merging...
---- Optimized 2 ADD/INSERT operations by merging...
---- Optimized 2 ADD/INSERT operations by merging...
---- Optimized 2 ADD/INSERT operations by merging...
---- Optimized 2 ADD/INSERT operations by merging...
---- Optimized 2 ADD/INSERT operations by merging...
---- Optimized COPY and ADD operations to preceding ADD...
---- Optimized COPY and ADD operations to preceding ADD...
---- Optimized COPY and ADD operations to preceding ADD...
---- Optimized COPY and ADD operations to preceding ADD...
---- Optimized COPY and ADD operations to preceding ADD...
---- Optimized COPY and ADD operations to preceding ADD...
---- Optimized COPY and ADD operations to preceding ADD...
---- Optimized 2 ADD/INSERT operations by merging...
---- Optimized 2 ADD/INSERT operations by merging...
---- Optimized 2 ADD/INSERT operations by merging...
---- Optimized 2 ADD/INSERT operations by merging...
---- Optimized COPY and ADD operations to preceding ADD...
---- Optimized 2 ADD/INSERT operations by merging...
---- Optimized 2 ADD/INSERT operations by merging...
---- Optimized COPY and ADD operations to preceding ADD...
---- Optimized 2 ADD/INSERT operations by merging...
---- Optimized 2 ADD/INSERT operations by merging...
---- Optimized COPY and ADD operations to preceding ADD...
---- Optimized 2 ADD/INSERT operations by merging...
---- Optimized 2 ADD/INSERT operations by merging...
---- Optimized 2 ADD/INSERT operations by merging...
---- Optimized COPY and ADD operations to preceding ADD...
---- Optimized 2 ADD/INSERT operations by merging...
---- Optimized 2 ADD/INSERT operations by merging...
---- Optimized COPY and ADD operations to preceding ADD...
---- Optimized COPY and ADD operations to preceding ADD...
---- Optimized COPY and ADD operations to preceding ADD...
---- Optimized 2 ADD/INSERT operations by merging...
---- Optimized COPY and ADD operations to preceding ADD...
---- Optimized COPY and ADD operations to preceding ADD...
---- Optimized COPY and ADD operations to preceding ADD...
---- Optimized COPY and ADD operations to preceding ADD...
---- Optimized 2 ADD/INSERT operations by merging...
---- Optimized 2 ADD/INSERT operations by merging...
---- Optimized 2 ADD/INSERT operations by merging...
---- Optimized 2 ADD/INSERT operations by merging...
---- Optimized COPY and ADD operations to preceding ADD...
---- Optimized COPY and ADD operations to preceding ADD...
---- Optimized 2 ADD/INSERT operations by merging...
---- Optimized 2 ADD/INSERT operations by merging...
---- Optimized COPY and ADD operations to preceding ADD...
---- Optimized 2 ADD/INSERT operations by merging...
---- Optimized 2 ADD/INSERT operations by merging...
---- Optimized COPY and ADD operations to preceding ADD...
---- Optimized 2 ADD/INSERT operations by merging...
---- Optimized 2 ADD/INSERT operations by merging...
---- Optimized COPY and ADD operations to preceding ADD...
---- Optimized COPY and ADD operations to preceding ADD...
---- Optimized 2 ADD/INSERT operations by merging...
---- Optimized 2 ADD/INSERT operations by merging...
---- Optimized COPY and ADD operations to preceding ADD...
---- Optimized COPY and ADD operations to preceding ADD...
---- Optimized 2 ADD/INSERT operations by merging...
---- Optimized 2 ADD/INSERT operations by merging...
---- Optimized 2 ADD/INSERT operations by merging...
---- Optimized 2 ADD/INSERT operations by merging...
---- Optimized 2 ADD/INSERT operations by merging...
---- Optimized 2 ADD/INSERT operations by merging...
---- Optimized 2 ADD/INSERT operations by merging...
---- Optimized 2 ADD/INSERT operations by merging...
---- Optimized 2 ADD/INSERT operations by merging...
---- Optimized 2 ADD/INSERT operations by merging...
---- Optimized 2 ADD/INSERT operations by merging...
---- Optimized 2 ADD/INSERT operations by merging...
---- Optimized 2 ADD/INSERT operations by merging...
---- Optimized 2 ADD/INSERT operations by merging...
---- Optimized 2 ADD/INSERT operations by merging...
---- Optimized 2 ADD/INSERT operations by merging...
---- Optimized 2 ADD/INSERT operations by merging...
---- Optimized 2 ADD/INSERT operations by merging...
---- Optimized 2 ADD/INSERT operations by merging...
---- Optimized 2 ADD/INSERT operations by merging...
---- Optimized 2 ADD/INSERT operations by merging...
---- Optimized 2 ADD/INSERT operations by merging...
---- Optimized 2 ADD/INSERT operations by merging...
---- Optimized 2 ADD/INSERT operations by merging...
---- Optimized 2 ADD/INSERT operations by merging...
---- Optimized 2 ADD/INSERT operations by merging...
---- Optimized 2 ADD/INSERT operations by merging...
---- Optimized 2 ADD/INSERT operations by merging...
---- Optimized 2 ADD/INSERT operations by merging...
---- Optimized 2 ADD/INSERT operations by merging...
---- Optimized 2 ADD/INSERT operations by merging...
---- Optimized 2 ADD/INSERT operations by merging...
---- Optimized COPY and ADD operations to preceding ADD...
---- Optimized 2 ADD/INSERT operations by merging...
---- Optimized 2 ADD/INSERT operations by merging...
---- Optimized 2 ADD/INSERT operations by merging...
---- Optimized 2 ADD/INSERT operations by merging...
---- Optimized COPY and ADD operations to preceding ADD...
---- Optimized COPY and ADD operations to preceding ADD...
---- Optimized COPY and ADD operations to preceding ADD...
---- Optimized COPY and ADD operations to preceding ADD...
---- Optimized COPY and ADD operations to preceding ADD...
---- Optimized COPY and ADD operations to preceding ADD...
---- Optimized COPY and ADD operations to preceding ADD...
---- Optimized COPY and ADD operations to preceding ADD...
---- Optimized 2 ADD/INSERT operations by merging...
---- Optimized 2 ADD/INSERT operations by merging...
---- Optimized 2 ADD/INSERT operations by merging...
---- Optimized 2 ADD/INSERT operations by merging...
---- Optimized 2 ADD/INSERT operations by merging...
---- Optimized COPY and ADD operations to preceding ADD...
---- Optimized 2 ADD/INSERT operations by merging...
---- Optimized 2 ADD/INSERT operations by merging...
---- Optimized 2 ADD/INSERT operations by merging...
---- Optimized 2 ADD/INSERT operations by merging...
---- Optimized 2 ADD/INSERT operations by merging...
---- Optimized 2 ADD/INSERT operations by merging...
---- Optimized 2 ADD/INSERT operations by merging...
---- Optimized 2 ADD/INSERT operations by merging...
---- Optimized COPY and ADD operations to preceding ADD...
---- Optimized 2 ADD/INSERT operations by merging...
---- Optimized 2 ADD/INSERT operations by merging...
---- Optimized 2 ADD/INSERT operations by merging...
---- Optimized 2 ADD/INSERT operations by merging...
---- Optimized COPY and ADD operations to preceding ADD...
---- Optimized 2 ADD/INSERT operations by merging...
---- Optimized 2 ADD/INSERT operations by merging...
---- Optimized COPY and ADD operations to preceding ADD...
---- Optimized 2 ADD/INSERT operations by merging...
---- Optimized 2 ADD/INSERT operations by merging...
---- Optimized 2 ADD/INSERT operations by merging...
---- Optimized 2 ADD/INSERT operations by merging...
---- Optimized 2 ADD/INSERT operations by merging...
---- Optimized 2 ADD/INSERT operations by merging...
---- Optimized 2 ADD/INSERT operations by merging...
---- Optimized 2 ADD/INSERT operations by merging...
---- Optimized 2 ADD/INSERT operations by merging...
---- Optimized COPY and ADD operations to preceding ADD...
---- Optimized 2 ADD/INSERT operations by merging...
---- Optimized 2 ADD/INSERT operations by merging...
---- Optimized 2 ADD/INSERT operations by merging...
---- Optimized 2 ADD/INSERT operations by merging...
---- Optimized 2 ADD/INSERT operations by merging...
---- Optimized 2 ADD/INSERT operations by merging...
---- Optimized 2 ADD/INSERT operations by merging...
---- Optimized 2 ADD/INSERT operations by merging...
--- Found segment that will be moved from address: 0xC67C to address: 0xC964 of length 7280
--- Found segment that must be added. Length: 32 , address: 0xE5D4
--- Found a word to insert to address: 0xE5F4
--- Found segment that must be added. Length: 4 , address: 0xE5F8
--- Found a word to insert to address: 0xE5FC
--- Found segment that must be added. Length: 4 , address: 0xE600
--- Found a word to insert to address: 0xE604
--- Found segment that must be added. Length: 4 , address: 0xE608
--- Found a word to insert to address: 0xE60C
--- Found segment that must be added. Length: 4 , address: 0xE610
--- Found a word to insert to address: 0xE614
--- Found segment that must be added. Length: 4 , address: 0xE618
--- Found a word to insert to address: 0xE61C
--- Found segment that must be added. Length: 4 , address: 0xE620
--- Found a word to insert to address: 0xE624
--- Found segment that must be added. Length: 4 , address: 0xE628
--- Found a word to insert to address: 0xE62C
--- Found segment that must be added. Length: 4 , address: 0xE630
--- Found a word to insert to address: 0xE634
--- Found segment that must be added. Length: 4 , address: 0xE638
--- Found a word to insert to address: 0xE63C
--- Found segment that must be added. Length: 4 , address: 0xE640
--- Found a word to insert to address: 0xE644
--- Found segment that must be added. Length: 4 , address: 0xE648
--- Found a word to insert to address: 0xE64C
--- Found segment that must be added. Length: 4 , address: 0xE650
--- Found a word to insert to address: 0xE654
--- Found segment that must be added. Length: 4 , address: 0xE658
--- Found a word to insert to address: 0xE65C
--- Found segment that must be added. Length: 4 , address: 0xE660
--- Found a word to insert to address: 0xE664
--- Found a word to insert to address: 0xE668
--- Found a word to insert to address: 0xE66C
--- Found segment that must be added. Length: 4 , address: 0xE670
--- Found a word to insert to address: 0xE674
--- Found segment that must be added. Length: 4 , address: 0xE678
--- Found a word to insert to address: 0xE67C
--- Found segment that must be added. Length: 4 , address: 0xE680
--- Found a word to insert to address: 0xE684
--- Found segment that must be added. Length: 4 , address: 0xE688
--- Found segment that will be moved from address: 0xE3A4 to address: 0xE68C of length 1032
--- Found segment that must be added. Length: 120 , address: 0xEA94
--- Found segment that will be moved from address: 0xE824 to address: 0xEB0C of length 284
--- Found segment that must be added. Length: 4 , address: 0xEC28
--- Found segment that will be moved from address: 0xE944 to address: 0xEC2C of length 276
--- Found segment that must be added. Length: 4 , address: 0xED40
--- Found a word to insert to address: 0xED44
--- Found segment that must be added. Length: 16 , address: 0xED48
--- Found a word to insert to address: 0xED58
--- Found segment that must be added. Length: 4 , address: 0xED5C
--- Found segment that will be moved from address: 0xEA70 to address: 0xED60 of length 16
--- Found segment that must be added. Length: 4 , address: 0xED70
--- Found a word to insert to address: 0xED74
--- Found segment that must be added. Length: 12 , address: 0xED78
--- Found segment that will be moved from address: 0xEA94 to address: 0xED84 of length 84

--- OPTIMIZING...

---- Optimized 2 ADD/INSERT operations by merging...
---- Optimized 2 ADD/INSERT operations by merging...
---- Optimized 2 ADD/INSERT operations by merging...
---- Optimized 2 ADD/INSERT operations by merging...
---- Optimized 2 ADD/INSERT operations by merging...
---- Optimized 2 ADD/INSERT operations by merging...
---- Optimized 2 ADD/INSERT operations by merging...
---- Optimized 2 ADD/INSERT operations by merging...
---- Optimized 2 ADD/INSERT operations by merging...
---- Optimized 2 ADD/INSERT operations by merging...
---- Optimized 2 ADD/INSERT operations by merging...
---- Optimized 2 ADD/INSERT operations by merging...
---- Optimized 2 ADD/INSERT operations by merging...
---- Optimized 2 ADD/INSERT operations by merging...
---- Optimized 2 ADD/INSERT operations by merging...
---- Optimized 2 ADD/INSERT operations by merging...
---- Optimized 2 ADD/INSERT operations by merging...
---- Optimized 2 ADD/INSERT operations by merging...
---- Optimized 2 ADD/INSERT operations by merging...
---- Optimized 2 ADD/INSERT operations by merging...
---- Optimized 2 ADD/INSERT operations by merging...
---- Optimized 2 ADD/INSERT operations by merging...
---- Optimized 2 ADD/INSERT operations by merging...
---- Optimized 2 ADD/INSERT operations by merging...
---- Optimized 2 ADD/INSERT operations by merging...
---- Optimized 2 ADD/INSERT operations by merging...
---- Optimized 2 ADD/INSERT operations by merging...
---- Optimized 2 ADD/INSERT operations by merging...
---- Optimized 2 ADD/INSERT operations by merging...
---- Optimized 2 ADD/INSERT operations by merging...
---- Optimized 2 ADD/INSERT operations by merging...
---- Optimized 2 ADD/INSERT operations by merging...
---- Optimized 2 ADD/INSERT operations by merging...
---- Optimized 2 ADD/INSERT operations by merging...
---- Optimized 2 ADD/INSERT operations by merging...
---- Optimized 2 ADD/INSERT operations by merging...
---- Optimized 2 ADD/INSERT operations by merging...
---- Optimized 2 ADD/INSERT operations by merging...
---- Optimized 2 ADD/INSERT operations by merging...
---- Optimized 2 ADD/INSERT operations by merging...
---- Optimized 2 ADD/INSERT operations by merging...
---- Optimized 2 ADD/INSERT operations by merging...
---- Optimized 2 ADD/INSERT operations by merging...
---- Optimized 2 ADD/INSERT operations by merging...
-- Done...
------------------------------------------

-- Generating file 'samd21-xpro\deltagen_rev_05_rev_06\deltagen_rev_05_rev_06'...
--- Data succesfully generated
--- Generating checksum CRC-16
--- Generated CRC-16
--- Finalizing delta file
--- Writing file 'samd21-xpro\deltagen_rev_05_rev_06\deltagen_rev_05_rev_06'

-- OPERATION SUCCESFULL ...
Elapsed time: 00:00:02.3896263
------------------------------------------

