
There are 6 non-matching segments with total length of 17592
-- Found 6 segments that have changed...
-- Searching for matching segments...
-- Done searching...
------------------------------------------

-- Generating operations...
--- Found segment that must be added. Length: 12 , address: 0x4

--- OPTIMIZING...

--- Found word that must be inserted. Length: 4 , address: 0x2C

--- OPTIMIZING...

--- Found segment that must be added. Length: 108 , address: 0x38

--- OPTIMIZING...

--- Found word that must be inserted. Length: 4 , address: 0xB8

--- OPTIMIZING...

--- Found segment that must be added. Length: 44 , address: 0xC0
--- Found a word to insert to address: 0xEC
--- Found segment that must be added. Length: 4 , address: 0xF0
--- Found segment that will be moved from address: 0xFC to address: 0xF4 of length 8
--- Found segment that must be added. Length: 4 , address: 0xFC
--- Found a word to insert to address: 0x100
--- Found segment that must be added. Length: 4 , address: 0x104
--- Found a word to insert to address: 0x108
--- Found segment that must be added. Length: 20 , address: 0x10C
--- Found a word to insert to address: 0x120
--- Found segment that must be added. Length: 4 , address: 0x124
--- Found a word to insert to address: 0x128
--- Found segment that must be added. Length: 4 , address: 0x12C
--- Found a word to insert to address: 0x130
--- Found segment that must be added. Length: 4 , address: 0x134
--- Found a word to insert to address: 0x138
--- Found segment that must be added. Length: 8 , address: 0x13C
--- Found a word to insert to address: 0x144
--- Found segment that must be added. Length: 12 , address: 0x148
--- Found segment that will be moved from address: 0x180 to address: 0x154 of length 8
--- Found segment that must be added. Length: 4 , address: 0x15C
--- Found a word to insert to address: 0x160
--- Found segment that must be added. Length: 4 , address: 0x164
--- Found a word to insert to address: 0x168
--- Found segment that must be added. Length: 4 , address: 0x16C
--- Found segment that will be moved from address: 0x19C to address: 0x170 of length 20
--- Found segment that must be added. Length: 8 , address: 0x184
--- Found a word to insert to address: 0x18C
--- Found segment that must be added. Length: 4 , address: 0x190
--- Found segment that will be moved from address: 0x1C0 to address: 0x194 of length 8
--- Found segment that must be added. Length: 8 , address: 0x19C
--- Found segment that will be moved from address: 0x1D0 to address: 0x1A4 of length 8
--- Found segment that must be added. Length: 24 , address: 0x1AC
--- Found segment that will be moved from address: 0x1F0 to address: 0x1C4 of length 16
--- Found segment that must be added. Length: 8 , address: 0x1D4
--- Found segment that will be moved from address: 0x208 to address: 0x1DC of length 12
--- Found segment that must be added. Length: 4 , address: 0x1E8
--- Found segment that will be moved from address: 0x218 to address: 0x1EC of length 12
--- Found segment that must be added. Length: 4 , address: 0x1F8
--- Found segment that will be moved from address: 0x228 to address: 0x1FC of length 24
--- Found segment that must be added. Length: 4 , address: 0x214
--- Found segment that will be moved from address: 0x244 to address: 0x218 of length 8
--- Found segment that must be added. Length: 4 , address: 0x220
--- Found segment that will be moved from address: 0x250 to address: 0x224 of length 40
--- Found segment that must be added. Length: 12 , address: 0x24C
--- Found segment that will be moved from address: 0x284 to address: 0x258 of length 36
--- Found segment that must be added. Length: 8 , address: 0x27C
--- Found segment that will be moved from address: 0x2B0 to address: 0x284 of length 96
--- Found segment that must be added. Length: 8 , address: 0x2E4
--- Found segment that will be moved from address: 0x318 to address: 0x2EC of length 104
--- Found segment that must be added. Length: 4 , address: 0x354
--- Found segment that will be moved from address: 0x384 to address: 0x358 of length 12
--- Found segment that must be added. Length: 12 , address: 0x364
--- Found a word to insert to address: 0x370
--- Found segment that must be added. Length: 4 , address: 0x374
--- Found segment that will be moved from address: 0x3A4 to address: 0x378 of length 8
--- Found segment that must be added. Length: 4 , address: 0x380
--- Found a word to insert to address: 0x384
--- Found segment that must be added. Length: 16 , address: 0x388
--- Found segment that will be moved from address: 0x3C4 to address: 0x398 of length 108
--- Found segment that must be added. Length: 4 , address: 0x404
--- Found a word to insert to address: 0x408
--- Found segment that must be added. Length: 12 , address: 0x40C
--- Found a word to insert to address: 0x418
--- Found segment that must be added. Length: 4 , address: 0x41C
--- Found segment that will be moved from address: 0x44C to address: 0x420 of length 116
--- Found segment that must be added. Length: 4 , address: 0x494
--- Found a word to insert to address: 0x498
--- Found segment that will be moved from address: 0x4C8 to address: 0x49C of length 48
--- Found segment that must be added. Length: 8 , address: 0x4CC
--- Found segment that will be moved from address: 0x500 to address: 0x4D4 of length 52
--- Found segment that must be added. Length: 16 , address: 0x508
--- Found segment that will be moved from address: 0x544 to address: 0x518 of length 28
--- Found segment that must be added. Length: 4 , address: 0x534
--- Found segment that will be moved from address: 0x564 to address: 0x538 of length 48
--- Found segment that must be added. Length: 4 , address: 0x568
--- Found segment that will be moved from address: 0x598 to address: 0x56C of length 240
--- Found segment that must be added. Length: 8 , address: 0x65C
--- Found segment that will be moved from address: 0x690 to address: 0x664 of length 24
--- Found segment that must be added. Length: 8 , address: 0x67C
--- Found segment that will be moved from address: 0x6B0 to address: 0x684 of length 140
--- Found segment that must be added. Length: 4 , address: 0x710
--- Found a word to insert to address: 0x714
--- Found segment that must be added. Length: 4 , address: 0x718
--- Found segment that will be moved from address: 0x748 to address: 0x71C of length 168
--- Found segment that must be added. Length: 4 , address: 0x7C4
--- Found segment that will be moved from address: 0x7F4 to address: 0x7C8 of length 160
--- Found segment that must be added. Length: 4 , address: 0x868
--- Found segment that will be moved from address: 0x898 to address: 0x86C of length 20
--- Found segment that must be added. Length: 4 , address: 0x880
--- Found segment that will be moved from address: 0x8B0 to address: 0x884 of length 100
--- Found segment that must be added. Length: 4 , address: 0x8E8
--- Found segment that will be moved from address: 0x918 to address: 0x8EC of length 12
--- Found segment that must be added. Length: 4 , address: 0x8F8
--- Found segment that will be moved from address: 0x928 to address: 0x8FC of length 48
--- Found segment that must be added. Length: 4 , address: 0x92C
--- Found segment that will be moved from address: 0x95C to address: 0x930 of length 32
--- Found segment that must be added. Length: 4 , address: 0x950
--- Found segment that will be moved from address: 0x980 to address: 0x954 of length 8
--- Found segment that must be added. Length: 4 , address: 0x95C
--- Found segment that will be moved from address: 0x98C to address: 0x960 of length 24
--- Found segment that must be added. Length: 4 , address: 0x978
--- Found segment that will be moved from address: 0x9A8 to address: 0x97C of length 12
--- Found segment that must be added. Length: 4 , address: 0x988
--- Found a word to insert to address: 0x98C
--- Found segment that must be added. Length: 12 , address: 0x990
--- Found segment that will be moved from address: 0x9C8 to address: 0x99C of length 28
--- Found segment that must be added. Length: 4 , address: 0x9B8
--- Found a word to insert to address: 0x9BC
--- Found segment that must be added. Length: 4 , address: 0x9C0
--- Found a word to insert to address: 0x9C4
--- Found segment that must be added. Length: 4 , address: 0x9C8
--- Found segment that will be moved from address: 0x9F8 to address: 0x9CC of length 16
--- Found segment that must be added. Length: 4 , address: 0x9DC
--- Found segment that will be moved from address: 0xA0C to address: 0x9E0 of length 88
--- Found segment that must be added. Length: 4 , address: 0xA38
--- Found segment that will be moved from address: 0xA68 to address: 0xA3C of length 12
--- Found segment that must be added. Length: 4 , address: 0xA48
--- Found segment that will be moved from address: 0xA78 to address: 0xA4C of length 12
--- Found segment that must be added. Length: 4 , address: 0xA58
--- Found segment that will be moved from address: 0xA88 to address: 0xA5C of length 8
--- Found segment that must be added. Length: 4 , address: 0xA64
--- Found segment that will be moved from address: 0xA94 to address: 0xA68 of length 12
--- Found segment that must be added. Length: 28 , address: 0xA74
--- Found a word to insert to address: 0xA90
--- Found a word to insert to address: 0xA94
--- Found segment that must be added. Length: 24 , address: 0xA98
--- Found segment that will be moved from address: 0xADC to address: 0xAB0 of length 20
--- Found segment that must be added. Length: 4 , address: 0xAC4
--- Found segment that will be moved from address: 0xAF4 to address: 0xAC8 of length 316
--- Found segment that must be added. Length: 4 , address: 0xC04
--- Found a word to insert to address: 0xC08
--- Found segment that will be moved from address: 0xC38 to address: 0xC0C of length 68
--- Found segment that must be added. Length: 4 , address: 0xC50
--- Found segment that will be moved from address: 0xC80 to address: 0xC54 of length 28
--- Found segment that must be added. Length: 4 , address: 0xC70
--- Found segment that will be moved from address: 0xCA0 to address: 0xC74 of length 16
--- Found segment that must be added. Length: 16 , address: 0xC84
--- Found a word to insert to address: 0xC94
--- Found segment that must be added. Length: 32 , address: 0xC98
--- Found a word to insert to address: 0xCB8
--- Found segment that must be added. Length: 8 , address: 0xCBC
--- Found a word to insert to address: 0xCC4
--- Found segment that must be added. Length: 20 , address: 0xCC8
--- Found a word to insert to address: 0xCDC
--- Found segment that must be added. Length: 48 , address: 0xCE0
--- Found a word to insert to address: 0xD10
--- Found segment that must be added. Length: 84 , address: 0xD14
--- Found a word to insert to address: 0xD68
--- Found a word to insert to address: 0xD6C
--- Found segment that must be added. Length: 4 , address: 0xD70
--- Found a word to insert to address: 0xD74
--- Found segment that must be added. Length: 20 , address: 0xD78
--- Found a word to insert to address: 0xD8C
--- Found segment that must be added. Length: 72 , address: 0xD90
--- Found segment that will be moved from address: 0xE64 to address: 0xDD8 of length 8
--- Found segment that must be added. Length: 12 , address: 0xDE0
--- Found a word to insert to address: 0xDEC
--- Found segment that must be added. Length: 12 , address: 0xDF0
--- Found a word to insert to address: 0xDFC
--- Found segment that must be added. Length: 16 , address: 0xE00
--- Found a word to insert to address: 0xE10
--- Found segment that must be added. Length: 16 , address: 0xE14
--- Found a word to insert to address: 0xE24
--- Found segment that must be added. Length: 24 , address: 0xE28
--- Found a word to insert to address: 0xE40
--- Found segment that will be moved from address: 0xF5C to address: 0xE44 of length 60
--- Found segment that must be added. Length: 4 , address: 0xE80
--- Found segment that will be moved from address: 0xF9C to address: 0xE84 of length 288
--- Found segment that must be added. Length: 4 , address: 0xFA4
--- Found segment that will be moved from address: 0x10C0 to address: 0xFA8 of length 32
--- Found segment that must be added. Length: 4 , address: 0xFC8
--- Found segment that will be moved from address: 0x10E4 to address: 0xFCC of length 124
--- Found segment that must be added. Length: 4 , address: 0x1048
--- Found segment that will be moved from address: 0x1164 to address: 0x104C of length 20
--- Found segment that must be added. Length: 4 , address: 0x1060
--- Found segment that will be moved from address: 0x117C to address: 0x1064 of length 16
--- Found segment that must be added. Length: 4 , address: 0x1074
--- Found segment that will be moved from address: 0x1190 to address: 0x1078 of length 20
--- Found segment that must be added. Length: 4 , address: 0x108C
--- Found segment that will be moved from address: 0x11A8 to address: 0x1090 of length 56
--- Found segment that must be added. Length: 8 , address: 0x10C8
--- Found a word to insert to address: 0x10D0
--- Found segment that must be added. Length: 4 , address: 0x10D4
--- Found segment that will be moved from address: 0x11F0 to address: 0x10D8 of length 40
--- Found segment that must be added. Length: 4 , address: 0x1100
--- Found segment that will be moved from address: 0x121C to address: 0x1104 of length 24
--- Found segment that must be added. Length: 4 , address: 0x111C
--- Found segment that will be moved from address: 0x1238 to address: 0x1120 of length 84
--- Found segment that must be added. Length: 48 , address: 0x1174
--- Found segment that will be moved from address: 0x12BC to address: 0x11A4 of length 68
--- Found a word to insert to address: 0x11E8
--- Found segment that must be added. Length: 4 , address: 0x11EC
--- Found segment that will be moved from address: 0x1308 to address: 0x11F0 of length 20
--- Found segment that must be added. Length: 4 , address: 0x1204
--- Found segment that will be moved from address: 0x1320 to address: 0x1208 of length 12
--- Found segment that must be added. Length: 8 , address: 0x1214
--- Found segment that will be moved from address: 0x1334 to address: 0x121C of length 12
--- Found a word to insert to address: 0x1228
--- Found segment that must be added. Length: 4 , address: 0x122C
--- Found segment that will be moved from address: 0x1348 to address: 0x1230 of length 40
--- Found segment that must be added. Length: 4 , address: 0x1258
--- Found segment that will be moved from address: 0x1374 to address: 0x125C of length 136
--- Found segment that must be added. Length: 4 , address: 0x12E4
--- Found segment that will be moved from address: 0x1400 to address: 0x12E8 of length 8
--- Found segment that must be added. Length: 4 , address: 0x12F0
--- Found a word to insert to address: 0x12F4
--- Found segment that must be added. Length: 4 , address: 0x12F8
--- Found segment that will be moved from address: 0x1414 to address: 0x12FC of length 28
--- Found segment that must be added. Length: 4 , address: 0x1318
--- Found segment that will be moved from address: 0x1434 to address: 0x131C of length 32
--- Found a word to insert to address: 0x133C
--- Found segment that will be moved from address: 0x1458 to address: 0x1340 of length 308
--- Found segment that must be added. Length: 4 , address: 0x1474
--- Found segment that will be moved from address: 0x1590 to address: 0x1478 of length 176
--- Found segment that must be added. Length: 4 , address: 0x1528
--- Found segment that will be moved from address: 0x1644 to address: 0x152C of length 8
--- Found segment that must be added. Length: 8 , address: 0x1534
--- Found segment that will be moved from address: 0x1654 to address: 0x153C of length 48
--- Found segment that must be added. Length: 4 , address: 0x156C
--- Found segment that will be moved from address: 0x1688 to address: 0x1570 of length 44
--- Found segment that must be added. Length: 4 , address: 0x159C
--- Found segment that will be moved from address: 0x16B8 to address: 0x15A0 of length 96
--- Found segment that must be added. Length: 4 , address: 0x1600
--- Found a word to insert to address: 0x1604
--- Found segment that must be added. Length: 8 , address: 0x1608
--- Found segment that will be moved from address: 0x1728 to address: 0x1610 of length 12
--- Found segment that must be added. Length: 4 , address: 0x161C
--- Found segment that will be moved from address: 0x1738 to address: 0x1620 of length 76
--- Found segment that must be added. Length: 4 , address: 0x166C
--- Found segment that will be moved from address: 0x1788 to address: 0x1670 of length 48
--- Found segment that must be added. Length: 12 , address: 0x16A0
--- Found segment that will be moved from address: 0x17C4 to address: 0x16AC of length 28
--- Found segment that must be added. Length: 4 , address: 0x16C8
--- Found segment that will be moved from address: 0x17E4 to address: 0x16CC of length 24
--- Found segment that must be added. Length: 4 , address: 0x16E4
--- Found segment that will be moved from address: 0x1800 to address: 0x16E8 of length 104
--- Found segment that must be added. Length: 8 , address: 0x1750
--- Found segment that will be moved from address: 0x1870 to address: 0x1758 of length 44
--- Found segment that must be added. Length: 4 , address: 0x1784
--- Found a word to insert to address: 0x1788
--- Found segment that must be added. Length: 8 , address: 0x178C
--- Found segment that will be moved from address: 0x18AC to address: 0x1794 of length 24
--- Found segment that must be added. Length: 4 , address: 0x17AC
--- Found segment that will be moved from address: 0x18C8 to address: 0x17B0 of length 76
--- Found segment that must be added. Length: 8 , address: 0x17FC
--- Found segment that will be moved from address: 0x191C to address: 0x1804 of length 112
--- Found segment that must be added. Length: 4 , address: 0x1874
--- Found a word to insert to address: 0x1878
--- Found segment that must be added. Length: 4 , address: 0x187C
--- Found segment that will be moved from address: 0x1998 to address: 0x1880 of length 32
--- Found segment that must be added. Length: 4 , address: 0x18A0
--- Found segment that will be moved from address: 0x19BC to address: 0x18A4 of length 36
--- Found segment that must be added. Length: 4 , address: 0x18C8
--- Found segment that will be moved from address: 0x19E4 to address: 0x18CC of length 60
--- Found segment that must be added. Length: 12 , address: 0x1908
--- Found segment that will be moved from address: 0x1A2C to address: 0x1914 of length 76
--- Found segment that must be added. Length: 4 , address: 0x1960
--- Found segment that will be moved from address: 0x1654 to address: 0x1964 of length 48
--- Found segment that must be added. Length: 4 , address: 0x1994
--- Found segment that will be moved from address: 0x1688 to address: 0x1998 of length 44
--- Found segment that must be added. Length: 4 , address: 0x19C4
--- Found segment that will be moved from address: 0x1AE0 to address: 0x19C8 of length 88
--- Found segment that must be added. Length: 4 , address: 0x1A20
--- Found segment that will be moved from address: 0x1B3C to address: 0x1A24 of length 80
--- Found a word to insert to address: 0x1A74
--- Found segment that must be added. Length: 4 , address: 0x1A78
--- Found segment that will be moved from address: 0x1B94 to address: 0x1A7C of length 192
--- Found segment that must be added. Length: 4 , address: 0x1B3C
--- Found segment that will be moved from address: 0x1C58 to address: 0x1B40 of length 12
--- Found segment that must be added. Length: 4 , address: 0x1B4C
--- Found segment that will be moved from address: 0x1C68 to address: 0x1B50 of length 52
--- Found segment that must be added. Length: 4 , address: 0x1B84
--- Found segment that will be moved from address: 0x1CA0 to address: 0x1B88 of length 24
--- Found segment that must be added. Length: 4 , address: 0x1BA0
--- Found segment that will be moved from address: 0x1CBC to address: 0x1BA4 of length 40
--- Found segment that must be added. Length: 24 , address: 0x1BCC
--- Found segment that will be moved from address: 0x1CFC to address: 0x1BE4 of length 28
--- Found segment that must be added. Length: 4 , address: 0x1C00
--- Found segment that will be moved from address: 0x1D1C to address: 0x1C04 of length 324
--- Found segment that must be added. Length: 24 , address: 0x1D48
--- Found a word to insert to address: 0x1D60
--- Found segment that must be added. Length: 36 , address: 0x1D64
--- Found segment that will be moved from address: 0x1EA0 to address: 0x1D88 of length 12
--- Found segment that must be added. Length: 4 , address: 0x1D94
--- Found segment that will be moved from address: 0x1EB0 to address: 0x1D98 of length 16
--- Found segment that must be added. Length: 4 , address: 0x1DA8
--- Found segment that will be moved from address: 0x1EC4 to address: 0x1DAC of length 56
--- Found segment that must be added. Length: 4 , address: 0x1DE4
--- Found segment that will be moved from address: 0x1F00 to address: 0x1DE8 of length 36
--- Found segment that must be added. Length: 4 , address: 0x1E0C
--- Found segment that will be moved from address: 0x1F28 to address: 0x1E10 of length 608
--- Found segment that must be added. Length: 16 , address: 0x2070
--- Found a word to insert to address: 0x2080
--- Found segment that must be added. Length: 24 , address: 0x2084
--- Found segment that will be moved from address: 0x21B4 to address: 0x209C of length 24
--- Found segment that must be added. Length: 4 , address: 0x20B4
--- Found segment that will be moved from address: 0x21D0 to address: 0x20B8 of length 12
--- Found segment that must be added. Length: 4 , address: 0x20C4
--- Found segment that will be moved from address: 0x21E0 to address: 0x20C8 of length 828
--- Found segment that must be added. Length: 12 , address: 0x2404
--- Found segment that will be moved from address: 0x2528 to address: 0x2410 of length 32
--- Found segment that must be added. Length: 8 , address: 0x2430
--- Found segment that will be moved from address: 0x2550 to address: 0x2438 of length 60
--- Found segment that must be added. Length: 16 , address: 0x2474
--- Found segment that will be moved from address: 0x259C to address: 0x2484 of length 12
--- Found segment that must be added. Length: 4 , address: 0x2490
--- Found segment that will be moved from address: 0x25AC to address: 0x2494 of length 56
--- Found segment that must be added. Length: 4 , address: 0x24CC
--- Found segment that will be moved from address: 0x25E8 to address: 0x24D0 of length 12
--- Found segment that must be added. Length: 4 , address: 0x24DC
--- Found segment that will be moved from address: 0x25F8 to address: 0x24E0 of length 12
--- Found segment that must be added. Length: 4 , address: 0x24EC
--- Found segment that will be moved from address: 0x2608 to address: 0x24F0 of length 12
--- Found segment that must be added. Length: 4 , address: 0x24FC
--- Found segment that will be moved from address: 0x2618 to address: 0x2500 of length 104
--- Found segment that must be added. Length: 8 , address: 0x2568
--- Found segment that will be moved from address: 0x2688 to address: 0x2570 of length 136
--- Found segment that must be added. Length: 4 , address: 0x25F8
--- Found segment that will be moved from address: 0x2714 to address: 0x25FC of length 280
--- Found segment that must be added. Length: 12 , address: 0x2714
--- Found segment that will be moved from address: 0x2838 to address: 0x2720 of length 20
--- Found segment that must be added. Length: 4 , address: 0x2734
--- Found segment that will be moved from address: 0x2850 to address: 0x2738 of length 32
--- Found segment that must be added. Length: 16 , address: 0x2758
--- Found segment that will be moved from address: 0x2880 to address: 0x2768 of length 168
--- Found segment that must be added. Length: 4 , address: 0x2810
--- Found segment that will be moved from address: 0x292C to address: 0x2814 of length 180
--- Found segment that must be added. Length: 8 , address: 0x28C8
--- Found segment that will be moved from address: 0x29E8 to address: 0x28D0 of length 228
--- Found segment that must be added. Length: 12 , address: 0x29B4
--- Found segment that will be moved from address: 0x2AD8 to address: 0x29C0 of length 216
--- Found segment that must be added. Length: 12 , address: 0x2A98
--- Found segment that will be moved from address: 0x2BBC to address: 0x2AA4 of length 104
--- Found segment that must be added. Length: 12 , address: 0x2B0C
--- Found segment that will be moved from address: 0x2C30 to address: 0x2B18 of length 464
--- Found segment that must be added. Length: 4 , address: 0x2CE8
--- Found segment that will be moved from address: 0x2E04 to address: 0x2CEC of length 188
--- Found segment that must be added. Length: 12 , address: 0x2DA8
--- Found segment that will be moved from address: 0x2ECC to address: 0x2DB4 of length 228
--- Found segment that must be added. Length: 12 , address: 0x2E98
--- Found segment that will be moved from address: 0x2FBC to address: 0x2EA4 of length 212
--- Found segment that must be added. Length: 4 , address: 0x2F78
--- Found segment that will be moved from address: 0x3094 to address: 0x2F7C of length 12
--- Found segment that must be added. Length: 4 , address: 0x2F88
--- Found segment that will be moved from address: 0x30A4 to address: 0x2F8C of length 12
--- Found segment that must be added. Length: 4 , address: 0x2F98
--- Found segment that will be moved from address: 0x30B4 to address: 0x2F9C of length 676
--- Found segment that must be added. Length: 24 , address: 0x3240
--- Found a word to insert to address: 0x3258
--- Found segment that must be added. Length: 4 , address: 0x325C
--- Found segment that will be moved from address: 0x3378 to address: 0x3260 of length 292
--- Found segment that must be added. Length: 20 , address: 0x3384
--- Found segment that will be moved from address: 0x34B0 to address: 0x3398 of length 784
--- Found segment that must be added. Length: 8 , address: 0x36A8
--- Found segment that will be moved from address: 0x37C8 to address: 0x36B0 of length 76
--- Found segment that must be added. Length: 28 , address: 0x36FC
--- Found segment that will be moved from address: 0x3870 to address: 0x3718 of length 244
--- Found a word to insert to address: 0x380C
--- Found a word to insert to address: 0x3810
--- Found segment that must be added. Length: 24 , address: 0x3814
--- Found a word to insert to address: 0x382C
--- Found segment that must be added. Length: 20 , address: 0x3830
--- Found segment that will be moved from address: 0x3990 to address: 0x3844 of length 268
--- Found segment that must be added. Length: 52 , address: 0x3950
--- Found segment that will be moved from address: 0x3AD0 to address: 0x3984 of length 1844
--- Found segment that must be added. Length: 48 , address: 0x40B8
--- Found segment that will be moved from address: 0x4234 to address: 0x40E8 of length 524

--- OPTIMIZING...

---- Optimized 2 ADD/INSERT operations by merging...
---- Optimized 2 ADD/INSERT operations by merging...
---- Optimized COPY and ADD operations to preceding ADD...
---- Optimized 2 ADD/INSERT operations by merging...
---- Optimized 2 ADD/INSERT operations by merging...
---- Optimized 2 ADD/INSERT operations by merging...
---- Optimized 2 ADD/INSERT operations by merging...
---- Optimized 2 ADD/INSERT operations by merging...
---- Optimized 2 ADD/INSERT operations by merging...
---- Optimized 2 ADD/INSERT operations by merging...
---- Optimized 2 ADD/INSERT operations by merging...
---- Optimized 2 ADD/INSERT operations by merging...
---- Optimized 2 ADD/INSERT operations by merging...
---- Optimized 2 ADD/INSERT operations by merging...
---- Optimized 2 ADD/INSERT operations by merging...
---- Optimized 2 ADD/INSERT operations by merging...
---- Optimized 2 ADD/INSERT operations by merging...
---- Optimized COPY and ADD operations to preceding ADD...
---- Optimized 2 ADD/INSERT operations by merging...
---- Optimized 2 ADD/INSERT operations by merging...
---- Optimized 2 ADD/INSERT operations by merging...
---- Optimized 2 ADD/INSERT operations by merging...
---- Optimized 2 ADD/INSERT operations by merging...
---- Optimized 2 ADD/INSERT operations by merging...
---- Optimized COPY and ADD operations to preceding ADD...
---- Optimized COPY and ADD operations to preceding ADD...
---- Optimized COPY and ADD operations to preceding ADD...
---- Optimized COPY and ADD operations to preceding ADD...
---- Optimized COPY and ADD operations to preceding ADD...
---- Optimized COPY and ADD operations to preceding ADD...
---- Optimized 2 ADD/INSERT operations by merging...
---- Optimized 2 ADD/INSERT operations by merging...
---- Optimized COPY and ADD operations to preceding ADD...
---- Optimized 2 ADD/INSERT operations by merging...
---- Optimized 2 ADD/INSERT operations by merging...
---- Optimized 2 ADD/INSERT operations by merging...
---- Optimized 2 ADD/INSERT operations by merging...
---- Optimized 2 ADD/INSERT operations by merging...
---- Optimized 2 ADD/INSERT operations by merging...
---- Optimized 2 ADD/INSERT operations by merging...
---- Optimized 2 ADD/INSERT operations by merging...
---- Optimized 2 ADD/INSERT operations by merging...
---- Optimized COPY and ADD operations to preceding ADD...
---- Optimized COPY and ADD operations to preceding ADD...
---- Optimized COPY and ADD operations to preceding ADD...
---- Optimized 2 ADD/INSERT operations by merging...
---- Optimized 2 ADD/INSERT operations by merging...
---- Optimized 2 ADD/INSERT operations by merging...
---- Optimized 2 ADD/INSERT operations by merging...
---- Optimized 2 ADD/INSERT operations by merging...
---- Optimized 2 ADD/INSERT operations by merging...
---- Optimized COPY and ADD operations to preceding ADD...
---- Optimized COPY and ADD operations to preceding ADD...
---- Optimized COPY and ADD operations to preceding ADD...
---- Optimized COPY and ADD operations to preceding ADD...
---- Optimized 2 ADD/INSERT operations by merging...
---- Optimized 2 ADD/INSERT operations by merging...
---- Optimized 2 ADD/INSERT operations by merging...
---- Optimized 2 ADD/INSERT operations by merging...
---- Optimized 2 ADD/INSERT operations by merging...
---- Optimized 2 ADD/INSERT operations by merging...
---- Optimized 2 ADD/INSERT operations by merging...
---- Optimized 2 ADD/INSERT operations by merging...
---- Optimized 2 ADD/INSERT operations by merging...
---- Optimized 2 ADD/INSERT operations by merging...
---- Optimized 2 ADD/INSERT operations by merging...
---- Optimized 2 ADD/INSERT operations by merging...
---- Optimized 2 ADD/INSERT operations by merging...
---- Optimized 2 ADD/INSERT operations by merging...
---- Optimized 2 ADD/INSERT operations by merging...
---- Optimized 2 ADD/INSERT operations by merging...
---- Optimized 2 ADD/INSERT operations by merging...
---- Optimized 2 ADD/INSERT operations by merging...
---- Optimized 2 ADD/INSERT operations by merging...
---- Optimized 2 ADD/INSERT operations by merging...
---- Optimized 2 ADD/INSERT operations by merging...
---- Optimized COPY and ADD operations to preceding ADD...
---- Optimized 2 ADD/INSERT operations by merging...
---- Optimized 2 ADD/INSERT operations by merging...
---- Optimized 2 ADD/INSERT operations by merging...
---- Optimized 2 ADD/INSERT operations by merging...
---- Optimized 2 ADD/INSERT operations by merging...
---- Optimized 2 ADD/INSERT operations by merging...
---- Optimized 2 ADD/INSERT operations by merging...
---- Optimized 2 ADD/INSERT operations by merging...
---- Optimized 2 ADD/INSERT operations by merging...
---- Optimized 2 ADD/INSERT operations by merging...
---- Optimized 2 ADD/INSERT operations by merging...
---- Optimized 2 ADD/INSERT operations by merging...
---- Optimized COPY and ADD operations to preceding ADD...
---- Optimized COPY and ADD operations to preceding ADD...
---- Optimized 2 ADD/INSERT operations by merging...
---- Optimized COPY and ADD operations to preceding ADD...
---- Optimized 2 ADD/INSERT operations by merging...
---- Optimized 2 ADD/INSERT operations by merging...
---- Optimized COPY and ADD operations to preceding ADD...
---- Optimized 2 ADD/INSERT operations by merging...
---- Optimized 2 ADD/INSERT operations by merging...
---- Optimized COPY and ADD operations to preceding ADD...
---- Optimized 2 ADD/INSERT operations by merging...
---- Optimized 2 ADD/INSERT operations by merging...
---- Optimized 2 ADD/INSERT operations by merging...
---- Optimized 2 ADD/INSERT operations by merging...
---- Optimized 2 ADD/INSERT operations by merging...
---- Optimized COPY and ADD operations to preceding ADD...
---- Optimized 2 ADD/INSERT operations by merging...
---- Optimized 2 ADD/INSERT operations by merging...
---- Optimized COPY and ADD operations to preceding ADD...
---- Optimized 2 ADD/INSERT operations by merging...
---- Optimized 2 ADD/INSERT operations by merging...
---- Optimized COPY and ADD operations to preceding ADD...
---- Optimized COPY and ADD operations to preceding ADD...
---- Optimized COPY and ADD operations to preceding ADD...
---- Optimized COPY and ADD operations to preceding ADD...
---- Optimized COPY and ADD operations to preceding ADD...
---- Optimized COPY and ADD operations to preceding ADD...
---- Optimized COPY and ADD operations to preceding ADD...
---- Optimized 2 ADD/INSERT operations by merging...
---- Optimized 2 ADD/INSERT operations by merging...
---- Optimized 2 ADD/INSERT operations by merging...
---- Optimized 2 ADD/INSERT operations by merging...
---- Optimized 2 ADD/INSERT operations by merging...
---- Optimized 2 ADD/INSERT operations by merging...
--- Found segment that will be moved from address: 0x4458 to address: 0x430C of length 52
--- Found segment that must be added. Length: 4 , address: 0x4340
--- Found a word to insert to address: 0x4344
--- Found segment that must be added. Length: 4 , address: 0x4348
--- Found segment that will be moved from address: 0x4498 to address: 0x434C of length 24
--- Found segment that must be added. Length: 12 , address: 0x4364
--- Found segment that will be moved from address: 0x44BC to address: 0x4370 of length 84
--- Found a word to insert to address: 0x43C4
--- Found a word to insert to address: 0x43C8
--- Found a word to insert to address: 0x43CC
--- Found a word to insert to address: 0x43D0
--- Found a word to insert to address: 0x43D4
--- Found a word to insert to address: 0x43D8
--- Found a word to insert to address: 0x43DC
--- Found a word to insert to address: 0x43E0
--- Found a word to insert to address: 0x43E4
--- Found a word to insert to address: 0x43E8
--- Found a word to insert to address: 0x43EC
--- Found a word to insert to address: 0x43F0
--- Found a word to insert to address: 0x43F4
--- Found a word to insert to address: 0x43F8
--- Found a word to insert to address: 0x43FC
--- Found a word to insert to address: 0x4400
--- Found a word to insert to address: 0x4404
--- Found a word to insert to address: 0x4408
--- Found a word to insert to address: 0x440C
--- Found a word to insert to address: 0x4410
--- Found a word to insert to address: 0x4414
--- Found a word to insert to address: 0x4418
--- Found a word to insert to address: 0x441C
--- Found a word to insert to address: 0x4420
--- Found a word to insert to address: 0x4424
--- Found a word to insert to address: 0x4428
--- Found a word to insert to address: 0x442C
--- Found a word to insert to address: 0x4430
--- Found a word to insert to address: 0x4434
--- Found a word to insert to address: 0x4438
--- Found a word to insert to address: 0x443C
--- Found a word to insert to address: 0x4440
--- Found a word to insert to address: 0x4444
--- Found a word to insert to address: 0x4448
--- Found a word to insert to address: 0x444C
--- Found a word to insert to address: 0x4450
--- Found a word to insert to address: 0x4454
--- Found a word to insert to address: 0x4458
--- Found a word to insert to address: 0x445C
--- Found a word to insert to address: 0x4460
--- Found a word to insert to address: 0x4464
--- Found a word to insert to address: 0x4468
--- Found a word to insert to address: 0x446C
--- Found a word to insert to address: 0x4470
--- Found a word to insert to address: 0x4474
--- Found a word to insert to address: 0x4478
--- Found a word to insert to address: 0x447C
--- Found a word to insert to address: 0x4480
--- Found a word to insert to address: 0x4484
--- Found a word to insert to address: 0x4488
--- Found a word to insert to address: 0x448C
--- Found a word to insert to address: 0x4490
--- Found a word to insert to address: 0x4494
--- Found a word to insert to address: 0x4498
--- Found a word to insert to address: 0x449C
--- Found a word to insert to address: 0x44A0
--- Found a word to insert to address: 0x44A4
--- Found a word to insert to address: 0x44A8
--- Found a word to insert to address: 0x44AC
--- Found a word to insert to address: 0x44B0
--- Found a word to insert to address: 0x44B4
--- Found a word to insert to address: 0x44B8
--- Found a word to insert to address: 0x44BC
--- Found a word to insert to address: 0x44C0
--- Found a word to insert to address: 0x44C4
--- Found a word to insert to address: 0x44C8
--- Found a word to insert to address: 0x44CC
--- Found a word to insert to address: 0x44D0
--- Found a word to insert to address: 0x44D4
--- Found a word to insert to address: 0x44D8
--- Found a word to insert to address: 0x44DC
--- Found a word to insert to address: 0x44E0
--- Found a word to insert to address: 0x44E4
--- Found a word to insert to address: 0x44E8
--- Found a word to insert to address: 0x44EC
--- Found a word to insert to address: 0x44F0
--- Found a word to insert to address: 0x44F4
--- Found a word to insert to address: 0x44F8
--- Found a word to insert to address: 0x44FC
--- Found a word to insert to address: 0x4500
--- Found a word to insert to address: 0x4504
--- Found a word to insert to address: 0x4508
--- Found a word to insert to address: 0x450C

--- OPTIMIZING...

---- Optimized 2 ADD/INSERT operations by merging...
---- Optimized 2 ADD/INSERT operations by merging...
---- Optimized 2 ADD/INSERT operations by merging...
---- Optimized 2 ADD/INSERT operations by merging...
---- Optimized 2 ADD/INSERT operations by merging...
---- Optimized 2 ADD/INSERT operations by merging...
---- Optimized 2 ADD/INSERT operations by merging...
---- Optimized 2 ADD/INSERT operations by merging...
---- Optimized 2 ADD/INSERT operations by merging...
---- Optimized 2 ADD/INSERT operations by merging...
---- Optimized 2 ADD/INSERT operations by merging...
---- Optimized 2 ADD/INSERT operations by merging...
---- Optimized 2 ADD/INSERT operations by merging...
---- Optimized 2 ADD/INSERT operations by merging...
---- Optimized 2 ADD/INSERT operations by merging...
---- Optimized 2 ADD/INSERT operations by merging...
---- Optimized 2 ADD/INSERT operations by merging...
---- Optimized 2 ADD/INSERT operations by merging...
---- Optimized 2 ADD/INSERT operations by merging...
---- Optimized 2 ADD/INSERT operations by merging...
---- Optimized 2 ADD/INSERT operations by merging...
---- Optimized 2 ADD/INSERT operations by merging...
---- Optimized 2 ADD/INSERT operations by merging...
---- Optimized 2 ADD/INSERT operations by merging...
---- Optimized 2 ADD/INSERT operations by merging...
---- Optimized 2 ADD/INSERT operations by merging...
---- Optimized 2 ADD/INSERT operations by merging...
---- Optimized 2 ADD/INSERT operations by merging...
---- Optimized 2 ADD/INSERT operations by merging...
---- Optimized 2 ADD/INSERT operations by merging...
---- Optimized 2 ADD/INSERT operations by merging...
---- Optimized 2 ADD/INSERT operations by merging...
---- Optimized 2 ADD/INSERT operations by merging...
---- Optimized 2 ADD/INSERT operations by merging...
---- Optimized 2 ADD/INSERT operations by merging...
---- Optimized 2 ADD/INSERT operations by merging...
---- Optimized 2 ADD/INSERT operations by merging...
---- Optimized 2 ADD/INSERT operations by merging...
---- Optimized 2 ADD/INSERT operations by merging...
---- Optimized 2 ADD/INSERT operations by merging...
---- Optimized 2 ADD/INSERT operations by merging...
---- Optimized 2 ADD/INSERT operations by merging...
---- Optimized 2 ADD/INSERT operations by merging...
---- Optimized 2 ADD/INSERT operations by merging...
---- Optimized 2 ADD/INSERT operations by merging...
---- Optimized 2 ADD/INSERT operations by merging...
---- Optimized 2 ADD/INSERT operations by merging...
---- Optimized 2 ADD/INSERT operations by merging...
---- Optimized 2 ADD/INSERT operations by merging...
---- Optimized 2 ADD/INSERT operations by merging...
---- Optimized 2 ADD/INSERT operations by merging...
---- Optimized 2 ADD/INSERT operations by merging...
---- Optimized 2 ADD/INSERT operations by merging...
---- Optimized 2 ADD/INSERT operations by merging...
---- Optimized 2 ADD/INSERT operations by merging...
---- Optimized 2 ADD/INSERT operations by merging...
---- Optimized 2 ADD/INSERT operations by merging...
---- Optimized 2 ADD/INSERT operations by merging...
---- Optimized 2 ADD/INSERT operations by merging...
---- Optimized 2 ADD/INSERT operations by merging...
---- Optimized 2 ADD/INSERT operations by merging...
---- Optimized 2 ADD/INSERT operations by merging...
---- Optimized 2 ADD/INSERT operations by merging...
---- Optimized 2 ADD/INSERT operations by merging...
---- Optimized 2 ADD/INSERT operations by merging...
---- Optimized 2 ADD/INSERT operations by merging...
---- Optimized 2 ADD/INSERT operations by merging...
---- Optimized 2 ADD/INSERT operations by merging...
---- Optimized 2 ADD/INSERT operations by merging...
---- Optimized 2 ADD/INSERT operations by merging...
---- Optimized 2 ADD/INSERT operations by merging...
---- Optimized 2 ADD/INSERT operations by merging...
---- Optimized 2 ADD/INSERT operations by merging...
---- Optimized 2 ADD/INSERT operations by merging...
---- Optimized 2 ADD/INSERT operations by merging...
---- Optimized 2 ADD/INSERT operations by merging...
---- Optimized 2 ADD/INSERT operations by merging...
---- Optimized 2 ADD/INSERT operations by merging...
---- Optimized 2 ADD/INSERT operations by merging...
---- Optimized 2 ADD/INSERT operations by merging...
---- Optimized 2 ADD/INSERT operations by merging...
---- Optimized 2 ADD/INSERT operations by merging...
---- Optimized 2 ADD/INSERT operations by merging...
---- Optimized 2 ADD/INSERT operations by merging...
-- Done...
------------------------------------------

-- Generating file 'samd20-xpro\deltagen_rev_01_rev_02\deltagen_rev_01_rev_02'...
--- Data succesfully generated
--- Generating checksum CRC-16
--- Generated CRC-16
--- Finalizing delta file
--- Writing file 'samd20-xpro\deltagen_rev_01_rev_02\deltagen_rev_01_rev_02'

-- OPERATION SUCCESFULL ...
Elapsed time: 00:00:00.3160872
------------------------------------------

