
There are 5 non-matching segments with total length of 17616
-- Found 5 segments that have changed...
-- Searching for matching segments...
-- Done searching...
------------------------------------------

-- Generating operations...
--- Found segment that must be added. Length: 12 , address: 0x4

--- OPTIMIZING...

--- Found word that must be inserted. Length: 4 , address: 0x2C

--- OPTIMIZING...

--- Found segment that must be added. Length: 108 , address: 0x38

--- OPTIMIZING...

--- Found word that must be inserted. Length: 4 , address: 0xB8

--- OPTIMIZING...

--- Found segment that must be added. Length: 52 , address: 0xC0
--- Found a word to insert to address: 0xF4
--- Found segment that must be added. Length: 4 , address: 0xF8
--- Found a word to insert to address: 0xFC
--- Found segment that must be added. Length: 8 , address: 0x100
--- Found a word to insert to address: 0x108
--- Found segment that must be added. Length: 4 , address: 0x10C
--- Found a word to insert to address: 0x110
--- Found segment that must be added. Length: 16 , address: 0x114
--- Found a word to insert to address: 0x124
--- Found segment that must be added. Length: 16 , address: 0x128
--- Found a word to insert to address: 0x138
--- Found segment that must be added. Length: 32 , address: 0x13C
--- Found a word to insert to address: 0x15C
--- Found segment that must be added. Length: 16 , address: 0x160
--- Found a word to insert to address: 0x170
--- Found segment that must be added. Length: 16 , address: 0x174
--- Found a word to insert to address: 0x184
--- Found segment that must be added. Length: 24 , address: 0x188
--- Found a word to insert to address: 0x1A0
--- Found segment that must be added. Length: 28 , address: 0x1A4
--- Found a word to insert to address: 0x1C0
--- Found segment that must be added. Length: 12 , address: 0x1C4
--- Found segment that will be moved from address: 0x12C to address: 0x1D0 of length 8
--- Found segment that must be added. Length: 24 , address: 0x1D8
--- Found segment that will be moved from address: 0x14C to address: 0x1F0 of length 16
--- Found segment that must be added. Length: 8 , address: 0x200
--- Found segment that will be moved from address: 0x164 to address: 0x208 of length 8
--- Found segment that must be added. Length: 8 , address: 0x210
--- Found segment that will be moved from address: 0x174 to address: 0x218 of length 8
--- Found segment that must be added. Length: 8 , address: 0x220
--- Found segment that will be moved from address: 0x184 to address: 0x228 of length 24
--- Found segment that must be added. Length: 8 , address: 0x240
--- Found a word to insert to address: 0x248
--- Found segment that must be added. Length: 4 , address: 0x24C
--- Found segment that will be moved from address: 0x1AC to address: 0x250 of length 40
--- Found segment that must be added. Length: 12 , address: 0x278
--- Found segment that will be moved from address: 0x1E0 to address: 0x284 of length 36
--- Found a word to insert to address: 0x2A8
--- Found segment that must be added. Length: 4 , address: 0x2AC
--- Found segment that will be moved from address: 0x20C to address: 0x2B0 of length 96
--- Found a word to insert to address: 0x310
--- Found segment that must be added. Length: 4 , address: 0x314
--- Found segment that will be moved from address: 0x274 to address: 0x318 of length 104
--- Found segment that must be added. Length: 4 , address: 0x380
--- Found segment that will be moved from address: 0x2E0 to address: 0x384 of length 12
--- Found segment that must be added. Length: 20 , address: 0x390
--- Found segment that will be moved from address: 0x300 to address: 0x3A4 of length 8
--- Found segment that must be added. Length: 4 , address: 0x3AC
--- Found a word to insert to address: 0x3B0
--- Found a word to insert to address: 0x3B4
--- Found segment that must be added. Length: 12 , address: 0x3B8
--- Found segment that will be moved from address: 0x320 to address: 0x3C4 of length 108
--- Found a word to insert to address: 0x430
--- Found a word to insert to address: 0x434
--- Found a word to insert to address: 0x438
--- Found segment that must be added. Length: 8 , address: 0x43C
--- Found a word to insert to address: 0x444
--- Found a word to insert to address: 0x448
--- Found segment that will be moved from address: 0x3A8 to address: 0x44C of length 116
--- Found segment that must be added. Length: 4 , address: 0x4C0
--- Found a word to insert to address: 0x4C4
--- Found segment that will be moved from address: 0x424 to address: 0x4C8 of length 48
--- Found a word to insert to address: 0x4F8
--- Found a word to insert to address: 0x4FC
--- Found segment that will be moved from address: 0x45C to address: 0x500 of length 52
--- Found a word to insert to address: 0x534
--- Found segment that must be added. Length: 4 , address: 0x538
--- Found a word to insert to address: 0x53C
--- Found segment that must be added. Length: 4 , address: 0x540
--- Found segment that will be moved from address: 0x4A0 to address: 0x544 of length 28
--- Found segment that must be added. Length: 4 , address: 0x560
--- Found segment that will be moved from address: 0x4C0 to address: 0x564 of length 48
--- Found segment that must be added. Length: 4 , address: 0x594
--- Found segment that will be moved from address: 0x4F4 to address: 0x598 of length 240
--- Found segment that must be added. Length: 8 , address: 0x688
--- Found segment that will be moved from address: 0x5EC to address: 0x690 of length 24
--- Found segment that must be added. Length: 8 , address: 0x6A8
--- Found segment that will be moved from address: 0x60C to address: 0x6B0 of length 136
--- Found segment that must be added. Length: 8 , address: 0x738
--- Found a word to insert to address: 0x740
--- Found segment that must be added. Length: 4 , address: 0x744
--- Found segment that will be moved from address: 0x6A4 to address: 0x748 of length 168
--- Found segment that must be added. Length: 4 , address: 0x7F0
--- Found segment that will be moved from address: 0x750 to address: 0x7F4 of length 160
--- Found a word to insert to address: 0x894
--- Found segment that will be moved from address: 0x7F4 to address: 0x898 of length 20
--- Found segment that must be added. Length: 4 , address: 0x8AC
--- Found segment that will be moved from address: 0x80C to address: 0x8B0 of length 100
--- Found segment that must be added. Length: 4 , address: 0x914
--- Found segment that will be moved from address: 0x874 to address: 0x918 of length 12
--- Found segment that must be added. Length: 4 , address: 0x924
--- Found segment that will be moved from address: 0x884 to address: 0x928 of length 48
--- Found segment that must be added. Length: 4 , address: 0x958
--- Found segment that will be moved from address: 0x8B8 to address: 0x95C of length 32
--- Found segment that must be added. Length: 4 , address: 0x97C
--- Found segment that will be moved from address: 0x8DC to address: 0x980 of length 8
--- Found segment that must be added. Length: 4 , address: 0x988
--- Found segment that will be moved from address: 0x8E8 to address: 0x98C of length 24
--- Found segment that must be added. Length: 4 , address: 0x9A4
--- Found segment that will be moved from address: 0x904 to address: 0x9A8 of length 8
--- Found segment that must be added. Length: 24 , address: 0x9B0
--- Found segment that will be moved from address: 0x924 to address: 0x9C8 of length 28
--- Found segment that must be added. Length: 12 , address: 0x9E4
--- Found a word to insert to address: 0x9F0
--- Found segment that must be added. Length: 4 , address: 0x9F4
--- Found segment that will be moved from address: 0x954 to address: 0x9F8 of length 16
--- Found segment that must be added. Length: 4 , address: 0xA08
--- Found segment that will be moved from address: 0x968 to address: 0xA0C of length 84
--- Found segment that must be added. Length: 8 , address: 0xA60
--- Found segment that will be moved from address: 0x9C4 to address: 0xA68 of length 12
--- Found segment that must be added. Length: 4 , address: 0xA74
--- Found segment that will be moved from address: 0x9D4 to address: 0xA78 of length 12
--- Found segment that must be added. Length: 4 , address: 0xA84
--- Found segment that will be moved from address: 0x9E4 to address: 0xA88 of length 8
--- Found segment that must be added. Length: 4 , address: 0xA90
--- Found segment that will be moved from address: 0x9F0 to address: 0xA94 of length 12
--- Found segment that must be added. Length: 16 , address: 0xAA0
--- Found a word to insert to address: 0xAB0
--- Found segment that must be added. Length: 12 , address: 0xAB4
--- Found a word to insert to address: 0xAC0
--- Found segment that must be added. Length: 24 , address: 0xAC4
--- Found segment that will be moved from address: 0xA38 to address: 0xADC of length 20
--- Found segment that must be added. Length: 4 , address: 0xAF0
--- Found segment that will be moved from address: 0xA50 to address: 0xAF4 of length 316
--- Found segment that must be added. Length: 8 , address: 0xC30
--- Found segment that will be moved from address: 0xB94 to address: 0xC38 of length 68
--- Found segment that must be added. Length: 4 , address: 0xC7C
--- Found segment that will be moved from address: 0xBDC to address: 0xC80 of length 28
--- Found segment that must be added. Length: 4 , address: 0xC9C
--- Found segment that will be moved from address: 0xBFC to address: 0xCA0 of length 16
--- Found a word to insert to address: 0xCB0
--- Found segment that must be added. Length: 24 , address: 0xCB4
--- Found a word to insert to address: 0xCCC
--- Found segment that must be added. Length: 20 , address: 0xCD0
--- Found a word to insert to address: 0xCE4
--- Found segment that must be added. Length: 16 , address: 0xCE8
--- Found a word to insert to address: 0xCF8
--- Found segment that must be added. Length: 124 , address: 0xCFC
--- Found a word to insert to address: 0xD78
--- Found segment that must be added. Length: 64 , address: 0xD7C
--- Found a word to insert to address: 0xDBC
--- Found segment that must be added. Length: 4 , address: 0xDC0
--- Found a word to insert to address: 0xDC4
--- Found segment that must be added. Length: 4 , address: 0xDC8
--- Found a word to insert to address: 0xDCC
--- Found segment that must be added. Length: 240 , address: 0xDD0
--- Found a word to insert to address: 0xEC0
--- Found segment that must be added. Length: 4 , address: 0xEC4
--- Found a word to insert to address: 0xEC8
--- Found segment that must be added. Length: 52 , address: 0xECC
--- Found a word to insert to address: 0xF00
--- Found segment that must be added. Length: 8 , address: 0xF04
--- Found a word to insert to address: 0xF0C
--- Found segment that must be added. Length: 64 , address: 0xF10
--- Found a word to insert to address: 0xF50
--- Found segment that must be added. Length: 4 , address: 0xF54
--- Found segment that will be moved from address: 0xC0C to address: 0xF58 of length 64
--- Found segment that must be added. Length: 4 , address: 0xF98
--- Found a word to insert to address: 0xF9C
--- Found segment that must be added. Length: 8 , address: 0xFA0
--- Found a word to insert to address: 0xFA8
--- Found segment that must be added. Length: 8 , address: 0xFAC
--- Found segment that will be moved from address: 0xC68 to address: 0xFB4 of length 44
--- Found a word to insert to address: 0xFE0
--- Found segment that must be added. Length: 16 , address: 0xFE4
--- Found a word to insert to address: 0xFF4
--- Found segment that must be added. Length: 12 , address: 0xFF8
--- Found a word to insert to address: 0x1004
--- Found segment that must be added. Length: 8 , address: 0x1008
--- Found a word to insert to address: 0x1010
--- Found segment that must be added. Length: 76 , address: 0x1014
--- Found a word to insert to address: 0x1060
--- Found segment that must be added. Length: 60 , address: 0x1064
--- Found segment that will be moved from address: 0xC98 to address: 0x10A0 of length 8
--- Found segment that must be added. Length: 4 , address: 0x10A8
--- Found segment that will be moved from address: 0xCA4 to address: 0x10AC of length 8
--- Found segment that must be added. Length: 4 , address: 0x10B4
--- Found a word to insert to address: 0x10B8
--- Found segment that must be added. Length: 4 , address: 0x10BC
--- Found segment that will be moved from address: 0xCB8 to address: 0x10C0 of length 32
--- Found segment that must be added. Length: 8 , address: 0x10E0
--- Found segment that will be moved from address: 0xCE0 to address: 0x10E8 of length 120
--- Found segment that must be added. Length: 4 , address: 0x1160
--- Found segment that will be moved from address: 0xD5C to address: 0x1164 of length 20
--- Found segment that must be added. Length: 4 , address: 0x1178
--- Found segment that will be moved from address: 0xD74 to address: 0x117C of length 16
--- Found segment that must be added. Length: 4 , address: 0x118C
--- Found segment that will be moved from address: 0xD88 to address: 0x1190 of length 20
--- Found segment that must be added. Length: 4 , address: 0x11A4
--- Found segment that will be moved from address: 0xDA0 to address: 0x11A8 of length 52
--- Found segment that must be added. Length: 12 , address: 0x11DC
--- Found a word to insert to address: 0x11E8
--- Found segment that must be added. Length: 4 , address: 0x11EC
--- Found segment that will be moved from address: 0xDE8 to address: 0x11F0 of length 16
--- Found segment that must be added. Length: 4 , address: 0x1200
--- Found segment that will be moved from address: 0xDFC to address: 0x1204 of length 20
--- Found segment that must be added. Length: 4 , address: 0x1218
--- Found segment that will be moved from address: 0xE14 to address: 0x121C of length 24
--- Found a word to insert to address: 0x1234
--- Found segment that will be moved from address: 0xE30 to address: 0x1238 of length 40
--- Found segment that must be added. Length: 4 , address: 0x1260
--- Found segment that will be moved from address: 0xE5C to address: 0x1264 of length 32
--- Found segment that must be added. Length: 4 , address: 0x1284
--- Found a word to insert to address: 0x1288
--- Found segment that must be added. Length: 32 , address: 0x128C
--- Found a word to insert to address: 0x12AC
--- Found segment that must be added. Length: 12 , address: 0x12B0
--- Found segment that will be moved from address: 0xEB4 to address: 0x12BC of length 68
--- Found segment that must be added. Length: 8 , address: 0x1300
--- Found segment that will be moved from address: 0xF00 to address: 0x1308 of length 8
--- Found segment that must be added. Length: 4 , address: 0x1310
--- Found segment that will be moved from address: 0xF0C to address: 0x1314 of length 8
--- Found segment that must be added. Length: 4 , address: 0x131C
--- Found segment that will be moved from address: 0xF18 to address: 0x1320 of length 12
--- Found segment that must be added. Length: 8 , address: 0x132C
--- Found segment that will be moved from address: 0xF2C to address: 0x1334 of length 12
--- Found segment that must be added. Length: 8 , address: 0x1340
--- Found segment that will be moved from address: 0xF40 to address: 0x1348 of length 40
--- Found segment that must be added. Length: 4 , address: 0x1370
--- Found segment that will be moved from address: 0xF6C to address: 0x1374 of length 136
--- Found segment that must be added. Length: 4 , address: 0x13FC
--- Found a word to insert to address: 0x1400
--- Found segment that must be added. Length: 8 , address: 0x1404
--- Found a word to insert to address: 0x140C
--- Found segment that must be added. Length: 4 , address: 0x1410
--- Found segment that will be moved from address: 0x100C to address: 0x1414 of length 28
--- Found segment that must be added. Length: 4 , address: 0x1430
--- Found segment that will be moved from address: 0x102C to address: 0x1434 of length 32
--- Found segment that must be added. Length: 4 , address: 0x1454
--- Found segment that will be moved from address: 0x1050 to address: 0x1458 of length 52
--- Found segment that must be added. Length: 16 , address: 0x148C
--- Found segment that will be moved from address: 0x1088 to address: 0x149C of length 76
--- Found segment that must be added. Length: 4 , address: 0x14E8
--- Found segment that will be moved from address: 0x1088 to address: 0x14EC of length 8
--- Found segment that must be added. Length: 4 , address: 0x14F4
--- Found segment that will be moved from address: 0x10D4 to address: 0x14F8 of length 16
--- Found segment that must be added. Length: 4 , address: 0x1508
--- Found segment that will be moved from address: 0x10E8 to address: 0x150C of length 20
--- Found segment that must be added. Length: 4 , address: 0x1520
--- Found a word to insert to address: 0x1524
--- Found segment that must be added. Length: 4 , address: 0x1528
--- Found segment that will be moved from address: 0x1108 to address: 0x152C of length 96
--- Found segment that must be added. Length: 4 , address: 0x158C
--- Found segment that will be moved from address: 0x116C to address: 0x1590 of length 80
--- Found segment that must be added. Length: 4 , address: 0x15E0
--- Found segment that will be moved from address: 0x11C0 to address: 0x15E4 of length 92
--- Found a word to insert to address: 0x1640
--- Found segment that will be moved from address: 0x1220 to address: 0x1644 of length 8
--- Found segment that must be added. Length: 8 , address: 0x164C
--- Found segment that will be moved from address: 0x1390 to address: 0x1654 of length 48
--- Found segment that must be added. Length: 4 , address: 0x1684
--- Found segment that will be moved from address: 0x13C4 to address: 0x1688 of length 44
--- Found segment that must be added. Length: 4 , address: 0x16B4
--- Found a word to insert to address: 0x16B8
--- Found segment that must be added. Length: 16 , address: 0x16BC
--- Found a word to insert to address: 0x16CC
--- Found segment that must be added. Length: 20 , address: 0x16D0
--- Found a word to insert to address: 0x16E4
--- Found segment that must be added. Length: 20 , address: 0x16E8
--- Found a word to insert to address: 0x16FC
--- Found segment that must be added. Length: 28 , address: 0x1700
--- Found a word to insert to address: 0x171C
--- Found segment that must be added. Length: 8 , address: 0x1720
--- Found a word to insert to address: 0x1728
--- Found segment that must be added. Length: 20 , address: 0x172C
--- Found a word to insert to address: 0x1740
--- Found segment that must be added. Length: 8 , address: 0x1744
--- Found a word to insert to address: 0x174C
--- Found segment that must be added. Length: 40 , address: 0x1750
--- Found a word to insert to address: 0x1778
--- Found segment that must be added. Length: 36 , address: 0x177C
--- Found segment that will be moved from address: 0x1468 to address: 0x17A0 of length 8
--- Found segment that must be added. Length: 12 , address: 0x17A8
--- Found a word to insert to address: 0x17B4
--- Found segment that must be added. Length: 12 , address: 0x17B8
--- Found segment that will be moved from address: 0x1010 to address: 0x17C4 of length 8
--- Found segment that must be added. Length: 28 , address: 0x17CC
--- Found a word to insert to address: 0x17E8
--- Found segment that must be added. Length: 12 , address: 0x17EC
--- Found a word to insert to address: 0x17F8
--- Found segment that must be added. Length: 68 , address: 0x17FC
--- Found a word to insert to address: 0x1840
--- Found segment that must be added. Length: 4 , address: 0x1844
--- Found segment that will be moved from address: 0x1550 to address: 0x1848 of length 8
--- Found segment that must be added. Length: 32 , address: 0x1850
--- Found a word to insert to address: 0x1870
--- Found segment that must be added. Length: 44 , address: 0x1874
--- Found a word to insert to address: 0x18A0
--- Found segment that must be added. Length: 8 , address: 0x18A4
--- Found a word to insert to address: 0x18AC
--- Found a word to insert to address: 0x18B0
--- Found segment that must be added. Length: 8 , address: 0x18B4
--- Found a word to insert to address: 0x18BC
--- Found segment that must be added. Length: 40 , address: 0x18C0
--- Found a word to insert to address: 0x18E8
--- Found segment that must be added. Length: 48 , address: 0x18EC
--- Found segment that will be moved from address: 0x1230 to address: 0x191C of length 112
--- Found segment that must be added. Length: 4 , address: 0x198C
--- Found a word to insert to address: 0x1990
--- Found segment that must be added. Length: 4 , address: 0x1994
--- Found segment that will be moved from address: 0x12AC to address: 0x1998 of length 32
--- Found a word to insert to address: 0x19B8
--- Found segment that will be moved from address: 0x12D0 to address: 0x19BC of length 36
--- Found a word to insert to address: 0x19E0
--- Found segment that will be moved from address: 0x12F8 to address: 0x19E4 of length 60
--- Found segment that must be added. Length: 8 , address: 0x1A20
--- Found a word to insert to address: 0x1A28
--- Found segment that will be moved from address: 0x1340 to address: 0x1A2C of length 28
--- Found segment that must be added. Length: 4 , address: 0x1A48
--- Found a word to insert to address: 0x1A4C
--- Found segment that must be added. Length: 4 , address: 0x1A50
--- Found segment that will be moved from address: 0x1368 to address: 0x1A54 of length 12
--- Found segment that must be added. Length: 4 , address: 0x1A60
--- Found a word to insert to address: 0x1A64
--- Found segment that must be added. Length: 4 , address: 0x1A68
--- Found a word to insert to address: 0x1A6C
--- Found segment that must be added. Length: 4 , address: 0x1A70
--- Found a word to insert to address: 0x1A74
--- Found segment that must be added. Length: 4 , address: 0x1A78
--- Found segment that will be moved from address: 0x1390 to address: 0x1A7C of length 48
--- Found segment that must be added. Length: 4 , address: 0x1AAC
--- Found segment that will be moved from address: 0x13C4 to address: 0x1AB0 of length 44
--- Found segment that must be added. Length: 4 , address: 0x1ADC
--- Found segment that will be moved from address: 0x13F4 to address: 0x1AE0 of length 88
--- Found segment that must be added. Length: 4 , address: 0x1B38
--- Found segment that will be moved from address: 0x1450 to address: 0x1B3C of length 80
--- Found segment that must be added. Length: 8 , address: 0x1B8C
--- Found segment that will be moved from address: 0x14A8 to address: 0x1B94 of length 192
--- Found segment that must be added. Length: 4 , address: 0x1C54
--- Found segment that will be moved from address: 0x156C to address: 0x1C58 of length 12
--- Found segment that must be added. Length: 4 , address: 0x1C64
--- Found segment that will be moved from address: 0x157C to address: 0x1C68 of length 52
--- Found segment that must be added. Length: 4 , address: 0x1C9C
--- Found segment that will be moved from address: 0x15B4 to address: 0x1CA0 of length 20
--- Found segment that must be added. Length: 8 , address: 0x1CB4
--- Found segment that will be moved from address: 0x15D0 to address: 0x1CBC of length 40
--- Found segment that must be added. Length: 24 , address: 0x1CE4
--- Found segment that will be moved from address: 0x1610 to address: 0x1CFC of length 28
--- Found segment that must be added. Length: 4 , address: 0x1D18
--- Found segment that will be moved from address: 0x1630 to address: 0x1D1C of length 44
--- Found segment that must be added. Length: 4 , address: 0x1D48
--- Found segment that will be moved from address: 0x1660 to address: 0x1D4C of length 88
--- Found segment that must be added. Length: 4 , address: 0x1DA4
--- Found segment that will be moved from address: 0x16BC to address: 0x1DA8 of length 52
--- Found segment that must be added. Length: 4 , address: 0x1DDC
--- Found segment that will be moved from address: 0x16F4 to address: 0x1DE0 of length 40
--- Found segment that must be added. Length: 4 , address: 0x1E08
--- Found segment that will be moved from address: 0x1720 to address: 0x1E0C of length 56
--- Found segment that must be added. Length: 4 , address: 0x1E44
--- Found segment that will be moved from address: 0x175C to address: 0x1E48 of length 20
--- Found segment that must be added. Length: 28 , address: 0x1E5C
--- Found a word to insert to address: 0x1E78
--- Found segment that must be added. Length: 36 , address: 0x1E7C
--- Found a word to insert to address: 0x1EA0
--- Found segment that must be added. Length: 4 , address: 0x1EA4
--- Found a word to insert to address: 0x1EA8
--- Found segment that must be added. Length: 4 , address: 0x1EAC
--- Found segment that will be moved from address: 0x17C4 to address: 0x1EB0 of length 16
--- Found segment that must be added. Length: 4 , address: 0x1EC0
--- Found segment that will be moved from address: 0x17D8 to address: 0x1EC4 of length 56
--- Found segment that must be added. Length: 4 , address: 0x1EFC
--- Found segment that will be moved from address: 0x1814 to address: 0x1F00 of length 36
--- Found segment that must be added. Length: 4 , address: 0x1F24
--- Found segment that will be moved from address: 0x183C to address: 0x1F28 of length 608
--- Found segment that must be added. Length: 16 , address: 0x2188
--- Found a word to insert to address: 0x2198
--- Found segment that must be added. Length: 24 , address: 0x219C
--- Found segment that will be moved from address: 0x1AC8 to address: 0x21B4 of length 24
--- Found segment that must be added. Length: 4 , address: 0x21CC
--- Found segment that will be moved from address: 0x1AE4 to address: 0x21D0 of length 8
--- Found segment that must be added. Length: 8 , address: 0x21D8
--- Found segment that will be moved from address: 0x1AF4 to address: 0x21E0 of length 828
--- Found segment that must be added. Length: 12 , address: 0x251C
--- Found segment that will be moved from address: 0x1E3C to address: 0x2528 of length 32
--- Found segment that must be added. Length: 8 , address: 0x2548
--- Found segment that will be moved from address: 0x1E64 to address: 0x2550 of length 60
--- Found segment that must be added. Length: 16 , address: 0x258C
--- Found segment that will be moved from address: 0x1EB0 to address: 0x259C of length 12
--- Found segment that must be added. Length: 4 , address: 0x25A8
--- Found segment that will be moved from address: 0x1EC0 to address: 0x25AC of length 56
--- Found segment that must be added. Length: 4 , address: 0x25E4
--- Found segment that will be moved from address: 0x1EFC to address: 0x25E8 of length 12
--- Found segment that must be added. Length: 4 , address: 0x25F4
--- Found segment that will be moved from address: 0x1F0C to address: 0x25F8 of length 12
--- Found segment that must be added. Length: 4 , address: 0x2604
--- Found segment that will be moved from address: 0x1F1C to address: 0x2608 of length 12
--- Found segment that must be added. Length: 4 , address: 0x2614
--- Found segment that will be moved from address: 0x1F2C to address: 0x2618 of length 104
--- Found segment that must be added. Length: 8 , address: 0x2680
--- Found segment that will be moved from address: 0x1F9C to address: 0x2688 of length 136
--- Found segment that must be added. Length: 4 , address: 0x2710
--- Found segment that will be moved from address: 0x2028 to address: 0x2714 of length 280
--- Found segment that must be added. Length: 12 , address: 0x282C
--- Found segment that will be moved from address: 0x214C to address: 0x2838 of length 20
--- Found segment that must be added. Length: 4 , address: 0x284C
--- Found segment that will be moved from address: 0x2164 to address: 0x2850 of length 32
--- Found segment that must be added. Length: 16 , address: 0x2870
--- Found segment that will be moved from address: 0x2194 to address: 0x2880 of length 168
--- Found segment that must be added. Length: 4 , address: 0x2928
--- Found segment that will be moved from address: 0x2240 to address: 0x292C of length 52
--- Found segment that must be added. Length: 4 , address: 0x2960
--- Found a word to insert to address: 0x2964
--- Found segment that must be added. Length: 4 , address: 0x2968
--- Found segment that will be moved from address: 0x2280 to address: 0x296C of length 108
--- Found segment that must be added. Length: 4 , address: 0x29D8
--- Found a word to insert to address: 0x29DC
--- Found segment that must be added. Length: 8 , address: 0x29E0
--- Found segment that will be moved from address: 0x22FC to address: 0x29E8 of length 228
--- Found segment that must be added. Length: 12 , address: 0x2ACC
--- Found segment that will be moved from address: 0x23EC to address: 0x2AD8 of length 216
--- Found segment that must be added. Length: 12 , address: 0x2BB0
--- Found segment that will be moved from address: 0x24D0 to address: 0x2BBC of length 104
--- Found segment that must be added. Length: 12 , address: 0x2C24
--- Found segment that will be moved from address: 0x2544 to address: 0x2C30 of length 8
--- Found segment that must be added. Length: 4 , address: 0x2C38
--- Found segment that will be moved from address: 0x2550 to address: 0x2C3C of length 52
--- Found segment that must be added. Length: 4 , address: 0x2C70
--- Found segment that will be moved from address: 0x2588 to address: 0x2C74 of length 20
--- Found segment that must be added. Length: 4 , address: 0x2C88
--- Found segment that will be moved from address: 0x25A0 to address: 0x2C8C of length 12
--- Found segment that must be added. Length: 4 , address: 0x2C98
--- Found segment that will be moved from address: 0x25B0 to address: 0x2C9C of length 40
--- Found segment that must be added. Length: 4 , address: 0x2CC4
--- Found segment that will be moved from address: 0x25DC to address: 0x2CC8 of length 312
--- Found segment that must be added. Length: 4 , address: 0x2E00
--- Found segment that will be moved from address: 0x2718 to address: 0x2E04 of length 188
--- Found segment that must be added. Length: 12 , address: 0x2EC0
--- Found segment that will be moved from address: 0x27E0 to address: 0x2ECC of length 228
--- Found segment that must be added. Length: 12 , address: 0x2FB0
--- Found segment that will be moved from address: 0x28D0 to address: 0x2FBC of length 36
--- Found segment that must be added. Length: 8 , address: 0x2FE0
--- Found segment that will be moved from address: 0x28FC to address: 0x2FE8 of length 136
--- Found segment that must be added. Length: 4 , address: 0x3070
--- Found segment that will be moved from address: 0x2988 to address: 0x3074 of length 28
--- Found segment that must be added. Length: 4 , address: 0x3090
--- Found segment that will be moved from address: 0x29A8 to address: 0x3094 of length 12
--- Found segment that must be added. Length: 4 , address: 0x30A0
--- Found segment that will be moved from address: 0x29B8 to address: 0x30A4 of length 12
--- Found segment that must be added. Length: 4 , address: 0x30B0
--- Found segment that will be moved from address: 0x29C8 to address: 0x30B4 of length 676
--- Found segment that must be added. Length: 24 , address: 0x3358
--- Found a word to insert to address: 0x3370
--- Found segment that must be added. Length: 4 , address: 0x3374
--- Found segment that will be moved from address: 0x2C8C to address: 0x3378 of length 292
--- Found segment that must be added. Length: 20 , address: 0x349C
--- Found segment that will be moved from address: 0x2DC4 to address: 0x34B0 of length 784
--- Found segment that must be added. Length: 8 , address: 0x37C0
--- Found segment that will be moved from address: 0x30DC to address: 0x37C8 of length 40
--- Found segment that must be added. Length: 60 , address: 0x37F0
--- Found a word to insert to address: 0x382C
--- Found segment that must be added. Length: 24 , address: 0x3830
--- Found a word to insert to address: 0x3848
--- Found segment that must be added. Length: 208 , address: 0x384C
--- Found a word to insert to address: 0x391C
--- Found a word to insert to address: 0x3920
--- Found segment that must be added. Length: 20 , address: 0x3924
--- Found a word to insert to address: 0x3938
--- Found segment that must be added. Length: 28 , address: 0x393C
--- Found a word to insert to address: 0x3958
--- Found segment that must be added. Length: 28 , address: 0x395C
--- Found a word to insert to address: 0x3978
--- Found segment that must be added. Length: 20 , address: 0x397C
--- Found segment that will be moved from address: 0x31F0 to address: 0x3990 of length 268
--- Found segment that must be added. Length: 52 , address: 0x3A9C
--- Found segment that will be moved from address: 0x3330 to address: 0x3AD0 of length 912
--- Found a word to insert to address: 0x3E60
--- Found segment that must be added. Length: 16 , address: 0x3E64
--- Found a word to insert to address: 0x3E74
--- Found a word to insert to address: 0x3E78
--- Found segment that must be added. Length: 16 , address: 0x3E7C
--- Found a word to insert to address: 0x3E8C
--- Found a word to insert to address: 0x3E90
--- Found segment that must be added. Length: 16 , address: 0x3E94
--- Found a word to insert to address: 0x3EA4
--- Found segment that will be moved from address: 0x36C0 to address: 0x3EA8 of length 860
--- Found segment that must be added. Length: 48 , address: 0x4204
--- Found segment that will be moved from address: 0x3A4C to address: 0x4234 of length 600
--- Found segment that must be added. Length: 4 , address: 0x448C
--- Found a word to insert to address: 0x4490
--- Found segment that must be added. Length: 4 , address: 0x4494
--- Found segment that will be moved from address: 0x3CB0 to address: 0x4498 of length 24
--- Found segment that must be added. Length: 12 , address: 0x44B0
--- Found segment that will be moved from address: 0x3CD4 to address: 0x44BC of length 84

--- OPTIMIZING...

---- Optimized 2 ADD/INSERT operations by merging...
---- Optimized 2 ADD/INSERT operations by merging...
---- Optimized 2 ADD/INSERT operations by merging...
---- Optimized 2 ADD/INSERT operations by merging...
---- Optimized 2 ADD/INSERT operations by merging...
---- Optimized 2 ADD/INSERT operations by merging...
---- Optimized 2 ADD/INSERT operations by merging...
---- Optimized 2 ADD/INSERT operations by merging...
---- Optimized 2 ADD/INSERT operations by merging...
---- Optimized 2 ADD/INSERT operations by merging...
---- Optimized 2 ADD/INSERT operations by merging...
---- Optimized 2 ADD/INSERT operations by merging...
---- Optimized 2 ADD/INSERT operations by merging...
---- Optimized 2 ADD/INSERT operations by merging...
---- Optimized 2 ADD/INSERT operations by merging...
---- Optimized 2 ADD/INSERT operations by merging...
---- Optimized 2 ADD/INSERT operations by merging...
---- Optimized 2 ADD/INSERT operations by merging...
---- Optimized 2 ADD/INSERT operations by merging...
---- Optimized 2 ADD/INSERT operations by merging...
---- Optimized 2 ADD/INSERT operations by merging...
---- Optimized 2 ADD/INSERT operations by merging...
---- Optimized COPY and ADD operations to preceding ADD...
---- Optimized COPY and ADD operations to preceding ADD...
---- Optimized COPY and ADD operations to preceding ADD...
---- Optimized 2 ADD/INSERT operations by merging...
---- Optimized 2 ADD/INSERT operations by merging...
---- Optimized 2 ADD/INSERT operations by merging...
---- Optimized 2 ADD/INSERT operations by merging...
---- Optimized COPY and ADD operations to preceding ADD...
---- Optimized COPY and ADD operations to preceding ADD...
---- Optimized 2 ADD/INSERT operations by merging...
---- Optimized 2 ADD/INSERT operations by merging...
---- Optimized 2 ADD/INSERT operations by merging...
---- Optimized 2 ADD/INSERT operations by merging...
---- Optimized 2 ADD/INSERT operations by merging...
---- Optimized 2 ADD/INSERT operations by merging...
---- Optimized 2 ADD/INSERT operations by merging...
---- Optimized 2 ADD/INSERT operations by merging...
---- Optimized 2 ADD/INSERT operations by merging...
---- Optimized 2 ADD/INSERT operations by merging...
---- Optimized 2 ADD/INSERT operations by merging...
---- Optimized 2 ADD/INSERT operations by merging...
---- Optimized 2 ADD/INSERT operations by merging...
---- Optimized 2 ADD/INSERT operations by merging...
---- Optimized 2 ADD/INSERT operations by merging...
---- Optimized COPY and ADD operations to preceding ADD...
---- Optimized COPY and ADD operations to preceding ADD...
---- Optimized COPY and ADD operations to preceding ADD...
---- Optimized 2 ADD/INSERT operations by merging...
---- Optimized 2 ADD/INSERT operations by merging...
---- Optimized COPY and ADD operations to preceding ADD...
---- Optimized COPY and ADD operations to preceding ADD...
---- Optimized COPY and ADD operations to preceding ADD...
---- Optimized COPY and ADD operations to preceding ADD...
---- Optimized 2 ADD/INSERT operations by merging...
---- Optimized 2 ADD/INSERT operations by merging...
---- Optimized 2 ADD/INSERT operations by merging...
---- Optimized 2 ADD/INSERT operations by merging...
---- Optimized 2 ADD/INSERT operations by merging...
---- Optimized 2 ADD/INSERT operations by merging...
---- Optimized 2 ADD/INSERT operations by merging...
---- Optimized 2 ADD/INSERT operations by merging...
---- Optimized 2 ADD/INSERT operations by merging...
---- Optimized 2 ADD/INSERT operations by merging...
---- Optimized 2 ADD/INSERT operations by merging...
---- Optimized 2 ADD/INSERT operations by merging...
---- Optimized 2 ADD/INSERT operations by merging...
---- Optimized 2 ADD/INSERT operations by merging...
---- Optimized 2 ADD/INSERT operations by merging...
---- Optimized 2 ADD/INSERT operations by merging...
---- Optimized 2 ADD/INSERT operations by merging...
---- Optimized 2 ADD/INSERT operations by merging...
---- Optimized 2 ADD/INSERT operations by merging...
---- Optimized 2 ADD/INSERT operations by merging...
---- Optimized 2 ADD/INSERT operations by merging...
---- Optimized 2 ADD/INSERT operations by merging...
---- Optimized 2 ADD/INSERT operations by merging...
---- Optimized 2 ADD/INSERT operations by merging...
---- Optimized 2 ADD/INSERT operations by merging...
---- Optimized 2 ADD/INSERT operations by merging...
---- Optimized 2 ADD/INSERT operations by merging...
---- Optimized 2 ADD/INSERT operations by merging...
---- Optimized 2 ADD/INSERT operations by merging...
---- Optimized 2 ADD/INSERT operations by merging...
---- Optimized 2 ADD/INSERT operations by merging...
---- Optimized 2 ADD/INSERT operations by merging...
---- Optimized 2 ADD/INSERT operations by merging...
---- Optimized 2 ADD/INSERT operations by merging...
---- Optimized 2 ADD/INSERT operations by merging...
---- Optimized 2 ADD/INSERT operations by merging...
---- Optimized 2 ADD/INSERT operations by merging...
---- Optimized 2 ADD/INSERT operations by merging...
---- Optimized 2 ADD/INSERT operations by merging...
---- Optimized 2 ADD/INSERT operations by merging...
---- Optimized 2 ADD/INSERT operations by merging...
---- Optimized 2 ADD/INSERT operations by merging...
---- Optimized COPY and ADD operations to preceding ADD...
---- Optimized COPY and ADD operations to preceding ADD...
---- Optimized 2 ADD/INSERT operations by merging...
---- Optimized 2 ADD/INSERT operations by merging...
---- Optimized 2 ADD/INSERT operations by merging...
---- Optimized 2 ADD/INSERT operations by merging...
---- Optimized 2 ADD/INSERT operations by merging...
---- Optimized 2 ADD/INSERT operations by merging...
---- Optimized 2 ADD/INSERT operations by merging...
---- Optimized 2 ADD/INSERT operations by merging...
---- Optimized COPY and ADD operations to preceding ADD...
---- Optimized COPY and ADD operations to preceding ADD...
---- Optimized COPY and ADD operations to preceding ADD...
---- Optimized COPY and ADD operations to preceding ADD...
---- Optimized 2 ADD/INSERT operations by merging...
---- Optimized 2 ADD/INSERT operations by merging...
---- Optimized 2 ADD/INSERT operations by merging...
---- Optimized 2 ADD/INSERT operations by merging...
---- Optimized COPY and ADD operations to preceding ADD...
---- Optimized 2 ADD/INSERT operations by merging...
---- Optimized 2 ADD/INSERT operations by merging...
---- Optimized COPY and ADD operations to preceding ADD...
---- Optimized 2 ADD/INSERT operations by merging...
---- Optimized 2 ADD/INSERT operations by merging...
---- Optimized 2 ADD/INSERT operations by merging...
---- Optimized 2 ADD/INSERT operations by merging...
---- Optimized 2 ADD/INSERT operations by merging...
---- Optimized 2 ADD/INSERT operations by merging...
---- Optimized 2 ADD/INSERT operations by merging...
---- Optimized 2 ADD/INSERT operations by merging...
---- Optimized 2 ADD/INSERT operations by merging...
---- Optimized 2 ADD/INSERT operations by merging...
---- Optimized 2 ADD/INSERT operations by merging...
---- Optimized 2 ADD/INSERT operations by merging...
---- Optimized 2 ADD/INSERT operations by merging...
---- Optimized 2 ADD/INSERT operations by merging...
---- Optimized 2 ADD/INSERT operations by merging...
---- Optimized 2 ADD/INSERT operations by merging...
---- Optimized 2 ADD/INSERT operations by merging...
---- Optimized 2 ADD/INSERT operations by merging...
---- Optimized COPY and ADD operations to preceding ADD...
---- Optimized 2 ADD/INSERT operations by merging...
---- Optimized 2 ADD/INSERT operations by merging...
---- Optimized COPY and ADD operations to preceding ADD...
---- Optimized 2 ADD/INSERT operations by merging...
---- Optimized 2 ADD/INSERT operations by merging...
---- Optimized 2 ADD/INSERT operations by merging...
---- Optimized 2 ADD/INSERT operations by merging...
---- Optimized 2 ADD/INSERT operations by merging...
---- Optimized 2 ADD/INSERT operations by merging...
---- Optimized COPY and ADD operations to preceding ADD...
---- Optimized 2 ADD/INSERT operations by merging...
---- Optimized 2 ADD/INSERT operations by merging...
---- Optimized 2 ADD/INSERT operations by merging...
---- Optimized 2 ADD/INSERT operations by merging...
---- Optimized 2 ADD/INSERT operations by merging...
---- Optimized 2 ADD/INSERT operations by merging...
---- Optimized 2 ADD/INSERT operations by merging...
---- Optimized 2 ADD/INSERT operations by merging...
---- Optimized 2 ADD/INSERT operations by merging...
---- Optimized 2 ADD/INSERT operations by merging...
---- Optimized 2 ADD/INSERT operations by merging...
---- Optimized 2 ADD/INSERT operations by merging...
---- Optimized 2 ADD/INSERT operations by merging...
---- Optimized 2 ADD/INSERT operations by merging...
---- Optimized 2 ADD/INSERT operations by merging...
---- Optimized 2 ADD/INSERT operations by merging...
---- Optimized COPY and ADD operations to preceding ADD...
---- Optimized 2 ADD/INSERT operations by merging...
---- Optimized 2 ADD/INSERT operations by merging...
---- Optimized 2 ADD/INSERT operations by merging...
---- Optimized 2 ADD/INSERT operations by merging...
---- Optimized 2 ADD/INSERT operations by merging...
---- Optimized 2 ADD/INSERT operations by merging...
---- Optimized COPY and ADD operations to preceding ADD...
---- Optimized 2 ADD/INSERT operations by merging...
---- Optimized 2 ADD/INSERT operations by merging...
---- Optimized 2 ADD/INSERT operations by merging...
---- Optimized 2 ADD/INSERT operations by merging...
---- Optimized 2 ADD/INSERT operations by merging...
---- Optimized 2 ADD/INSERT operations by merging...
---- Optimized 2 ADD/INSERT operations by merging...
---- Optimized 2 ADD/INSERT operations by merging...
---- Optimized COPY and ADD operations to preceding ADD...
---- Optimized COPY and ADD operations to preceding ADD...
---- Optimized COPY and ADD operations to preceding ADD...
---- Optimized COPY and ADD operations to preceding ADD...
---- Optimized COPY and ADD operations to preceding ADD...
---- Optimized 2 ADD/INSERT operations by merging...
---- Optimized 2 ADD/INSERT operations by merging...
---- Optimized 2 ADD/INSERT operations by merging...
---- Optimized 2 ADD/INSERT operations by merging...
---- Optimized COPY and ADD operations to preceding ADD...
---- Optimized COPY and ADD operations to preceding ADD...
---- Optimized COPY and ADD operations to preceding ADD...
---- Optimized COPY and ADD operations to preceding ADD...
---- Optimized 2 ADD/INSERT operations by merging...
---- Optimized 2 ADD/INSERT operations by merging...
---- Optimized 2 ADD/INSERT operations by merging...
---- Optimized 2 ADD/INSERT operations by merging...
---- Optimized 2 ADD/INSERT operations by merging...
---- Optimized 2 ADD/INSERT operations by merging...
---- Optimized 2 ADD/INSERT operations by merging...
---- Optimized 2 ADD/INSERT operations by merging...
---- Optimized 2 ADD/INSERT operations by merging...
---- Optimized 2 ADD/INSERT operations by merging...
---- Optimized 2 ADD/INSERT operations by merging...
---- Optimized 2 ADD/INSERT operations by merging...
---- Optimized 2 ADD/INSERT operations by merging...
---- Optimized 2 ADD/INSERT operations by merging...
---- Optimized 2 ADD/INSERT operations by merging...
---- Optimized 2 ADD/INSERT operations by merging...
---- Optimized 2 ADD/INSERT operations by merging...
---- Optimized 2 ADD/INSERT operations by merging...
---- Optimized 2 ADD/INSERT operations by merging...
---- Optimized 2 ADD/INSERT operations by merging...
---- Optimized 2 ADD/INSERT operations by merging...
---- Optimized 2 ADD/INSERT operations by merging...
---- Optimized 2 ADD/INSERT operations by merging...
---- Optimized 2 ADD/INSERT operations by merging...
---- Optimized 2 ADD/INSERT operations by merging...
-- Done...
------------------------------------------

-- Generating file 'data_basis\samd20-xpro\deltagen_rev_00_rev_01\deltagen_rev_00_rev_01'...
--- Data succesfully generated
--- Generating checksum CRC-16
--- Generated CRC-16
--- Finalizing delta file
--- Writing file 'data_basis\samd20-xpro\deltagen_rev_00_rev_01\deltagen_rev_00_rev_01'

-- OPERATION SUCCESFULL ...
Elapsed time: 00:00:00.3188806
------------------------------------------

