
There are 66 non-matching segments with total length of 972
-- Found 66 segments that have changed...
-- Searching for matching segments...
-- Done searching...
------------------------------------------

-- Generating operations...
--- Found segment that must be added. Length: 12 , address: 0x4

--- OPTIMIZING...

--- Found word that must be inserted. Length: 4 , address: 0x2C

--- OPTIMIZING...

--- Found segment that must be added. Length: 120 , address: 0x38

--- OPTIMIZING...

--- Found word that must be inserted. Length: 4 , address: 0xCC

--- OPTIMIZING...

--- Found word that must be inserted. Length: 4 , address: 0xE8

--- OPTIMIZING...

--- Found segment that must be added. Length: 20 , address: 0x144
--- Found segment that will be moved from address: 0x158 to address: 0x158 of length 8
--- Found segment that must be added. Length: 4 , address: 0x160
--- Found a word to insert to address: 0x164
--- Found segment that must be added. Length: 8 , address: 0x168

--- OPTIMIZING...

---- Optimized COPY and ADD operations to preceding ADD...
---- Optimized 2 ADD/INSERT operations by merging...
---- Optimized 2 ADD/INSERT operations by merging...
--- Found word that must be inserted. Length: 4 , address: 0x1BC

--- OPTIMIZING...

--- Found segment that must be added. Length: 8 , address: 0x1E8

--- OPTIMIZING...

--- Found word that must be inserted. Length: 4 , address: 0x21C

--- OPTIMIZING...

--- Found word that must be inserted. Length: 4 , address: 0x284

--- OPTIMIZING...

--- Found segment that must be added. Length: 16 , address: 0x324

--- OPTIMIZING...

--- Found word that must be inserted. Length: 4 , address: 0x3AC

--- OPTIMIZING...

--- Found word that must be inserted. Length: 4 , address: 0x504

--- OPTIMIZING...

--- Found segment that must be added. Length: 8 , address: 0x618

--- OPTIMIZING...

--- Found word that must be inserted. Length: 4 , address: 0x68C

--- OPTIMIZING...

--- Found word that must be inserted. Length: 4 , address: 0x6B4

--- OPTIMIZING...

--- Found word that must be inserted. Length: 4 , address: 0x760

--- OPTIMIZING...

--- Found word that must be inserted. Length: 4 , address: 0x884

--- OPTIMIZING...

--- Found word that must be inserted. Length: 4 , address: 0x894

--- OPTIMIZING...

--- Found word that must be inserted. Length: 4 , address: 0x8EC

--- OPTIMIZING...

--- Found segment that must be added. Length: 16 , address: 0xA10
--- Found a word to insert to address: 0xA20
--- Found segment that must be added. Length: 12 , address: 0xA24
--- Found a word to insert to address: 0xA30
--- Found segment that must be added. Length: 24 , address: 0xA34

--- OPTIMIZING...

---- Optimized 2 ADD/INSERT operations by merging...
---- Optimized 2 ADD/INSERT operations by merging...
---- Optimized 2 ADD/INSERT operations by merging...
---- Optimized 2 ADD/INSERT operations by merging...
--- Found word that must be inserted. Length: 4 , address: 0xA60

--- OPTIMIZING...

--- Found word that must be inserted. Length: 4 , address: 0xFC0

--- OPTIMIZING...

--- Found word that must be inserted. Length: 4 , address: 0xFEC

--- OPTIMIZING...

--- Found segment that must be added. Length: 16 , address: 0x10D4
--- Found a word to insert to address: 0x10E4
--- Found segment that must be added. Length: 12 , address: 0x10E8
--- Found a word to insert to address: 0x10F4
--- Found segment that must be added. Length: 12 , address: 0x10F8

--- OPTIMIZING...

---- Optimized 2 ADD/INSERT operations by merging...
---- Optimized 2 ADD/INSERT operations by merging...
---- Optimized 2 ADD/INSERT operations by merging...
---- Optimized 2 ADD/INSERT operations by merging...
--- Found word that must be inserted. Length: 4 , address: 0x11F8

--- OPTIMIZING...

--- Found word that must be inserted. Length: 4 , address: 0x12F4

--- OPTIMIZING...

--- Found word that must be inserted. Length: 4 , address: 0x1350

--- OPTIMIZING...

--- Found word that must be inserted. Length: 4 , address: 0x152C

--- OPTIMIZING...

--- Found word that must be inserted. Length: 4 , address: 0x1578

--- OPTIMIZING...

--- Found word that must be inserted. Length: 4 , address: 0x15D0

--- OPTIMIZING...

--- Found word that must be inserted. Length: 4 , address: 0x1634

--- OPTIMIZING...

--- Found word that must be inserted. Length: 4 , address: 0x1798

--- OPTIMIZING...

--- Found word that must be inserted. Length: 4 , address: 0x17E0

--- OPTIMIZING...

--- Found segment that must be added. Length: 24 , address: 0x1834

--- OPTIMIZING...

--- Found word that must be inserted. Length: 4 , address: 0x1868

--- OPTIMIZING...

--- Found segment that must be added. Length: 24 , address: 0x19B0
--- Found a word to insert to address: 0x19C8
--- Found segment that must be added. Length: 36 , address: 0x19CC

--- OPTIMIZING...

---- Optimized 2 ADD/INSERT operations by merging...
---- Optimized 2 ADD/INSERT operations by merging...
--- Found segment that must be added. Length: 8 , address: 0x1A28

--- OPTIMIZING...

--- Found word that must be inserted. Length: 4 , address: 0x1A44

--- OPTIMIZING...

--- Found word that must be inserted. Length: 4 , address: 0x1A60

--- OPTIMIZING...

--- Found word that must be inserted. Length: 4 , address: 0x1A9C

--- OPTIMIZING...

--- Found segment that must be added. Length: 16 , address: 0x1D28
--- Found a word to insert to address: 0x1D38
--- Found segment that must be added. Length: 24 , address: 0x1D3C

--- OPTIMIZING...

---- Optimized 2 ADD/INSERT operations by merging...
---- Optimized 2 ADD/INSERT operations by merging...
--- Found word that must be inserted. Length: 4 , address: 0x1D6C

--- OPTIMIZING...

--- Found word that must be inserted. Length: 4 , address: 0x1DE4

--- OPTIMIZING...

--- Found segment that must be added. Length: 8 , address: 0x1DEC

--- OPTIMIZING...

--- Found segment that must be added. Length: 12 , address: 0x2200

--- OPTIMIZING...

--- Found segment that must be added. Length: 8 , address: 0x222C

--- OPTIMIZING...

--- Found segment that must be added. Length: 16 , address: 0x2270
--- Found segment that will be moved from address: 0x2280 to address: 0x2280 of length 12
--- Found segment that must be added. Length: 4 , address: 0x228C

--- OPTIMIZING...

---- Optimized COPY and ADD operations to preceding ADD...
--- Found segment that must be added. Length: 8 , address: 0x2364

--- OPTIMIZING...

--- Found word that must be inserted. Length: 4 , address: 0x23F4

--- OPTIMIZING...

--- Found segment that must be added. Length: 12 , address: 0x2510

--- OPTIMIZING...

--- Found segment that must be added. Length: 16 , address: 0x2554

--- OPTIMIZING...

--- Found segment that must be added. Length: 12 , address: 0x27C0

--- OPTIMIZING...

--- Found segment that must be added. Length: 12 , address: 0x28A4

--- OPTIMIZING...

--- Found segment that must be added. Length: 12 , address: 0x2918

--- OPTIMIZING...

--- Found word that must be inserted. Length: 4 , address: 0x2AF4

--- OPTIMIZING...

--- Found segment that must be added. Length: 12 , address: 0x2BB4

--- OPTIMIZING...

--- Found segment that must be added. Length: 12 , address: 0x2CA4

--- OPTIMIZING...

--- Found word that must be inserted. Length: 4 , address: 0x2D84

--- OPTIMIZING...

--- Found segment that must be added. Length: 24 , address: 0x304C
--- Found a word to insert to address: 0x3064
--- Found segment that must be added. Length: 4 , address: 0x3068

--- OPTIMIZING...

---- Optimized 2 ADD/INSERT operations by merging...
---- Optimized 2 ADD/INSERT operations by merging...
--- Found segment that must be added. Length: 20 , address: 0x3190

--- OPTIMIZING...

--- Found segment that must be added. Length: 8 , address: 0x34B4

--- OPTIMIZING...

--- Found segment that must be added. Length: 24 , address: 0x35BC

--- OPTIMIZING...

--- Found segment that must be added. Length: 52 , address: 0x36DC

--- OPTIMIZING...

--- Found segment that must be added. Length: 72 , address: 0x3EB0

--- OPTIMIZING...

--- Found segment that must be added. Length: 12 , address: 0x4190

--- OPTIMIZING...

-- Done...
------------------------------------------

-- Generating file 'data_basis\riotboot\samd21-xpro\deltagen_rev_00_rev_00\deltagen_rev_00_slot1_rev_00_slot0'...
--- Data succesfully generated
--- Generating checksum CRC-16
--- Generated CRC-16
--- Finalizing delta file
--- Writing file 'data_basis\riotboot\samd21-xpro\deltagen_rev_00_rev_00\deltagen_rev_00_slot1_rev_00_slot0'

-- OPERATION SUCCESFULL ...
Elapsed time: 00:00:00.1614792
------------------------------------------

