
There are 209 non-matching segments with total length of 3072
-- Found 209 segments that have changed...
-- Searching for matching segments...
-- Done searching...
------------------------------------------

-- Generating operations...
--- Found segment that must be added. Length: 12 , address: 0x4

--- OPTIMIZING...

--- Found word that must be inserted. Length: 4 , address: 0x2C

--- OPTIMIZING...

--- Found segment that must be added. Length: 120 , address: 0x38

--- OPTIMIZING...

--- Found word that must be inserted. Length: 4 , address: 0x100

--- OPTIMIZING...

--- Found word that must be inserted. Length: 4 , address: 0x14C

--- OPTIMIZING...

--- Found word that must be inserted. Length: 4 , address: 0x168

--- OPTIMIZING...

--- Found word that must be inserted. Length: 4 , address: 0x1F0

--- OPTIMIZING...

--- Found segment that must be added. Length: 8 , address: 0x1F8

--- OPTIMIZING...

--- Found word that must be inserted. Length: 4 , address: 0x2C4

--- OPTIMIZING...

--- Found word that must be inserted. Length: 4 , address: 0x354

--- OPTIMIZING...

--- Found segment that must be added. Length: 8 , address: 0x35C

--- OPTIMIZING...

--- Found segment that must be added. Length: 12 , address: 0x3A4

--- OPTIMIZING...

--- Found segment that must be added. Length: 20 , address: 0x4C0
--- Found segment that will be moved from address: 0x4D4 to address: 0x4D4 of length 8
--- Found segment that must be added. Length: 12 , address: 0x4DC
--- Found segment that will be moved from address: 0x4E8 to address: 0x4E8 of length 12
--- Found segment that must be added. Length: 8 , address: 0x4F4
--- Found segment that will be moved from address: 0x4FC to address: 0x4FC of length 8
--- Found segment that must be added. Length: 4 , address: 0x504

--- OPTIMIZING...

---- Optimized COPY and ADD operations to preceding ADD...
---- Optimized COPY and ADD operations to preceding ADD...
---- Optimized COPY and ADD operations to preceding ADD...
--- Found segment that must be added. Length: 12 , address: 0x51C
--- Found a word to insert to address: 0x528
--- Found segment that must be added. Length: 12 , address: 0x52C

--- OPTIMIZING...

---- Optimized 2 ADD/INSERT operations by merging...
---- Optimized 2 ADD/INSERT operations by merging...
--- Found word that must be inserted. Length: 4 , address: 0x5DC

--- OPTIMIZING...

--- Found segment that must be added. Length: 8 , address: 0x608

--- OPTIMIZING...

--- Found word that must be inserted. Length: 4 , address: 0x6FC

--- OPTIMIZING...

--- Found word that must be inserted. Length: 4 , address: 0x900

--- OPTIMIZING...

--- Found word that must be inserted. Length: 4 , address: 0x958

--- OPTIMIZING...

--- Found word that must be inserted. Length: 4 , address: 0x998

--- OPTIMIZING...

--- Found word that must be inserted. Length: 4 , address: 0xA00

--- OPTIMIZING...

--- Found segment that must be added. Length: 16 , address: 0xAA0

--- OPTIMIZING...

--- Found word that must be inserted. Length: 4 , address: 0xB38

--- OPTIMIZING...

--- Found word that must be inserted. Length: 4 , address: 0xBB4

--- OPTIMIZING...

--- Found word that must be inserted. Length: 4 , address: 0xD88

--- OPTIMIZING...

--- Found segment that must be added. Length: 8 , address: 0xE9C

--- OPTIMIZING...

--- Found word that must be inserted. Length: 4 , address: 0xF10

--- OPTIMIZING...

--- Found word that must be inserted. Length: 4 , address: 0xF38

--- OPTIMIZING...

--- Found word that must be inserted. Length: 4 , address: 0xFE4

--- OPTIMIZING...

--- Found word that must be inserted. Length: 4 , address: 0x1108

--- OPTIMIZING...

--- Found word that must be inserted. Length: 4 , address: 0x1118

--- OPTIMIZING...

--- Found word that must be inserted. Length: 4 , address: 0x1170

--- OPTIMIZING...

--- Found segment that must be added. Length: 16 , address: 0x1294
--- Found a word to insert to address: 0x12A4
--- Found segment that must be added. Length: 12 , address: 0x12A8
--- Found a word to insert to address: 0x12B4
--- Found segment that must be added. Length: 24 , address: 0x12B8

--- OPTIMIZING...

---- Optimized 2 ADD/INSERT operations by merging...
---- Optimized 2 ADD/INSERT operations by merging...
---- Optimized 2 ADD/INSERT operations by merging...
---- Optimized 2 ADD/INSERT operations by merging...
--- Found word that must be inserted. Length: 4 , address: 0x12E4

--- OPTIMIZING...

--- Found word that must be inserted. Length: 4 , address: 0x146C

--- OPTIMIZING...

--- Found word that must be inserted. Length: 4 , address: 0x158C

--- OPTIMIZING...

--- Found word that must be inserted. Length: 4 , address: 0x15CC

--- OPTIMIZING...

--- Found segment that must be added. Length: 8 , address: 0x1758

--- OPTIMIZING...

--- Found word that must be inserted. Length: 4 , address: 0x17E8

--- OPTIMIZING...

--- Found word that must be inserted. Length: 4 , address: 0x1908

--- OPTIMIZING...

--- Found word that must be inserted. Length: 4 , address: 0x1B0C

--- OPTIMIZING...

--- Found word that must be inserted. Length: 4 , address: 0x1B8C

--- OPTIMIZING...

--- Found word that must be inserted. Length: 4 , address: 0x1C38

--- OPTIMIZING...

--- Found segment that must be added. Length: 8 , address: 0x1D5C

--- OPTIMIZING...

--- Found segment that must be added. Length: 12 , address: 0x20A8

--- OPTIMIZING...

--- Found segment that must be added. Length: 8 , address: 0x21D0

--- OPTIMIZING...

--- Found word that must be inserted. Length: 4 , address: 0x2328

--- OPTIMIZING...

--- Found word that must be inserted. Length: 4 , address: 0x2424

--- OPTIMIZING...

--- Found word that must be inserted. Length: 4 , address: 0x254C

--- OPTIMIZING...

--- Found word that must be inserted. Length: 4 , address: 0x27C0

--- OPTIMIZING...

--- Found word that must be inserted. Length: 4 , address: 0x2808

--- OPTIMIZING...

--- Found word that must be inserted. Length: 4 , address: 0x29B0

--- OPTIMIZING...

--- Found segment that must be added. Length: 24 , address: 0x2A24

--- OPTIMIZING...

--- Found word that must be inserted. Length: 4 , address: 0x2A78

--- OPTIMIZING...

--- Found word that must be inserted. Length: 4 , address: 0x2AEC

--- OPTIMIZING...

--- Found word that must be inserted. Length: 4 , address: 0x2B00

--- OPTIMIZING...

--- Found word that must be inserted. Length: 4 , address: 0x2C18

--- OPTIMIZING...

--- Found word that must be inserted. Length: 4 , address: 0x2E18

--- OPTIMIZING...

--- Found word that must be inserted. Length: 4 , address: 0x2E60

--- OPTIMIZING...

--- Found word that must be inserted. Length: 4 , address: 0x2F78

--- OPTIMIZING...

--- Found word that must be inserted. Length: 4 , address: 0x3040

--- OPTIMIZING...

--- Found segment that must be added. Length: 8 , address: 0x314C

--- OPTIMIZING...

--- Found word that must be inserted. Length: 4 , address: 0x3244

--- OPTIMIZING...

--- Found word that must be inserted. Length: 4 , address: 0x32D8

--- OPTIMIZING...

--- Found word that must be inserted. Length: 4 , address: 0x33DC

--- OPTIMIZING...

--- Found word that must be inserted. Length: 4 , address: 0x348C

--- OPTIMIZING...

--- Found segment that must be added. Length: 28 , address: 0x35CC

--- OPTIMIZING...

--- Found word that must be inserted. Length: 4 , address: 0x3660

--- OPTIMIZING...

--- Found word that must be inserted. Length: 4 , address: 0x3678

--- OPTIMIZING...

--- Found word that must be inserted. Length: 4 , address: 0x3D0C

--- OPTIMIZING...

--- Found word that must be inserted. Length: 4 , address: 0x4068

--- OPTIMIZING...

--- Found word that must be inserted. Length: 4 , address: 0x40C4

--- OPTIMIZING...

--- Found segment that must be added. Length: 12 , address: 0x435C

--- OPTIMIZING...

--- Found word that must be inserted. Length: 4 , address: 0x43C4

--- OPTIMIZING...

--- Found segment that must be added. Length: 20 , address: 0x4500

--- OPTIMIZING...

--- Found word that must be inserted. Length: 4 , address: 0x46CC

--- OPTIMIZING...

--- Found word that must be inserted. Length: 4 , address: 0x4784

--- OPTIMIZING...

--- Found word that must be inserted. Length: 4 , address: 0x48C4

--- OPTIMIZING...

--- Found word that must be inserted. Length: 4 , address: 0x498C

--- OPTIMIZING...

--- Found word that must be inserted. Length: 4 , address: 0x4A20

--- OPTIMIZING...

--- Found word that must be inserted. Length: 4 , address: 0x4A40

--- OPTIMIZING...

--- Found segment that must be added. Length: 8 , address: 0x4B00

--- OPTIMIZING...

--- Found segment that must be added. Length: 12 , address: 0x4BF4

--- OPTIMIZING...

--- Found segment that must be added. Length: 8 , address: 0x4CA0

--- OPTIMIZING...

--- Found word that must be inserted. Length: 4 , address: 0x4CF0

--- OPTIMIZING...

--- Found word that must be inserted. Length: 4 , address: 0x4DB0

--- OPTIMIZING...

--- Found word that must be inserted. Length: 4 , address: 0x4DE0

--- OPTIMIZING...

--- Found word that must be inserted. Length: 4 , address: 0x4E74

--- OPTIMIZING...

--- Found word that must be inserted. Length: 4 , address: 0x4F5C

--- OPTIMIZING...

--- Found word that must be inserted. Length: 4 , address: 0x4F90

--- OPTIMIZING...

--- Found word that must be inserted. Length: 4 , address: 0x5194

--- OPTIMIZING...

--- Found segment that must be added. Length: 8 , address: 0x53DC

--- OPTIMIZING...

--- Found word that must be inserted. Length: 4 , address: 0x54BC

--- OPTIMIZING...

--- Found word that must be inserted. Length: 4 , address: 0x5590

--- OPTIMIZING...

--- Found segment that must be added. Length: 8 , address: 0x56C0

--- OPTIMIZING...

--- Found word that must be inserted. Length: 4 , address: 0x57BC

--- OPTIMIZING...

--- Found word that must be inserted. Length: 4 , address: 0x599C

--- OPTIMIZING...

--- Found word that must be inserted. Length: 4 , address: 0x5C08

--- OPTIMIZING...

--- Found word that must be inserted. Length: 4 , address: 0x5E1C

--- OPTIMIZING...

--- Found segment that must be added. Length: 8 , address: 0x5E98

--- OPTIMIZING...

--- Found segment that must be added. Length: 8 , address: 0x621C

--- OPTIMIZING...

--- Found word that must be inserted. Length: 4 , address: 0x6388

--- OPTIMIZING...

--- Found word that must be inserted. Length: 4 , address: 0x6500

--- OPTIMIZING...

--- Found segment that must be added. Length: 8 , address: 0x657C

--- OPTIMIZING...

--- Found segment that must be added. Length: 8 , address: 0x65A0

--- OPTIMIZING...

--- Found word that must be inserted. Length: 4 , address: 0x65F8

--- OPTIMIZING...

--- Found word that must be inserted. Length: 4 , address: 0x669C

--- OPTIMIZING...

--- Found word that must be inserted. Length: 4 , address: 0x675C

--- OPTIMIZING...

--- Found word that must be inserted. Length: 4 , address: 0x67D4

--- OPTIMIZING...

--- Found word that must be inserted. Length: 4 , address: 0x6858

--- OPTIMIZING...

--- Found word that must be inserted. Length: 4 , address: 0x68A0

--- OPTIMIZING...

--- Found word that must be inserted. Length: 4 , address: 0x68F0

--- OPTIMIZING...

--- Found word that must be inserted. Length: 4 , address: 0x69E8

--- OPTIMIZING...

--- Found word that must be inserted. Length: 4 , address: 0x6BBC

--- OPTIMIZING...

--- Found word that must be inserted. Length: 4 , address: 0x6C24

--- OPTIMIZING...

--- Found word that must be inserted. Length: 4 , address: 0x6F48

--- OPTIMIZING...

--- Found word that must be inserted. Length: 4 , address: 0x6F74

--- OPTIMIZING...

--- Found segment that must be added. Length: 16 , address: 0x705C
--- Found a word to insert to address: 0x706C
--- Found segment that must be added. Length: 12 , address: 0x7070
--- Found a word to insert to address: 0x707C
--- Found segment that must be added. Length: 12 , address: 0x7080

--- OPTIMIZING...

---- Optimized 2 ADD/INSERT operations by merging...
---- Optimized 2 ADD/INSERT operations by merging...
---- Optimized 2 ADD/INSERT operations by merging...
---- Optimized 2 ADD/INSERT operations by merging...
--- Found word that must be inserted. Length: 4 , address: 0x70EC

--- OPTIMIZING...

--- Found word that must be inserted. Length: 4 , address: 0x71D0

--- OPTIMIZING...

--- Found word that must be inserted. Length: 4 , address: 0x72CC

--- OPTIMIZING...

--- Found word that must be inserted. Length: 4 , address: 0x7328

--- OPTIMIZING...

--- Found word that must be inserted. Length: 4 , address: 0x7538

--- OPTIMIZING...

--- Found word that must be inserted. Length: 4 , address: 0x75A0

--- OPTIMIZING...

--- Found word that must be inserted. Length: 4 , address: 0x760C

--- OPTIMIZING...

--- Found word that must be inserted. Length: 4 , address: 0x76A4

--- OPTIMIZING...

--- Found word that must be inserted. Length: 4 , address: 0x76AC

--- OPTIMIZING...

--- Found word that must be inserted. Length: 4 , address: 0x7758

--- OPTIMIZING...

--- Found word that must be inserted. Length: 4 , address: 0x7790

--- OPTIMIZING...

--- Found segment that must be added. Length: 8 , address: 0x77FC

--- OPTIMIZING...

--- Found word that must be inserted. Length: 4 , address: 0x7818

--- OPTIMIZING...

--- Found word that must be inserted. Length: 4 , address: 0x784C

--- OPTIMIZING...

--- Found word that must be inserted. Length: 4 , address: 0x78C0

--- OPTIMIZING...

--- Found word that must be inserted. Length: 4 , address: 0x7914

--- OPTIMIZING...

--- Found word that must be inserted. Length: 4 , address: 0x793C

--- OPTIMIZING...

--- Found word that must be inserted. Length: 4 , address: 0x7958

--- OPTIMIZING...

--- Found word that must be inserted. Length: 4 , address: 0x7970

--- OPTIMIZING...

--- Found segment that must be added. Length: 8 , address: 0x7A58

--- OPTIMIZING...

--- Found word that must be inserted. Length: 4 , address: 0x7B04

--- OPTIMIZING...

--- Found word that must be inserted. Length: 4 , address: 0x7B5C

--- OPTIMIZING...

--- Found word that must be inserted. Length: 4 , address: 0x7BC0

--- OPTIMIZING...

--- Found word that must be inserted. Length: 4 , address: 0x7D24

--- OPTIMIZING...

--- Found word that must be inserted. Length: 4 , address: 0x7D6C

--- OPTIMIZING...

--- Found word that must be inserted. Length: 4 , address: 0x7ECC

--- OPTIMIZING...

--- Found word that must be inserted. Length: 4 , address: 0x7EE0

--- OPTIMIZING...

--- Found segment that must be added. Length: 28 , address: 0x81DC
--- Found segment that will be moved from address: 0x81F8 to address: 0x81F8 of length 12
--- Found segment that must be added. Length: 12 , address: 0x8204
--- Found a word to insert to address: 0x8210
--- Found segment that must be added. Length: 4 , address: 0x8214

--- OPTIMIZING...

---- Optimized COPY and ADD operations to preceding ADD...
---- Optimized 2 ADD/INSERT operations by merging...
---- Optimized 2 ADD/INSERT operations by merging...
--- Found segment that must be added. Length: 8 , address: 0x83EC
--- Found a word to insert to address: 0x83F4
--- Found segment that must be added. Length: 20 , address: 0x83F8

--- OPTIMIZING...

---- Optimized 2 ADD/INSERT operations by merging...
---- Optimized 2 ADD/INSERT operations by merging...
--- Found segment that must be added. Length: 16 , address: 0x8440

--- OPTIMIZING...

--- Found segment that must be added. Length: 16 , address: 0x847C

--- OPTIMIZING...

--- Found segment that must be added. Length: 16 , address: 0x84B8

--- OPTIMIZING...

--- Found segment that must be added. Length: 36 , address: 0x87BC
--- Found a word to insert to address: 0x87E0
--- Found segment that must be added. Length: 4 , address: 0x87E4

--- OPTIMIZING...

---- Optimized 2 ADD/INSERT operations by merging...
---- Optimized 2 ADD/INSERT operations by merging...
--- Found segment that must be added. Length: 12 , address: 0x88B0

--- OPTIMIZING...

--- Found segment that must be added. Length: 8 , address: 0x88D0

--- OPTIMIZING...

--- Found segment that must be added. Length: 32 , address: 0x8960
--- Found a word to insert to address: 0x8980
--- Found segment that must be added. Length: 24 , address: 0x8984

--- OPTIMIZING...

---- Optimized 2 ADD/INSERT operations by merging...
---- Optimized 2 ADD/INSERT operations by merging...
--- Found segment that must be added. Length: 20 , address: 0x89D0

--- OPTIMIZING...

--- Found word that must be inserted. Length: 4 , address: 0x89F8

--- OPTIMIZING...

--- Found word that must be inserted. Length: 4 , address: 0x8A28

--- OPTIMIZING...

--- Found segment that must be added. Length: 12 , address: 0x8A64

--- OPTIMIZING...

--- Found segment that must be added. Length: 24 , address: 0x8AD8

--- OPTIMIZING...

--- Found segment that must be added. Length: 32 , address: 0x8B9C

--- OPTIMIZING...

--- Found segment that must be added. Length: 8 , address: 0x8C28

--- OPTIMIZING...

--- Found segment that must be added. Length: 20 , address: 0x8C94

--- OPTIMIZING...

--- Found segment that must be added. Length: 20 , address: 0x8D18

--- OPTIMIZING...

--- Found segment that must be added. Length: 76 , address: 0x8F70

--- OPTIMIZING...

--- Found segment that must be added. Length: 112 , address: 0x92E0
--- Found a word to insert to address: 0x9350
--- Found segment that must be added. Length: 36 , address: 0x9354

--- OPTIMIZING...

---- Optimized 2 ADD/INSERT operations by merging...
---- Optimized 2 ADD/INSERT operations by merging...
--- Found segment that must be added. Length: 172 , address: 0x96D0

--- OPTIMIZING...

--- Found segment that must be added. Length: 172 , address: 0x9A64

--- OPTIMIZING...

--- Found segment that must be added. Length: 52 , address: 0x9C20

--- OPTIMIZING...

--- Found segment that must be added. Length: 24 , address: 0x9C7C

--- OPTIMIZING...

--- Found word that must be inserted. Length: 4 , address: 0x9CB0

--- OPTIMIZING...

--- Found segment that must be added. Length: 24 , address: 0x9DF8
--- Found a word to insert to address: 0x9E10
--- Found segment that must be added. Length: 36 , address: 0x9E14

--- OPTIMIZING...

---- Optimized 2 ADD/INSERT operations by merging...
---- Optimized 2 ADD/INSERT operations by merging...
--- Found segment that must be added. Length: 8 , address: 0x9E70

--- OPTIMIZING...

--- Found word that must be inserted. Length: 4 , address: 0x9E8C

--- OPTIMIZING...

--- Found word that must be inserted. Length: 4 , address: 0x9EA8

--- OPTIMIZING...

--- Found word that must be inserted. Length: 4 , address: 0x9EE4

--- OPTIMIZING...

--- Found segment that must be added. Length: 16 , address: 0xA170
--- Found a word to insert to address: 0xA180
--- Found segment that must be added. Length: 24 , address: 0xA184

--- OPTIMIZING...

---- Optimized 2 ADD/INSERT operations by merging...
---- Optimized 2 ADD/INSERT operations by merging...
--- Found word that must be inserted. Length: 4 , address: 0xA1B4

--- OPTIMIZING...

--- Found word that must be inserted. Length: 4 , address: 0xA22C

--- OPTIMIZING...

--- Found segment that must be added. Length: 8 , address: 0xA234

--- OPTIMIZING...

--- Found word that must be inserted. Length: 4 , address: 0xA4F8

--- OPTIMIZING...

--- Found word that must be inserted. Length: 4 , address: 0xA500

--- OPTIMIZING...

--- Found word that must be inserted. Length: 4 , address: 0xA61C

--- OPTIMIZING...

--- Found segment that must be added. Length: 8 , address: 0xA788

--- OPTIMIZING...

--- Found word that must be inserted. Length: 4 , address: 0xA7A4

--- OPTIMIZING...

--- Found segment that must be added. Length: 12 , address: 0xAC44

--- OPTIMIZING...

--- Found segment that must be added. Length: 8 , address: 0xAC70

--- OPTIMIZING...

--- Found segment that must be added. Length: 16 , address: 0xACB4
--- Found segment that will be moved from address: 0xACC4 to address: 0xACC4 of length 12
--- Found segment that must be added. Length: 4 , address: 0xACD0

--- OPTIMIZING...

---- Optimized COPY and ADD operations to preceding ADD...
--- Found segment that must be added. Length: 8 , address: 0xADA8

--- OPTIMIZING...

--- Found word that must be inserted. Length: 4 , address: 0xAE38

--- OPTIMIZING...

--- Found segment that must be added. Length: 12 , address: 0xAF54

--- OPTIMIZING...

--- Found segment that must be added. Length: 16 , address: 0xAF98

--- OPTIMIZING...

--- Found segment that must be added. Length: 12 , address: 0xB248

--- OPTIMIZING...

--- Found segment that must be added. Length: 12 , address: 0xB32C

--- OPTIMIZING...

--- Found segment that must be added. Length: 12 , address: 0xB3A0

--- OPTIMIZING...

--- Found word that must be inserted. Length: 4 , address: 0xB60C

--- OPTIMIZING...

--- Found word that must be inserted. Length: 4 , address: 0xB73C

--- OPTIMIZING...

--- Found segment that must be added. Length: 12 , address: 0xB7F8

--- OPTIMIZING...

--- Found segment that must be added. Length: 12 , address: 0xB8E8

--- OPTIMIZING...

--- Found word that must be inserted. Length: 4 , address: 0xB9C8

--- OPTIMIZING...

--- Found segment that must be added. Length: 12 , address: 0xBCFC
--- Found a word to insert to address: 0xBD08
--- Found segment that must be added. Length: 4 , address: 0xBD0C

--- OPTIMIZING...

---- Optimized 2 ADD/INSERT operations by merging...
---- Optimized 2 ADD/INSERT operations by merging...
--- Found segment that must be added. Length: 8 , address: 0xC00C

--- OPTIMIZING...

--- Found segment that must be added. Length: 24 , address: 0xC2B8
--- Found a word to insert to address: 0xC2D0
--- Found segment that must be added. Length: 4 , address: 0xC2D4

--- OPTIMIZING...

---- Optimized 2 ADD/INSERT operations by merging...
---- Optimized 2 ADD/INSERT operations by merging...
--- Found segment that must be added. Length: 20 , address: 0xC3FC

--- OPTIMIZING...

--- Found segment that must be added. Length: 132 , address: 0xC750

--- OPTIMIZING...

--- Found segment that must be added. Length: 52 , address: 0xC8DC

--- OPTIMIZING...

--- Found segment that must be added. Length: 28 , address: 0xCB98

--- OPTIMIZING...

--- Found segment that must be added. Length: 32 , address: 0xE924
--- Found a word to insert to address: 0xE944
--- Found segment that must be added. Length: 4 , address: 0xE948
--- Found a word to insert to address: 0xE94C
--- Found segment that must be added. Length: 4 , address: 0xE950
--- Found a word to insert to address: 0xE954
--- Found segment that must be added. Length: 4 , address: 0xE958
--- Found a word to insert to address: 0xE95C
--- Found segment that must be added. Length: 4 , address: 0xE960
--- Found a word to insert to address: 0xE964
--- Found segment that must be added. Length: 4 , address: 0xE968
--- Found a word to insert to address: 0xE96C
--- Found segment that must be added. Length: 4 , address: 0xE970
--- Found a word to insert to address: 0xE974
--- Found segment that must be added. Length: 4 , address: 0xE978
--- Found a word to insert to address: 0xE97C
--- Found segment that must be added. Length: 4 , address: 0xE980
--- Found a word to insert to address: 0xE984
--- Found segment that must be added. Length: 4 , address: 0xE988
--- Found a word to insert to address: 0xE98C
--- Found segment that must be added. Length: 4 , address: 0xE990
--- Found a word to insert to address: 0xE994
--- Found segment that must be added. Length: 4 , address: 0xE998
--- Found a word to insert to address: 0xE99C
--- Found segment that must be added. Length: 4 , address: 0xE9A0
--- Found a word to insert to address: 0xE9A4
--- Found segment that must be added. Length: 4 , address: 0xE9A8
--- Found a word to insert to address: 0xE9AC
--- Found segment that must be added. Length: 4 , address: 0xE9B0
--- Found a word to insert to address: 0xE9B4
--- Found segment that must be added. Length: 4 , address: 0xE9B8
--- Found a word to insert to address: 0xE9BC
--- Found segment that must be added. Length: 4 , address: 0xE9C0
--- Found a word to insert to address: 0xE9C4
--- Found segment that must be added. Length: 4 , address: 0xE9C8
--- Found a word to insert to address: 0xE9CC
--- Found segment that must be added. Length: 4 , address: 0xE9D0
--- Found a word to insert to address: 0xE9D4
--- Found segment that must be added. Length: 4 , address: 0xE9D8

--- OPTIMIZING...

---- Optimized 2 ADD/INSERT operations by merging...
---- Optimized 2 ADD/INSERT operations by merging...
---- Optimized 2 ADD/INSERT operations by merging...
---- Optimized 2 ADD/INSERT operations by merging...
---- Optimized 2 ADD/INSERT operations by merging...
---- Optimized 2 ADD/INSERT operations by merging...
---- Optimized 2 ADD/INSERT operations by merging...
---- Optimized 2 ADD/INSERT operations by merging...
---- Optimized 2 ADD/INSERT operations by merging...
---- Optimized 2 ADD/INSERT operations by merging...
---- Optimized 2 ADD/INSERT operations by merging...
---- Optimized 2 ADD/INSERT operations by merging...
---- Optimized 2 ADD/INSERT operations by merging...
---- Optimized 2 ADD/INSERT operations by merging...
---- Optimized 2 ADD/INSERT operations by merging...
---- Optimized 2 ADD/INSERT operations by merging...
---- Optimized 2 ADD/INSERT operations by merging...
---- Optimized 2 ADD/INSERT operations by merging...
---- Optimized 2 ADD/INSERT operations by merging...
---- Optimized 2 ADD/INSERT operations by merging...
---- Optimized 2 ADD/INSERT operations by merging...
---- Optimized 2 ADD/INSERT operations by merging...
---- Optimized 2 ADD/INSERT operations by merging...
---- Optimized 2 ADD/INSERT operations by merging...
---- Optimized 2 ADD/INSERT operations by merging...
---- Optimized 2 ADD/INSERT operations by merging...
---- Optimized 2 ADD/INSERT operations by merging...
---- Optimized 2 ADD/INSERT operations by merging...
---- Optimized 2 ADD/INSERT operations by merging...
---- Optimized 2 ADD/INSERT operations by merging...
---- Optimized 2 ADD/INSERT operations by merging...
---- Optimized 2 ADD/INSERT operations by merging...
---- Optimized 2 ADD/INSERT operations by merging...
---- Optimized 2 ADD/INSERT operations by merging...
---- Optimized 2 ADD/INSERT operations by merging...
---- Optimized 2 ADD/INSERT operations by merging...
---- Optimized 2 ADD/INSERT operations by merging...
---- Optimized 2 ADD/INSERT operations by merging...
--- Found segment that must be added. Length: 120 , address: 0xEDE4

--- OPTIMIZING...

--- Found segment that must be added. Length: 12 , address: 0xF0E4

--- OPTIMIZING...

-- Done...
------------------------------------------

-- Generating file 'data_basis\riotboot\samd21-xpro\deltagen_rev_08_rev_08\deltagen_rev_08_slot1_rev_08_slot0'...
--- Data succesfully generated
--- Generating checksum CRC-16
--- Generated CRC-16
--- Finalizing delta file
--- Writing file 'data_basis\riotboot\samd21-xpro\deltagen_rev_08_rev_08\deltagen_rev_08_slot1_rev_08_slot0'

-- OPERATION SUCCESFULL ...
Elapsed time: 00:00:00.2481130
------------------------------------------

