
There are 5 non-matching segments with total length of 18836
-- Found 5 segments that have changed...
-- Searching for matching segments...
-- Done searching...
------------------------------------------

-- Generating operations...
--- Found segment that must be added. Length: 12 , address: 0x4

--- OPTIMIZING...

--- Found word that must be inserted. Length: 4 , address: 0x2C

--- OPTIMIZING...

--- Found segment that must be added. Length: 120 , address: 0x38

--- OPTIMIZING...

--- Found word that must be inserted. Length: 4 , address: 0xC4

--- OPTIMIZING...

--- Found a word to insert to address: 0xCC
--- Found segment that must be added. Length: 16 , address: 0xD0
--- Found a word to insert to address: 0xE0
--- Found segment that must be added. Length: 28 , address: 0xE4
--- Found a word to insert to address: 0x100
--- Found segment that must be added. Length: 4 , address: 0x104
--- Found segment that will be moved from address: 0xD0 to address: 0x108 of length 8
--- Found segment that must be added. Length: 4 , address: 0x110
--- Found a word to insert to address: 0x114
--- Found segment that must be added. Length: 4 , address: 0x118
--- Found a word to insert to address: 0x11C
--- Found segment that must be added. Length: 16 , address: 0x120
--- Found a word to insert to address: 0x130
--- Found segment that must be added. Length: 52 , address: 0x134
--- Found a word to insert to address: 0x168
--- Found segment that must be added. Length: 16 , address: 0x16C
--- Found a word to insert to address: 0x17C
--- Found segment that must be added. Length: 16 , address: 0x180
--- Found a word to insert to address: 0x190
--- Found segment that must be added. Length: 24 , address: 0x194
--- Found a word to insert to address: 0x1AC
--- Found segment that must be added. Length: 8 , address: 0x1B0
--- Found a word to insert to address: 0x1B8
--- Found segment that must be added. Length: 8 , address: 0x1BC
--- Found a word to insert to address: 0x1C4
--- Found segment that must be added. Length: 4 , address: 0x1C8
--- Found a word to insert to address: 0x1CC
--- Found segment that must be added. Length: 12 , address: 0x1D0
--- Found segment that will be moved from address: 0x138 to address: 0x1DC of length 8
--- Found segment that must be added. Length: 24 , address: 0x1E4
--- Found segment that will be moved from address: 0x158 to address: 0x1FC of length 16
--- Found segment that must be added. Length: 20 , address: 0x20C
--- Found segment that will be moved from address: 0x17C to address: 0x220 of length 8
--- Found segment that must be added. Length: 4 , address: 0x228
--- Found segment that will be moved from address: 0x188 to address: 0x22C of length 12
--- Found segment that must be added. Length: 4 , address: 0x238
--- Found segment that will be moved from address: 0x198 to address: 0x23C of length 24
--- Found segment that must be added. Length: 8 , address: 0x254
--- Found a word to insert to address: 0x25C
--- Found segment that must be added. Length: 4 , address: 0x260
--- Found segment that will be moved from address: 0x1C0 to address: 0x264 of length 40
--- Found segment that must be added. Length: 12 , address: 0x28C
--- Found segment that will be moved from address: 0x1F4 to address: 0x298 of length 36
--- Found a word to insert to address: 0x2BC
--- Found segment that must be added. Length: 4 , address: 0x2C0
--- Found segment that will be moved from address: 0x220 to address: 0x2C4 of length 96
--- Found a word to insert to address: 0x324
--- Found segment that must be added. Length: 4 , address: 0x328
--- Found segment that will be moved from address: 0x288 to address: 0x32C of length 104
--- Found segment that must be added. Length: 4 , address: 0x394
--- Found segment that will be moved from address: 0x2F4 to address: 0x398 of length 12
--- Found segment that must be added. Length: 12 , address: 0x3A4
--- Found a word to insert to address: 0x3B0
--- Found segment that must be added. Length: 4 , address: 0x3B4
--- Found segment that will be moved from address: 0x314 to address: 0x3B8 of length 8
--- Found segment that must be added. Length: 4 , address: 0x3C0
--- Found a word to insert to address: 0x3C4
--- Found segment that must be added. Length: 4 , address: 0x3C8
--- Found a word to insert to address: 0x3CC
--- Found segment that must be added. Length: 8 , address: 0x3D0
--- Found segment that will be moved from address: 0x334 to address: 0x3D8 of length 108
--- Found a word to insert to address: 0x444
--- Found a word to insert to address: 0x448
--- Found a word to insert to address: 0x44C
--- Found segment that must be added. Length: 8 , address: 0x450
--- Found a word to insert to address: 0x458
--- Found a word to insert to address: 0x45C
--- Found segment that will be moved from address: 0x3BC to address: 0x460 of length 116
--- Found segment that must be added. Length: 4 , address: 0x4D4
--- Found a word to insert to address: 0x4D8
--- Found segment that will be moved from address: 0x438 to address: 0x4DC of length 48
--- Found a word to insert to address: 0x50C
--- Found a word to insert to address: 0x510
--- Found segment that will be moved from address: 0x470 to address: 0x514 of length 52
--- Found a word to insert to address: 0x548
--- Found segment that must be added. Length: 4 , address: 0x54C
--- Found a word to insert to address: 0x550
--- Found segment that must be added. Length: 4 , address: 0x554
--- Found segment that will be moved from address: 0x4B4 to address: 0x558 of length 28
--- Found segment that must be added. Length: 4 , address: 0x574
--- Found segment that will be moved from address: 0x4D4 to address: 0x578 of length 48
--- Found segment that must be added. Length: 4 , address: 0x5A8
--- Found segment that will be moved from address: 0x508 to address: 0x5AC of length 240
--- Found segment that must be added. Length: 8 , address: 0x69C
--- Found segment that will be moved from address: 0x600 to address: 0x6A4 of length 24
--- Found segment that must be added. Length: 8 , address: 0x6BC
--- Found segment that will be moved from address: 0x620 to address: 0x6C4 of length 140
--- Found segment that must be added. Length: 4 , address: 0x750
--- Found a word to insert to address: 0x754
--- Found segment that must be added. Length: 4 , address: 0x758
--- Found segment that will be moved from address: 0x6B8 to address: 0x75C of length 168
--- Found segment that must be added. Length: 4 , address: 0x804
--- Found segment that will be moved from address: 0x764 to address: 0x808 of length 160
--- Found a word to insert to address: 0x8A8
--- Found segment that will be moved from address: 0x808 to address: 0x8AC of length 20
--- Found segment that must be added. Length: 4 , address: 0x8C0
--- Found segment that will be moved from address: 0x820 to address: 0x8C4 of length 100
--- Found segment that must be added. Length: 4 , address: 0x928
--- Found segment that will be moved from address: 0x888 to address: 0x92C of length 12
--- Found segment that must be added. Length: 4 , address: 0x938
--- Found segment that will be moved from address: 0x898 to address: 0x93C of length 48
--- Found segment that must be added. Length: 4 , address: 0x96C
--- Found segment that will be moved from address: 0x8CC to address: 0x970 of length 32
--- Found segment that must be added. Length: 4 , address: 0x990
--- Found segment that will be moved from address: 0x8F0 to address: 0x994 of length 8
--- Found segment that must be added. Length: 4 , address: 0x99C
--- Found segment that will be moved from address: 0x8FC to address: 0x9A0 of length 24
--- Found segment that must be added. Length: 4 , address: 0x9B8
--- Found segment that will be moved from address: 0x918 to address: 0x9BC of length 8
--- Found segment that must be added. Length: 24 , address: 0x9C4
--- Found segment that will be moved from address: 0x938 to address: 0x9DC of length 28
--- Found segment that must be added. Length: 20 , address: 0x9F8
--- Found segment that will be moved from address: 0x968 to address: 0xA0C of length 12
--- Found segment that must be added. Length: 8 , address: 0xA18
--- Found segment that will be moved from address: 0x97C to address: 0xA20 of length 84
--- Found segment that must be added. Length: 8 , address: 0xA74
--- Found segment that will be moved from address: 0x9D8 to address: 0xA7C of length 8
--- Found segment that must be added. Length: 8 , address: 0xA84
--- Found segment that will be moved from address: 0x9E8 to address: 0xA8C of length 8
--- Found a word to insert to address: 0xA94
--- Found segment that must be added. Length: 4 , address: 0xA98
--- Found segment that will be moved from address: 0x9F8 to address: 0xA9C of length 8
--- Found segment that must be added. Length: 4 , address: 0xAA4
--- Found segment that will be moved from address: 0xA04 to address: 0xAA8 of length 12
--- Found segment that must be added. Length: 16 , address: 0xAB4
--- Found a word to insert to address: 0xAC4
--- Found segment that must be added. Length: 12 , address: 0xAC8
--- Found a word to insert to address: 0xAD4
--- Found segment that must be added. Length: 24 , address: 0xAD8
--- Found segment that will be moved from address: 0xA4C to address: 0xAF0 of length 20
--- Found segment that must be added. Length: 4 , address: 0xB04
--- Found segment that will be moved from address: 0xA64 to address: 0xB08 of length 220
--- Found segment that must be added. Length: 8 , address: 0xBE4
--- Found segment that will be moved from address: 0xB48 to address: 0xBEC of length 600
--- Found segment that must be added. Length: 4 , address: 0xE44
--- Found a word to insert to address: 0xE48
--- Found segment that must be added. Length: 4 , address: 0xE4C
--- Found segment that will be moved from address: 0xDAC to address: 0xE50 of length 28
--- Found segment that must be added. Length: 4 , address: 0xE6C
--- Found segment that will be moved from address: 0xDCC to address: 0xE70 of length 16
--- Found a word to insert to address: 0xE80
--- Found segment that must be added. Length: 24 , address: 0xE84
--- Found a word to insert to address: 0xE9C
--- Found segment that must be added. Length: 20 , address: 0xEA0
--- Found a word to insert to address: 0xEB4
--- Found segment that must be added. Length: 16 , address: 0xEB8
--- Found a word to insert to address: 0xEC8
--- Found segment that must be added. Length: 124 , address: 0xECC
--- Found a word to insert to address: 0xF48
--- Found segment that must be added. Length: 64 , address: 0xF4C
--- Found a word to insert to address: 0xF8C
--- Found segment that must be added. Length: 4 , address: 0xF90
--- Found a word to insert to address: 0xF94
--- Found segment that must be added. Length: 4 , address: 0xF98
--- Found a word to insert to address: 0xF9C
--- Found segment that must be added. Length: 20 , address: 0xFA0
--- Found a word to insert to address: 0xFB4
--- Found segment that must be added. Length: 216 , address: 0xFB8
--- Found a word to insert to address: 0x1090
--- Found segment that must be added. Length: 4 , address: 0x1094
--- Found a word to insert to address: 0x1098
--- Found segment that must be added. Length: 52 , address: 0x109C
--- Found a word to insert to address: 0x10D0
--- Found segment that must be added. Length: 8 , address: 0x10D4
--- Found a word to insert to address: 0x10DC
--- Found segment that must be added. Length: 64 , address: 0x10E0
--- Found a word to insert to address: 0x1120
--- Found segment that must be added. Length: 4 , address: 0x1124
--- Found segment that will be moved from address: 0xDDC to address: 0x1128 of length 12
--- Found segment that must be added. Length: 4 , address: 0x1134
--- Found a word to insert to address: 0x1138
--- Found segment that must be added. Length: 4 , address: 0x113C
--- Found segment that will be moved from address: 0xDF4 to address: 0x1140 of length 16
--- Found segment that must be added. Length: 4 , address: 0x1150
--- Found segment that will be moved from address: 0xE08 to address: 0x1154 of length 36
--- Found segment that must be added. Length: 4 , address: 0x1178
--- Found segment that will be moved from address: 0xE30 to address: 0x117C of length 40
--- Found segment that must be added. Length: 4 , address: 0x11A4
--- Found segment that will be moved from address: 0xE5C to address: 0x11A8 of length 64
--- Found segment that must be added. Length: 4 , address: 0x11E8
--- Found a word to insert to address: 0x11EC
--- Found segment that must be added. Length: 8 , address: 0x11F0
--- Found a word to insert to address: 0x11F8
--- Found segment that must be added. Length: 8 , address: 0x11FC
--- Found segment that will be moved from address: 0xEB8 to address: 0x1204 of length 44
--- Found a word to insert to address: 0x1230
--- Found segment that must be added. Length: 16 , address: 0x1234
--- Found a word to insert to address: 0x1244
--- Found segment that must be added. Length: 12 , address: 0x1248
--- Found a word to insert to address: 0x1254
--- Found segment that must be added. Length: 8 , address: 0x1258
--- Found a word to insert to address: 0x1260
--- Found segment that must be added. Length: 76 , address: 0x1264
--- Found a word to insert to address: 0x12B0
--- Found segment that must be added. Length: 60 , address: 0x12B4
--- Found segment that will be moved from address: 0xEE8 to address: 0x12F0 of length 8
--- Found segment that must be added. Length: 4 , address: 0x12F8
--- Found segment that will be moved from address: 0xEF4 to address: 0x12FC of length 8
--- Found segment that must be added. Length: 4 , address: 0x1304
--- Found a word to insert to address: 0x1308
--- Found segment that must be added. Length: 4 , address: 0x130C
--- Found segment that will be moved from address: 0xF08 to address: 0x1310 of length 32
--- Found segment that must be added. Length: 8 , address: 0x1330
--- Found segment that will be moved from address: 0xF30 to address: 0x1338 of length 116
--- Found segment that must be added. Length: 8 , address: 0x13AC
--- Found segment that will be moved from address: 0xFAC to address: 0x13B4 of length 20
--- Found segment that must be added. Length: 4 , address: 0x13C8
--- Found segment that will be moved from address: 0xFC4 to address: 0x13CC of length 12
--- Found segment that must be added. Length: 8 , address: 0x13D8
--- Found segment that will be moved from address: 0xFD8 to address: 0x13E0 of length 20
--- Found segment that must be added. Length: 4 , address: 0x13F4
--- Found segment that will be moved from address: 0xFF0 to address: 0x13F8 of length 52
--- Found segment that must be added. Length: 12 , address: 0x142C
--- Found a word to insert to address: 0x1438
--- Found segment that must be added. Length: 4 , address: 0x143C
--- Found segment that will be moved from address: 0x1038 to address: 0x1440 of length 16
--- Found segment that must be added. Length: 4 , address: 0x1450
--- Found segment that will be moved from address: 0x104C to address: 0x1454 of length 20
--- Found segment that must be added. Length: 4 , address: 0x1468
--- Found segment that will be moved from address: 0x1064 to address: 0x146C of length 24
--- Found segment that must be added. Length: 4 , address: 0x1484
--- Found segment that will be moved from address: 0x1080 to address: 0x1488 of length 40
--- Found segment that must be added. Length: 4 , address: 0x14B0
--- Found segment that will be moved from address: 0x10AC to address: 0x14B4 of length 32
--- Found segment that must be added. Length: 4 , address: 0x14D4
--- Found a word to insert to address: 0x14D8
--- Found segment that must be added. Length: 32 , address: 0x14DC
--- Found a word to insert to address: 0x14FC
--- Found segment that must be added. Length: 12 , address: 0x1500
--- Found segment that will be moved from address: 0x1104 to address: 0x150C of length 8
--- Found segment that must be added. Length: 4 , address: 0x1514
--- Found segment that will be moved from address: 0x1110 to address: 0x1518 of length 16
--- Found a word to insert to address: 0x1528
--- Found a word to insert to address: 0x152C
--- Found segment that must be added. Length: 4 , address: 0x1530
--- Found segment that will be moved from address: 0x112C to address: 0x1534 of length 84
--- Found segment that must be added. Length: 4 , address: 0x1588
--- Found segment that will be moved from address: 0x1184 to address: 0x158C of length 68
--- Found segment that must be added. Length: 8 , address: 0x15D0
--- Found segment that will be moved from address: 0x11D0 to address: 0x15D8 of length 8
--- Found segment that must be added. Length: 4 , address: 0x15E0
--- Found segment that will be moved from address: 0x11DC to address: 0x15E4 of length 8
--- Found segment that must be added. Length: 4 , address: 0x15EC
--- Found segment that will be moved from address: 0x11E8 to address: 0x15F0 of length 12
--- Found segment that must be added. Length: 8 , address: 0x15FC
--- Found segment that will be moved from address: 0x11FC to address: 0x1604 of length 12
--- Found a word to insert to address: 0x1610
--- Found segment that must be added. Length: 4 , address: 0x1614
--- Found segment that will be moved from address: 0x1210 to address: 0x1618 of length 40
--- Found segment that must be added. Length: 4 , address: 0x1640
--- Found segment that will be moved from address: 0x123C to address: 0x1644 of length 132
--- Found segment that must be added. Length: 4 , address: 0x16C8
--- Found segment that will be moved from address: 0x12C4 to address: 0x16CC of length 8
--- Found segment that must be added. Length: 4 , address: 0x16D4
--- Found a word to insert to address: 0x16D8
--- Found segment that must be added. Length: 4 , address: 0x16DC
--- Found segment that will be moved from address: 0x12D8 to address: 0x16E0 of length 28
--- Found segment that must be added. Length: 4 , address: 0x16FC
--- Found segment that will be moved from address: 0x12F8 to address: 0x1700 of length 32
--- Found segment that must be added. Length: 4 , address: 0x1720
--- Found segment that will be moved from address: 0x131C to address: 0x1724 of length 52
--- Found segment that must be added. Length: 4 , address: 0x1758
--- Found segment that will be moved from address: 0x1354 to address: 0x175C of length 52
--- Found segment that must be added. Length: 16 , address: 0x1790
--- Found segment that will be moved from address: 0x138C to address: 0x17A0 of length 76
--- Found segment that must be added. Length: 4 , address: 0x17EC
--- Found segment that will be moved from address: 0x138C to address: 0x17F0 of length 8
--- Found segment that must be added. Length: 4 , address: 0x17F8
--- Found segment that will be moved from address: 0x13D8 to address: 0x17FC of length 16
--- Found segment that must be added. Length: 4 , address: 0x180C
--- Found segment that will be moved from address: 0x13EC to address: 0x1810 of length 20
--- Found segment that must be added. Length: 4 , address: 0x1824
--- Found a word to insert to address: 0x1828
--- Found segment that must be added. Length: 4 , address: 0x182C
--- Found segment that will be moved from address: 0x140C to address: 0x1830 of length 96
--- Found segment that must be added. Length: 4 , address: 0x1890
--- Found segment that will be moved from address: 0x1470 to address: 0x1894 of length 80
--- Found segment that must be added. Length: 4 , address: 0x18E4
--- Found segment that will be moved from address: 0x14C4 to address: 0x18E8 of length 92
--- Found a word to insert to address: 0x1944
--- Found segment that will be moved from address: 0x1524 to address: 0x1948 of length 8
--- Found segment that must be added. Length: 8 , address: 0x1950
--- Found segment that will be moved from address: 0x15D4 to address: 0x1958 of length 48
--- Found segment that must be added. Length: 4 , address: 0x1988
--- Found segment that will be moved from address: 0x1608 to address: 0x198C of length 44
--- Found segment that must be added. Length: 4 , address: 0x19B8
--- Found a word to insert to address: 0x19BC
--- Found segment that must be added. Length: 16 , address: 0x19C0
--- Found a word to insert to address: 0x19D0
--- Found segment that must be added. Length: 20 , address: 0x19D4
--- Found a word to insert to address: 0x19E8
--- Found segment that must be added. Length: 20 , address: 0x19EC
--- Found a word to insert to address: 0x1A00
--- Found segment that must be added. Length: 28 , address: 0x1A04
--- Found a word to insert to address: 0x1A20
--- Found segment that must be added. Length: 8 , address: 0x1A24
--- Found a word to insert to address: 0x1A2C
--- Found segment that must be added. Length: 20 , address: 0x1A30
--- Found a word to insert to address: 0x1A44
--- Found segment that must be added. Length: 8 , address: 0x1A48
--- Found a word to insert to address: 0x1A50
--- Found segment that must be added. Length: 8 , address: 0x1A54
--- Found a word to insert to address: 0x1A5C
--- Found segment that must be added. Length: 88 , address: 0x1A60
--- Found a word to insert to address: 0x1AB8
--- Found segment that must be added. Length: 12 , address: 0x1ABC
--- Found segment that will be moved from address: 0x12DC to address: 0x1AC8 of length 8
--- Found segment that must be added. Length: 28 , address: 0x1AD0
--- Found a word to insert to address: 0x1AEC
--- Found segment that must be added. Length: 12 , address: 0x1AF0
--- Found a word to insert to address: 0x1AFC
--- Found segment that must be added. Length: 116 , address: 0x1B00
--- Found a word to insert to address: 0x1B74
--- Found segment that must be added. Length: 44 , address: 0x1B78
--- Found a word to insert to address: 0x1BA4
--- Found segment that must be added. Length: 8 , address: 0x1BA8
--- Found a word to insert to address: 0x1BB0
--- Found a word to insert to address: 0x1BB4
--- Found segment that must be added. Length: 8 , address: 0x1BB8
--- Found a word to insert to address: 0x1BC0
--- Found segment that must be added. Length: 40 , address: 0x1BC4
--- Found a word to insert to address: 0x1BEC
--- Found segment that must be added. Length: 44 , address: 0x1BF0
--- Found segment that will be moved from address: 0x1534 to address: 0x1C1C of length 68
--- Found segment that must be added. Length: 8 , address: 0x1C60
--- Found a word to insert to address: 0x1C68
--- Found segment that will be moved from address: 0x1584 to address: 0x1C6C of length 28
--- Found segment that must be added. Length: 4 , address: 0x1C88
--- Found a word to insert to address: 0x1C8C
--- Found segment that must be added. Length: 4 , address: 0x1C90
--- Found segment that will be moved from address: 0x15AC to address: 0x1C94 of length 12
--- Found segment that must be added. Length: 4 , address: 0x1CA0
--- Found a word to insert to address: 0x1CA4
--- Found segment that must be added. Length: 4 , address: 0x1CA8
--- Found a word to insert to address: 0x1CAC
--- Found segment that must be added. Length: 4 , address: 0x1CB0
--- Found a word to insert to address: 0x1CB4
--- Found segment that must be added. Length: 4 , address: 0x1CB8
--- Found segment that will be moved from address: 0x15D4 to address: 0x1CBC of length 48
--- Found segment that must be added. Length: 4 , address: 0x1CEC
--- Found segment that will be moved from address: 0x1608 to address: 0x1CF0 of length 44
--- Found segment that must be added. Length: 4 , address: 0x1D1C
--- Found segment that will be moved from address: 0x1638 to address: 0x1D20 of length 84
--- Found a word to insert to address: 0x1D74
--- Found segment that must be added. Length: 4 , address: 0x1D78
--- Found segment that will be moved from address: 0x1694 to address: 0x1D7C of length 84
--- Found segment that must be added. Length: 4 , address: 0x1DD0
--- Found segment that will be moved from address: 0x16EC to address: 0x1DD4 of length 172
--- Found segment that must be added. Length: 4 , address: 0x1E80
--- Found segment that will be moved from address: 0x179C to address: 0x1E84 of length 12
--- Found segment that must be added. Length: 4 , address: 0x1E90
--- Found segment that will be moved from address: 0x17AC to address: 0x1E94 of length 52
--- Found segment that must be added. Length: 4 , address: 0x1EC8
--- Found segment that will be moved from address: 0x17E4 to address: 0x1ECC of length 32
--- Found segment that must be added. Length: 4 , address: 0x1EEC
--- Found segment that will be moved from address: 0x1808 to address: 0x1EF0 of length 44
--- Found segment that must be added. Length: 24 , address: 0x1F1C
--- Found segment that will be moved from address: 0x184C to address: 0x1F34 of length 28
--- Found segment that must be added. Length: 4 , address: 0x1F50
--- Found segment that will be moved from address: 0x186C to address: 0x1F54 of length 44
--- Found segment that must be added. Length: 4 , address: 0x1F80
--- Found segment that will be moved from address: 0x189C to address: 0x1F84 of length 88
--- Found segment that must be added. Length: 4 , address: 0x1FDC
--- Found segment that will be moved from address: 0x18F8 to address: 0x1FE0 of length 52
--- Found segment that must be added. Length: 4 , address: 0x2014
--- Found segment that will be moved from address: 0x1930 to address: 0x2018 of length 40
--- Found segment that must be added. Length: 4 , address: 0x2040
--- Found segment that will be moved from address: 0x195C to address: 0x2044 of length 56
--- Found segment that must be added. Length: 4 , address: 0x207C
--- Found segment that will be moved from address: 0x1998 to address: 0x2080 of length 20
--- Found segment that must be added. Length: 28 , address: 0x2094
--- Found a word to insert to address: 0x20B0
--- Found segment that must be added. Length: 36 , address: 0x20B4
--- Found a word to insert to address: 0x20D8
--- Found segment that must be added. Length: 4 , address: 0x20DC
--- Found segment that will be moved from address: 0x19F8 to address: 0x20E0 of length 40
--- Found a word to insert to address: 0x2108
--- Found a word to insert to address: 0x210C
--- Found segment that must be added. Length: 8 , address: 0x2110
--- Found a word to insert to address: 0x2118
--- Found segment that must be added. Length: 4 , address: 0x211C
--- Found segment that will be moved from address: 0x1A38 to address: 0x2120 of length 12
--- Found segment that must be added. Length: 4 , address: 0x212C
--- Found a word to insert to address: 0x2130
--- Found segment that must be added. Length: 4 , address: 0x2134
--- Found segment that will be moved from address: 0x1A50 to address: 0x2138 of length 16
--- Found segment that must be added. Length: 4 , address: 0x2148
--- Found segment that will be moved from address: 0x1A64 to address: 0x214C of length 56
--- Found segment that must be added. Length: 4 , address: 0x2184
--- Found segment that will be moved from address: 0x1AA0 to address: 0x2188 of length 36
--- Found segment that must be added. Length: 4 , address: 0x21AC
--- Found segment that will be moved from address: 0x1AC8 to address: 0x21B0 of length 608
--- Found segment that must be added. Length: 16 , address: 0x2410
--- Found a word to insert to address: 0x2420
--- Found segment that must be added. Length: 24 , address: 0x2424
--- Found segment that will be moved from address: 0x1D54 to address: 0x243C of length 24
--- Found segment that must be added. Length: 4 , address: 0x2454
--- Found segment that will be moved from address: 0x1D70 to address: 0x2458 of length 8
--- Found segment that must be added. Length: 8 , address: 0x2460
--- Found segment that will be moved from address: 0x1D80 to address: 0x2468 of length 76
--- Found segment that must be added. Length: 4 , address: 0x24B4
--- Found segment that will be moved from address: 0x1DD0 to address: 0x24B8 of length 20
--- Found segment that must be added. Length: 16 , address: 0x24CC
--- Found segment that will be moved from address: 0x1DF4 to address: 0x24DC of length 344
--- Found segment that must be added. Length: 4 , address: 0x2634
--- Found segment that will be moved from address: 0x1F50 to address: 0x2638 of length 8
--- Found segment that must be added. Length: 4 , address: 0x2640
--- Found a word to insert to address: 0x2644
--- Found segment that must be added. Length: 4 , address: 0x2648
--- Found a word to insert to address: 0x264C
--- Found segment that must be added. Length: 4 , address: 0x2650
--- Found segment that will be moved from address: 0x1F6C to address: 0x2654 of length 660
--- Found segment that must be added. Length: 12 , address: 0x28E8
--- Found segment that will be moved from address: 0x220C to address: 0x28F4 of length 32
--- Found segment that must be added. Length: 8 , address: 0x2914
--- Found segment that will be moved from address: 0x2234 to address: 0x291C of length 60
--- Found segment that must be added. Length: 8 , address: 0x2958
--- Found a word to insert to address: 0x2960
--- Found segment that must be added. Length: 4 , address: 0x2964
--- Found segment that will be moved from address: 0x2280 to address: 0x2968 of length 12
--- Found segment that must be added. Length: 4 , address: 0x2974
--- Found segment that will be moved from address: 0x2290 to address: 0x2978 of length 56
--- Found segment that must be added. Length: 4 , address: 0x29B0
--- Found segment that will be moved from address: 0x22CC to address: 0x29B4 of length 12
--- Found segment that must be added. Length: 4 , address: 0x29C0
--- Found segment that will be moved from address: 0x22DC to address: 0x29C4 of length 12
--- Found segment that must be added. Length: 4 , address: 0x29D0
--- Found segment that will be moved from address: 0x22EC to address: 0x29D4 of length 12
--- Found segment that must be added. Length: 4 , address: 0x29E0
--- Found segment that will be moved from address: 0x22FC to address: 0x29E4 of length 104
--- Found segment that must be added. Length: 8 , address: 0x2A4C
--- Found segment that will be moved from address: 0x236C to address: 0x2A54 of length 136
--- Found segment that must be added. Length: 4 , address: 0x2ADC
--- Found segment that will be moved from address: 0x23F8 to address: 0x2AE0 of length 280
--- Found segment that must be added. Length: 12 , address: 0x2BF8
--- Found segment that will be moved from address: 0x251C to address: 0x2C04 of length 20
--- Found segment that must be added. Length: 4 , address: 0x2C18
--- Found segment that will be moved from address: 0x2534 to address: 0x2C1C of length 32
--- Found segment that must be added. Length: 16 , address: 0x2C3C
--- Found segment that will be moved from address: 0x2564 to address: 0x2C4C of length 184
--- Found segment that must be added. Length: 4 , address: 0x2D04
--- Found segment that will be moved from address: 0x2620 to address: 0x2D08 of length 52
--- Found segment that must be added. Length: 4 , address: 0x2D3C
--- Found a word to insert to address: 0x2D40
--- Found segment that must be added. Length: 4 , address: 0x2D44
--- Found segment that will be moved from address: 0x2660 to address: 0x2D48 of length 108
--- Found segment that must be added. Length: 4 , address: 0x2DB4
--- Found a word to insert to address: 0x2DB8
--- Found segment that must be added. Length: 8 , address: 0x2DBC
--- Found segment that will be moved from address: 0x26DC to address: 0x2DC4 of length 228
--- Found segment that must be added. Length: 12 , address: 0x2EA8
--- Found segment that will be moved from address: 0x27CC to address: 0x2EB4 of length 216
--- Found segment that must be added. Length: 12 , address: 0x2F8C
--- Found segment that will be moved from address: 0x28B0 to address: 0x2F98 of length 104
--- Found segment that must be added. Length: 12 , address: 0x3000
--- Found segment that will be moved from address: 0x2924 to address: 0x300C of length 8
--- Found segment that must be added. Length: 4 , address: 0x3014
--- Found segment that will be moved from address: 0x2930 to address: 0x3018 of length 52
--- Found segment that must be added. Length: 4 , address: 0x304C
--- Found segment that will be moved from address: 0x2968 to address: 0x3050 of length 20
--- Found segment that must be added. Length: 4 , address: 0x3064
--- Found segment that will be moved from address: 0x2980 to address: 0x3068 of length 12
--- Found segment that must be added. Length: 4 , address: 0x3074
--- Found segment that will be moved from address: 0x2990 to address: 0x3078 of length 40
--- Found segment that must be added. Length: 4 , address: 0x30A0
--- Found segment that will be moved from address: 0x29BC to address: 0x30A4 of length 312
--- Found segment that must be added. Length: 4 , address: 0x31DC
--- Found segment that will be moved from address: 0x2AF8 to address: 0x31E0 of length 188
--- Found segment that must be added. Length: 12 , address: 0x329C
--- Found segment that will be moved from address: 0x2BC0 to address: 0x32A8 of length 228
--- Found segment that must be added. Length: 12 , address: 0x338C
--- Found segment that will be moved from address: 0x2CB0 to address: 0x3398 of length 36
--- Found segment that must be added. Length: 8 , address: 0x33BC
--- Found segment that will be moved from address: 0x2CDC to address: 0x33C4 of length 136
--- Found segment that must be added. Length: 4 , address: 0x344C
--- Found segment that will be moved from address: 0x2D68 to address: 0x3450 of length 28
--- Found segment that must be added. Length: 4 , address: 0x346C
--- Found segment that will be moved from address: 0x2D88 to address: 0x3470 of length 12
--- Found segment that must be added. Length: 4 , address: 0x347C
--- Found segment that will be moved from address: 0x2D98 to address: 0x3480 of length 12
--- Found segment that must be added. Length: 4 , address: 0x348C
--- Found segment that will be moved from address: 0x2DA8 to address: 0x3490 of length 676
--- Found segment that must be added. Length: 24 , address: 0x3734
--- Found a word to insert to address: 0x374C
--- Found segment that must be added. Length: 4 , address: 0x3750
--- Found segment that will be moved from address: 0x306C to address: 0x3754 of length 292
--- Found segment that must be added. Length: 20 , address: 0x3878
--- Found segment that will be moved from address: 0x31A4 to address: 0x388C of length 784
--- Found segment that must be added. Length: 8 , address: 0x3B9C
--- Found segment that will be moved from address: 0x34BC to address: 0x3BA4 of length 40
--- Found segment that must be added. Length: 8 , address: 0x3BCC
--- Found a word to insert to address: 0x3BD4
--- Found segment that must be added. Length: 48 , address: 0x3BD8
--- Found a word to insert to address: 0x3C08
--- Found segment that must be added. Length: 24 , address: 0x3C0C
--- Found a word to insert to address: 0x3C24
--- Found segment that must be added. Length: 208 , address: 0x3C28
--- Found a word to insert to address: 0x3CF8
--- Found a word to insert to address: 0x3CFC
--- Found segment that must be added. Length: 20 , address: 0x3D00
--- Found a word to insert to address: 0x3D14
--- Found segment that must be added. Length: 28 , address: 0x3D18
--- Found a word to insert to address: 0x3D34
--- Found segment that must be added. Length: 28 , address: 0x3D38
--- Found a word to insert to address: 0x3D54
--- Found segment that must be added. Length: 20 , address: 0x3D58
--- Found segment that will be moved from address: 0x35D0 to address: 0x3D6C of length 268
--- Found segment that must be added. Length: 40 , address: 0x3E78
--- Found a word to insert to address: 0x3EA0
--- Found segment that must be added. Length: 8 , address: 0x3EA4
--- Found segment that will be moved from address: 0x3710 to address: 0x3EAC of length 912
--- Found a word to insert to address: 0x423C
--- Found segment that must be added. Length: 16 , address: 0x4240
--- Found a word to insert to address: 0x4250
--- Found a word to insert to address: 0x4254
--- Found segment that must be added. Length: 16 , address: 0x4258
--- Found a word to insert to address: 0x4268
--- Found a word to insert to address: 0x426C
--- Found segment that must be added. Length: 16 , address: 0x4270
--- Found a word to insert to address: 0x4280
--- Found segment that will be moved from address: 0x3AA0 to address: 0x4284 of length 1040
--- Found segment that must be added. Length: 72 , address: 0x4694
--- Found segment that will be moved from address: 0x3EF8 to address: 0x46DC of length 628
--- Found segment that must be added. Length: 4 , address: 0x4950
--- Found a word to insert to address: 0x4954
--- Found segment that must be added. Length: 4 , address: 0x4958
--- Found segment that will be moved from address: 0x4178 to address: 0x495C of length 24
--- Found segment that must be added. Length: 12 , address: 0x4974
--- Found segment that will be moved from address: 0x419C to address: 0x4980 of length 84

--- OPTIMIZING...

---- Optimized 2 ADD/INSERT operations by merging...
---- Optimized 2 ADD/INSERT operations by merging...
---- Optimized 2 ADD/INSERT operations by merging...
---- Optimized 2 ADD/INSERT operations by merging...
---- Optimized 2 ADD/INSERT operations by merging...
---- Optimized COPY and ADD operations to preceding ADD...
---- Optimized 2 ADD/INSERT operations by merging...
---- Optimized 2 ADD/INSERT operations by merging...
---- Optimized 2 ADD/INSERT operations by merging...
---- Optimized 2 ADD/INSERT operations by merging...
---- Optimized 2 ADD/INSERT operations by merging...
---- Optimized 2 ADD/INSERT operations by merging...
---- Optimized 2 ADD/INSERT operations by merging...
---- Optimized 2 ADD/INSERT operations by merging...
---- Optimized 2 ADD/INSERT operations by merging...
---- Optimized 2 ADD/INSERT operations by merging...
---- Optimized 2 ADD/INSERT operations by merging...
---- Optimized 2 ADD/INSERT operations by merging...
---- Optimized 2 ADD/INSERT operations by merging...
---- Optimized 2 ADD/INSERT operations by merging...
---- Optimized 2 ADD/INSERT operations by merging...
---- Optimized 2 ADD/INSERT operations by merging...
---- Optimized 2 ADD/INSERT operations by merging...
---- Optimized 2 ADD/INSERT operations by merging...
---- Optimized 2 ADD/INSERT operations by merging...
---- Optimized 2 ADD/INSERT operations by merging...
---- Optimized COPY and ADD operations to preceding ADD...
---- Optimized COPY and ADD operations to preceding ADD...
---- Optimized COPY and ADD operations to preceding ADD...
---- Optimized 2 ADD/INSERT operations by merging...
---- Optimized 2 ADD/INSERT operations by merging...
---- Optimized 2 ADD/INSERT operations by merging...
---- Optimized 2 ADD/INSERT operations by merging...
---- Optimized COPY and ADD operations to preceding ADD...
---- Optimized 2 ADD/INSERT operations by merging...
---- Optimized 2 ADD/INSERT operations by merging...
---- Optimized COPY and ADD operations to preceding ADD...
---- Optimized 2 ADD/INSERT operations by merging...
---- Optimized 2 ADD/INSERT operations by merging...
---- Optimized 2 ADD/INSERT operations by merging...
---- Optimized 2 ADD/INSERT operations by merging...
---- Optimized 2 ADD/INSERT operations by merging...
---- Optimized 2 ADD/INSERT operations by merging...
---- Optimized 2 ADD/INSERT operations by merging...
---- Optimized 2 ADD/INSERT operations by merging...
---- Optimized 2 ADD/INSERT operations by merging...
---- Optimized 2 ADD/INSERT operations by merging...
---- Optimized 2 ADD/INSERT operations by merging...
---- Optimized 2 ADD/INSERT operations by merging...
---- Optimized 2 ADD/INSERT operations by merging...
---- Optimized 2 ADD/INSERT operations by merging...
---- Optimized 2 ADD/INSERT operations by merging...
---- Optimized 2 ADD/INSERT operations by merging...
---- Optimized COPY and ADD operations to preceding ADD...
---- Optimized COPY and ADD operations to preceding ADD...
---- Optimized COPY and ADD operations to preceding ADD...
---- Optimized COPY and ADD operations to preceding ADD...
---- Optimized COPY and ADD operations to preceding ADD...
---- Optimized COPY and ADD operations to preceding ADD...
---- Optimized 2 ADD/INSERT operations by merging...
---- Optimized COPY and ADD operations to preceding ADD...
---- Optimized COPY and ADD operations to preceding ADD...
---- Optimized 2 ADD/INSERT operations by merging...
---- Optimized 2 ADD/INSERT operations by merging...
---- Optimized 2 ADD/INSERT operations by merging...
---- Optimized 2 ADD/INSERT operations by merging...
---- Optimized 2 ADD/INSERT operations by merging...
---- Optimized 2 ADD/INSERT operations by merging...
---- Optimized 2 ADD/INSERT operations by merging...
---- Optimized 2 ADD/INSERT operations by merging...
---- Optimized 2 ADD/INSERT operations by merging...
---- Optimized 2 ADD/INSERT operations by merging...
---- Optimized 2 ADD/INSERT operations by merging...
---- Optimized 2 ADD/INSERT operations by merging...
---- Optimized 2 ADD/INSERT operations by merging...
---- Optimized 2 ADD/INSERT operations by merging...
---- Optimized 2 ADD/INSERT operations by merging...
---- Optimized 2 ADD/INSERT operations by merging...
---- Optimized 2 ADD/INSERT operations by merging...
---- Optimized 2 ADD/INSERT operations by merging...
---- Optimized 2 ADD/INSERT operations by merging...
---- Optimized 2 ADD/INSERT operations by merging...
---- Optimized 2 ADD/INSERT operations by merging...
---- Optimized 2 ADD/INSERT operations by merging...
---- Optimized 2 ADD/INSERT operations by merging...
---- Optimized 2 ADD/INSERT operations by merging...
---- Optimized 2 ADD/INSERT operations by merging...
---- Optimized 2 ADD/INSERT operations by merging...
---- Optimized 2 ADD/INSERT operations by merging...
---- Optimized 2 ADD/INSERT operations by merging...
---- Optimized 2 ADD/INSERT operations by merging...
---- Optimized 2 ADD/INSERT operations by merging...
---- Optimized 2 ADD/INSERT operations by merging...
---- Optimized 2 ADD/INSERT operations by merging...
---- Optimized 2 ADD/INSERT operations by merging...
---- Optimized COPY and ADD operations to preceding ADD...
---- Optimized 2 ADD/INSERT operations by merging...
---- Optimized 2 ADD/INSERT operations by merging...
---- Optimized 2 ADD/INSERT operations by merging...
---- Optimized 2 ADD/INSERT operations by merging...
---- Optimized 2 ADD/INSERT operations by merging...
---- Optimized 2 ADD/INSERT operations by merging...
---- Optimized 2 ADD/INSERT operations by merging...
---- Optimized 2 ADD/INSERT operations by merging...
---- Optimized 2 ADD/INSERT operations by merging...
---- Optimized 2 ADD/INSERT operations by merging...
---- Optimized 2 ADD/INSERT operations by merging...
---- Optimized 2 ADD/INSERT operations by merging...
---- Optimized 2 ADD/INSERT operations by merging...
---- Optimized 2 ADD/INSERT operations by merging...
---- Optimized 2 ADD/INSERT operations by merging...
---- Optimized COPY and ADD operations to preceding ADD...
---- Optimized COPY and ADD operations to preceding ADD...
---- Optimized 2 ADD/INSERT operations by merging...
---- Optimized 2 ADD/INSERT operations by merging...
---- Optimized COPY and ADD operations to preceding ADD...
---- Optimized 2 ADD/INSERT operations by merging...
---- Optimized 2 ADD/INSERT operations by merging...
---- Optimized 2 ADD/INSERT operations by merging...
---- Optimized 2 ADD/INSERT operations by merging...
---- Optimized 2 ADD/INSERT operations by merging...
---- Optimized 2 ADD/INSERT operations by merging...
---- Optimized COPY and ADD operations to preceding ADD...
---- Optimized 2 ADD/INSERT operations by merging...
---- Optimized 2 ADD/INSERT operations by merging...
---- Optimized COPY and ADD operations to preceding ADD...
---- Optimized COPY and ADD operations to preceding ADD...
---- Optimized COPY and ADD operations to preceding ADD...
---- Optimized COPY and ADD operations to preceding ADD...
---- Optimized 2 ADD/INSERT operations by merging...
---- Optimized COPY and ADD operations to preceding ADD...
---- Optimized 2 ADD/INSERT operations by merging...
---- Optimized 2 ADD/INSERT operations by merging...
---- Optimized COPY and ADD operations to preceding ADD...
---- Optimized 2 ADD/INSERT operations by merging...
---- Optimized 2 ADD/INSERT operations by merging...
---- Optimized COPY and ADD operations to preceding ADD...
---- Optimized 2 ADD/INSERT operations by merging...
---- Optimized 2 ADD/INSERT operations by merging...
---- Optimized 2 ADD/INSERT operations by merging...
---- Optimized 2 ADD/INSERT operations by merging...
---- Optimized 2 ADD/INSERT operations by merging...
---- Optimized 2 ADD/INSERT operations by merging...
---- Optimized 2 ADD/INSERT operations by merging...
---- Optimized 2 ADD/INSERT operations by merging...
---- Optimized 2 ADD/INSERT operations by merging...
---- Optimized 2 ADD/INSERT operations by merging...
---- Optimized 2 ADD/INSERT operations by merging...
---- Optimized 2 ADD/INSERT operations by merging...
---- Optimized 2 ADD/INSERT operations by merging...
---- Optimized 2 ADD/INSERT operations by merging...
---- Optimized 2 ADD/INSERT operations by merging...
---- Optimized 2 ADD/INSERT operations by merging...
---- Optimized 2 ADD/INSERT operations by merging...
---- Optimized 2 ADD/INSERT operations by merging...
---- Optimized 2 ADD/INSERT operations by merging...
---- Optimized 2 ADD/INSERT operations by merging...
---- Optimized COPY and ADD operations to preceding ADD...
---- Optimized 2 ADD/INSERT operations by merging...
---- Optimized 2 ADD/INSERT operations by merging...
---- Optimized 2 ADD/INSERT operations by merging...
---- Optimized 2 ADD/INSERT operations by merging...
---- Optimized 2 ADD/INSERT operations by merging...
---- Optimized 2 ADD/INSERT operations by merging...
---- Optimized 2 ADD/INSERT operations by merging...
---- Optimized 2 ADD/INSERT operations by merging...
---- Optimized 2 ADD/INSERT operations by merging...
---- Optimized 2 ADD/INSERT operations by merging...
---- Optimized 2 ADD/INSERT operations by merging...
---- Optimized 2 ADD/INSERT operations by merging...
---- Optimized 2 ADD/INSERT operations by merging...
---- Optimized 2 ADD/INSERT operations by merging...
---- Optimized 2 ADD/INSERT operations by merging...
---- Optimized 2 ADD/INSERT operations by merging...
---- Optimized 2 ADD/INSERT operations by merging...
---- Optimized 2 ADD/INSERT operations by merging...
---- Optimized COPY and ADD operations to preceding ADD...
---- Optimized 2 ADD/INSERT operations by merging...
---- Optimized 2 ADD/INSERT operations by merging...
---- Optimized 2 ADD/INSERT operations by merging...
---- Optimized 2 ADD/INSERT operations by merging...
---- Optimized 2 ADD/INSERT operations by merging...
---- Optimized 2 ADD/INSERT operations by merging...
---- Optimized 2 ADD/INSERT operations by merging...
---- Optimized COPY and ADD operations to preceding ADD...
---- Optimized 2 ADD/INSERT operations by merging...
---- Optimized 2 ADD/INSERT operations by merging...
---- Optimized 2 ADD/INSERT operations by merging...
---- Optimized 2 ADD/INSERT operations by merging...
---- Optimized 2 ADD/INSERT operations by merging...
---- Optimized 2 ADD/INSERT operations by merging...
---- Optimized 2 ADD/INSERT operations by merging...
---- Optimized 2 ADD/INSERT operations by merging...
---- Optimized COPY and ADD operations to preceding ADD...
---- Optimized 2 ADD/INSERT operations by merging...
---- Optimized 2 ADD/INSERT operations by merging...
---- Optimized 2 ADD/INSERT operations by merging...
---- Optimized 2 ADD/INSERT operations by merging...
---- Optimized COPY and ADD operations to preceding ADD...
---- Optimized COPY and ADD operations to preceding ADD...
---- Optimized 2 ADD/INSERT operations by merging...
---- Optimized 2 ADD/INSERT operations by merging...
---- Optimized 2 ADD/INSERT operations by merging...
---- Optimized 2 ADD/INSERT operations by merging...
---- Optimized 2 ADD/INSERT operations by merging...
---- Optimized 2 ADD/INSERT operations by merging...
---- Optimized COPY and ADD operations to preceding ADD...
---- Optimized COPY and ADD operations to preceding ADD...
---- Optimized COPY and ADD operations to preceding ADD...
---- Optimized COPY and ADD operations to preceding ADD...
---- Optimized 2 ADD/INSERT operations by merging...
---- Optimized 2 ADD/INSERT operations by merging...
---- Optimized 2 ADD/INSERT operations by merging...
---- Optimized 2 ADD/INSERT operations by merging...
---- Optimized COPY and ADD operations to preceding ADD...
---- Optimized COPY and ADD operations to preceding ADD...
---- Optimized COPY and ADD operations to preceding ADD...
---- Optimized COPY and ADD operations to preceding ADD...
---- Optimized 2 ADD/INSERT operations by merging...
---- Optimized 2 ADD/INSERT operations by merging...
---- Optimized 2 ADD/INSERT operations by merging...
---- Optimized 2 ADD/INSERT operations by merging...
---- Optimized 2 ADD/INSERT operations by merging...
---- Optimized 2 ADD/INSERT operations by merging...
---- Optimized 2 ADD/INSERT operations by merging...
---- Optimized 2 ADD/INSERT operations by merging...
---- Optimized 2 ADD/INSERT operations by merging...
---- Optimized 2 ADD/INSERT operations by merging...
---- Optimized 2 ADD/INSERT operations by merging...
---- Optimized 2 ADD/INSERT operations by merging...
---- Optimized 2 ADD/INSERT operations by merging...
---- Optimized 2 ADD/INSERT operations by merging...
---- Optimized 2 ADD/INSERT operations by merging...
---- Optimized 2 ADD/INSERT operations by merging...
---- Optimized 2 ADD/INSERT operations by merging...
---- Optimized 2 ADD/INSERT operations by merging...
---- Optimized 2 ADD/INSERT operations by merging...
---- Optimized 2 ADD/INSERT operations by merging...
---- Optimized 2 ADD/INSERT operations by merging...
---- Optimized 2 ADD/INSERT operations by merging...
---- Optimized 2 ADD/INSERT operations by merging...
---- Optimized 2 ADD/INSERT operations by merging...
---- Optimized 2 ADD/INSERT operations by merging...
---- Optimized 2 ADD/INSERT operations by merging...
---- Optimized 2 ADD/INSERT operations by merging...
---- Optimized 2 ADD/INSERT operations by merging...
---- Optimized 2 ADD/INSERT operations by merging...
-- Done...
------------------------------------------

-- Generating file 'data_basis\riotboot\samd21-xpro\deltagen_rev_00_rev_01\deltagen_rev_00_slot0_rev_01_slot0'...
--- Data succesfully generated
--- Generating checksum CRC-16
--- Generated CRC-16
--- Finalizing delta file
--- Writing file 'data_basis\riotboot\samd21-xpro\deltagen_rev_00_rev_01\deltagen_rev_00_slot0_rev_01_slot0'

-- OPERATION SUCCESFULL ...
Elapsed time: 00:00:00.4467700
------------------------------------------

