
There are 5 non-matching segments with total length of 17284
-- Found 5 segments that have changed...
-- Searching for matching segments...
-- Done searching...
------------------------------------------

-- Generating operations...
--- Found segment that must be added. Length: 8 , address: 0x4
--- Found a word to insert to address: 0xC

--- OPTIMIZING...

---- Optimized 2 ADD/INSERT operations by merging...
--- Found word that must be inserted. Length: 4 , address: 0x2C

--- OPTIMIZING...

--- Found segment that must be added. Length: 108 , address: 0x38

--- OPTIMIZING...

--- Found word that must be inserted. Length: 4 , address: 0xB8

--- OPTIMIZING...

--- Found segment that must be added. Length: 4 , address: 0xC0
--- Found a word to insert to address: 0xC4
--- Found a word to insert to address: 0xC8
--- Found segment that must be added. Length: 4 , address: 0xCC
--- Found a word to insert to address: 0xD0
--- Found segment that must be added. Length: 4 , address: 0xD4
--- Found a word to insert to address: 0xD8
--- Found segment that must be added. Length: 8 , address: 0xDC
--- Found a word to insert to address: 0xE4
--- Found segment that must be added. Length: 24 , address: 0xE8
--- Found a word to insert to address: 0x100
--- Found segment that must be added. Length: 20 , address: 0x104
--- Found a word to insert to address: 0x118
--- Found segment that must be added. Length: 4 , address: 0x11C
--- Found a word to insert to address: 0x120
--- Found segment that must be added. Length: 8 , address: 0x124
--- Found segment that will be moved from address: 0x1A4 to address: 0x12C of length 8
--- Found segment that must be added. Length: 24 , address: 0x134
--- Found segment that will be moved from address: 0x1C4 to address: 0x14C of length 16
--- Found segment that must be added. Length: 8 , address: 0x15C
--- Found segment that will be moved from address: 0x1DC to address: 0x164 of length 8
--- Found a word to insert to address: 0x16C
--- Found segment that must be added. Length: 4 , address: 0x170
--- Found segment that will be moved from address: 0x1EC to address: 0x174 of length 8
--- Found a word to insert to address: 0x17C
--- Found segment that must be added. Length: 4 , address: 0x180
--- Found segment that will be moved from address: 0x1FC to address: 0x184 of length 24
--- Found segment that must be added. Length: 8 , address: 0x19C
--- Found a word to insert to address: 0x1A4
--- Found segment that must be added. Length: 4 , address: 0x1A8
--- Found segment that will be moved from address: 0x224 to address: 0x1AC of length 40
--- Found segment that must be added. Length: 8 , address: 0x1D4
--- Found a word to insert to address: 0x1DC
--- Found segment that will be moved from address: 0x258 to address: 0x1E0 of length 36
--- Found segment that must be added. Length: 8 , address: 0x204
--- Found segment that will be moved from address: 0x284 to address: 0x20C of length 96
--- Found segment that must be added. Length: 8 , address: 0x26C
--- Found segment that will be moved from address: 0x2EC to address: 0x274 of length 104
--- Found segment that must be added. Length: 4 , address: 0x2DC
--- Found segment that will be moved from address: 0x358 to address: 0x2E0 of length 12
--- Found segment that must be added. Length: 20 , address: 0x2EC
--- Found segment that will be moved from address: 0x378 to address: 0x300 of length 8
--- Found segment that must be added. Length: 24 , address: 0x308
--- Found segment that will be moved from address: 0x398 to address: 0x320 of length 108
--- Found segment that must be added. Length: 20 , address: 0x38C
--- Found a word to insert to address: 0x3A0
--- Found segment that must be added. Length: 4 , address: 0x3A4
--- Found segment that will be moved from address: 0x420 to address: 0x3A8 of length 116
--- Found segment that must be added. Length: 8 , address: 0x41C
--- Found segment that will be moved from address: 0x49C to address: 0x424 of length 48
--- Found segment that must be added. Length: 8 , address: 0x454
--- Found segment that will be moved from address: 0x4D4 to address: 0x45C of length 52
--- Found segment that must be added. Length: 16 , address: 0x490
--- Found segment that will be moved from address: 0x518 to address: 0x4A0 of length 28
--- Found segment that must be added. Length: 4 , address: 0x4BC
--- Found segment that will be moved from address: 0x538 to address: 0x4C0 of length 48
--- Found segment that must be added. Length: 4 , address: 0x4F0
--- Found segment that will be moved from address: 0x56C to address: 0x4F4 of length 240
--- Found segment that must be added. Length: 8 , address: 0x5E4
--- Found segment that will be moved from address: 0x664 to address: 0x5EC of length 24
--- Found segment that must be added. Length: 8 , address: 0x604
--- Found segment that will be moved from address: 0x684 to address: 0x60C of length 136
--- Found segment that must be added. Length: 8 , address: 0x694
--- Found a word to insert to address: 0x69C
--- Found segment that must be added. Length: 4 , address: 0x6A0
--- Found segment that will be moved from address: 0x71C to address: 0x6A4 of length 168
--- Found segment that must be added. Length: 4 , address: 0x74C
--- Found segment that will be moved from address: 0x7C8 to address: 0x750 of length 160
--- Found segment that must be added. Length: 4 , address: 0x7F0
--- Found segment that will be moved from address: 0x86C to address: 0x7F4 of length 20
--- Found segment that must be added. Length: 4 , address: 0x808
--- Found segment that will be moved from address: 0x884 to address: 0x80C of length 100
--- Found segment that must be added. Length: 4 , address: 0x870
--- Found segment that will be moved from address: 0x8EC to address: 0x874 of length 12
--- Found segment that must be added. Length: 4 , address: 0x880
--- Found segment that will be moved from address: 0x8FC to address: 0x884 of length 48
--- Found segment that must be added. Length: 4 , address: 0x8B4
--- Found segment that will be moved from address: 0x930 to address: 0x8B8 of length 32
--- Found a word to insert to address: 0x8D8
--- Found segment that will be moved from address: 0x954 to address: 0x8DC of length 8
--- Found segment that must be added. Length: 4 , address: 0x8E4
--- Found segment that will be moved from address: 0x960 to address: 0x8E8 of length 24
--- Found segment that must be added. Length: 4 , address: 0x900
--- Found segment that will be moved from address: 0x97C to address: 0x904 of length 8
--- Found segment that must be added. Length: 16 , address: 0x90C
--- Found a word to insert to address: 0x91C
--- Found segment that must be added. Length: 4 , address: 0x920
--- Found segment that will be moved from address: 0x99C to address: 0x924 of length 28
--- Found segment that must be added. Length: 12 , address: 0x940
--- Found a word to insert to address: 0x94C
--- Found segment that must be added. Length: 4 , address: 0x950
--- Found segment that will be moved from address: 0x9CC to address: 0x954 of length 16
--- Found segment that must be added. Length: 4 , address: 0x964
--- Found segment that will be moved from address: 0x9E0 to address: 0x968 of length 84
--- Found segment that must be added. Length: 8 , address: 0x9BC
--- Found segment that will be moved from address: 0xA3C to address: 0x9C4 of length 12
--- Found segment that must be added. Length: 4 , address: 0x9D0
--- Found segment that will be moved from address: 0xA4C to address: 0x9D4 of length 12
--- Found segment that must be added. Length: 4 , address: 0x9E0
--- Found segment that will be moved from address: 0xA5C to address: 0x9E4 of length 8
--- Found segment that must be added. Length: 4 , address: 0x9EC
--- Found segment that will be moved from address: 0xA68 to address: 0x9F0 of length 12
--- Found segment that must be added. Length: 32 , address: 0x9FC
--- Found a word to insert to address: 0xA1C
--- Found segment that must be added. Length: 24 , address: 0xA20
--- Found segment that will be moved from address: 0xAB0 to address: 0xA38 of length 20
--- Found segment that must be added. Length: 4 , address: 0xA4C
--- Found segment that will be moved from address: 0xAC8 to address: 0xA50 of length 316
--- Found segment that must be added. Length: 8 , address: 0xB8C
--- Found segment that will be moved from address: 0xC0C to address: 0xB94 of length 68
--- Found segment that must be added. Length: 4 , address: 0xBD8
--- Found segment that will be moved from address: 0xC54 to address: 0xBDC of length 28
--- Found segment that must be added. Length: 4 , address: 0xBF8
--- Found segment that will be moved from address: 0xC74 to address: 0xBFC of length 16
--- Found a word to insert to address: 0xC0C
--- Found segment that will be moved from address: 0xE44 to address: 0xC10 of length 60
--- Found segment that must be added. Length: 4 , address: 0xC4C
--- Found a word to insert to address: 0xC50
--- Found segment that must be added. Length: 8 , address: 0xC54
--- Found a word to insert to address: 0xC5C
--- Found segment that must be added. Length: 8 , address: 0xC60
--- Found segment that will be moved from address: 0xE9C to address: 0xC68 of length 44
--- Found a word to insert to address: 0xC94
--- Found segment that will be moved from address: 0xF88 to address: 0xC98 of length 8
--- Found segment that must be added. Length: 4 , address: 0xCA0
--- Found segment that will be moved from address: 0xF94 to address: 0xCA4 of length 8
--- Found segment that must be added. Length: 4 , address: 0xCAC
--- Found a word to insert to address: 0xCB0
--- Found segment that must be added. Length: 4 , address: 0xCB4
--- Found segment that will be moved from address: 0xFA8 to address: 0xCB8 of length 32
--- Found segment that must be added. Length: 8 , address: 0xCD8
--- Found segment that will be moved from address: 0xFD0 to address: 0xCE0 of length 120
--- Found segment that must be added. Length: 4 , address: 0xD58
--- Found segment that will be moved from address: 0x104C to address: 0xD5C of length 20
--- Found segment that must be added. Length: 4 , address: 0xD70
--- Found segment that will be moved from address: 0x1064 to address: 0xD74 of length 16
--- Found segment that must be added. Length: 4 , address: 0xD84
--- Found segment that will be moved from address: 0x1078 to address: 0xD88 of length 20
--- Found segment that must be added. Length: 4 , address: 0xD9C
--- Found segment that will be moved from address: 0x1090 to address: 0xDA0 of length 52
--- Found segment that must be added. Length: 12 , address: 0xDD4
--- Found a word to insert to address: 0xDE0
--- Found segment that must be added. Length: 4 , address: 0xDE4
--- Found segment that will be moved from address: 0x10D8 to address: 0xDE8 of length 16
--- Found segment that must be added. Length: 4 , address: 0xDF8
--- Found segment that will be moved from address: 0x10EC to address: 0xDFC of length 20
--- Found segment that must be added. Length: 4 , address: 0xE10
--- Found segment that will be moved from address: 0x1104 to address: 0xE14 of length 24
--- Found segment that must be added. Length: 4 , address: 0xE2C
--- Found segment that will be moved from address: 0x1120 to address: 0xE30 of length 40
--- Found segment that must be added. Length: 4 , address: 0xE58
--- Found segment that will be moved from address: 0x114C to address: 0xE5C of length 32
--- Found segment that must be added. Length: 4 , address: 0xE7C
--- Found a word to insert to address: 0xE80
--- Found segment that must be added. Length: 48 , address: 0xE84
--- Found segment that will be moved from address: 0x11A4 to address: 0xEB4 of length 72
--- Found segment that must be added. Length: 4 , address: 0xEFC
--- Found segment that will be moved from address: 0x11F0 to address: 0xF00 of length 8
--- Found segment that must be added. Length: 4 , address: 0xF08
--- Found segment that will be moved from address: 0x11FC to address: 0xF0C of length 8
--- Found segment that must be added. Length: 4 , address: 0xF14
--- Found segment that will be moved from address: 0x1208 to address: 0xF18 of length 12
--- Found segment that must be added. Length: 8 , address: 0xF24
--- Found segment that will be moved from address: 0x121C to address: 0xF2C of length 16
--- Found segment that must be added. Length: 4 , address: 0xF3C
--- Found segment that will be moved from address: 0x1230 to address: 0xF40 of length 40
--- Found segment that must be added. Length: 4 , address: 0xF68
--- Found segment that will be moved from address: 0x125C to address: 0xF6C of length 136
--- Found segment that must be added. Length: 4 , address: 0xFF4
--- Found a word to insert to address: 0xFF8
--- Found a word to insert to address: 0xFFC
--- Found segment that must be added. Length: 4 , address: 0x1000
--- Found a word to insert to address: 0x1004
--- Found segment that must be added. Length: 4 , address: 0x1008
--- Found segment that will be moved from address: 0x12FC to address: 0x100C of length 28
--- Found segment that must be added. Length: 4 , address: 0x1028
--- Found segment that will be moved from address: 0x131C to address: 0x102C of length 32
--- Found segment that must be added. Length: 4 , address: 0x104C
--- Found segment that will be moved from address: 0x1340 to address: 0x1050 of length 52
--- Found segment that must be added. Length: 4 , address: 0x1084
--- Found segment that will be moved from address: 0x1384 to address: 0x1088 of length 76
--- Found segment that will be moved from address: 0x13E0 to address: 0x10D4 of length 16
--- Found segment that must be added. Length: 4 , address: 0x10E4
--- Found segment that will be moved from address: 0x13F4 to address: 0x10E8 of length 20
--- Found segment that must be added. Length: 4 , address: 0x10FC
--- Found a word to insert to address: 0x1100
--- Found a word to insert to address: 0x1104
--- Found segment that will be moved from address: 0x1414 to address: 0x1108 of length 96
--- Found segment that must be added. Length: 4 , address: 0x1168
--- Found segment that will be moved from address: 0x1478 to address: 0x116C of length 80
--- Found segment that must be added. Length: 4 , address: 0x11BC
--- Found segment that will be moved from address: 0x14CC to address: 0x11C0 of length 92
--- Found segment that must be added. Length: 4 , address: 0x121C
--- Found segment that will be moved from address: 0x152C to address: 0x1220 of length 8
--- Found segment that must be added. Length: 8 , address: 0x1228
--- Found segment that will be moved from address: 0x1804 to address: 0x1230 of length 112
--- Found segment that must be added. Length: 12 , address: 0x12A0
--- Found segment that will be moved from address: 0x1880 to address: 0x12AC of length 32
--- Found segment that must be added. Length: 4 , address: 0x12CC
--- Found segment that will be moved from address: 0x18A4 to address: 0x12D0 of length 36
--- Found segment that must be added. Length: 4 , address: 0x12F4
--- Found segment that will be moved from address: 0x18CC to address: 0x12F8 of length 60
--- Found segment that must be added. Length: 12 , address: 0x1334
--- Found segment that will be moved from address: 0x1914 to address: 0x1340 of length 28
--- Found segment that must be added. Length: 4 , address: 0x135C
--- Found a word to insert to address: 0x1360
--- Found segment that must be added. Length: 4 , address: 0x1364
--- Found segment that will be moved from address: 0x193C to address: 0x1368 of length 12
--- Found segment that must be added. Length: 4 , address: 0x1374
--- Found a word to insert to address: 0x1378
--- Found segment that must be added. Length: 4 , address: 0x137C
--- Found a word to insert to address: 0x1380
--- Found segment that must be added. Length: 4 , address: 0x1384
--- Found a word to insert to address: 0x1388
--- Found segment that must be added. Length: 4 , address: 0x138C
--- Found segment that will be moved from address: 0x153C to address: 0x1390 of length 48
--- Found segment that must be added. Length: 4 , address: 0x13C0
--- Found segment that will be moved from address: 0x1570 to address: 0x13C4 of length 44
--- Found segment that must be added. Length: 4 , address: 0x13F0
--- Found segment that will be moved from address: 0x19C8 to address: 0x13F4 of length 88
--- Found segment that must be added. Length: 4 , address: 0x144C
--- Found segment that will be moved from address: 0x1A24 to address: 0x1450 of length 84
--- Found segment that must be added. Length: 4 , address: 0x14A4
--- Found segment that will be moved from address: 0x1A7C to address: 0x14A8 of length 192
--- Found segment that must be added. Length: 4 , address: 0x1568
--- Found segment that will be moved from address: 0x1B40 to address: 0x156C of length 12
--- Found segment that must be added. Length: 4 , address: 0x1578
--- Found segment that will be moved from address: 0x1B50 to address: 0x157C of length 52
--- Found segment that must be added. Length: 4 , address: 0x15B0
--- Found segment that will be moved from address: 0x1B88 to address: 0x15B4 of length 20
--- Found a word to insert to address: 0x15C8
--- Found segment that must be added. Length: 4 , address: 0x15CC
--- Found segment that will be moved from address: 0x1BA4 to address: 0x15D0 of length 40
--- Found segment that must be added. Length: 24 , address: 0x15F8
--- Found segment that will be moved from address: 0x1BE4 to address: 0x1610 of length 28
--- Found segment that must be added. Length: 4 , address: 0x162C
--- Found segment that will be moved from address: 0x1C04 to address: 0x1630 of length 44
--- Found segment that must be added. Length: 4 , address: 0x165C
--- Found segment that will be moved from address: 0x1C34 to address: 0x1660 of length 88
--- Found segment that must be added. Length: 4 , address: 0x16B8
--- Found segment that will be moved from address: 0x1C90 to address: 0x16BC of length 52
--- Found segment that must be added. Length: 4 , address: 0x16F0
--- Found segment that will be moved from address: 0x1CC8 to address: 0x16F4 of length 40
--- Found segment that must be added. Length: 4 , address: 0x171C
--- Found segment that will be moved from address: 0x1CF4 to address: 0x1720 of length 56
--- Found segment that must be added. Length: 4 , address: 0x1758
--- Found segment that will be moved from address: 0x1D30 to address: 0x175C of length 20
--- Found segment that must be added. Length: 28 , address: 0x1770
--- Found a word to insert to address: 0x178C
--- Found segment that must be added. Length: 4 , address: 0x1790
--- Found a word to insert to address: 0x1794
--- Found segment that must be added. Length: 28 , address: 0x1798
--- Found a word to insert to address: 0x17B4
--- Found segment that must be added. Length: 4 , address: 0x17B8
--- Found a word to insert to address: 0x17BC
--- Found segment that must be added. Length: 4 , address: 0x17C0
--- Found segment that will be moved from address: 0x1D98 to address: 0x17C4 of length 16
--- Found segment that must be added. Length: 4 , address: 0x17D4
--- Found segment that will be moved from address: 0x1DAC to address: 0x17D8 of length 56
--- Found segment that must be added. Length: 4 , address: 0x1810
--- Found segment that will be moved from address: 0x1DE8 to address: 0x1814 of length 36
--- Found segment that must be added. Length: 4 , address: 0x1838
--- Found segment that will be moved from address: 0x1E10 to address: 0x183C of length 608
--- Found a word to insert to address: 0x1A9C
--- Found a word to insert to address: 0x1AA0
--- Found segment that must be added. Length: 8 , address: 0x1AA4
--- Found a word to insert to address: 0x1AAC
--- Found segment that must be added. Length: 8 , address: 0x1AB0
--- Found a word to insert to address: 0x1AB8
--- Found segment that must be added. Length: 12 , address: 0x1ABC
--- Found segment that will be moved from address: 0x209C to address: 0x1AC8 of length 24
--- Found segment that must be added. Length: 4 , address: 0x1AE0
--- Found segment that will be moved from address: 0x20B8 to address: 0x1AE4 of length 8
--- Found a word to insert to address: 0x1AEC
--- Found segment that must be added. Length: 4 , address: 0x1AF0
--- Found segment that will be moved from address: 0x20C8 to address: 0x1AF4 of length 828
--- Found segment that must be added. Length: 12 , address: 0x1E30
--- Found segment that will be moved from address: 0x2410 to address: 0x1E3C of length 32
--- Found segment that must be added. Length: 8 , address: 0x1E5C
--- Found segment that will be moved from address: 0x2438 to address: 0x1E64 of length 60
--- Found segment that must be added. Length: 16 , address: 0x1EA0
--- Found segment that will be moved from address: 0x2484 to address: 0x1EB0 of length 12
--- Found segment that must be added. Length: 4 , address: 0x1EBC
--- Found segment that will be moved from address: 0x2494 to address: 0x1EC0 of length 56
--- Found segment that must be added. Length: 4 , address: 0x1EF8
--- Found segment that will be moved from address: 0x24D0 to address: 0x1EFC of length 12
--- Found segment that must be added. Length: 4 , address: 0x1F08
--- Found segment that will be moved from address: 0x24E0 to address: 0x1F0C of length 12
--- Found segment that must be added. Length: 4 , address: 0x1F18
--- Found segment that will be moved from address: 0x24F0 to address: 0x1F1C of length 12
--- Found segment that must be added. Length: 4 , address: 0x1F28
--- Found segment that will be moved from address: 0x2500 to address: 0x1F2C of length 104
--- Found segment that must be added. Length: 8 , address: 0x1F94
--- Found segment that will be moved from address: 0x2570 to address: 0x1F9C of length 136
--- Found segment that must be added. Length: 4 , address: 0x2024
--- Found segment that will be moved from address: 0x25FC to address: 0x2028 of length 280
--- Found segment that must be added. Length: 12 , address: 0x2140
--- Found segment that will be moved from address: 0x2720 to address: 0x214C of length 20
--- Found segment that must be added. Length: 4 , address: 0x2160
--- Found segment that will be moved from address: 0x2738 to address: 0x2164 of length 32
--- Found a word to insert to address: 0x2184
--- Found a word to insert to address: 0x2188
--- Found a word to insert to address: 0x218C
--- Found a word to insert to address: 0x2190
--- Found segment that will be moved from address: 0x2768 to address: 0x2194 of length 168
--- Found segment that must be added. Length: 4 , address: 0x223C
--- Found segment that will be moved from address: 0x2814 to address: 0x2240 of length 52
--- Found segment that must be added. Length: 4 , address: 0x2274
--- Found a word to insert to address: 0x2278
--- Found segment that must be added. Length: 4 , address: 0x227C
--- Found segment that will be moved from address: 0x2854 to address: 0x2280 of length 108
--- Found segment that must be added. Length: 4 , address: 0x22EC
--- Found a word to insert to address: 0x22F0
--- Found segment that must be added. Length: 8 , address: 0x22F4
--- Found segment that will be moved from address: 0x28D0 to address: 0x22FC of length 228
--- Found segment that must be added. Length: 12 , address: 0x23E0
--- Found segment that will be moved from address: 0x29C0 to address: 0x23EC of length 216
--- Found segment that must be added. Length: 12 , address: 0x24C4
--- Found segment that will be moved from address: 0x2AA4 to address: 0x24D0 of length 104
--- Found segment that must be added. Length: 12 , address: 0x2538
--- Found segment that will be moved from address: 0x2B18 to address: 0x2544 of length 8
--- Found segment that must be added. Length: 4 , address: 0x254C
--- Found segment that will be moved from address: 0x2B24 to address: 0x2550 of length 52
--- Found segment that must be added. Length: 4 , address: 0x2584
--- Found segment that will be moved from address: 0x2B5C to address: 0x2588 of length 20
--- Found segment that must be added. Length: 4 , address: 0x259C
--- Found segment that will be moved from address: 0x2B74 to address: 0x25A0 of length 12
--- Found segment that must be added. Length: 4 , address: 0x25AC
--- Found segment that will be moved from address: 0x2B84 to address: 0x25B0 of length 40
--- Found segment that must be added. Length: 4 , address: 0x25D8
--- Found segment that will be moved from address: 0x2BB0 to address: 0x25DC of length 312
--- Found segment that must be added. Length: 4 , address: 0x2714
--- Found segment that will be moved from address: 0x2CEC to address: 0x2718 of length 188
--- Found segment that must be added. Length: 12 , address: 0x27D4
--- Found segment that will be moved from address: 0x2DB4 to address: 0x27E0 of length 228
--- Found segment that must be added. Length: 12 , address: 0x28C4
--- Found segment that will be moved from address: 0x2EA4 to address: 0x28D0 of length 36
--- Found segment that must be added. Length: 8 , address: 0x28F4
--- Found segment that will be moved from address: 0x2ED0 to address: 0x28FC of length 136
--- Found segment that must be added. Length: 4 , address: 0x2984
--- Found segment that will be moved from address: 0x2F5C to address: 0x2988 of length 28
--- Found segment that must be added. Length: 4 , address: 0x29A4
--- Found segment that will be moved from address: 0x2F7C to address: 0x29A8 of length 12
--- Found segment that must be added. Length: 4 , address: 0x29B4
--- Found segment that will be moved from address: 0x2F8C to address: 0x29B8 of length 12
--- Found segment that must be added. Length: 4 , address: 0x29C4
--- Found segment that will be moved from address: 0x2F9C to address: 0x29C8 of length 676
--- Found segment that must be added. Length: 20 , address: 0x2C6C
--- Found a word to insert to address: 0x2C80
--- Found a word to insert to address: 0x2C84
--- Found segment that must be added. Length: 4 , address: 0x2C88
--- Found segment that will be moved from address: 0x3260 to address: 0x2C8C of length 292
--- Found segment that must be added. Length: 20 , address: 0x2DB0
--- Found segment that will be moved from address: 0x3398 to address: 0x2DC4 of length 784
--- Found segment that must be added. Length: 8 , address: 0x30D4
--- Found segment that will be moved from address: 0x36B0 to address: 0x30DC of length 40
--- Found segment that must be added. Length: 52 , address: 0x3104
--- Found segment that will be moved from address: 0x40A4 to address: 0x3138 of length 8
--- Found a word to insert to address: 0x3140
--- Found segment that must be added. Length: 16 , address: 0x3144
--- Found a word to insert to address: 0x3154
--- Found segment that must be added. Length: 52 , address: 0x3158
--- Found a word to insert to address: 0x318C
--- Found a word to insert to address: 0x3190
--- Found segment that must be added. Length: 44 , address: 0x3194
--- Found a word to insert to address: 0x31C0
--- Found segment that must be added. Length: 32 , address: 0x31C4
--- Found a word to insert to address: 0x31E4
--- Found segment that must be added. Length: 8 , address: 0x31E8
--- Found segment that will be moved from address: 0x3844 to address: 0x31F0 of length 268
--- Found segment that must be added. Length: 52 , address: 0x32FC
--- Found segment that will be moved from address: 0x3984 to address: 0x3330 of length 912
--- Found segment that will be moved from address: 0x3D5C to address: 0x36C0 of length 860
--- Found segment that must be added. Length: 48 , address: 0x3A1C
--- Found segment that will be moved from address: 0x40E8 to address: 0x3A4C of length 600
--- Found segment that must be added. Length: 4 , address: 0x3CA4
--- Found a word to insert to address: 0x3CA8
--- Found segment that must be added. Length: 4 , address: 0x3CAC
--- Found segment that will be moved from address: 0x434C to address: 0x3CB0 of length 24
--- Found segment that must be added. Length: 12 , address: 0x3CC8
--- Found segment that will be moved from address: 0x4370 to address: 0x3CD4 of length 84
--- Found a word to insert to address: 0x3D28
--- Found a word to insert to address: 0x3D2C
--- Found a word to insert to address: 0x3D30
--- Found a word to insert to address: 0x3D34
--- Found a word to insert to address: 0x3D38
--- Found a word to insert to address: 0x3D3C
--- Found a word to insert to address: 0x3D40
--- Found a word to insert to address: 0x3D44
--- Found a word to insert to address: 0x3D48
--- Found a word to insert to address: 0x3D4C
--- Found a word to insert to address: 0x3D50
--- Found a word to insert to address: 0x3D54
--- Found a word to insert to address: 0x3D58
--- Found a word to insert to address: 0x3D5C
--- Found a word to insert to address: 0x3D60
--- Found a word to insert to address: 0x3D64
--- Found a word to insert to address: 0x3D68
--- Found a word to insert to address: 0x3D6C
--- Found a word to insert to address: 0x3D70
--- Found a word to insert to address: 0x3D74
--- Found a word to insert to address: 0x3D78
--- Found a word to insert to address: 0x3D7C
--- Found a word to insert to address: 0x3D80
--- Found a word to insert to address: 0x3D84
--- Found a word to insert to address: 0x3D88
--- Found a word to insert to address: 0x3D8C
--- Found a word to insert to address: 0x3D90
--- Found a word to insert to address: 0x3D94
--- Found a word to insert to address: 0x3D98
--- Found a word to insert to address: 0x3D9C
--- Found a word to insert to address: 0x3DA0
--- Found a word to insert to address: 0x3DA4
--- Found a word to insert to address: 0x3DA8
--- Found a word to insert to address: 0x3DAC
--- Found a word to insert to address: 0x3DB0
--- Found a word to insert to address: 0x3DB4
--- Found a word to insert to address: 0x3DB8
--- Found a word to insert to address: 0x3DBC
--- Found a word to insert to address: 0x3DC0
--- Found a word to insert to address: 0x3DC4
--- Found a word to insert to address: 0x3DC8
--- Found a word to insert to address: 0x3DCC
--- Found a word to insert to address: 0x3DD0
--- Found a word to insert to address: 0x3DD4
--- Found a word to insert to address: 0x3DD8
--- Found a word to insert to address: 0x3DDC
--- Found a word to insert to address: 0x3DE0
--- Found a word to insert to address: 0x3DE4
--- Found a word to insert to address: 0x3DE8
--- Found a word to insert to address: 0x3DEC
--- Found a word to insert to address: 0x3DF0
--- Found a word to insert to address: 0x3DF4
--- Found a word to insert to address: 0x3DF8
--- Found a word to insert to address: 0x3DFC
--- Found a word to insert to address: 0x3E00
--- Found a word to insert to address: 0x3E04
--- Found a word to insert to address: 0x3E08
--- Found a word to insert to address: 0x3E0C
--- Found a word to insert to address: 0x3E10
--- Found a word to insert to address: 0x3E14
--- Found a word to insert to address: 0x3E18
--- Found a word to insert to address: 0x3E1C
--- Found a word to insert to address: 0x3E20
--- Found a word to insert to address: 0x3E24
--- Found a word to insert to address: 0x3E28
--- Found a word to insert to address: 0x3E2C
--- Found a word to insert to address: 0x3E30
--- Found a word to insert to address: 0x3E34
--- Found a word to insert to address: 0x3E38
--- Found a word to insert to address: 0x3E3C
--- Found a word to insert to address: 0x3E40
--- Found a word to insert to address: 0x3E44
--- Found a word to insert to address: 0x3E48
--- Found a word to insert to address: 0x3E4C
--- Found a word to insert to address: 0x3E50
--- Found a word to insert to address: 0x3E54
--- Found a word to insert to address: 0x3E58
--- Found a word to insert to address: 0x3E5C
--- Found a word to insert to address: 0x3E60
--- Found a word to insert to address: 0x3E64
--- Found a word to insert to address: 0x3E68
--- Found a word to insert to address: 0x3E6C
--- Found a word to insert to address: 0x3E70
--- Found a word to insert to address: 0x3E74
--- Found a word to insert to address: 0x3E78
--- Found a word to insert to address: 0x3E7C
--- Found a word to insert to address: 0x3E80
--- Found a word to insert to address: 0x3E84
--- Found a word to insert to address: 0x3E88
--- Found a word to insert to address: 0x3E8C
--- Found a word to insert to address: 0x3E90
--- Found a word to insert to address: 0x3E94
--- Found a word to insert to address: 0x3E98
--- Found a word to insert to address: 0x3E9C
--- Found a word to insert to address: 0x3EA0
--- Found a word to insert to address: 0x3EA4
--- Found a word to insert to address: 0x3EA8
--- Found a word to insert to address: 0x3EAC
--- Found a word to insert to address: 0x3EB0
--- Found a word to insert to address: 0x3EB4
--- Found a word to insert to address: 0x3EB8
--- Found a word to insert to address: 0x3EBC
--- Found a word to insert to address: 0x3EC0
--- Found a word to insert to address: 0x3EC4
--- Found a word to insert to address: 0x3EC8
--- Found a word to insert to address: 0x3ECC
--- Found a word to insert to address: 0x3ED0
--- Found a word to insert to address: 0x3ED4
--- Found a word to insert to address: 0x3ED8
--- Found a word to insert to address: 0x3EDC
--- Found a word to insert to address: 0x3EE0
--- Found a word to insert to address: 0x3EE4
--- Found a word to insert to address: 0x3EE8
--- Found a word to insert to address: 0x3EEC
--- Found a word to insert to address: 0x3EF0
--- Found a word to insert to address: 0x3EF4
--- Found a word to insert to address: 0x3EF8
--- Found a word to insert to address: 0x3EFC
--- Found a word to insert to address: 0x3F00
--- Found a word to insert to address: 0x3F04
--- Found a word to insert to address: 0x3F08
--- Found a word to insert to address: 0x3F0C
--- Found a word to insert to address: 0x3F10
--- Found a word to insert to address: 0x3F14
--- Found a word to insert to address: 0x3F18
--- Found a word to insert to address: 0x3F1C
--- Found a word to insert to address: 0x3F20
--- Found a word to insert to address: 0x3F24
--- Found a word to insert to address: 0x3F28
--- Found a word to insert to address: 0x3F2C
--- Found a word to insert to address: 0x3F30
--- Found a word to insert to address: 0x3F34
--- Found a word to insert to address: 0x3F38
--- Found a word to insert to address: 0x3F3C
--- Found a word to insert to address: 0x3F40
--- Found a word to insert to address: 0x3F44
--- Found a word to insert to address: 0x3F48
--- Found a word to insert to address: 0x3F4C
--- Found a word to insert to address: 0x3F50
--- Found a word to insert to address: 0x3F54
--- Found a word to insert to address: 0x3F58
--- Found a word to insert to address: 0x3F5C
--- Found a word to insert to address: 0x3F60
--- Found a word to insert to address: 0x3F64
--- Found a word to insert to address: 0x3F68
--- Found a word to insert to address: 0x3F6C
--- Found a word to insert to address: 0x3F70
--- Found a word to insert to address: 0x3F74
--- Found a word to insert to address: 0x3F78
--- Found a word to insert to address: 0x3F7C
--- Found a word to insert to address: 0x3F80
--- Found a word to insert to address: 0x3F84
--- Found a word to insert to address: 0x3F88
--- Found a word to insert to address: 0x3F8C
--- Found a word to insert to address: 0x3F90
--- Found a word to insert to address: 0x3F94
--- Found a word to insert to address: 0x3F98
--- Found a word to insert to address: 0x3F9C
--- Found a word to insert to address: 0x3FA0
--- Found a word to insert to address: 0x3FA4
--- Found a word to insert to address: 0x3FA8
--- Found a word to insert to address: 0x3FAC
--- Found a word to insert to address: 0x3FB0
--- Found a word to insert to address: 0x3FB4
--- Found a word to insert to address: 0x3FB8
--- Found a word to insert to address: 0x3FBC
--- Found a word to insert to address: 0x3FC0
--- Found a word to insert to address: 0x3FC4
--- Found a word to insert to address: 0x3FC8
--- Found a word to insert to address: 0x3FCC
--- Found a word to insert to address: 0x3FD0
--- Found a word to insert to address: 0x3FD4
--- Found a word to insert to address: 0x3FD8
--- Found a word to insert to address: 0x3FDC
--- Found a word to insert to address: 0x3FE0
--- Found a word to insert to address: 0x3FE4
--- Found a word to insert to address: 0x3FE8
--- Found a word to insert to address: 0x3FEC
--- Found a word to insert to address: 0x3FF0
--- Found a word to insert to address: 0x3FF4
--- Found a word to insert to address: 0x3FF8
--- Found a word to insert to address: 0x3FFC
--- Found a word to insert to address: 0x4000
--- Found a word to insert to address: 0x4004
--- Found a word to insert to address: 0x4008
--- Found a word to insert to address: 0x400C
--- Found a word to insert to address: 0x4010
--- Found a word to insert to address: 0x4014
--- Found a word to insert to address: 0x4018
--- Found a word to insert to address: 0x401C
--- Found a word to insert to address: 0x4020
--- Found a word to insert to address: 0x4024
--- Found a word to insert to address: 0x4028
--- Found a word to insert to address: 0x402C
--- Found a word to insert to address: 0x4030
--- Found a word to insert to address: 0x4034
--- Found a word to insert to address: 0x4038
--- Found a word to insert to address: 0x403C
--- Found a word to insert to address: 0x4040
--- Found a word to insert to address: 0x4044
--- Found a word to insert to address: 0x4048
--- Found a word to insert to address: 0x404C
--- Found a word to insert to address: 0x4050
--- Found a word to insert to address: 0x4054
--- Found a word to insert to address: 0x4058
--- Found a word to insert to address: 0x405C
--- Found a word to insert to address: 0x4060
--- Found a word to insert to address: 0x4064
--- Found a word to insert to address: 0x4068
--- Found a word to insert to address: 0x406C
--- Found a word to insert to address: 0x4070
--- Found a word to insert to address: 0x4074
--- Found a word to insert to address: 0x4078
--- Found a word to insert to address: 0x407C
--- Found a word to insert to address: 0x4080
--- Found a word to insert to address: 0x4084
--- Found a word to insert to address: 0x4088
--- Found a word to insert to address: 0x408C
--- Found a word to insert to address: 0x4090
--- Found a word to insert to address: 0x4094
--- Found a word to insert to address: 0x4098
--- Found a word to insert to address: 0x409C
--- Found a word to insert to address: 0x40A0
--- Found a word to insert to address: 0x40A4
--- Found a word to insert to address: 0x40A8
--- Found a word to insert to address: 0x40AC
--- Found a word to insert to address: 0x40B0
--- Found a word to insert to address: 0x40B4
--- Found a word to insert to address: 0x40B8
--- Found a word to insert to address: 0x40BC
--- Found a word to insert to address: 0x40C0
--- Found a word to insert to address: 0x40C4
--- Found a word to insert to address: 0x40C8
--- Found a word to insert to address: 0x40CC
--- Found a word to insert to address: 0x40D0
--- Found a word to insert to address: 0x40D4
--- Found a word to insert to address: 0x40D8
--- Found a word to insert to address: 0x40DC
--- Found a word to insert to address: 0x40E0
--- Found a word to insert to address: 0x40E4
--- Found a word to insert to address: 0x40E8
--- Found a word to insert to address: 0x40EC
--- Found a word to insert to address: 0x40F0
--- Found a word to insert to address: 0x40F4
--- Found a word to insert to address: 0x40F8
--- Found a word to insert to address: 0x40FC
--- Found a word to insert to address: 0x4100
--- Found a word to insert to address: 0x4104
--- Found a word to insert to address: 0x4108
--- Found a word to insert to address: 0x410C
--- Found a word to insert to address: 0x4110
--- Found a word to insert to address: 0x4114
--- Found a word to insert to address: 0x4118
--- Found a word to insert to address: 0x411C
--- Found a word to insert to address: 0x4120
--- Found a word to insert to address: 0x4124
--- Found a word to insert to address: 0x4128
--- Found a word to insert to address: 0x412C
--- Found a word to insert to address: 0x4130
--- Found a word to insert to address: 0x4134
--- Found a word to insert to address: 0x4138
--- Found a word to insert to address: 0x413C
--- Found a word to insert to address: 0x4140
--- Found a word to insert to address: 0x4144
--- Found a word to insert to address: 0x4148
--- Found a word to insert to address: 0x414C
--- Found a word to insert to address: 0x4150
--- Found a word to insert to address: 0x4154
--- Found a word to insert to address: 0x4158
--- Found a word to insert to address: 0x415C
--- Found a word to insert to address: 0x4160
--- Found a word to insert to address: 0x4164
--- Found a word to insert to address: 0x4168
--- Found a word to insert to address: 0x416C
--- Found a word to insert to address: 0x4170
--- Found a word to insert to address: 0x4174
--- Found a word to insert to address: 0x4178
--- Found a word to insert to address: 0x417C
--- Found a word to insert to address: 0x4180
--- Found a word to insert to address: 0x4184
--- Found a word to insert to address: 0x4188
--- Found a word to insert to address: 0x418C
--- Found a word to insert to address: 0x4190
--- Found a word to insert to address: 0x4194
--- Found a word to insert to address: 0x4198
--- Found a word to insert to address: 0x419C
--- Found a word to insert to address: 0x41A0
--- Found a word to insert to address: 0x41A4
--- Found a word to insert to address: 0x41A8
--- Found a word to insert to address: 0x41AC
--- Found a word to insert to address: 0x41B0
--- Found a word to insert to address: 0x41B4
--- Found a word to insert to address: 0x41B8
--- Found a word to insert to address: 0x41BC
--- Found a word to insert to address: 0x41C0
--- Found a word to insert to address: 0x41C4
--- Found a word to insert to address: 0x41C8
--- Found a word to insert to address: 0x41CC
--- Found a word to insert to address: 0x41D0
--- Found a word to insert to address: 0x41D4
--- Found a word to insert to address: 0x41D8
--- Found a word to insert to address: 0x41DC
--- Found a word to insert to address: 0x41E0
--- Found a word to insert to address: 0x41E4
--- Found a word to insert to address: 0x41E8
--- Found a word to insert to address: 0x41EC
--- Found a word to insert to address: 0x41F0
--- Found a word to insert to address: 0x41F4
--- Found a word to insert to address: 0x41F8
--- Found a word to insert to address: 0x41FC
--- Found a word to insert to address: 0x4200
--- Found a word to insert to address: 0x4204
--- Found a word to insert to address: 0x4208
--- Found a word to insert to address: 0x420C
--- Found a word to insert to address: 0x4210
--- Found a word to insert to address: 0x4214
--- Found a word to insert to address: 0x4218
--- Found a word to insert to address: 0x421C
--- Found a word to insert to address: 0x4220
--- Found a word to insert to address: 0x4224
--- Found a word to insert to address: 0x4228
--- Found a word to insert to address: 0x422C
--- Found a word to insert to address: 0x4230
--- Found a word to insert to address: 0x4234
--- Found a word to insert to address: 0x4238
--- Found a word to insert to address: 0x423C
--- Found a word to insert to address: 0x4240
--- Found a word to insert to address: 0x4244
--- Found a word to insert to address: 0x4248
--- Found a word to insert to address: 0x424C
--- Found a word to insert to address: 0x4250
--- Found a word to insert to address: 0x4254
--- Found a word to insert to address: 0x4258
--- Found a word to insert to address: 0x425C
--- Found a word to insert to address: 0x4260
--- Found a word to insert to address: 0x4264
--- Found a word to insert to address: 0x4268
--- Found a word to insert to address: 0x426C
--- Found a word to insert to address: 0x4270
--- Found a word to insert to address: 0x4274
--- Found a word to insert to address: 0x4278
--- Found a word to insert to address: 0x427C
--- Found a word to insert to address: 0x4280
--- Found a word to insert to address: 0x4284
--- Found a word to insert to address: 0x4288
--- Found a word to insert to address: 0x428C
--- Found a word to insert to address: 0x4290
--- Found a word to insert to address: 0x4294
--- Found a word to insert to address: 0x4298
--- Found a word to insert to address: 0x429C
--- Found a word to insert to address: 0x42A0
--- Found a word to insert to address: 0x42A4
--- Found a word to insert to address: 0x42A8
--- Found a word to insert to address: 0x42AC
--- Found a word to insert to address: 0x42B0
--- Found a word to insert to address: 0x42B4
--- Found a word to insert to address: 0x42B8
--- Found a word to insert to address: 0x42BC
--- Found a word to insert to address: 0x42C0
--- Found a word to insert to address: 0x42C4
--- Found a word to insert to address: 0x42C8
--- Found a word to insert to address: 0x42CC
--- Found a word to insert to address: 0x42D0
--- Found a word to insert to address: 0x42D4
--- Found a word to insert to address: 0x42D8
--- Found a word to insert to address: 0x42DC
--- Found a word to insert to address: 0x42E0
--- Found a word to insert to address: 0x42E4
--- Found a word to insert to address: 0x42E8
--- Found a word to insert to address: 0x42EC
--- Found a word to insert to address: 0x42F0
--- Found a word to insert to address: 0x42F4
--- Found a word to insert to address: 0x42F8
--- Found a word to insert to address: 0x42FC
--- Found a word to insert to address: 0x4300
--- Found a word to insert to address: 0x4304
--- Found a word to insert to address: 0x4308
--- Found a word to insert to address: 0x430C
--- Found a word to insert to address: 0x4310
--- Found a word to insert to address: 0x4314
--- Found a word to insert to address: 0x4318
--- Found a word to insert to address: 0x431C
--- Found a word to insert to address: 0x4320
--- Found a word to insert to address: 0x4324
--- Found a word to insert to address: 0x4328
--- Found a word to insert to address: 0x432C
--- Found a word to insert to address: 0x4330
--- Found a word to insert to address: 0x4334
--- Found a word to insert to address: 0x4338
--- Found a word to insert to address: 0x433C
--- Found a word to insert to address: 0x4340
--- Found a word to insert to address: 0x4344
--- Found a word to insert to address: 0x4348
--- Found a word to insert to address: 0x434C
--- Found a word to insert to address: 0x4350
--- Found a word to insert to address: 0x4354
--- Found a word to insert to address: 0x4358
--- Found a word to insert to address: 0x435C
--- Found a word to insert to address: 0x4360
--- Found a word to insert to address: 0x4364
--- Found a word to insert to address: 0x4368
--- Found a word to insert to address: 0x436C
--- Found a word to insert to address: 0x4370
--- Found a word to insert to address: 0x4374
--- Found a word to insert to address: 0x4378
--- Found a word to insert to address: 0x437C
--- Found a word to insert to address: 0x4380
--- Found a word to insert to address: 0x4384
--- Found a word to insert to address: 0x4388
--- Found a word to insert to address: 0x438C
--- Found a word to insert to address: 0x4390
--- Found a word to insert to address: 0x4394
--- Found a word to insert to address: 0x4398
--- Found a word to insert to address: 0x439C
--- Found a word to insert to address: 0x43A0
--- Found a word to insert to address: 0x43A4
--- Found a word to insert to address: 0x43A8
--- Found a word to insert to address: 0x43AC
--- Found a word to insert to address: 0x43B0
--- Found a word to insert to address: 0x43B4
--- Found a word to insert to address: 0x43B8
--- Found a word to insert to address: 0x43BC
--- Found a word to insert to address: 0x43C0

--- OPTIMIZING...

---- Optimized 2 ADD/INSERT operations by merging...
---- Optimized 2 ADD/INSERT operations by merging...
---- Optimized 2 ADD/INSERT operations by merging...
---- Optimized 2 ADD/INSERT operations by merging...
---- Optimized 2 ADD/INSERT operations by merging...
---- Optimized 2 ADD/INSERT operations by merging...
---- Optimized 2 ADD/INSERT operations by merging...
---- Optimized 2 ADD/INSERT operations by merging...
---- Optimized 2 ADD/INSERT operations by merging...
---- Optimized 2 ADD/INSERT operations by merging...
---- Optimized 2 ADD/INSERT operations by merging...
---- Optimized 2 ADD/INSERT operations by merging...
---- Optimized 2 ADD/INSERT operations by merging...
---- Optimized 2 ADD/INSERT operations by merging...
---- Optimized 2 ADD/INSERT operations by merging...
---- Optimized COPY and ADD operations to preceding ADD...
---- Optimized COPY and ADD operations to preceding ADD...
---- Optimized 2 ADD/INSERT operations by merging...
---- Optimized COPY and ADD operations to preceding ADD...
---- Optimized 2 ADD/INSERT operations by merging...
---- Optimized 2 ADD/INSERT operations by merging...
---- Optimized 2 ADD/INSERT operations by merging...
---- Optimized 2 ADD/INSERT operations by merging...
---- Optimized COPY and ADD operations to preceding ADD...
---- Optimized COPY and ADD operations to preceding ADD...
---- Optimized 2 ADD/INSERT operations by merging...
---- Optimized 2 ADD/INSERT operations by merging...
---- Optimized 2 ADD/INSERT operations by merging...
---- Optimized 2 ADD/INSERT operations by merging...
---- Optimized COPY and ADD operations to preceding ADD...
---- Optimized COPY and ADD operations to preceding ADD...
---- Optimized COPY and ADD operations to preceding ADD...
---- Optimized 2 ADD/INSERT operations by merging...
---- Optimized 2 ADD/INSERT operations by merging...
---- Optimized 2 ADD/INSERT operations by merging...
---- Optimized 2 ADD/INSERT operations by merging...
---- Optimized COPY and ADD operations to preceding ADD...
---- Optimized COPY and ADD operations to preceding ADD...
---- Optimized COPY and ADD operations to preceding ADD...
---- Optimized COPY and ADD operations to preceding ADD...
---- Optimized 2 ADD/INSERT operations by merging...
---- Optimized 2 ADD/INSERT operations by merging...
---- Optimized 2 ADD/INSERT operations by merging...
---- Optimized 2 ADD/INSERT operations by merging...
---- Optimized 2 ADD/INSERT operations by merging...
---- Optimized 2 ADD/INSERT operations by merging...
---- Optimized COPY and ADD operations to preceding ADD...
---- Optimized COPY and ADD operations to preceding ADD...
---- Optimized 2 ADD/INSERT operations by merging...
---- Optimized 2 ADD/INSERT operations by merging...
---- Optimized 2 ADD/INSERT operations by merging...
---- Optimized 2 ADD/INSERT operations by merging...
---- Optimized 2 ADD/INSERT operations by merging...
---- Optimized 2 ADD/INSERT operations by merging...
---- Optimized COPY and ADD operations to preceding ADD...
---- Optimized COPY and ADD operations to preceding ADD...
---- Optimized COPY and ADD operations to preceding ADD...
---- Optimized 2 ADD/INSERT operations by merging...
---- Optimized 2 ADD/INSERT operations by merging...
---- Optimized 2 ADD/INSERT operations by merging...
---- Optimized 2 ADD/INSERT operations by merging...
---- Optimized 2 ADD/INSERT operations by merging...
---- Optimized 2 ADD/INSERT operations by merging...
---- Optimized 2 ADD/INSERT operations by merging...
---- Optimized COPY and ADD operations to preceding ADD...
---- Optimized 2 ADD/INSERT operations by merging...
---- Optimized 2 ADD/INSERT operations by merging...
---- Optimized COPY and ADD operations to preceding ADD...
---- Optimized 2 ADD/INSERT operations by merging...
---- Optimized 2 ADD/INSERT operations by merging...
---- Optimized 2 ADD/INSERT operations by merging...
---- Optimized 2 ADD/INSERT operations by merging...
---- Optimized 2 ADD/INSERT operations by merging...
---- Optimized 2 ADD/INSERT operations by merging...
---- Optimized COPY and ADD operations to preceding ADD...
---- Optimized 2 ADD/INSERT operations by merging...
---- Optimized 2 ADD/INSERT operations by merging...
---- Optimized 2 ADD/INSERT operations by merging...
---- Optimized 2 ADD/INSERT operations by merging...
---- Optimized 2 ADD/INSERT operations by merging...
---- Optimized 2 ADD/INSERT operations by merging...
---- Optimized 2 ADD/INSERT operations by merging...
---- Optimized 2 ADD/INSERT operations by merging...
---- Optimized 2 ADD/INSERT operations by merging...
---- Optimized 2 ADD/INSERT operations by merging...
---- Optimized 2 ADD/INSERT operations by merging...
---- Optimized 2 ADD/INSERT operations by merging...
---- Optimized 2 ADD/INSERT operations by merging...
---- Optimized 2 ADD/INSERT operations by merging...
---- Optimized 2 ADD/INSERT operations by merging...
---- Optimized COPY and ADD operations to preceding ADD...
---- Optimized 2 ADD/INSERT operations by merging...
---- Optimized COPY and ADD operations to preceding ADD...
---- Optimized COPY and ADD operations to preceding ADD...
---- Optimized COPY and ADD operations to preceding ADD...
---- Optimized COPY and ADD operations to preceding ADD...
---- Optimized 2 ADD/INSERT operations by merging...
---- Optimized 2 ADD/INSERT operations by merging...
---- Optimized 2 ADD/INSERT operations by merging...
---- Optimized 2 ADD/INSERT operations by merging...
---- Optimized 2 ADD/INSERT operations by merging...
---- Optimized 2 ADD/INSERT operations by merging...
---- Optimized 2 ADD/INSERT operations by merging...
---- Optimized COPY and ADD operations to preceding ADD...
---- Optimized COPY and ADD operations to preceding ADD...
---- Optimized COPY and ADD operations to preceding ADD...
---- Optimized COPY and ADD operations to preceding ADD...
---- Optimized 2 ADD/INSERT operations by merging...
---- Optimized 2 ADD/INSERT operations by merging...
---- Optimized 2 ADD/INSERT operations by merging...
---- Optimized COPY and ADD operations to preceding ADD...
---- Optimized 2 ADD/INSERT operations by merging...
---- Optimized 2 ADD/INSERT operations by merging...
---- Optimized 2 ADD/INSERT operations by merging...
---- Optimized 2 ADD/INSERT operations by merging...
---- Optimized 2 ADD/INSERT operations by merging...
---- Optimized 2 ADD/INSERT operations by merging...
---- Optimized 2 ADD/INSERT operations by merging...
---- Optimized 2 ADD/INSERT operations by merging...
---- Optimized 2 ADD/INSERT operations by merging...
---- Optimized 2 ADD/INSERT operations by merging...
---- Optimized 2 ADD/INSERT operations by merging...
---- Optimized 2 ADD/INSERT operations by merging...
---- Optimized 2 ADD/INSERT operations by merging...
---- Optimized 2 ADD/INSERT operations by merging...
---- Optimized 2 ADD/INSERT operations by merging...
---- Optimized 2 ADD/INSERT operations by merging...
---- Optimized 2 ADD/INSERT operations by merging...
---- Optimized 2 ADD/INSERT operations by merging...
---- Optimized 2 ADD/INSERT operations by merging...
---- Optimized 2 ADD/INSERT operations by merging...
---- Optimized 2 ADD/INSERT operations by merging...
---- Optimized 2 ADD/INSERT operations by merging...
---- Optimized 2 ADD/INSERT operations by merging...
---- Optimized 2 ADD/INSERT operations by merging...
---- Optimized 2 ADD/INSERT operations by merging...
---- Optimized 2 ADD/INSERT operations by merging...
---- Optimized 2 ADD/INSERT operations by merging...
---- Optimized 2 ADD/INSERT operations by merging...
---- Optimized 2 ADD/INSERT operations by merging...
---- Optimized 2 ADD/INSERT operations by merging...
---- Optimized 2 ADD/INSERT operations by merging...
---- Optimized 2 ADD/INSERT operations by merging...
---- Optimized 2 ADD/INSERT operations by merging...
---- Optimized 2 ADD/INSERT operations by merging...
---- Optimized 2 ADD/INSERT operations by merging...
---- Optimized 2 ADD/INSERT operations by merging...
---- Optimized 2 ADD/INSERT operations by merging...
---- Optimized 2 ADD/INSERT operations by merging...
---- Optimized 2 ADD/INSERT operations by merging...
---- Optimized 2 ADD/INSERT operations by merging...
---- Optimized 2 ADD/INSERT operations by merging...
---- Optimized 2 ADD/INSERT operations by merging...
---- Optimized 2 ADD/INSERT operations by merging...
---- Optimized 2 ADD/INSERT operations by merging...
---- Optimized 2 ADD/INSERT operations by merging...
---- Optimized 2 ADD/INSERT operations by merging...
---- Optimized 2 ADD/INSERT operations by merging...
---- Optimized 2 ADD/INSERT operations by merging...
---- Optimized 2 ADD/INSERT operations by merging...
---- Optimized 2 ADD/INSERT operations by merging...
---- Optimized 2 ADD/INSERT operations by merging...
---- Optimized 2 ADD/INSERT operations by merging...
---- Optimized 2 ADD/INSERT operations by merging...
---- Optimized 2 ADD/INSERT operations by merging...
---- Optimized 2 ADD/INSERT operations by merging...
---- Optimized 2 ADD/INSERT operations by merging...
---- Optimized 2 ADD/INSERT operations by merging...
---- Optimized 2 ADD/INSERT operations by merging...
---- Optimized 2 ADD/INSERT operations by merging...
---- Optimized 2 ADD/INSERT operations by merging...
---- Optimized 2 ADD/INSERT operations by merging...
---- Optimized 2 ADD/INSERT operations by merging...
---- Optimized 2 ADD/INSERT operations by merging...
---- Optimized 2 ADD/INSERT operations by merging...
---- Optimized 2 ADD/INSERT operations by merging...
---- Optimized 2 ADD/INSERT operations by merging...
---- Optimized 2 ADD/INSERT operations by merging...
---- Optimized 2 ADD/INSERT operations by merging...
---- Optimized 2 ADD/INSERT operations by merging...
---- Optimized 2 ADD/INSERT operations by merging...
---- Optimized 2 ADD/INSERT operations by merging...
---- Optimized 2 ADD/INSERT operations by merging...
---- Optimized 2 ADD/INSERT operations by merging...
---- Optimized 2 ADD/INSERT operations by merging...
---- Optimized 2 ADD/INSERT operations by merging...
---- Optimized 2 ADD/INSERT operations by merging...
---- Optimized 2 ADD/INSERT operations by merging...
---- Optimized 2 ADD/INSERT operations by merging...
---- Optimized 2 ADD/INSERT operations by merging...
---- Optimized 2 ADD/INSERT operations by merging...
---- Optimized 2 ADD/INSERT operations by merging...
---- Optimized 2 ADD/INSERT operations by merging...
---- Optimized 2 ADD/INSERT operations by merging...
---- Optimized 2 ADD/INSERT operations by merging...
---- Optimized 2 ADD/INSERT operations by merging...
---- Optimized 2 ADD/INSERT operations by merging...
---- Optimized 2 ADD/INSERT operations by merging...
---- Optimized 2 ADD/INSERT operations by merging...
---- Optimized 2 ADD/INSERT operations by merging...
---- Optimized 2 ADD/INSERT operations by merging...
---- Optimized 2 ADD/INSERT operations by merging...
---- Optimized 2 ADD/INSERT operations by merging...
---- Optimized 2 ADD/INSERT operations by merging...
---- Optimized 2 ADD/INSERT operations by merging...
---- Optimized 2 ADD/INSERT operations by merging...
---- Optimized 2 ADD/INSERT operations by merging...
---- Optimized 2 ADD/INSERT operations by merging...
---- Optimized 2 ADD/INSERT operations by merging...
---- Optimized 2 ADD/INSERT operations by merging...
---- Optimized 2 ADD/INSERT operations by merging...
---- Optimized 2 ADD/INSERT operations by merging...
---- Optimized 2 ADD/INSERT operations by merging...
---- Optimized 2 ADD/INSERT operations by merging...
---- Optimized 2 ADD/INSERT operations by merging...
---- Optimized 2 ADD/INSERT operations by merging...
---- Optimized 2 ADD/INSERT operations by merging...
---- Optimized 2 ADD/INSERT operations by merging...
---- Optimized 2 ADD/INSERT operations by merging...
---- Optimized 2 ADD/INSERT operations by merging...
---- Optimized 2 ADD/INSERT operations by merging...
---- Optimized 2 ADD/INSERT operations by merging...
---- Optimized 2 ADD/INSERT operations by merging...
---- Optimized 2 ADD/INSERT operations by merging...
---- Optimized 2 ADD/INSERT operations by merging...
---- Optimized 2 ADD/INSERT operations by merging...
---- Optimized 2 ADD/INSERT operations by merging...
---- Optimized 2 ADD/INSERT operations by merging...
---- Optimized 2 ADD/INSERT operations by merging...
---- Optimized 2 ADD/INSERT operations by merging...
---- Optimized 2 ADD/INSERT operations by merging...
---- Optimized 2 ADD/INSERT operations by merging...
---- Optimized 2 ADD/INSERT operations by merging...
---- Optimized 2 ADD/INSERT operations by merging...
---- Optimized 2 ADD/INSERT operations by merging...
---- Optimized 2 ADD/INSERT operations by merging...
---- Optimized 2 ADD/INSERT operations by merging...
---- Optimized 2 ADD/INSERT operations by merging...
---- Optimized 2 ADD/INSERT operations by merging...
---- Optimized 2 ADD/INSERT operations by merging...
---- Optimized 2 ADD/INSERT operations by merging...
---- Optimized 2 ADD/INSERT operations by merging...
---- Optimized 2 ADD/INSERT operations by merging...
---- Optimized 2 ADD/INSERT operations by merging...
---- Optimized 2 ADD/INSERT operations by merging...
---- Optimized 2 ADD/INSERT operations by merging...
---- Optimized 2 ADD/INSERT operations by merging...
---- Optimized 2 ADD/INSERT operations by merging...
---- Optimized 2 ADD/INSERT operations by merging...
---- Optimized 2 ADD/INSERT operations by merging...
---- Optimized 2 ADD/INSERT operations by merging...
---- Optimized 2 ADD/INSERT operations by merging...
---- Optimized 2 ADD/INSERT operations by merging...
---- Optimized 2 ADD/INSERT operations by merging...
---- Optimized 2 ADD/INSERT operations by merging...
---- Optimized 2 ADD/INSERT operations by merging...
---- Optimized 2 ADD/INSERT operations by merging...
---- Optimized 2 ADD/INSERT operations by merging...
---- Optimized 2 ADD/INSERT operations by merging...
---- Optimized 2 ADD/INSERT operations by merging...
---- Optimized 2 ADD/INSERT operations by merging...
---- Optimized 2 ADD/INSERT operations by merging...
---- Optimized 2 ADD/INSERT operations by merging...
---- Optimized 2 ADD/INSERT operations by merging...
---- Optimized 2 ADD/INSERT operations by merging...
---- Optimized 2 ADD/INSERT operations by merging...
---- Optimized 2 ADD/INSERT operations by merging...
---- Optimized 2 ADD/INSERT operations by merging...
---- Optimized 2 ADD/INSERT operations by merging...
---- Optimized 2 ADD/INSERT operations by merging...
---- Optimized 2 ADD/INSERT operations by merging...
---- Optimized 2 ADD/INSERT operations by merging...
---- Optimized 2 ADD/INSERT operations by merging...
---- Optimized 2 ADD/INSERT operations by merging...
---- Optimized 2 ADD/INSERT operations by merging...
---- Optimized 2 ADD/INSERT operations by merging...
---- Optimized 2 ADD/INSERT operations by merging...
---- Optimized 2 ADD/INSERT operations by merging...
---- Optimized 2 ADD/INSERT operations by merging...
---- Optimized 2 ADD/INSERT operations by merging...
---- Optimized 2 ADD/INSERT operations by merging...
---- Optimized 2 ADD/INSERT operations by merging...
---- Optimized 2 ADD/INSERT operations by merging...
---- Optimized 2 ADD/INSERT operations by merging...
---- Optimized 2 ADD/INSERT operations by merging...
---- Optimized 2 ADD/INSERT operations by merging...
---- Optimized 2 ADD/INSERT operations by merging...
---- Optimized 2 ADD/INSERT operations by merging...
---- Optimized 2 ADD/INSERT operations by merging...
---- Optimized 2 ADD/INSERT operations by merging...
---- Optimized 2 ADD/INSERT operations by merging...
---- Optimized 2 ADD/INSERT operations by merging...
---- Optimized 2 ADD/INSERT operations by merging...
---- Optimized 2 ADD/INSERT operations by merging...
---- Optimized 2 ADD/INSERT operations by merging...
---- Optimized 2 ADD/INSERT operations by merging...
---- Optimized 2 ADD/INSERT operations by merging...
---- Optimized 2 ADD/INSERT operations by merging...
---- Optimized 2 ADD/INSERT operations by merging...
---- Optimized 2 ADD/INSERT operations by merging...
---- Optimized 2 ADD/INSERT operations by merging...
---- Optimized 2 ADD/INSERT operations by merging...
---- Optimized 2 ADD/INSERT operations by merging...
---- Optimized 2 ADD/INSERT operations by merging...
---- Optimized 2 ADD/INSERT operations by merging...
---- Optimized 2 ADD/INSERT operations by merging...
---- Optimized 2 ADD/INSERT operations by merging...
---- Optimized 2 ADD/INSERT operations by merging...
---- Optimized 2 ADD/INSERT operations by merging...
---- Optimized 2 ADD/INSERT operations by merging...
---- Optimized 2 ADD/INSERT operations by merging...
---- Optimized 2 ADD/INSERT operations by merging...
---- Optimized 2 ADD/INSERT operations by merging...
---- Optimized 2 ADD/INSERT operations by merging...
---- Optimized 2 ADD/INSERT operations by merging...
---- Optimized 2 ADD/INSERT operations by merging...
---- Optimized 2 ADD/INSERT operations by merging...
---- Optimized 2 ADD/INSERT operations by merging...
---- Optimized 2 ADD/INSERT operations by merging...
---- Optimized 2 ADD/INSERT operations by merging...
---- Optimized 2 ADD/INSERT operations by merging...
---- Optimized 2 ADD/INSERT operations by merging...
---- Optimized 2 ADD/INSERT operations by merging...
---- Optimized 2 ADD/INSERT operations by merging...
---- Optimized 2 ADD/INSERT operations by merging...
---- Optimized 2 ADD/INSERT operations by merging...
---- Optimized 2 ADD/INSERT operations by merging...
---- Optimized 2 ADD/INSERT operations by merging...
---- Optimized 2 ADD/INSERT operations by merging...
---- Optimized 2 ADD/INSERT operations by merging...
---- Optimized 2 ADD/INSERT operations by merging...
---- Optimized 2 ADD/INSERT operations by merging...
---- Optimized 2 ADD/INSERT operations by merging...
---- Optimized 2 ADD/INSERT operations by merging...
---- Optimized 2 ADD/INSERT operations by merging...
---- Optimized 2 ADD/INSERT operations by merging...
---- Optimized 2 ADD/INSERT operations by merging...
---- Optimized 2 ADD/INSERT operations by merging...
---- Optimized 2 ADD/INSERT operations by merging...
---- Optimized 2 ADD/INSERT operations by merging...
---- Optimized 2 ADD/INSERT operations by merging...
---- Optimized 2 ADD/INSERT operations by merging...
---- Optimized 2 ADD/INSERT operations by merging...
---- Optimized 2 ADD/INSERT operations by merging...
---- Optimized 2 ADD/INSERT operations by merging...
---- Optimized 2 ADD/INSERT operations by merging...
---- Optimized 2 ADD/INSERT operations by merging...
---- Optimized 2 ADD/INSERT operations by merging...
---- Optimized 2 ADD/INSERT operations by merging...
---- Optimized 2 ADD/INSERT operations by merging...
---- Optimized 2 ADD/INSERT operations by merging...
---- Optimized 2 ADD/INSERT operations by merging...
---- Optimized 2 ADD/INSERT operations by merging...
---- Optimized 2 ADD/INSERT operations by merging...
---- Optimized 2 ADD/INSERT operations by merging...
---- Optimized 2 ADD/INSERT operations by merging...
---- Optimized 2 ADD/INSERT operations by merging...
---- Optimized 2 ADD/INSERT operations by merging...
---- Optimized 2 ADD/INSERT operations by merging...
---- Optimized 2 ADD/INSERT operations by merging...
---- Optimized 2 ADD/INSERT operations by merging...
---- Optimized 2 ADD/INSERT operations by merging...
---- Optimized 2 ADD/INSERT operations by merging...
---- Optimized 2 ADD/INSERT operations by merging...
---- Optimized 2 ADD/INSERT operations by merging...
---- Optimized 2 ADD/INSERT operations by merging...
---- Optimized 2 ADD/INSERT operations by merging...
---- Optimized 2 ADD/INSERT operations by merging...
---- Optimized 2 ADD/INSERT operations by merging...
---- Optimized 2 ADD/INSERT operations by merging...
---- Optimized 2 ADD/INSERT operations by merging...
---- Optimized 2 ADD/INSERT operations by merging...
---- Optimized 2 ADD/INSERT operations by merging...
---- Optimized 2 ADD/INSERT operations by merging...
---- Optimized 2 ADD/INSERT operations by merging...
---- Optimized 2 ADD/INSERT operations by merging...
---- Optimized 2 ADD/INSERT operations by merging...
---- Optimized 2 ADD/INSERT operations by merging...
---- Optimized 2 ADD/INSERT operations by merging...
---- Optimized 2 ADD/INSERT operations by merging...
---- Optimized 2 ADD/INSERT operations by merging...
---- Optimized 2 ADD/INSERT operations by merging...
---- Optimized 2 ADD/INSERT operations by merging...
---- Optimized 2 ADD/INSERT operations by merging...
---- Optimized 2 ADD/INSERT operations by merging...
---- Optimized 2 ADD/INSERT operations by merging...
---- Optimized 2 ADD/INSERT operations by merging...
---- Optimized 2 ADD/INSERT operations by merging...
---- Optimized 2 ADD/INSERT operations by merging...
---- Optimized 2 ADD/INSERT operations by merging...
---- Optimized 2 ADD/INSERT operations by merging...
---- Optimized 2 ADD/INSERT operations by merging...
---- Optimized 2 ADD/INSERT operations by merging...
---- Optimized 2 ADD/INSERT operations by merging...
---- Optimized 2 ADD/INSERT operations by merging...
---- Optimized 2 ADD/INSERT operations by merging...
---- Optimized 2 ADD/INSERT operations by merging...
---- Optimized 2 ADD/INSERT operations by merging...
---- Optimized 2 ADD/INSERT operations by merging...
---- Optimized 2 ADD/INSERT operations by merging...
---- Optimized 2 ADD/INSERT operations by merging...
---- Optimized 2 ADD/INSERT operations by merging...
---- Optimized 2 ADD/INSERT operations by merging...
---- Optimized 2 ADD/INSERT operations by merging...
---- Optimized 2 ADD/INSERT operations by merging...
---- Optimized 2 ADD/INSERT operations by merging...
---- Optimized 2 ADD/INSERT operations by merging...
---- Optimized 2 ADD/INSERT operations by merging...
---- Optimized 2 ADD/INSERT operations by merging...
---- Optimized 2 ADD/INSERT operations by merging...
---- Optimized 2 ADD/INSERT operations by merging...
---- Optimized 2 ADD/INSERT operations by merging...
---- Optimized 2 ADD/INSERT operations by merging...
---- Optimized 2 ADD/INSERT operations by merging...
---- Optimized 2 ADD/INSERT operations by merging...
---- Optimized 2 ADD/INSERT operations by merging...
---- Optimized 2 ADD/INSERT operations by merging...
---- Optimized 2 ADD/INSERT operations by merging...
---- Optimized 2 ADD/INSERT operations by merging...
---- Optimized 2 ADD/INSERT operations by merging...
---- Optimized 2 ADD/INSERT operations by merging...
---- Optimized 2 ADD/INSERT operations by merging...
---- Optimized 2 ADD/INSERT operations by merging...
---- Optimized 2 ADD/INSERT operations by merging...
---- Optimized 2 ADD/INSERT operations by merging...
---- Optimized 2 ADD/INSERT operations by merging...
---- Optimized 2 ADD/INSERT operations by merging...
---- Optimized 2 ADD/INSERT operations by merging...
---- Optimized 2 ADD/INSERT operations by merging...
---- Optimized 2 ADD/INSERT operations by merging...
---- Optimized 2 ADD/INSERT operations by merging...
---- Optimized 2 ADD/INSERT operations by merging...
---- Optimized 2 ADD/INSERT operations by merging...
---- Optimized 2 ADD/INSERT operations by merging...
---- Optimized 2 ADD/INSERT operations by merging...
---- Optimized 2 ADD/INSERT operations by merging...
---- Optimized 2 ADD/INSERT operations by merging...
---- Optimized 2 ADD/INSERT operations by merging...
---- Optimized 2 ADD/INSERT operations by merging...
---- Optimized 2 ADD/INSERT operations by merging...
---- Optimized 2 ADD/INSERT operations by merging...
---- Optimized 2 ADD/INSERT operations by merging...
---- Optimized 2 ADD/INSERT operations by merging...
---- Optimized 2 ADD/INSERT operations by merging...
---- Optimized 2 ADD/INSERT operations by merging...
---- Optimized 2 ADD/INSERT operations by merging...
---- Optimized 2 ADD/INSERT operations by merging...
---- Optimized 2 ADD/INSERT operations by merging...
---- Optimized 2 ADD/INSERT operations by merging...
---- Optimized 2 ADD/INSERT operations by merging...
---- Optimized 2 ADD/INSERT operations by merging...
---- Optimized 2 ADD/INSERT operations by merging...
---- Optimized 2 ADD/INSERT operations by merging...
---- Optimized 2 ADD/INSERT operations by merging...
---- Optimized 2 ADD/INSERT operations by merging...
---- Optimized 2 ADD/INSERT operations by merging...
---- Optimized 2 ADD/INSERT operations by merging...
---- Optimized 2 ADD/INSERT operations by merging...
---- Optimized 2 ADD/INSERT operations by merging...
---- Optimized 2 ADD/INSERT operations by merging...
---- Optimized 2 ADD/INSERT operations by merging...
---- Optimized 2 ADD/INSERT operations by merging...
---- Optimized 2 ADD/INSERT operations by merging...
---- Optimized 2 ADD/INSERT operations by merging...
---- Optimized 2 ADD/INSERT operations by merging...
---- Optimized 2 ADD/INSERT operations by merging...
---- Optimized 2 ADD/INSERT operations by merging...
---- Optimized 2 ADD/INSERT operations by merging...
---- Optimized 2 ADD/INSERT operations by merging...
---- Optimized 2 ADD/INSERT operations by merging...
---- Optimized 2 ADD/INSERT operations by merging...
---- Optimized 2 ADD/INSERT operations by merging...
---- Optimized 2 ADD/INSERT operations by merging...
---- Optimized 2 ADD/INSERT operations by merging...
---- Optimized 2 ADD/INSERT operations by merging...
---- Optimized 2 ADD/INSERT operations by merging...
---- Optimized 2 ADD/INSERT operations by merging...
---- Optimized 2 ADD/INSERT operations by merging...
---- Optimized 2 ADD/INSERT operations by merging...
---- Optimized 2 ADD/INSERT operations by merging...
---- Optimized 2 ADD/INSERT operations by merging...
---- Optimized 2 ADD/INSERT operations by merging...
---- Optimized 2 ADD/INSERT operations by merging...
---- Optimized 2 ADD/INSERT operations by merging...
---- Optimized 2 ADD/INSERT operations by merging...
---- Optimized 2 ADD/INSERT operations by merging...
---- Optimized 2 ADD/INSERT operations by merging...
---- Optimized 2 ADD/INSERT operations by merging...
---- Optimized 2 ADD/INSERT operations by merging...
---- Optimized 2 ADD/INSERT operations by merging...
---- Optimized 2 ADD/INSERT operations by merging...
---- Optimized 2 ADD/INSERT operations by merging...
---- Optimized 2 ADD/INSERT operations by merging...
---- Optimized 2 ADD/INSERT operations by merging...
---- Optimized 2 ADD/INSERT operations by merging...
---- Optimized 2 ADD/INSERT operations by merging...
---- Optimized 2 ADD/INSERT operations by merging...
---- Optimized 2 ADD/INSERT operations by merging...
---- Optimized 2 ADD/INSERT operations by merging...
---- Optimized 2 ADD/INSERT operations by merging...
---- Optimized 2 ADD/INSERT operations by merging...
---- Optimized 2 ADD/INSERT operations by merging...
---- Optimized 2 ADD/INSERT operations by merging...
---- Optimized 2 ADD/INSERT operations by merging...
---- Optimized 2 ADD/INSERT operations by merging...
---- Optimized 2 ADD/INSERT operations by merging...
---- Optimized 2 ADD/INSERT operations by merging...
---- Optimized 2 ADD/INSERT operations by merging...
---- Optimized 2 ADD/INSERT operations by merging...
---- Optimized 2 ADD/INSERT operations by merging...
---- Optimized 2 ADD/INSERT operations by merging...
---- Optimized 2 ADD/INSERT operations by merging...
---- Optimized 2 ADD/INSERT operations by merging...
---- Optimized 2 ADD/INSERT operations by merging...
---- Optimized 2 ADD/INSERT operations by merging...
---- Optimized 2 ADD/INSERT operations by merging...
---- Optimized 2 ADD/INSERT operations by merging...
---- Optimized 2 ADD/INSERT operations by merging...
---- Optimized 2 ADD/INSERT operations by merging...
---- Optimized 2 ADD/INSERT operations by merging...
---- Optimized 2 ADD/INSERT operations by merging...
---- Optimized 2 ADD/INSERT operations by merging...
---- Optimized 2 ADD/INSERT operations by merging...
---- Optimized 2 ADD/INSERT operations by merging...
---- Optimized 2 ADD/INSERT operations by merging...
---- Optimized 2 ADD/INSERT operations by merging...
---- Optimized 2 ADD/INSERT operations by merging...
---- Optimized 2 ADD/INSERT operations by merging...
---- Optimized 2 ADD/INSERT operations by merging...
---- Optimized 2 ADD/INSERT operations by merging...
---- Optimized 2 ADD/INSERT operations by merging...
---- Optimized 2 ADD/INSERT operations by merging...
---- Optimized 2 ADD/INSERT operations by merging...
---- Optimized 2 ADD/INSERT operations by merging...
---- Optimized 2 ADD/INSERT operations by merging...
---- Optimized 2 ADD/INSERT operations by merging...
---- Optimized 2 ADD/INSERT operations by merging...
---- Optimized 2 ADD/INSERT operations by merging...
---- Optimized 2 ADD/INSERT operations by merging...
---- Optimized 2 ADD/INSERT operations by merging...
---- Optimized 2 ADD/INSERT operations by merging...
---- Optimized 2 ADD/INSERT operations by merging...
---- Optimized 2 ADD/INSERT operations by merging...
---- Optimized 2 ADD/INSERT operations by merging...
---- Optimized 2 ADD/INSERT operations by merging...
-- Done...
------------------------------------------

-- Generating file 'samd20-xpro\deltagen_rev_02_rev_00\deltagen_rev_02_rev_00'...
--- Data succesfully generated
--- Generating checksum CRC-16
--- Generated CRC-16
--- Finalizing delta file
--- Writing file 'samd20-xpro\deltagen_rev_02_rev_00\deltagen_rev_02_rev_00'

-- OPERATION SUCCESFULL ...
Elapsed time: 00:00:00.3528874
------------------------------------------

