
There are 260 non-matching segments with total length of 3492
-- Found 260 segments that have changed...
-- Searching for matching segments...
-- Done searching...
------------------------------------------

-- Generating operations...
--- Found segment that must be added. Length: 12 , address: 0x4

--- OPTIMIZING...

--- Found word that must be inserted. Length: 4 , address: 0x2C

--- OPTIMIZING...

--- Found segment that must be added. Length: 120 , address: 0x38

--- OPTIMIZING...

--- Found segment that must be added. Length: 8 , address: 0x1C0

--- OPTIMIZING...

--- Found word that must be inserted. Length: 4 , address: 0x200

--- OPTIMIZING...

--- Found word that must be inserted. Length: 4 , address: 0x33C

--- OPTIMIZING...

--- Found word that must be inserted. Length: 4 , address: 0x450

--- OPTIMIZING...

--- Found word that must be inserted. Length: 4 , address: 0x48C

--- OPTIMIZING...

--- Found word that must be inserted. Length: 4 , address: 0x4C8

--- OPTIMIZING...

--- Found segment that must be added. Length: 12 , address: 0x5AC

--- OPTIMIZING...

--- Found word that must be inserted. Length: 4 , address: 0x600

--- OPTIMIZING...

--- Found word that must be inserted. Length: 4 , address: 0x608

--- OPTIMIZING...

--- Found word that must be inserted. Length: 4 , address: 0x69C

--- OPTIMIZING...

--- Found word that must be inserted. Length: 4 , address: 0x760

--- OPTIMIZING...

--- Found segment that must be added. Length: 8 , address: 0x768

--- OPTIMIZING...

--- Found segment that must be added. Length: 12 , address: 0x7B4

--- OPTIMIZING...

--- Found segment that must be added. Length: 20 , address: 0x8D0
--- Found segment that will be moved from address: 0x8E4 to address: 0x8E4 of length 8
--- Found segment that must be added. Length: 12 , address: 0x8EC
--- Found segment that will be moved from address: 0x8F8 to address: 0x8F8 of length 12
--- Found segment that must be added. Length: 8 , address: 0x904
--- Found segment that will be moved from address: 0x90C to address: 0x90C of length 8
--- Found segment that must be added. Length: 4 , address: 0x914

--- OPTIMIZING...

---- Optimized COPY and ADD operations to preceding ADD...
---- Optimized COPY and ADD operations to preceding ADD...
---- Optimized COPY and ADD operations to preceding ADD...
--- Found segment that must be added. Length: 12 , address: 0x92C
--- Found a word to insert to address: 0x938
--- Found segment that must be added. Length: 12 , address: 0x93C

--- OPTIMIZING...

---- Optimized 2 ADD/INSERT operations by merging...
---- Optimized 2 ADD/INSERT operations by merging...
--- Found segment that must be added. Length: 8 , address: 0x9DC

--- OPTIMIZING...

--- Found word that must be inserted. Length: 4 , address: 0xA1C

--- OPTIMIZING...

--- Found word that must be inserted. Length: 4 , address: 0xA50

--- OPTIMIZING...

--- Found word that must be inserted. Length: 4 , address: 0xA74

--- OPTIMIZING...

--- Found word that must be inserted. Length: 4 , address: 0xAB0

--- OPTIMIZING...

--- Found word that must be inserted. Length: 4 , address: 0xB04

--- OPTIMIZING...

--- Found word that must be inserted. Length: 4 , address: 0xB4C

--- OPTIMIZING...

--- Found word that must be inserted. Length: 4 , address: 0xBB0

--- OPTIMIZING...

--- Found segment that must be added. Length: 8 , address: 0xBEC

--- OPTIMIZING...

--- Found word that must be inserted. Length: 4 , address: 0xC5C

--- OPTIMIZING...

--- Found a word to insert to address: 0xC68
--- Found segment that must be added. Length: 8 , address: 0xC6C

--- OPTIMIZING...

---- Optimized 2 ADD/INSERT operations by merging...
--- Found word that must be inserted. Length: 4 , address: 0xD44

--- OPTIMIZING...

--- Found word that must be inserted. Length: 4 , address: 0xD4C

--- OPTIMIZING...

--- Found word that must be inserted. Length: 4 , address: 0xDE0

--- OPTIMIZING...

--- Found word that must be inserted. Length: 4 , address: 0xE18

--- OPTIMIZING...

--- Found word that must be inserted. Length: 4 , address: 0xEC8

--- OPTIMIZING...

--- Found word that must be inserted. Length: 4 , address: 0xEF8

--- OPTIMIZING...

--- Found word that must be inserted. Length: 4 , address: 0xF28

--- OPTIMIZING...

--- Found word that must be inserted. Length: 4 , address: 0xF30

--- OPTIMIZING...

--- Found word that must be inserted. Length: 4 , address: 0xFF8

--- OPTIMIZING...

--- Found segment that must be added. Length: 8 , address: 0x1024

--- OPTIMIZING...

--- Found word that must be inserted. Length: 4 , address: 0x1118

--- OPTIMIZING...

--- Found word that must be inserted. Length: 4 , address: 0x131C

--- OPTIMIZING...

--- Found word that must be inserted. Length: 4 , address: 0x1374

--- OPTIMIZING...

--- Found word that must be inserted. Length: 4 , address: 0x13B4

--- OPTIMIZING...

--- Found word that must be inserted. Length: 4 , address: 0x141C

--- OPTIMIZING...

--- Found segment that must be added. Length: 16 , address: 0x14BC

--- OPTIMIZING...

--- Found word that must be inserted. Length: 4 , address: 0x1554

--- OPTIMIZING...

--- Found word that must be inserted. Length: 4 , address: 0x15D0

--- OPTIMIZING...

--- Found word that must be inserted. Length: 4 , address: 0x17A4

--- OPTIMIZING...

--- Found segment that must be added. Length: 8 , address: 0x18B8

--- OPTIMIZING...

--- Found word that must be inserted. Length: 4 , address: 0x192C

--- OPTIMIZING...

--- Found word that must be inserted. Length: 4 , address: 0x1954

--- OPTIMIZING...

--- Found word that must be inserted. Length: 4 , address: 0x1A00

--- OPTIMIZING...

--- Found word that must be inserted. Length: 4 , address: 0x1B24

--- OPTIMIZING...

--- Found word that must be inserted. Length: 4 , address: 0x1B34

--- OPTIMIZING...

--- Found word that must be inserted. Length: 4 , address: 0x1B8C

--- OPTIMIZING...

--- Found segment that must be added. Length: 16 , address: 0x1CB0
--- Found a word to insert to address: 0x1CC0
--- Found segment that must be added. Length: 12 , address: 0x1CC4
--- Found a word to insert to address: 0x1CD0
--- Found segment that must be added. Length: 24 , address: 0x1CD4

--- OPTIMIZING...

---- Optimized 2 ADD/INSERT operations by merging...
---- Optimized 2 ADD/INSERT operations by merging...
---- Optimized 2 ADD/INSERT operations by merging...
---- Optimized 2 ADD/INSERT operations by merging...
--- Found word that must be inserted. Length: 4 , address: 0x1D00

--- OPTIMIZING...

--- Found segment that must be added. Length: 8 , address: 0x1F3C

--- OPTIMIZING...

--- Found word that must be inserted. Length: 4 , address: 0x252C

--- OPTIMIZING...

--- Found word that must be inserted. Length: 4 , address: 0x2F28

--- OPTIMIZING...

--- Found segment that must be added. Length: 8 , address: 0x2FA0

--- OPTIMIZING...

--- Found segment that must be added. Length: 8 , address: 0x3034

--- OPTIMIZING...

--- Found word that must be inserted. Length: 4 , address: 0x32B8

--- OPTIMIZING...

--- Found word that must be inserted. Length: 4 , address: 0x33F4

--- OPTIMIZING...

--- Found word that must be inserted. Length: 4 , address: 0x3514

--- OPTIMIZING...

--- Found word that must be inserted. Length: 4 , address: 0x3554

--- OPTIMIZING...

--- Found word that must be inserted. Length: 4 , address: 0x3820

--- OPTIMIZING...

--- Found word that must be inserted. Length: 4 , address: 0x38A0

--- OPTIMIZING...

--- Found word that must be inserted. Length: 4 , address: 0x3920

--- OPTIMIZING...

--- Found segment that must be added. Length: 8 , address: 0x3A40

--- OPTIMIZING...

--- Found segment that must be added. Length: 12 , address: 0x3D4C

--- OPTIMIZING...

--- Found segment that must be added. Length: 8 , address: 0x3E58

--- OPTIMIZING...

--- Found word that must be inserted. Length: 4 , address: 0x3FB0

--- OPTIMIZING...

--- Found word that must be inserted. Length: 4 , address: 0x40AC

--- OPTIMIZING...

--- Found word that must be inserted. Length: 4 , address: 0x41D4

--- OPTIMIZING...

--- Found word that must be inserted. Length: 4 , address: 0x4448

--- OPTIMIZING...

--- Found word that must be inserted. Length: 4 , address: 0x4490

--- OPTIMIZING...

--- Found word that must be inserted. Length: 4 , address: 0x4638

--- OPTIMIZING...

--- Found segment that must be added. Length: 24 , address: 0x46AC

--- OPTIMIZING...

--- Found word that must be inserted. Length: 4 , address: 0x4700

--- OPTIMIZING...

--- Found word that must be inserted. Length: 4 , address: 0x4774

--- OPTIMIZING...

--- Found word that must be inserted. Length: 4 , address: 0x4788

--- OPTIMIZING...

--- Found word that must be inserted. Length: 4 , address: 0x48A0

--- OPTIMIZING...

--- Found word that must be inserted. Length: 4 , address: 0x4A98

--- OPTIMIZING...

--- Found word that must be inserted. Length: 4 , address: 0x4AE0

--- OPTIMIZING...

--- Found word that must be inserted. Length: 4 , address: 0x4BF8

--- OPTIMIZING...

--- Found word that must be inserted. Length: 4 , address: 0x4CC0

--- OPTIMIZING...

--- Found segment that must be added. Length: 8 , address: 0x4DCC

--- OPTIMIZING...

--- Found word that must be inserted. Length: 4 , address: 0x4EC4

--- OPTIMIZING...

--- Found word that must be inserted. Length: 4 , address: 0x4F58

--- OPTIMIZING...

--- Found word that must be inserted. Length: 4 , address: 0x505C

--- OPTIMIZING...

--- Found word that must be inserted. Length: 4 , address: 0x510C

--- OPTIMIZING...

--- Found segment that must be added. Length: 28 , address: 0x524C

--- OPTIMIZING...

--- Found word that must be inserted. Length: 4 , address: 0x52E0

--- OPTIMIZING...

--- Found word that must be inserted. Length: 4 , address: 0x52F8

--- OPTIMIZING...

--- Found word that must be inserted. Length: 4 , address: 0x5598

--- OPTIMIZING...

--- Found segment that must be added. Length: 8 , address: 0x55A0

--- OPTIMIZING...

--- Found word that must be inserted. Length: 4 , address: 0x5A48

--- OPTIMIZING...

--- Found word that must be inserted. Length: 4 , address: 0x5DA0

--- OPTIMIZING...

--- Found word that must be inserted. Length: 4 , address: 0x5DFC

--- OPTIMIZING...

--- Found segment that must be added. Length: 12 , address: 0x608C

--- OPTIMIZING...

--- Found word that must be inserted. Length: 4 , address: 0x60F4

--- OPTIMIZING...

--- Found segment that must be added. Length: 20 , address: 0x6230

--- OPTIMIZING...

--- Found word that must be inserted. Length: 4 , address: 0x63E4

--- OPTIMIZING...

--- Found word that must be inserted. Length: 4 , address: 0x649C

--- OPTIMIZING...

--- Found word that must be inserted. Length: 4 , address: 0x65D8

--- OPTIMIZING...

--- Found word that must be inserted. Length: 4 , address: 0x66A0

--- OPTIMIZING...

--- Found word that must be inserted. Length: 4 , address: 0x6734

--- OPTIMIZING...

--- Found word that must be inserted. Length: 4 , address: 0x6754

--- OPTIMIZING...

--- Found segment that must be added. Length: 8 , address: 0x6814

--- OPTIMIZING...

--- Found segment that must be added. Length: 12 , address: 0x6914

--- OPTIMIZING...

--- Found segment that must be added. Length: 8 , address: 0x69C0

--- OPTIMIZING...

--- Found word that must be inserted. Length: 4 , address: 0x6A10

--- OPTIMIZING...

--- Found word that must be inserted. Length: 4 , address: 0x6C84

--- OPTIMIZING...

--- Found word that must be inserted. Length: 4 , address: 0x6D60

--- OPTIMIZING...

--- Found word that must be inserted. Length: 4 , address: 0x6D90

--- OPTIMIZING...

--- Found word that must be inserted. Length: 4 , address: 0x6DDC

--- OPTIMIZING...

--- Found word that must be inserted. Length: 4 , address: 0x6E68

--- OPTIMIZING...

--- Found word that must be inserted. Length: 4 , address: 0x6F0C

--- OPTIMIZING...

--- Found segment that must be added. Length: 8 , address: 0x6F70

--- OPTIMIZING...

--- Found segment that must be added. Length: 8 , address: 0x70F0
--- Found a word to insert to address: 0x70F8
--- Found segment that must be added. Length: 4 , address: 0x70FC
--- Found segment that will be moved from address: 0x7100 to address: 0x7100 of length 12
--- Found segment that must be added. Length: 4 , address: 0x710C

--- OPTIMIZING...

---- Optimized 2 ADD/INSERT operations by merging...
---- Optimized 2 ADD/INSERT operations by merging...
---- Optimized COPY and ADD operations to preceding ADD...
--- Found word that must be inserted. Length: 4 , address: 0x7268

--- OPTIMIZING...

--- Found word that must be inserted. Length: 4 , address: 0x729C

--- OPTIMIZING...

--- Found word that must be inserted. Length: 4 , address: 0x72D0

--- OPTIMIZING...

--- Found word that must be inserted. Length: 4 , address: 0x74BC

--- OPTIMIZING...

--- Found segment that must be added. Length: 8 , address: 0x76FC

--- OPTIMIZING...

--- Found word that must be inserted. Length: 4 , address: 0x77DC

--- OPTIMIZING...

--- Found word that must be inserted. Length: 4 , address: 0x78B0

--- OPTIMIZING...

--- Found word that must be inserted. Length: 4 , address: 0x79DC

--- OPTIMIZING...

--- Found word that must be inserted. Length: 4 , address: 0x7B20

--- OPTIMIZING...

--- Found segment that must be added. Length: 48 , address: 0x7C34

--- OPTIMIZING...

--- Found segment that must be added. Length: 8 , address: 0x7C8C

--- OPTIMIZING...

--- Found segment that must be added. Length: 8 , address: 0x7D5C

--- OPTIMIZING...

--- Found word that must be inserted. Length: 4 , address: 0x7E58

--- OPTIMIZING...

--- Found word that must be inserted. Length: 4 , address: 0x8038

--- OPTIMIZING...

--- Found word that must be inserted. Length: 4 , address: 0x82A4

--- OPTIMIZING...

--- Found segment that must be added. Length: 32 , address: 0x8364

--- OPTIMIZING...

--- Found segment that must be added. Length: 8 , address: 0x83EC
--- Found a word to insert to address: 0x83F4
--- Found segment that must be added. Length: 4 , address: 0x83F8

--- OPTIMIZING...

---- Optimized 2 ADD/INSERT operations by merging...
---- Optimized 2 ADD/INSERT operations by merging...
--- Found segment that must be added. Length: 8 , address: 0x8430

--- OPTIMIZING...

--- Found word that must be inserted. Length: 4 , address: 0x8634

--- OPTIMIZING...

--- Found segment that must be added. Length: 8 , address: 0x86B0

--- OPTIMIZING...

--- Found segment that must be added. Length: 8 , address: 0x88FC

--- OPTIMIZING...

--- Found segment that must be added. Length: 8 , address: 0x8A60

--- OPTIMIZING...

--- Found word that must be inserted. Length: 4 , address: 0x8BCC

--- OPTIMIZING...

--- Found word that must be inserted. Length: 4 , address: 0x8D44

--- OPTIMIZING...

--- Found segment that must be added. Length: 24 , address: 0x8DE4

--- OPTIMIZING...

--- Found segment that must be added. Length: 8 , address: 0x8EB4

--- OPTIMIZING...

--- Found segment that must be added. Length: 8 , address: 0x8F04

--- OPTIMIZING...

--- Found word that must be inserted. Length: 4 , address: 0x8F78

--- OPTIMIZING...

--- Found word that must be inserted. Length: 4 , address: 0x901C

--- OPTIMIZING...

--- Found word that must be inserted. Length: 4 , address: 0x90E8

--- OPTIMIZING...

--- Found word that must be inserted. Length: 4 , address: 0x9114

--- OPTIMIZING...

--- Found word that must be inserted. Length: 4 , address: 0x918C

--- OPTIMIZING...

--- Found word that must be inserted. Length: 4 , address: 0x91D4

--- OPTIMIZING...

--- Found word that must be inserted. Length: 4 , address: 0x9220

--- OPTIMIZING...

--- Found word that must be inserted. Length: 4 , address: 0x92C8

--- OPTIMIZING...

--- Found word that must be inserted. Length: 4 , address: 0x93C4

--- OPTIMIZING...

--- Found word that must be inserted. Length: 4 , address: 0x943C

--- OPTIMIZING...

--- Found word that must be inserted. Length: 4 , address: 0x9530

--- OPTIMIZING...

--- Found word that must be inserted. Length: 4 , address: 0x9678

--- OPTIMIZING...

--- Found word that must be inserted. Length: 4 , address: 0x9728

--- OPTIMIZING...

--- Found word that must be inserted. Length: 4 , address: 0x9A4C

--- OPTIMIZING...

--- Found word that must be inserted. Length: 4 , address: 0x9A78

--- OPTIMIZING...

--- Found segment that must be added. Length: 16 , address: 0x9B60
--- Found a word to insert to address: 0x9B70
--- Found segment that must be added. Length: 12 , address: 0x9B74
--- Found a word to insert to address: 0x9B80
--- Found segment that must be added. Length: 12 , address: 0x9B84

--- OPTIMIZING...

---- Optimized 2 ADD/INSERT operations by merging...
---- Optimized 2 ADD/INSERT operations by merging...
---- Optimized 2 ADD/INSERT operations by merging...
---- Optimized 2 ADD/INSERT operations by merging...
--- Found word that must be inserted. Length: 4 , address: 0x9BF0

--- OPTIMIZING...

--- Found word that must be inserted. Length: 4 , address: 0x9CD4

--- OPTIMIZING...

--- Found word that must be inserted. Length: 4 , address: 0x9DD0

--- OPTIMIZING...

--- Found word that must be inserted. Length: 4 , address: 0x9E2C

--- OPTIMIZING...

--- Found word that must be inserted. Length: 4 , address: 0xA054

--- OPTIMIZING...

--- Found word that must be inserted. Length: 4 , address: 0xA0BC

--- OPTIMIZING...

--- Found word that must be inserted. Length: 4 , address: 0xA128

--- OPTIMIZING...

--- Found word that must be inserted. Length: 4 , address: 0xA1C0

--- OPTIMIZING...

--- Found word that must be inserted. Length: 4 , address: 0xA1C8

--- OPTIMIZING...

--- Found word that must be inserted. Length: 4 , address: 0xA274

--- OPTIMIZING...

--- Found word that must be inserted. Length: 4 , address: 0xA2AC

--- OPTIMIZING...

--- Found segment that must be added. Length: 8 , address: 0xA318

--- OPTIMIZING...

--- Found word that must be inserted. Length: 4 , address: 0xA334

--- OPTIMIZING...

--- Found word that must be inserted. Length: 4 , address: 0xA368

--- OPTIMIZING...

--- Found word that must be inserted. Length: 4 , address: 0xA3DC

--- OPTIMIZING...

--- Found word that must be inserted. Length: 4 , address: 0xA430

--- OPTIMIZING...

--- Found word that must be inserted. Length: 4 , address: 0xA458

--- OPTIMIZING...

--- Found word that must be inserted. Length: 4 , address: 0xA474

--- OPTIMIZING...

--- Found word that must be inserted. Length: 4 , address: 0xA48C

--- OPTIMIZING...

--- Found segment that must be added. Length: 8 , address: 0xA574

--- OPTIMIZING...

--- Found word that must be inserted. Length: 4 , address: 0xA620

--- OPTIMIZING...

--- Found word that must be inserted. Length: 4 , address: 0xA678

--- OPTIMIZING...

--- Found word that must be inserted. Length: 4 , address: 0xA6DC

--- OPTIMIZING...

--- Found word that must be inserted. Length: 4 , address: 0xA840

--- OPTIMIZING...

--- Found word that must be inserted. Length: 4 , address: 0xA888

--- OPTIMIZING...

--- Found word that must be inserted. Length: 4 , address: 0xA9E8

--- OPTIMIZING...

--- Found word that must be inserted. Length: 4 , address: 0xA9FC

--- OPTIMIZING...

--- Found segment that must be added. Length: 28 , address: 0xACF8
--- Found segment that will be moved from address: 0xAD14 to address: 0xAD14 of length 12
--- Found segment that must be added. Length: 20 , address: 0xAD20

--- OPTIMIZING...

---- Optimized COPY and ADD operations to preceding ADD...
--- Found segment that must be added. Length: 8 , address: 0xAF08
--- Found a word to insert to address: 0xAF10
--- Found segment that must be added. Length: 20 , address: 0xAF14

--- OPTIMIZING...

---- Optimized 2 ADD/INSERT operations by merging...
---- Optimized 2 ADD/INSERT operations by merging...
--- Found segment that must be added. Length: 16 , address: 0xAF5C

--- OPTIMIZING...

--- Found segment that must be added. Length: 16 , address: 0xAF98

--- OPTIMIZING...

--- Found segment that must be added. Length: 16 , address: 0xAFD4

--- OPTIMIZING...

--- Found segment that must be added. Length: 36 , address: 0xB2D8
--- Found a word to insert to address: 0xB2FC
--- Found segment that must be added. Length: 4 , address: 0xB300

--- OPTIMIZING...

---- Optimized 2 ADD/INSERT operations by merging...
---- Optimized 2 ADD/INSERT operations by merging...
--- Found segment that must be added. Length: 12 , address: 0xB3CC

--- OPTIMIZING...

--- Found segment that must be added. Length: 8 , address: 0xB3EC

--- OPTIMIZING...

--- Found segment that must be added. Length: 60 , address: 0xB47C

--- OPTIMIZING...

--- Found segment that must be added. Length: 20 , address: 0xB4EC

--- OPTIMIZING...

--- Found word that must be inserted. Length: 4 , address: 0xB514

--- OPTIMIZING...

--- Found word that must be inserted. Length: 4 , address: 0xB544

--- OPTIMIZING...

--- Found segment that must be added. Length: 12 , address: 0xB580

--- OPTIMIZING...

--- Found segment that must be added. Length: 24 , address: 0xB5F4

--- OPTIMIZING...

--- Found segment that must be added. Length: 32 , address: 0xB6B8

--- OPTIMIZING...

--- Found segment that must be added. Length: 8 , address: 0xB744

--- OPTIMIZING...

--- Found segment that must be added. Length: 20 , address: 0xB7B0

--- OPTIMIZING...

--- Found segment that must be added. Length: 76 , address: 0xBA08

--- OPTIMIZING...

--- Found segment that must be added. Length: 112 , address: 0xBD58
--- Found a word to insert to address: 0xBDC8
--- Found segment that must be added. Length: 36 , address: 0xBDCC

--- OPTIMIZING...

---- Optimized 2 ADD/INSERT operations by merging...
---- Optimized 2 ADD/INSERT operations by merging...
--- Found segment that must be added. Length: 172 , address: 0xC144

--- OPTIMIZING...

--- Found segment that must be added. Length: 164 , address: 0xC4C8

--- OPTIMIZING...

--- Found segment that must be added. Length: 20 , address: 0xC5D8

--- OPTIMIZING...

--- Found segment that must be added. Length: 24 , address: 0xC614

--- OPTIMIZING...

--- Found word that must be inserted. Length: 4 , address: 0xC648

--- OPTIMIZING...

--- Found segment that must be added. Length: 24 , address: 0xC790
--- Found a word to insert to address: 0xC7A8
--- Found segment that must be added. Length: 36 , address: 0xC7AC

--- OPTIMIZING...

---- Optimized 2 ADD/INSERT operations by merging...
---- Optimized 2 ADD/INSERT operations by merging...
--- Found segment that must be added. Length: 8 , address: 0xC808

--- OPTIMIZING...

--- Found word that must be inserted. Length: 4 , address: 0xC824

--- OPTIMIZING...

--- Found word that must be inserted. Length: 4 , address: 0xC840

--- OPTIMIZING...

--- Found word that must be inserted. Length: 4 , address: 0xC87C

--- OPTIMIZING...

--- Found segment that must be added. Length: 16 , address: 0xCB08
--- Found a word to insert to address: 0xCB18
--- Found segment that must be added. Length: 24 , address: 0xCB1C

--- OPTIMIZING...

---- Optimized 2 ADD/INSERT operations by merging...
---- Optimized 2 ADD/INSERT operations by merging...
--- Found word that must be inserted. Length: 4 , address: 0xCB4C

--- OPTIMIZING...

--- Found word that must be inserted. Length: 4 , address: 0xCBC4

--- OPTIMIZING...

--- Found segment that must be added. Length: 8 , address: 0xCBCC

--- OPTIMIZING...

--- Found segment that must be added. Length: 8 , address: 0xCD64

--- OPTIMIZING...

--- Found word that must be inserted. Length: 4 , address: 0xCEDC

--- OPTIMIZING...

--- Found word that must be inserted. Length: 4 , address: 0xCEE4

--- OPTIMIZING...

--- Found word that must be inserted. Length: 4 , address: 0xD000

--- OPTIMIZING...

--- Found segment that must be added. Length: 8 , address: 0xD16C

--- OPTIMIZING...

--- Found word that must be inserted. Length: 4 , address: 0xD188

--- OPTIMIZING...

--- Found segment that must be added. Length: 12 , address: 0xD628

--- OPTIMIZING...

--- Found segment that must be added. Length: 8 , address: 0xD654

--- OPTIMIZING...

--- Found segment that must be added. Length: 16 , address: 0xD698
--- Found segment that will be moved from address: 0xD6A8 to address: 0xD6A8 of length 12
--- Found segment that must be added. Length: 4 , address: 0xD6B4

--- OPTIMIZING...

---- Optimized COPY and ADD operations to preceding ADD...
--- Found segment that must be added. Length: 8 , address: 0xD78C

--- OPTIMIZING...

--- Found word that must be inserted. Length: 4 , address: 0xD81C

--- OPTIMIZING...

--- Found segment that must be added. Length: 12 , address: 0xD938

--- OPTIMIZING...

--- Found segment that must be added. Length: 16 , address: 0xD97C

--- OPTIMIZING...

--- Found segment that must be added. Length: 12 , address: 0xDC2C

--- OPTIMIZING...

--- Found segment that must be added. Length: 12 , address: 0xDD10

--- OPTIMIZING...

--- Found segment that must be added. Length: 12 , address: 0xDD84

--- OPTIMIZING...

--- Found word that must be inserted. Length: 4 , address: 0xE018

--- OPTIMIZING...

--- Found word that must be inserted. Length: 4 , address: 0xE148

--- OPTIMIZING...

--- Found segment that must be added. Length: 12 , address: 0xE21C

--- OPTIMIZING...

--- Found segment that must be added. Length: 12 , address: 0xE30C

--- OPTIMIZING...

--- Found word that must be inserted. Length: 4 , address: 0xE3EC

--- OPTIMIZING...

--- Found segment that must be added. Length: 12 , address: 0xE720
--- Found a word to insert to address: 0xE72C
--- Found segment that must be added. Length: 4 , address: 0xE730

--- OPTIMIZING...

---- Optimized 2 ADD/INSERT operations by merging...
---- Optimized 2 ADD/INSERT operations by merging...
--- Found segment that must be added. Length: 8 , address: 0xEA30

--- OPTIMIZING...

--- Found segment that must be added. Length: 24 , address: 0xECDC
--- Found a word to insert to address: 0xECF4
--- Found segment that must be added. Length: 4 , address: 0xECF8

--- OPTIMIZING...

---- Optimized 2 ADD/INSERT operations by merging...
---- Optimized 2 ADD/INSERT operations by merging...
--- Found segment that must be added. Length: 20 , address: 0xEE20

--- OPTIMIZING...

--- Found segment that must be added. Length: 180 , address: 0xF634

--- OPTIMIZING...

--- Found word that must be inserted. Length: 4 , address: 0xF804

--- OPTIMIZING...

--- Found segment that must be added. Length: 20 , address: 0xF80C

--- OPTIMIZING...

--- Found segment that must be added. Length: 52 , address: 0xF91C

--- OPTIMIZING...

--- Found segment that must be added. Length: 28 , address: 0xFCDC

--- OPTIMIZING...

--- Found segment that must be added. Length: 20 , address: 0xFD20

--- OPTIMIZING...

--- Found segment that must be added. Length: 32 , address: 0x11C08
--- Found a word to insert to address: 0x11C28
--- Found segment that must be added. Length: 4 , address: 0x11C2C
--- Found a word to insert to address: 0x11C30
--- Found segment that must be added. Length: 4 , address: 0x11C34
--- Found a word to insert to address: 0x11C38
--- Found segment that must be added. Length: 4 , address: 0x11C3C
--- Found a word to insert to address: 0x11C40
--- Found segment that must be added. Length: 4 , address: 0x11C44
--- Found a word to insert to address: 0x11C48
--- Found segment that must be added. Length: 4 , address: 0x11C4C
--- Found a word to insert to address: 0x11C50
--- Found segment that must be added. Length: 4 , address: 0x11C54
--- Found a word to insert to address: 0x11C58
--- Found segment that must be added. Length: 4 , address: 0x11C5C
--- Found a word to insert to address: 0x11C60
--- Found segment that must be added. Length: 4 , address: 0x11C64
--- Found a word to insert to address: 0x11C68
--- Found segment that must be added. Length: 4 , address: 0x11C6C
--- Found a word to insert to address: 0x11C70
--- Found segment that must be added. Length: 4 , address: 0x11C74
--- Found a word to insert to address: 0x11C78
--- Found segment that must be added. Length: 4 , address: 0x11C7C
--- Found a word to insert to address: 0x11C80
--- Found segment that must be added. Length: 4 , address: 0x11C84
--- Found a word to insert to address: 0x11C88
--- Found segment that must be added. Length: 4 , address: 0x11C8C
--- Found a word to insert to address: 0x11C90
--- Found segment that must be added. Length: 4 , address: 0x11C94
--- Found a word to insert to address: 0x11C98
--- Found segment that must be added. Length: 4 , address: 0x11C9C
--- Found a word to insert to address: 0x11CA0
--- Found segment that must be added. Length: 4 , address: 0x11CA4
--- Found a word to insert to address: 0x11CA8
--- Found segment that must be added. Length: 4 , address: 0x11CAC
--- Found a word to insert to address: 0x11CB0
--- Found segment that must be added. Length: 4 , address: 0x11CB4
--- Found a word to insert to address: 0x11CB8
--- Found segment that must be added. Length: 4 , address: 0x11CBC

--- OPTIMIZING...

---- Optimized 2 ADD/INSERT operations by merging...
---- Optimized 2 ADD/INSERT operations by merging...
---- Optimized 2 ADD/INSERT operations by merging...
---- Optimized 2 ADD/INSERT operations by merging...
---- Optimized 2 ADD/INSERT operations by merging...
---- Optimized 2 ADD/INSERT operations by merging...
---- Optimized 2 ADD/INSERT operations by merging...
---- Optimized 2 ADD/INSERT operations by merging...
---- Optimized 2 ADD/INSERT operations by merging...
---- Optimized 2 ADD/INSERT operations by merging...
---- Optimized 2 ADD/INSERT operations by merging...
---- Optimized 2 ADD/INSERT operations by merging...
---- Optimized 2 ADD/INSERT operations by merging...
---- Optimized 2 ADD/INSERT operations by merging...
---- Optimized 2 ADD/INSERT operations by merging...
---- Optimized 2 ADD/INSERT operations by merging...
---- Optimized 2 ADD/INSERT operations by merging...
---- Optimized 2 ADD/INSERT operations by merging...
---- Optimized 2 ADD/INSERT operations by merging...
---- Optimized 2 ADD/INSERT operations by merging...
---- Optimized 2 ADD/INSERT operations by merging...
---- Optimized 2 ADD/INSERT operations by merging...
---- Optimized 2 ADD/INSERT operations by merging...
---- Optimized 2 ADD/INSERT operations by merging...
---- Optimized 2 ADD/INSERT operations by merging...
---- Optimized 2 ADD/INSERT operations by merging...
---- Optimized 2 ADD/INSERT operations by merging...
---- Optimized 2 ADD/INSERT operations by merging...
---- Optimized 2 ADD/INSERT operations by merging...
---- Optimized 2 ADD/INSERT operations by merging...
---- Optimized 2 ADD/INSERT operations by merging...
---- Optimized 2 ADD/INSERT operations by merging...
---- Optimized 2 ADD/INSERT operations by merging...
---- Optimized 2 ADD/INSERT operations by merging...
---- Optimized 2 ADD/INSERT operations by merging...
---- Optimized 2 ADD/INSERT operations by merging...
---- Optimized 2 ADD/INSERT operations by merging...
---- Optimized 2 ADD/INSERT operations by merging...
--- Found segment that must be added. Length: 120 , address: 0x120C8

--- OPTIMIZING...

--- Found word that must be inserted. Length: 4 , address: 0x123E0

--- OPTIMIZING...

--- Found segment that must be added. Length: 8 , address: 0x123E8

--- OPTIMIZING...

--- Found segment that must be added. Length: 12 , address: 0x12420

--- OPTIMIZING...

-- Done...
------------------------------------------

-- Generating file 'data_basis\riotboot\samd21-xpro\deltagen_rev_12_rev_12\deltagen_rev_12_slot0_rev_12_slot1'...
--- Data succesfully generated
--- Generating checksum CRC-16
--- Generated CRC-16
--- Finalizing delta file
--- Writing file 'data_basis\riotboot\samd21-xpro\deltagen_rev_12_rev_12\deltagen_rev_12_slot0_rev_12_slot1'

-- OPERATION SUCCESFULL ...
Elapsed time: 00:00:00.3261950
------------------------------------------

