
There are 4 non-matching segments with total length of 52
-- Found 4 segments that have changed...
-- Searching for matching segments...
-- Done searching...
------------------------------------------

-- Generating operations...
--- Found word that must be inserted. Length: 4 , address: 0xD4

--- OPTIMIZING...

--- Found segment that must be added. Length: 8 , address: 0xEC

--- OPTIMIZING...

--- Found segment that must be added. Length: 24 , address: 0x108
--- Found a word to insert to address: 0x120
--- Found segment that must be added. Length: 4 , address: 0x124

--- OPTIMIZING...

---- Optimized 2 ADD/INSERT operations by merging...
---- Optimized 2 ADD/INSERT operations by merging...
--- Found a word to insert to address: 0x15C
--- Found a word to insert to address: 0x160

--- OPTIMIZING...

---- Optimized 2 ADD/INSERT operations by merging...
-- Done...
------------------------------------------

-- Generating file 'samd21-xpro\ADC_LINE_1__MASTER.bin'...
--- Data succesfully generated
--- Generating checksum CRC-16
--- Generated CRC-16
--- Finalizing delta file
--- Writing file 'samd21-xpro\ADC_LINE_1__MASTER.bin'

-- OPERATION SUCCESFULL ...
Elapsed time: 00:00:00.1554582
------------------------------------------

