
There are 5 non-matching segments with total length of 17284
-- Found 5 segments that have changed...
-- Searching for matching segments...
-- Done searching...
------------------------------------------

-- Generating operations...
--- Found segment that must be added. Length: 12 , address: 0x4

--- OPTIMIZING...

--- Found word that must be inserted. Length: 4 , address: 0x2C

--- OPTIMIZING...

--- Found a word to insert to address: 0x38
--- Found segment that must be added. Length: 104 , address: 0x3C

--- OPTIMIZING...

---- Optimized 2 ADD/INSERT operations by merging...
--- Found word that must be inserted. Length: 4 , address: 0xB8

--- OPTIMIZING...

--- Found segment that must be added. Length: 44 , address: 0xC0
--- Found a word to insert to address: 0xEC
--- Found segment that must be added. Length: 4 , address: 0xF0
--- Found a word to insert to address: 0xF4
--- Found segment that must be added. Length: 8 , address: 0xF8
--- Found a word to insert to address: 0x100
--- Found segment that must be added. Length: 4 , address: 0x104
--- Found a word to insert to address: 0x108
--- Found segment that must be added. Length: 20 , address: 0x10C
--- Found a word to insert to address: 0x120
--- Found segment that must be added. Length: 4 , address: 0x124
--- Found a word to insert to address: 0x128
--- Found segment that must be added. Length: 4 , address: 0x12C
--- Found a word to insert to address: 0x130
--- Found segment that must be added. Length: 4 , address: 0x134
--- Found a word to insert to address: 0x138
--- Found segment that must be added. Length: 8 , address: 0x13C
--- Found a word to insert to address: 0x144
--- Found segment that must be added. Length: 16 , address: 0x148
--- Found a word to insert to address: 0x158
--- Found segment that must be added. Length: 24 , address: 0x15C
--- Found a word to insert to address: 0x174
--- Found segment that must be added. Length: 28 , address: 0x178
--- Found a word to insert to address: 0x194
--- Found segment that must be added. Length: 12 , address: 0x198
--- Found segment that will be moved from address: 0x12C to address: 0x1A4 of length 8
--- Found segment that must be added. Length: 24 , address: 0x1AC
--- Found segment that will be moved from address: 0x14C to address: 0x1C4 of length 16
--- Found segment that must be added. Length: 8 , address: 0x1D4
--- Found segment that will be moved from address: 0x164 to address: 0x1DC of length 8
--- Found segment that must be added. Length: 8 , address: 0x1E4
--- Found segment that will be moved from address: 0x174 to address: 0x1EC of length 8
--- Found segment that must be added. Length: 8 , address: 0x1F4
--- Found segment that will be moved from address: 0x184 to address: 0x1FC of length 24
--- Found segment that must be added. Length: 8 , address: 0x214
--- Found a word to insert to address: 0x21C
--- Found segment that must be added. Length: 4 , address: 0x220
--- Found segment that will be moved from address: 0x1AC to address: 0x224 of length 40
--- Found segment that must be added. Length: 12 , address: 0x24C
--- Found segment that will be moved from address: 0x1E0 to address: 0x258 of length 36
--- Found segment that must be added. Length: 4 , address: 0x27C
--- Found a word to insert to address: 0x280
--- Found segment that will be moved from address: 0x20C to address: 0x284 of length 96
--- Found segment that must be added. Length: 4 , address: 0x2E4
--- Found a word to insert to address: 0x2E8
--- Found segment that will be moved from address: 0x274 to address: 0x2EC of length 104
--- Found segment that must be added. Length: 4 , address: 0x354
--- Found segment that will be moved from address: 0x2E0 to address: 0x358 of length 12
--- Found segment that must be added. Length: 20 , address: 0x364
--- Found segment that will be moved from address: 0x300 to address: 0x378 of length 8
--- Found segment that must be added. Length: 24 , address: 0x380
--- Found segment that will be moved from address: 0x320 to address: 0x398 of length 108
--- Found segment that must be added. Length: 20 , address: 0x404
--- Found a word to insert to address: 0x418
--- Found segment that must be added. Length: 4 , address: 0x41C
--- Found segment that will be moved from address: 0x3A8 to address: 0x420 of length 116
--- Found segment that must be added. Length: 8 , address: 0x494
--- Found segment that will be moved from address: 0x424 to address: 0x49C of length 48
--- Found segment that must be added. Length: 8 , address: 0x4CC
--- Found segment that will be moved from address: 0x45C to address: 0x4D4 of length 52
--- Found segment that must be added. Length: 16 , address: 0x508
--- Found segment that will be moved from address: 0x4A0 to address: 0x518 of length 28
--- Found segment that must be added. Length: 4 , address: 0x534
--- Found segment that will be moved from address: 0x4C0 to address: 0x538 of length 48
--- Found a word to insert to address: 0x568
--- Found segment that will be moved from address: 0x4F4 to address: 0x56C of length 240
--- Found segment that must be added. Length: 8 , address: 0x65C
--- Found segment that will be moved from address: 0x5EC to address: 0x664 of length 24
--- Found segment that must be added. Length: 4 , address: 0x67C
--- Found a word to insert to address: 0x680
--- Found segment that will be moved from address: 0x60C to address: 0x684 of length 136
--- Found segment that must be added. Length: 8 , address: 0x70C
--- Found a word to insert to address: 0x714
--- Found segment that must be added. Length: 4 , address: 0x718
--- Found segment that will be moved from address: 0x6A4 to address: 0x71C of length 168
--- Found segment that must be added. Length: 4 , address: 0x7C4
--- Found segment that will be moved from address: 0x750 to address: 0x7C8 of length 160
--- Found segment that must be added. Length: 4 , address: 0x868
--- Found segment that will be moved from address: 0x7F4 to address: 0x86C of length 20
--- Found segment that must be added. Length: 4 , address: 0x880
--- Found segment that will be moved from address: 0x80C to address: 0x884 of length 100
--- Found segment that must be added. Length: 4 , address: 0x8E8
--- Found segment that will be moved from address: 0x874 to address: 0x8EC of length 12
--- Found segment that must be added. Length: 4 , address: 0x8F8
--- Found segment that will be moved from address: 0x884 to address: 0x8FC of length 48
--- Found segment that must be added. Length: 4 , address: 0x92C
--- Found segment that will be moved from address: 0x8B8 to address: 0x930 of length 32
--- Found segment that must be added. Length: 4 , address: 0x950
--- Found segment that will be moved from address: 0x8DC to address: 0x954 of length 8
--- Found segment that must be added. Length: 4 , address: 0x95C
--- Found segment that will be moved from address: 0x8E8 to address: 0x960 of length 24
--- Found segment that must be added. Length: 4 , address: 0x978
--- Found segment that will be moved from address: 0x904 to address: 0x97C of length 8
--- Found segment that must be added. Length: 16 , address: 0x984
--- Found a word to insert to address: 0x994
--- Found segment that must be added. Length: 4 , address: 0x998
--- Found segment that will be moved from address: 0x924 to address: 0x99C of length 28
--- Found segment that must be added. Length: 12 , address: 0x9B8
--- Found a word to insert to address: 0x9C4
--- Found segment that must be added. Length: 4 , address: 0x9C8
--- Found segment that will be moved from address: 0x954 to address: 0x9CC of length 16
--- Found segment that must be added. Length: 4 , address: 0x9DC
--- Found segment that will be moved from address: 0x968 to address: 0x9E0 of length 84
--- Found segment that must be added. Length: 8 , address: 0xA34
--- Found segment that will be moved from address: 0x9C4 to address: 0xA3C of length 12
--- Found segment that must be added. Length: 4 , address: 0xA48
--- Found segment that will be moved from address: 0x9D4 to address: 0xA4C of length 12
--- Found segment that must be added. Length: 4 , address: 0xA58
--- Found segment that will be moved from address: 0x9E4 to address: 0xA5C of length 8
--- Found segment that must be added. Length: 4 , address: 0xA64
--- Found segment that will be moved from address: 0x9F0 to address: 0xA68 of length 12
--- Found segment that must be added. Length: 20 , address: 0xA74
--- Found a word to insert to address: 0xA88
--- Found segment that must be added. Length: 8 , address: 0xA8C
--- Found a word to insert to address: 0xA94
--- Found segment that must be added. Length: 24 , address: 0xA98
--- Found segment that will be moved from address: 0xA38 to address: 0xAB0 of length 20
--- Found segment that must be added. Length: 4 , address: 0xAC4
--- Found segment that will be moved from address: 0xA50 to address: 0xAC8 of length 316
--- Found segment that must be added. Length: 4 , address: 0xC04
--- Found a word to insert to address: 0xC08
--- Found segment that will be moved from address: 0xB94 to address: 0xC0C of length 68
--- Found segment that must be added. Length: 4 , address: 0xC50
--- Found segment that will be moved from address: 0xBDC to address: 0xC54 of length 28
--- Found segment that must be added. Length: 4 , address: 0xC70
--- Found segment that will be moved from address: 0xBFC to address: 0xC74 of length 16
--- Found segment that must be added. Length: 52 , address: 0xC84
--- Found a word to insert to address: 0xCB8
--- Found segment that must be added. Length: 32 , address: 0xCBC
--- Found a word to insert to address: 0xCDC
--- Found segment that must be added. Length: 48 , address: 0xCE0
--- Found a word to insert to address: 0xD10
--- Found segment that must be added. Length: 84 , address: 0xD14
--- Found a word to insert to address: 0xD68
--- Found a word to insert to address: 0xD6C
--- Found segment that must be added. Length: 28 , address: 0xD70
--- Found a word to insert to address: 0xD8C
--- Found segment that must be added. Length: 92 , address: 0xD90
--- Found a word to insert to address: 0xDEC
--- Found segment that must be added. Length: 12 , address: 0xDF0
--- Found a word to insert to address: 0xDFC
--- Found segment that must be added. Length: 16 , address: 0xE00
--- Found a word to insert to address: 0xE10
--- Found segment that must be added. Length: 16 , address: 0xE14
--- Found a word to insert to address: 0xE24
--- Found segment that must be added. Length: 24 , address: 0xE28
--- Found a word to insert to address: 0xE40
--- Found segment that will be moved from address: 0xC10 to address: 0xE44 of length 60
--- Found segment that must be added. Length: 4 , address: 0xE80
--- Found a word to insert to address: 0xE84
--- Found segment that must be added. Length: 8 , address: 0xE88
--- Found a word to insert to address: 0xE90
--- Found segment that must be added. Length: 8 , address: 0xE94
--- Found segment that will be moved from address: 0xC68 to address: 0xE9C of length 44
--- Found a word to insert to address: 0xEC8
--- Found segment that must be added. Length: 16 , address: 0xECC
--- Found a word to insert to address: 0xEDC
--- Found segment that must be added. Length: 12 , address: 0xEE0
--- Found a word to insert to address: 0xEEC
--- Found segment that must be added. Length: 8 , address: 0xEF0
--- Found a word to insert to address: 0xEF8
--- Found segment that must be added. Length: 76 , address: 0xEFC
--- Found a word to insert to address: 0xF48
--- Found segment that must be added. Length: 60 , address: 0xF4C
--- Found segment that will be moved from address: 0xC98 to address: 0xF88 of length 8
--- Found segment that must be added. Length: 4 , address: 0xF90
--- Found segment that will be moved from address: 0xCA4 to address: 0xF94 of length 8
--- Found segment that must be added. Length: 4 , address: 0xF9C
--- Found a word to insert to address: 0xFA0
--- Found segment that must be added. Length: 4 , address: 0xFA4
--- Found segment that will be moved from address: 0xCB8 to address: 0xFA8 of length 32
--- Found segment that must be added. Length: 8 , address: 0xFC8
--- Found segment that will be moved from address: 0xCE0 to address: 0xFD0 of length 120
--- Found segment that must be added. Length: 4 , address: 0x1048
--- Found segment that will be moved from address: 0xD5C to address: 0x104C of length 20
--- Found a word to insert to address: 0x1060
--- Found segment that will be moved from address: 0xD74 to address: 0x1064 of length 16
--- Found segment that must be added. Length: 4 , address: 0x1074
--- Found segment that will be moved from address: 0xD88 to address: 0x1078 of length 20
--- Found a word to insert to address: 0x108C
--- Found segment that will be moved from address: 0xDA0 to address: 0x1090 of length 52
--- Found segment that must be added. Length: 12 , address: 0x10C4
--- Found a word to insert to address: 0x10D0
--- Found segment that must be added. Length: 4 , address: 0x10D4
--- Found segment that will be moved from address: 0xDE8 to address: 0x10D8 of length 16
--- Found segment that must be added. Length: 4 , address: 0x10E8
--- Found segment that will be moved from address: 0xDFC to address: 0x10EC of length 20
--- Found segment that must be added. Length: 4 , address: 0x1100
--- Found segment that will be moved from address: 0xE14 to address: 0x1104 of length 24
--- Found segment that must be added. Length: 4 , address: 0x111C
--- Found segment that will be moved from address: 0xE30 to address: 0x1120 of length 40
--- Found segment that must be added. Length: 4 , address: 0x1148
--- Found segment that will be moved from address: 0xE5C to address: 0x114C of length 32
--- Found segment that must be added. Length: 4 , address: 0x116C
--- Found a word to insert to address: 0x1170
--- Found segment that must be added. Length: 40 , address: 0x1174
--- Found a word to insert to address: 0x119C
--- Found segment that must be added. Length: 4 , address: 0x11A0
--- Found segment that will be moved from address: 0xEB4 to address: 0x11A4 of length 72
--- Found segment that must be added. Length: 4 , address: 0x11EC
--- Found segment that will be moved from address: 0xF00 to address: 0x11F0 of length 8
--- Found segment that must be added. Length: 4 , address: 0x11F8
--- Found segment that will be moved from address: 0xF0C to address: 0x11FC of length 8
--- Found segment that must be added. Length: 4 , address: 0x1204
--- Found segment that will be moved from address: 0xF18 to address: 0x1208 of length 12
--- Found segment that must be added. Length: 4 , address: 0x1214
--- Found a word to insert to address: 0x1218
--- Found segment that will be moved from address: 0xF2C to address: 0x121C of length 16
--- Found segment that must be added. Length: 4 , address: 0x122C
--- Found segment that will be moved from address: 0xF40 to address: 0x1230 of length 40
--- Found segment that must be added. Length: 4 , address: 0x1258
--- Found segment that will be moved from address: 0xF6C to address: 0x125C of length 136
--- Found segment that must be added. Length: 4 , address: 0x12E4
--- Found a word to insert to address: 0x12E8
--- Found segment that must be added. Length: 8 , address: 0x12EC
--- Found a word to insert to address: 0x12F4
--- Found segment that must be added. Length: 4 , address: 0x12F8
--- Found segment that will be moved from address: 0x100C to address: 0x12FC of length 28
--- Found a word to insert to address: 0x1318
--- Found segment that will be moved from address: 0x102C to address: 0x131C of length 32
--- Found segment that must be added. Length: 4 , address: 0x133C
--- Found segment that will be moved from address: 0x1050 to address: 0x1340 of length 52
--- Found segment that must be added. Length: 16 , address: 0x1374
--- Found segment that will be moved from address: 0x1088 to address: 0x1384 of length 76
--- Found segment that must be added. Length: 4 , address: 0x13D0
--- Found segment that will be moved from address: 0x1088 to address: 0x13D4 of length 8
--- Found segment that must be added. Length: 4 , address: 0x13DC
--- Found segment that will be moved from address: 0x10D4 to address: 0x13E0 of length 16
--- Found segment that must be added. Length: 4 , address: 0x13F0
--- Found segment that will be moved from address: 0x10E8 to address: 0x13F4 of length 20
--- Found segment that must be added. Length: 4 , address: 0x1408
--- Found a word to insert to address: 0x140C
--- Found segment that must be added. Length: 4 , address: 0x1410
--- Found segment that will be moved from address: 0x1108 to address: 0x1414 of length 96
--- Found segment that must be added. Length: 4 , address: 0x1474
--- Found segment that will be moved from address: 0x116C to address: 0x1478 of length 80
--- Found segment that must be added. Length: 4 , address: 0x14C8
--- Found segment that will be moved from address: 0x11C0 to address: 0x14CC of length 92
--- Found segment that must be added. Length: 4 , address: 0x1528
--- Found segment that will be moved from address: 0x1220 to address: 0x152C of length 8
--- Found segment that must be added. Length: 8 , address: 0x1534
--- Found segment that will be moved from address: 0x1390 to address: 0x153C of length 48
--- Found segment that must be added. Length: 4 , address: 0x156C
--- Found segment that will be moved from address: 0x13C4 to address: 0x1570 of length 44
--- Found a word to insert to address: 0x159C
--- Found a word to insert to address: 0x15A0
--- Found segment that must be added. Length: 16 , address: 0x15A4
--- Found a word to insert to address: 0x15B4
--- Found segment that must be added. Length: 20 , address: 0x15B8
--- Found a word to insert to address: 0x15CC
--- Found segment that must be added. Length: 20 , address: 0x15D0
--- Found a word to insert to address: 0x15E4
--- Found segment that must be added. Length: 28 , address: 0x15E8
--- Found a word to insert to address: 0x1604
--- Found segment that must be added. Length: 8 , address: 0x1608
--- Found a word to insert to address: 0x1610
--- Found segment that must be added. Length: 20 , address: 0x1614
--- Found a word to insert to address: 0x1628
--- Found segment that must be added. Length: 8 , address: 0x162C
--- Found a word to insert to address: 0x1634
--- Found segment that must be added. Length: 40 , address: 0x1638
--- Found a word to insert to address: 0x1660
--- Found segment that must be added. Length: 36 , address: 0x1664
--- Found segment that will be moved from address: 0x1468 to address: 0x1688 of length 8
--- Found segment that must be added. Length: 12 , address: 0x1690
--- Found a word to insert to address: 0x169C
--- Found a word to insert to address: 0x16A0
--- Found segment that must be added. Length: 8 , address: 0x16A4
--- Found segment that will be moved from address: 0x1010 to address: 0x16AC of length 8
--- Found segment that must be added. Length: 28 , address: 0x16B4
--- Found a word to insert to address: 0x16D0
--- Found segment that must be added. Length: 12 , address: 0x16D4
--- Found a word to insert to address: 0x16E0
--- Found segment that must be added. Length: 68 , address: 0x16E4
--- Found a word to insert to address: 0x1728
--- Found segment that must be added. Length: 4 , address: 0x172C
--- Found segment that will be moved from address: 0x1550 to address: 0x1730 of length 8
--- Found segment that must be added. Length: 32 , address: 0x1738
--- Found a word to insert to address: 0x1758
--- Found segment that must be added. Length: 44 , address: 0x175C
--- Found a word to insert to address: 0x1788
--- Found segment that must be added. Length: 8 , address: 0x178C
--- Found a word to insert to address: 0x1794
--- Found a word to insert to address: 0x1798
--- Found segment that must be added. Length: 8 , address: 0x179C
--- Found a word to insert to address: 0x17A4
--- Found segment that must be added. Length: 40 , address: 0x17A8
--- Found a word to insert to address: 0x17D0
--- Found segment that must be added. Length: 40 , address: 0x17D4
--- Found a word to insert to address: 0x17FC
--- Found segment that must be added. Length: 4 , address: 0x1800
--- Found segment that will be moved from address: 0x1230 to address: 0x1804 of length 112
--- Found segment that must be added. Length: 12 , address: 0x1874
--- Found segment that will be moved from address: 0x12AC to address: 0x1880 of length 32
--- Found segment that must be added. Length: 4 , address: 0x18A0
--- Found segment that will be moved from address: 0x12D0 to address: 0x18A4 of length 36
--- Found segment that must be added. Length: 4 , address: 0x18C8
--- Found segment that will be moved from address: 0x12F8 to address: 0x18CC of length 60
--- Found segment that must be added. Length: 12 , address: 0x1908
--- Found segment that will be moved from address: 0x1340 to address: 0x1914 of length 28
--- Found segment that must be added. Length: 4 , address: 0x1930
--- Found a word to insert to address: 0x1934
--- Found segment that must be added. Length: 4 , address: 0x1938
--- Found segment that will be moved from address: 0x1368 to address: 0x193C of length 12
--- Found segment that must be added. Length: 4 , address: 0x1948
--- Found a word to insert to address: 0x194C
--- Found segment that must be added. Length: 4 , address: 0x1950
--- Found a word to insert to address: 0x1954
--- Found segment that must be added. Length: 4 , address: 0x1958
--- Found a word to insert to address: 0x195C
--- Found segment that must be added. Length: 4 , address: 0x1960
--- Found segment that will be moved from address: 0x1390 to address: 0x1964 of length 48
--- Found segment that must be added. Length: 4 , address: 0x1994
--- Found segment that will be moved from address: 0x13C4 to address: 0x1998 of length 44
--- Found a word to insert to address: 0x19C4
--- Found segment that will be moved from address: 0x13F4 to address: 0x19C8 of length 88
--- Found segment that must be added. Length: 4 , address: 0x1A20
--- Found segment that will be moved from address: 0x1450 to address: 0x1A24 of length 84
--- Found segment that must be added. Length: 4 , address: 0x1A78
--- Found segment that will be moved from address: 0x14A8 to address: 0x1A7C of length 192
--- Found segment that must be added. Length: 4 , address: 0x1B3C
--- Found segment that will be moved from address: 0x156C to address: 0x1B40 of length 12
--- Found segment that must be added. Length: 4 , address: 0x1B4C
--- Found segment that will be moved from address: 0x157C to address: 0x1B50 of length 52
--- Found segment that must be added. Length: 4 , address: 0x1B84
--- Found segment that will be moved from address: 0x15B4 to address: 0x1B88 of length 20
--- Found segment that must be added. Length: 8 , address: 0x1B9C
--- Found segment that will be moved from address: 0x15D0 to address: 0x1BA4 of length 40
--- Found segment that must be added. Length: 24 , address: 0x1BCC
--- Found segment that will be moved from address: 0x1610 to address: 0x1BE4 of length 28
--- Found segment that must be added. Length: 4 , address: 0x1C00
--- Found segment that will be moved from address: 0x1630 to address: 0x1C04 of length 44
--- Found segment that must be added. Length: 4 , address: 0x1C30
--- Found segment that will be moved from address: 0x1660 to address: 0x1C34 of length 88
--- Found segment that must be added. Length: 4 , address: 0x1C8C
--- Found segment that will be moved from address: 0x16BC to address: 0x1C90 of length 52
--- Found segment that must be added. Length: 4 , address: 0x1CC4
--- Found segment that will be moved from address: 0x16F4 to address: 0x1CC8 of length 40
--- Found segment that must be added. Length: 4 , address: 0x1CF0
--- Found segment that will be moved from address: 0x1720 to address: 0x1CF4 of length 56
--- Found segment that must be added. Length: 4 , address: 0x1D2C
--- Found segment that will be moved from address: 0x175C to address: 0x1D30 of length 20
--- Found segment that must be added. Length: 28 , address: 0x1D44
--- Found a word to insert to address: 0x1D60
--- Found segment that must be added. Length: 36 , address: 0x1D64
--- Found a word to insert to address: 0x1D88
--- Found segment that must be added. Length: 4 , address: 0x1D8C
--- Found a word to insert to address: 0x1D90
--- Found segment that must be added. Length: 4 , address: 0x1D94
--- Found segment that will be moved from address: 0x17C4 to address: 0x1D98 of length 16
--- Found segment that must be added. Length: 4 , address: 0x1DA8
--- Found segment that will be moved from address: 0x17D8 to address: 0x1DAC of length 56
--- Found segment that must be added. Length: 4 , address: 0x1DE4
--- Found segment that will be moved from address: 0x1814 to address: 0x1DE8 of length 36
--- Found segment that must be added. Length: 4 , address: 0x1E0C
--- Found segment that will be moved from address: 0x183C to address: 0x1E10 of length 608
--- Found segment that must be added. Length: 8 , address: 0x2070
--- Found a word to insert to address: 0x2078
--- Found segment that must be added. Length: 4 , address: 0x207C
--- Found a word to insert to address: 0x2080
--- Found segment that must be added. Length: 24 , address: 0x2084
--- Found segment that will be moved from address: 0x1AC8 to address: 0x209C of length 24
--- Found segment that must be added. Length: 4 , address: 0x20B4
--- Found segment that will be moved from address: 0x1AE4 to address: 0x20B8 of length 8
--- Found segment that must be added. Length: 8 , address: 0x20C0
--- Found segment that will be moved from address: 0x1AF4 to address: 0x20C8 of length 828
--- Found segment that must be added. Length: 12 , address: 0x2404
--- Found segment that will be moved from address: 0x1E3C to address: 0x2410 of length 32
--- Found segment that must be added. Length: 8 , address: 0x2430
--- Found segment that will be moved from address: 0x1E64 to address: 0x2438 of length 60
--- Found segment that must be added. Length: 16 , address: 0x2474
--- Found segment that will be moved from address: 0x1EB0 to address: 0x2484 of length 12
--- Found segment that must be added. Length: 4 , address: 0x2490
--- Found segment that will be moved from address: 0x1EC0 to address: 0x2494 of length 56
--- Found segment that must be added. Length: 4 , address: 0x24CC
--- Found segment that will be moved from address: 0x1EFC to address: 0x24D0 of length 12
--- Found segment that must be added. Length: 4 , address: 0x24DC
--- Found segment that will be moved from address: 0x1F0C to address: 0x24E0 of length 12
--- Found segment that must be added. Length: 4 , address: 0x24EC
--- Found segment that will be moved from address: 0x1F1C to address: 0x24F0 of length 12
--- Found segment that must be added. Length: 4 , address: 0x24FC
--- Found segment that will be moved from address: 0x1F2C to address: 0x2500 of length 104
--- Found segment that must be added. Length: 8 , address: 0x2568
--- Found segment that will be moved from address: 0x1F9C to address: 0x2570 of length 136
--- Found segment that must be added. Length: 4 , address: 0x25F8
--- Found segment that will be moved from address: 0x2028 to address: 0x25FC of length 280
--- Found segment that must be added. Length: 12 , address: 0x2714
--- Found segment that will be moved from address: 0x214C to address: 0x2720 of length 20
--- Found segment that must be added. Length: 4 , address: 0x2734
--- Found segment that will be moved from address: 0x2164 to address: 0x2738 of length 32
--- Found segment that must be added. Length: 16 , address: 0x2758
--- Found segment that will be moved from address: 0x2194 to address: 0x2768 of length 168
--- Found segment that must be added. Length: 4 , address: 0x2810
--- Found segment that will be moved from address: 0x2240 to address: 0x2814 of length 52
--- Found segment that must be added. Length: 4 , address: 0x2848
--- Found a word to insert to address: 0x284C
--- Found segment that must be added. Length: 4 , address: 0x2850
--- Found segment that will be moved from address: 0x2280 to address: 0x2854 of length 108
--- Found segment that must be added. Length: 4 , address: 0x28C0
--- Found a word to insert to address: 0x28C4
--- Found segment that must be added. Length: 8 , address: 0x28C8
--- Found segment that will be moved from address: 0x22FC to address: 0x28D0 of length 228
--- Found segment that must be added. Length: 12 , address: 0x29B4
--- Found segment that will be moved from address: 0x23EC to address: 0x29C0 of length 216
--- Found segment that must be added. Length: 12 , address: 0x2A98
--- Found segment that will be moved from address: 0x24D0 to address: 0x2AA4 of length 104
--- Found segment that must be added. Length: 12 , address: 0x2B0C
--- Found segment that will be moved from address: 0x2544 to address: 0x2B18 of length 8
--- Found segment that must be added. Length: 4 , address: 0x2B20
--- Found segment that will be moved from address: 0x2550 to address: 0x2B24 of length 52
--- Found segment that must be added. Length: 4 , address: 0x2B58
--- Found segment that will be moved from address: 0x2588 to address: 0x2B5C of length 20
--- Found segment that must be added. Length: 4 , address: 0x2B70
--- Found segment that will be moved from address: 0x25A0 to address: 0x2B74 of length 12
--- Found segment that must be added. Length: 4 , address: 0x2B80
--- Found segment that will be moved from address: 0x25B0 to address: 0x2B84 of length 40
--- Found segment that must be added. Length: 4 , address: 0x2BAC
--- Found segment that will be moved from address: 0x25DC to address: 0x2BB0 of length 312
--- Found segment that must be added. Length: 4 , address: 0x2CE8
--- Found segment that will be moved from address: 0x2718 to address: 0x2CEC of length 188
--- Found segment that must be added. Length: 12 , address: 0x2DA8
--- Found segment that will be moved from address: 0x27E0 to address: 0x2DB4 of length 228
--- Found segment that must be added. Length: 12 , address: 0x2E98
--- Found segment that will be moved from address: 0x28D0 to address: 0x2EA4 of length 36
--- Found segment that must be added. Length: 8 , address: 0x2EC8
--- Found segment that will be moved from address: 0x28FC to address: 0x2ED0 of length 136
--- Found segment that must be added. Length: 4 , address: 0x2F58
--- Found segment that will be moved from address: 0x2988 to address: 0x2F5C of length 28
--- Found segment that must be added. Length: 4 , address: 0x2F78
--- Found segment that will be moved from address: 0x29A8 to address: 0x2F7C of length 12
--- Found segment that must be added. Length: 4 , address: 0x2F88
--- Found segment that will be moved from address: 0x29B8 to address: 0x2F8C of length 12
--- Found segment that must be added. Length: 4 , address: 0x2F98
--- Found segment that will be moved from address: 0x29C8 to address: 0x2F9C of length 676
--- Found segment that must be added. Length: 24 , address: 0x3240
--- Found a word to insert to address: 0x3258
--- Found segment that must be added. Length: 4 , address: 0x325C
--- Found segment that will be moved from address: 0x2C8C to address: 0x3260 of length 292
--- Found segment that must be added. Length: 20 , address: 0x3384
--- Found segment that will be moved from address: 0x2DC4 to address: 0x3398 of length 784
--- Found segment that must be added. Length: 8 , address: 0x36A8
--- Found segment that will be moved from address: 0x30DC to address: 0x36B0 of length 40
--- Found segment that must be added. Length: 236 , address: 0x36D8
--- Found a word to insert to address: 0x37C4
--- Found a word to insert to address: 0x37C8
--- Found segment that must be added. Length: 20 , address: 0x37CC
--- Found a word to insert to address: 0x37E0
--- Found segment that must be added. Length: 28 , address: 0x37E4
--- Found a word to insert to address: 0x3800
--- Found segment that must be added. Length: 8 , address: 0x3804
--- Found a word to insert to address: 0x380C
--- Found segment that must be added. Length: 28 , address: 0x3810
--- Found a word to insert to address: 0x382C
--- Found segment that must be added. Length: 20 , address: 0x3830
--- Found segment that will be moved from address: 0x31F0 to address: 0x3844 of length 268
--- Found segment that must be added. Length: 52 , address: 0x3950
--- Found segment that will be moved from address: 0x3330 to address: 0x3984 of length 912
--- Found a word to insert to address: 0x3D14
--- Found segment that must be added. Length: 16 , address: 0x3D18
--- Found a word to insert to address: 0x3D28
--- Found a word to insert to address: 0x3D2C
--- Found segment that must be added. Length: 16 , address: 0x3D30
--- Found a word to insert to address: 0x3D40
--- Found a word to insert to address: 0x3D44
--- Found segment that must be added. Length: 16 , address: 0x3D48
--- Found a word to insert to address: 0x3D58
--- Found segment that will be moved from address: 0x36C0 to address: 0x3D5C of length 860
--- Found segment that must be added. Length: 48 , address: 0x40B8
--- Found segment that will be moved from address: 0x3A4C to address: 0x40E8 of length 600
--- Found segment that must be added. Length: 4 , address: 0x4340
--- Found a word to insert to address: 0x4344
--- Found segment that must be added. Length: 4 , address: 0x4348
--- Found segment that will be moved from address: 0x3CB0 to address: 0x434C of length 24
--- Found segment that must be added. Length: 12 , address: 0x4364
--- Found segment that will be moved from address: 0x3CD4 to address: 0x4370 of length 84

--- OPTIMIZING...

---- Optimized 2 ADD/INSERT operations by merging...
---- Optimized 2 ADD/INSERT operations by merging...
---- Optimized 2 ADD/INSERT operations by merging...
---- Optimized 2 ADD/INSERT operations by merging...
---- Optimized 2 ADD/INSERT operations by merging...
---- Optimized 2 ADD/INSERT operations by merging...
---- Optimized 2 ADD/INSERT operations by merging...
---- Optimized 2 ADD/INSERT operations by merging...
---- Optimized 2 ADD/INSERT operations by merging...
---- Optimized 2 ADD/INSERT operations by merging...
---- Optimized 2 ADD/INSERT operations by merging...
---- Optimized 2 ADD/INSERT operations by merging...
---- Optimized 2 ADD/INSERT operations by merging...
---- Optimized 2 ADD/INSERT operations by merging...
---- Optimized 2 ADD/INSERT operations by merging...
---- Optimized 2 ADD/INSERT operations by merging...
---- Optimized 2 ADD/INSERT operations by merging...
---- Optimized 2 ADD/INSERT operations by merging...
---- Optimized 2 ADD/INSERT operations by merging...
---- Optimized 2 ADD/INSERT operations by merging...
---- Optimized 2 ADD/INSERT operations by merging...
---- Optimized 2 ADD/INSERT operations by merging...
---- Optimized 2 ADD/INSERT operations by merging...
---- Optimized 2 ADD/INSERT operations by merging...
---- Optimized COPY and ADD operations to preceding ADD...
---- Optimized COPY and ADD operations to preceding ADD...
---- Optimized COPY and ADD operations to preceding ADD...
---- Optimized 2 ADD/INSERT operations by merging...
---- Optimized 2 ADD/INSERT operations by merging...
---- Optimized 2 ADD/INSERT operations by merging...
---- Optimized 2 ADD/INSERT operations by merging...
---- Optimized COPY and ADD operations to preceding ADD...
---- Optimized COPY and ADD operations to preceding ADD...
---- Optimized 2 ADD/INSERT operations by merging...
---- Optimized 2 ADD/INSERT operations by merging...
---- Optimized 2 ADD/INSERT operations by merging...
---- Optimized 2 ADD/INSERT operations by merging...
---- Optimized 2 ADD/INSERT operations by merging...
---- Optimized COPY and ADD operations to preceding ADD...
---- Optimized COPY and ADD operations to preceding ADD...
---- Optimized COPY and ADD operations to preceding ADD...
---- Optimized 2 ADD/INSERT operations by merging...
---- Optimized 2 ADD/INSERT operations by merging...
---- Optimized 2 ADD/INSERT operations by merging...
---- Optimized 2 ADD/INSERT operations by merging...
---- Optimized COPY and ADD operations to preceding ADD...
---- Optimized COPY and ADD operations to preceding ADD...
---- Optimized COPY and ADD operations to preceding ADD...
---- Optimized COPY and ADD operations to preceding ADD...
---- Optimized 2 ADD/INSERT operations by merging...
---- Optimized 2 ADD/INSERT operations by merging...
---- Optimized 2 ADD/INSERT operations by merging...
---- Optimized 2 ADD/INSERT operations by merging...
---- Optimized 2 ADD/INSERT operations by merging...
---- Optimized 2 ADD/INSERT operations by merging...
---- Optimized 2 ADD/INSERT operations by merging...
---- Optimized 2 ADD/INSERT operations by merging...
---- Optimized 2 ADD/INSERT operations by merging...
---- Optimized 2 ADD/INSERT operations by merging...
---- Optimized 2 ADD/INSERT operations by merging...
---- Optimized 2 ADD/INSERT operations by merging...
---- Optimized 2 ADD/INSERT operations by merging...
---- Optimized 2 ADD/INSERT operations by merging...
---- Optimized 2 ADD/INSERT operations by merging...
---- Optimized 2 ADD/INSERT operations by merging...
---- Optimized 2 ADD/INSERT operations by merging...
---- Optimized 2 ADD/INSERT operations by merging...
---- Optimized 2 ADD/INSERT operations by merging...
---- Optimized 2 ADD/INSERT operations by merging...
---- Optimized 2 ADD/INSERT operations by merging...
---- Optimized 2 ADD/INSERT operations by merging...
---- Optimized 2 ADD/INSERT operations by merging...
---- Optimized 2 ADD/INSERT operations by merging...
---- Optimized 2 ADD/INSERT operations by merging...
---- Optimized 2 ADD/INSERT operations by merging...
---- Optimized 2 ADD/INSERT operations by merging...
---- Optimized 2 ADD/INSERT operations by merging...
---- Optimized 2 ADD/INSERT operations by merging...
---- Optimized 2 ADD/INSERT operations by merging...
---- Optimized 2 ADD/INSERT operations by merging...
---- Optimized 2 ADD/INSERT operations by merging...
---- Optimized 2 ADD/INSERT operations by merging...
---- Optimized 2 ADD/INSERT operations by merging...
---- Optimized 2 ADD/INSERT operations by merging...
---- Optimized 2 ADD/INSERT operations by merging...
---- Optimized 2 ADD/INSERT operations by merging...
---- Optimized 2 ADD/INSERT operations by merging...
---- Optimized COPY and ADD operations to preceding ADD...
---- Optimized COPY and ADD operations to preceding ADD...
---- Optimized 2 ADD/INSERT operations by merging...
---- Optimized 2 ADD/INSERT operations by merging...
---- Optimized 2 ADD/INSERT operations by merging...
---- Optimized 2 ADD/INSERT operations by merging...
---- Optimized 2 ADD/INSERT operations by merging...
---- Optimized 2 ADD/INSERT operations by merging...
---- Optimized 2 ADD/INSERT operations by merging...
---- Optimized 2 ADD/INSERT operations by merging...
---- Optimized COPY and ADD operations to preceding ADD...
---- Optimized COPY and ADD operations to preceding ADD...
---- Optimized COPY and ADD operations to preceding ADD...
---- Optimized 2 ADD/INSERT operations by merging...
---- Optimized 2 ADD/INSERT operations by merging...
---- Optimized 2 ADD/INSERT operations by merging...
---- Optimized 2 ADD/INSERT operations by merging...
---- Optimized 2 ADD/INSERT operations by merging...
---- Optimized COPY and ADD operations to preceding ADD...
---- Optimized 2 ADD/INSERT operations by merging...
---- Optimized 2 ADD/INSERT operations by merging...
---- Optimized COPY and ADD operations to preceding ADD...
---- Optimized 2 ADD/INSERT operations by merging...
---- Optimized 2 ADD/INSERT operations by merging...
---- Optimized 2 ADD/INSERT operations by merging...
---- Optimized 2 ADD/INSERT operations by merging...
---- Optimized 2 ADD/INSERT operations by merging...
---- Optimized 2 ADD/INSERT operations by merging...
---- Optimized 2 ADD/INSERT operations by merging...
---- Optimized 2 ADD/INSERT operations by merging...
---- Optimized 2 ADD/INSERT operations by merging...
---- Optimized 2 ADD/INSERT operations by merging...
---- Optimized 2 ADD/INSERT operations by merging...
---- Optimized 2 ADD/INSERT operations by merging...
---- Optimized 2 ADD/INSERT operations by merging...
---- Optimized 2 ADD/INSERT operations by merging...
---- Optimized 2 ADD/INSERT operations by merging...
---- Optimized 2 ADD/INSERT operations by merging...
---- Optimized 2 ADD/INSERT operations by merging...
---- Optimized 2 ADD/INSERT operations by merging...
---- Optimized COPY and ADD operations to preceding ADD...
---- Optimized 2 ADD/INSERT operations by merging...
---- Optimized 2 ADD/INSERT operations by merging...
---- Optimized 2 ADD/INSERT operations by merging...
---- Optimized COPY and ADD operations to preceding ADD...
---- Optimized 2 ADD/INSERT operations by merging...
---- Optimized 2 ADD/INSERT operations by merging...
---- Optimized 2 ADD/INSERT operations by merging...
---- Optimized 2 ADD/INSERT operations by merging...
---- Optimized 2 ADD/INSERT operations by merging...
---- Optimized 2 ADD/INSERT operations by merging...
---- Optimized COPY and ADD operations to preceding ADD...
---- Optimized 2 ADD/INSERT operations by merging...
---- Optimized 2 ADD/INSERT operations by merging...
---- Optimized 2 ADD/INSERT operations by merging...
---- Optimized 2 ADD/INSERT operations by merging...
---- Optimized 2 ADD/INSERT operations by merging...
---- Optimized 2 ADD/INSERT operations by merging...
---- Optimized 2 ADD/INSERT operations by merging...
---- Optimized 2 ADD/INSERT operations by merging...
---- Optimized 2 ADD/INSERT operations by merging...
---- Optimized 2 ADD/INSERT operations by merging...
---- Optimized 2 ADD/INSERT operations by merging...
---- Optimized 2 ADD/INSERT operations by merging...
---- Optimized 2 ADD/INSERT operations by merging...
---- Optimized 2 ADD/INSERT operations by merging...
---- Optimized 2 ADD/INSERT operations by merging...
---- Optimized COPY and ADD operations to preceding ADD...
---- Optimized 2 ADD/INSERT operations by merging...
---- Optimized 2 ADD/INSERT operations by merging...
---- Optimized 2 ADD/INSERT operations by merging...
---- Optimized 2 ADD/INSERT operations by merging...
---- Optimized 2 ADD/INSERT operations by merging...
---- Optimized 2 ADD/INSERT operations by merging...
---- Optimized COPY and ADD operations to preceding ADD...
---- Optimized 2 ADD/INSERT operations by merging...
---- Optimized 2 ADD/INSERT operations by merging...
---- Optimized 2 ADD/INSERT operations by merging...
---- Optimized 2 ADD/INSERT operations by merging...
---- Optimized 2 ADD/INSERT operations by merging...
---- Optimized 2 ADD/INSERT operations by merging...
---- Optimized 2 ADD/INSERT operations by merging...
---- Optimized 2 ADD/INSERT operations by merging...
---- Optimized 2 ADD/INSERT operations by merging...
---- Optimized 2 ADD/INSERT operations by merging...
---- Optimized COPY and ADD operations to preceding ADD...
---- Optimized COPY and ADD operations to preceding ADD...
---- Optimized COPY and ADD operations to preceding ADD...
---- Optimized COPY and ADD operations to preceding ADD...
---- Optimized COPY and ADD operations to preceding ADD...
---- Optimized 2 ADD/INSERT operations by merging...
---- Optimized 2 ADD/INSERT operations by merging...
---- Optimized 2 ADD/INSERT operations by merging...
---- Optimized 2 ADD/INSERT operations by merging...
---- Optimized COPY and ADD operations to preceding ADD...
---- Optimized COPY and ADD operations to preceding ADD...
---- Optimized COPY and ADD operations to preceding ADD...
---- Optimized COPY and ADD operations to preceding ADD...
---- Optimized 2 ADD/INSERT operations by merging...
---- Optimized 2 ADD/INSERT operations by merging...
---- Optimized 2 ADD/INSERT operations by merging...
---- Optimized 2 ADD/INSERT operations by merging...
---- Optimized 2 ADD/INSERT operations by merging...
---- Optimized 2 ADD/INSERT operations by merging...
---- Optimized 2 ADD/INSERT operations by merging...
---- Optimized 2 ADD/INSERT operations by merging...
---- Optimized 2 ADD/INSERT operations by merging...
---- Optimized 2 ADD/INSERT operations by merging...
---- Optimized 2 ADD/INSERT operations by merging...
---- Optimized 2 ADD/INSERT operations by merging...
---- Optimized 2 ADD/INSERT operations by merging...
---- Optimized 2 ADD/INSERT operations by merging...
---- Optimized 2 ADD/INSERT operations by merging...
---- Optimized 2 ADD/INSERT operations by merging...
---- Optimized 2 ADD/INSERT operations by merging...
---- Optimized 2 ADD/INSERT operations by merging...
---- Optimized 2 ADD/INSERT operations by merging...
---- Optimized 2 ADD/INSERT operations by merging...
---- Optimized 2 ADD/INSERT operations by merging...
---- Optimized 2 ADD/INSERT operations by merging...
---- Optimized 2 ADD/INSERT operations by merging...
-- Done...
------------------------------------------

-- Generating file 'samd20-xpro\deltagen_rev_00_rev_02\deltagen_rev_00_rev_02'...
--- Data succesfully generated
--- Generating checksum CRC-16
--- Generated CRC-16
--- Finalizing delta file
--- Writing file 'samd20-xpro\deltagen_rev_00_rev_02\deltagen_rev_00_rev_02'

-- OPERATION SUCCESFULL ...
Elapsed time: 00:00:00.3235859
------------------------------------------

