
There are 5 non-matching segments with total length of 61588
-- Found 5 segments that have changed...
-- Searching for matching segments...
-- Done searching...
------------------------------------------

-- Generating operations...
--- Found segment that must be added. Length: 12 , address: 0x4

--- OPTIMIZING...

--- Found word that must be inserted. Length: 4 , address: 0x2C

--- OPTIMIZING...

--- Found segment that must be added. Length: 120 , address: 0x38

--- OPTIMIZING...

--- Found segment that must be added. Length: 60 , address: 0xC0
--- Found a word to insert to address: 0xFC
--- Found segment that must be added. Length: 40 , address: 0x100
--- Found a word to insert to address: 0x128
--- Found segment that must be added. Length: 36 , address: 0x12C
--- Found a word to insert to address: 0x150
--- Found segment that must be added. Length: 20 , address: 0x154
--- Found a word to insert to address: 0x168
--- Found segment that must be added. Length: 4 , address: 0x16C
--- Found a word to insert to address: 0x170
--- Found segment that must be added. Length: 4 , address: 0x174
--- Found a word to insert to address: 0x178
--- Found segment that must be added. Length: 36 , address: 0x17C
--- Found a word to insert to address: 0x1A0
--- Found segment that must be added. Length: 44 , address: 0x1A4
--- Found a word to insert to address: 0x1D0
--- Found segment that must be added. Length: 20 , address: 0x1D4
--- Found a word to insert to address: 0x1E8
--- Found segment that must be added. Length: 8 , address: 0x1EC
--- Found a word to insert to address: 0x1F4
--- Found segment that must be added. Length: 32 , address: 0x1F8
--- Found a word to insert to address: 0x218
--- Found segment that must be added. Length: 28 , address: 0x21C
--- Found a word to insert to address: 0x238
--- Found segment that must be added. Length: 4 , address: 0x23C
--- Found a word to insert to address: 0x240
--- Found segment that must be added. Length: 4 , address: 0x244
--- Found a word to insert to address: 0x248
--- Found segment that must be added. Length: 4 , address: 0x24C
--- Found a word to insert to address: 0x250
--- Found segment that must be added. Length: 4 , address: 0x254
--- Found a word to insert to address: 0x258
--- Found segment that must be added. Length: 4 , address: 0x25C
--- Found a word to insert to address: 0x260
--- Found segment that must be added. Length: 4 , address: 0x264
--- Found a word to insert to address: 0x268
--- Found segment that must be added. Length: 16 , address: 0x26C
--- Found a word to insert to address: 0x27C
--- Found segment that must be added. Length: 8 , address: 0x280
--- Found a word to insert to address: 0x288
--- Found segment that must be added. Length: 16 , address: 0x28C
--- Found a word to insert to address: 0x29C
--- Found segment that must be added. Length: 8 , address: 0x2A0
--- Found a word to insert to address: 0x2A8
--- Found segment that must be added. Length: 4 , address: 0x2AC
--- Found a word to insert to address: 0x2B0
--- Found segment that must be added. Length: 4 , address: 0x2B4
--- Found a word to insert to address: 0x2B8
--- Found segment that must be added. Length: 4 , address: 0x2BC
--- Found a word to insert to address: 0x2C0
--- Found segment that must be added. Length: 4 , address: 0x2C4
--- Found segment that will be moved from address: 0x214 to address: 0x2C8 of length 12
--- Found segment that must be added. Length: 4 , address: 0x2D4
--- Found segment that will be moved from address: 0x224 to address: 0x2D8 of length 8
--- Found segment that must be added. Length: 4 , address: 0x2E0
--- Found a word to insert to address: 0x2E4
--- Found segment that must be added. Length: 4 , address: 0x2E8
--- Found segment that will be moved from address: 0x238 to address: 0x2EC of length 8
--- Found segment that must be added. Length: 4 , address: 0x2F4
--- Found a word to insert to address: 0x2F8
--- Found segment that must be added. Length: 8 , address: 0x2FC
--- Found a word to insert to address: 0x304
--- Found segment that must be added. Length: 4 , address: 0x308
--- Found a word to insert to address: 0x30C
--- Found segment that must be added. Length: 28 , address: 0x310
--- Found a word to insert to address: 0x32C
--- Found segment that must be added. Length: 24 , address: 0x330
--- Found a word to insert to address: 0x348
--- Found segment that must be added. Length: 8 , address: 0x34C
--- Found a word to insert to address: 0x354
--- Found segment that must be added. Length: 20 , address: 0x358
--- Found a word to insert to address: 0x36C
--- Found segment that must be added. Length: 8 , address: 0x370
--- Found a word to insert to address: 0x378
--- Found segment that must be added. Length: 20 , address: 0x37C
--- Found a word to insert to address: 0x390
--- Found segment that must be added. Length: 24 , address: 0x394
--- Found a word to insert to address: 0x3AC
--- Found segment that must be added. Length: 24 , address: 0x3B0
--- Found a word to insert to address: 0x3C8
--- Found segment that must be added. Length: 4 , address: 0x3CC
--- Found segment that will be moved from address: 0x250 to address: 0x3D0 of length 8
--- Found segment that must be added. Length: 4 , address: 0x3D8
--- Found segment that will be moved from address: 0x25C to address: 0x3DC of length 8
--- Found segment that must be added. Length: 4 , address: 0x3E4
--- Found a word to insert to address: 0x3E8
--- Found segment that must be added. Length: 4 , address: 0x3EC
--- Found a word to insert to address: 0x3F0
--- Found segment that must be added. Length: 4 , address: 0x3F4
--- Found a word to insert to address: 0x3F8
--- Found segment that must be added. Length: 4 , address: 0x3FC
--- Found a word to insert to address: 0x400
--- Found segment that must be added. Length: 48 , address: 0x404
--- Found a word to insert to address: 0x434
--- Found segment that must be added. Length: 8 , address: 0x438
--- Found a word to insert to address: 0x440
--- Found segment that must be added. Length: 8 , address: 0x444
--- Found a word to insert to address: 0x44C
--- Found segment that must be added. Length: 12 , address: 0x450
--- Found a word to insert to address: 0x45C
--- Found segment that must be added. Length: 36 , address: 0x460
--- Found a word to insert to address: 0x484
--- Found segment that must be added. Length: 16 , address: 0x488
--- Found a word to insert to address: 0x498
--- Found segment that must be added. Length: 8 , address: 0x49C
--- Found a word to insert to address: 0x4A4
--- Found segment that must be added. Length: 8 , address: 0x4A8
--- Found segment that will be moved from address: 0x2F8 to address: 0x4B0 of length 8
--- Found segment that must be added. Length: 8 , address: 0x4B8
--- Found a word to insert to address: 0x4C0
--- Found segment that must be added. Length: 8 , address: 0x4C4
--- Found a word to insert to address: 0x4CC
--- Found segment that must be added. Length: 4 , address: 0x4D0
--- Found a word to insert to address: 0x4D4
--- Found segment that must be added. Length: 8 , address: 0x4D8
--- Found a word to insert to address: 0x4E0
--- Found segment that must be added. Length: 4 , address: 0x4E4
--- Found a word to insert to address: 0x4E8
--- Found segment that must be added. Length: 4 , address: 0x4EC
--- Found a word to insert to address: 0x4F0
--- Found segment that must be added. Length: 12 , address: 0x4F4
--- Found a word to insert to address: 0x500
--- Found segment that must be added. Length: 52 , address: 0x504
--- Found segment that will be moved from address: 0x380 to address: 0x538 of length 8
--- Found segment that must be added. Length: 32 , address: 0x540
--- Found a word to insert to address: 0x560
--- Found segment that must be added. Length: 12 , address: 0x564
--- Found segment that will be moved from address: 0x398 to address: 0x570 of length 16
--- Found segment that must be added. Length: 12 , address: 0x580
--- Found a word to insert to address: 0x58C
--- Found segment that must be added. Length: 12 , address: 0x590
--- Found a word to insert to address: 0x59C
--- Found segment that must be added. Length: 32 , address: 0x5A0
--- Found segment that will be moved from address: 0x3E8 to address: 0x5C0 of length 8
--- Found segment that must be added. Length: 4 , address: 0x5C8
--- Found segment that will be moved from address: 0x3F4 to address: 0x5CC of length 12
--- Found segment that must be added. Length: 8 , address: 0x5D8
--- Found segment that will be moved from address: 0x408 to address: 0x5E0 of length 84
--- Found segment that must be added. Length: 4 , address: 0x634
--- Found a word to insert to address: 0x638
--- Found a word to insert to address: 0x63C
--- Found segment that must be added. Length: 4 , address: 0x640
--- Found segment that will be moved from address: 0x46C to address: 0x644 of length 32
--- Found segment that must be added. Length: 20 , address: 0x664
--- Found segment that will be moved from address: 0x4A0 to address: 0x678 of length 228
--- Found segment that must be added. Length: 8 , address: 0x75C
--- Found segment that will be moved from address: 0x58C to address: 0x764 of length 100
--- Found segment that must be added. Length: 8 , address: 0x7C8
--- Found segment that will be moved from address: 0x5F8 to address: 0x7D0 of length 120
--- Found segment that must be added. Length: 4 , address: 0x848
--- Found segment that will be moved from address: 0x674 to address: 0x84C of length 36
--- Found segment that must be added. Length: 12 , address: 0x870
--- Found segment that will be moved from address: 0x6A4 to address: 0x87C of length 36
--- Found segment that must be added. Length: 8 , address: 0x8A0
--- Found segment that will be moved from address: 0x6D0 to address: 0x8A8 of length 60
--- Found segment that must be added. Length: 4 , address: 0x8E4
--- Found segment that will be moved from address: 0x710 to address: 0x8E8 of length 48
--- Found segment that must be added. Length: 4 , address: 0x918
--- Found segment that will be moved from address: 0x744 to address: 0x91C of length 68
--- Found segment that must be added. Length: 12 , address: 0x960
--- Found segment that will be moved from address: 0x794 to address: 0x96C of length 76
--- Found segment that must be added. Length: 8 , address: 0x9B8
--- Found segment that will be moved from address: 0x7E8 to address: 0x9C0 of length 56
--- Found segment that must be added. Length: 8 , address: 0x9F8
--- Found segment that will be moved from address: 0x828 to address: 0xA00 of length 88
--- Found segment that must be added. Length: 4 , address: 0xA58
--- Found a word to insert to address: 0xA5C
--- Found segment that must be added. Length: 8 , address: 0xA60
--- Found segment that will be moved from address: 0x890 to address: 0xA68 of length 104
--- Found segment that must be added. Length: 4 , address: 0xAD0
--- Found segment that will be moved from address: 0x8FC to address: 0xAD4 of length 12
--- Found segment that must be added. Length: 12 , address: 0xAE0
--- Found a word to insert to address: 0xAEC
--- Found segment that must be added. Length: 4 , address: 0xAF0
--- Found a word to insert to address: 0xAF4
--- Found segment that must be added. Length: 28 , address: 0xAF8
--- Found segment that will be moved from address: 0x93C to address: 0xB14 of length 72
--- Found segment that must be added. Length: 4 , address: 0xB5C
--- Found segment that will be moved from address: 0x988 to address: 0xB60 of length 56
--- Found segment that must be added. Length: 8 , address: 0xB98
--- Found segment that will be moved from address: 0x9C8 to address: 0xBA0 of length 32
--- Found segment that must be added. Length: 4 , address: 0xBC0
--- Found segment that will be moved from address: 0x9EC to address: 0xBC4 of length 72
--- Found segment that must be added. Length: 20 , address: 0xC0C
--- Found a word to insert to address: 0xC20
--- Found segment that must be added. Length: 4 , address: 0xC24
--- Found segment that will be moved from address: 0xA50 to address: 0xC28 of length 116
--- Found segment that must be added. Length: 8 , address: 0xC9C
--- Found segment that will be moved from address: 0xACC to address: 0xCA4 of length 48
--- Found segment that must be added. Length: 8 , address: 0xCD4
--- Found segment that will be moved from address: 0xB04 to address: 0xCDC of length 48
--- Found segment that must be added. Length: 20 , address: 0xD0C
--- Found segment that will be moved from address: 0xB48 to address: 0xD20 of length 28
--- Found segment that must be added. Length: 4 , address: 0xD3C
--- Found segment that will be moved from address: 0x6DC to address: 0xD40 of length 8
--- Found a word to insert to address: 0xD48
--- Found a word to insert to address: 0xD4C
--- Found segment that must be added. Length: 12 , address: 0xD50
--- Found a word to insert to address: 0xD5C
--- Found segment that will be moved from address: 0x77B8 to address: 0xD60 of length 16
--- Found segment that must be added. Length: 4 , address: 0xD70
--- Found segment that will be moved from address: 0xB04 to address: 0xD74 of length 8
--- Found a word to insert to address: 0xD7C
--- Found segment that must be added. Length: 32 , address: 0xD80
--- Found a word to insert to address: 0xDA0
--- Found segment that must be added. Length: 16 , address: 0xDA4
--- Found a word to insert to address: 0xDB4
--- Found segment that must be added. Length: 4 , address: 0xDB8
--- Found segment that will be moved from address: 0xB68 to address: 0xDBC of length 12
--- Found segment that must be added. Length: 4 , address: 0xDC8
--- Found segment that will be moved from address: 0xB78 to address: 0xDCC of length 32
--- Found segment that must be added. Length: 4 , address: 0xDEC
--- Found segment that will be moved from address: 0xB9C to address: 0xDF0 of length 124
--- Found segment that must be added. Length: 4 , address: 0xE6C
--- Found segment that will be moved from address: 0xC1C to address: 0xE70 of length 84
--- Found segment that must be added. Length: 4 , address: 0xEC4
--- Found segment that will be moved from address: 0xC74 to address: 0xEC8 of length 16
--- Found segment that must be added. Length: 4 , address: 0xED8
--- Found a word to insert to address: 0xEDC
--- Found segment that must be added. Length: 8 , address: 0xEE0
--- Found segment that will be moved from address: 0xC94 to address: 0xEE8 of length 16
--- Found a word to insert to address: 0xEF8
--- Found a word to insert to address: 0xEFC
--- Found segment that must be added. Length: 8 , address: 0xF00
--- Found segment that will be moved from address: 0xCB4 to address: 0xF08 of length 108
--- Found segment that must be added. Length: 4 , address: 0xF74
--- Found segment that will be moved from address: 0xD24 to address: 0xF78 of length 36
--- Found segment that must be added. Length: 4 , address: 0xF9C
--- Found segment that will be moved from address: 0xD4C to address: 0xFA0 of length 168
--- Found segment that must be added. Length: 4 , address: 0x1048
--- Found segment that will be moved from address: 0xDF8 to address: 0x104C of length 84
--- Found segment that must be added. Length: 4 , address: 0x10A0
--- Found segment that will be moved from address: 0xE50 to address: 0x10A4 of length 72
--- Found segment that must be added. Length: 4 , address: 0x10EC
--- Found segment that will be moved from address: 0xE9C to address: 0x10F0 of length 120
--- Found segment that must be added. Length: 8 , address: 0x1168
--- Found segment that will be moved from address: 0xF1C to address: 0x1170 of length 8
--- Found segment that must be added. Length: 8 , address: 0x1178
--- Found segment that will be moved from address: 0xF2C to address: 0x1180 of length 44
--- Found segment that must be added. Length: 4 , address: 0x11AC
--- Found a word to insert to address: 0x11B0
--- Found a word to insert to address: 0x11B4
--- Found segment that will be moved from address: 0xF64 to address: 0x11B8 of length 28
--- Found segment that must be added. Length: 16 , address: 0x11D4
--- Found segment that will be moved from address: 0xF90 to address: 0x11E4 of length 76
--- Found segment that must be added. Length: 4 , address: 0x1230
--- Found segment that will be moved from address: 0xFE0 to address: 0x1234 of length 88
--- Found segment that must be added. Length: 4 , address: 0x128C
--- Found segment that will be moved from address: 0x103C to address: 0x1290 of length 104
--- Found segment that must be added. Length: 32 , address: 0x12F8
--- Found a word to insert to address: 0x1318
--- Found segment that must be added. Length: 24 , address: 0x131C
--- Found segment that will be moved from address: 0x10E0 to address: 0x1334 of length 20
--- Found segment that must be added. Length: 4 , address: 0x1348
--- Found segment that will be moved from address: 0x10F8 to address: 0x134C of length 336
--- Found segment that must be added. Length: 4 , address: 0x149C
--- Found segment that will be moved from address: 0x124C to address: 0x14A0 of length 48
--- Found segment that must be added. Length: 4 , address: 0x14D0
--- Found segment that will be moved from address: 0x1280 to address: 0x14D4 of length 180
--- Found segment that must be added. Length: 4 , address: 0x1588
--- Found segment that will be moved from address: 0x1338 to address: 0x158C of length 100
--- Found segment that must be added. Length: 4 , address: 0x15F0
--- Found segment that will be moved from address: 0x13A0 to address: 0x15F4 of length 60
--- Found segment that must be added. Length: 4 , address: 0x1630
--- Found segment that will be moved from address: 0x13E0 to address: 0x1634 of length 340
--- Found segment that must be added. Length: 4 , address: 0x1788
--- Found segment that will be moved from address: 0x1538 to address: 0x178C of length 48
--- Found segment that must be added. Length: 8 , address: 0x17BC
--- Found segment that will be moved from address: 0x1570 to address: 0x17C4 of length 92
--- Found segment that must be added. Length: 4 , address: 0x1820
--- Found segment that will be moved from address: 0x15D0 to address: 0x1824 of length 40
--- Found segment that must be added. Length: 4 , address: 0x184C
--- Found segment that will be moved from address: 0x15FC to address: 0x1850 of length 180
--- Found segment that must be added. Length: 4 , address: 0x1904
--- Found segment that will be moved from address: 0x16B4 to address: 0x1908 of length 100
--- Found segment that must be added. Length: 4 , address: 0x196C
--- Found segment that will be moved from address: 0x171C to address: 0x1970 of length 392
--- Found segment that must be added. Length: 8 , address: 0x1AF8
--- Found segment that will be moved from address: 0x18AC to address: 0x1B00 of length 112
--- Found segment that must be added. Length: 4 , address: 0x1B70
--- Found segment that will be moved from address: 0x1920 to address: 0x1B74 of length 124
--- Found segment that must be added. Length: 4 , address: 0x1BF0
--- Found segment that will be moved from address: 0x19A0 to address: 0x1BF4 of length 56
--- Found segment that must be added. Length: 4 , address: 0x1C2C
--- Found segment that will be moved from address: 0x19DC to address: 0x1C30 of length 108
--- Found segment that must be added. Length: 4 , address: 0x1C9C
--- Found segment that will be moved from address: 0x1A4C to address: 0x1CA0 of length 288
--- Found segment that must be added. Length: 8 , address: 0x1DC0
--- Found segment that will be moved from address: 0x1B74 to address: 0x1DC8 of length 52
--- Found segment that must be added. Length: 4 , address: 0x1DFC
--- Found segment that will be moved from address: 0x1BAC to address: 0x1E00 of length 20
--- Found segment that must be added. Length: 4 , address: 0x1E14
--- Found segment that will be moved from address: 0x1BC4 to address: 0x1E18 of length 136
--- Found segment that must be added. Length: 4 , address: 0x1EA0
--- Found segment that will be moved from address: 0x1C50 to address: 0x1EA4 of length 592
--- Found segment that must be added. Length: 4 , address: 0x20F4
--- Found segment that will be moved from address: 0x1EA4 to address: 0x20F8 of length 20
--- Found segment that must be added. Length: 12 , address: 0x210C
--- Found segment that will be moved from address: 0x1EC4 to address: 0x2118 of length 168
--- Found segment that must be added. Length: 4 , address: 0x21C0
--- Found segment that will be moved from address: 0x1F70 to address: 0x21C4 of length 108
--- Found segment that must be added. Length: 16 , address: 0x2230
--- Found segment that will be moved from address: 0x1FEC to address: 0x2240 of length 156
--- Found segment that must be added. Length: 8 , address: 0x22DC
--- Found segment that will be moved from address: 0x2090 to address: 0x22E4 of length 104
--- Found segment that must be added. Length: 4 , address: 0x234C
--- Found segment that will be moved from address: 0x20FC to address: 0x2350 of length 60
--- Found segment that must be added. Length: 4 , address: 0x238C
--- Found segment that will be moved from address: 0x213C to address: 0x2390 of length 20
--- Found segment that must be added. Length: 4 , address: 0x23A4
--- Found segment that will be moved from address: 0x2154 to address: 0x23A8 of length 224
--- Found segment that must be added. Length: 8 , address: 0x2488
--- Found segment that will be moved from address: 0x223C to address: 0x2490 of length 64
--- Found segment that must be added. Length: 4 , address: 0x24D0
--- Found segment that will be moved from address: 0x2280 to address: 0x24D4 of length 220
--- Found segment that must be added. Length: 4 , address: 0x25B0
--- Found segment that will be moved from address: 0x2360 to address: 0x25B4 of length 264
--- Found segment that must be added. Length: 4 , address: 0x26BC
--- Found segment that will be moved from address: 0x246C to address: 0x26C0 of length 356
--- Found segment that must be added. Length: 8 , address: 0x2824
--- Found segment that will be moved from address: 0x25D8 to address: 0x282C of length 64
--- Found segment that must be added. Length: 4 , address: 0x286C
--- Found segment that will be moved from address: 0x261C to address: 0x2870 of length 152
--- Found segment that must be added. Length: 12 , address: 0x2908
--- Found segment that will be moved from address: 0x26C0 to address: 0x2914 of length 80
--- Found segment that must be added. Length: 4 , address: 0x2964
--- Found segment that will be moved from address: 0x2714 to address: 0x2968 of length 172
--- Found segment that must be added. Length: 4 , address: 0x2A14
--- Found segment that will be moved from address: 0x27C4 to address: 0x2A18 of length 112
--- Found segment that must be added. Length: 24 , address: 0x2A88
--- Found segment that will be moved from address: 0x284C to address: 0x2AA0 of length 8
--- Found segment that must be added. Length: 4 , address: 0x2AA8
--- Found segment that will be moved from address: 0x2858 to address: 0x2AAC of length 48
--- Found segment that must be added. Length: 4 , address: 0x2ADC
--- Found segment that will be moved from address: 0x288C to address: 0x2AE0 of length 28
--- Found segment that must be added. Length: 4 , address: 0x2AFC
--- Found segment that will be moved from address: 0x28AC to address: 0x2B00 of length 60
--- Found segment that must be added. Length: 4 , address: 0x2B3C
--- Found segment that will be moved from address: 0x28EC to address: 0x2B40 of length 16
--- Found segment that must be added. Length: 4 , address: 0x2B50
--- Found segment that will be moved from address: 0x2900 to address: 0x2B54 of length 16
--- Found segment that must be added. Length: 8 , address: 0x2B64
--- Found a word to insert to address: 0x2B6C
--- Found segment that must be added. Length: 4 , address: 0x2B70
--- Found a word to insert to address: 0x2B74
--- Found segment that must be added. Length: 4 , address: 0x2B78
--- Found a word to insert to address: 0x2B7C
--- Found segment that must be added. Length: 4 , address: 0x2B80
--- Found a word to insert to address: 0x2B84
--- Found segment that must be added. Length: 4 , address: 0x2B88
--- Found segment that will be moved from address: 0x2938 to address: 0x2B8C of length 92
--- Found segment that must be added. Length: 8 , address: 0x2BE8
--- Found segment that will be moved from address: 0x299C to address: 0x2BF0 of length 40
--- Found segment that must be added. Length: 8 , address: 0x2C18
--- Found segment that will be moved from address: 0x29CC to address: 0x2C20 of length 20
--- Found segment that must be added. Length: 4 , address: 0x2C34
--- Found segment that will be moved from address: 0x29E4 to address: 0x2C38 of length 64
--- Found segment that must be added. Length: 12 , address: 0x2C78
--- Found segment that will be moved from address: 0x2A30 to address: 0x2C84 of length 80
--- Found segment that must be added. Length: 8 , address: 0x2CD4
--- Found segment that will be moved from address: 0x2A88 to address: 0x2CDC of length 164
--- Found segment that must be added. Length: 8 , address: 0x2D80
--- Found segment that will be moved from address: 0x2B34 to address: 0x2D88 of length 16
--- Found segment that must be added. Length: 4 , address: 0x2D98
--- Found segment that will be moved from address: 0x2B48 to address: 0x2D9C of length 224
--- Found segment that must be added. Length: 8 , address: 0x2E7C
--- Found segment that will be moved from address: 0x2C30 to address: 0x2E84 of length 20
--- Found segment that must be added. Length: 4 , address: 0x2E98
--- Found segment that will be moved from address: 0x2C48 to address: 0x2E9C of length 40
--- Found segment that must be added. Length: 4 , address: 0x2EC4
--- Found segment that will be moved from address: 0x2C74 to address: 0x2EC8 of length 88
--- Found segment that must be added. Length: 4 , address: 0x2F20
--- Found segment that will be moved from address: 0x2CD0 to address: 0x2F24 of length 52
--- Found segment that must be added. Length: 4 , address: 0x2F58
--- Found segment that will be moved from address: 0x2D08 to address: 0x2F5C of length 44
--- Found segment that must be added. Length: 4 , address: 0x2F88
--- Found segment that will be moved from address: 0x2D38 to address: 0x2F8C of length 28
--- Found segment that must be added. Length: 4 , address: 0x2FA8
--- Found segment that will be moved from address: 0x2D58 to address: 0x2FAC of length 44
--- Found segment that must be added. Length: 8 , address: 0x2FD8
--- Found segment that will be moved from address: 0x2D8C to address: 0x2FE0 of length 88
--- Found segment that must be added. Length: 4 , address: 0x3038
--- Found segment that will be moved from address: 0x2DE8 to address: 0x303C of length 24
--- Found segment that must be added. Length: 4 , address: 0x3054
--- Found segment that will be moved from address: 0x2E04 to address: 0x3058 of length 76
--- Found segment that must be added. Length: 8 , address: 0x30A4
--- Found segment that will be moved from address: 0x2E58 to address: 0x30AC of length 20
--- Found segment that must be added. Length: 4 , address: 0x30C0
--- Found segment that will be moved from address: 0x2E70 to address: 0x30C4 of length 236
--- Found segment that must be added. Length: 12 , address: 0x31B0
--- Found segment that will be moved from address: 0x2F68 to address: 0x31BC of length 60
--- Found segment that must be added. Length: 4 , address: 0x31F8
--- Found segment that will be moved from address: 0x2FA8 to address: 0x31FC of length 40
--- Found segment that must be added. Length: 8 , address: 0x3224
--- Found segment that will be moved from address: 0x2FD8 to address: 0x322C of length 20
--- Found segment that must be added. Length: 8 , address: 0x3240
--- Found segment that will be moved from address: 0x2FF4 to address: 0x3248 of length 24
--- Found segment that must be added. Length: 4 , address: 0x3260
--- Found segment that will be moved from address: 0x3010 to address: 0x3264 of length 68
--- Found segment that must be added. Length: 4 , address: 0x32A8
--- Found segment that will be moved from address: 0x3058 to address: 0x32AC of length 20
--- Found segment that must be added. Length: 4 , address: 0x32C0
--- Found segment that will be moved from address: 0x3070 to address: 0x32C4 of length 120
--- Found segment that must be added. Length: 12 , address: 0x333C
--- Found segment that will be moved from address: 0x30F4 to address: 0x3348 of length 64
--- Found segment that must be added. Length: 4 , address: 0x3388
--- Found segment that will be moved from address: 0x3138 to address: 0x338C of length 180
--- Found segment that must be added. Length: 16 , address: 0x3440
--- Found segment that will be moved from address: 0x31FC to address: 0x3450 of length 48
--- Found segment that must be added. Length: 4 , address: 0x3480
--- Found segment that will be moved from address: 0x3230 to address: 0x3484 of length 20
--- Found segment that must be added. Length: 4 , address: 0x3498
--- Found segment that will be moved from address: 0x3248 to address: 0x349C of length 84
--- Found segment that must be added. Length: 4 , address: 0x34F0
--- Found segment that will be moved from address: 0x32A0 to address: 0x34F4 of length 316
--- Found segment that must be added. Length: 28 , address: 0x3630
--- Found segment that will be moved from address: 0x33F8 to address: 0x364C of length 56
--- Found segment that must be added. Length: 8 , address: 0x3684
--- Found segment that will be moved from address: 0x3438 to address: 0x368C of length 56
--- Found segment that must be added. Length: 4 , address: 0x36C4
--- Found segment that will be moved from address: 0x3474 to address: 0x36C8 of length 20
--- Found segment that must be added. Length: 4 , address: 0x36DC
--- Found segment that will be moved from address: 0x348C to address: 0x36E0 of length 380
--- Found segment that must be added. Length: 4 , address: 0x385C
--- Found segment that will be moved from address: 0x360C to address: 0x3860 of length 168
--- Found segment that must be added. Length: 4 , address: 0x3908
--- Found segment that will be moved from address: 0x36B8 to address: 0x390C of length 416
--- Found segment that must be added. Length: 4 , address: 0x3AAC
--- Found segment that will be moved from address: 0x385C to address: 0x3AB0 of length 704
--- Found segment that must be added. Length: 4 , address: 0x3D70
--- Found segment that will be moved from address: 0x3B20 to address: 0x3D74 of length 16
--- Found segment that must be added. Length: 4 , address: 0x3D84
--- Found segment that will be moved from address: 0x3B34 to address: 0x3D88 of length 836
--- Found segment that must be added. Length: 8 , address: 0x40CC
--- Found segment that will be moved from address: 0x3E80 to address: 0x40D4 of length 84
--- Found segment that must be added. Length: 4 , address: 0x4128
--- Found segment that will be moved from address: 0x3ED8 to address: 0x412C of length 432
--- Found segment that must be added. Length: 8 , address: 0x42DC
--- Found segment that will be moved from address: 0x4090 to address: 0x42E4 of length 36
--- Found segment that must be added. Length: 4 , address: 0x4308
--- Found segment that will be moved from address: 0x40B8 to address: 0x430C of length 180
--- Found segment that must be added. Length: 12 , address: 0x43C0
--- Found segment that will be moved from address: 0x4178 to address: 0x43CC of length 16
--- Found segment that must be added. Length: 4 , address: 0x43DC
--- Found segment that will be moved from address: 0x418C to address: 0x43E0 of length 72
--- Found segment that must be added. Length: 4 , address: 0x4428
--- Found segment that will be moved from address: 0x41D8 to address: 0x442C of length 308
--- Found segment that must be added. Length: 24 , address: 0x4560
--- Found segment that will be moved from address: 0x4324 to address: 0x4578 of length 440
--- Found segment that must be added. Length: 4 , address: 0x4730
--- Found segment that will be moved from address: 0x44E0 to address: 0x4734 of length 180
--- Found segment that must be added. Length: 12 , address: 0x47E8
--- Found segment that will be moved from address: 0x45A0 to address: 0x47F4 of length 140
--- Found segment that must be added. Length: 4 , address: 0x4880
--- Found segment that will be moved from address: 0x4630 to address: 0x4884 of length 164
--- Found segment that must be added. Length: 4 , address: 0x4928
--- Found segment that will be moved from address: 0x46D8 to address: 0x492C of length 24
--- Found segment that must be added. Length: 4 , address: 0x4944
--- Found segment that will be moved from address: 0x46F4 to address: 0x4948 of length 168
--- Found segment that must be added. Length: 4 , address: 0x49F0
--- Found segment that will be moved from address: 0x47A0 to address: 0x49F4 of length 132
--- Found segment that must be added. Length: 4 , address: 0x4A78
--- Found segment that will be moved from address: 0x4828 to address: 0x4A7C of length 8
--- Found segment that must be added. Length: 4 , address: 0x4A84
--- Found segment that will be moved from address: 0x4814 to address: 0x4A88 of length 16
--- Found segment that must be added. Length: 4 , address: 0x4A98
--- Found segment that will be moved from address: 0x4848 to address: 0x4A9C of length 8
--- Found segment that must be added. Length: 4 , address: 0x4AA4
--- Found segment that will be moved from address: 0x4854 to address: 0x4AA8 of length 28
--- Found segment that must be added. Length: 4 , address: 0x4AC4
--- Found segment that will be moved from address: 0x4874 to address: 0x4AC8 of length 156
--- Found segment that must be added. Length: 8 , address: 0x4B64
--- Found segment that will be moved from address: 0x4918 to address: 0x4B6C of length 36
--- Found segment that must be added. Length: 4 , address: 0x4B90
--- Found segment that will be moved from address: 0x4940 to address: 0x4B94 of length 196
--- Found segment that must be added. Length: 12 , address: 0x4C58
--- Found segment that will be moved from address: 0x4A10 to address: 0x4C64 of length 24
--- Found segment that must be added. Length: 4 , address: 0x4C7C
--- Found segment that will be moved from address: 0x4A2C to address: 0x4C80 of length 132
--- Found segment that must be added. Length: 8 , address: 0x4D04
--- Found segment that will be moved from address: 0x4AB8 to address: 0x4D0C of length 44
--- Found segment that must be added. Length: 4 , address: 0x4D38
--- Found segment that will be moved from address: 0x4AE8 to address: 0x4D3C of length 12
--- Found segment that must be added. Length: 4 , address: 0x4D48
--- Found segment that will be moved from address: 0x4AF8 to address: 0x4D4C of length 8
--- Found segment that must be added. Length: 4 , address: 0x4D54
--- Found segment that will be moved from address: 0x4B04 to address: 0x4D58 of length 12
--- Found segment that must be added. Length: 4 , address: 0x4D64
--- Found segment that will be moved from address: 0x4B14 to address: 0x4D68 of length 172
--- Found segment that must be added. Length: 4 , address: 0x4E14
--- Found segment that will be moved from address: 0x4BC4 to address: 0x4E18 of length 44
--- Found segment that must be added. Length: 4 , address: 0x4E44
--- Found segment that will be moved from address: 0x4BF4 to address: 0x4E48 of length 140
--- Found segment that must be added. Length: 8 , address: 0x4ED4
--- Found segment that will be moved from address: 0x4C88 to address: 0x4EDC of length 156
--- Found segment that must be added. Length: 4 , address: 0x4F78
--- Found segment that will be moved from address: 0x4D14 to address: 0x4F7C of length 16
--- Found segment that must be added. Length: 4 , address: 0x4F8C
--- Found segment that will be moved from address: 0x4D3C to address: 0x4F90 of length 20
--- Found segment that must be added. Length: 4 , address: 0x4FA4
--- Found segment that will be moved from address: 0x4D54 to address: 0x4FA8 of length 24
--- Found segment that must be added. Length: 4 , address: 0x4FC0
--- Found segment that will be moved from address: 0x4D3C to address: 0x4FC4 of length 20
--- Found segment that must be added. Length: 4 , address: 0x4FD8
--- Found segment that will be moved from address: 0x4D88 to address: 0x4FDC of length 24
--- Found segment that must be added. Length: 4 , address: 0x4FF4
--- Found segment that will be moved from address: 0x4DA4 to address: 0x4FF8 of length 24
--- Found segment that must be added. Length: 4 , address: 0x5010
--- Found segment that will be moved from address: 0x4DC0 to address: 0x5014 of length 484
--- Found segment that must be added. Length: 4 , address: 0x51F8
--- Found segment that will be moved from address: 0x4FA8 to address: 0x51FC of length 240
--- Found segment that must be added. Length: 4 , address: 0x52EC
--- Found segment that will be moved from address: 0x509C to address: 0x52F0 of length 332
--- Found segment that must be added. Length: 12 , address: 0x543C
--- Found segment that will be moved from address: 0x51F4 to address: 0x5448 of length 8
--- Found segment that must be added. Length: 4 , address: 0x5450
--- Found segment that will be moved from address: 0x5200 to address: 0x5454 of length 20
--- Found segment that must be added. Length: 4 , address: 0x5468
--- Found segment that will be moved from address: 0x5218 to address: 0x546C of length 180
--- Found segment that must be added. Length: 4 , address: 0x5520
--- Found segment that will be moved from address: 0x52D0 to address: 0x5524 of length 20
--- Found segment that must be added. Length: 4 , address: 0x5538
--- Found segment that will be moved from address: 0x52E8 to address: 0x553C of length 184
--- Found segment that must be added. Length: 4 , address: 0x55F4
--- Found segment that will be moved from address: 0x53A4 to address: 0x55F8 of length 220
--- Found segment that must be added. Length: 4 , address: 0x56D4
--- Found segment that will be moved from address: 0x5484 to address: 0x56D8 of length 40
--- Found segment that must be added. Length: 4 , address: 0x5700
--- Found segment that will be moved from address: 0x54B0 to address: 0x5704 of length 28
--- Found segment that must be added. Length: 16 , address: 0x5720
--- Found segment that will be moved from address: 0x54DC to address: 0x5730 of length 40
--- Found segment that must be added. Length: 4 , address: 0x5758
--- Found segment that will be moved from address: 0x5508 to address: 0x575C of length 112
--- Found segment that must be added. Length: 4 , address: 0x57CC
--- Found segment that will be moved from address: 0x557C to address: 0x57D0 of length 8
--- Found segment that must be added. Length: 4 , address: 0x57D8
--- Found segment that will be moved from address: 0x5588 to address: 0x57DC of length 16
--- Found segment that must be added. Length: 4 , address: 0x57EC
--- Found segment that will be moved from address: 0x559C to address: 0x57F0 of length 40
--- Found segment that must be added. Length: 4 , address: 0x5818
--- Found a word to insert to address: 0x581C
--- Found segment that must be added. Length: 4 , address: 0x5820
--- Found segment that will be moved from address: 0x55D0 to address: 0x5824 of length 224
--- Found segment that must be added. Length: 4 , address: 0x5904
--- Found a word to insert to address: 0x5908
--- Found segment that must be added. Length: 4 , address: 0x590C
--- Found segment that will be moved from address: 0x56BC to address: 0x5910 of length 8
--- Found segment that must be added. Length: 4 , address: 0x5918
--- Found segment that will be moved from address: 0x56C8 to address: 0x591C of length 16
--- Found segment that must be added. Length: 4 , address: 0x592C
--- Found a word to insert to address: 0x5930
--- Found segment that must be added. Length: 12 , address: 0x5934
--- Found segment that will be moved from address: 0x56EC to address: 0x5940 of length 12
--- Found segment that must be added. Length: 4 , address: 0x594C
--- Found a word to insert to address: 0x5950
--- Found segment that must be added. Length: 4 , address: 0x5954
--- Found segment that will be moved from address: 0x5704 to address: 0x5958 of length 12
--- Found segment that must be added. Length: 4 , address: 0x5964
--- Found segment that will be moved from address: 0x5714 to address: 0x5968 of length 124
--- Found segment that must be added. Length: 4 , address: 0x59E4
--- Found segment that will be moved from address: 0x5794 to address: 0x59E8 of length 16
--- Found a word to insert to address: 0x59F8
--- Found segment that must be added. Length: 8 , address: 0x59FC
--- Found segment that will be moved from address: 0x57B0 to address: 0x5A04 of length 104
--- Found segment that must be added. Length: 4 , address: 0x5A6C
--- Found segment that will be moved from address: 0x581C to address: 0x5A70 of length 16
--- Found segment that must be added. Length: 4 , address: 0x5A80
--- Found a word to insert to address: 0x5A84
--- Found segment that must be added. Length: 4 , address: 0x5A88
--- Found segment that will be moved from address: 0x5838 to address: 0x5A8C of length 8
--- Found segment that must be added. Length: 4 , address: 0x5A94
--- Found a word to insert to address: 0x5A98
--- Found segment that must be added. Length: 8 , address: 0x5A9C
--- Found segment that will be moved from address: 0x5850 to address: 0x5AA4 of length 32
--- Found segment that must be added. Length: 4 , address: 0x5AC4
--- Found segment that will be moved from address: 0x5874 to address: 0x5AC8 of length 8
--- Found segment that must be added. Length: 4 , address: 0x5AD0
--- Found segment that will be moved from address: 0x5880 to address: 0x5AD4 of length 16
--- Found segment that must be added. Length: 4 , address: 0x5AE4
--- Found segment that will be moved from address: 0x5894 to address: 0x5AE8 of length 24
--- Found segment that must be added. Length: 4 , address: 0x5B00
--- Found segment that will be moved from address: 0x58B0 to address: 0x5B04 of length 56
--- Found segment that must be added. Length: 4 , address: 0x5B3C
--- Found segment that will be moved from address: 0x58EC to address: 0x5B40 of length 96
--- Found segment that must be added. Length: 4 , address: 0x5BA0
--- Found segment that will be moved from address: 0x5950 to address: 0x5BA4 of length 20
--- Found segment that must be added. Length: 4 , address: 0x5BB8
--- Found segment that will be moved from address: 0x5968 to address: 0x5BBC of length 12
--- Found segment that must be added. Length: 4 , address: 0x5BC8
--- Found segment that will be moved from address: 0x5978 to address: 0x5BCC of length 8
--- Found segment that must be added. Length: 4 , address: 0x5BD4
--- Found segment that will be moved from address: 0x5984 to address: 0x5BD8 of length 16
--- Found segment that must be added. Length: 4 , address: 0x5BE8
--- Found segment that will be moved from address: 0x5998 to address: 0x5BEC of length 64
--- Found segment that must be added. Length: 4 , address: 0x5C2C
--- Found segment that will be moved from address: 0x59DC to address: 0x5C30 of length 56
--- Found segment that must be added. Length: 8 , address: 0x5C68
--- Found a word to insert to address: 0x5C70
--- Found segment that will be moved from address: 0x5A20 to address: 0x5C74 of length 184
--- Found segment that must be added. Length: 4 , address: 0x5D2C
--- Found segment that will be moved from address: 0x5ADC to address: 0x5D30 of length 12
--- Found segment that must be added. Length: 4 , address: 0x5D3C
--- Found segment that will be moved from address: 0x5AEC to address: 0x5D40 of length 48
--- Found segment that must be added. Length: 4 , address: 0x5D70
--- Found segment that will be moved from address: 0x5B20 to address: 0x5D74 of length 12
--- Found segment that must be added. Length: 4 , address: 0x5D80
--- Found segment that will be moved from address: 0x5B30 to address: 0x5D84 of length 236
--- Found segment that must be added. Length: 4 , address: 0x5E70
--- Found segment that will be moved from address: 0x1EA4 to address: 0x5E74 of length 12
--- Found segment that must be added. Length: 4 , address: 0x5E80
--- Found segment that will be moved from address: 0x5C30 to address: 0x5E84 of length 116
--- Found segment that must be added. Length: 16 , address: 0x5EF8
--- Found segment that will be moved from address: 0x5CB4 to address: 0x5F08 of length 888
--- Found segment that must be added. Length: 8 , address: 0x6280
--- Found segment that will be moved from address: 0x6034 to address: 0x6288 of length 356
--- Found segment that must be added. Length: 4 , address: 0x63EC
--- Found segment that will be moved from address: 0x619C to address: 0x63F0 of length 372
--- Found segment that must be added. Length: 4 , address: 0x6564
--- Found segment that will be moved from address: 0x6314 to address: 0x6568 of length 16
--- Found segment that must be added. Length: 4 , address: 0x6578
--- Found segment that will be moved from address: 0x6328 to address: 0x657C of length 32
--- Found segment that must be added. Length: 4 , address: 0x659C
--- Found segment that will be moved from address: 0x634C to address: 0x65A0 of length 60
--- Found segment that must be added. Length: 12 , address: 0x65DC
--- Found segment that will be moved from address: 0x6394 to address: 0x65E8 of length 24
--- Found segment that must be added. Length: 12 , address: 0x6600
--- Found segment that will be moved from address: 0x63B8 to address: 0x660C of length 32
--- Found segment that must be added. Length: 4 , address: 0x662C
--- Found segment that will be moved from address: 0x63DC to address: 0x6630 of length 44
--- Found segment that must be added. Length: 4 , address: 0x665C
--- Found segment that will be moved from address: 0x640C to address: 0x6660 of length 16
--- Found segment that must be added. Length: 4 , address: 0x6670
--- Found segment that will be moved from address: 0x6420 to address: 0x6674 of length 140
--- Found segment that must be added. Length: 4 , address: 0x6700
--- Found segment that will be moved from address: 0x64B0 to address: 0x6704 of length 568
--- Found segment that must be added. Length: 4 , address: 0x693C
--- Found segment that will be moved from address: 0x66EC to address: 0x6940 of length 60
--- Found segment that must be added. Length: 4 , address: 0x697C
--- Found segment that will be moved from address: 0x672C to address: 0x6980 of length 12
--- Found segment that must be added. Length: 4 , address: 0x698C
--- Found segment that will be moved from address: 0x673C to address: 0x6990 of length 36
--- Found segment that must be added. Length: 8 , address: 0x69B4
--- Found segment that will be moved from address: 0x6768 to address: 0x69BC of length 56
--- Found a word to insert to address: 0x69F4
--- Found a word to insert to address: 0x69F8
--- Found segment that must be added. Length: 4 , address: 0x69FC
--- Found segment that will be moved from address: 0x67AC to address: 0x6A00 of length 392
--- Found segment that must be added. Length: 4 , address: 0x6B88
--- Found segment that will be moved from address: 0x6938 to address: 0x6B8C of length 100
--- Found segment that must be added. Length: 4 , address: 0x6BF0
--- Found segment that will be moved from address: 0x69A0 to address: 0x6BF4 of length 692
--- Found segment that must be added. Length: 4 , address: 0x6EA8
--- Found segment that will be moved from address: 0x6C58 to address: 0x6EAC of length 16
--- Found segment that must be added. Length: 4 , address: 0x6EBC
--- Found segment that will be moved from address: 0x6C6C to address: 0x6EC0 of length 16
--- Found segment that must be added. Length: 8 , address: 0x6ED0
--- Found segment that will be moved from address: 0x6C84 to address: 0x6ED8 of length 16
--- Found segment that must be added. Length: 4 , address: 0x6EE8
--- Found segment that will be moved from address: 0x6C98 to address: 0x6EEC of length 16
--- Found segment that must be added. Length: 8 , address: 0x6EFC
--- Found segment that will be moved from address: 0x6CB0 to address: 0x6F04 of length 20
--- Found segment that must be added. Length: 4 , address: 0x6F18
--- Found segment that will be moved from address: 0x6CC8 to address: 0x6F1C of length 204
--- Found segment that must be added. Length: 48 , address: 0x6FE8
--- Found segment that will be moved from address: 0x6DC4 to address: 0x7018 of length 32
--- Found segment that must be added. Length: 4 , address: 0x7038
--- Found a word to insert to address: 0x703C
--- Found segment that must be added. Length: 4 , address: 0x7040
--- Found segment that will be moved from address: 0x6DF0 to address: 0x7044 of length 52
--- Found segment that must be added. Length: 4 , address: 0x7078
--- Found segment that will be moved from address: 0x6E28 to address: 0x707C of length 16
--- Found segment that must be added. Length: 4 , address: 0x708C
--- Found segment that will be moved from address: 0x6E3C to address: 0x7090 of length 84
--- Found segment that must be added. Length: 4 , address: 0x70E4
--- Found segment that will be moved from address: 0x6E94 to address: 0x70E8 of length 72
--- Found segment that must be added. Length: 4 , address: 0x7130
--- Found segment that will be moved from address: 0x6EE0 to address: 0x7134 of length 20
--- Found segment that must be added. Length: 4 , address: 0x7148
--- Found segment that will be moved from address: 0x6EF8 to address: 0x714C of length 12
--- Found segment that must be added. Length: 8 , address: 0x7158
--- Found segment that will be moved from address: 0x6F0C to address: 0x7160 of length 16
--- Found segment that must be added. Length: 4 , address: 0x7170
--- Found segment that will be moved from address: 0x6F20 to address: 0x7174 of length 176
--- Found segment that must be added. Length: 4 , address: 0x7224
--- Found segment that will be moved from address: 0x6FD4 to address: 0x7228 of length 8
--- Found segment that must be added. Length: 4 , address: 0x7230
--- Found a word to insert to address: 0x7234
--- Found segment that must be added. Length: 4 , address: 0x7238
--- Found segment that will be moved from address: 0x6FE8 to address: 0x723C of length 28
--- Found segment that must be added. Length: 4 , address: 0x7258
--- Found segment that will be moved from address: 0x7008 to address: 0x725C of length 88
--- Found segment that must be added. Length: 4 , address: 0x72B4
--- Found segment that will be moved from address: 0x7064 to address: 0x72B8 of length 332
--- Found segment that must be added. Length: 4 , address: 0x7404
--- Found segment that will be moved from address: 0x71B4 to address: 0x7408 of length 176
--- Found segment that must be added. Length: 4 , address: 0x74B8
--- Found segment that will be moved from address: 0x7268 to address: 0x74BC of length 8
--- Found segment that must be added. Length: 8 , address: 0x74C4
--- Found segment that will be moved from address: 0x7278 to address: 0x74CC of length 48
--- Found segment that must be added. Length: 4 , address: 0x74FC
--- Found segment that will be moved from address: 0x72AC to address: 0x7500 of length 44
--- Found segment that must be added. Length: 4 , address: 0x752C
--- Found segment that will be moved from address: 0x72DC to address: 0x7530 of length 96
--- Found segment that must be added. Length: 4 , address: 0x7590
--- Found a word to insert to address: 0x7594
--- Found segment that must be added. Length: 8 , address: 0x7598
--- Found segment that will be moved from address: 0x734C to address: 0x75A0 of length 12
--- Found segment that must be added. Length: 4 , address: 0x75AC
--- Found segment that will be moved from address: 0x735C to address: 0x75B0 of length 128
--- Found segment that must be added. Length: 12 , address: 0x7630
--- Found segment that will be moved from address: 0x73E8 to address: 0x763C of length 28
--- Found segment that must be added. Length: 4 , address: 0x7658
--- Found segment that will be moved from address: 0x7408 to address: 0x765C of length 132
--- Found segment that must be added. Length: 8 , address: 0x76E0
--- Found segment that will be moved from address: 0x7494 to address: 0x76E8 of length 44
--- Found segment that must be added. Length: 4 , address: 0x7714
--- Found a word to insert to address: 0x7718
--- Found segment that must be added. Length: 8 , address: 0x771C
--- Found segment that will be moved from address: 0x74D0 to address: 0x7724 of length 24
--- Found segment that must be added. Length: 4 , address: 0x773C
--- Found segment that will be moved from address: 0x74EC to address: 0x7740 of length 72
--- Found segment that must be added. Length: 8 , address: 0x7788
--- Found segment that will be moved from address: 0x753C to address: 0x7790 of length 20
--- Found segment that must be added. Length: 4 , address: 0x77A4
--- Found segment that will be moved from address: 0x7554 to address: 0x77A8 of length 48
--- Found segment that must be added. Length: 4 , address: 0x77D8
--- Found segment that will be moved from address: 0x7588 to address: 0x77DC of length 112
--- Found segment that must be added. Length: 12 , address: 0x784C
--- Found segment that will be moved from address: 0x7604 to address: 0x7858 of length 72
--- Found segment that must be added. Length: 8 , address: 0x78A0
--- Found segment that will be moved from address: 0x7654 to address: 0x78A8 of length 32
--- Found segment that must be added. Length: 4 , address: 0x78C8
--- Found segment that will be moved from address: 0x7678 to address: 0x78CC of length 24
--- Found segment that must be added. Length: 4 , address: 0x78E4
--- Found segment that will be moved from address: 0x7694 to address: 0x78E8 of length 20
--- Found segment that must be added. Length: 4 , address: 0x78FC
--- Found segment that will be moved from address: 0x76AC to address: 0x7900 of length 40
--- Found segment that must be added. Length: 4 , address: 0x7928
--- Found segment that will be moved from address: 0x76D8 to address: 0x792C of length 184
--- Found segment that must be added. Length: 8 , address: 0x79E4
--- Found segment that will be moved from address: 0x7798 to address: 0x79EC of length 8
--- Found segment that must be added. Length: 4 , address: 0x79F4
--- Found segment that will be moved from address: 0x77A4 to address: 0x79F8 of length 36
--- Found segment that must be added. Length: 4 , address: 0x7A1C
--- Found segment that will be moved from address: 0x77CC to address: 0x7A20 of length 36
--- Found segment that must be added. Length: 4 , address: 0x7A44
--- Found segment that will be moved from address: 0x77F4 to address: 0x7A48 of length 72
--- Found segment that must be added. Length: 12 , address: 0x7A90
--- Found segment that will be moved from address: 0x7848 to address: 0x7A9C of length 76
--- Found segment that must be added. Length: 4 , address: 0x7AE8
--- Found segment that will be moved from address: 0x7278 to address: 0x7AEC of length 44
--- Found segment that must be added. Length: 8 , address: 0x7B18
--- Found segment that will be moved from address: 0x72AC to address: 0x7B20 of length 44
--- Found segment that must be added. Length: 4 , address: 0x7B4C
--- Found segment that will be moved from address: 0x78FC to address: 0x7B50 of length 352
--- Found segment that must be added. Length: 4 , address: 0x7CB0
--- Found segment that will be moved from address: 0x7A60 to address: 0x7CB4 of length 12
--- Found segment that must be added. Length: 4 , address: 0x7CC0
--- Found segment that will be moved from address: 0x7A70 to address: 0x7CC4 of length 52
--- Found segment that must be added. Length: 4 , address: 0x7CF8
--- Found segment that will be moved from address: 0x7AA8 to address: 0x7CFC of length 344
--- Found segment that must be added. Length: 8 , address: 0x7E54
--- Found segment that will be moved from address: 0x7C08 to address: 0x7E5C of length 16
--- Found segment that must be added. Length: 4 , address: 0x7E6C
--- Found segment that will be moved from address: 0x7C1C to address: 0x7E70 of length 240
--- Found segment that must be added. Length: 4 , address: 0x7F60
--- Found segment that will be moved from address: 0x7D10 to address: 0x7F64 of length 508
--- Found segment that must be added. Length: 4 , address: 0x8160
--- Found a word to insert to address: 0x8164
--- Found segment that must be added. Length: 28 , address: 0x8168
--- Found segment that will be moved from address: 0x7F30 to address: 0x8184 of length 12
--- Found segment that must be added. Length: 24 , address: 0x8190
--- Found segment that will be moved from address: 0x7F54 to address: 0x81A8 of length 404
--- Found segment that must be added. Length: 4 , address: 0x833C
--- Found segment that will be moved from address: 0x80EC to address: 0x8340 of length 8
--- Found segment that must be added. Length: 4 , address: 0x8348
--- Found segment that will be moved from address: 0x80F8 to address: 0x834C of length 40
--- Found segment that must be added. Length: 12 , address: 0x8374
--- Found a word to insert to address: 0x8380
--- Found segment that must be added. Length: 24 , address: 0x8384
--- Found segment that will be moved from address: 0x8148 to address: 0x839C of length 48
--- Found segment that must be added. Length: 16 , address: 0x83CC
--- Found segment that will be moved from address: 0x8188 to address: 0x83DC of length 44
--- Found segment that must be added. Length: 16 , address: 0x8408
--- Found segment that will be moved from address: 0x81C4 to address: 0x8418 of length 44
--- Found segment that must be added. Length: 16 , address: 0x8444
--- Found segment that will be moved from address: 0x8200 to address: 0x8454 of length 756
--- Found segment that must be added. Length: 36 , address: 0x8748
--- Found a word to insert to address: 0x876C
--- Found segment that must be added. Length: 4 , address: 0x8770
--- Found segment that will be moved from address: 0x8520 to address: 0x8774 of length 200
--- Found segment that must be added. Length: 12 , address: 0x883C
--- Found segment that will be moved from address: 0x85F4 to address: 0x8848 of length 20
--- Found segment that must be added. Length: 8 , address: 0x885C
--- Found segment that will be moved from address: 0x8610 to address: 0x8864 of length 136
--- Found segment that must be added. Length: 60 , address: 0x88EC
--- Found segment that will be moved from address: 0x86D4 to address: 0x8928 of length 52
--- Found segment that must be added. Length: 20 , address: 0x895C
--- Found segment that will be moved from address: 0x871C to address: 0x8970 of length 20
--- Found segment that must be added. Length: 4 , address: 0x8984
--- Found segment that will be moved from address: 0x8734 to address: 0x8988 of length 44
--- Found segment that must be added. Length: 4 , address: 0x89B4
--- Found segment that will be moved from address: 0x8764 to address: 0x89B8 of length 56
--- Found segment that must be added. Length: 12 , address: 0x89F0
--- Found segment that will be moved from address: 0x87A8 to address: 0x89FC of length 104
--- Found segment that must be added. Length: 24 , address: 0x8A64
--- Found segment that will be moved from address: 0x8828 to address: 0x8A7C of length 172
--- Found segment that must be added. Length: 32 , address: 0x8B28
--- Found segment that will be moved from address: 0x88F4 to address: 0x8B48 of length 108
--- Found segment that must be added. Length: 8 , address: 0x8BB4
--- Found segment that will be moved from address: 0x8968 to address: 0x8BBC of length 100
--- Found segment that must be added. Length: 20 , address: 0x8C20
--- Found segment that will be moved from address: 0x89E0 to address: 0x8C34 of length 112
--- Found segment that must be added. Length: 20 , address: 0x8CA4
--- Found segment that will be moved from address: 0x8A64 to address: 0x8CB8 of length 580
--- Found segment that must be added. Length: 76 , address: 0x8EFC
--- Found segment that will be moved from address: 0x8CF4 to address: 0x8F48 of length 804
--- Found segment that must be added. Length: 112 , address: 0x926C
--- Found a word to insert to address: 0x92DC
--- Found segment that must be added. Length: 36 , address: 0x92E0
--- Found segment that will be moved from address: 0x90B0 to address: 0x9304 of length 856
--- Found segment that must be added. Length: 172 , address: 0x965C
--- Found segment that will be moved from address: 0x94B4 to address: 0x9708 of length 744
--- Found segment that must be added. Length: 172 , address: 0x99F0
--- Found segment that will be moved from address: 0x9848 to address: 0x9A9C of length 272
--- Found segment that must be added. Length: 52 , address: 0x9BAC
--- Found segment that will be moved from address: 0x998C to address: 0x9BE0 of length 40
--- Found segment that must be added. Length: 24 , address: 0x9C08
--- Found segment that will be moved from address: 0x99CC to address: 0x9C20 of length 28
--- Found segment that must be added. Length: 4 , address: 0x9C3C
--- Found segment that will be moved from address: 0x99EC to address: 0x9C40 of length 324
--- Found segment that must be added. Length: 64 , address: 0x9D84
--- Found segment that will be moved from address: 0x9B70 to address: 0x9DC4 of length 56
--- Found segment that must be added. Length: 8 , address: 0x9DFC
--- Found segment that will be moved from address: 0x9BB0 to address: 0x9E04 of length 20
--- Found segment that must be added. Length: 4 , address: 0x9E18
--- Found segment that will be moved from address: 0x9BC8 to address: 0x9E1C of length 24
--- Found segment that must be added. Length: 4 , address: 0x9E34
--- Found segment that will be moved from address: 0x9BE4 to address: 0x9E38 of length 28
--- Found segment that must be added. Length: 4 , address: 0x9E54
--- Found segment that will be moved from address: 0x9C04 to address: 0x9E58 of length 24
--- Found segment that must be added. Length: 4 , address: 0x9E70
--- Found segment that will be moved from address: 0x9C20 to address: 0x9E74 of length 36
--- Found segment that must be added. Length: 4 , address: 0x9E98
--- Found segment that will be moved from address: 0x9C48 to address: 0x9E9C of length 608
--- Found segment that must be added. Length: 44 , address: 0xA0FC
--- Found segment that will be moved from address: 0x9ED4 to address: 0xA128 of length 20
--- Found segment that must be added. Length: 8 , address: 0xA13C
--- Found segment that will be moved from address: 0x9EF0 to address: 0xA144 of length 16
--- Found segment that must be added. Length: 4 , address: 0xA154
--- Found segment that will be moved from address: 0x9F04 to address: 0xA158 of length 96
--- Found segment that must be added. Length: 16 , address: 0xA1B8
--- Found segment that will be moved from address: 0x9F74 to address: 0xA1C8 of length 576
--- Found segment that must be added. Length: 4 , address: 0xA408
--- Found segment that will be moved from address: 0xA1B8 to address: 0xA40C of length 60
--- Found segment that must be added. Length: 12 , address: 0xA448
--- Found segment that will be moved from address: 0xA200 to address: 0xA454 of length 36
--- Found segment that must be added. Length: 4 , address: 0xA478
--- Found segment that will be moved from address: 0xA228 to address: 0xA47C of length 8
--- Found segment that must be added. Length: 4 , address: 0xA484
--- Found a word to insert to address: 0xA488
--- Found segment that must be added. Length: 4 , address: 0xA48C
--- Found segment that will be moved from address: 0xA23C to address: 0xA490 of length 108
--- Found segment that must be added. Length: 4 , address: 0xA4FC
--- Found segment that will be moved from address: 0xA2AC to address: 0xA500 of length 152
--- Found segment that must be added. Length: 20 , address: 0xA598
--- Found segment that will be moved from address: 0xA358 to address: 0xA5AC of length 44
--- Found segment that must be added. Length: 8 , address: 0xA5D8
--- Found segment that will be moved from address: 0xA38C to address: 0xA5E0 of length 124
--- Found segment that must be added. Length: 8 , address: 0xA65C
--- Found a word to insert to address: 0xA664
--- Found segment that must be added. Length: 4 , address: 0xA668
--- Found segment that will be moved from address: 0xA418 to address: 0xA66C of length 8
--- Found segment that must be added. Length: 4 , address: 0xA674
--- Found segment that will be moved from address: 0xA424 to address: 0xA678 of length 64
--- Found segment that must be added. Length: 4 , address: 0xA6B8
--- Found segment that will be moved from address: 0xA468 to address: 0xA6BC of length 28
--- Found segment that must be added. Length: 4 , address: 0xA6D8
--- Found segment that will be moved from address: 0xA488 to address: 0xA6DC of length 36
--- Found segment that must be added. Length: 4 , address: 0xA700
--- Found segment that will be moved from address: 0xA4B0 to address: 0xA704 of length 12
--- Found segment that must be added. Length: 12 , address: 0xA710
--- Found segment that will be moved from address: 0xA4C8 to address: 0xA71C of length 20
--- Found segment that must be added. Length: 4 , address: 0xA730
--- Found segment that will be moved from address: 0xA4E0 to address: 0xA734 of length 780
--- Found segment that must be added. Length: 4 , address: 0xAA40
--- Found segment that will be moved from address: 0xA7F0 to address: 0xAA44 of length 396
--- Found segment that must be added. Length: 12 , address: 0xABD0
--- Found segment that will be moved from address: 0xA988 to address: 0xABDC of length 32
--- Found segment that must be added. Length: 12 , address: 0xABFC
--- Found segment that will be moved from address: 0xA9B4 to address: 0xAC08 of length 56
--- Found segment that must be added. Length: 16 , address: 0xAC40
--- Found segment that will be moved from address: 0xA9FC to address: 0xAC50 of length 12
--- Found segment that must be added. Length: 4 , address: 0xAC5C
--- Found segment that will be moved from address: 0xAA0C to address: 0xAC60 of length 56
--- Found segment that must be added. Length: 4 , address: 0xAC98
--- Found segment that will be moved from address: 0xAA48 to address: 0xAC9C of length 12
--- Found segment that must be added. Length: 4 , address: 0xACA8
--- Found segment that will be moved from address: 0xAA58 to address: 0xACAC of length 12
--- Found segment that must be added. Length: 4 , address: 0xACB8
--- Found segment that will be moved from address: 0xAA68 to address: 0xACBC of length 12
--- Found segment that must be added. Length: 4 , address: 0xACC8
--- Found segment that will be moved from address: 0xAA78 to address: 0xACCC of length 104
--- Found segment that must be added. Length: 8 , address: 0xAD34
--- Found segment that will be moved from address: 0xAAE8 to address: 0xAD3C of length 136
--- Found segment that must be added. Length: 4 , address: 0xADC4
--- Found segment that will be moved from address: 0xAB74 to address: 0xADC8 of length 156
--- Found segment that must be added. Length: 4 , address: 0xAE64
--- Found segment that will be moved from address: 0xAC14 to address: 0xAE68 of length 120
--- Found segment that must be added. Length: 12 , address: 0xAEE0
--- Found segment that will be moved from address: 0xAC98 to address: 0xAEEC of length 56
--- Found segment that must be added. Length: 16 , address: 0xAF24
--- Found segment that will be moved from address: 0xACE0 to address: 0xAF34 of length 252
--- Found segment that must be added. Length: 4 , address: 0xB030
--- Found segment that will be moved from address: 0xADE0 to address: 0xB034 of length 180
--- Found segment that must be added. Length: 8 , address: 0xB0E8
--- Found segment that will be moved from address: 0xAE9C to address: 0xB0F0 of length 48
--- Found segment that must be added. Length: 4 , address: 0xB120
--- Found segment that will be moved from address: 0xAED0 to address: 0xB124 of length 36
--- Found segment that must be added. Length: 4 , address: 0xB148
--- Found segment that will be moved from address: 0xAEF8 to address: 0xB14C of length 136
--- Found segment that must be added. Length: 12 , address: 0xB1D4
--- Found segment that will be moved from address: 0xAF8C to address: 0xB1E0 of length 216
--- Found segment that must be added. Length: 12 , address: 0xB2B8
--- Found segment that will be moved from address: 0xB070 to address: 0xB2C4 of length 16
--- Found segment that must be added. Length: 4 , address: 0xB2D4
--- Found segment that will be moved from address: 0xB084 to address: 0xB2D8 of length 84
--- Found segment that must be added. Length: 12 , address: 0xB32C
--- Found segment that will be moved from address: 0xB0E4 to address: 0xB338 of length 56
--- Found segment that must be added. Length: 4 , address: 0xB370
--- Found segment that will be moved from address: 0xB120 to address: 0xB374 of length 548
--- Found segment that must be added. Length: 4 , address: 0xB598
--- Found segment that will be moved from address: 0xB348 to address: 0xB59C of length 24
--- Found segment that must be added. Length: 4 , address: 0xB5B4
--- Found segment that will be moved from address: 0xB364 to address: 0xB5B8 of length 272
--- Found segment that must be added. Length: 4 , address: 0xB6C8
--- Found segment that will be moved from address: 0xB478 to address: 0xB6CC of length 20
--- Found segment that must be added. Length: 4 , address: 0xB6E0
--- Found segment that will be moved from address: 0xB490 to address: 0xB6E4 of length 160
--- Found segment that must be added. Length: 12 , address: 0xB784
--- Found segment that will be moved from address: 0xB53C to address: 0xB790 of length 224
--- Found segment that must be added. Length: 16 , address: 0xB870
--- Found segment that will be moved from address: 0xB62C to address: 0xB880 of length 212
--- Found segment that must be added. Length: 4 , address: 0xB954
--- Found segment that will be moved from address: 0xB704 to address: 0xB958 of length 12
--- Found segment that must be added. Length: 4 , address: 0xB964
--- Found segment that will be moved from address: 0xB714 to address: 0xB968 of length 12
--- Found segment that must be added. Length: 4 , address: 0xB974
--- Found segment that will be moved from address: 0xB724 to address: 0xB978 of length 784
--- Found segment that must be added. Length: 12 , address: 0xBC88
--- Found a word to insert to address: 0xBC94
--- Found segment that must be added. Length: 4 , address: 0xBC98
--- Found segment that will be moved from address: 0xBA48 to address: 0xBC9C of length 764
--- Found segment that must be added. Length: 8 , address: 0xBF98
--- Found segment that will be moved from address: 0xBD4C to address: 0xBFA0 of length 676
--- Found segment that must be added. Length: 24 , address: 0xC244
--- Found a word to insert to address: 0xC25C
--- Found segment that must be added. Length: 4 , address: 0xC260
--- Found segment that will be moved from address: 0xC010 to address: 0xC264 of length 292
--- Found segment that must be added. Length: 20 , address: 0xC388
--- Found segment that will be moved from address: 0xC148 to address: 0xC39C of length 60
--- Found segment that will be moved from address: 0xC198 to address: 0xC3D8 of length 12
--- Found segment that will be moved from address: 0xC184 to address: 0xC3E4 of length 20
--- Found segment that will be moved from address: 0xC1A4 to address: 0xC3F8 of length 196
--- Found segment that must be added. Length: 72 , address: 0xC4BC
--- Found a word to insert to address: 0xC504
--- Found segment that will be moved from address: 0xE8FC to address: 0xC508 of length 8
--- Found segment that must be added. Length: 12 , address: 0xC510
--- Found a word to insert to address: 0xC51C
--- Found segment that must be added. Length: 12 , address: 0xC520
--- Found a word to insert to address: 0xC52C
--- Found segment that must be added. Length: 32 , address: 0xC530
--- Found a word to insert to address: 0xC550
--- Found segment that must be added. Length: 12 , address: 0xC554
--- Found segment that will be moved from address: 0xC310 to address: 0xC560 of length 16
--- Found a word to insert to address: 0xC570
--- Found segment that must be added. Length: 8 , address: 0xC574
--- Found a word to insert to address: 0xC57C
--- Found segment that will be moved from address: 0xC2F4 to address: 0xC580 of length 12
--- Found segment that must be added. Length: 28 , address: 0xC58C
--- Found a word to insert to address: 0xC5A8
--- Found segment that must be added. Length: 8 , address: 0xC5AC
--- Found a word to insert to address: 0xC5B4
--- Found segment that must be added. Length: 4 , address: 0xC5B8
--- Found segment that will be moved from address: 0xC2F8 to address: 0xC5BC of length 8
--- Found segment that must be added. Length: 4 , address: 0xC5C4
--- Found a word to insert to address: 0xC5C8
--- Found segment that must be added. Length: 16 , address: 0xC5CC
--- Found segment that will be moved from address: 0xE6A0 to address: 0xC5DC of length 8
--- Found a word to insert to address: 0xC5E4
--- Found segment that must be added. Length: 16 , address: 0xC5E8
--- Found a word to insert to address: 0xC5F8
--- Found segment that must be added. Length: 24 , address: 0xC5FC
--- Found a word to insert to address: 0xC614
--- Found segment that must be added. Length: 16 , address: 0xC618
--- Found a word to insert to address: 0xC628
--- Found segment that must be added. Length: 56 , address: 0xC62C
--- Found a word to insert to address: 0xC664
--- Found segment that must be added. Length: 24 , address: 0xC668
--- Found segment that will be moved from address: 0xC3B0 to address: 0xC680 of length 8
--- Found segment that must be added. Length: 32 , address: 0xC688
--- Found a word to insert to address: 0xC6A8
--- Found segment that will be moved from address: 0xC3DC to address: 0xC6AC of length 60
--- Found segment that must be added. Length: 132 , address: 0xC6E8
--- Found segment that will be moved from address: 0xC484 to address: 0xC76C of length 264
--- Found segment that must be added. Length: 52 , address: 0xC874
--- Found segment that will be moved from address: 0xC5C0 to address: 0xC8A8 of length 648
--- Found segment that must be added. Length: 28 , address: 0xCB30
--- Found segment that will be moved from address: 0xC864 to address: 0xCB4C of length 240

--- OPTIMIZING...

---- Optimized 2 ADD/INSERT operations by merging...
---- Optimized 2 ADD/INSERT operations by merging...
---- Optimized 2 ADD/INSERT operations by merging...
---- Optimized 2 ADD/INSERT operations by merging...
---- Optimized 2 ADD/INSERT operations by merging...
---- Optimized 2 ADD/INSERT operations by merging...
---- Optimized 2 ADD/INSERT operations by merging...
---- Optimized 2 ADD/INSERT operations by merging...
---- Optimized 2 ADD/INSERT operations by merging...
---- Optimized 2 ADD/INSERT operations by merging...
---- Optimized 2 ADD/INSERT operations by merging...
---- Optimized 2 ADD/INSERT operations by merging...
---- Optimized 2 ADD/INSERT operations by merging...
---- Optimized 2 ADD/INSERT operations by merging...
---- Optimized 2 ADD/INSERT operations by merging...
---- Optimized 2 ADD/INSERT operations by merging...
---- Optimized 2 ADD/INSERT operations by merging...
---- Optimized 2 ADD/INSERT operations by merging...
---- Optimized 2 ADD/INSERT operations by merging...
---- Optimized 2 ADD/INSERT operations by merging...
---- Optimized 2 ADD/INSERT operations by merging...
---- Optimized 2 ADD/INSERT operations by merging...
---- Optimized 2 ADD/INSERT operations by merging...
---- Optimized 2 ADD/INSERT operations by merging...
---- Optimized 2 ADD/INSERT operations by merging...
---- Optimized 2 ADD/INSERT operations by merging...
---- Optimized 2 ADD/INSERT operations by merging...
---- Optimized 2 ADD/INSERT operations by merging...
---- Optimized 2 ADD/INSERT operations by merging...
---- Optimized 2 ADD/INSERT operations by merging...
---- Optimized 2 ADD/INSERT operations by merging...
---- Optimized 2 ADD/INSERT operations by merging...
---- Optimized 2 ADD/INSERT operations by merging...
---- Optimized 2 ADD/INSERT operations by merging...
---- Optimized 2 ADD/INSERT operations by merging...
---- Optimized 2 ADD/INSERT operations by merging...
---- Optimized 2 ADD/INSERT operations by merging...
---- Optimized 2 ADD/INSERT operations by merging...
---- Optimized 2 ADD/INSERT operations by merging...
---- Optimized 2 ADD/INSERT operations by merging...
---- Optimized 2 ADD/INSERT operations by merging...
---- Optimized 2 ADD/INSERT operations by merging...
---- Optimized 2 ADD/INSERT operations by merging...
---- Optimized 2 ADD/INSERT operations by merging...
---- Optimized 2 ADD/INSERT operations by merging...
---- Optimized 2 ADD/INSERT operations by merging...
---- Optimized 2 ADD/INSERT operations by merging...
---- Optimized 2 ADD/INSERT operations by merging...
---- Optimized 2 ADD/INSERT operations by merging...
---- Optimized 2 ADD/INSERT operations by merging...
---- Optimized COPY and ADD operations to preceding ADD...
---- Optimized COPY and ADD operations to preceding ADD...
---- Optimized 2 ADD/INSERT operations by merging...
---- Optimized 2 ADD/INSERT operations by merging...
---- Optimized COPY and ADD operations to preceding ADD...
---- Optimized 2 ADD/INSERT operations by merging...
---- Optimized 2 ADD/INSERT operations by merging...
---- Optimized 2 ADD/INSERT operations by merging...
---- Optimized 2 ADD/INSERT operations by merging...
---- Optimized 2 ADD/INSERT operations by merging...
---- Optimized 2 ADD/INSERT operations by merging...
---- Optimized 2 ADD/INSERT operations by merging...
---- Optimized 2 ADD/INSERT operations by merging...
---- Optimized 2 ADD/INSERT operations by merging...
---- Optimized 2 ADD/INSERT operations by merging...
---- Optimized 2 ADD/INSERT operations by merging...
---- Optimized 2 ADD/INSERT operations by merging...
---- Optimized 2 ADD/INSERT operations by merging...
---- Optimized 2 ADD/INSERT operations by merging...
---- Optimized 2 ADD/INSERT operations by merging...
---- Optimized 2 ADD/INSERT operations by merging...
---- Optimized 2 ADD/INSERT operations by merging...
---- Optimized 2 ADD/INSERT operations by merging...
---- Optimized 2 ADD/INSERT operations by merging...
---- Optimized 2 ADD/INSERT operations by merging...
---- Optimized 2 ADD/INSERT operations by merging...
---- Optimized 2 ADD/INSERT operations by merging...
---- Optimized COPY and ADD operations to preceding ADD...
---- Optimized COPY and ADD operations to preceding ADD...
---- Optimized 2 ADD/INSERT operations by merging...
---- Optimized 2 ADD/INSERT operations by merging...
---- Optimized 2 ADD/INSERT operations by merging...
---- Optimized 2 ADD/INSERT operations by merging...
---- Optimized 2 ADD/INSERT operations by merging...
---- Optimized 2 ADD/INSERT operations by merging...
---- Optimized 2 ADD/INSERT operations by merging...
---- Optimized 2 ADD/INSERT operations by merging...
---- Optimized 2 ADD/INSERT operations by merging...
---- Optimized 2 ADD/INSERT operations by merging...
---- Optimized 2 ADD/INSERT operations by merging...
---- Optimized 2 ADD/INSERT operations by merging...
---- Optimized 2 ADD/INSERT operations by merging...
---- Optimized 2 ADD/INSERT operations by merging...
---- Optimized 2 ADD/INSERT operations by merging...
---- Optimized 2 ADD/INSERT operations by merging...
---- Optimized 2 ADD/INSERT operations by merging...
---- Optimized 2 ADD/INSERT operations by merging...
---- Optimized 2 ADD/INSERT operations by merging...
---- Optimized 2 ADD/INSERT operations by merging...
---- Optimized 2 ADD/INSERT operations by merging...
---- Optimized 2 ADD/INSERT operations by merging...
---- Optimized COPY and ADD operations to preceding ADD...
---- Optimized 2 ADD/INSERT operations by merging...
---- Optimized 2 ADD/INSERT operations by merging...
---- Optimized 2 ADD/INSERT operations by merging...
---- Optimized 2 ADD/INSERT operations by merging...
---- Optimized 2 ADD/INSERT operations by merging...
---- Optimized 2 ADD/INSERT operations by merging...
---- Optimized 2 ADD/INSERT operations by merging...
---- Optimized 2 ADD/INSERT operations by merging...
---- Optimized 2 ADD/INSERT operations by merging...
---- Optimized 2 ADD/INSERT operations by merging...
---- Optimized 2 ADD/INSERT operations by merging...
---- Optimized 2 ADD/INSERT operations by merging...
---- Optimized 2 ADD/INSERT operations by merging...
---- Optimized 2 ADD/INSERT operations by merging...
---- Optimized COPY and ADD operations to preceding ADD...
---- Optimized 2 ADD/INSERT operations by merging...
---- Optimized 2 ADD/INSERT operations by merging...
---- Optimized 2 ADD/INSERT operations by merging...
---- Optimized 2 ADD/INSERT operations by merging...
---- Optimized 2 ADD/INSERT operations by merging...
---- Optimized 2 ADD/INSERT operations by merging...
---- Optimized COPY and ADD operations to preceding ADD...
---- Optimized COPY and ADD operations to preceding ADD...
---- Optimized 2 ADD/INSERT operations by merging...
---- Optimized 2 ADD/INSERT operations by merging...
---- Optimized 2 ADD/INSERT operations by merging...
---- Optimized 2 ADD/INSERT operations by merging...
---- Optimized 2 ADD/INSERT operations by merging...
---- Optimized COPY and ADD operations to preceding ADD...
---- Optimized 2 ADD/INSERT operations by merging...
---- Optimized 2 ADD/INSERT operations by merging...
---- Optimized 2 ADD/INSERT operations by merging...
---- Optimized 2 ADD/INSERT operations by merging...
---- Optimized 2 ADD/INSERT operations by merging...
---- Optimized 2 ADD/INSERT operations by merging...
---- Optimized COPY and ADD operations to preceding ADD...
---- Optimized 2 ADD/INSERT operations by merging...
---- Optimized 2 ADD/INSERT operations by merging...
---- Optimized 2 ADD/INSERT operations by merging...
---- Optimized COPY and ADD operations to preceding ADD...
---- Optimized 2 ADD/INSERT operations by merging...
---- Optimized 2 ADD/INSERT operations by merging...
---- Optimized 2 ADD/INSERT operations by merging...
---- Optimized 2 ADD/INSERT operations by merging...
---- Optimized 2 ADD/INSERT operations by merging...
---- Optimized COPY and ADD operations to preceding ADD...
---- Optimized 2 ADD/INSERT operations by merging...
---- Optimized 2 ADD/INSERT operations by merging...
---- Optimized 2 ADD/INSERT operations by merging...
---- Optimized 2 ADD/INSERT operations by merging...
---- Optimized COPY and ADD operations to preceding ADD...
---- Optimized 2 ADD/INSERT operations by merging...
---- Optimized 2 ADD/INSERT operations by merging...
---- Optimized 2 ADD/INSERT operations by merging...
---- Optimized 2 ADD/INSERT operations by merging...
---- Optimized COPY and ADD operations to preceding ADD...
---- Optimized 2 ADD/INSERT operations by merging...
---- Optimized 2 ADD/INSERT operations by merging...
---- Optimized 2 ADD/INSERT operations by merging...
---- Optimized 2 ADD/INSERT operations by merging...
---- Optimized 2 ADD/INSERT operations by merging...
---- Optimized 2 ADD/INSERT operations by merging...
---- Optimized 2 ADD/INSERT operations by merging...
---- Optimized 2 ADD/INSERT operations by merging...
---- Optimized COPY and ADD operations to preceding ADD...
---- Optimized COPY and ADD operations to preceding ADD...
---- Optimized COPY and ADD operations to preceding ADD...
---- Optimized COPY and ADD operations to preceding ADD...
---- Optimized COPY and ADD operations to preceding ADD...
---- Optimized COPY and ADD operations to preceding ADD...
---- Optimized COPY and ADD operations to preceding ADD...
---- Optimized 2 ADD/INSERT operations by merging...
---- Optimized 2 ADD/INSERT operations by merging...
---- Optimized 2 ADD/INSERT operations by merging...
---- Optimized 2 ADD/INSERT operations by merging...
---- Optimized COPY and ADD operations to preceding ADD...
---- Optimized 2 ADD/INSERT operations by merging...
---- Optimized 2 ADD/INSERT operations by merging...
---- Optimized COPY and ADD operations to preceding ADD...
---- Optimized 2 ADD/INSERT operations by merging...
---- Optimized 2 ADD/INSERT operations by merging...
---- Optimized COPY and ADD operations to preceding ADD...
---- Optimized 2 ADD/INSERT operations by merging...
---- Optimized 2 ADD/INSERT operations by merging...
---- Optimized 2 ADD/INSERT operations by merging...
---- Optimized COPY and ADD operations to preceding ADD...
---- Optimized 2 ADD/INSERT operations by merging...
---- Optimized 2 ADD/INSERT operations by merging...
---- Optimized COPY and ADD operations to preceding ADD...
---- Optimized COPY and ADD operations to preceding ADD...
---- Optimized COPY and ADD operations to preceding ADD...
---- Optimized 2 ADD/INSERT operations by merging...
---- Optimized COPY and ADD operations to preceding ADD...
---- Optimized COPY and ADD operations to preceding ADD...
---- Optimized COPY and ADD operations to preceding ADD...
---- Optimized COPY and ADD operations to preceding ADD...
---- Optimized 2 ADD/INSERT operations by merging...
---- Optimized 2 ADD/INSERT operations by merging...
---- Optimized 2 ADD/INSERT operations by merging...
---- Optimized 2 ADD/INSERT operations by merging...
---- Optimized COPY and ADD operations to preceding ADD...
---- Optimized COPY and ADD operations to preceding ADD...
---- Optimized 2 ADD/INSERT operations by merging...
---- Optimized 2 ADD/INSERT operations by merging...
---- Optimized COPY and ADD operations to preceding ADD...
---- Optimized 2 ADD/INSERT operations by merging...
---- Optimized 2 ADD/INSERT operations by merging...
---- Optimized COPY and ADD operations to preceding ADD...
---- Optimized 2 ADD/INSERT operations by merging...
---- Optimized 2 ADD/INSERT operations by merging...
---- Optimized COPY and ADD operations to preceding ADD...
---- Optimized COPY and ADD operations to preceding ADD...
---- Optimized 2 ADD/INSERT operations by merging...
---- Optimized 2 ADD/INSERT operations by merging...
---- Optimized COPY and ADD operations to preceding ADD...
---- Optimized COPY and ADD operations to preceding ADD...
---- Optimized 2 ADD/INSERT operations by merging...
---- Optimized 2 ADD/INSERT operations by merging...
---- Optimized 2 ADD/INSERT operations by merging...
---- Optimized 2 ADD/INSERT operations by merging...
---- Optimized 2 ADD/INSERT operations by merging...
---- Optimized 2 ADD/INSERT operations by merging...
---- Optimized COPY and ADD operations to preceding ADD...
---- Optimized 2 ADD/INSERT operations by merging...
---- Optimized 2 ADD/INSERT operations by merging...
---- Optimized 2 ADD/INSERT operations by merging...
---- Optimized 2 ADD/INSERT operations by merging...
---- Optimized COPY and ADD operations to preceding ADD...
---- Optimized COPY and ADD operations to preceding ADD...
---- Optimized COPY and ADD operations to preceding ADD...
---- Optimized COPY and ADD operations to preceding ADD...
---- Optimized COPY and ADD operations to preceding ADD...
---- Optimized COPY and ADD operations to preceding ADD...
---- Optimized COPY and ADD operations to preceding ADD...
---- Optimized COPY and ADD operations to preceding ADD...
---- Optimized 2 ADD/INSERT operations by merging...
---- Optimized 2 ADD/INSERT operations by merging...
---- Optimized 2 ADD/INSERT operations by merging...
---- Optimized 2 ADD/INSERT operations by merging...
---- Optimized 2 ADD/INSERT operations by merging...
---- Optimized COPY and ADD operations to preceding ADD...
---- Optimized 2 ADD/INSERT operations by merging...
---- Optimized 2 ADD/INSERT operations by merging...
---- Optimized 2 ADD/INSERT operations by merging...
---- Optimized 2 ADD/INSERT operations by merging...
---- Optimized 2 ADD/INSERT operations by merging...
---- Optimized 2 ADD/INSERT operations by merging...
---- Optimized 2 ADD/INSERT operations by merging...
---- Optimized 2 ADD/INSERT operations by merging...
---- Optimized COPY and ADD operations to preceding ADD...
---- Optimized 2 ADD/INSERT operations by merging...
---- Optimized 2 ADD/INSERT operations by merging...
---- Optimized 2 ADD/INSERT operations by merging...
---- Optimized 2 ADD/INSERT operations by merging...
---- Optimized COPY and ADD operations to preceding ADD...
---- Optimized 2 ADD/INSERT operations by merging...
---- Optimized 2 ADD/INSERT operations by merging...
---- Optimized COPY and ADD operations to preceding ADD...
---- Optimized 2 ADD/INSERT operations by merging...
---- Optimized 2 ADD/INSERT operations by merging...
---- Optimized 2 ADD/INSERT operations by merging...
---- Optimized 2 ADD/INSERT operations by merging...
---- Optimized 2 ADD/INSERT operations by merging...
---- Optimized 2 ADD/INSERT operations by merging...
---- Optimized 2 ADD/INSERT operations by merging...
---- Optimized 2 ADD/INSERT operations by merging...
---- Optimized 2 ADD/INSERT operations by merging...
---- Optimized COPY and ADD operations to preceding ADD...
---- Optimized 2 ADD/INSERT operations by merging...
--- Found segment that will be moved from address: 0xC964 to address: 0xCC4C of length 7280
--- Found segment that must be added. Length: 32 , address: 0xE8BC
--- Found a word to insert to address: 0xE8DC
--- Found segment that must be added. Length: 4 , address: 0xE8E0
--- Found a word to insert to address: 0xE8E4
--- Found segment that must be added. Length: 4 , address: 0xE8E8
--- Found a word to insert to address: 0xE8EC
--- Found segment that must be added. Length: 4 , address: 0xE8F0
--- Found a word to insert to address: 0xE8F4
--- Found segment that must be added. Length: 4 , address: 0xE8F8
--- Found a word to insert to address: 0xE8FC
--- Found segment that must be added. Length: 4 , address: 0xE900
--- Found a word to insert to address: 0xE904
--- Found segment that must be added. Length: 4 , address: 0xE908
--- Found a word to insert to address: 0xE90C
--- Found segment that must be added. Length: 4 , address: 0xE910
--- Found a word to insert to address: 0xE914
--- Found segment that must be added. Length: 4 , address: 0xE918
--- Found a word to insert to address: 0xE91C
--- Found segment that must be added. Length: 4 , address: 0xE920
--- Found a word to insert to address: 0xE924
--- Found segment that must be added. Length: 4 , address: 0xE928
--- Found a word to insert to address: 0xE92C
--- Found segment that must be added. Length: 4 , address: 0xE930
--- Found a word to insert to address: 0xE934
--- Found segment that must be added. Length: 4 , address: 0xE938
--- Found a word to insert to address: 0xE93C
--- Found segment that must be added. Length: 4 , address: 0xE940
--- Found a word to insert to address: 0xE944
--- Found segment that must be added. Length: 4 , address: 0xE948
--- Found a word to insert to address: 0xE94C
--- Found segment that must be added. Length: 4 , address: 0xE950
--- Found a word to insert to address: 0xE954
--- Found segment that must be added. Length: 4 , address: 0xE958
--- Found a word to insert to address: 0xE95C
--- Found segment that must be added. Length: 4 , address: 0xE960
--- Found a word to insert to address: 0xE964
--- Found segment that must be added. Length: 4 , address: 0xE968
--- Found a word to insert to address: 0xE96C
--- Found segment that must be added. Length: 4 , address: 0xE970
--- Found segment that will be moved from address: 0xE68C to address: 0xE974 of length 1032
--- Found segment that must be added. Length: 120 , address: 0xED7C
--- Found segment that will be moved from address: 0xEB0C to address: 0xEDF4 of length 312
--- Found segment that must be added. Length: 4 , address: 0xEF2C
--- Found segment that will be moved from address: 0xEC48 to address: 0xEF30 of length 276
--- Found segment that must be added. Length: 4 , address: 0xF044
--- Found a word to insert to address: 0xF048
--- Found segment that must be added. Length: 16 , address: 0xF04C
--- Found a word to insert to address: 0xF05C
--- Found segment that must be added. Length: 4 , address: 0xF060
--- Found segment that will be moved from address: 0xED74 to address: 0xF064 of length 16
--- Found segment that must be added. Length: 4 , address: 0xF074
--- Found a word to insert to address: 0xF078
--- Found segment that must be added. Length: 12 , address: 0xF07C
--- Found segment that will be moved from address: 0xED98 to address: 0xF088 of length 84

--- OPTIMIZING...

---- Optimized 2 ADD/INSERT operations by merging...
---- Optimized 2 ADD/INSERT operations by merging...
---- Optimized 2 ADD/INSERT operations by merging...
---- Optimized 2 ADD/INSERT operations by merging...
---- Optimized 2 ADD/INSERT operations by merging...
---- Optimized 2 ADD/INSERT operations by merging...
---- Optimized 2 ADD/INSERT operations by merging...
---- Optimized 2 ADD/INSERT operations by merging...
---- Optimized 2 ADD/INSERT operations by merging...
---- Optimized 2 ADD/INSERT operations by merging...
---- Optimized 2 ADD/INSERT operations by merging...
---- Optimized 2 ADD/INSERT operations by merging...
---- Optimized 2 ADD/INSERT operations by merging...
---- Optimized 2 ADD/INSERT operations by merging...
---- Optimized 2 ADD/INSERT operations by merging...
---- Optimized 2 ADD/INSERT operations by merging...
---- Optimized 2 ADD/INSERT operations by merging...
---- Optimized 2 ADD/INSERT operations by merging...
---- Optimized 2 ADD/INSERT operations by merging...
---- Optimized 2 ADD/INSERT operations by merging...
---- Optimized 2 ADD/INSERT operations by merging...
---- Optimized 2 ADD/INSERT operations by merging...
---- Optimized 2 ADD/INSERT operations by merging...
---- Optimized 2 ADD/INSERT operations by merging...
---- Optimized 2 ADD/INSERT operations by merging...
---- Optimized 2 ADD/INSERT operations by merging...
---- Optimized 2 ADD/INSERT operations by merging...
---- Optimized 2 ADD/INSERT operations by merging...
---- Optimized 2 ADD/INSERT operations by merging...
---- Optimized 2 ADD/INSERT operations by merging...
---- Optimized 2 ADD/INSERT operations by merging...
---- Optimized 2 ADD/INSERT operations by merging...
---- Optimized 2 ADD/INSERT operations by merging...
---- Optimized 2 ADD/INSERT operations by merging...
---- Optimized 2 ADD/INSERT operations by merging...
---- Optimized 2 ADD/INSERT operations by merging...
---- Optimized 2 ADD/INSERT operations by merging...
---- Optimized 2 ADD/INSERT operations by merging...
---- Optimized 2 ADD/INSERT operations by merging...
---- Optimized 2 ADD/INSERT operations by merging...
---- Optimized 2 ADD/INSERT operations by merging...
---- Optimized 2 ADD/INSERT operations by merging...
---- Optimized 2 ADD/INSERT operations by merging...
---- Optimized 2 ADD/INSERT operations by merging...
-- Done...
------------------------------------------

-- Generating file 'data_basis\riotboot\samd21-xpro\deltagen_rev_05_rev_06\deltagen_rev_05_slot0_rev_06_slot1'...
--- Data succesfully generated
--- Generating checksum CRC-16
--- Generated CRC-16
--- Finalizing delta file
--- Writing file 'data_basis\riotboot\samd21-xpro\deltagen_rev_05_rev_06\deltagen_rev_05_slot0_rev_06_slot1'

-- OPERATION SUCCESFULL ...
Elapsed time: 00:00:02.2708988
------------------------------------------

